ModuleCmd_Switch.c(172):ERROR:152: Module 'PrgEnv-intel' is currently not loaded
**** cellSp[0] = 0.19635,  cellSp[1] = 0.19635, cellSp[2] = 0.0981748
**** dimensions = 32, 32, 64
**** cellSp[0] = 0.19635,  cellSp[1] = 0.19635, cellSp[2] = 0.0981748
**** dimensions = 32, 32, 64
**** cellSp[0] = 0.19635,  cellSp[1] = 0.19635, cellSp[2] = 0.0981748
**** dimensions = 32, 32, 64
**** cellSp[0] = 0.19635,  cellSp[1] = 0.19635, cellSp[2] = 0.0981748
**** dimensions = 32, 32, 64
**** cellSp[0] = 0.19635,  cellSp[1] = 0.19635, cellSp[2] = 0.0981748
**** dimensions = 32, 32, 64
**** cellSp[0] = 0.19635,  cellSp[1] = 0.19635, cellSp[2] = 0.0981748
**** dimensions = 32, 32, 64
**** cellSp[0] = 0.19635,  cellSp[1] = 0.19635, cellSp[2] = 0.0981748
**** dimensions = 32, 32, 64
**** cellSp[0] = 0.19635,  cellSp[1] = 0.19635, cellSp[2] = 0.0981748
**** dimensions = 32, 32, 64
**** cellSp[0] = 0.19635,  cellSp[1] = 0.19635, cellSp[2] = 0.0981748
**** dimensions = 32, 32, 64
**** cellSp[0] = 0.19635,  cellSp[1] = 0.19635, cellSp[2] = 0.0981748
**** dimensions = 32, 32, 64
**** cellSp[0] = 0.19635,  cellSp[1] = 0.19635, cellSp[2] = 0.0981748
**** dimensions = 32, 32, 64
**** cellSp[0] = 0.19635,  cellSp[1] = 0.19635, cellSp[2] = 0.0981748
**** dimensions = 32, 32, 64
**** cellSp[0] = 0.19635,  cellSp[1] = 0.19635, cellSp[2] = 0.0981748
**** dimensions = 32, 32, 64
**** cellSp[0] = 0.19635,  cellSp[1] = 0.19635, cellSp[2] = 0.0981748
**** dimensions = 32, 32, 64
** GKUnits ***********************************************************

==== Fundamental Units ===============================================
  NUMBER DENSITY    [1/m^3]: 1e+20
  TEMPERATURE           [eV]: 1000
  LENGTH                [m]: 1
  MASS                 [AMU]: 1
  MAGNETIC FIELD        [T]: 1
  CHARGE                [C]: 1.60218e-19
  BOLTZMANN CONSTANT  [J/K]: 1.38065e-23
  ELECTRIC CONSTANT   [F/m]: 8.85419e-12
  MAGNETIC CONSTANT   [H/m]: 1.25664e-06

==== Derived Units ===================================================

  THERMAL SPEED       [m/s]: 309497
  TRANSIT TIME          [s]: 3.23105e-06
  MAGNETIC MOMENT     [J/T]: 8.01088e-17
  DIST. FUNCTION [s/(Am^6)]: 1073.7
  POTENTIAL             [V]: 1000
  GYROFREQUENCY       [1/s]: 9.57883e+07
  GYRORADIUS            [m]: 0.00323105
  DEBYE LENGTH          [m]: 2.35082e-05

==== Dimensionless Parameters =========================================

  LARMOR NUMBER            : 0.00323105
  DEBYE NUMBER             : 2.35082e-05

***********************************************************************
Constructing slab geometry...
xmax = 0.04, ymax = 0.04, zmax = 40
Bz_inner = 3, Bz_outer = 3
By_inner  = 0
**** cellSp[0] = 0.19635,  cellSp[1] = 0.19635, cellSp[2] = 0.0981748
**** dimensions = 32, 32, 64
Done constructing slab geometry
   Configuration space box ((0,0,0) (7,7,15) (0,0,0)) is assigned to process 0
   Configuration space box ((8,0,0) (15,7,15) (0,0,0)) is assigned to process 1
   Configuration space box ((16,0,0) (23,7,15) (0,0,0)) is assigned to process 2
   Configuration space box ((24,0,0) (31,7,15) (0,0,0)) is assigned to process 3
   Configuration space box ((0,8,0) (7,15,15) (0,0,0)) is assigned to process 4
   Configuration space box ((8,8,0) (15,15,15) (0,0,0)) is assigned to process 5
   Configuration space box ((16,8,0) (23,15,15) (0,0,0)) is assigned to process 6
   Configuration space box ((24,8,0) (31,15,15) (0,0,0)) is assigned to process 7
   Configuration space box ((0,16,0) (7,23,15) (0,0,0)) is assigned to process 8
   Configuration space box ((8,16,0) (15,23,15) (0,0,0)) is assigned to process 9
   Configuration space box ((16,16,0) (23,23,15) (0,0,0)) is assigned to process 10
   Configuration space box ((24,16,0) (31,23,15) (0,0,0)) is assigned to process 11
   Configuration space box ((0,24,0) (7,31,15) (0,0,0)) is assigned to process 12
   Configuration space box ((8,24,0) (15,31,15) (0,0,0)) is assigned to process 13
   Configuration space box ((16,24,0) (23,31,15) (0,0,0)) is assigned to process 14
   Configuration space box ((24,24,0) (31,31,15) (0,0,0)) is assigned to process 15
   Configuration space box ((0,0,16) (7,7,31) (0,0,0)) is assigned to process 16
   Configuration space box ((8,0,16) (15,7,31) (0,0,0)) is assigned to process 17
   Configuration space box ((16,0,16) (23,7,31) (0,0,0)) is assigned to process 18
   Configuration space box ((24,0,16) (31,7,31) (0,0,0)) is assigned to process 19
   Configuration space box ((0,8,16) (7,15,31) (0,0,0)) is assigned to process 20
   Configuration space box ((8,8,16) (15,15,31) (0,0,0)) is assigned to process 21
   Configuration space box ((16,8,16) (23,15,31) (0,0,0)) is assigned to process 22
   Configuration space box ((24,8,16) (31,15,31) (0,0,0)) is assigned to process 23
   Configuration space box ((0,16,16) (7,23,31) (0,0,0)) is assigned to process 24
   Configuration space box ((8,16,16) (15,23,31) (0,0,0)) is assigned to process 25
   Configuration space box ((16,16,16) (23,23,31) (0,0,0)) is assigned to process 26
   Configuration space box ((24,16,16) (31,23,31) (0,0,0)) is assigned to process 27
   Configuration space box ((0,24,16) (7,31,31) (0,0,0)) is assigned to process 28
   Configuration space box ((8,24,16) (15,31,31) (0,0,0)) is assigned to process 29
   Configuration space box ((16,24,16) (23,31,31) (0,0,0)) is assigned to process 30
   Configuration space box ((24,24,16) (31,31,31) (0,0,0)) is assigned to process 31
   Configuration space box ((0,0,32) (7,7,47) (0,0,0)) is assigned to process 32
   Configuration space box ((8,0,32) (15,7,47) (0,0,0)) is assigned to process 33
   Configuration space box ((16,0,32) (23,7,47) (0,0,0)) is assigned to process 34
   Configuration space box ((24,0,32) (31,7,47) (0,0,0)) is assigned to process 35
   Configuration space box ((0,8,32) (7,15,47) (0,0,0)) is assigned to process 36
   Configuration space box ((8,8,32) (15,15,47) (0,0,0)) is assigned to process 37
   Configuration space box ((16,8,32) (23,15,47) (0,0,0)) is assigned to process 38
   Configuration space box ((24,8,32) (31,15,47) (0,0,0)) is assigned to process 39
   Configuration space box ((0,16,32) (7,23,47) (0,0,0)) is assigned to process 40
   Configuration space box ((8,16,32) (15,23,47) (0,0,0)) is assigned to process 41
   Configuration space box ((16,16,32) (23,23,47) (0,0,0)) is assigned to process 42
   Configuration space box ((24,16,32) (31,23,47) (0,0,0)) is assigned to process 43
   Configuration space box ((0,24,32) (7,31,47) (0,0,0)) is assigned to process 44
   Configuration space box ((8,24,32) (15,31,47) (0,0,0)) is assigned to process 45
   Configuration space box ((16,24,32) (23,31,47) (0,0,0)) is assigned to process 46
   Configuration space box ((24,24,32) (31,31,47) (0,0,0)) is assigned to process 47
   Configuration space box ((0,0,48) (7,7,63) (0,0,0)) is assigned to process 48
   Configuration space box ((8,0,48) (15,7,63) (0,0,0)) is assigned to process 49
   Configuration space box ((16,0,48) (23,7,63) (0,0,0)) is assigned to process 50
   Configuration space box ((24,0,48) (31,7,63) (0,0,0)) is assigned to process 51
   Configuration space box ((0,8,48) (7,15,63) (0,0,0)) is assigned to process 52
   Configuration space box ((8,8,48) (15,15,63) (0,0,0)) is assigned to process 53
   Configuration space box ((16,8,48) (23,15,63) (0,0,0)) is assigned to process 54
   Configuration space box ((24,8,48) (31,15,63) (0,0,0)) is assigned to process 55
   Configuration space box ((0,16,48) (7,23,63) (0,0,0)) is assigned to process 56
   Configuration space box ((8,16,48) (15,23,63) (0,0,0)) is assigned to process 57
   Configuration space box ((16,16,48) (23,23,63) (0,0,0)) is assigned to process 58
   Configuration space box ((24,16,48) (31,23,63) (0,0,0)) is assigned to process 59
   Configuration space box ((0,24,48) (7,31,63) (0,0,0)) is assigned to process 60
   Configuration space box ((8,24,48) (15,31,63) (0,0,0)) is assigned to process 61
   Configuration space box ((16,24,48) (23,31,63) (0,0,0)) is assigned to process 62
   Configuration space box ((24,24,48) (31,31,63) (0,0,0)) is assigned to process 63
Constructing magnetic geometry
**** cellSp[0] = 0.19635,  cellSp[1] = 0.19635, cellSp[2] = 0.0981748
**** dimensions = 32, 32, 64
**** cellSp[0] = 0.19635,  cellSp[1] = 0.19635, cellSp[2] = 0.0981748
**** dimensions = 32, 32, 64
**** cellSp[0] = 0.19635,  cellSp[1] = 0.19635, cellSp[2] = 0.0981748
**** dimensions = 32, 32, 64
**** cellSp[0] = 0.19635,  cellSp[1] = 0.19635, cellSp[2] = 0.0981748
**** dimensions = 32, 32, 64
**** cellSp[0] = 0.19635,  cellSp[1] = 0.19635, cellSp[2] = 0.0981748
**** dimensions = 32, 32, 64
**** cellSp[0] = 0.19635,  cellSp[1] = 0.19635, cellSp[2] = 0.0981748
**** dimensions = 32, 32, 64
**** cellSp[0] = 0.19635,  cellSp[1] = 0.19635, cellSp[2] = 0.0981748
**** dimensions = 32, 32, 64
**** cellSp[0] = 0.19635,  cellSp[1] = 0.19635, cellSp[2] = 0.0981748
**** dimensions = 32, 32, 64
**** cellSp[0] = 0.19635,  cellSp[1] = 0.19635, cellSp[2] = 0.0981748
**** dimensions = 32, 32, 64
**** cellSp[0] = 0.19635,  cellSp[1] = 0.19635, cellSp[2] = 0.0981748
**** dimensions = 32, 32, 64
**** cellSp[0] = 0.19635,  cellSp[1] = 0.19635, cellSp[2] = 0.0981748
**** dimensions = 32, 32, 64
**** cellSp[0] = 0.19635,  cellSp[1] = 0.19635, cellSp[2] = 0.0981748
**** dimensions = 32, 32, 64
**** cellSp[0] = 0.19635,  cellSp[1] = 0.19635, cellSp[2] = 0.0981748
**** dimensions = 32, 32, 64
**** cellSp[0] = 0.19635,  cellSp[1] = 0.19635, cellSp[2] = 0.0981748
**** dimensions = 32, 32, 64
**** cellSp[0] = 0.19635,  cellSp[1] = 0.19635, cellSp[2] = 0.0981748
**** dimensions = 32, 32, 64
**** cellSp[0] = 0.19635,  cellSp[1] = 0.19635, cellSp[2] = 0.0981748
**** dimensions = 32, 32, 64
**** cellSp[0] = 0.19635,  cellSp[1] = 0.19635, cellSp[2] = 0.0981748
**** dimensions = 32, 32, 64
**** cellSp[0] = 0.19635,  cellSp[1] = 0.19635, cellSp[2] = 0.0981748
**** dimensions = 32, 32, 64
**** cellSp[0] = 0.19635,  cellSp[1] = 0.19635, cellSp[2] = 0.0981748
**** dimensions = 32, 32, 64
**** cellSp[0] = 0.19635,  cellSp[1] = 0.19635, cellSp[2] = 0.0981748
**** dimensions = 32, 32, 64
**** cellSp[0] = 0.19635,  cellSp[1] = 0.19635, cellSp[2] = 0.0981748
**** dimensions = 32, 32, 64
**** cellSp[0] = 0.19635,  cellSp[1] = 0.19635, cellSp[2] = 0.0981748
**** dimensions = 32, 32, 64
**** cellSp[0] = 0.19635,  cellSp[1] = 0.19635, cellSp[2] = 0.0981748
**** dimensions = 32, 32, 64
**** cellSp[0] = 0.19635,  cellSp[1] = 0.19635, cellSp[2] = 0.0981748
**** dimensions = 32, 32, 64
**** cellSp[0] = 0.19635,  cellSp[1] = 0.19635, cellSp[2] = 0.0981748
**** dimensions = 32, 32, 64
**** cellSp[0] = 0.19635,  cellSp[1] = 0.19635, cellSp[2] = 0.0981748
**** dimensions = 32, 32, 64
**** cellSp[0] = 0.19635,  cellSp[1] = 0.19635, cellSp[2] = 0.0981748
**** dimensions = 32, 32, 64
**** cellSp[0] = 0.19635,  cellSp[1] = 0.19635, cellSp[2] = 0.0981748
**** dimensions = 32, 32, 64
**** cellSp[0] = 0.19635,  cellSp[1] = 0.19635, cellSp[2] = 0.0981748
**** dimensions = 32, 32, 64
**** cellSp[0] = 0.19635,  cellSp[1] = 0.19635, cellSp[2] = 0.0981748
**** dimensions = 32, 32, 64
**** cellSp[0] = 0.19635,  cellSp[1] = 0.19635, cellSp[2] = 0.0981748
**** dimensions = 32, 32, 64
**** cellSp[0] = 0.19635,  cellSp[1] = 0.19635, cellSp[2] = 0.0981748
**** dimensions = 32, 32, 64
**** cellSp[0] = 0.19635,  cellSp[1] = 0.19635, cellSp[2] = 0.0981748
**** dimensions = 32, 32, 64
**** cellSp[0] = 0.19635,  cellSp[1] = 0.19635, cellSp[2] = 0.0981748
**** dimensions = 32, 32, 64
**** cellSp[0] = 0.19635,  cellSp[1] = 0.19635, cellSp[2] = 0.0981748
**** dimensions = 32, 32, 64
**** cellSp[0] = 0.19635,  cellSp[1] = 0.19635, cellSp[2] = 0.0981748
**** dimensions = 32, 32, 64
**** cellSp[0] = 0.19635,  cellSp[1] = 0.19635, cellSp[2] = 0.0981748
**** dimensions = 32, 32, 64
**** cellSp[0] = 0.19635,  cellSp[1] = 0.19635, cellSp[2] = 0.0981748
**** dimensions = 32, 32, 64
**** cellSp[0] = 0.19635,  cellSp[1] = 0.19635, cellSp[2] = 0.0981748
**** dimensions = 32, 32, 64
**** cellSp[0] = 0.19635,  cellSp[1] = 0.19635, cellSp[2] = 0.0981748
**** dimensions = 32, 32, 64
**** cellSp[0] = 0.19635,  cellSp[1] = 0.19635, cellSp[2] = 0.0981748
**** dimensions = 32, 32, 64
**** cellSp[0] = 0.19635,  cellSp[1] = 0.19635, cellSp[2] = 0.0981748
**** dimensions = 32, 32, 64
**** cellSp[0] = 0.19635,  cellSp[1] = 0.19635, cellSp[2] = 0.0981748
**** dimensions = 32, 32, 64
**** cellSp[0] = 0.19635,  cellSp[1] = 0.19635, cellSp[2] = 0.0981748
**** dimensions = 32, 32, 64
**** cellSp[0] = 0.19635,  cellSp[1] = 0.19635, cellSp[2] = 0.0981748
**** dimensions = 32, 32, 64
**** cellSp[0] = 0.19635,  cellSp[1] = 0.19635, cellSp[2] = 0.0981748
**** dimensions = 32, 32, 64
**** cellSp[0] = 0.19635,  cellSp[1] = 0.19635, cellSp[2] = 0.0981748
**** dimensions = 32, 32, 64
**** cellSp[0] = 0.19635,  cellSp[1] = 0.19635, cellSp[2] = 0.0981748
**** dimensions = 32, 32, 64
**** cellSp[0] = 0.19635,  cellSp[1] = 0.19635, cellSp[2] = 0.0981748
**** dimensions = 32, 32, 64
**** cellSp[0] = 0.19635,  cellSp[1] = 0.19635, cellSp[2] = 0.0981748
**** dimensions = 32, 32, 64
**** cellSp[0] = 0.19635,  cellSp[1] = 0.19635, cellSp[2] = 0.0981748
**** dimensions = 32, 32, 64
**** cellSp[0] = 0.19635,  cellSp[1] = 0.19635, cellSp[2] = 0.0981748
**** dimensions = 32, 32, 64
**** cellSp[0] = 0.19635,  cellSp[1] = 0.19635, cellSp[2] = 0.0981748
**** dimensions = 32, 32, 64
**** cellSp[0] = 0.19635,  cellSp[1] = 0.19635, cellSp[2] = 0.0981748
**** dimensions = 32, 32, 64
**** cellSp[0] = 0.19635,  cellSp[1] = 0.19635, cellSp[2] = 0.0981748
**** dimensions = 32, 32, 64
**** cellSp[0] = 0.19635,  cellSp[1] = 0.19635, cellSp[2] = 0.0981748
**** dimensions = 32, 32, 64
**** cellSp[0] = 0.19635,  cellSp[1] = 0.19635, cellSp[2] = 0.0981748
**** dimensions = 32, 32, 64
**** cellSp[0] = 0.19635,  cellSp[1] = 0.19635, cellSp[2] = 0.0981748
**** dimensions = 32, 32, 64
**** cellSp[0] = 0.19635,  cellSp[1] = 0.19635, cellSp[2] = 0.0981748
**** dimensions = 32, 32, 64
**** cellSp[0] = 0.19635,  cellSp[1] = 0.19635, cellSp[2] = 0.0981748
**** dimensions = 32, 32, 64
**** cellSp[0] = 0.19635,  cellSp[1] = 0.19635, cellSp[2] = 0.0981748
**** dimensions = 32, 32, 64
**** cellSp[0] = 0.19635,  cellSp[1] = 0.19635, cellSp[2] = 0.0981748
**** dimensions = 32, 32, 64
**** cellSp[0] = 0.19635,  cellSp[1] = 0.19635, cellSp[2] = 0.0981748
**** dimensions = 32, 32, 64
**** cellSp[0] = 0.19635,  cellSp[1] = 0.19635, cellSp[2] = 0.0981748
**** dimensions = 32, 32, 64
**** cellSp[0] = 0.19635,  cellSp[1] = 0.19635, cellSp[2] = 0.0981748
**** dimensions = 32, 32, 64
**** cellSp[0] = 0.19635,  cellSp[1] = 0.19635, cellSp[2] = 0.0981748
**** dimensions = 32, 32, 64
**** cellSp[0] = 0.19635,  cellSp[1] = 0.19635, cellSp[2] = 0.0981748
**** dimensions = 32, 32, 64
**** cellSp[0] = 0.19635,  cellSp[1] = 0.19635, cellSp[2] = 0.0981748
**** dimensions = 32, 32, 64
**** cellSp[0] = 0.19635,  cellSp[1] = 0.19635, cellSp[2] = 0.0981748
**** dimensions = 32, 32, 64
**** cellSp[0] = 0.19635,  cellSp[1] = 0.19635, cellSp[2] = 0.0981748
**** dimensions = 32, 32, 64
**** cellSp[0] = 0.19635,  cellSp[1] = 0.19635, cellSp[2] = 0.0981748
**** dimensions = 32, 32, 64
**** cellSp[0] = 0.19635,  cellSp[1] = 0.19635, cellSp[2] = 0.0981748
**** dimensions = 32, 32, 64
**** cellSp[0] = 0.19635,  cellSp[1] = 0.19635, cellSp[2] = 0.0981748
**** dimensions = 32, 32, 64
**** cellSp[0] = 0.19635,  cellSp[1] = 0.19635, cellSp[2] = 0.0981748
**** dimensions = 32, 32, 64
**** cellSp[0] = 0.19635,  cellSp[1] = 0.19635, cellSp[2] = 0.0981748
**** dimensions = 32, 32, 64
**** cellSp[0] = 0.19635,  cellSp[1] = 0.19635, cellSp[2] = 0.0981748
**** dimensions = 32, 32, 64
**** cellSp[0] = 0.19635,  cellSp[1] = 0.19635, cellSp[2] = 0.0981748
**** dimensions = 32, 32, 64
**** cellSp[0] = 0.19635,  cellSp[1] = 0.19635, cellSp[2] = 0.0981748
**** dimensions = 32, 32, 64
**** cellSp[0] = 0.19635,  cellSp[1] = 0.19635, cellSp[2] = 0.0981748
**** dimensions = 32, 32, 64
**** cellSp[0] = 0.19635,  cellSp[1] = 0.19635, cellSp[2] = 0.0981748
**** dimensions = 32, 32, 64
**** cellSp[0] = 0.19635,  cellSp[1] = 0.19635, cellSp[2] = 0.0981748
**** dimensions = 32, 32, 64
**** cellSp[0] = 0.19635,  cellSp[1] = 0.19635, cellSp[2] = 0.0981748
**** dimensions = 32, 32, 64
**** cellSp[0] = 0.19635,  cellSp[1] = 0.19635, cellSp[2] = 0.0981748
**** dimensions = 32, 32, 64
**** cellSp[0] = 0.19635,  cellSp[1] = 0.19635, cellSp[2] = 0.0981748
**** dimensions = 32, 32, 64
**** cellSp[0] = 0.19635,  cellSp[1] = 0.19635, cellSp[2] = 0.0981748
**** dimensions = 32, 32, 64
**** cellSp[0] = 0.19635,  cellSp[1] = 0.19635, cellSp[2] = 0.0981748
**** dimensions = 32, 32, 64
**** cellSp[0] = 0.19635,  cellSp[1] = 0.19635, cellSp[2] = 0.0981748
**** dimensions = 32, 32, 64
**** cellSp[0] = 0.19635,  cellSp[1] = 0.19635, cellSp[2] = 0.0981748
**** dimensions = 32, 32, 64
**** cellSp[0] = 0.19635,  cellSp[1] = 0.19635, cellSp[2] = 0.0981748
**** dimensions = 32, 32, 64
**** cellSp[0] = 0.19635,  cellSp[1] = 0.19635, cellSp[2] = 0.0981748
**** dimensions = 32, 32, 64
**** cellSp[0] = 0.19635,  cellSp[1] = 0.19635, cellSp[2] = 0.0981748
**** dimensions = 32, 32, 64
**** cellSp[0] = 0.19635,  cellSp[1] = 0.19635, cellSp[2] = 0.0981748
**** dimensions = 32, 32, 64
**** cellSp[0] = 0.19635,  cellSp[1] = 0.19635, cellSp[2] = 0.0981748
**** dimensions = 32, 32, 64
**** cellSp[0] = 0.19635,  cellSp[1] = 0.19635, cellSp[2] = 0.0981748
**** dimensions = 32, 32, 64
**** cellSp[0] = 0.19635,  cellSp[1] = 0.19635, cellSp[2] = 0.0981748
**** dimensions = 32, 32, 64
**** cellSp[0] = 0.19635,  cellSp[1] = 0.19635, cellSp[2] = 0.0981748
**** dimensions = 32, 32, 64
**** cellSp[0] = 0.19635,  cellSp[1] = 0.19635, cellSp[2] = 0.0981748
**** dimensions = 32, 32, 64
**** cellSp[0] = 0.19635,  cellSp[1] = 0.19635, cellSp[2] = 0.0981748
**** dimensions = 32, 32, 64
**** cellSp[0] = 0.19635,  cellSp[1] = 0.19635, cellSp[2] = 0.0981748
**** dimensions = 32, 32, 64
**** cellSp[0] = 0.19635,  cellSp[1] = 0.19635, cellSp[2] = 0.0981748
**** dimensions = 32, 32, 64
**** cellSp[0] = 0.19635,  cellSp[1] = 0.19635, cellSp[2] = 0.0981748
**** dimensions = 32, 32, 64
**** cellSp[0] = 0.19635,  cellSp[1] = 0.19635, cellSp[2] = 0.0981748
**** dimensions = 32, 32, 64
**** cellSp[0] = 0.19635,  cellSp[1] = 0.19635, cellSp[2] = 0.0981748
**** dimensions = 32, 32, 64
**** cellSp[0] = 0.19635,  cellSp[1] = 0.19635, cellSp[2] = 0.0981748
**** dimensions = 32, 32, 64
**** cellSp[0] = 0.19635,  cellSp[1] = 0.19635, cellSp[2] = 0.0981748
**** dimensions = 32, 32, 64
**** cellSp[0] = 0.19635,  cellSp[1] = 0.19635, cellSp[2] = 0.0981748
**** dimensions = 32, 32, 64
**** cellSp[0] = 0.19635,  cellSp[1] = 0.19635, cellSp[2] = 0.0981748
**** dimensions = 32, 32, 64
**** cellSp[0] = 0.19635,  cellSp[1] = 0.19635, cellSp[2] = 0.0981748
**** dimensions = 32, 32, 64
**** cellSp[0] = 0.19635,  cellSp[1] = 0.19635, cellSp[2] = 0.0981748
**** dimensions = 32, 32, 64
**** cellSp[0] = 0.19635,  cellSp[1] = 0.19635, cellSp[2] = 0.0981748
**** dimensions = 32, 32, 64
**** cellSp[0] = 0.19635,  cellSp[1] = 0.19635, cellSp[2] = 0.0981748
**** dimensions = 32, 32, 64
**** cellSp[0] = 0.19635,  cellSp[1] = 0.19635, cellSp[2] = 0.0981748
**** dimensions = 32, 32, 64
**** cellSp[0] = 0.19635,  cellSp[1] = 0.19635, cellSp[2] = 0.0981748
**** dimensions = 32, 32, 64
Done constructing magnetic geometry
   Phase space box ((16,8,16,0,0) (23,15,31,7,15) (0,0,0,0,0)) is assigned to process 45, has 131072 valid cells and 2228224 ghost cells
   Phase space box ((16,0,48,-8,0) (23,7,63,-1,15) (0,0,0,0,0)) is assigned to process 100, has 131072 valid cells and 2228224 ghost cells
   Velocity space box ((-8,0) (-1,7) (0,0)) is assigned to process 0
   Velocity space box ((0,0) (7,7) (0,0)) is assigned to process 1
   Velocity space box ((-8,8) (-1,15) (0,0)) is assigned to process 2
   Velocity space box ((0,8) (7,15) (0,0)) is assigned to process 3
   Phase space box ((0,0,32,0,0) (7,7,47,7,15) (0,0,0,0,0)) is assigned to process 65, has 131072 valid cells and 2228224 ghost cells
   Phase space box ((24,16,16,-8,0) (31,23,31,-1,15) (0,0,0,0,0)) is assigned to process 54, has 131072 valid cells and 2228224 ghost cells
   Phase space box ((8,8,48,0,0) (15,15,63,7,15) (0,0,0,0,0)) is assigned to process 107, has 131072 valid cells and 2228224 ghost cells
   Phase space box ((8,0,0,-8,0) (15,7,15,-1,15) (0,0,0,0,0)) is assigned to process 2, has 131072 valid cells and 2228224 ghost cells
   Phase space box ((8,8,32,-8,0) (15,15,47,-1,15) (0,0,0,0,0)) is assigned to process 74, has 131072 valid cells and 2228224 ghost cells
   Phase space box ((24,16,16,0,0) (31,23,31,7,15) (0,0,0,0,0)) is assigned to process 55, has 131072 valid cells and 2228224 ghost cells
   Phase space box ((16,8,48,-8,0) (23,15,63,-1,15) (0,0,0,0,0)) is assigned to process 108, has 131072 valid cells and 2228224 ghost cells
   Phase space box ((16,0,0,0,0) (23,7,15,7,15) (0,0,0,0,0)) is assigned to process 5, has 131072 valid cells and 2228224 ghost cells
   Phase space box ((8,8,32,0,0) (15,15,47,7,15) (0,0,0,0,0)) is assigned to process 75, has 131072 valid cells and 2228224 ghost cells
   Phase space box ((0,24,16,-8,0) (7,31,31,-1,15) (0,0,0,0,0)) is assigned to process 56, has 131072 valid cells and 2228224 ghost cells
   Phase space box ((24,8,48,-8,0) (31,15,63,-1,15) (0,0,0,0,0)) is assigned to process 110, has 131072 valid cells and 2228224 ghost cells
   Phase space box ((24,0,0,-8,0) (31,7,15,-1,15) (0,0,0,0,0)) is assigned to process 6, has 131072 valid cells and 2228224 ghost cells
   Phase space box ((8,16,32,-8,0) (15,23,47,-1,15) (0,0,0,0,0)) is assigned to process 82, has 131072 valid cells and 2228224 ghost cells
   Phase space box ((0,24,16,0,0) (7,31,31,7,15) (0,0,0,0,0)) is assigned to process 57, has 131072 valid cells and 2228224 ghost cells
   Phase space box ((8,16,48,-8,0) (15,23,63,-1,15) (0,0,0,0,0)) is assigned to process 114, has 131072 valid cells and 2228224 ghost cells
   Phase space box ((0,8,0,-8,0) (7,15,15,-1,15) (0,0,0,0,0)) is assigned to process 8, has 131072 valid cells and 2228224 ghost cells
   Phase space box ((16,16,32,-8,0) (23,23,47,-1,15) (0,0,0,0,0)) is assigned to process 84, has 131072 valid cells and 2228224 ghost cells
   Phase space box ((8,24,16,-8,0) (15,31,31,-1,15) (0,0,0,0,0)) is assigned to process 58, has 131072 valid cells and 2228224 ghost cells
   Phase space box ((16,16,48,0,0) (23,23,63,7,15) (0,0,0,0,0)) is assigned to process 117, has 131072 valid cells and 2228224 ghost cells
   Phase space box ((8,8,0,-8,0) (15,15,15,-1,15) (0,0,0,0,0)) is assigned to process 10, has 131072 valid cells and 2228224 ghost cells
   Phase space box ((0,24,32,-8,0) (7,31,47,-1,15) (0,0,0,0,0)) is assigned to process 88, has 131072 valid cells and 2228224 ghost cells
   Phase space box ((0,0,16,-8,0) (7,7,31,-1,15) (0,0,0,0,0)) is assigned to process 32, has 131072 valid cells and 2228224 ghost cells
   Phase space box ((24,16,48,0,0) (31,23,63,7,15) (0,0,0,0,0)) is assigned to process 119, has 131072 valid cells and 2228224 ghost cells
   Phase space box ((16,8,0,0,0) (23,15,15,7,15) (0,0,0,0,0)) is assigned to process 13, has 131072 valid cells and 2228224 ghost cells
   Phase space box ((24,24,32,0,0) (31,31,47,7,15) (0,0,0,0,0)) is assigned to process 95, has 131072 valid cells and 2228224 ghost cells
   Phase space box ((0,0,16,0,0) (7,7,31,7,15) (0,0,0,0,0)) is assigned to process 33, has 131072 valid cells and 2228224 ghost cells
   Phase space box ((0,24,48,0,0) (7,31,63,7,15) (0,0,0,0,0)) is assigned to process 121, has 131072 valid cells and 2228224 ghost cells
   Phase space box ((24,8,0,-8,0) (31,15,15,-1,15) (0,0,0,0,0)) is assigned to process 14, has 131072 valid cells and 2228224 ghost cells
   Phase space box ((0,0,32,-8,0) (7,7,47,-1,15) (0,0,0,0,0)) is assigned to process 64, has 131072 valid cells and 2228224 ghost cells
   Phase space box ((8,0,16,-8,0) (15,7,31,-1,15) (0,0,0,0,0)) is assigned to process 34, has 131072 valid cells and 2228224 ghost cells
   Phase space box ((8,24,48,0,0) (15,31,63,7,15) (0,0,0,0,0)) is assigned to process 123, has 131072 valid cells and 2228224 ghost cells
   Phase space box ((24,8,0,0,0) (31,15,15,7,15) (0,0,0,0,0)) is assigned to process 15, has 131072 valid cells and 2228224 ghost cells
   Phase space box ((8,0,32,-8,0) (15,7,47,-1,15) (0,0,0,0,0)) is assigned to process 66, has 131072 valid cells and 2228224 ghost cells
   Phase space box ((8,0,16,0,0) (15,7,31,7,15) (0,0,0,0,0)) is assigned to process 35, has 131072 valid cells and 2228224 ghost cells
   Phase space box ((16,24,48,-8,0) (23,31,63,-1,15) (0,0,0,0,0)) is assigned to process 124, has 131072 valid cells and 2228224 ghost cells
   Phase space box ((8,16,0,-8,0) (15,23,15,-1,15) (0,0,0,0,0)) is assigned to process 18, has 131072 valid cells and 2228224 ghost cells
   Phase space box ((8,0,32,0,0) (15,7,47,7,15) (0,0,0,0,0)) is assigned to process 67, has 131072 valid cells and 2228224 ghost cells
   Phase space box ((16,0,16,-8,0) (23,7,31,-1,15) (0,0,0,0,0)) is assigned to process 36, has 131072 valid cells and 2228224 ghost cells
   Phase space box ((24,24,48,-8,0) (31,31,63,-1,15) (0,0,0,0,0)) is assigned to process 126, has 131072 valid cells and 2228224 ghost cells
   Phase space box ((16,16,0,-8,0) (23,23,15,-1,15) (0,0,0,0,0)) is assigned to process 20, has 131072 valid cells and 2228224 ghost cells
   Phase space box ((16,0,32,-8,0) (23,7,47,-1,15) (0,0,0,0,0)) is assigned to process 68, has 131072 valid cells and 2228224 ghost cells
   Phase space box ((16,0,16,0,0) (23,7,31,7,15) (0,0,0,0,0)) is assigned to process 37, has 131072 valid cells and 2228224 ghost cells
   Phase space box ((0,0,48,-8,0) (7,7,63,-1,15) (0,0,0,0,0)) is assigned to process 96, has 131072 valid cells and 2228224 ghost cells
   Phase space box ((24,16,0,-8,0) (31,23,15,-1,15) (0,0,0,0,0)) is assigned to process 22, has 131072 valid cells and 2228224 ghost cells
   Phase space box ((16,0,32,0,0) (23,7,47,7,15) (0,0,0,0,0)) is assigned to process 69, has 131072 valid cells and 2228224 ghost cells
   Phase space box ((24,0,16,0,0) (31,7,31,7,15) (0,0,0,0,0)) is assigned to process 39, has 131072 valid cells and 2228224 ghost cells
   Phase space box ((0,0,48,0,0) (7,7,63,7,15) (0,0,0,0,0)) is assigned to process 97, has 131072 valid cells and 2228224 ghost cells
   Phase space box ((0,24,0,-8,0) (7,31,15,-1,15) (0,0,0,0,0)) is assigned to process 24, has 131072 valid cells and 2228224 ghost cells
   Phase space box ((24,0,32,-8,0) (31,7,47,-1,15) (0,0,0,0,0)) is assigned to process 70, has 131072 valid cells and 2228224 ghost cells
   Phase space box ((0,8,16,-8,0) (7,15,31,-1,15) (0,0,0,0,0)) is assigned to process 40, has 131072 valid cells and 2228224 ghost cells
   Phase space box ((8,0,48,-8,0) (15,7,63,-1,15) (0,0,0,0,0)) is assigned to process 98, has 131072 valid cells and 2228224 ghost cells
   Phase space box ((8,24,0,-8,0) (15,31,15,-1,15) (0,0,0,0,0)) is assigned to process 26, has 131072 valid cells and 2228224 ghost cells
   Phase space box ((24,0,32,0,0) (31,7,47,7,15) (0,0,0,0,0)) is assigned to process 71, has 131072 valid cells and 2228224 ghost cells
   Phase space box ((0,8,16,0,0) (7,15,31,7,15) (0,0,0,0,0)) is assigned to process 41, has 131072 valid cells and 2228224 ghost cells
   Phase space box ((8,0,48,0,0) (15,7,63,7,15) (0,0,0,0,0)) is assigned to process 99, has 131072 valid cells and 2228224 ghost cells
   Phase space box ((16,24,0,-8,0) (23,31,15,-1,15) (0,0,0,0,0)) is assigned to process 28, has 131072 valid cells and 2228224 ghost cells
   Phase space box ((0,8,32,-8,0) (7,15,47,-1,15) (0,0,0,0,0)) is assigned to process 72, has 131072 valid cells and 2228224 ghost cells
   Phase space box ((8,8,16,-8,0) (15,15,31,-1,15) (0,0,0,0,0)) is assigned to process 42, has 131072 valid cells and 2228224 ghost cells
   Phase space box ((16,0,48,0,0) (23,7,63,7,15) (0,0,0,0,0)) is assigned to process 101, has 131072 valid cells and 2228224 ghost cells
   Phase space box ((16,24,0,0,0) (23,31,15,7,15) (0,0,0,0,0)) is assigned to process 29, has 131072 valid cells and 2228224 ghost cells
   Phase space box ((0,8,32,0,0) (7,15,47,7,15) (0,0,0,0,0)) is assigned to process 73, has 131072 valid cells and 2228224 ghost cells
   Phase space box ((8,8,16,0,0) (15,15,31,7,15) (0,0,0,0,0)) is assigned to process 43, has 131072 valid cells and 2228224 ghost cells
   Phase space box ((24,0,48,-8,0) (31,7,63,-1,15) (0,0,0,0,0)) is assigned to process 102, has 131072 valid cells and 2228224 ghost cells
   Phase space box ((24,24,0,0,0) (31,31,15,7,15) (0,0,0,0,0)) is assigned to process 31, has 131072 valid cells and 2228224 ghost cells
   Phase space box ((16,8,32,-8,0) (23,15,47,-1,15) (0,0,0,0,0)) is assigned to process 76, has 131072 valid cells and 2228224 ghost cells
   Phase space box ((16,8,16,-8,0) (23,15,31,-1,15) (0,0,0,0,0)) is assigned to process 44, has 131072 valid cells and 2228224 ghost cells
   Phase space box ((24,0,48,0,0) (31,7,63,7,15) (0,0,0,0,0)) is assigned to process 103, has 131072 valid cells and 2228224 ghost cells
   Phase space box ((0,0,0,-8,0) (7,7,15,-1,15) (0,0,0,0,0)) is assigned to process 0, has 131072 valid cells and 2228224 ghost cells
   Phase space box ((16,8,32,0,0) (23,15,47,7,15) (0,0,0,0,0)) is assigned to process 77, has 131072 valid cells and 2228224 ghost cells
   Phase space box ((24,8,16,-8,0) (31,15,31,-1,15) (0,0,0,0,0)) is assigned to process 46, has 131072 valid cells and 2228224 ghost cells
   Phase space box ((0,8,48,-8,0) (7,15,63,-1,15) (0,0,0,0,0)) is assigned to process 104, has 131072 valid cells and 2228224 ghost cells
   Phase space box ((0,0,0,0,0) (7,7,15,7,15) (0,0,0,0,0)) is assigned to process 1, has 131072 valid cells and 2228224 ghost cells
   Phase space box ((24,8,32,-8,0) (31,15,47,-1,15) (0,0,0,0,0)) is assigned to process 78, has 131072 valid cells and 2228224 ghost cells
   Phase space box ((24,8,16,0,0) (31,15,31,7,15) (0,0,0,0,0)) is assigned to process 47, has 131072 valid cells and 2228224 ghost cells
   Phase space box ((0,8,48,0,0) (7,15,63,7,15) (0,0,0,0,0)) is assigned to process 105, has 131072 valid cells and 2228224 ghost cells
   Phase space box ((8,0,0,0,0) (15,7,15,7,15) (0,0,0,0,0)) is assigned to process 3, has 131072 valid cells and 2228224 ghost cells
   Phase space box ((24,8,32,0,0) (31,15,47,7,15) (0,0,0,0,0)) is assigned to process 79, has 131072 valid cells and 2228224 ghost cells
   Phase space box ((0,16,16,-8,0) (7,23,31,-1,15) (0,0,0,0,0)) is assigned to process 48, has 131072 valid cells and 2228224 ghost cells
   Phase space box ((8,8,48,-8,0) (15,15,63,-1,15) (0,0,0,0,0)) is assigned to process 106, has 131072 valid cells and 2228224 ghost cells
   Phase space box ((16,0,0,-8,0) (23,7,15,-1,15) (0,0,0,0,0)) is assigned to process 4, has 131072 valid cells and 2228224 ghost cells
   Phase space box ((0,16,32,-8,0) (7,23,47,-1,15) (0,0,0,0,0)) is assigned to process 80, has 131072 valid cells and 2228224 ghost cells
   Phase space box ((0,16,16,0,0) (7,23,31,7,15) (0,0,0,0,0)) is assigned to process 49, has 131072 valid cells and 2228224 ghost cells
   Phase space box ((24,8,48,0,0) (31,15,63,7,15) (0,0,0,0,0)) is assigned to process 111, has 131072 valid cells and 2228224 ghost cells
   Phase space box ((24,0,0,0,0) (31,7,15,7,15) (0,0,0,0,0)) is assigned to process 7, has 131072 valid cells and 2228224 ghost cells
   Phase space box ((0,16,32,0,0) (7,23,47,7,15) (0,0,0,0,0)) is assigned to process 81, has 131072 valid cells and 2228224 ghost cells
   Phase space box ((8,16,16,-8,0) (15,23,31,-1,15) (0,0,0,0,0)) is assigned to process 50, has 131072 valid cells and 2228224 ghost cells
   Phase space box ((0,16,48,-8,0) (7,23,63,-1,15) (0,0,0,0,0)) is assigned to process 112, has 131072 valid cells and 2228224 ghost cells
   Phase space box ((8,8,0,0,0) (15,15,15,7,15) (0,0,0,0,0)) is assigned to process 11, has 131072 valid cells and 2228224 ghost cells
   Phase space box ((8,16,32,0,0) (15,23,47,7,15) (0,0,0,0,0)) is assigned to process 83, has 131072 valid cells and 2228224 ghost cells
   Phase space box ((8,16,16,0,0) (15,23,31,7,15) (0,0,0,0,0)) is assigned to process 51, has 131072 valid cells and 2228224 ghost cells
   Phase space box ((0,16,48,0,0) (7,23,63,7,15) (0,0,0,0,0)) is assigned to process 113, has 131072 valid cells and 2228224 ghost cells
   Phase space box ((16,8,0,-8,0) (23,15,15,-1,15) (0,0,0,0,0)) is assigned to process 12, has 131072 valid cells and 2228224 ghost cells
   Phase space box ((16,16,32,0,0) (23,23,47,7,15) (0,0,0,0,0)) is assigned to process 85, has 131072 valid cells and 2228224 ghost cells
   Phase space box ((16,16,16,-8,0) (23,23,31,-1,15) (0,0,0,0,0)) is assigned to process 52, has 131072 valid cells and 2228224 ghost cells
   Phase space box ((8,16,48,0,0) (15,23,63,7,15) (0,0,0,0,0)) is assigned to process 115, has 131072 valid cells and 2228224 ghost cells
   Phase space box ((0,16,0,-8,0) (7,23,15,-1,15) (0,0,0,0,0)) is assigned to process 16, has 131072 valid cells and 2228224 ghost cells
   Phase space box ((24,16,32,-8,0) (31,23,47,-1,15) (0,0,0,0,0)) is assigned to process 86, has 131072 valid cells and 2228224 ghost cells
   Phase space box ((16,16,16,0,0) (23,23,31,7,15) (0,0,0,0,0)) is assigned to process 53, has 131072 valid cells and 2228224 ghost cells
   Phase space box ((16,16,48,-8,0) (23,23,63,-1,15) (0,0,0,0,0)) is assigned to process 116, has 131072 valid cells and 2228224 ghost cells
   Phase space box ((0,16,0,0,0) (7,23,15,7,15) (0,0,0,0,0)) is assigned to process 17, has 131072 valid cells and 2228224 ghost cells
   Phase space box ((24,16,32,0,0) (31,23,47,7,15) (0,0,0,0,0)) is assigned to process 87, has 131072 valid cells and 2228224 ghost cells
   Phase space box ((8,24,16,0,0) (15,31,31,7,15) (0,0,0,0,0)) is assigned to process 59, has 131072 valid cells and 2228224 ghost cells
   Phase space box ((24,16,48,-8,0) (31,23,63,-1,15) (0,0,0,0,0)) is assigned to process 118, has 131072 valid cells and 2228224 ghost cells
   Phase space box ((8,16,0,0,0) (15,23,15,7,15) (0,0,0,0,0)) is assigned to process 19, has 131072 valid cells and 2228224 ghost cells
   Phase space box ((8,24,32,-8,0) (15,31,47,-1,15) (0,0,0,0,0)) is assigned to process 90, has 131072 valid cells and 2228224 ghost cells
   Phase space box ((16,24,16,-8,0) (23,31,31,-1,15) (0,0,0,0,0)) is assigned to process 60, has 131072 valid cells and 2228224 ghost cells
   Phase space box ((0,24,48,-8,0) (7,31,63,-1,15) (0,0,0,0,0)) is assigned to process 120, has 131072 valid cells and 2228224 ghost cells
   Phase space box ((16,16,0,0,0) (23,23,15,7,15) (0,0,0,0,0)) is assigned to process 21, has 131072 valid cells and 2228224 ghost cells
   Phase space box ((8,24,32,0,0) (15,31,47,7,15) (0,0,0,0,0)) is assigned to process 91, has 131072 valid cells and 2228224 ghost cells
   Phase space box ((16,24,16,0,0) (23,31,31,7,15) (0,0,0,0,0)) is assigned to process 61, has 131072 valid cells and 2228224 ghost cells
   Phase space box ((8,24,48,-8,0) (15,31,63,-1,15) (0,0,0,0,0)) is assigned to process 122, has 131072 valid cells and 2228224 ghost cells
   Phase space box ((24,16,0,0,0) (31,23,15,7,15) (0,0,0,0,0)) is assigned to process 23, has 131072 valid cells and 2228224 ghost cells
   Phase space box ((16,24,32,-8,0) (23,31,47,-1,15) (0,0,0,0,0)) is assigned to process 92, has 131072 valid cells and 2228224 ghost cells
   Phase space box ((24,24,16,-8,0) (31,31,31,-1,15) (0,0,0,0,0)) is assigned to process 62, has 131072 valid cells and 2228224 ghost cells
   Phase space box ((16,24,48,0,0) (23,31,63,7,15) (0,0,0,0,0)) is assigned to process 125, has 131072 valid cells and 2228224 ghost cells
   Phase space box ((0,24,0,0,0) (7,31,15,7,15) (0,0,0,0,0)) is assigned to process 25, has 131072 valid cells and 2228224 ghost cells
   Phase space box ((16,24,32,0,0) (23,31,47,7,15) (0,0,0,0,0)) is assigned to process 93, has 131072 valid cells and 2228224 ghost cells
   Phase space box ((24,24,16,0,0) (31,31,31,7,15) (0,0,0,0,0)) is assigned to process 63, has 131072 valid cells and 2228224 ghost cells
   Phase space box ((24,24,48,0,0) (31,31,63,7,15) (0,0,0,0,0)) is assigned to process 127, has 131072 valid cells and 2228224 ghost cells
   Phase space box ((8,24,0,0,0) (15,31,15,7,15) (0,0,0,0,0)) is assigned to process 27, has 131072 valid cells and 2228224 ghost cells
   Phase space box ((24,24,32,-8,0) (31,31,47,-1,15) (0,0,0,0,0)) is assigned to process 94, has 131072 valid cells and 2228224 ghost cells
   Phase space box ((24,0,16,-8,0) (31,7,31,-1,15) (0,0,0,0,0)) is assigned to process 38, has 131072 valid cells and 2228224 ghost cells
   Phase space box ((16,8,48,0,0) (23,15,63,7,15) (0,0,0,0,0)) is assigned to process 109, has 131072 valid cells and 2228224 ghost cells
   Phase space box ((24,24,0,-8,0) (31,31,15,-1,15) (0,0,0,0,0)) is assigned to process 30, has 131072 valid cells and 2228224 ghost cells
   Phase space box ((0,24,32,0,0) (7,31,47,7,15) (0,0,0,0,0)) is assigned to process 89, has 131072 valid cells and 2228224 ghost cells
   Phase space box ((0,8,0,0,0) (7,15,15,7,15) (0,0,0,0,0)) is assigned to process 9, has 131072 valid cells and 2228224 ghost cells
Adding species and constructing gyrocenter coordinates...
   hydrogen: kinetic species with mass = 2, charge = 1
   electron: kinetic species with mass = 2, charge = -1
Done adding species and constructing coordinates
Adding fluid species...
Done adding congiration space variables
Adding configuration space field variables...
Done adding congiration space variables

SlabPotentialBC ================================
- variable: potential-------------
  radial_lower: 
     bc_type  = 0
     bc_value = 0
  radial_upper: 
     bc_type  = 0
     bc_value = 0
  poloidal_lower: 
     bc_type  = 0
     bc_value = 0
  poloidal_upper: 
     bc_type  = 0
     bc_value = 0
  toroidal_lower: 
     bc_type  = 0
     bc_value = 0
  toroidal_upper: 
     bc_type  = 0
     bc_value = 0
-----------------------------------------------
===============================================

Grid Function Library =========================

"Ion_vpar_grid_func":
Constant grid function parameters:
  value: 0

"N0_grid_func":
Arbitrary grid function parameters:
  function: ( 1.00-0.01*cos(x)  )
  coordinate type: mapped

"T0_grid_func":
Arbitrary grid function parameters:
  function: 1.0
  coordinate type: mapped

"eN0_grid_func":
Arbitrary grid function parameters:
  function: ( ( 1.00-0.01*cos(x) )*(1.0+0.000001*sin(y)*sin(x)*sin(z) )  )
  coordinate type: mapped

"eT0_grid_func":
Arbitrary grid function parameters:
  function: 1.0
  coordinate type: mapped

"ele_vpar_grid_func":
Constant grid function parameters:
  value: 0

"potential_grid_func":
Arbitrary grid function parameters:
  function: 0.0000001
  coordinate type: mapped

===============================================

Kinetic Function Library =========================

"maxwellian_electron_phase_func":
Maxwellian kinetic function parameters:
-- Density --
Arbitrary grid function parameters:
  function: ( ( 1.00-0.01*cos(x) )*(1.0+0.000001*sin(y)*sin(x)*sin(z) )  )
  coordinate type: mapped

-- Temperature --
Arbitrary grid function parameters:
  function: 1.0
  coordinate type: mapped

-- Vparallel --
Constant grid function parameters:
  value: 0


"maxwellian_phase_func":
Maxwellian kinetic function parameters:
-- Density --
Arbitrary grid function parameters:
  function: ( 1.00-0.01*cos(x)  )
  coordinate type: mapped

-- Temperature --
Arbitrary grid function parameters:
  function: 1.0
  coordinate type: mapped

-- Vparallel --
Constant grid function parameters:
  value: 0


==================================================

SlabPhaseBC ================================
- variable: hydrogen-------------
  radial_lower: 
Maxwellian kinetic function parameters:
-- Density --
Arbitrary grid function parameters:
  function: ( 1.00-0.01*cos(x)  )
  coordinate type: mapped

-- Temperature --
Arbitrary grid function parameters:
  function: 1.0
  coordinate type: mapped

-- Vparallel --
Constant grid function parameters:
  value: 0


  radial_upper: 
Maxwellian kinetic function parameters:
-- Density --
Arbitrary grid function parameters:
  function: ( 1.00-0.01*cos(x)  )
  coordinate type: mapped

-- Temperature --
Arbitrary grid function parameters:
  function: 1.0
  coordinate type: mapped

-- Vparallel --
Constant grid function parameters:
  value: 0


  poloidal_lower: 
Maxwellian kinetic function parameters:
-- Density --
Arbitrary grid function parameters:
  function: ( 1.00-0.01*cos(x)  )
  coordinate type: mapped

-- Temperature --
Arbitrary grid function parameters:
  function: 1.0
  coordinate type: mapped

-- Vparallel --
Constant grid function parameters:
  value: 0


  poloidal_upper: 
Maxwellian kinetic function parameters:
-- Density --
Arbitrary grid function parameters:
  function: ( 1.00-0.01*cos(x)  )
  coordinate type: mapped

-- Temperature --
Arbitrary grid function parameters:
  function: 1.0
  coordinate type: mapped

-- Vparallel --
Constant grid function parameters:
  value: 0


  toroidal_lower: 
Maxwellian kinetic function parameters:
-- Density --
Arbitrary grid function parameters:
  function: ( 1.00-0.01*cos(x)  )
  coordinate type: mapped

-- Temperature --
Arbitrary grid function parameters:
  function: 1.0
  coordinate type: mapped

-- Vparallel --
Constant grid function parameters:
  value: 0


  toroidal_upper: 
Maxwellian kinetic function parameters:
-- Density --
Arbitrary grid function parameters:
  function: ( 1.00-0.01*cos(x)  )
  coordinate type: mapped

-- Temperature --
Arbitrary grid function parameters:
  function: 1.0
  coordinate type: mapped

-- Vparallel --
Constant grid function parameters:
  value: 0


  vpar_lower: 
Maxwellian kinetic function parameters:
-- Density --
Arbitrary grid function parameters:
  function: ( 1.00-0.01*cos(x)  )
  coordinate type: mapped

-- Temperature --
Arbitrary grid function parameters:
  function: 1.0
  coordinate type: mapped

-- Vparallel --
Constant grid function parameters:
  value: 0


  vpar_upper: 
Maxwellian kinetic function parameters:
-- Density --
Arbitrary grid function parameters:
  function: ( 1.00-0.01*cos(x)  )
  coordinate type: mapped

-- Temperature --
Arbitrary grid function parameters:
  function: 1.0
  coordinate type: mapped

-- Vparallel --
Constant grid function parameters:
  value: 0


  mu_lower: 
Maxwellian kinetic function parameters:
-- Density --
Arbitrary grid function parameters:
  function: ( 1.00-0.01*cos(x)  )
  coordinate type: mapped

-- Temperature --
Arbitrary grid function parameters:
  function: 1.0
  coordinate type: mapped

-- Vparallel --
Constant grid function parameters:
  value: 0


  mu_upper: 
Maxwellian kinetic function parameters:
-- Density --
Arbitrary grid function parameters:
  function: ( 1.00-0.01*cos(x)  )
  coordinate type: mapped

-- Temperature --
Arbitrary grid function parameters:
  function: 1.0
  coordinate type: mapped

-- Vparallel --
Constant grid function parameters:
  value: 0


-----------------------------------------------
===============================================

SlabPhaseBC ================================
- variable: electron-------------
  radial_lower: 
Maxwellian kinetic function parameters:
-- Density --
Arbitrary grid function parameters:
  function: ( ( 1.00-0.01*cos(x) )*(1.0+0.000001*sin(y)*sin(x)*sin(z) )  )
  coordinate type: mapped

-- Temperature --
Arbitrary grid function parameters:
  function: 1.0
  coordinate type: mapped

-- Vparallel --
Constant grid function parameters:
  value: 0


  radial_upper: 
Maxwellian kinetic function parameters:
-- Density --
Arbitrary grid function parameters:
  function: ( ( 1.00-0.01*cos(x) )*(1.0+0.000001*sin(y)*sin(x)*sin(z) )  )
  coordinate type: mapped

-- Temperature --
Arbitrary grid function parameters:
  function: 1.0
  coordinate type: mapped

-- Vparallel --
Constant grid function parameters:
  value: 0


  poloidal_lower: 
Maxwellian kinetic function parameters:
-- Density --
Arbitrary grid function parameters:
  function: ( ( 1.00-0.01*cos(x) )*(1.0+0.000001*sin(y)*sin(x)*sin(z) )  )
  coordinate type: mapped

-- Temperature --
Arbitrary grid function parameters:
  function: 1.0
  coordinate type: mapped

-- Vparallel --
Constant grid function parameters:
  value: 0


  poloidal_upper: 
Maxwellian kinetic function parameters:
-- Density --
Arbitrary grid function parameters:
  function: ( ( 1.00-0.01*cos(x) )*(1.0+0.000001*sin(y)*sin(x)*sin(z) )  )
  coordinate type: mapped

-- Temperature --
Arbitrary grid function parameters:
  function: 1.0
  coordinate type: mapped

-- Vparallel --
Constant grid function parameters:
  value: 0


  toroidal_lower: 
Maxwellian kinetic function parameters:
-- Density --
Arbitrary grid function parameters:
  function: ( ( 1.00-0.01*cos(x) )*(1.0+0.000001*sin(y)*sin(x)*sin(z) )  )
  coordinate type: mapped

-- Temperature --
Arbitrary grid function parameters:
  function: 1.0
  coordinate type: mapped

-- Vparallel --
Constant grid function parameters:
  value: 0


  toroidal_upper: 
Maxwellian kinetic function parameters:
-- Density --
Arbitrary grid function parameters:
  function: ( ( 1.00-0.01*cos(x) )*(1.0+0.000001*sin(y)*sin(x)*sin(z) )  )
  coordinate type: mapped

-- Temperature --
Arbitrary grid function parameters:
  function: 1.0
  coordinate type: mapped

-- Vparallel --
Constant grid function parameters:
  value: 0


  vpar_lower: 
Maxwellian kinetic function parameters:
-- Density --
Arbitrary grid function parameters:
  function: ( ( 1.00-0.01*cos(x) )*(1.0+0.000001*sin(y)*sin(x)*sin(z) )  )
  coordinate type: mapped

-- Temperature --
Arbitrary grid function parameters:
  function: 1.0
  coordinate type: mapped

-- Vparallel --
Constant grid function parameters:
  value: 0


  vpar_upper: 
Maxwellian kinetic function parameters:
-- Density --
Arbitrary grid function parameters:
  function: ( ( 1.00-0.01*cos(x) )*(1.0+0.000001*sin(y)*sin(x)*sin(z) )  )
  coordinate type: mapped

-- Temperature --
Arbitrary grid function parameters:
  function: 1.0
  coordinate type: mapped

-- Vparallel --
Constant grid function parameters:
  value: 0


  mu_lower: 
Maxwellian kinetic function parameters:
-- Density --
Arbitrary grid function parameters:
  function: ( ( 1.00-0.01*cos(x) )*(1.0+0.000001*sin(y)*sin(x)*sin(z) )  )
  coordinate type: mapped

-- Temperature --
Arbitrary grid function parameters:
  function: 1.0
  coordinate type: mapped

-- Vparallel --
Constant grid function parameters:
  value: 0


  mu_upper: 
Maxwellian kinetic function parameters:
-- Density --
Arbitrary grid function parameters:
  function: ( ( 1.00-0.01*cos(x) )*(1.0+0.000001*sin(y)*sin(x)*sin(z) )  )
  coordinate type: mapped

-- Temperature --
Arbitrary grid function parameters:
  function: 1.0
  coordinate type: mapped

-- Vparallel --
Constant grid function parameters:
  value: 0


-----------------------------------------------
===============================================
No collision model specified for hydrogen.
Collision model for 0	hydrogen:	None
No collision model specified for electron.
Collision model for 1	electron:	None
Time integration method: rk (4)
      BiCGStab converged successfully
  Distribution Function Extrema:
    Species 0:	0.000371401 [max]	4.88604e-09 [min]
    Species 1:	0.000371401 [max]	4.88604e-09 [min]


Step 1
      BiCGStab converged successfully
  --
  Warning: fixed time step may be higher than the stable time step.
  Stable time step = 7.45605e-06.
  You may reduce the specified dt or enable subiteration by setting
  simulation.fixed_dt_subiteration = true (default:false).
  --
      BiCGStab converged successfully
      BiCGStab converged successfully
      BiCGStab converged successfully
      BiCGStab converged successfully
  ----
  dt: 0.005
    Vlasov    : 9.55265e-06 (time scale), 523.415 (CFL)
    Collisions: 1.79769e+308 (time scale), 0 (CFL)
  ----
  Distribution Function Extrema:
    Species 0:	0.000371401 [max]	4.88603e-09 [min]
    Species 1:	0.000371401 [max]	4.88603e-09 [min]

Step 1 completed, simulation time is 0.005
----

Step 2
      BiCGStab converged successfully
  --
  Warning: fixed time step may be higher than the stable time step.
  Stable time step = 7.45605e-06.
  You may reduce the specified dt or enable subiteration by setting
  simulation.fixed_dt_subiteration = true (default:false).
  --
      BiCGStab converged successfully
      BiCGStab converged successfully
      BiCGStab converged successfully
      BiCGStab converged successfully
  ----
  dt: 0.005
    Vlasov    : 9.55265e-06 (time scale), 523.415 (CFL)
    Collisions: 1.79769e+308 (time scale), 0 (CFL)
  ----
  Distribution Function Extrema:
    Species 0:	2.01842 [max]	-3.95802 [min]
    Species 1:	2.01844 [max]	-3.95804 [min]

Step 2 completed, simulation time is 0.01
----

Step 3
      BiCGStab converged successfully
  --
  Warning: fixed time step may be higher than the stable time step.
  Stable time step = 3.93809e-06.
  You may reduce the specified dt or enable subiteration by setting
  simulation.fixed_dt_subiteration = true (default:false).
  --
      BiCGStab converged successfully
      BiCGStab solver returned 3
      BiCGStab solver returned 3
      BiCGStab solver returned 3
  ----
  dt: 0.005
    Vlasov    : 5.04546e-06 (time scale), 990.99 (CFL)
    Collisions: 1.79769e+308 (time scale), 0 (CFL)
  ----
  Distribution Function Extrema:
    Species 0:	1.22336e+53 [max]	-1.31607e+53 [min]
    Species 1:	1.22334e+53 [max]	-1.31605e+53 [min]

Step 3 completed, simulation time is 0.015
----

Step 4
      BiCGStab solver returned 3
../src/driver/Simulation.cpp:481: Assertion `dt_stable > 1.0e-16' failed. !!!
../src/driver/Simulation.cpp:481: Assertion `dt_stable > 1.0e-16' failed. !!!
../src/driver/Simulation.cpp:481: Assertion `dt_stable > 1.0e-16' failed. !!!
Rank 126 [Wed Jun  8 16:51:54 2016] [c5-0c2s4n3] application called MPI_Abort(MPI_COMM_WORLD, 255) - process 126
Rank 64 [Wed Jun  8 16:51:54 2016] [c5-0c2s4n2] application called MPI_Abort(MPI_COMM_WORLD, 255) - process 64
Rank 102 [Wed Jun  8 16:51:54 2016] [c5-0c2s4n3] application called MPI_Abort(MPI_COMM_WORLD, 255) - process 102
../src/driver/Simulation.cpp:481: Assertion `dt_stable > 1.0e-16' failed. !!!
../src/driver/Simulation.cpp:481: Assertion `dt_stable > 1.0e-16' failed. !!!
../src/driver/Simulation.cpp:481: Assertion `dt_stable > 1.0e-16' failed. !!!
../src/driver/Simulation.cpp:481: Assertion `dt_stable > 1.0e-16' failed. !!!
../src/driver/Simulation.cpp:481: Assertion `dt_stable > 1.0e-16' failed. !!!
Rank 86 [Wed Jun  8 16:51:54 2016] [c5-0c2s4n2] application called MPI_Abort(MPI_COMM_WORLD, 255) - process 86
Rank 122 [Wed Jun  8 16:51:54 2016] [c5-0c2s4n3] application called MPI_Abort(MPI_COMM_WORLD, 255) - process 122
Rank 96 [Wed Jun  8 16:51:54 2016] [c5-0c2s4n3] application called MPI_Abort(MPI_COMM_WORLD, 255) - process 96
Rank 74 [Wed Jun  8 16:51:54 2016] [c5-0c2s4n2] application called MPI_Abort(MPI_COMM_WORLD, 255) - process 74
../src/driver/Simulation.cpp:481: Assertion `dt_stable > 1.0e-16' failed. !!!
Rank 82 [Wed Jun  8 16:51:54 2016] [c5-0c2s4n2] application called MPI_Abort(MPI_COMM_WORLD, 255) - process 82
../src/driver/Simulation.cpp:481: Assertion `dt_stable > 1.0e-16' failed. !!!
../src/driver/Simulation.cpp:481: Assertion `dt_stable > 1.0e-16' failed. !!!
Rank 97 [Wed Jun  8 16:51:54 2016] [c5-0c2s4n3] application called MPI_Abort(MPI_COMM_WORLD, 255) - process 97
../src/driver/Simulation.cpp:481: Assertion `dt_stable > 1.0e-16' failed. !!!
Rank 121 [Wed Jun  8 16:51:54 2016] [c5-0c2s4n3] application called MPI_Abort(MPI_COMM_WORLD, 255) - process 121
Rank 75 [Wed Jun  8 16:51:54 2016] [c5-0c2s4n2] application called MPI_Abort(MPI_COMM_WORLD, 255) - process 75
../src/driver/Simulation.cpp:481: Assertion `dt_stable > 1.0e-16' failed. !!!
Rank 85 [Wed Jun  8 16:51:54 2016] [c5-0c2s4n2] application called MPI_Abort(MPI_COMM_WORLD, 255) - process 85
../src/driver/Simulation.cpp:481: Assertion `dt_stable > 1.0e-16' failed. !!!
../src/driver/Simulation.cpp:481: Assertion `dt_stable > 1.0e-16' failed. !!!
../src/driver/Simulation.cpp:481: Assertion `dt_stable > 1.0e-16' failed. !!!
../src/driver/Simulation.cpp:481: Assertion `dt_stable > 1.0e-16' failed. !!!
../src/driver/Simulation.cpp:481: Assertion `dt_stable > 1.0e-16' failed. !!!
../src/driver/Simulation.cpp:481: Assertion `dt_stable > 1.0e-16' failed. !!!
../src/driver/Simulation.cpp:481: Assertion `dt_stable > 1.0e-16' failed. !!!
../src/driver/Simulation.cpp:481: Assertion `dt_stable > 1.0e-16' failed. !!!
../src/driver/Simulation.cpp:481: Assertion `dt_stable > 1.0e-16' failed. !!!
Rank 80 [Wed Jun  8 16:51:54 2016] [c5-0c2s4n2] application called MPI_Abort(MPI_COMM_WORLD, 255) - process 80
../src/driver/Simulation.cpp:481: Assertion `dt_stable > 1.0e-16' failed. !!!
Rank 92 [Wed Jun  8 16:51:54 2016] [c5-0c2s4n2] application called MPI_Abort(MPI_COMM_WORLD, 255) - process 92
Rank 112 [Wed Jun  8 16:51:54 2016] [c5-0c2s4n3] application called MPI_Abort(MPI_COMM_WORLD, 255) - process 112
Rank 66 [Wed Jun  8 16:51:54 2016] [c5-0c2s4n2] application called MPI_Abort(MPI_COMM_WORLD, 255) - process 66
Rank 98 [Wed Jun  8 16:51:54 2016] [c5-0c2s4n3] application called MPI_Abort(MPI_COMM_WORLD, 255) - process 98
Rank 68 [Wed Jun  8 16:51:54 2016] [c5-0c2s4n2] application called MPI_Abort(MPI_COMM_WORLD, 255) - process 68
Rank 118 [Wed Jun  8 16:51:54 2016] [c5-0c2s4n3] application called MPI_Abort(MPI_COMM_WORLD, 255) - process 118
Rank 100 [Wed Jun  8 16:51:54 2016] [c5-0c2s4n3] application called MPI_Abort(MPI_COMM_WORLD, 255) - process 100
Rank 106 [Wed Jun  8 16:51:54 2016] [c5-0c2s4n3] application called MPI_Abort(MPI_COMM_WORLD, 255) - process 106
Rank 110 [Wed Jun  8 16:51:54 2016] [c5-0c2s4n3] application called MPI_Abort(MPI_COMM_WORLD, 255) - process 110
Rank 124 [Wed Jun  8 16:51:54 2016] [c5-0c2s4n3] application called MPI_Abort(MPI_COMM_WORLD, 255) - process 124
../src/driver/Simulation.cpp:481: Assertion `dt_stable > 1.0e-16' failed. !!!
../src/driver/Simulation.cpp:481: Assertion `dt_stable > 1.0e-16' failed. !!!
../src/driver/Simulation.cpp:481: Assertion `dt_stable > 1.0e-16' failed. !!!
Rank 104 [Wed Jun  8 16:51:54 2016] [c5-0c2s4n3] application called MPI_Abort(MPI_COMM_WORLD, 255) - process 104
../src/driver/Simulation.cpp:481: Assertion `dt_stable > 1.0e-16' failed. !!!
../src/driver/Simulation.cpp:481: Assertion `dt_stable > 1.0e-16' failed. !!!
../src/driver/Simulation.cpp:481: Assertion `dt_stable > 1.0e-16' failed. !!!
../src/driver/Simulation.cpp:481: Assertion `dt_stable > 1.0e-16' failed. !!!
Rank 116 [Wed Jun  8 16:51:54 2016] [c5-0c2s4n3] application called MPI_Abort(MPI_COMM_WORLD, 255) - process 116
../src/driver/Simulation.cpp:481: Assertion `dt_stable > 1.0e-16' failed. !!!
../src/driver/Simulation.cpp:481: Assertion `dt_stable > 1.0e-16' failed. !!!
../src/driver/Simulation.cpp:481: Assertion `dt_stable > 1.0e-16' failed. !!!
../src/driver/Simulation.cpp:481: Assertion `dt_stable > 1.0e-16' failed. !!!
../src/driver/Simulation.cpp:481: Assertion `dt_stable > 1.0e-16' failed. !!!
../src/driver/Simulation.cpp:481: Assertion `dt_stable > 1.0e-16' failed. !!!
../src/driver/Simulation.cpp:481: Assertion `dt_stable > 1.0e-16' failed. !!!
../src/driver/Simulation.cpp:481: Assertion `dt_stable > 1.0e-16' failed. !!!
../src/driver/Simulation.cpp:481: Assertion `dt_stable > 1.0e-16' failed. !!!
../src/driver/Simulation.cpp:481: Assertion `dt_stable > 1.0e-16' failed. !!!
Rank 65 [Wed Jun  8 16:51:54 2016] [c5-0c2s4n2] application called MPI_Abort(MPI_COMM_WORLD, 255) - process 65
../src/driver/Simulation.cpp:481: Assertion `dt_stable > 1.0e-16' failed. !!!
Rank 71 [Wed Jun  8 16:51:54 2016] [c5-0c2s4n2] application called MPI_Abort(MPI_COMM_WORLD, 255) - process 71
../src/driver/Simulation.cpp:481: Assertion `dt_stable > 1.0e-16' failed. !!!
../src/driver/Simulation.cpp:481: Assertion `dt_stable > 1.0e-16' failed. !!!
../src/driver/Simulation.cpp:481: Assertion `dt_stable > 1.0e-16' failed. !!!
Rank 120 [Wed Jun  8 16:51:54 2016] [c5-0c2s4n3] application called MPI_Abort(MPI_COMM_WORLD, 255) - process 120
Rank 108 [Wed Jun  8 16:51:54 2016] [c5-0c2s4n3] application called MPI_Abort(MPI_COMM_WORLD, 255) - process 108
../src/driver/Simulation.cpp:481: Assertion `dt_stable > 1.0e-16' failed. !!!
Rank 125 [Wed Jun  8 16:51:54 2016] [c5-0c2s4n3] application called MPI_Abort(MPI_COMM_WORLD, 255) - process 125
../src/driver/Simulation.cpp:481: Assertion `dt_stable > 1.0e-16' failed. !!!
Rank 101 [Wed Jun  8 16:51:54 2016] [c5-0c2s4n3] application called MPI_Abort(MPI_COMM_WORLD, 255) - process 101
Rank 83 [Wed Jun  8 16:51:54 2016] [c5-0c2s4n2] application called MPI_Abort(MPI_COMM_WORLD, 255) - process 83
Rank 109 [Wed Jun  8 16:51:54 2016] [c5-0c2s4n3] application called MPI_Abort(MPI_COMM_WORLD, 255) - process 109
../src/driver/Simulation.cpp:481: Assertion `dt_stable > 1.0e-16' failed. !!!
Rank 111 [Wed Jun  8 16:51:54 2016] [c5-0c2s4n3] application called MPI_Abort(MPI_COMM_WORLD, 255) - process 111
../src/driver/Simulation.cpp:481: Assertion `dt_stable > 1.0e-16' failed. !!!
Rank 113 [Wed Jun  8 16:51:54 2016] [c5-0c2s4n3] application called MPI_Abort(MPI_COMM_WORLD, 255) - process 113
Rank 79 [Wed Jun  8 16:51:54 2016] [c5-0c2s4n2] application called MPI_Abort(MPI_COMM_WORLD, 255) - process 79
Rank 115 [Wed Jun  8 16:51:54 2016] [c5-0c2s4n3] application called MPI_Abort(MPI_COMM_WORLD, 255) - process 115
Rank 91 [Wed Jun  8 16:51:54 2016] [c5-0c2s4n2] application called MPI_Abort(MPI_COMM_WORLD, 255) - process 91
Rank 69 [Wed Jun  8 16:51:54 2016] [c5-0c2s4n2] application called MPI_Abort(MPI_COMM_WORLD, 255) - process 69
Rank 89 [Wed Jun  8 16:51:54 2016] [c5-0c2s4n2] application called MPI_Abort(MPI_COMM_WORLD, 255) - process 89
../src/driver/Simulation.cpp:481: Assertion `dt_stable > 1.0e-16' failed. !!!
Rank 99 [Wed Jun  8 16:51:54 2016] [c5-0c2s4n3] application called MPI_Abort(MPI_COMM_WORLD, 255) - process 99
Rank 90 [Wed Jun  8 16:51:54 2016] [c5-0c2s4n2] application called MPI_Abort(MPI_COMM_WORLD, 255) - process 90
Rank 107 [Wed Jun  8 16:51:54 2016] [c5-0c2s4n3] application called MPI_Abort(MPI_COMM_WORLD, 255) - process 107
Rank 70 [Wed Jun  8 16:51:54 2016] [c5-0c2s4n2] application called MPI_Abort(MPI_COMM_WORLD, 255) - process 70
Rank 123 [Wed Jun  8 16:51:54 2016] [c5-0c2s4n3] application called MPI_Abort(MPI_COMM_WORLD, 255) - process 123
Rank 72 [Wed Jun  8 16:51:54 2016] [c5-0c2s4n2] application called MPI_Abort(MPI_COMM_WORLD, 255) - process 72
Rank 105 [Wed Jun  8 16:51:54 2016] [c5-0c2s4n3] application called MPI_Abort(MPI_COMM_WORLD, 255) - process 105
Rank 94 [Wed Jun  8 16:51:54 2016] [c5-0c2s4n2] application called MPI_Abort(MPI_COMM_WORLD, 255) - process 94
Rank 114 [Wed Jun  8 16:51:54 2016] [c5-0c2s4n3] application called MPI_Abort(MPI_COMM_WORLD, 255) - process 114
../src/driver/Simulation.cpp:481: Assertion `dt_stable > 1.0e-16' failed. !!!
Rank 78 [Wed Jun  8 16:51:54 2016] [c5-0c2s4n2] application called MPI_Abort(MPI_COMM_WORLD, 255) - process 78
../src/driver/Simulation.cpp:481: Assertion `dt_stable > 1.0e-16' failed. !!!
../src/driver/Simulation.cpp:481: Assertion `dt_stable > 1.0e-16' failed. !!!
../src/driver/Simulation.cpp:481: Assertion `dt_stable > 1.0e-16' failed. !!!
../src/driver/Simulation.cpp:481: Assertion `dt_stable > 1.0e-16' failed. !!!
Rank 88 [Wed Jun  8 16:51:54 2016] [c5-0c2s4n2] application called MPI_Abort(MPI_COMM_WORLD, 255) - process 88
Rank 76 [Wed Jun  8 16:51:54 2016] [c5-0c2s4n2] application called MPI_Abort(MPI_COMM_WORLD, 255) - process 76
Rank 84 [Wed Jun  8 16:51:54 2016] [c5-0c2s4n2] application called MPI_Abort(MPI_COMM_WORLD, 255) - process 84
Rank 56 [Wed Jun  8 16:51:54 2016] [c5-0c2s4n1] application called MPI_Abort(MPI_COMM_WORLD, 255) - process 56
../src/driver/Simulation.cpp:481: Assertion `dt_stable > 1.0e-16' failed. !!!
../src/driver/Simulation.cpp:481: Assertion `dt_stable > 1.0e-16' failed. !!!
../src/driver/Simulation.cpp:481: Assertion `dt_stable > 1.0e-16' failed. !!!
../src/driver/Simulation.cpp:481: Assertion `dt_stable > 1.0e-16' failed. !!!
Rank 95 [Wed Jun  8 16:51:54 2016] [c5-0c2s4n2] application called MPI_Abort(MPI_COMM_WORLD, 255) - process 95
Rank 10 [Wed Jun  8 16:51:54 2016] [c5-0c2s4n0] application called MPI_Abort(MPI_COMM_WORLD, 255) - process 10
../src/driver/Simulation.cpp:481: Assertion `dt_stable > 1.0e-16' failed. !!!
../src/driver/Simulation.cpp:481: Assertion `dt_stable > 1.0e-16' failed. !!!
Rank 119 [Wed Jun  8 16:51:54 2016] [c5-0c2s4n3] application called MPI_Abort(MPI_COMM_WORLD, 255) - process 119
Rank 127 [Wed Jun  8 16:51:54 2016] [c5-0c2s4n3] application called MPI_Abort(MPI_COMM_WORLD, 255) - process 127
Rank 103 [Wed Jun  8 16:51:54 2016] [c5-0c2s4n3] application called MPI_Abort(MPI_COMM_WORLD, 255) - process 103
Rank 117 [Wed Jun  8 16:51:54 2016] [c5-0c2s4n3] application called MPI_Abort(MPI_COMM_WORLD, 255) - process 117
../src/driver/Simulation.cpp:481: Assertion `dt_stable > 1.0e-16' failed. !!!
Rank 87 [Wed Jun  8 16:51:54 2016] [c5-0c2s4n2] application called MPI_Abort(MPI_COMM_WORLD, 255) - process 87
../src/driver/Simulation.cpp:481: Assertion `dt_stable > 1.0e-16' failed. !!!
../src/driver/Simulation.cpp:481: Assertion `dt_stable > 1.0e-16' failed. !!!
Rank 67 [Wed Jun  8 16:51:54 2016] [c5-0c2s4n2] application called MPI_Abort(MPI_COMM_WORLD, 255) - process 67
Rank 60 [Wed Jun  8 16:51:54 2016] [c5-0c2s4n1] application called MPI_Abort(MPI_COMM_WORLD, 255) - process 60
../src/driver/Simulation.cpp:481: Assertion `dt_stable > 1.0e-16' failed. !!!
../src/driver/Simulation.cpp:481: Assertion `dt_stable > 1.0e-16' failed. !!!
../src/driver/Simulation.cpp:481: Assertion `dt_stable > 1.0e-16' failed. !!!
../src/driver/Simulation.cpp:481: Assertion `dt_stable > 1.0e-16' failed. !!!
Rank 73 [Wed Jun  8 16:51:54 2016] [c5-0c2s4n2] application called MPI_Abort(MPI_COMM_WORLD, 255) - process 73
Rank 77 [Wed Jun  8 16:51:54 2016] [c5-0c2s4n2] application called MPI_Abort(MPI_COMM_WORLD, 255) - process 77
Rank 93 [Wed Jun  8 16:51:54 2016] [c5-0c2s4n2] application called MPI_Abort(MPI_COMM_WORLD, 255) - process 93
Rank 81 [Wed Jun  8 16:51:54 2016] [c5-0c2s4n2] application called MPI_Abort(MPI_COMM_WORLD, 255) - process 81
../src/driver/Simulation.cpp:481: Assertion `dt_stable > 1.0e-16' failed. !!!
../src/driver/Simulation.cpp:481: Assertion `dt_stable > 1.0e-16' failed. !!!
../src/driver/Simulation.cpp:481: Assertion `dt_stable > 1.0e-16' failed. !!!
../src/driver/Simulation.cpp:481: Assertion `dt_stable > 1.0e-16' failed. !!!
Rank 26 [Wed Jun  8 16:51:54 2016] [c5-0c2s4n0] application called MPI_Abort(MPI_COMM_WORLD, 255) - process 26
../src/driver/Simulation.cpp:481: Assertion `dt_stable > 1.0e-16' failed. !!!
../src/driver/Simulation.cpp:481: Assertion `dt_stable > 1.0e-16' failed. !!!
../src/driver/Simulation.cpp:481: Assertion `dt_stable > 1.0e-16' failed. !!!
Rank 13 [Wed Jun  8 16:51:54 2016] [c5-0c2s4n0] application called MPI_Abort(MPI_COMM_WORLD, 255) - process 13
Rank 6 [Wed Jun  8 16:51:54 2016] [c5-0c2s4n0] application called MPI_Abort(MPI_COMM_WORLD, 255) - process 6
Rank 50 [Wed Jun  8 16:51:54 2016] [c5-0c2s4n1] application called MPI_Abort(MPI_COMM_WORLD, 255) - process 50
Rank 22 [Wed Jun  8 16:51:54 2016] [c5-0c2s4n0] application called MPI_Abort(MPI_COMM_WORLD, 255) - process 22
Rank 54 [Wed Jun  8 16:51:54 2016] [c5-0c2s4n1] application called MPI_Abort(MPI_COMM_WORLD, 255) - process 54
../src/driver/Simulation.cpp:481: Assertion `dt_stable > 1.0e-16' failed. !!!
../src/driver/Simulation.cpp:481: Assertion `dt_stable > 1.0e-16' failed. !!!
Rank 32 [Wed Jun  8 16:51:54 2016] [c5-0c2s4n1] application called MPI_Abort(MPI_COMM_WORLD, 255) - process 32
../src/driver/Simulation.cpp:481: Assertion `dt_stable > 1.0e-16' failed. !!!
../src/driver/Simulation.cpp:481: Assertion `dt_stable > 1.0e-16' failed. !!!
Rank 62 [Wed Jun  8 16:51:54 2016] [c5-0c2s4n1] application called MPI_Abort(MPI_COMM_WORLD, 255) - process 62
Rank 4 [Wed Jun  8 16:51:54 2016] [c5-0c2s4n0] application called MPI_Abort(MPI_COMM_WORLD, 255) - process 4
../src/driver/Simulation.cpp:481: Assertion `dt_stable > 1.0e-16' failed. !!!
../src/driver/Simulation.cpp:481: Assertion `dt_stable > 1.0e-16' failed. !!!
../src/driver/Simulation.cpp:481: Assertion `dt_stable > 1.0e-16' failed. !!!
../src/driver/Simulation.cpp:481: Assertion `dt_stable > 1.0e-16' failed. !!!
../src/driver/Simulation.cpp:481: Assertion `dt_stable > 1.0e-16' failed. !!!
../src/driver/Simulation.cpp:481: Assertion `dt_stable > 1.0e-16' failed. !!!
../src/driver/Simulation.cpp:481: Assertion `dt_stable > 1.0e-16' failed. !!!
../src/driver/Simulation.cpp:481: Assertion `dt_stable > 1.0e-16' failed. !!!
../src/driver/Simulation.cpp:481: Assertion `dt_stable > 1.0e-16' failed. !!!
../src/driver/Simulation.cpp:481: Assertion `dt_stable > 1.0e-16' failed. !!!
../src/driver/Simulation.cpp:481: Assertion `dt_stable > 1.0e-16' failed. !!!
../src/driver/Simulation.cpp:481: Assertion `dt_stable > 1.0e-16' failed. !!!
../src/driver/Simulation.cpp:481: Assertion `dt_stable > 1.0e-16' failed. !!!
../src/driver/Simulation.cpp:481: Assertion `dt_stable > 1.0e-16' failed. !!!
../src/driver/Simulation.cpp:481: Assertion `dt_stable > 1.0e-16' failed. !!!
../src/driver/Simulation.cpp:481: Assertion `dt_stable > 1.0e-16' failed. !!!
../src/driver/Simulation.cpp:481: Assertion `dt_stable > 1.0e-16' failed. !!!
../src/driver/Simulation.cpp:481: Assertion `dt_stable > 1.0e-16' failed. !!!
Rank 58 [Wed Jun  8 16:51:54 2016] [c5-0c2s4n1] application called MPI_Abort(MPI_COMM_WORLD, 255) - process 58
../src/driver/Simulation.cpp:481: Assertion `dt_stable > 1.0e-16' failed. !!!
Rank 14 [Wed Jun  8 16:51:54 2016] [c5-0c2s4n0] application called MPI_Abort(MPI_COMM_WORLD, 255) - process 14
Rank 44 [Wed Jun  8 16:51:54 2016] [c5-0c2s4n1] application called MPI_Abort(MPI_COMM_WORLD, 255) - process 44
Rank 46 [Wed Jun  8 16:51:54 2016] [c5-0c2s4n1] application called MPI_Abort(MPI_COMM_WORLD, 255) - process 46
Rank 18 [Wed Jun  8 16:51:54 2016] [c5-0c2s4n0] application called MPI_Abort(MPI_COMM_WORLD, 255) - process 18
Rank 38 [Wed Jun  8 16:51:54 2016] [c5-0c2s4n1] application called MPI_Abort(MPI_COMM_WORLD, 255) - process 38
Rank 20 [Wed Jun  8 16:51:54 2016] [c5-0c2s4n0] application called MPI_Abort(MPI_COMM_WORLD, 255) - process 20
Rank 40 [Wed Jun  8 16:51:54 2016] [c5-0c2s4n1] application called MPI_Abort(MPI_COMM_WORLD, 255) - process 40
Rank 42 [Wed Jun  8 16:51:54 2016] [c5-0c2s4n1] application called MPI_Abort(MPI_COMM_WORLD, 255) - process 42
Rank 28 [Wed Jun  8 16:51:54 2016] [c5-0c2s4n0] application called MPI_Abort(MPI_COMM_WORLD, 255) - process 28
Rank 52 [Wed Jun  8 16:51:54 2016] [c5-0c2s4n1] application called MPI_Abort(MPI_COMM_WORLD, 255) - process 52
Rank 16 [Wed Jun  8 16:51:54 2016] [c5-0c2s4n0] application called MPI_Abort(MPI_COMM_WORLD, 255) - process 16
Rank 36 [Wed Jun  8 16:51:54 2016] [c5-0c2s4n1] application called MPI_Abort(MPI_COMM_WORLD, 255) - process 36
Rank 24 [Wed Jun  8 16:51:54 2016] [c5-0c2s4n0] application called MPI_Abort(MPI_COMM_WORLD, 255) - process 24
Rank 48 [Wed Jun  8 16:51:54 2016] [c5-0c2s4n1] application called MPI_Abort(MPI_COMM_WORLD, 255) - process 48
Rank 30 [Wed Jun  8 16:51:54 2016] [c5-0c2s4n0] application called MPI_Abort(MPI_COMM_WORLD, 255) - process 30
Rank 34 [Wed Jun  8 16:51:54 2016] [c5-0c2s4n1] application called MPI_Abort(MPI_COMM_WORLD, 255) - process 34
Rank 0 [Wed Jun  8 16:51:54 2016] [c5-0c2s4n0] application called MPI_Abort(MPI_COMM_WORLD, 255) - process 0
Rank 2 [Wed Jun  8 16:51:54 2016] [c5-0c2s4n0] application called MPI_Abort(MPI_COMM_WORLD, 255) - process 2
Rank 8 [Wed Jun  8 16:51:54 2016] [c5-0c2s4n0] application called MPI_Abort(MPI_COMM_WORLD, 255) - process 8
Rank 12 [Wed Jun  8 16:51:54 2016] [c5-0c2s4n0] application called MPI_Abort(MPI_COMM_WORLD, 255) - process 12
../src/driver/Simulation.cpp:481: Assertion `dt_stable > 1.0e-16' failed. !!!
../src/driver/Simulation.cpp:481: Assertion `dt_stable > 1.0e-16' failed. !!!
Rank 31 [Wed Jun  8 16:51:54 2016] [c5-0c2s4n0] application called MPI_Abort(MPI_COMM_WORLD, 255) - process 31
Rank 57 [Wed Jun  8 16:51:54 2016] [c5-0c2s4n1] application called MPI_Abort(MPI_COMM_WORLD, 255) - process 57
../src/driver/Simulation.cpp:481: Assertion `dt_stable > 1.0e-16' failed. !!!
../src/driver/Simulation.cpp:481: Assertion `dt_stable > 1.0e-16' failed. !!!
Rank 49 [Wed Jun  8 16:51:54 2016] [c5-0c2s4n1] application called MPI_Abort(MPI_COMM_WORLD, 255) - process 49
Rank 1 [Wed Jun  8 16:51:54 2016] [c5-0c2s4n0] application called MPI_Abort(MPI_COMM_WORLD, 255) - process 1
../src/driver/Simulation.cpp:481: Assertion `dt_stable > 1.0e-16' failed. !!!
../src/driver/Simulation.cpp:481: Assertion `dt_stable > 1.0e-16' failed. !!!
../src/driver/Simulation.cpp:481: Assertion `dt_stable > 1.0e-16' failed. !!!
Rank 15 [Wed Jun  8 16:51:54 2016] [c5-0c2s4n0] application called MPI_Abort(MPI_COMM_WORLD, 255) - process 15
Rank 53 [Wed Jun  8 16:51:54 2016] [c5-0c2s4n1] application called MPI_Abort(MPI_COMM_WORLD, 255) - process 53
Rank 39 [Wed Jun  8 16:51:54 2016] [c5-0c2s4n1] application called MPI_Abort(MPI_COMM_WORLD, 255) - process 39
../src/driver/Simulation.cpp:481: Assertion `dt_stable > 1.0e-16' failed. !!!
../src/driver/Simulation.cpp:481: Assertion `dt_stable > 1.0e-16' failed. !!!
../src/driver/Simulation.cpp:481: Assertion `dt_stable > 1.0e-16' failed. !!!
Rank 21 [Wed Jun  8 16:51:54 2016] [c5-0c2s4n0] application called MPI_Abort(MPI_COMM_WORLD, 255) - process 21
Rank 51 [Wed Jun  8 16:51:54 2016] [c5-0c2s4n1] application called MPI_Abort(MPI_COMM_WORLD, 255) - process 51
../src/driver/Simulation.cpp:481: Assertion `dt_stable > 1.0e-16' failed. !!!
../src/driver/Simulation.cpp:481: Assertion `dt_stable > 1.0e-16' failed. !!!
Rank 37 [Wed Jun  8 16:51:54 2016] [c5-0c2s4n1] application called MPI_Abort(MPI_COMM_WORLD, 255) - process 37
../src/driver/Simulation.cpp:481: Assertion `dt_stable > 1.0e-16' failed. !!!
../src/driver/Simulation.cpp:481: Assertion `dt_stable > 1.0e-16' failed. !!!
../src/driver/Simulation.cpp:481: Assertion `dt_stable > 1.0e-16' failed. !!!
../src/driver/Simulation.cpp:481: Assertion `dt_stable > 1.0e-16' failed. !!!
../src/driver/Simulation.cpp:481: Assertion `dt_stable > 1.0e-16' failed. !!!
../src/driver/Simulation.cpp:481: Assertion `dt_stable > 1.0e-16' failed. !!!
../src/driver/Simulation.cpp:481: Assertion `dt_stable > 1.0e-16' failed. !!!
../src/driver/Simulation.cpp:481: Assertion `dt_stable > 1.0e-16' failed. !!!
Rank 7 [Wed Jun  8 16:51:54 2016] [c5-0c2s4n0] application called MPI_Abort(MPI_COMM_WORLD, 255) - process 7
../src/driver/Simulation.cpp:481: Assertion `dt_stable > 1.0e-16' failed. !!!
../src/driver/Simulation.cpp:481: Assertion `dt_stable > 1.0e-16' failed. !!!
../src/driver/Simulation.cpp:481: Assertion `dt_stable > 1.0e-16' failed. !!!
../src/driver/Simulation.cpp:481: Assertion `dt_stable > 1.0e-16' failed. !!!
Rank 45 [Wed Jun  8 16:51:54 2016] [c5-0c2s4n1] application called MPI_Abort(MPI_COMM_WORLD, 255) - process 45
../src/driver/Simulation.cpp:481: Assertion `dt_stable > 1.0e-16' failed. !!!
../src/driver/Simulation.cpp:481: Assertion `dt_stable > 1.0e-16' failed. !!!
../src/driver/Simulation.cpp:481: Assertion `dt_stable > 1.0e-16' failed. !!!
../src/driver/Simulation.cpp:481: Assertion `dt_stable > 1.0e-16' failed. !!!
../src/driver/Simulation.cpp:481: Assertion `dt_stable > 1.0e-16' failed. !!!
../src/driver/Simulation.cpp:481: Assertion `dt_stable > 1.0e-16' failed. !!!
../src/driver/Simulation.cpp:481: Assertion `dt_stable > 1.0e-16' failed. !!!
Rank 33 [Wed Jun  8 16:51:54 2016] [c5-0c2s4n1] application called MPI_Abort(MPI_COMM_WORLD, 255) - process 33
Rank 59 [Wed Jun  8 16:51:54 2016] [c5-0c2s4n1] application called MPI_Abort(MPI_COMM_WORLD, 255) - process 59
Rank 43 [Wed Jun  8 16:51:54 2016] [c5-0c2s4n1] application called MPI_Abort(MPI_COMM_WORLD, 255) - process 43
Rank 63 [Wed Jun  8 16:51:54 2016] [c5-0c2s4n1] application called MPI_Abort(MPI_COMM_WORLD, 255) - process 63
Rank 41 [Wed Jun  8 16:51:54 2016] [c5-0c2s4n1] application called MPI_Abort(MPI_COMM_WORLD, 255) - process 41
Rank 47 [Wed Jun  8 16:51:54 2016] [c5-0c2s4n1] application called MPI_Abort(MPI_COMM_WORLD, 255) - process 47
Rank 55 [Wed Jun  8 16:51:54 2016] [c5-0c2s4n1] application called MPI_Abort(MPI_COMM_WORLD, 255) - process 55
Rank 61 [Wed Jun  8 16:51:54 2016] [c5-0c2s4n1] application called MPI_Abort(MPI_COMM_WORLD, 255) - process 61
Rank 23 [Wed Jun  8 16:51:54 2016] [c5-0c2s4n0] application called MPI_Abort(MPI_COMM_WORLD, 255) - process 23
Rank 35 [Wed Jun  8 16:51:54 2016] [c5-0c2s4n1] application called MPI_Abort(MPI_COMM_WORLD, 255) - process 35
Rank 19 [Wed Jun  8 16:51:54 2016] [c5-0c2s4n0] application called MPI_Abort(MPI_COMM_WORLD, 255) - process 19
Rank 27 [Wed Jun  8 16:51:54 2016] [c5-0c2s4n0] application called MPI_Abort(MPI_COMM_WORLD, 255) - process 27
Rank 5 [Wed Jun  8 16:51:54 2016] [c5-0c2s4n0] application called MPI_Abort(MPI_COMM_WORLD, 255) - process 5
Rank 25 [Wed Jun  8 16:51:54 2016] [c5-0c2s4n0] application called MPI_Abort(MPI_COMM_WORLD, 255) - process 25
Rank 29 [Wed Jun  8 16:51:54 2016] [c5-0c2s4n0] application called MPI_Abort(MPI_COMM_WORLD, 255) - process 29
Rank 3 [Wed Jun  8 16:51:54 2016] [c5-0c2s4n0] application called MPI_Abort(MPI_COMM_WORLD, 255) - process 3
Rank 9 [Wed Jun  8 16:51:54 2016] [c5-0c2s4n0] application called MPI_Abort(MPI_COMM_WORLD, 255) - process 9
Rank 11 [Wed Jun  8 16:51:54 2016] [c5-0c2s4n0] application called MPI_Abort(MPI_COMM_WORLD, 255) - process 11
Rank 17 [Wed Jun  8 16:51:54 2016] [c5-0c2s4n0] application called MPI_Abort(MPI_COMM_WORLD, 255) - process 17
srun: error: nid01105: tasks 32-63: Aborted
srun: Terminating job step 2503767.0
srun: error: nid01106: tasks 64-95: Aborted
srun: Job step aborted: Waiting up to 32 seconds for job step to finish.
srun: error: nid01107: tasks 96-127: Aborted
srun: error: nid01104: tasks 0-31: Aborted
