** GKUnits ***********************************************************

==== Fundamental Units ===============================================
  NUMBER DENSITY    [1/m^3]: 1e+20
  TEMPERATURE           [eV]: 1000
  LENGTH                [m]: 1
  MASS                 [AMU]: 1
  MAGNETIC FIELD        [T]: 1
  CHARGE                [C]: 1.60218e-19
  BOLTZMANN CONSTANT  [J/K]: 1.38065e-23
  ELECTRIC CONSTANT   [F/m]: 8.85419e-12
  MAGNETIC CONSTANT   [H/m]: 1.25664e-06

==== Derived Units ===================================================

  THERMAL SPEED       [m/s]: 309497
  TRANSIT TIME          [s]: 3.23105e-06
  MAGNETIC MOMENT     [J/T]: 8.01088e-17
  DIST. FUNCTION [s/(Am^6)]: 1073.7
  POTENTIAL             [V]: 1000
  GYROFREQUENCY       [1/s]: 9.57883e+07
  GYRORADIUS            [m]: 0.00323105
  DEBYE LENGTH          [m]: 2.35082e-05

==== Dimensionless Parameters =========================================

  LARMOR NUMBER            : 0.00323105
  DEBYE NUMBER             : 2.35082e-05

***********************************************************************
**** cellSp[0] = 0.19635,  cellSp[1] = 0.19635
**** dimensions = 32, 32
**** cellSp[0] = 0.19635,  cellSp[1] = 0.19635
**** dimensions = 32, 32
**** cellSp[0] = 0.19635,  cellSp[1] = 0.19635
**** dimensions = 32, 32
**** cellSp[0] = 0.19635,  cellSp[1] = 0.19635
**** dimensions = 32, 32
**** cellSp[0] = 0.19635,  cellSp[1] = 0.19635
**** dimensions = 32, 32
**** cellSp[0] = 0.19635,  cellSp[1] = 0.19635
**** dimensions = 32, 32
**** cellSp[0] = 0.19635,  cellSp[1] = 0.19635
**** dimensions = 32, 32
**** cellSp[0] = 0.19635,  cellSp[1] = 0.19635
**** dimensions = 32, 32
**** cellSp[0] = 0.19635,  cellSp[1] = 0.19635
**** dimensions = 32, 32
**** cellSp[0] = 0.19635,  cellSp[1] = 0.19635
**** dimensions = 32, 32
**** cellSp[0] = 0.19635,  cellSp[1] = 0.19635
**** dimensions = 32, 32
**** cellSp[0] = 0.19635,  cellSp[1] = 0.19635
**** dimensions = 32, 32
**** cellSp[0] = 0.19635,  cellSp[1] = 0.19635
**** dimensions = 32, 32
**** cellSp[0] = 0.19635,  cellSp[1] = 0.19635
**** dimensions = 32, 32
**** cellSp[0] = 0.19635,  cellSp[1] = 0.19635
**** dimensions = 32, 32
**** cellSp[0] = 0.19635,  cellSp[1] = 0.19635
**** dimensions = 32, 32
**** cellSp[0] = 0.19635,  cellSp[1] = 0.19635
**** dimensions = 32, 32
**** cellSp[0] = 0.19635,  cellSp[1] = 0.19635
**** dimensions = 32, 32
**** cellSp[0] = 0.19635,  cellSp[1] = 0.19635
**** dimensions = 32, 32
**** cellSp[0] = 0.19635,  cellSp[1] = 0.19635
**** dimensions = 32, 32
**** cellSp[0] = 0.19635,  cellSp[1] = 0.19635
**** dimensions = 32, 32
**** cellSp[0] = 0.19635,  cellSp[1] = 0.19635
**** dimensions = 32, 32
**** cellSp[0] = 0.19635,  cellSp[1] = 0.19635
**** dimensions = 32, 32
**** cellSp[0] = 0.19635,  cellSp[1] = 0.19635
**** dimensions = 32, 32
**** cellSp[0] = 0.19635,  cellSp[1] = 0.19635
**** dimensions = 32, 32
**** cellSp[0] = 0.19635,  cellSp[1] = 0.19635
**** dimensions = 32, 32
**** cellSp[0] = 0.19635,  cellSp[1] = 0.19635
**** dimensions = 32, 32
**** cellSp[0] = 0.19635,  cellSp[1] = 0.19635
**** dimensions = 32, 32
**** cellSp[0] = 0.19635,  cellSp[1] = 0.19635
**** dimensions = 32, 32
**** cellSp[0] = 0.19635,  cellSp[1] = 0.19635
**** dimensions = 32, 32
Constructing slab geometry...
xmax = 0.02, ymax = 0.02
Bz_inner = 3, Bz_outer = 3
By_inner  = 0
**** cellSp[0] = 0.19635,  cellSp[1] = 0.19635
**** dimensions = 32, 32
Done constructing slab geometry
**** cellSp[0] = 0.19635,  cellSp[1] = 0.19635
**** dimensions = 32, 32
**** cellSp[0] = 0.19635,  cellSp[1] = 0.19635
**** dimensions = 32, 32
**** cellSp[0] = 0.19635,  cellSp[1] = 0.19635
**** dimensions = 32, 32
**** cellSp[0] = 0.19635,  cellSp[1] = 0.19635
**** dimensions = 32, 32
**** cellSp[0] = 0.19635,  cellSp[1] = 0.19635
**** dimensions = 32, 32
**** cellSp[0] = 0.19635,  cellSp[1] = 0.19635
**** dimensions = 32, 32
**** cellSp[0] = 0.19635,  cellSp[1] = 0.19635
**** dimensions = 32, 32
**** cellSp[0] = 0.19635,  cellSp[1] = 0.19635
**** dimensions = 32, 32
**** cellSp[0] = 0.19635,  cellSp[1] = 0.19635
**** dimensions = 32, 32
**** cellSp[0] = 0.19635,  cellSp[1] = 0.19635
**** dimensions = 32, 32
**** cellSp[0] = 0.19635,  cellSp[1] = 0.19635
**** dimensions = 32, 32
**** cellSp[0] = 0.19635,  cellSp[1] = 0.19635
**** dimensions = 32, 32
**** cellSp[0] = 0.19635,  cellSp[1] = 0.19635
**** dimensions = 32, 32
**** cellSp[0] = 0.19635,  cellSp[1] = 0.19635
**** dimensions = 32, 32
**** cellSp[0] = 0.19635,  cellSp[1] = 0.19635
**** dimensions = 32, 32
**** cellSp[0] = 0.19635,  cellSp[1] = 0.19635
**** dimensions = 32, 32
**** cellSp[0] = 0.19635,  cellSp[1] = 0.19635
**** dimensions = 32, 32
**** cellSp[0] = 0.19635,  cellSp[1] = 0.19635
**** dimensions = 32, 32
**** cellSp[0] = 0.19635,  cellSp[1] = 0.19635
**** dimensions = 32, 32
**** cellSp[0] = 0.19635,  cellSp[1] = 0.19635
**** dimensions = 32, 32
**** cellSp[0] = 0.19635,  cellSp[1] = 0.19635
**** dimensions = 32, 32
**** cellSp[0] = 0.19635,  cellSp[1] = 0.19635
**** dimensions = 32, 32
**** cellSp[0] = 0.19635,  cellSp[1] = 0.19635
**** dimensions = 32, 32
**** cellSp[0] = 0.19635,  cellSp[1] = 0.19635
**** dimensions = 32, 32
**** cellSp[0] = 0.19635,  cellSp[1] = 0.19635
**** dimensions = 32, 32
**** cellSp[0] = 0.19635,  cellSp[1] = 0.19635
**** dimensions = 32, 32
**** cellSp[0] = 0.19635,  cellSp[1] = 0.19635
**** dimensions = 32, 32
**** cellSp[0] = 0.19635,  cellSp[1] = 0.19635
**** dimensions = 32, 32
**** cellSp[0] = 0.19635,  cellSp[1] = 0.19635
**** dimensions = 32, 32
**** cellSp[0] = 0.19635,  cellSp[1] = 0.19635
**** dimensions = 32, 32
**** cellSp[0] = 0.19635,  cellSp[1] = 0.19635
**** dimensions = 32, 32
**** cellSp[0] = 0.19635,  cellSp[1] = 0.19635
**** dimensions = 32, 32
**** cellSp[0] = 0.19635,  cellSp[1] = 0.19635
**** dimensions = 32, 32
**** cellSp[0] = 0.19635,  cellSp[1] = 0.19635
**** dimensions = 32, 32
**** cellSp[0] = 0.19635,  cellSp[1] = 0.19635
**** dimensions = 32, 32
   Configuration space box ((0,0) (7,7) (0,0)) is assigned to process 0
   Configuration space box ((8,0) (15,7) (0,0)) is assigned to process 1
   Configuration space box ((16,0) (23,7) (0,0)) is assigned to process 2
   Configuration space box ((24,0) (31,7) (0,0)) is assigned to process 3
   Configuration space box ((0,8) (7,15) (0,0)) is assigned to process 4
   Configuration space box ((8,8) (15,15) (0,0)) is assigned to process 5
   Configuration space box ((16,8) (23,15) (0,0)) is assigned to process 6
   Configuration space box ((24,8) (31,15) (0,0)) is assigned to process 7
   Configuration space box ((0,16) (7,23) (0,0)) is assigned to process 8
   Configuration space box ((8,16) (15,23) (0,0)) is assigned to process 9
   Configuration space box ((16,16) (23,23) (0,0)) is assigned to process 10
   Configuration space box ((24,16) (31,23) (0,0)) is assigned to process 11
   Configuration space box ((0,24) (7,31) (0,0)) is assigned to process 12
   Configuration space box ((8,24) (15,31) (0,0)) is assigned to process 13
   Configuration space box ((16,24) (23,31) (0,0)) is assigned to process 14
   Configuration space box ((24,24) (31,31) (0,0)) is assigned to process 15
Constructing magnetic geometry
Done constructing magnetic geometry
   Velocity space box ((-18,0) (-13,3) (0,0)) is assigned to process 0
   Velocity space box ((-12,0) (-7,3) (0,0)) is assigned to process 1
   Velocity space box ((-6,0) (-1,3) (0,0)) is assigned to process 2
   Velocity space box ((0,0) (5,3) (0,0)) is assigned to process 3
   Velocity space box ((6,0) (11,3) (0,0)) is assigned to process 4
   Velocity space box ((12,0) (17,3) (0,0)) is assigned to process 5
   Velocity space box ((-18,4) (-13,7) (0,0)) is assigned to process 6
   Velocity space box ((-12,4) (-7,7) (0,0)) is assigned to process 7
   Velocity space box ((-6,4) (-1,7) (0,0)) is assigned to process 8
   Velocity space box ((0,4) (5,7) (0,0)) is assigned to process 9
   Velocity space box ((6,4) (11,7) (0,0)) is assigned to process 10
   Velocity space box ((12,4) (17,7) (0,0)) is assigned to process 11
   Velocity space box ((-18,8) (-13,11) (0,0)) is assigned to process 12
   Velocity space box ((-12,8) (-7,11) (0,0)) is assigned to process 13
   Velocity space box ((-6,8) (-1,11) (0,0)) is assigned to process 14
   Velocity space box ((0,8) (5,11) (0,0)) is assigned to process 15
   Velocity space box ((6,8) (11,11) (0,0)) is assigned to process 16
   Velocity space box ((12,8) (17,11) (0,0)) is assigned to process 17
   Velocity space box ((-18,12) (-13,15) (0,0)) is assigned to process 18
   Velocity space box ((-12,12) (-7,15) (0,0)) is assigned to process 19
   Velocity space box ((-6,12) (-1,15) (0,0)) is assigned to process 20
   Velocity space box ((0,12) (5,15) (0,0)) is assigned to process 21
   Velocity space box ((6,12) (11,15) (0,0)) is assigned to process 22
   Velocity space box ((12,12) (17,15) (0,0)) is assigned to process 23
   Velocity space box ((-18,16) (-13,19) (0,0)) is assigned to process 24
   Velocity space box ((-12,16) (-7,19) (0,0)) is assigned to process 25
   Velocity space box ((-6,16) (-1,19) (0,0)) is assigned to process 26
   Velocity space box ((0,16) (5,19) (0,0)) is assigned to process 27
   Velocity space box ((6,16) (11,19) (0,0)) is assigned to process 28
   Velocity space box ((12,16) (17,19) (0,0)) is assigned to process 29
   Velocity space box ((-18,20) (-13,23) (0,0)) is assigned to process 30
   Velocity space box ((-12,20) (-7,23) (0,0)) is assigned to process 31
   Velocity space box ((-6,20) (-1,23) (0,0)) is assigned to process 32
   Velocity space box ((0,20) (5,23) (0,0)) is assigned to process 33
   Velocity space box ((6,20) (11,23) (0,0)) is assigned to process 34
   Velocity space box ((12,20) (17,23) (0,0)) is assigned to process 35
   Phase space box ((0,24,0,0) (15,31,8,5) (0,0,0,0)) is assigned to process 98, has 6912 valid cells and 84480 ghost cells
   Phase space box ((0,24,9,0) (15,31,17,5) (0,0,0,0)) is assigned to process 99, has 6912 valid cells and 84480 ghost cells
   Phase space box ((0,24,0,6) (15,31,8,11) (0,0,0,0)) is assigned to process 102, has 6912 valid cells and 84480 ghost cells
   Phase space box ((0,24,-18,12) (15,31,-10,17) (0,0,0,0)) is assigned to process 104, has 6912 valid cells and 84480 ghost cells
   Phase space box ((0,24,-9,12) (15,31,-1,17) (0,0,0,0)) is assigned to process 105, has 6912 valid cells and 84480 ghost cells
   Phase space box ((0,24,0,12) (15,31,8,17) (0,0,0,0)) is assigned to process 106, has 6912 valid cells and 84480 ghost cells
   Phase space box ((0,24,9,12) (15,31,17,17) (0,0,0,0)) is assigned to process 107, has 6912 valid cells and 84480 ghost cells
   Phase space box ((0,24,-18,18) (15,31,-10,23) (0,0,0,0)) is assigned to process 108, has 6912 valid cells and 84480 ghost cells
   Phase space box ((0,24,-9,18) (15,31,-1,23) (0,0,0,0)) is assigned to process 109, has 6912 valid cells and 84480 ghost cells
   Phase space box ((0,24,0,18) (15,31,8,23) (0,0,0,0)) is assigned to process 110, has 6912 valid cells and 84480 ghost cells
   Phase space box ((0,24,9,18) (15,31,17,23) (0,0,0,0)) is assigned to process 111, has 6912 valid cells and 84480 ghost cells
   Phase space box ((0,24,-18,0) (15,31,-10,5) (0,0,0,0)) is assigned to process 96, has 6912 valid cells and 84480 ghost cells
   Phase space box ((0,24,-9,0) (15,31,-1,5) (0,0,0,0)) is assigned to process 97, has 6912 valid cells and 84480 ghost cells
   Phase space box ((0,24,-18,6) (15,31,-10,11) (0,0,0,0)) is assigned to process 100, has 6912 valid cells and 84480 ghost cells
   Phase space box ((0,24,-9,6) (15,31,-1,11) (0,0,0,0)) is assigned to process 101, has 6912 valid cells and 84480 ghost cells
   Phase space box ((0,24,9,6) (15,31,17,11) (0,0,0,0)) is assigned to process 103, has 6912 valid cells and 84480 ghost cells
   Phase space box ((16,24,-18,6) (31,31,-10,11) (0,0,0,0)) is assigned to process 116, has 6912 valid cells and 84480 ghost cells
   Phase space box ((16,24,-18,0) (31,31,-10,5) (0,0,0,0)) is assigned to process 112, has 6912 valid cells and 84480 ghost cells
   Phase space box ((16,24,-9,0) (31,31,-1,5) (0,0,0,0)) is assigned to process 113, has 6912 valid cells and 84480 ghost cells
   Phase space box ((16,24,0,0) (31,31,8,5) (0,0,0,0)) is assigned to process 114, has 6912 valid cells and 84480 ghost cells
   Phase space box ((16,24,9,0) (31,31,17,5) (0,0,0,0)) is assigned to process 115, has 6912 valid cells and 84480 ghost cells
   Phase space box ((16,24,-9,6) (31,31,-1,11) (0,0,0,0)) is assigned to process 117, has 6912 valid cells and 84480 ghost cells
   Phase space box ((16,24,0,6) (31,31,8,11) (0,0,0,0)) is assigned to process 118, has 6912 valid cells and 84480 ghost cells
   Phase space box ((16,24,9,6) (31,31,17,11) (0,0,0,0)) is assigned to process 119, has 6912 valid cells and 84480 ghost cells
   Phase space box ((16,24,-18,12) (31,31,-10,17) (0,0,0,0)) is assigned to process 120, has 6912 valid cells and 84480 ghost cells
   Phase space box ((16,24,-9,12) (31,31,-1,17) (0,0,0,0)) is assigned to process 121, has 6912 valid cells and 84480 ghost cells
   Phase space box ((16,24,0,12) (31,31,8,17) (0,0,0,0)) is assigned to process 122, has 6912 valid cells and 84480 ghost cells
   Phase space box ((16,24,9,12) (31,31,17,17) (0,0,0,0)) is assigned to process 123, has 6912 valid cells and 84480 ghost cells
   Phase space box ((16,24,-18,18) (31,31,-10,23) (0,0,0,0)) is assigned to process 124, has 6912 valid cells and 84480 ghost cells
   Phase space box ((16,24,-9,18) (31,31,-1,23) (0,0,0,0)) is assigned to process 125, has 6912 valid cells and 84480 ghost cells
   Phase space box ((16,24,0,18) (31,31,8,23) (0,0,0,0)) is assigned to process 126, has 6912 valid cells and 84480 ghost cells
   Phase space box ((16,24,9,18) (31,31,17,23) (0,0,0,0)) is assigned to process 127, has 6912 valid cells and 84480 ghost cells
**** cellSp[0] = 0.19635,  cellSp[1] = 0.19635
**** dimensions = 32, 32
**** cellSp[0] = 0.19635,  cellSp[1] = 0.19635
**** dimensions = 32, 32
**** cellSp[0] = 0.19635,  cellSp[1] = 0.19635
**** dimensions = 32, 32
**** cellSp[0] = 0.19635,  cellSp[1] = 0.19635
**** dimensions = 32, 32
**** cellSp[0] = 0.19635,  cellSp[1] = 0.19635
**** dimensions = 32, 32
**** cellSp[0] = 0.19635,  cellSp[1] = 0.19635
**** dimensions = 32, 32
**** cellSp[0] = 0.19635,  cellSp[1] = 0.19635
**** dimensions = 32, 32
**** cellSp[0] = 0.19635,  cellSp[1] = 0.19635
**** dimensions = 32, 32
**** cellSp[0] = 0.19635,  cellSp[1] = 0.19635
**** dimensions = 32, 32
**** cellSp[0] = 0.19635,  cellSp[1] = 0.19635
**** dimensions = 32, 32
**** cellSp[0] = 0.19635,  cellSp[1] = 0.19635
**** dimensions = 32, 32
**** cellSp[0] = 0.19635,  cellSp[1] = 0.19635
**** dimensions = 32, 32
**** cellSp[0] = 0.19635,  cellSp[1] = 0.19635
**** dimensions = 32, 32
**** cellSp[0] = 0.19635,  cellSp[1] = 0.19635
**** dimensions = 32, 32
**** cellSp[0] = 0.19635,  cellSp[1] = 0.19635
**** dimensions = 32, 32
**** cellSp[0] = 0.19635,  cellSp[1] = 0.19635
**** dimensions = 32, 32
**** cellSp[0] = 0.19635,  cellSp[1] = 0.19635
**** dimensions = 32, 32
**** cellSp[0] = 0.19635,  cellSp[1] = 0.19635
**** dimensions = 32, 32
**** cellSp[0] = 0.19635,  cellSp[1] = 0.19635
**** dimensions = 32, 32
**** cellSp[0] = 0.19635,  cellSp[1] = 0.19635
**** dimensions = 32, 32
**** cellSp[0] = 0.19635,  cellSp[1] = 0.19635
**** dimensions = 32, 32
**** cellSp[0] = 0.19635,  cellSp[1] = 0.19635
**** dimensions = 32, 32
**** cellSp[0] = 0.19635,  cellSp[1] = 0.19635
**** dimensions = 32, 32
**** cellSp[0] = 0.19635,  cellSp[1] = 0.19635
**** dimensions = 32, 32
**** cellSp[0] = 0.19635,  cellSp[1] = 0.19635
**** dimensions = 32, 32
**** cellSp[0] = 0.19635,  cellSp[1] = 0.19635
**** dimensions = 32, 32
**** cellSp[0] = 0.19635,  cellSp[1] = 0.19635
**** dimensions = 32, 32
**** cellSp[0] = 0.19635,  cellSp[1] = 0.19635
**** dimensions = 32, 32
**** cellSp[0] = 0.19635,  cellSp[1] = 0.19635
**** dimensions = 32, 32
**** cellSp[0] = 0.19635,  cellSp[1] = 0.19635
**** dimensions = 32, 32
**** cellSp[0] = 0.19635,  cellSp[1] = 0.19635
**** dimensions = 32, 32
**** cellSp[0] = 0.19635,  cellSp[1] = 0.19635
**** dimensions = 32, 32
**** cellSp[0] = 0.19635,  cellSp[1] = 0.19635
**** dimensions = 32, 32
**** cellSp[0] = 0.19635,  cellSp[1] = 0.19635
**** dimensions = 32, 32
**** cellSp[0] = 0.19635,  cellSp[1] = 0.19635
**** dimensions = 32, 32
**** cellSp[0] = 0.19635,  cellSp[1] = 0.19635
**** dimensions = 32, 32
**** cellSp[0] = 0.19635,  cellSp[1] = 0.19635
**** dimensions = 32, 32
**** cellSp[0] = 0.19635,  cellSp[1] = 0.19635
**** dimensions = 32, 32
**** cellSp[0] = 0.19635,  cellSp[1] = 0.19635
**** dimensions = 32, 32
**** cellSp[0] = 0.19635,  cellSp[1] = 0.19635
**** dimensions = 32, 32
**** cellSp[0] = 0.19635,  cellSp[1] = 0.19635
**** dimensions = 32, 32
**** cellSp[0] = 0.19635,  cellSp[1] = 0.19635
**** dimensions = 32, 32
**** cellSp[0] = 0.19635,  cellSp[1] = 0.19635
**** dimensions = 32, 32
**** cellSp[0] = 0.19635,  cellSp[1] = 0.19635
**** dimensions = 32, 32
**** cellSp[0] = 0.19635,  cellSp[1] = 0.19635
**** dimensions = 32, 32
**** cellSp[0] = 0.19635,  cellSp[1] = 0.19635
**** dimensions = 32, 32
**** cellSp[0] = 0.19635,  cellSp[1] = 0.19635
**** dimensions = 32, 32
**** cellSp[0] = 0.19635,  cellSp[1] = 0.19635
**** dimensions = 32, 32
**** cellSp[0] = 0.19635,  cellSp[1] = 0.19635
**** dimensions = 32, 32
**** cellSp[0] = 0.19635,  cellSp[1] = 0.19635
**** dimensions = 32, 32
**** cellSp[0] = 0.19635,  cellSp[1] = 0.19635
**** dimensions = 32, 32
**** cellSp[0] = 0.19635,  cellSp[1] = 0.19635
**** dimensions = 32, 32
**** cellSp[0] = 0.19635,  cellSp[1] = 0.19635
**** dimensions = 32, 32
**** cellSp[0] = 0.19635,  cellSp[1] = 0.19635
**** dimensions = 32, 32
**** cellSp[0] = 0.19635,  cellSp[1] = 0.19635
**** dimensions = 32, 32
**** cellSp[0] = 0.19635,  cellSp[1] = 0.19635
**** dimensions = 32, 32
**** cellSp[0] = 0.19635,  cellSp[1] = 0.19635
**** dimensions = 32, 32
**** cellSp[0] = 0.19635,  cellSp[1] = 0.19635
**** dimensions = 32, 32
**** cellSp[0] = 0.19635,  cellSp[1] = 0.19635
**** dimensions = 32, 32
**** cellSp[0] = 0.19635,  cellSp[1] = 0.19635
**** dimensions = 32, 32
**** cellSp[0] = 0.19635,  cellSp[1] = 0.19635
**** dimensions = 32, 32
**** cellSp[0] = 0.19635,  cellSp[1] = 0.19635
**** dimensions = 32, 32
   Phase space box ((0,8,-9,6) (15,15,-1,11) (0,0,0,0)) is assigned to process 37, has 6912 valid cells and 84480 ghost cells
   Phase space box ((0,16,-9,6) (15,23,-1,11) (0,0,0,0)) is assigned to process 69, has 6912 valid cells and 84480 ghost cells
   Phase space box ((16,8,0,18) (31,15,8,23) (0,0,0,0)) is assigned to process 62, has 6912 valid cells and 84480 ghost cells
   Phase space box ((0,16,0,18) (15,23,8,23) (0,0,0,0)) is assigned to process 78, has 6912 valid cells and 84480 ghost cells
   Phase space box ((0,8,9,0) (15,15,17,5) (0,0,0,0)) is assigned to process 35, has 6912 valid cells and 84480 ghost cells
   Phase space box ((16,16,-9,12) (31,23,-1,17) (0,0,0,0)) is assigned to process 89, has 6912 valid cells and 84480 ghost cells
   Phase space box ((0,8,-18,6) (15,15,-10,11) (0,0,0,0)) is assigned to process 36, has 6912 valid cells and 84480 ghost cells
   Phase space box ((0,16,-18,0) (15,23,-10,5) (0,0,0,0)) is assigned to process 64, has 6912 valid cells and 84480 ghost cells
   Phase space box ((0,8,0,6) (15,15,8,11) (0,0,0,0)) is assigned to process 38, has 6912 valid cells and 84480 ghost cells
   Phase space box ((0,16,-9,0) (15,23,-1,5) (0,0,0,0)) is assigned to process 65, has 6912 valid cells and 84480 ghost cells
   Phase space box ((0,8,-18,12) (15,15,-10,17) (0,0,0,0)) is assigned to process 40, has 6912 valid cells and 84480 ghost cells
   Phase space box ((0,16,0,0) (15,23,8,5) (0,0,0,0)) is assigned to process 66, has 6912 valid cells and 84480 ghost cells
   Phase space box ((0,8,0,12) (15,15,8,17) (0,0,0,0)) is assigned to process 42, has 6912 valid cells and 84480 ghost cells
   Phase space box ((0,16,9,0) (15,23,17,5) (0,0,0,0)) is assigned to process 67, has 6912 valid cells and 84480 ghost cells
   Phase space box ((0,8,-18,18) (15,15,-10,23) (0,0,0,0)) is assigned to process 44, has 6912 valid cells and 84480 ghost cells
   Phase space box ((0,16,-18,6) (15,23,-10,11) (0,0,0,0)) is assigned to process 68, has 6912 valid cells and 84480 ghost cells
   Phase space box ((0,8,-9,18) (15,15,-1,23) (0,0,0,0)) is assigned to process 45, has 6912 valid cells and 84480 ghost cells
   Phase space box ((0,16,0,6) (15,23,8,11) (0,0,0,0)) is assigned to process 70, has 6912 valid cells and 84480 ghost cells
   Phase space box ((0,8,9,18) (15,15,17,23) (0,0,0,0)) is assigned to process 47, has 6912 valid cells and 84480 ghost cells
   Phase space box ((0,16,9,6) (15,23,17,11) (0,0,0,0)) is assigned to process 71, has 6912 valid cells and 84480 ghost cells
   Phase space box ((16,8,-18,0) (31,15,-10,5) (0,0,0,0)) is assigned to process 48, has 6912 valid cells and 84480 ghost cells
   Phase space box ((0,16,-18,12) (15,23,-10,17) (0,0,0,0)) is assigned to process 72, has 6912 valid cells and 84480 ghost cells
   Phase space box ((16,8,-9,0) (31,15,-1,5) (0,0,0,0)) is assigned to process 49, has 6912 valid cells and 84480 ghost cells
   Phase space box ((0,16,-9,12) (15,23,-1,17) (0,0,0,0)) is assigned to process 73, has 6912 valid cells and 84480 ghost cells
   Phase space box ((16,8,0,0) (31,15,8,5) (0,0,0,0)) is assigned to process 50, has 6912 valid cells and 84480 ghost cells
   Phase space box ((0,16,0,12) (15,23,8,17) (0,0,0,0)) is assigned to process 74, has 6912 valid cells and 84480 ghost cells
   Phase space box ((16,8,9,6) (31,15,17,11) (0,0,0,0)) is assigned to process 55, has 6912 valid cells and 84480 ghost cells
   Phase space box ((0,16,9,12) (15,23,17,17) (0,0,0,0)) is assigned to process 75, has 6912 valid cells and 84480 ghost cells
   Phase space box ((16,8,-9,12) (31,15,-1,17) (0,0,0,0)) is assigned to process 57, has 6912 valid cells and 84480 ghost cells
   Phase space box ((0,16,-9,18) (15,23,-1,23) (0,0,0,0)) is assigned to process 77, has 6912 valid cells and 84480 ghost cells
   Phase space box ((16,8,-18,18) (31,15,-10,23) (0,0,0,0)) is assigned to process 60, has 6912 valid cells and 84480 ghost cells
   Phase space box ((0,16,9,18) (15,23,17,23) (0,0,0,0)) is assigned to process 79, has 6912 valid cells and 84480 ghost cells
   Phase space box ((16,8,-9,18) (31,15,-1,23) (0,0,0,0)) is assigned to process 61, has 6912 valid cells and 84480 ghost cells
   Phase space box ((16,16,-18,0) (31,23,-10,5) (0,0,0,0)) is assigned to process 80, has 6912 valid cells and 84480 ghost cells
   Phase space box ((0,8,-18,0) (15,15,-10,5) (0,0,0,0)) is assigned to process 32, has 6912 valid cells and 84480 ghost cells
   Phase space box ((16,16,-9,0) (31,23,-1,5) (0,0,0,0)) is assigned to process 81, has 6912 valid cells and 84480 ghost cells
   Phase space box ((0,8,-9,0) (15,15,-1,5) (0,0,0,0)) is assigned to process 33, has 6912 valid cells and 84480 ghost cells
   Phase space box ((16,16,0,0) (31,23,8,5) (0,0,0,0)) is assigned to process 82, has 6912 valid cells and 84480 ghost cells
   Phase space box ((0,8,0,0) (15,15,8,5) (0,0,0,0)) is assigned to process 34, has 6912 valid cells and 84480 ghost cells
   Phase space box ((16,16,9,0) (31,23,17,5) (0,0,0,0)) is assigned to process 83, has 6912 valid cells and 84480 ghost cells
   Phase space box ((0,8,9,6) (15,15,17,11) (0,0,0,0)) is assigned to process 39, has 6912 valid cells and 84480 ghost cells
   Phase space box ((16,16,-18,6) (31,23,-10,11) (0,0,0,0)) is assigned to process 84, has 6912 valid cells and 84480 ghost cells
   Phase space box ((0,8,-9,12) (15,15,-1,17) (0,0,0,0)) is assigned to process 41, has 6912 valid cells and 84480 ghost cells
   Phase space box ((16,16,-9,6) (31,23,-1,11) (0,0,0,0)) is assigned to process 85, has 6912 valid cells and 84480 ghost cells
   Phase space box ((0,8,9,12) (15,15,17,17) (0,0,0,0)) is assigned to process 43, has 6912 valid cells and 84480 ghost cells
   Phase space box ((16,16,0,6) (31,23,8,11) (0,0,0,0)) is assigned to process 86, has 6912 valid cells and 84480 ghost cells
   Phase space box ((0,8,0,18) (15,15,8,23) (0,0,0,0)) is assigned to process 46, has 6912 valid cells and 84480 ghost cells
   Phase space box ((16,16,9,6) (31,23,17,11) (0,0,0,0)) is assigned to process 87, has 6912 valid cells and 84480 ghost cells
   Phase space box ((16,8,9,0) (31,15,17,5) (0,0,0,0)) is assigned to process 51, has 6912 valid cells and 84480 ghost cells
   Phase space box ((16,16,-18,12) (31,23,-10,17) (0,0,0,0)) is assigned to process 88, has 6912 valid cells and 84480 ghost cells
   Phase space box ((16,8,-18,6) (31,15,-10,11) (0,0,0,0)) is assigned to process 52, has 6912 valid cells and 84480 ghost cells
   Phase space box ((16,16,0,12) (31,23,8,17) (0,0,0,0)) is assigned to process 90, has 6912 valid cells and 84480 ghost cells
   Phase space box ((16,8,-9,6) (31,15,-1,11) (0,0,0,0)) is assigned to process 53, has 6912 valid cells and 84480 ghost cells
   Phase space box ((16,16,9,12) (31,23,17,17) (0,0,0,0)) is assigned to process 91, has 6912 valid cells and 84480 ghost cells
   Phase space box ((16,8,0,6) (31,15,8,11) (0,0,0,0)) is assigned to process 54, has 6912 valid cells and 84480 ghost cells
   Phase space box ((16,16,-18,18) (31,23,-10,23) (0,0,0,0)) is assigned to process 92, has 6912 valid cells and 84480 ghost cells
   Phase space box ((16,8,-18,12) (31,15,-10,17) (0,0,0,0)) is assigned to process 56, has 6912 valid cells and 84480 ghost cells
   Phase space box ((16,16,-9,18) (31,23,-1,23) (0,0,0,0)) is assigned to process 93, has 6912 valid cells and 84480 ghost cells
   Phase space box ((16,8,0,12) (31,15,8,17) (0,0,0,0)) is assigned to process 58, has 6912 valid cells and 84480 ghost cells
   Phase space box ((16,16,0,18) (31,23,8,23) (0,0,0,0)) is assigned to process 94, has 6912 valid cells and 84480 ghost cells
   Phase space box ((16,8,9,12) (31,15,17,17) (0,0,0,0)) is assigned to process 59, has 6912 valid cells and 84480 ghost cells
   Phase space box ((16,16,9,18) (31,23,17,23) (0,0,0,0)) is assigned to process 95, has 6912 valid cells and 84480 ghost cells
   Phase space box ((16,8,9,18) (31,15,17,23) (0,0,0,0)) is assigned to process 63, has 6912 valid cells and 84480 ghost cells
   Phase space box ((0,16,-18,18) (15,23,-10,23) (0,0,0,0)) is assigned to process 76, has 6912 valid cells and 84480 ghost cells
   Phase space box ((0,0,0,6) (15,7,8,11) (0,0,0,0)) is assigned to process 6, has 6912 valid cells and 84480 ghost cells
   Phase space box ((0,0,-9,18) (15,7,-1,23) (0,0,0,0)) is assigned to process 13, has 6912 valid cells and 84480 ghost cells
   Phase space box ((16,0,-18,0) (31,7,-10,5) (0,0,0,0)) is assigned to process 16, has 6912 valid cells and 84480 ghost cells
   Phase space box ((16,0,-9,6) (31,7,-1,11) (0,0,0,0)) is assigned to process 21, has 6912 valid cells and 84480 ghost cells
   Phase space box ((16,0,0,6) (31,7,8,11) (0,0,0,0)) is assigned to process 22, has 6912 valid cells and 84480 ghost cells
   Phase space box ((16,0,0,12) (31,7,8,17) (0,0,0,0)) is assigned to process 26, has 6912 valid cells and 84480 ghost cells
   Phase space box ((16,0,9,12) (31,7,17,17) (0,0,0,0)) is assigned to process 27, has 6912 valid cells and 84480 ghost cells
   Phase space box ((16,0,-18,18) (31,7,-10,23) (0,0,0,0)) is assigned to process 28, has 6912 valid cells and 84480 ghost cells
   Phase space box ((16,0,9,18) (31,7,17,23) (0,0,0,0)) is assigned to process 31, has 6912 valid cells and 84480 ghost cells
   Phase space box ((0,0,-18,0) (15,7,-10,5) (0,0,0,0)) is assigned to process 0, has 6912 valid cells and 84480 ghost cells
   Phase space box ((0,0,-9,0) (15,7,-1,5) (0,0,0,0)) is assigned to process 1, has 6912 valid cells and 84480 ghost cells
   Phase space box ((0,0,0,0) (15,7,8,5) (0,0,0,0)) is assigned to process 2, has 6912 valid cells and 84480 ghost cells
   Phase space box ((0,0,9,0) (15,7,17,5) (0,0,0,0)) is assigned to process 3, has 6912 valid cells and 84480 ghost cells
   Phase space box ((0,0,-18,6) (15,7,-10,11) (0,0,0,0)) is assigned to process 4, has 6912 valid cells and 84480 ghost cells
   Phase space box ((0,0,-9,6) (15,7,-1,11) (0,0,0,0)) is assigned to process 5, has 6912 valid cells and 84480 ghost cells
   Phase space box ((0,0,9,6) (15,7,17,11) (0,0,0,0)) is assigned to process 7, has 6912 valid cells and 84480 ghost cells
   Phase space box ((0,0,-18,12) (15,7,-10,17) (0,0,0,0)) is assigned to process 8, has 6912 valid cells and 84480 ghost cells
   Phase space box ((0,0,-9,12) (15,7,-1,17) (0,0,0,0)) is assigned to process 9, has 6912 valid cells and 84480 ghost cells
   Phase space box ((0,0,0,12) (15,7,8,17) (0,0,0,0)) is assigned to process 10, has 6912 valid cells and 84480 ghost cells
   Phase space box ((0,0,9,12) (15,7,17,17) (0,0,0,0)) is assigned to process 11, has 6912 valid cells and 84480 ghost cells
   Phase space box ((0,0,-18,18) (15,7,-10,23) (0,0,0,0)) is assigned to process 12, has 6912 valid cells and 84480 ghost cells
   Phase space box ((0,0,0,18) (15,7,8,23) (0,0,0,0)) is assigned to process 14, has 6912 valid cells and 84480 ghost cells
   Phase space box ((0,0,9,18) (15,7,17,23) (0,0,0,0)) is assigned to process 15, has 6912 valid cells and 84480 ghost cells
   Phase space box ((16,0,-9,0) (31,7,-1,5) (0,0,0,0)) is assigned to process 17, has 6912 valid cells and 84480 ghost cells
   Phase space box ((16,0,0,0) (31,7,8,5) (0,0,0,0)) is assigned to process 18, has 6912 valid cells and 84480 ghost cells
   Phase space box ((16,0,9,0) (31,7,17,5) (0,0,0,0)) is assigned to process 19, has 6912 valid cells and 84480 ghost cells
   Phase space box ((16,0,-18,6) (31,7,-10,11) (0,0,0,0)) is assigned to process 20, has 6912 valid cells and 84480 ghost cells
   Phase space box ((16,0,9,6) (31,7,17,11) (0,0,0,0)) is assigned to process 23, has 6912 valid cells and 84480 ghost cells
   Phase space box ((16,0,-18,12) (31,7,-10,17) (0,0,0,0)) is assigned to process 24, has 6912 valid cells and 84480 ghost cells
   Phase space box ((16,0,-9,12) (31,7,-1,17) (0,0,0,0)) is assigned to process 25, has 6912 valid cells and 84480 ghost cells
   Phase space box ((16,0,-9,18) (31,7,-1,23) (0,0,0,0)) is assigned to process 29, has 6912 valid cells and 84480 ghost cells
   Phase space box ((16,0,0,18) (31,7,8,23) (0,0,0,0)) is assigned to process 30, has 6912 valid cells and 84480 ghost cells
Adding species and constructing gyrocenter coordinates...
   hydrogen: kinetic species with mass = 2, charge = 1
Done adding species and constructing coordinates

Grid Function Library =========================

"Ion_vpar_grid_func":
Constant grid function parameters:
  value: 0

"N0_grid_func":
Arbitrary grid function parameters:
  function: (1.5-0.5*cos(x))*(1+0.001*cos(2*y))

"T0_grid_func":
Cosine grid function parameters:
  constant: 0.2
  amplitude: 0
  mode: (1,0)
  phase: (0,0)

"eN0_grid_func":
Arbitrary grid function parameters:
  function: (1.5-0.5*cos(x))*(1+0.001*cos(2*y))

"eT0_grid_func":
Cosine grid function parameters:
  constant: 0.2
  amplitude: 0
  mode: (1,0)
  phase: (0,0)

"ele_vpar_grid_func":
Constant grid function parameters:
  value: 0

"zero_grid_func":
Constant grid function parameters:
  value: 0

===============================================

Kinetic Function Library =========================

"maxwellian_electron_phase_func":
Maxwellian kinetic function parameters:
-- Density --
Arbitrary grid function parameters:
  function: (1.5-0.5*cos(x))*(1+0.001*cos(2*y))

-- Temperature --
Cosine grid function parameters:
  constant: 0.2
  amplitude: 0
  mode: (1,0)
  phase: (0,0)

-- Vparallel --
Constant grid function parameters:
  value: 0


"maxwellian_phase_func":
Maxwellian kinetic function parameters:
-- Density --
Arbitrary grid function parameters:
  function: (1.5-0.5*cos(x))*(1+0.001*cos(2*y))

-- Temperature --
Cosine grid function parameters:
  constant: 0.2
  amplitude: 0
  mode: (1,0)
  phase: (0,0)

-- Vparallel --
Constant grid function parameters:
  value: 0


==================================================

SlabPotentialBC ================================
- variable: potential-------------
  radial_lower: 
     bc_type  = 1
     bc_value = 0
  radial_upper: 
     bc_type  = 1
     bc_value = 0
  poloidal_lower: 
     bc_type  = 1
     bc_value = 0
  poloidal_upper: 
     bc_type  = 1
     bc_value = 0
-----------------------------------------------
===============================================

SlabPhaseBC ================================
- variable: hydrogen-------------
  radial_lower: 
Maxwellian kinetic function parameters:
-- Density --
Arbitrary grid function parameters:
  function: (1.5-0.5*cos(x))*(1+0.001*cos(2*y))

-- Temperature --
Cosine grid function parameters:
  constant: 0.2
  amplitude: 0
  mode: (1,0)
  phase: (0,0)

-- Vparallel --
Constant grid function parameters:
  value: 0


  radial_upper: 
Maxwellian kinetic function parameters:
-- Density --
Arbitrary grid function parameters:
  function: (1.5-0.5*cos(x))*(1+0.001*cos(2*y))

-- Temperature --
Cosine grid function parameters:
  constant: 0.2
  amplitude: 0
  mode: (1,0)
  phase: (0,0)

-- Vparallel --
Constant grid function parameters:
  value: 0


  poloidal_lower: 
Maxwellian kinetic function parameters:
-- Density --
Arbitrary grid function parameters:
  function: (1.5-0.5*cos(x))*(1+0.001*cos(2*y))

-- Temperature --
Cosine grid function parameters:
  constant: 0.2
  amplitude: 0
  mode: (1,0)
  phase: (0,0)

-- Vparallel --
Constant grid function parameters:
  value: 0


  poloidal_upper: 
Maxwellian kinetic function parameters:
-- Density --
Arbitrary grid function parameters:
  function: (1.5-0.5*cos(x))*(1+0.001*cos(2*y))

-- Temperature --
Cosine grid function parameters:
  constant: 0.2
  amplitude: 0
  mode: (1,0)
  phase: (0,0)

-- Vparallel --
Constant grid function parameters:
  value: 0


  vpar_lower: 
Maxwellian kinetic function parameters:
-- Density --
Arbitrary grid function parameters:
  function: (1.5-0.5*cos(x))*(1+0.001*cos(2*y))

-- Temperature --
Cosine grid function parameters:
  constant: 0.2
  amplitude: 0
  mode: (1,0)
  phase: (0,0)

-- Vparallel --
Constant grid function parameters:
  value: 0


  vpar_upper: 
Maxwellian kinetic function parameters:
-- Density --
Arbitrary grid function parameters:
  function: (1.5-0.5*cos(x))*(1+0.001*cos(2*y))

-- Temperature --
Cosine grid function parameters:
  constant: 0.2
  amplitude: 0
  mode: (1,0)
  phase: (0,0)

-- Vparallel --
Constant grid function parameters:
  value: 0


  mu_lower: 
Maxwellian kinetic function parameters:
-- Density --
Arbitrary grid function parameters:
  function: (1.5-0.5*cos(x))*(1+0.001*cos(2*y))

-- Temperature --
Cosine grid function parameters:
  constant: 0.2
  amplitude: 0
  mode: (1,0)
  phase: (0,0)

-- Vparallel --
Constant grid function parameters:
  value: 0


  mu_upper: 
Maxwellian kinetic function parameters:
-- Density --
Arbitrary grid function parameters:
  function: (1.5-0.5*cos(x))*(1+0.001*cos(2*y))

-- Temperature --
Cosine grid function parameters:
  constant: 0.2
  amplitude: 0
  mode: (1,0)
  phase: (0,0)

-- Vparallel --
Constant grid function parameters:
  value: 0


-----------------------------------------------
===============================================
No collision model specified for hydrogen.
Collision model for 0	hydrogen:	None
Time integration method: rk (4)
GKPoissonAdiabaticElectron parameters:
   Debye number squared = 5.52635e-10
   Larmor number squared = 1.04397e-05
   prefactor_strategy = 5
   nonlinear_relative_tolerance = 1e-05
   nonlinear_maximum_iterations = 20
  Distribution Function Extrema:
    Species 0:	0.000332643 [max]	-1.34162e-11 [min]


Step 1
../src/driver/Simulation.cpp:379: Assertion `dtStable > 1.0e-16' failed. !!!
../src/driver/Simulation.cpp:379: Assertion `dtStable > 1.0e-16' failed. !!!
Rank 32 [Mon Feb  1 16:03:46 2016] [c0-0c0s7n1] application called MPI_Abort(MPI_COMM_WORLD, 255) - process 32
../src/driver/Simulation.cpp:379: Assertion `dtStable > 1.0e-16' failed. !!!
../src/driver/Simulation.cpp:379: Assertion `dtStable > 1.0e-16' failed. !!!
../src/driver/Simulation.cpp:379: Assertion `dtStable > 1.0e-16' failed. !!!
../src/driver/Simulation.cpp:379: Assertion `dtStable > 1.0e-16' failed. !!!
../src/driver/Simulation.cpp:379: Assertion `dtStable > 1.0e-16' failed. !!!
../src/driver/Simulation.cpp:379: Assertion `dtStable > 1.0e-16' failed. !!!
../src/driver/Simulation.cpp:379: Assertion `dtStable > 1.0e-16' failed. !!!
../src/driver/Simulation.cpp:379: Assertion `dtStable > 1.0e-16' failed. !!!
../src/driver/Simulation.cpp:379: Assertion `dtStable > 1.0e-16' failed. !!!
../src/driver/Simulation.cpp:379: Assertion `dtStable > 1.0e-16' failed. !!!
../src/driver/Simulation.cpp:379: Assertion `dtStable > 1.0e-16' failed. !!!
../src/driver/Simulation.cpp:379: Assertion `dtStable > 1.0e-16' failed. !!!
../src/driver/Simulation.cpp:379: Assertion `dtStable > 1.0e-16' failed. !!!
../src/driver/Simulation.cpp:379: Assertion `dtStable > 1.0e-16' failed. !!!
../src/driver/Simulation.cpp:379: Assertion `dtStable > 1.0e-16' failed. !!!
../src/driver/Simulation.cpp:379: Assertion `dtStable > 1.0e-16' failed. !!!
../src/driver/Simulation.cpp:379: Assertion `dtStable > 1.0e-16' failed. !!!
../src/driver/Simulation.cpp:379: Assertion `dtStable > 1.0e-16' failed. !!!
../src/driver/Simulation.cpp:379: Assertion `dtStable > 1.0e-16' failed. !!!
../src/driver/Simulation.cpp:379: Assertion `dtStable > 1.0e-16' failed. !!!
../src/driver/Simulation.cpp:379: Assertion `dtStable > 1.0e-16' failed. !!!
../src/driver/Simulation.cpp:379: Assertion `dtStable > 1.0e-16' failed. !!!
../src/driver/Simulation.cpp:379: Assertion `dtStable > 1.0e-16' failed. !!!
../src/driver/Simulation.cpp:379: Assertion `dtStable > 1.0e-16' failed. !!!
../src/driver/Simulation.cpp:379: Assertion `dtStable > 1.0e-16' failed. !!!
../src/driver/Simulation.cpp:379: Assertion `dtStable > 1.0e-16' failed. !!!
../src/driver/Simulation.cpp:379: Assertion `dtStable > 1.0e-16' failed. !!!
../src/driver/Simulation.cpp:379: Assertion `dtStable > 1.0e-16' failed. !!!
../src/driver/Simulation.cpp:379: Assertion `dtStable > 1.0e-16' failed. !!!
../src/driver/Simulation.cpp:379: Assertion `dtStable > 1.0e-16' failed. !!!
../src/driver/Simulation.cpp:379: Assertion `dtStable > 1.0e-16' failed. !!!
../src/driver/Simulation.cpp:379: Assertion `dtStable > 1.0e-16' failed. !!!
../src/driver/Simulation.cpp:379: Assertion `dtStable > 1.0e-16' failed. !!!
../src/driver/Simulation.cpp:379: Assertion `dtStable > 1.0e-16' failed. !!!
../src/driver/Simulation.cpp:379: Assertion `dtStable > 1.0e-16' failed. !!!
../src/driver/Simulation.cpp:379: Assertion `dtStable > 1.0e-16' failed. !!!
../src/driver/Simulation.cpp:379: Assertion `dtStable > 1.0e-16' failed. !!!
../src/driver/Simulation.cpp:379: Assertion `dtStable > 1.0e-16' failed. !!!
../src/driver/Simulation.cpp:379: Assertion `dtStable > 1.0e-16' failed. !!!
../src/driver/Simulation.cpp:379: Assertion `dtStable > 1.0e-16' failed. !!!
../src/driver/Simulation.cpp:379: Assertion `dtStable > 1.0e-16' failed. !!!
../src/driver/Simulation.cpp:379: Assertion `dtStable > 1.0e-16' failed. !!!
../src/driver/Simulation.cpp:379: Assertion `dtStable > 1.0e-16' failed. !!!
../src/driver/Simulation.cpp:379: Assertion `dtStable > 1.0e-16' failed. !!!
../src/driver/Simulation.cpp:379: Assertion `dtStable > 1.0e-16' failed. !!!
../src/driver/Simulation.cpp:379: Assertion `dtStable > 1.0e-16' failed. !!!
../src/driver/Simulation.cpp:379: Assertion `dtStable > 1.0e-16' failed. !!!
../src/driver/Simulation.cpp:379: Assertion `dtStable > 1.0e-16' failed. !!!
../src/driver/Simulation.cpp:379: Assertion `dtStable > 1.0e-16' failed. !!!
../src/driver/Simulation.cpp:379: Assertion `dtStable > 1.0e-16' failed. !!!
../src/driver/Simulation.cpp:379: Assertion `dtStable > 1.0e-16' failed. !!!
../src/driver/Simulation.cpp:379: Assertion `dtStable > 1.0e-16' failed. !!!
../src/driver/Simulation.cpp:379: Assertion `dtStable > 1.0e-16' failed. !!!
../src/driver/Simulation.cpp:379: Assertion `dtStable > 1.0e-16' failed. !!!
../src/driver/Simulation.cpp:379: Assertion `dtStable > 1.0e-16' failed. !!!
../src/driver/Simulation.cpp:379: Assertion `dtStable > 1.0e-16' failed. !!!
../src/driver/Simulation.cpp:379: Assertion `dtStable > 1.0e-16' failed. !!!
../src/driver/Simulation.cpp:379: Assertion `dtStable > 1.0e-16' failed. !!!
../src/driver/Simulation.cpp:379: Assertion `dtStable > 1.0e-16' failed. !!!
../src/driver/Simulation.cpp:379: Assertion `dtStable > 1.0e-16' failed. !!!
../src/driver/Simulation.cpp:379: Assertion `dtStable > 1.0e-16' failed. !!!
../src/driver/Simulation.cpp:379: Assertion `dtStable > 1.0e-16' failed. !!!
Rank 64 [Mon Feb  1 16:03:46 2016] [c0-0c0s7n2] application called MPI_Abort(MPI_COMM_WORLD, 255) - process 64
../src/driver/Simulation.cpp:379: Assertion `dtStable > 1.0e-16' failed. !!!
../src/driver/Simulation.cpp:379: Assertion `dtStable > 1.0e-16' failed. !!!
../src/driver/Simulation.cpp:379: Assertion `dtStable > 1.0e-16' failed. !!!
../src/driver/Simulation.cpp:379: Assertion `dtStable > 1.0e-16' failed. !!!
../src/driver/Simulation.cpp:379: Assertion `dtStable > 1.0e-16' failed. !!!
../src/driver/Simulation.cpp:379: Assertion `dtStable > 1.0e-16' failed. !!!
../src/driver/Simulation.cpp:379: Assertion `dtStable > 1.0e-16' failed. !!!
../src/driver/Simulation.cpp:379: Assertion `dtStable > 1.0e-16' failed. !!!
../src/driver/Simulation.cpp:379: Assertion `dtStable > 1.0e-16' failed. !!!
../src/driver/Simulation.cpp:379: Assertion `dtStable > 1.0e-16' failed. !!!
../src/driver/Simulation.cpp:379: Assertion `dtStable > 1.0e-16' failed. !!!
../src/driver/Simulation.cpp:379: Assertion `dtStable > 1.0e-16' failed. !!!
../src/driver/Simulation.cpp:379: Assertion `dtStable > 1.0e-16' failed. !!!
../src/driver/Simulation.cpp:379: Assertion `dtStable > 1.0e-16' failed. !!!
../src/driver/Simulation.cpp:379: Assertion `dtStable > 1.0e-16' failed. !!!
../src/driver/Simulation.cpp:379: Assertion `dtStable > 1.0e-16' failed. !!!
../src/driver/Simulation.cpp:379: Assertion `dtStable > 1.0e-16' failed. !!!
../src/driver/Simulation.cpp:379: Assertion `dtStable > 1.0e-16' failed. !!!
../src/driver/Simulation.cpp:379: Assertion `dtStable > 1.0e-16' failed. !!!
../src/driver/Simulation.cpp:379: Assertion `dtStable > 1.0e-16' failed. !!!
../src/driver/Simulation.cpp:379: Assertion `dtStable > 1.0e-16' failed. !!!
../src/driver/Simulation.cpp:379: Assertion `dtStable > 1.0e-16' failed. !!!
../src/driver/Simulation.cpp:379: Assertion `dtStable > 1.0e-16' failed. !!!
../src/driver/Simulation.cpp:379: Assertion `dtStable > 1.0e-16' failed. !!!
../src/driver/Simulation.cpp:379: Assertion `dtStable > 1.0e-16' failed. !!!
../src/driver/Simulation.cpp:379: Assertion `dtStable > 1.0e-16' failed. !!!
../src/driver/Simulation.cpp:379: Assertion `dtStable > 1.0e-16' failed. !!!
../src/driver/Simulation.cpp:379: Assertion `dtStable > 1.0e-16' failed. !!!
../src/driver/Simulation.cpp:379: Assertion `dtStable > 1.0e-16' failed. !!!
../src/driver/Simulation.cpp:379: Assertion `dtStable > 1.0e-16' failed. !!!
../src/driver/Simulation.cpp:379: Assertion `dtStable > 1.0e-16' failed. !!!
../src/driver/Simulation.cpp:379: Assertion `dtStable > 1.0e-16' failed. !!!
../src/driver/Simulation.cpp:379: Assertion `dtStable > 1.0e-16' failed. !!!
../src/driver/Simulation.cpp:379: Assertion `dtStable > 1.0e-16' failed. !!!
../src/driver/Simulation.cpp:379: Assertion `dtStable > 1.0e-16' failed. !!!
../src/driver/Simulation.cpp:379: Assertion `dtStable > 1.0e-16' failed. !!!
../src/driver/Simulation.cpp:379: Assertion `dtStable > 1.0e-16' failed. !!!
../src/driver/Simulation.cpp:379: Assertion `dtStable > 1.0e-16' failed. !!!
../src/driver/Simulation.cpp:379: Assertion `dtStable > 1.0e-16' failed. !!!
../src/driver/Simulation.cpp:379: Assertion `dtStable > 1.0e-16' failed. !!!
../src/driver/Simulation.cpp:379: Assertion `dtStable > 1.0e-16' failed. !!!
../src/driver/Simulation.cpp:379: Assertion `dtStable > 1.0e-16' failed. !!!
../src/driver/Simulation.cpp:379: Assertion `dtStable > 1.0e-16' failed. !!!
../src/driver/Simulation.cpp:379: Assertion `dtStable > 1.0e-16' failed. !!!
../src/driver/Simulation.cpp:379: Assertion `dtStable > 1.0e-16' failed. !!!
../src/driver/Simulation.cpp:379: Assertion `dtStable > 1.0e-16' failed. !!!
../src/driver/Simulation.cpp:379: Assertion `dtStable > 1.0e-16' failed. !!!
../src/driver/Simulation.cpp:379: Assertion `dtStable > 1.0e-16' failed. !!!
../src/driver/Simulation.cpp:379: Assertion `dtStable > 1.0e-16' failed. !!!
../src/driver/Simulation.cpp:379: Assertion `dtStable > 1.0e-16' failed. !!!
../src/driver/Simulation.cpp:379: Assertion `dtStable > 1.0e-16' failed. !!!
../src/driver/Simulation.cpp:379: Assertion `dtStable > 1.0e-16' failed. !!!
../src/driver/Simulation.cpp:379: Assertion `dtStable > 1.0e-16' failed. !!!
../src/driver/Simulation.cpp:379: Assertion `dtStable > 1.0e-16' failed. !!!
../src/driver/Simulation.cpp:379: Assertion `dtStable > 1.0e-16' failed. !!!
../src/driver/Simulation.cpp:379: Assertion `dtStable > 1.0e-16' failed. !!!
../src/driver/Simulation.cpp:379: Assertion `dtStable > 1.0e-16' failed. !!!
../src/driver/Simulation.cpp:379: Assertion `dtStable > 1.0e-16' failed. !!!
../src/driver/Simulation.cpp:379: Assertion `dtStable > 1.0e-16' failed. !!!
../src/driver/Simulation.cpp:379: Assertion `dtStable > 1.0e-16' failed. !!!
../src/driver/Simulation.cpp:379: Assertion `dtStable > 1.0e-16' failed. !!!
../src/driver/Simulation.cpp:379: Assertion `dtStable > 1.0e-16' failed. !!!
../src/driver/Simulation.cpp:379: Assertion `dtStable > 1.0e-16' failed. !!!
../src/driver/Simulation.cpp:379: Assertion `dtStable > 1.0e-16' failed. !!!
Rank 65 [Mon Feb  1 16:03:46 2016] [c0-0c0s7n2] application called MPI_Abort(MPI_COMM_WORLD, 255) - process 65
Rank 39 [Mon Feb  1 16:03:46 2016] [c0-0c0s7n1] application called MPI_Abort(MPI_COMM_WORLD, 255) - process 39
Rank 66 [Mon Feb  1 16:03:46 2016] [c0-0c0s7n2] application called MPI_Abort(MPI_COMM_WORLD, 255) - process 66
Rank 40 [Mon Feb  1 16:03:46 2016] [c0-0c0s7n1] application called MPI_Abort(MPI_COMM_WORLD, 255) - process 40
Rank 72 [Mon Feb  1 16:03:46 2016] [c0-0c0s7n2] application called MPI_Abort(MPI_COMM_WORLD, 255) - process 72
Rank 45 [Mon Feb  1 16:03:46 2016] [c0-0c0s7n1] application called MPI_Abort(MPI_COMM_WORLD, 255) - process 45
Rank 77 [Mon Feb  1 16:03:46 2016] [c0-0c0s7n2] application called MPI_Abort(MPI_COMM_WORLD, 255) - process 77
Rank 78 [Mon Feb  1 16:03:46 2016] [c0-0c0s7n2] application called MPI_Abort(MPI_COMM_WORLD, 255) - process 78
Rank 29 [Mon Feb  1 16:03:46 2016] [c0-0c0s7n0] application called MPI_Abort(MPI_COMM_WORLD, 255) - process 29
Rank 82 [Mon Feb  1 16:03:46 2016] [c0-0c0s7n2] application called MPI_Abort(MPI_COMM_WORLD, 255) - process 82
Rank 33 [Mon Feb  1 16:03:46 2016] [c0-0c0s7n1] application called MPI_Abort(MPI_COMM_WORLD, 255) - process 33
Rank 81 [Mon Feb  1 16:03:46 2016] [c0-0c0s7n2] application called MPI_Abort(MPI_COMM_WORLD, 255) - process 81
Rank 13 [Mon Feb  1 16:03:46 2016] [c0-0c0s7n0] application called MPI_Abort(MPI_COMM_WORLD, 255) - process 13
Rank 94 [Mon Feb  1 16:03:46 2016] [c0-0c0s7n2] application called MPI_Abort(MPI_COMM_WORLD, 255) - process 94
Rank 37 [Mon Feb  1 16:03:46 2016] [c0-0c0s7n1] application called MPI_Abort(MPI_COMM_WORLD, 255) - process 37
Rank 68 [Mon Feb  1 16:03:46 2016] [c0-0c0s7n2] application called MPI_Abort(MPI_COMM_WORLD, 255) - process 68
Rank 17 [Mon Feb  1 16:03:46 2016] [c0-0c0s7n0] application called MPI_Abort(MPI_COMM_WORLD, 255) - process 17
Rank 43 [Mon Feb  1 16:03:46 2016] [c0-0c0s7n1] application called MPI_Abort(MPI_COMM_WORLD, 255) - process 43
Rank 109 [Mon Feb  1 16:03:46 2016] [c0-0c0s7n3] application called MPI_Abort(MPI_COMM_WORLD, 255) - process 109
Rank 93 [Mon Feb  1 16:03:46 2016] [c0-0c0s7n2] application called MPI_Abort(MPI_COMM_WORLD, 255) - process 93
Rank 19 [Mon Feb  1 16:03:46 2016] [c0-0c0s7n0] application called MPI_Abort(MPI_COMM_WORLD, 255) - process 19
Rank 46 [Mon Feb  1 16:03:46 2016] [c0-0c0s7n1] application called MPI_Abort(MPI_COMM_WORLD, 255) - process 46
Rank 84 [Mon Feb  1 16:03:46 2016] [c0-0c0s7n2] application called MPI_Abort(MPI_COMM_WORLD, 255) - process 84
Rank 113 [Mon Feb  1 16:03:46 2016] [c0-0c0s7n3] application called MPI_Abort(MPI_COMM_WORLD, 255) - process 113
Rank 52 [Mon Feb  1 16:03:46 2016] [c0-0c0s7n1] application called MPI_Abort(MPI_COMM_WORLD, 255) - process 52
Rank 87 [Mon Feb  1 16:03:46 2016] [c0-0c0s7n2] application called MPI_Abort(MPI_COMM_WORLD, 255) - process 87
Rank 18 [Mon Feb  1 16:03:46 2016] [c0-0c0s7n0] application called MPI_Abort(MPI_COMM_WORLD, 255) - process 18
Rank 125 [Mon Feb  1 16:03:46 2016] [c0-0c0s7n3] application called MPI_Abort(MPI_COMM_WORLD, 255) - process 125
Rank 61 [Mon Feb  1 16:03:46 2016] [c0-0c0s7n1] application called MPI_Abort(MPI_COMM_WORLD, 255) - process 61
Rank 91 [Mon Feb  1 16:03:46 2016] [c0-0c0s7n2] application called MPI_Abort(MPI_COMM_WORLD, 255) - process 91
Rank 62 [Mon Feb  1 16:03:46 2016] [c0-0c0s7n1] application called MPI_Abort(MPI_COMM_WORLD, 255) - process 62
Rank 88 [Mon Feb  1 16:03:46 2016] [c0-0c0s7n2] application called MPI_Abort(MPI_COMM_WORLD, 255) - process 88
Rank 30 [Mon Feb  1 16:03:46 2016] [c0-0c0s7n0] application called MPI_Abort(MPI_COMM_WORLD, 255) - process 30
Rank 107 [Mon Feb  1 16:03:46 2016] [c0-0c0s7n3] application called MPI_Abort(MPI_COMM_WORLD, 255) - process 107
Rank 71 [Mon Feb  1 16:03:46 2016] [c0-0c0s7n2] application called MPI_Abort(MPI_COMM_WORLD, 255) - process 71
Rank 116 [Mon Feb  1 16:03:46 2016] [c0-0c0s7n3] application called MPI_Abort(MPI_COMM_WORLD, 255) - process 116
Rank 36 [Mon Feb  1 16:03:46 2016] [c0-0c0s7n1] application called MPI_Abort(MPI_COMM_WORLD, 255) - process 36
Rank 74 [Mon Feb  1 16:03:46 2016] [c0-0c0s7n2] application called MPI_Abort(MPI_COMM_WORLD, 255) - process 74
Rank 1 [Mon Feb  1 16:03:46 2016] [c0-0c0s7n0] application called MPI_Abort(MPI_COMM_WORLD, 255) - process 1
Rank 126 [Mon Feb  1 16:03:46 2016] [c0-0c0s7n3] application called MPI_Abort(MPI_COMM_WORLD, 255) - process 126
Rank 49 [Mon Feb  1 16:03:46 2016] [c0-0c0s7n1] application called MPI_Abort(MPI_COMM_WORLD, 255) - process 49
Rank 75 [Mon Feb  1 16:03:46 2016] [c0-0c0s7n2] application called MPI_Abort(MPI_COMM_WORLD, 255) - process 75
Rank 97 [Mon Feb  1 16:03:46 2016] [c0-0c0s7n3] application called MPI_Abort(MPI_COMM_WORLD, 255) - process 97
Rank 56 [Mon Feb  1 16:03:46 2016] [c0-0c0s7n1] application called MPI_Abort(MPI_COMM_WORLD, 255) - process 56
Rank 86 [Mon Feb  1 16:03:46 2016] [c0-0c0s7n2] application called MPI_Abort(MPI_COMM_WORLD, 255) - process 86
Rank 4 [Mon Feb  1 16:03:46 2016] [c0-0c0s7n0] application called MPI_Abort(MPI_COMM_WORLD, 255) - process 4
Rank 119 [Mon Feb  1 16:03:46 2016] [c0-0c0s7n3] application called MPI_Abort(MPI_COMM_WORLD, 255) - process 119
Rank 58 [Mon Feb  1 16:03:46 2016] [c0-0c0s7n1] application called MPI_Abort(MPI_COMM_WORLD, 255) - process 58
Rank 34 [Mon Feb  1 16:03:46 2016] [c0-0c0s7n1] application called MPI_Abort(MPI_COMM_WORLD, 255) - process 34
Rank 70 [Mon Feb  1 16:03:46 2016] [c0-0c0s7n2] application called MPI_Abort(MPI_COMM_WORLD, 255) - process 70
Rank 14 [Mon Feb  1 16:03:46 2016] [c0-0c0s7n0] application called MPI_Abort(MPI_COMM_WORLD, 255) - process 14
Rank 123 [Mon Feb  1 16:03:46 2016] [c0-0c0s7n3] application called MPI_Abort(MPI_COMM_WORLD, 255) - process 123
Rank 50 [Mon Feb  1 16:03:46 2016] [c0-0c0s7n1] application called MPI_Abort(MPI_COMM_WORLD, 255) - process 50
Rank 90 [Mon Feb  1 16:03:46 2016] [c0-0c0s7n2] application called MPI_Abort(MPI_COMM_WORLD, 255) - process 90
Rank 104 [Mon Feb  1 16:03:46 2016] [c0-0c0s7n3] application called MPI_Abort(MPI_COMM_WORLD, 255) - process 104
Rank 59 [Mon Feb  1 16:03:46 2016] [c0-0c0s7n1] application called MPI_Abort(MPI_COMM_WORLD, 255) - process 59
Rank 76 [Mon Feb  1 16:03:46 2016] [c0-0c0s7n2] application called MPI_Abort(MPI_COMM_WORLD, 255) - process 76
Rank 23 [Mon Feb  1 16:03:46 2016] [c0-0c0s7n0] application called MPI_Abort(MPI_COMM_WORLD, 255) - process 23
Rank 100 [Mon Feb  1 16:03:46 2016] [c0-0c0s7n3] application called MPI_Abort(MPI_COMM_WORLD, 255) - process 100
Rank 38 [Mon Feb  1 16:03:46 2016] [c0-0c0s7n1] application called MPI_Abort(MPI_COMM_WORLD, 255) - process 38
Rank 80 [Mon Feb  1 16:03:46 2016] [c0-0c0s7n2] application called MPI_Abort(MPI_COMM_WORLD, 255) - process 80
Rank 120 [Mon Feb  1 16:03:46 2016] [c0-0c0s7n3] application called MPI_Abort(MPI_COMM_WORLD, 255) - process 120
Rank 85 [Mon Feb  1 16:03:46 2016] [c0-0c0s7n2] application called MPI_Abort(MPI_COMM_WORLD, 255) - process 85
Rank 103 [Mon Feb  1 16:03:46 2016] [c0-0c0s7n3] application called MPI_Abort(MPI_COMM_WORLD, 255) - process 103
Rank 54 [Mon Feb  1 16:03:46 2016] [c0-0c0s7n1] application called MPI_Abort(MPI_COMM_WORLD, 255) - process 54
Rank 73 [Mon Feb  1 16:03:46 2016] [c0-0c0s7n2] application called MPI_Abort(MPI_COMM_WORLD, 255) - process 73
Rank 7 [Mon Feb  1 16:03:46 2016] [c0-0c0s7n0] application called MPI_Abort(MPI_COMM_WORLD, 255) - process 7
Rank 48 [Mon Feb  1 16:03:46 2016] [c0-0c0s7n1] application called MPI_Abort(MPI_COMM_WORLD, 255) - process 48
Rank 92 [Mon Feb  1 16:03:46 2016] [c0-0c0s7n2] application called MPI_Abort(MPI_COMM_WORLD, 255) - process 92
Rank 110 [Mon Feb  1 16:03:46 2016] [c0-0c0s7n3] application called MPI_Abort(MPI_COMM_WORLD, 255) - process 110
Rank 55 [Mon Feb  1 16:03:46 2016] [c0-0c0s7n1] application called MPI_Abort(MPI_COMM_WORLD, 255) - process 55
Rank 69 [Mon Feb  1 16:03:46 2016] [c0-0c0s7n2] application called MPI_Abort(MPI_COMM_WORLD, 255) - process 69
Rank 11 [Mon Feb  1 16:03:46 2016] [c0-0c0s7n0] application called MPI_Abort(MPI_COMM_WORLD, 255) - process 11
Rank 114 [Mon Feb  1 16:03:46 2016] [c0-0c0s7n3] application called MPI_Abort(MPI_COMM_WORLD, 255) - process 114
Rank 41 [Mon Feb  1 16:03:46 2016] [c0-0c0s7n1] application called MPI_Abort(MPI_COMM_WORLD, 255) - process 41
Rank 79 [Mon Feb  1 16:03:46 2016] [c0-0c0s7n2] application called MPI_Abort(MPI_COMM_WORLD, 255) - process 79
Rank 117 [Mon Feb  1 16:03:46 2016] [c0-0c0s7n3] application called MPI_Abort(MPI_COMM_WORLD, 255) - process 117
Rank 51 [Mon Feb  1 16:03:46 2016] [c0-0c0s7n1] application called MPI_Abort(MPI_COMM_WORLD, 255) - process 51
Rank 83 [Mon Feb  1 16:03:46 2016] [c0-0c0s7n2] application called MPI_Abort(MPI_COMM_WORLD, 255) - process 83
Rank 20 [Mon Feb  1 16:03:46 2016] [c0-0c0s7n0] application called MPI_Abort(MPI_COMM_WORLD, 255) - process 20
Rank 98 [Mon Feb  1 16:03:46 2016] [c0-0c0s7n3] application called MPI_Abort(MPI_COMM_WORLD, 255) - process 98
Rank 57 [Mon Feb  1 16:03:46 2016] [c0-0c0s7n1] application called MPI_Abort(MPI_COMM_WORLD, 255) - process 57
Rank 89 [Mon Feb  1 16:03:46 2016] [c0-0c0s7n2] application called MPI_Abort(MPI_COMM_WORLD, 255) - process 89
Rank 121 [Mon Feb  1 16:03:46 2016] [c0-0c0s7n3] application called MPI_Abort(MPI_COMM_WORLD, 255) - process 121
Rank 53 [Mon Feb  1 16:03:46 2016] [c0-0c0s7n1] application called MPI_Abort(MPI_COMM_WORLD, 255) - process 53
Rank 27 [Mon Feb  1 16:03:46 2016] [c0-0c0s7n0] application called MPI_Abort(MPI_COMM_WORLD, 255) - process 27
Rank 124 [Mon Feb  1 16:03:46 2016] [c0-0c0s7n3] application called MPI_Abort(MPI_COMM_WORLD, 255) - process 124
Rank 60 [Mon Feb  1 16:03:46 2016] [c0-0c0s7n1] application called MPI_Abort(MPI_COMM_WORLD, 255) - process 60
Rank 67 [Mon Feb  1 16:03:46 2016] [c0-0c0s7n2] application called MPI_Abort(MPI_COMM_WORLD, 255) - process 67
Rank 2 [Mon Feb  1 16:03:46 2016] [c0-0c0s7n0] application called MPI_Abort(MPI_COMM_WORLD, 255) - process 2
Rank 96 [Mon Feb  1 16:03:46 2016] [c0-0c0s7n3] application called MPI_Abort(MPI_COMM_WORLD, 255) - process 96
Rank 42 [Mon Feb  1 16:03:46 2016] [c0-0c0s7n1] application called MPI_Abort(MPI_COMM_WORLD, 255) - process 42
Rank 95 [Mon Feb  1 16:03:46 2016] [c0-0c0s7n2] application called MPI_Abort(MPI_COMM_WORLD, 255) - process 95
Rank 8 [Mon Feb  1 16:03:46 2016] [c0-0c0s7n0] application called MPI_Abort(MPI_COMM_WORLD, 255) - process 8
Rank 106 [Mon Feb  1 16:03:46 2016] [c0-0c0s7n3] application called MPI_Abort(MPI_COMM_WORLD, 255) - process 106
Rank 44 [Mon Feb  1 16:03:46 2016] [c0-0c0s7n1] application called MPI_Abort(MPI_COMM_WORLD, 255) - process 44
Rank 47 [Mon Feb  1 16:03:46 2016] [c0-0c0s7n1] application called MPI_Abort(MPI_COMM_WORLD, 255) - process 47
Rank 9 [Mon Feb  1 16:03:46 2016] [c0-0c0s7n0] application called MPI_Abort(MPI_COMM_WORLD, 255) - process 9
Rank 105 [Mon Feb  1 16:03:46 2016] [c0-0c0s7n3] application called MPI_Abort(MPI_COMM_WORLD, 255) - process 105
Rank 63 [Mon Feb  1 16:03:46 2016] [c0-0c0s7n1] application called MPI_Abort(MPI_COMM_WORLD, 255) - process 63
Rank 24 [Mon Feb  1 16:03:46 2016] [c0-0c0s7n0] application called MPI_Abort(MPI_COMM_WORLD, 255) - process 24
Rank 101 [Mon Feb  1 16:03:46 2016] [c0-0c0s7n3] application called MPI_Abort(MPI_COMM_WORLD, 255) - process 101
Rank 21 [Mon Feb  1 16:03:46 2016] [c0-0c0s7n0] application called MPI_Abort(MPI_COMM_WORLD, 255) - process 21
Rank 118 [Mon Feb  1 16:03:46 2016] [c0-0c0s7n3] application called MPI_Abort(MPI_COMM_WORLD, 255) - process 118
Rank 35 [Mon Feb  1 16:03:46 2016] [c0-0c0s7n1] application called MPI_Abort(MPI_COMM_WORLD, 255) - process 35
Rank 22 [Mon Feb  1 16:03:46 2016] [c0-0c0s7n0] application called MPI_Abort(MPI_COMM_WORLD, 255) - process 22
Rank 122 [Mon Feb  1 16:03:46 2016] [c0-0c0s7n3] application called MPI_Abort(MPI_COMM_WORLD, 255) - process 122
Rank 115 [Mon Feb  1 16:03:46 2016] [c0-0c0s7n3] application called MPI_Abort(MPI_COMM_WORLD, 255) - process 115
Rank 108 [Mon Feb  1 16:03:46 2016] [c0-0c0s7n3] application called MPI_Abort(MPI_COMM_WORLD, 255) - process 108
Rank 5 [Mon Feb  1 16:03:46 2016] [c0-0c0s7n0] application called MPI_Abort(MPI_COMM_WORLD, 255) - process 5
Rank 112 [Mon Feb  1 16:03:46 2016] [c0-0c0s7n3] application called MPI_Abort(MPI_COMM_WORLD, 255) - process 112
Rank 25 [Mon Feb  1 16:03:46 2016] [c0-0c0s7n0] application called MPI_Abort(MPI_COMM_WORLD, 255) - process 25
Rank 127 [Mon Feb  1 16:03:46 2016] [c0-0c0s7n3] application called MPI_Abort(MPI_COMM_WORLD, 255) - process 127
Rank 111 [Mon Feb  1 16:03:46 2016] [c0-0c0s7n3] application called MPI_Abort(MPI_COMM_WORLD, 255) - process 111
Rank 28 [Mon Feb  1 16:03:46 2016] [c0-0c0s7n0] application called MPI_Abort(MPI_COMM_WORLD, 255) - process 28
Rank 99 [Mon Feb  1 16:03:46 2016] [c0-0c0s7n3] application called MPI_Abort(MPI_COMM_WORLD, 255) - process 99
Rank 16 [Mon Feb  1 16:03:46 2016] [c0-0c0s7n0] application called MPI_Abort(MPI_COMM_WORLD, 255) - process 16
Rank 102 [Mon Feb  1 16:03:46 2016] [c0-0c0s7n3] application called MPI_Abort(MPI_COMM_WORLD, 255) - process 102
Rank 0 [Mon Feb  1 16:03:46 2016] [c0-0c0s7n0] application called MPI_Abort(MPI_COMM_WORLD, 255) - process 0
Rank 3 [Mon Feb  1 16:03:46 2016] [c0-0c0s7n0] application called MPI_Abort(MPI_COMM_WORLD, 255) - process 3
Rank 6 [Mon Feb  1 16:03:46 2016] [c0-0c0s7n0] application called MPI_Abort(MPI_COMM_WORLD, 255) - process 6
Rank 10 [Mon Feb  1 16:03:46 2016] [c0-0c0s7n0] application called MPI_Abort(MPI_COMM_WORLD, 255) - process 10
Rank 15 [Mon Feb  1 16:03:46 2016] [c0-0c0s7n0] application called MPI_Abort(MPI_COMM_WORLD, 255) - process 15
Rank 26 [Mon Feb  1 16:03:46 2016] [c0-0c0s7n0] application called MPI_Abort(MPI_COMM_WORLD, 255) - process 26
Rank 12 [Mon Feb  1 16:03:46 2016] [c0-0c0s7n0] application called MPI_Abort(MPI_COMM_WORLD, 255) - process 12
Rank 31 [Mon Feb  1 16:03:46 2016] [c0-0c0s7n0] application called MPI_Abort(MPI_COMM_WORLD, 255) - process 31
srun: error: nid00028: tasks 0-31: Aborted
srun: Terminating job step 1056444.0
srun: error: nid00030: tasks 64-95: Aborted
srun: Job step aborted: Waiting up to 32 seconds for job step to finish.
srun: error: nid00031: tasks 96-127: Aborted
srun: error: nid00029: tasks 32-63: Aborted
