ModuleCmd_Switch.c(172):ERROR:152: Module 'PrgEnv-intel' is currently not loaded
**** cellSp[0] = 0.19635,  cellSp[1] = 0.0981748
**** dimensions = 32, 64
**** cellSp[0] = 0.19635,  cellSp[1] = 0.0981748
**** dimensions = 32, 64
**** cellSp[0] = 0.19635,  cellSp[1] = 0.0981748
**** dimensions = 32, 64
**** cellSp[0] = 0.19635,  cellSp[1] = 0.0981748
**** dimensions = 32, 64
**** cellSp[0] = 0.19635,  cellSp[1] = 0.0981748
**** dimensions = 32, 64
**** cellSp[0] = 0.19635,  cellSp[1] = 0.0981748
**** dimensions = 32, 64
**** cellSp[0] = 0.19635,  cellSp[1] = 0.0981748
**** dimensions = 32, 64
**** cellSp[0] = 0.19635,  cellSp[1] = 0.0981748
**** dimensions = 32, 64
**** cellSp[0] = 0.19635,  cellSp[1] = 0.0981748
**** dimensions = 32, 64
**** cellSp[0] = 0.19635,  cellSp[1] = 0.0981748
**** dimensions = 32, 64
**** cellSp[0] = 0.19635,  cellSp[1] = 0.0981748
**** dimensions = 32, 64
**** cellSp[0] = 0.19635,  cellSp[1] = 0.0981748
**** dimensions = 32, 64
**** cellSp[0] = 0.19635,  cellSp[1] = 0.0981748
**** dimensions = 32, 64
**** cellSp[0] = 0.19635,  cellSp[1] = 0.0981748
**** dimensions = 32, 64
**** cellSp[0] = 0.19635,  cellSp[1] = 0.0981748
**** dimensions = 32, 64
**** cellSp[0] = 0.19635,  cellSp[1] = 0.0981748
**** dimensions = 32, 64
**** cellSp[0] = 0.19635,  cellSp[1] = 0.0981748
**** dimensions = 32, 64
**** cellSp[0] = 0.19635,  cellSp[1] = 0.0981748
**** dimensions = 32, 64
**** cellSp[0] = 0.19635,  cellSp[1] = 0.0981748
**** dimensions = 32, 64
**** cellSp[0] = 0.19635,  cellSp[1] = 0.0981748
**** dimensions = 32, 64
**** cellSp[0] = 0.19635,  cellSp[1] = 0.0981748
**** dimensions = 32, 64
**** cellSp[0] = 0.19635,  cellSp[1] = 0.0981748
**** dimensions = 32, 64
**** cellSp[0] = 0.19635,  cellSp[1] = 0.0981748
**** dimensions = 32, 64
**** cellSp[0] = 0.19635,  cellSp[1] = 0.0981748
**** dimensions = 32, 64
**** cellSp[0] = 0.19635,  cellSp[1] = 0.0981748
**** dimensions = 32, 64
**** cellSp[0] = 0.19635,  cellSp[1] = 0.0981748
**** dimensions = 32, 64
** GKUnits ***********************************************************

==== Fundamental Units ===============================================
  NUMBER DENSITY    [1/m^3]: 1e+20
  TEMPERATURE           [eV]: 20
  LENGTH                [m]: 1
  MASS                 [AMU]: 1
  MAGNETIC FIELD        [T]: 1
  CHARGE                [C]: 1.60218e-19
  BOLTZMANN CONSTANT  [J/K]: 1.38065e-23
  ELECTRIC CONSTANT   [F/m]: 8.85419e-12
  MAGNETIC CONSTANT   [H/m]: 1.25664e-06

==== Derived Units ===================================================

  THERMAL SPEED       [m/s]: 43769.5
  TRANSIT TIME          [s]: 2.2847e-05
  MAGNETIC MOMENT     [J/T]: 1.60218e-18
  DIST. FUNCTION [s/(Am^6)]: 379609
  POTENTIAL             [V]: 20
  GYROFREQUENCY       [1/s]: 9.57883e+07
  GYRORADIUS            [m]: 0.000456939
  DEBYE LENGTH          [m]: 3.32456e-06

==== Dimensionless Parameters =========================================

  LARMOR NUMBER            : 0.000456939
  DEBYE NUMBER             : 3.32456e-06

***********************************************************************
**** cellSp[0] = 0.19635,  cellSp[1] = 0.0981748
**** dimensions = 32, 64
**** cellSp[0] = 0.19635,  cellSp[1] = 0.0981748
**** dimensions = 32, 64
**** cellSp[0] = 0.19635,  cellSp[1] = 0.0981748
**** dimensions = 32, 64
**** cellSp[0] = 0.19635,  cellSp[1] = 0.0981748
**** dimensions = 32, 64
**** cellSp[0] = 0.19635,  cellSp[1] = 0.0981748
**** dimensions = 32, 64
**** cellSp[0] = 0.19635,  cellSp[1] = 0.0981748
**** dimensions = 32, 64
**** cellSp[0] = 0.19635,  cellSp[1] = 0.0981748
**** dimensions = 32, 64
**** cellSp[0] = 0.19635,  cellSp[1] = 0.0981748
**** dimensions = 32, 64
**** cellSp[0] = 0.19635,  cellSp[1] = 0.0981748
**** dimensions = 32, 64
**** cellSp[0] = 0.19635,  cellSp[1] = 0.0981748
**** dimensions = 32, 64
**** cellSp[0] = 0.19635,  cellSp[1] = 0.0981748
**** dimensions = 32, 64
**** cellSp[0] = 0.19635,  cellSp[1] = 0.0981748
**** dimensions = 32, 64
Constructing slab geometry...
xmax = 0.02, ymax = 0.02
Bz_inner = 3, Bz_outer = 3
By_inner  = 0.06
**** cellSp[0] = 0.19635,  cellSp[1] = 0.0981748
**** dimensions = 32, 64
Done constructing slab geometry
   Configuration space box ((0,0) (7,7) (0,0)) is assigned to process 0
   Configuration space box ((8,0) (15,7) (0,0)) is assigned to process 1
   Configuration space box ((16,0) (23,7) (0,0)) is assigned to process 2
   Configuration space box ((24,0) (31,7) (0,0)) is assigned to process 3
   Configuration space box ((0,8) (7,15) (0,0)) is assigned to process 4
   Configuration space box ((8,8) (15,15) (0,0)) is assigned to process 5
   Configuration space box ((16,8) (23,15) (0,0)) is assigned to process 6
   Configuration space box ((24,8) (31,15) (0,0)) is assigned to process 7
   Configuration space box ((0,16) (7,23) (0,0)) is assigned to process 8
   Configuration space box ((8,16) (15,23) (0,0)) is assigned to process 9
   Configuration space box ((16,16) (23,23) (0,0)) is assigned to process 10
   Configuration space box ((24,16) (31,23) (0,0)) is assigned to process 11
**** cellSp[0] = 0.19635,  cellSp[1] = 0.0981748
**** dimensions = 32, 64
**** cellSp[0] = 0.19635,  cellSp[1] = 0.0981748
**** dimensions = 32, 64
**** cellSp[0] = 0.19635,  cellSp[1] = 0.0981748
**** dimensions = 32, 64
**** cellSp[0] = 0.19635,  cellSp[1] = 0.0981748
**** dimensions = 32, 64
**** cellSp[0] = 0.19635,  cellSp[1] = 0.0981748
**** dimensions = 32, 64
**** cellSp[0] = 0.19635,  cellSp[1] = 0.0981748
**** dimensions = 32, 64
**** cellSp[0] = 0.19635,  cellSp[1] = 0.0981748
**** dimensions = 32, 64
**** cellSp[0] = 0.19635,  cellSp[1] = 0.0981748
**** dimensions = 32, 64
**** cellSp[0] = 0.19635,  cellSp[1] = 0.0981748
**** dimensions = 32, 64
**** cellSp[0] = 0.19635,  cellSp[1] = 0.0981748
**** dimensions = 32, 64
**** cellSp[0] = 0.19635,  cellSp[1] = 0.0981748
**** dimensions = 32, 64
**** cellSp[0] = 0.19635,  cellSp[1] = 0.0981748
**** dimensions = 32, 64
**** cellSp[0] = 0.19635,  cellSp[1] = 0.0981748
**** dimensions = 32, 64
**** cellSp[0] = 0.19635,  cellSp[1] = 0.0981748
**** dimensions = 32, 64
**** cellSp[0] = 0.19635,  cellSp[1] = 0.0981748
**** dimensions = 32, 64
**** cellSp[0] = 0.19635,  cellSp[1] = 0.0981748
**** dimensions = 32, 64
**** cellSp[0] = 0.19635,  cellSp[1] = 0.0981748
**** dimensions = 32, 64
**** cellSp[0] = 0.19635,  cellSp[1] = 0.0981748
**** dimensions = 32, 64
**** cellSp[0] = 0.19635,  cellSp[1] = 0.0981748
**** dimensions = 32, 64
**** cellSp[0] = 0.19635,  cellSp[1] = 0.0981748
**** dimensions = 32, 64
**** cellSp[0] = 0.19635,  cellSp[1] = 0.0981748
**** dimensions = 32, 64
**** cellSp[0] = 0.19635,  cellSp[1] = 0.0981748
**** dimensions = 32, 64
**** cellSp[0] = 0.19635,  cellSp[1] = 0.0981748
**** dimensions = 32, 64
**** cellSp[0] = 0.19635,  cellSp[1] = 0.0981748
**** dimensions = 32, 64
**** cellSp[0] = 0.19635,  cellSp[1] = 0.0981748
**** dimensions = 32, 64
**** cellSp[0] = 0.19635,  cellSp[1] = 0.0981748
**** dimensions = 32, 64
**** cellSp[0] = 0.19635,  cellSp[1] = 0.0981748
**** dimensions = 32, 64
**** cellSp[0] = 0.19635,  cellSp[1] = 0.0981748
**** dimensions = 32, 64
**** cellSp[0] = 0.19635,  cellSp[1] = 0.0981748
**** dimensions = 32, 64
**** cellSp[0] = 0.19635,  cellSp[1] = 0.0981748
**** dimensions = 32, 64
**** cellSp[0] = 0.19635,  cellSp[1] = 0.0981748
**** dimensions = 32, 64
**** cellSp[0] = 0.19635,  cellSp[1] = 0.0981748
**** dimensions = 32, 64
**** cellSp[0] = 0.19635,  cellSp[1] = 0.0981748
**** dimensions = 32, 64
**** cellSp[0] = 0.19635,  cellSp[1] = 0.0981748
**** dimensions = 32, 64
**** cellSp[0] = 0.19635,  cellSp[1] = 0.0981748
**** dimensions = 32, 64
**** cellSp[0] = 0.19635,  cellSp[1] = 0.0981748
**** dimensions = 32, 64
**** cellSp[0] = 0.19635,  cellSp[1] = 0.0981748
**** dimensions = 32, 64
**** cellSp[0] = 0.19635,  cellSp[1] = 0.0981748
**** dimensions = 32, 64
**** cellSp[0] = 0.19635,  cellSp[1] = 0.0981748
**** dimensions = 32, 64
**** cellSp[0] = 0.19635,  cellSp[1] = 0.0981748
**** dimensions = 32, 64
**** cellSp[0] = 0.19635,  cellSp[1] = 0.0981748
**** dimensions = 32, 64
**** cellSp[0] = 0.19635,  cellSp[1] = 0.0981748
**** dimensions = 32, 64
**** cellSp[0] = 0.19635,  cellSp[1] = 0.0981748
**** dimensions = 32, 64
**** cellSp[0] = 0.19635,  cellSp[1] = 0.0981748
**** dimensions = 32, 64
   Phase space box ((8,32,-8,0) (15,39,-1,15) (0,0,0,0)) is assigned to process 69, has 8192 valid cells and 90112 ghost cells
   Phase space box ((0,16,0,0) (7,23,7,15) (0,0,0,0)) is assigned to process 34, has 8192 valid cells and 90112 ghost cells
   Phase space box ((0,32,0,0) (7,39,7,15) (0,0,0,0)) is assigned to process 66, has 8192 valid cells and 90112 ghost cells
   Phase space box ((24,16,-16,0) (31,23,-9,15) (0,0,0,0)) is assigned to process 44, has 8192 valid cells and 90112 ghost cells
   Phase space box ((8,32,-16,0) (15,39,-9,15) (0,0,0,0)) is assigned to process 68, has 8192 valid cells and 90112 ghost cells
   Phase space box ((24,16,-8,0) (31,23,-1,15) (0,0,0,0)) is assigned to process 45, has 8192 valid cells and 90112 ghost cells
   Phase space box ((8,32,0,0) (15,39,7,15) (0,0,0,0)) is assigned to process 70, has 8192 valid cells and 90112 ghost cells
   Phase space box ((0,24,-16,0) (7,31,-9,15) (0,0,0,0)) is assigned to process 48, has 8192 valid cells and 90112 ghost cells
   Phase space box ((0,24,8,0) (7,31,15,15) (0,0,0,0)) is assigned to process 51, has 8192 valid cells and 90112 ghost cells
   Phase space box ((16,32,0,0) (23,39,7,15) (0,0,0,0)) is assigned to process 74, has 8192 valid cells and 90112 ghost cells
   Phase space box ((16,32,8,0) (23,39,15,15) (0,0,0,0)) is assigned to process 75, has 8192 valid cells and 90112 ghost cells
   Phase space box ((8,24,0,0) (15,31,7,15) (0,0,0,0)) is assigned to process 54, has 8192 valid cells and 90112 ghost cells
   Phase space box ((24,32,-16,0) (31,39,-9,15) (0,0,0,0)) is assigned to process 76, has 8192 valid cells and 90112 ghost cells
   Phase space box ((16,24,-16,0) (23,31,-9,15) (0,0,0,0)) is assigned to process 56, has 8192 valid cells and 90112 ghost cells
   Phase space box ((0,16,-16,0) (7,23,-9,15) (0,0,0,0)) is assigned to process 32, has 8192 valid cells and 90112 ghost cells
   Phase space box ((24,32,-8,0) (31,39,-1,15) (0,0,0,0)) is assigned to process 77, has 8192 valid cells and 90112 ghost cells
   Phase space box ((24,32,0,0) (31,39,7,15) (0,0,0,0)) is assigned to process 78, has 8192 valid cells and 90112 ghost cells
   Phase space box ((0,16,8,0) (7,23,15,15) (0,0,0,0)) is assigned to process 35, has 8192 valid cells and 90112 ghost cells
   Phase space box ((24,32,8,0) (31,39,15,15) (0,0,0,0)) is assigned to process 79, has 8192 valid cells and 90112 ghost cells
   Phase space box ((8,16,-16,0) (15,23,-9,15) (0,0,0,0)) is assigned to process 36, has 8192 valid cells and 90112 ghost cells
   Phase space box ((0,40,-8,0) (7,47,-1,15) (0,0,0,0)) is assigned to process 81, has 8192 valid cells and 90112 ghost cells
   Phase space box ((8,16,-8,0) (15,23,-1,15) (0,0,0,0)) is assigned to process 37, has 8192 valid cells and 90112 ghost cells
   Phase space box ((8,16,0,0) (15,23,7,15) (0,0,0,0)) is assigned to process 38, has 8192 valid cells and 90112 ghost cells
   Phase space box ((0,40,0,0) (7,47,7,15) (0,0,0,0)) is assigned to process 82, has 8192 valid cells and 90112 ghost cells
   Phase space box ((0,40,8,0) (7,47,15,15) (0,0,0,0)) is assigned to process 83, has 8192 valid cells and 90112 ghost cells
   Phase space box ((8,16,8,0) (15,23,15,15) (0,0,0,0)) is assigned to process 39, has 8192 valid cells and 90112 ghost cells
   Phase space box ((8,40,-8,0) (15,47,-1,15) (0,0,0,0)) is assigned to process 85, has 8192 valid cells and 90112 ghost cells
   Phase space box ((16,16,-16,0) (23,23,-9,15) (0,0,0,0)) is assigned to process 40, has 8192 valid cells and 90112 ghost cells
   Phase space box ((8,40,8,0) (15,47,15,15) (0,0,0,0)) is assigned to process 87, has 8192 valid cells and 90112 ghost cells
   Phase space box ((16,16,-8,0) (23,23,-1,15) (0,0,0,0)) is assigned to process 41, has 8192 valid cells and 90112 ghost cells
   Phase space box ((16,40,-8,0) (23,47,-1,15) (0,0,0,0)) is assigned to process 89, has 8192 valid cells and 90112 ghost cells
   Phase space box ((16,16,0,0) (23,23,7,15) (0,0,0,0)) is assigned to process 42, has 8192 valid cells and 90112 ghost cells
   Phase space box ((16,40,0,0) (23,47,7,15) (0,0,0,0)) is assigned to process 90, has 8192 valid cells and 90112 ghost cells
   Phase space box ((16,16,8,0) (23,23,15,15) (0,0,0,0)) is assigned to process 43, has 8192 valid cells and 90112 ghost cells
   Phase space box ((24,40,-16,0) (31,47,-9,15) (0,0,0,0)) is assigned to process 92, has 8192 valid cells and 90112 ghost cells
   Phase space box ((24,16,0,0) (31,23,7,15) (0,0,0,0)) is assigned to process 46, has 8192 valid cells and 90112 ghost cells
   Phase space box ((24,40,-8,0) (31,47,-1,15) (0,0,0,0)) is assigned to process 93, has 8192 valid cells and 90112 ghost cells
   Phase space box ((24,16,8,0) (31,23,15,15) (0,0,0,0)) is assigned to process 47, has 8192 valid cells and 90112 ghost cells
   Phase space box ((24,40,0,0) (31,47,7,15) (0,0,0,0)) is assigned to process 94, has 8192 valid cells and 90112 ghost cells
   Phase space box ((0,24,-8,0) (7,31,-1,15) (0,0,0,0)) is assigned to process 49, has 8192 valid cells and 90112 ghost cells
   Phase space box ((0,24,0,0) (7,31,7,15) (0,0,0,0)) is assigned to process 50, has 8192 valid cells and 90112 ghost cells
   Phase space box ((24,40,8,0) (31,47,15,15) (0,0,0,0)) is assigned to process 95, has 8192 valid cells and 90112 ghost cells
   Phase space box ((0,32,-16,0) (7,39,-9,15) (0,0,0,0)) is assigned to process 64, has 8192 valid cells and 90112 ghost cells
   Phase space box ((8,24,-16,0) (15,31,-9,15) (0,0,0,0)) is assigned to process 52, has 8192 valid cells and 90112 ghost cells
   Phase space box ((0,32,-8,0) (7,39,-1,15) (0,0,0,0)) is assigned to process 65, has 8192 valid cells and 90112 ghost cells
   Phase space box ((8,24,-8,0) (15,31,-1,15) (0,0,0,0)) is assigned to process 53, has 8192 valid cells and 90112 ghost cells
   Phase space box ((0,32,8,0) (7,39,15,15) (0,0,0,0)) is assigned to process 67, has 8192 valid cells and 90112 ghost cells
   Phase space box ((8,24,8,0) (15,31,15,15) (0,0,0,0)) is assigned to process 55, has 8192 valid cells and 90112 ghost cells
   Phase space box ((8,32,8,0) (15,39,15,15) (0,0,0,0)) is assigned to process 71, has 8192 valid cells and 90112 ghost cells
   Phase space box ((16,24,-8,0) (23,31,-1,15) (0,0,0,0)) is assigned to process 57, has 8192 valid cells and 90112 ghost cells
   Phase space box ((16,24,0,0) (23,31,7,15) (0,0,0,0)) is assigned to process 58, has 8192 valid cells and 90112 ghost cells
   Phase space box ((16,32,-16,0) (23,39,-9,15) (0,0,0,0)) is assigned to process 72, has 8192 valid cells and 90112 ghost cells
   Phase space box ((16,32,-8,0) (23,39,-1,15) (0,0,0,0)) is assigned to process 73, has 8192 valid cells and 90112 ghost cells
   Phase space box ((16,24,8,0) (23,31,15,15) (0,0,0,0)) is assigned to process 59, has 8192 valid cells and 90112 ghost cells
   Phase space box ((0,40,-16,0) (7,47,-9,15) (0,0,0,0)) is assigned to process 80, has 8192 valid cells and 90112 ghost cells
   Phase space box ((24,24,-16,0) (31,31,-9,15) (0,0,0,0)) is assigned to process 60, has 8192 valid cells and 90112 ghost cells
   Phase space box ((8,40,-16,0) (15,47,-9,15) (0,0,0,0)) is assigned to process 84, has 8192 valid cells and 90112 ghost cells
   Phase space box ((24,24,-8,0) (31,31,-1,15) (0,0,0,0)) is assigned to process 61, has 8192 valid cells and 90112 ghost cells
   Phase space box ((8,40,0,0) (15,47,7,15) (0,0,0,0)) is assigned to process 86, has 8192 valid cells and 90112 ghost cells
   Phase space box ((24,24,0,0) (31,31,7,15) (0,0,0,0)) is assigned to process 62, has 8192 valid cells and 90112 ghost cells
   Phase space box ((16,40,-16,0) (23,47,-9,15) (0,0,0,0)) is assigned to process 88, has 8192 valid cells and 90112 ghost cells
   Phase space box ((24,24,8,0) (31,31,15,15) (0,0,0,0)) is assigned to process 63, has 8192 valid cells and 90112 ghost cells
   Phase space box ((16,40,8,0) (23,47,15,15) (0,0,0,0)) is assigned to process 91, has 8192 valid cells and 90112 ghost cells
   Phase space box ((0,16,-8,0) (7,23,-1,15) (0,0,0,0)) is assigned to process 33, has 8192 valid cells and 90112 ghost cells
**** cellSp[0] = 0.19635,  cellSp[1] = 0.0981748
**** dimensions = 32, 64
**** cellSp[0] = 0.19635,  cellSp[1] = 0.0981748
**** dimensions = 32, 64
**** cellSp[0] = 0.19635,  cellSp[1] = 0.0981748
**** dimensions = 32, 64
**** cellSp[0] = 0.19635,  cellSp[1] = 0.0981748
**** dimensions = 32, 64
**** cellSp[0] = 0.19635,  cellSp[1] = 0.0981748
**** dimensions = 32, 64
**** cellSp[0] = 0.19635,  cellSp[1] = 0.0981748
**** dimensions = 32, 64
**** cellSp[0] = 0.19635,  cellSp[1] = 0.0981748
**** dimensions = 32, 64
**** cellSp[0] = 0.19635,  cellSp[1] = 0.0981748
**** dimensions = 32, 64
**** cellSp[0] = 0.19635,  cellSp[1] = 0.0981748
**** dimensions = 32, 64
**** cellSp[0] = 0.19635,  cellSp[1] = 0.0981748
**** dimensions = 32, 64
**** cellSp[0] = 0.19635,  cellSp[1] = 0.0981748
**** dimensions = 32, 64
**** cellSp[0] = 0.19635,  cellSp[1] = 0.0981748
**** dimensions = 32, 64
**** cellSp[0] = 0.19635,  cellSp[1] = 0.0981748
**** dimensions = 32, 64
**** cellSp[0] = 0.19635,  cellSp[1] = 0.0981748
**** dimensions = 32, 64
**** cellSp[0] = 0.19635,  cellSp[1] = 0.0981748
**** dimensions = 32, 64
**** cellSp[0] = 0.19635,  cellSp[1] = 0.0981748
**** dimensions = 32, 64
**** cellSp[0] = 0.19635,  cellSp[1] = 0.0981748
**** dimensions = 32, 64
**** cellSp[0] = 0.19635,  cellSp[1] = 0.0981748
**** dimensions = 32, 64
**** cellSp[0] = 0.19635,  cellSp[1] = 0.0981748
**** dimensions = 32, 64
**** cellSp[0] = 0.19635,  cellSp[1] = 0.0981748
**** dimensions = 32, 64
**** cellSp[0] = 0.19635,  cellSp[1] = 0.0981748
**** dimensions = 32, 64
**** cellSp[0] = 0.19635,  cellSp[1] = 0.0981748
**** dimensions = 32, 64
**** cellSp[0] = 0.19635,  cellSp[1] = 0.0981748
**** dimensions = 32, 64
**** cellSp[0] = 0.19635,  cellSp[1] = 0.0981748
**** dimensions = 32, 64
**** cellSp[0] = 0.19635,  cellSp[1] = 0.0981748
**** dimensions = 32, 64
**** cellSp[0] = 0.19635,  cellSp[1] = 0.0981748
**** dimensions = 32, 64
**** cellSp[0] = 0.19635,  cellSp[1] = 0.0981748
**** dimensions = 32, 64
**** cellSp[0] = 0.19635,  cellSp[1] = 0.0981748
**** dimensions = 32, 64
**** cellSp[0] = 0.19635,  cellSp[1] = 0.0981748
**** dimensions = 32, 64
**** cellSp[0] = 0.19635,  cellSp[1] = 0.0981748
**** dimensions = 32, 64
**** cellSp[0] = 0.19635,  cellSp[1] = 0.0981748
**** dimensions = 32, 64
   Phase space box ((0,48,0,0) (7,55,7,15) (0,0,0,0)) is assigned to process 98, has 8192 valid cells and 90112 ghost cells
   Phase space box ((8,48,-8,0) (15,55,-1,15) (0,0,0,0)) is assigned to process 101, has 8192 valid cells and 90112 ghost cells
   Phase space box ((24,48,-16,0) (31,55,-9,15) (0,0,0,0)) is assigned to process 108, has 8192 valid cells and 90112 ghost cells
   Phase space box ((0,56,0,0) (7,63,7,15) (0,0,0,0)) is assigned to process 114, has 8192 valid cells and 90112 ghost cells
   Phase space box ((8,56,-8,0) (15,63,-1,15) (0,0,0,0)) is assigned to process 117, has 8192 valid cells and 90112 ghost cells
   Phase space box ((16,56,8,0) (23,63,15,15) (0,0,0,0)) is assigned to process 123, has 8192 valid cells and 90112 ghost cells
   Phase space box ((0,48,-16,0) (7,55,-9,15) (0,0,0,0)) is assigned to process 96, has 8192 valid cells and 90112 ghost cells
   Phase space box ((0,48,-8,0) (7,55,-1,15) (0,0,0,0)) is assigned to process 97, has 8192 valid cells and 90112 ghost cells
   Phase space box ((0,48,8,0) (7,55,15,15) (0,0,0,0)) is assigned to process 99, has 8192 valid cells and 90112 ghost cells
   Phase space box ((8,48,-16,0) (15,55,-9,15) (0,0,0,0)) is assigned to process 100, has 8192 valid cells and 90112 ghost cells
   Phase space box ((8,48,0,0) (15,55,7,15) (0,0,0,0)) is assigned to process 102, has 8192 valid cells and 90112 ghost cells
   Phase space box ((8,48,8,0) (15,55,15,15) (0,0,0,0)) is assigned to process 103, has 8192 valid cells and 90112 ghost cells
   Phase space box ((16,48,-16,0) (23,55,-9,15) (0,0,0,0)) is assigned to process 104, has 8192 valid cells and 90112 ghost cells
   Phase space box ((16,48,-8,0) (23,55,-1,15) (0,0,0,0)) is assigned to process 105, has 8192 valid cells and 90112 ghost cells
   Phase space box ((16,48,0,0) (23,55,7,15) (0,0,0,0)) is assigned to process 106, has 8192 valid cells and 90112 ghost cells
   Phase space box ((16,48,8,0) (23,55,15,15) (0,0,0,0)) is assigned to process 107, has 8192 valid cells and 90112 ghost cells
   Phase space box ((24,48,-8,0) (31,55,-1,15) (0,0,0,0)) is assigned to process 109, has 8192 valid cells and 90112 ghost cells
   Phase space box ((24,48,0,0) (31,55,7,15) (0,0,0,0)) is assigned to process 110, has 8192 valid cells and 90112 ghost cells
   Phase space box ((24,48,8,0) (31,55,15,15) (0,0,0,0)) is assigned to process 111, has 8192 valid cells and 90112 ghost cells
   Phase space box ((0,56,-16,0) (7,63,-9,15) (0,0,0,0)) is assigned to process 112, has 8192 valid cells and 90112 ghost cells
   Phase space box ((0,56,8,0) (7,63,15,15) (0,0,0,0)) is assigned to process 115, has 8192 valid cells and 90112 ghost cells
   Phase space box ((8,56,-16,0) (15,63,-9,15) (0,0,0,0)) is assigned to process 116, has 8192 valid cells and 90112 ghost cells
   Phase space box ((8,56,0,0) (15,63,7,15) (0,0,0,0)) is assigned to process 118, has 8192 valid cells and 90112 ghost cells
   Phase space box ((8,56,8,0) (15,63,15,15) (0,0,0,0)) is assigned to process 119, has 8192 valid cells and 90112 ghost cells
   Phase space box ((16,56,-16,0) (23,63,-9,15) (0,0,0,0)) is assigned to process 120, has 8192 valid cells and 90112 ghost cells
   Phase space box ((16,56,-8,0) (23,63,-1,15) (0,0,0,0)) is assigned to process 121, has 8192 valid cells and 90112 ghost cells
   Phase space box ((16,56,0,0) (23,63,7,15) (0,0,0,0)) is assigned to process 122, has 8192 valid cells and 90112 ghost cells
   Phase space box ((24,56,-16,0) (31,63,-9,15) (0,0,0,0)) is assigned to process 124, has 8192 valid cells and 90112 ghost cells
   Phase space box ((24,56,-8,0) (31,63,-1,15) (0,0,0,0)) is assigned to process 125, has 8192 valid cells and 90112 ghost cells
   Phase space box ((24,56,0,0) (31,63,7,15) (0,0,0,0)) is assigned to process 126, has 8192 valid cells and 90112 ghost cells
   Phase space box ((24,56,8,0) (31,63,15,15) (0,0,0,0)) is assigned to process 127, has 8192 valid cells and 90112 ghost cells
   Phase space box ((0,56,-8,0) (7,63,-1,15) (0,0,0,0)) is assigned to process 113, has 8192 valid cells and 90112 ghost cells
   Configuration space box ((0,24) (7,31) (0,0)) is assigned to process 12
   Configuration space box ((8,24) (15,31) (0,0)) is assigned to process 13
   Configuration space box ((16,24) (23,31) (0,0)) is assigned to process 14
   Configuration space box ((24,24) (31,31) (0,0)) is assigned to process 15
   Configuration space box ((0,32) (7,39) (0,0)) is assigned to process 16
   Configuration space box ((8,32) (15,39) (0,0)) is assigned to process 17
   Configuration space box ((16,32) (23,39) (0,0)) is assigned to process 18
   Configuration space box ((24,32) (31,39) (0,0)) is assigned to process 19
   Configuration space box ((0,40) (7,47) (0,0)) is assigned to process 20
   Configuration space box ((8,40) (15,47) (0,0)) is assigned to process 21
   Configuration space box ((16,40) (23,47) (0,0)) is assigned to process 22
   Configuration space box ((24,40) (31,47) (0,0)) is assigned to process 23
   Configuration space box ((0,48) (7,55) (0,0)) is assigned to process 24
   Configuration space box ((8,48) (15,55) (0,0)) is assigned to process 25
   Configuration space box ((16,48) (23,55) (0,0)) is assigned to process 26
   Configuration space box ((24,48) (31,55) (0,0)) is assigned to process 27
   Configuration space box ((0,56) (7,63) (0,0)) is assigned to process 28
   Configuration space box ((8,56) (15,63) (0,0)) is assigned to process 29
   Configuration space box ((16,56) (23,63) (0,0)) is assigned to process 30
   Configuration space box ((24,56) (31,63) (0,0)) is assigned to process 31
Constructing magnetic geometry
**** cellSp[0] = 0.19635,  cellSp[1] = 0.0981748
**** dimensions = 32, 64
Done constructing magnetic geometry
   Velocity space box ((-16,0) (-9,15) (0,0)) is assigned to process 0
   Velocity space box ((-8,0) (-1,15) (0,0)) is assigned to process 1
   Velocity space box ((0,0) (7,15) (0,0)) is assigned to process 2
   Velocity space box ((8,0) (15,15) (0,0)) is assigned to process 3
**** cellSp[0] = 0.19635,  cellSp[1] = 0.0981748
**** dimensions = 32, 64
**** cellSp[0] = 0.19635,  cellSp[1] = 0.0981748
**** dimensions = 32, 64
**** cellSp[0] = 0.19635,  cellSp[1] = 0.0981748
**** dimensions = 32, 64
**** cellSp[0] = 0.19635,  cellSp[1] = 0.0981748
**** dimensions = 32, 64
**** cellSp[0] = 0.19635,  cellSp[1] = 0.0981748
**** dimensions = 32, 64
**** cellSp[0] = 0.19635,  cellSp[1] = 0.0981748
**** dimensions = 32, 64
**** cellSp[0] = 0.19635,  cellSp[1] = 0.0981748
**** dimensions = 32, 64
**** cellSp[0] = 0.19635,  cellSp[1] = 0.0981748
**** dimensions = 32, 64
**** cellSp[0] = 0.19635,  cellSp[1] = 0.0981748
**** dimensions = 32, 64
**** cellSp[0] = 0.19635,  cellSp[1] = 0.0981748
**** dimensions = 32, 64
**** cellSp[0] = 0.19635,  cellSp[1] = 0.0981748
**** dimensions = 32, 64
**** cellSp[0] = 0.19635,  cellSp[1] = 0.0981748
**** dimensions = 32, 64
**** cellSp[0] = 0.19635,  cellSp[1] = 0.0981748
**** dimensions = 32, 64
   Phase space box ((8,0,-16,0) (15,7,-9,15) (0,0,0,0)) is assigned to process 4, has 8192 valid cells and 90112 ghost cells
   Phase space box ((16,8,0,0) (23,15,7,15) (0,0,0,0)) is assigned to process 26, has 8192 valid cells and 90112 ghost cells
   Phase space box ((24,8,-8,0) (31,15,-1,15) (0,0,0,0)) is assigned to process 29, has 8192 valid cells and 90112 ghost cells
   Phase space box ((24,8,8,0) (31,15,15,15) (0,0,0,0)) is assigned to process 31, has 8192 valid cells and 90112 ghost cells
   Phase space box ((0,0,-16,0) (7,7,-9,15) (0,0,0,0)) is assigned to process 0, has 8192 valid cells and 90112 ghost cells
   Phase space box ((0,0,-8,0) (7,7,-1,15) (0,0,0,0)) is assigned to process 1, has 8192 valid cells and 90112 ghost cells
   Phase space box ((0,0,0,0) (7,7,7,15) (0,0,0,0)) is assigned to process 2, has 8192 valid cells and 90112 ghost cells
   Phase space box ((0,0,8,0) (7,7,15,15) (0,0,0,0)) is assigned to process 3, has 8192 valid cells and 90112 ghost cells
   Phase space box ((8,0,-8,0) (15,7,-1,15) (0,0,0,0)) is assigned to process 5, has 8192 valid cells and 90112 ghost cells
   Phase space box ((8,0,0,0) (15,7,7,15) (0,0,0,0)) is assigned to process 6, has 8192 valid cells and 90112 ghost cells
   Phase space box ((8,0,8,0) (15,7,15,15) (0,0,0,0)) is assigned to process 7, has 8192 valid cells and 90112 ghost cells
   Phase space box ((16,0,-16,0) (23,7,-9,15) (0,0,0,0)) is assigned to process 8, has 8192 valid cells and 90112 ghost cells
   Phase space box ((16,0,-8,0) (23,7,-1,15) (0,0,0,0)) is assigned to process 9, has 8192 valid cells and 90112 ghost cells
   Phase space box ((16,0,0,0) (23,7,7,15) (0,0,0,0)) is assigned to process 10, has 8192 valid cells and 90112 ghost cells
   Phase space box ((16,0,8,0) (23,7,15,15) (0,0,0,0)) is assigned to process 11, has 8192 valid cells and 90112 ghost cells
   Phase space box ((24,0,-16,0) (31,7,-9,15) (0,0,0,0)) is assigned to process 12, has 8192 valid cells and 90112 ghost cells
   Phase space box ((24,0,-8,0) (31,7,-1,15) (0,0,0,0)) is assigned to process 13, has 8192 valid cells and 90112 ghost cells
   Phase space box ((24,0,0,0) (31,7,7,15) (0,0,0,0)) is assigned to process 14, has 8192 valid cells and 90112 ghost cells
   Phase space box ((24,0,8,0) (31,7,15,15) (0,0,0,0)) is assigned to process 15, has 8192 valid cells and 90112 ghost cells
   Phase space box ((0,8,-16,0) (7,15,-9,15) (0,0,0,0)) is assigned to process 16, has 8192 valid cells and 90112 ghost cells
   Phase space box ((0,8,-8,0) (7,15,-1,15) (0,0,0,0)) is assigned to process 17, has 8192 valid cells and 90112 ghost cells
   Phase space box ((0,8,0,0) (7,15,7,15) (0,0,0,0)) is assigned to process 18, has 8192 valid cells and 90112 ghost cells
   Phase space box ((0,8,8,0) (7,15,15,15) (0,0,0,0)) is assigned to process 19, has 8192 valid cells and 90112 ghost cells
   Phase space box ((8,8,-16,0) (15,15,-9,15) (0,0,0,0)) is assigned to process 20, has 8192 valid cells and 90112 ghost cells
   Phase space box ((8,8,-8,0) (15,15,-1,15) (0,0,0,0)) is assigned to process 21, has 8192 valid cells and 90112 ghost cells
   Phase space box ((8,8,0,0) (15,15,7,15) (0,0,0,0)) is assigned to process 22, has 8192 valid cells and 90112 ghost cells
   Phase space box ((8,8,8,0) (15,15,15,15) (0,0,0,0)) is assigned to process 23, has 8192 valid cells and 90112 ghost cells
   Phase space box ((16,8,-8,0) (23,15,-1,15) (0,0,0,0)) is assigned to process 25, has 8192 valid cells and 90112 ghost cells
   Phase space box ((16,8,8,0) (23,15,15,15) (0,0,0,0)) is assigned to process 27, has 8192 valid cells and 90112 ghost cells
   Phase space box ((24,8,-16,0) (31,15,-9,15) (0,0,0,0)) is assigned to process 28, has 8192 valid cells and 90112 ghost cells
   Phase space box ((24,8,0,0) (31,15,7,15) (0,0,0,0)) is assigned to process 30, has 8192 valid cells and 90112 ghost cells
   Phase space box ((16,8,-16,0) (23,15,-9,15) (0,0,0,0)) is assigned to process 24, has 8192 valid cells and 90112 ghost cells
Adding species and constructing gyrocenter coordinates...
   hydrogen: kinetic species with mass = 2, charge = 1
Done adding species and constructing coordinates

Grid Function Library =========================

"Ion_vpar_0_grid_func":
Constant grid function parameters:
  value: 0

"Ion_vpar_grid_func":
Constant grid function parameters:
  value: 1

"N0_0_grid_func":
Arbitrary grid function parameters:
  function: 1.0+exp( -(x-pi)^2/(2*pi*0.01/0.02)-(y-pi)^2/(2*pi*0.01/0.02) )

"N0_grid_func":
Arbitrary grid function parameters:
  function: 1.0+exp( -(x-pi)^2/(2*pi*0.01/0.02)-(y-pi)^2/(2*pi*0.01/0.02) )

"T0_0_grid_func":
Cosine grid function parameters:
  constant: 1
  amplitude: 0
  mode: (1,0)
  phase: (0,0)

"T0_grid_func":
Cosine grid function parameters:
  constant: 1
  amplitude: 0
  mode: (1,0)
  phase: (0,0)

"eN0_grid_func":
Arbitrary grid function parameters:
  function: 1.0+exp( -(x-pi)^2/(2*pi*0.01/0.02)-(y-pi)^2/(2*pi*0.01/0.02) )

"eT0_grid_func":
Cosine grid function parameters:
  constant: 1
  amplitude: 0
  mode: (1,0)
  phase: (0,0)

"ele_vpar_grid_func":
Constant grid function parameters:
  value: 0

"zero_grid_func":
Constant grid function parameters:
  value: 0

===============================================

Kinetic Function Library =========================

"maxwellian_0_phase_func":
Maxwellian kinetic function parameters:
-- Density --
Arbitrary grid function parameters:
  function: 1.0+exp( -(x-pi)^2/(2*pi*0.01/0.02)-(y-pi)^2/(2*pi*0.01/0.02) )

-- Temperature --
Cosine grid function parameters:
  constant: 1
  amplitude: 0
  mode: (1,0)
  phase: (0,0)

-- Vparallel --
Constant grid function parameters:
  value: 0


"maxwellian_electron_phase_func":
Maxwellian kinetic function parameters:
-- Density --
Arbitrary grid function parameters:
  function: 1.0+exp( -(x-pi)^2/(2*pi*0.01/0.02)-(y-pi)^2/(2*pi*0.01/0.02) )

-- Temperature --
Cosine grid function parameters:
  constant: 1
  amplitude: 0
  mode: (1,0)
  phase: (0,0)

-- Vparallel --
Constant grid function parameters:
  value: 0


"maxwellian_phase_func":
Maxwellian kinetic function parameters:
-- Density --
Arbitrary grid function parameters:
  function: 1.0+exp( -(x-pi)^2/(2*pi*0.01/0.02)-(y-pi)^2/(2*pi*0.01/0.02) )

-- Temperature --
Cosine grid function parameters:
  constant: 1
  amplitude: 0
  mode: (1,0)
  phase: (0,0)

-- Vparallel --
Constant grid function parameters:
  value: 1


==================================================

SlabPotentialBC ================================
- variable: potential-------------
  radial_lower: 
     bc_type  = 1
     bc_value = 0
  radial_upper: 
     bc_type  = 1
     bc_value = 0
  poloidal_lower: 
     bc_type  = 1
     bc_value = 0
  poloidal_upper: 
     bc_type  = 1
     bc_value = 0
-----------------------------------------------
===============================================

SlabPhaseBC ================================
- variable: hydrogen-------------
  radial_lower: 
Maxwellian kinetic function parameters:
-- Density --
Arbitrary grid function parameters:
  function: 1.0+exp( -(x-pi)^2/(2*pi*0.01/0.02)-(y-pi)^2/(2*pi*0.01/0.02) )

-- Temperature --
Cosine grid function parameters:
  constant: 1
  amplitude: 0
  mode: (1,0)
  phase: (0,0)

-- Vparallel --
Constant grid function parameters:
  value: 1


  radial_upper: 
Maxwellian kinetic function parameters:
-- Density --
Arbitrary grid function parameters:
  function: 1.0+exp( -(x-pi)^2/(2*pi*0.01/0.02)-(y-pi)^2/(2*pi*0.01/0.02) )

-- Temperature --
Cosine grid function parameters:
  constant: 1
  amplitude: 0
  mode: (1,0)
  phase: (0,0)

-- Vparallel --
Constant grid function parameters:
  value: 1


  poloidal_lower: 
Maxwellian kinetic function parameters:
-- Density --
Arbitrary grid function parameters:
  function: 1.0+exp( -(x-pi)^2/(2*pi*0.01/0.02)-(y-pi)^2/(2*pi*0.01/0.02) )

-- Temperature --
Cosine grid function parameters:
  constant: 1
  amplitude: 0
  mode: (1,0)
  phase: (0,0)

-- Vparallel --
Constant grid function parameters:
  value: 1


  poloidal_upper: 
Maxwellian kinetic function parameters:
-- Density --
Arbitrary grid function parameters:
  function: 1.0+exp( -(x-pi)^2/(2*pi*0.01/0.02)-(y-pi)^2/(2*pi*0.01/0.02) )

-- Temperature --
Cosine grid function parameters:
  constant: 1
  amplitude: 0
  mode: (1,0)
  phase: (0,0)

-- Vparallel --
Constant grid function parameters:
  value: 1


  vpar_lower: 
Maxwellian kinetic function parameters:
-- Density --
Arbitrary grid function parameters:
  function: 1.0+exp( -(x-pi)^2/(2*pi*0.01/0.02)-(y-pi)^2/(2*pi*0.01/0.02) )

-- Temperature --
Cosine grid function parameters:
  constant: 1
  amplitude: 0
  mode: (1,0)
  phase: (0,0)

-- Vparallel --
Constant grid function parameters:
  value: 1


  vpar_upper: 
Maxwellian kinetic function parameters:
-- Density --
Arbitrary grid function parameters:
  function: 1.0+exp( -(x-pi)^2/(2*pi*0.01/0.02)-(y-pi)^2/(2*pi*0.01/0.02) )

-- Temperature --
Cosine grid function parameters:
  constant: 1
  amplitude: 0
  mode: (1,0)
  phase: (0,0)

-- Vparallel --
Constant grid function parameters:
  value: 1


  mu_lower: 
Maxwellian kinetic function parameters:
-- Density --
Arbitrary grid function parameters:
  function: 1.0+exp( -(x-pi)^2/(2*pi*0.01/0.02)-(y-pi)^2/(2*pi*0.01/0.02) )

-- Temperature --
Cosine grid function parameters:
  constant: 1
  amplitude: 0
  mode: (1,0)
  phase: (0,0)

-- Vparallel --
Constant grid function parameters:
  value: 1


  mu_upper: 
Maxwellian kinetic function parameters:
-- Density --
Arbitrary grid function parameters:
  function: 1.0+exp( -(x-pi)^2/(2*pi*0.01/0.02)-(y-pi)^2/(2*pi*0.01/0.02) )

-- Temperature --
Cosine grid function parameters:
  constant: 1
  amplitude: 0
  mode: (1,0)
  phase: (0,0)

-- Vparallel --
Constant grid function parameters:
  value: 1


-----------------------------------------------
===============================================
No collision model specified for hydrogen.
Collision model for 0	hydrogen:	None
Time integration method: rk (4)
  Distribution Function Extrema:
    Species 0:	2.95711e-05 [max]	1.31769e-12 [min]


Step 1
  --
  Specified time step is higher than stable time step. Using subiterations.
  21 subiterations will be made with sub_dt = 0.0047619
  You may disable this by setting simulation.fixed_dt_subiteration = false.
  --
  --
  Subiteration:1 of 21
  --
  Subiteration:2 of 21
  --
  Subiteration:3 of 21
  --
  Subiteration:4 of 21
  --
  Subiteration:5 of 21
  --
  Subiteration:6 of 21
  --
  Subiteration:7 of 21
  --
  Subiteration:8 of 21
  --
  Subiteration:9 of 21
  --
  Subiteration:10 of 21
  --
  Subiteration:11 of 21
  --
  Subiteration:12 of 21
  --
  Subiteration:13 of 21
  --
  Subiteration:14 of 21
  --
  Subiteration:15 of 21
  --
  Subiteration:16 of 21
  --
  Subiteration:17 of 21
  --
  Subiteration:18 of 21
  --
  Subiteration:19 of 21
  --
  Subiteration:20 of 21
  --
  Subiteration:21 of 21
  ----
  dt: 0.0047619
    Vlasov    : 0.00570361 (time scale), 0.834892 (CFL)
  ----
  Distribution Function Extrema:
    Species 0:	2.9571e-05 [max]	1.3181e-12 [min]

Step 1 completed, simulation time is 0.1
----

Step 2
  --
  Specified time step is higher than stable time step. Using subiterations.
  21 subiterations will be made with sub_dt = 0.0047619
  You may disable this by setting simulation.fixed_dt_subiteration = false.
  --
  --
  Subiteration:1 of 21
  --
  Subiteration:2 of 21
  --
  Subiteration:3 of 21
  --
  Subiteration:4 of 21
  --
  Subiteration:5 of 21
  --
  Subiteration:6 of 21
  --
  Subiteration:7 of 21
  --
  Subiteration:8 of 21
  --
  Subiteration:9 of 21
  --
  Subiteration:10 of 21
  --
  Subiteration:11 of 21
  --
  Subiteration:12 of 21
  --
  Subiteration:13 of 21
  --
  Subiteration:14 of 21
  --
  Subiteration:15 of 21
  --
  Subiteration:16 of 21
  --
  Subiteration:17 of 21
  --
  Subiteration:18 of 21
  --
  Subiteration:19 of 21
  --
  Subiteration:20 of 21
  --
  Subiteration:21 of 21
  ----
  dt: 0.0047619
    Vlasov    : 0.00570361 (time scale), 0.834892 (CFL)
  ----
  Distribution Function Extrema:
    Species 0:	2.95706e-05 [max]	1.31824e-12 [min]

Step 2 completed, simulation time is 0.2
----

Step 3
  --
  Specified time step is higher than stable time step. Using subiterations.
  21 subiterations will be made with sub_dt = 0.0047619
  You may disable this by setting simulation.fixed_dt_subiteration = false.
  --
  --
  Subiteration:1 of 21
  --
  Subiteration:2 of 21
  --
  Subiteration:3 of 21
  --
  Subiteration:4 of 21
  --
  Subiteration:5 of 21
  --
  Subiteration:6 of 21
  --
  Subiteration:7 of 21
  --
  Subiteration:8 of 21
  --
  Subiteration:9 of 21
  --
  Subiteration:10 of 21
  --
  Subiteration:11 of 21
  --
  Subiteration:12 of 21
  --
  Subiteration:13 of 21
  --
  Subiteration:14 of 21
  --
  Subiteration:15 of 21
  --
  Subiteration:16 of 21
  --
  Subiteration:17 of 21
  --
  Subiteration:18 of 21
  --
  Subiteration:19 of 21
  --
  Subiteration:20 of 21
  --
  Subiteration:21 of 21
  ----
  dt: 0.0047619
    Vlasov    : 0.00570361 (time scale), 0.834892 (CFL)
  ----
  Distribution Function Extrema:
    Species 0:	2.95726e-05 [max]	1.31835e-12 [min]

Step 3 completed, simulation time is 0.3
----

Step 4
  --
  Specified time step is higher than stable time step. Using subiterations.
  21 subiterations will be made with sub_dt = 0.0047619
  You may disable this by setting simulation.fixed_dt_subiteration = false.
  --
  --
  Subiteration:1 of 21
  --
  Subiteration:2 of 21
  --
  Subiteration:3 of 21
  --
  Subiteration:4 of 21
  --
  Subiteration:5 of 21
  --
  Subiteration:6 of 21
  --
  Subiteration:7 of 21
  --
  Subiteration:8 of 21
  --
  Subiteration:9 of 21
  --
  Subiteration:10 of 21
  --
  Subiteration:11 of 21
  --
  Subiteration:12 of 21
  --
  Subiteration:13 of 21
  --
  Subiteration:14 of 21
  --
  Subiteration:15 of 21
  --
  Subiteration:16 of 21
  --
  Subiteration:17 of 21
  --
  Subiteration:18 of 21
  --
  Subiteration:19 of 21
  --
  Subiteration:20 of 21
  --
  Subiteration:21 of 21
  ----
  dt: 0.0047619
    Vlasov    : 0.00570361 (time scale), 0.834892 (CFL)
  ----
  Distribution Function Extrema:
    Species 0:	2.95718e-05 [max]	1.31838e-12 [min]

Step 4 completed, simulation time is 0.4
----

Step 5
  --
  Specified time step is higher than stable time step. Using subiterations.
  21 subiterations will be made with sub_dt = 0.0047619
  You may disable this by setting simulation.fixed_dt_subiteration = false.
  --
  --
  Subiteration:1 of 21
  --
  Subiteration:2 of 21
  --
  Subiteration:3 of 21
  --
  Subiteration:4 of 21
  --
  Subiteration:5 of 21
  --
  Subiteration:6 of 21
  --
  Subiteration:7 of 21
  --
  Subiteration:8 of 21
  --
  Subiteration:9 of 21
  --
  Subiteration:10 of 21
  --
  Subiteration:11 of 21
  --
  Subiteration:12 of 21
  --
  Subiteration:13 of 21
  --
  Subiteration:14 of 21
  --
  Subiteration:15 of 21
  --
  Subiteration:16 of 21
  --
  Subiteration:17 of 21
  --
  Subiteration:18 of 21
  --
  Subiteration:19 of 21
  --
  Subiteration:20 of 21
  --
  Subiteration:21 of 21
  ----
  dt: 0.0047619
    Vlasov    : 0.00570361 (time scale), 0.834892 (CFL)
  ----
  Distribution Function Extrema:
    Species 0:	2.95777e-05 [max]	1.3185e-12 [min]

Step 5 completed, simulation time is 0.5
----

Step 6
  --
  Specified time step is higher than stable time step. Using subiterations.
  21 subiterations will be made with sub_dt = 0.0047619
  You may disable this by setting simulation.fixed_dt_subiteration = false.
  --
  --
  Subiteration:1 of 21
  --
  Subiteration:2 of 21
  --
  Subiteration:3 of 21
  --
  Subiteration:4 of 21
  --
  Subiteration:5 of 21
  --
  Subiteration:6 of 21
  --
  Subiteration:7 of 21
  --
  Subiteration:8 of 21
  --
  Subiteration:9 of 21
  --
  Subiteration:10 of 21
  --
  Subiteration:11 of 21
  --
  Subiteration:12 of 21
  --
  Subiteration:13 of 21
  --
  Subiteration:14 of 21
  --
  Subiteration:15 of 21
  --
  Subiteration:16 of 21
  --
  Subiteration:17 of 21
  --
  Subiteration:18 of 21
  --
  Subiteration:19 of 21
  --
  Subiteration:20 of 21
  --
  Subiteration:21 of 21
  ----
  dt: 0.0047619
    Vlasov    : 0.00570361 (time scale), 0.834892 (CFL)
  ----
  Distribution Function Extrema:
    Species 0:	2.95609e-05 [max]	1.31846e-12 [min]

Step 6 completed, simulation time is 0.6
----

Step 7
  --
  Specified time step is higher than stable time step. Using subiterations.
  21 subiterations will be made with sub_dt = 0.0047619
  You may disable this by setting simulation.fixed_dt_subiteration = false.
  --
  --
  Subiteration:1 of 21
  --
  Subiteration:2 of 21
  --
  Subiteration:3 of 21
  --
  Subiteration:4 of 21
  --
  Subiteration:5 of 21
  --
  Subiteration:6 of 21
  --
  Subiteration:7 of 21
  --
  Subiteration:8 of 21
  --
  Subiteration:9 of 21
  --
  Subiteration:10 of 21
  --
  Subiteration:11 of 21
  --
  Subiteration:12 of 21
  --
  Subiteration:13 of 21
  --
  Subiteration:14 of 21
  --
  Subiteration:15 of 21
  --
  Subiteration:16 of 21
  --
  Subiteration:17 of 21
  --
  Subiteration:18 of 21
  --
  Subiteration:19 of 21
  --
  Subiteration:20 of 21
  --
  Subiteration:21 of 21
  ----
  dt: 0.0047619
    Vlasov    : 0.00570361 (time scale), 0.834892 (CFL)
  ----
  Distribution Function Extrema:
    Species 0:	2.95759e-05 [max]	1.31845e-12 [min]

Step 7 completed, simulation time is 0.7
----

Step 8
  --
  Specified time step is higher than stable time step. Using subiterations.
  21 subiterations will be made with sub_dt = 0.0047619
  You may disable this by setting simulation.fixed_dt_subiteration = false.
  --
  --
  Subiteration:1 of 21
  --
  Subiteration:2 of 21
  --
  Subiteration:3 of 21
  --
  Subiteration:4 of 21
  --
  Subiteration:5 of 21
  --
  Subiteration:6 of 21
  --
  Subiteration:7 of 21
  --
  Subiteration:8 of 21
  --
  Subiteration:9 of 21
  --
  Subiteration:10 of 21
  --
  Subiteration:11 of 21
  --
  Subiteration:12 of 21
  --
  Subiteration:13 of 21
  --
  Subiteration:14 of 21
  --
  Subiteration:15 of 21
  --
  Subiteration:16 of 21
  --
  Subiteration:17 of 21
  --
  Subiteration:18 of 21
  --
  Subiteration:19 of 21
  --
  Subiteration:20 of 21
  --
  Subiteration:21 of 21
  ----
  dt: 0.0047619
    Vlasov    : 0.00570361 (time scale), 0.834892 (CFL)
  ----
  Distribution Function Extrema:
    Species 0:	2.95725e-05 [max]	1.31862e-12 [min]

Step 8 completed, simulation time is 0.8
----

Step 9
  --
  Specified time step is higher than stable time step. Using subiterations.
  21 subiterations will be made with sub_dt = 0.0047619
  You may disable this by setting simulation.fixed_dt_subiteration = false.
  --
  --
  Subiteration:1 of 21
  --
  Subiteration:2 of 21
  --
  Subiteration:3 of 21
  --
  Subiteration:4 of 21
  --
  Subiteration:5 of 21
  --
  Subiteration:6 of 21
  --
  Subiteration:7 of 21
  --
  Subiteration:8 of 21
  --
  Subiteration:9 of 21
  --
  Subiteration:10 of 21
  --
  Subiteration:11 of 21
  --
  Subiteration:12 of 21
  --
  Subiteration:13 of 21
  --
  Subiteration:14 of 21
  --
  Subiteration:15 of 21
  --
  Subiteration:16 of 21
  --
  Subiteration:17 of 21
  --
  Subiteration:18 of 21
  --
  Subiteration:19 of 21
  --
  Subiteration:20 of 21
  --
  Subiteration:21 of 21
  ----
  dt: 0.0047619
    Vlasov    : 0.00570361 (time scale), 0.834892 (CFL)
  ----
  Distribution Function Extrema:
    Species 0:	2.95759e-05 [max]	1.31853e-12 [min]

Step 9 completed, simulation time is 0.9
----

Step 10
  --
  Specified time step is higher than stable time step. Using subiterations.
  21 subiterations will be made with sub_dt = 0.0047619
  You may disable this by setting simulation.fixed_dt_subiteration = false.
  --
  --
  Subiteration:1 of 21
  --
  Subiteration:2 of 21
  --
  Subiteration:3 of 21
  --
  Subiteration:4 of 21
  --
  Subiteration:5 of 21
  --
  Subiteration:6 of 21
  --
  Subiteration:7 of 21
  --
  Subiteration:8 of 21
  --
  Subiteration:9 of 21
  --
  Subiteration:10 of 21
  --
  Subiteration:11 of 21
  --
  Subiteration:12 of 21
  --
  Subiteration:13 of 21
  --
  Subiteration:14 of 21
  --
  Subiteration:15 of 21
  --
  Subiteration:16 of 21
  --
  Subiteration:17 of 21
  --
  Subiteration:18 of 21
  --
  Subiteration:19 of 21
  --
  Subiteration:20 of 21
  --
  Subiteration:21 of 21
  ----
  dt: 0.0047619
    Vlasov    : 0.00570361 (time scale), 0.834892 (CFL)
  ----
  Distribution Function Extrema:
    Species 0:	2.95786e-05 [max]	1.31853e-12 [min]

Step 10 completed, simulation time is 1
----
Writing checkpoint file
Writing history file

Step 11
  --
  Specified time step is higher than stable time step. Using subiterations.
  21 subiterations will be made with sub_dt = 0.0047619
  You may disable this by setting simulation.fixed_dt_subiteration = false.
  --
  --
  Subiteration:1 of 21
  --
  Subiteration:2 of 21
  --
  Subiteration:3 of 21
  --
  Subiteration:4 of 21
  --
  Subiteration:5 of 21
  --
  Subiteration:6 of 21
  --
  Subiteration:7 of 21
  --
  Subiteration:8 of 21
  --
  Subiteration:9 of 21
  --
  Subiteration:10 of 21
  --
  Subiteration:11 of 21
  --
  Subiteration:12 of 21
  --
  Subiteration:13 of 21
  --
  Subiteration:14 of 21
  --
  Subiteration:15 of 21
  --
  Subiteration:16 of 21
  --
  Subiteration:17 of 21
  --
  Subiteration:18 of 21
  --
  Subiteration:19 of 21
  --
  Subiteration:20 of 21
  --
  Subiteration:21 of 21
  ----
  dt: 0.0047619
    Vlasov    : 0.00570361 (time scale), 0.834892 (CFL)
  ----
  Distribution Function Extrema:
    Species 0:	2.95829e-05 [max]	1.3187e-12 [min]

Step 11 completed, simulation time is 1.1
----

Step 12
  --
  Specified time step is higher than stable time step. Using subiterations.
  21 subiterations will be made with sub_dt = 0.0047619
  You may disable this by setting simulation.fixed_dt_subiteration = false.
  --
  --
  Subiteration:1 of 21
  --
  Subiteration:2 of 21
  --
  Subiteration:3 of 21
  --
  Subiteration:4 of 21
  --
  Subiteration:5 of 21
  --
  Subiteration:6 of 21
  --
  Subiteration:7 of 21
  --
  Subiteration:8 of 21
  --
  Subiteration:9 of 21
  --
  Subiteration:10 of 21
  --
  Subiteration:11 of 21
  --
  Subiteration:12 of 21
  --
  Subiteration:13 of 21
  --
  Subiteration:14 of 21
  --
  Subiteration:15 of 21
  --
  Subiteration:16 of 21
  --
  Subiteration:17 of 21
  --
  Subiteration:18 of 21
  --
  Subiteration:19 of 21
  --
  Subiteration:20 of 21
  --
  Subiteration:21 of 21
  ----
  dt: 0.0047619
    Vlasov    : 0.00570361 (time scale), 0.834892 (CFL)
  ----
  Distribution Function Extrema:
    Species 0:	2.95852e-05 [max]	1.31868e-12 [min]

Step 12 completed, simulation time is 1.2
----

Step 13
  --
  Specified time step is higher than stable time step. Using subiterations.
  21 subiterations will be made with sub_dt = 0.0047619
  You may disable this by setting simulation.fixed_dt_subiteration = false.
  --
  --
  Subiteration:1 of 21
  --
  Subiteration:2 of 21
  --
  Subiteration:3 of 21
  --
  Subiteration:4 of 21
  --
  Subiteration:5 of 21
  --
  Subiteration:6 of 21
  --
  Subiteration:7 of 21
  --
  Subiteration:8 of 21
  --
  Subiteration:9 of 21
  --
  Subiteration:10 of 21
  --
  Subiteration:11 of 21
  --
  Subiteration:12 of 21
  --
  Subiteration:13 of 21
  --
  Subiteration:14 of 21
  --
  Subiteration:15 of 21
  --
  Subiteration:16 of 21
  --
  Subiteration:17 of 21
  --
  Subiteration:18 of 21
  --
  Subiteration:19 of 21
  --
  Subiteration:20 of 21
  --
  Subiteration:21 of 21
  ----
  dt: 0.0047619
    Vlasov    : 0.00570361 (time scale), 0.834892 (CFL)
  ----
  Distribution Function Extrema:
    Species 0:	2.95731e-05 [max]	1.31858e-12 [min]

Step 13 completed, simulation time is 1.3
----

Step 14
  --
  Specified time step is higher than stable time step. Using subiterations.
  21 subiterations will be made with sub_dt = 0.0047619
  You may disable this by setting simulation.fixed_dt_subiteration = false.
  --
  --
  Subiteration:1 of 21
  --
  Subiteration:2 of 21
  --
  Subiteration:3 of 21
  --
  Subiteration:4 of 21
  --
  Subiteration:5 of 21
  --
  Subiteration:6 of 21
  --
  Subiteration:7 of 21
  --
  Subiteration:8 of 21
  --
  Subiteration:9 of 21
  --
  Subiteration:10 of 21
  --
  Subiteration:11 of 21
  --
  Subiteration:12 of 21
  --
  Subiteration:13 of 21
  --
  Subiteration:14 of 21
  --
  Subiteration:15 of 21
  --
  Subiteration:16 of 21
  --
  Subiteration:17 of 21
  --
  Subiteration:18 of 21
  --
  Subiteration:19 of 21
  --
  Subiteration:20 of 21
  --
  Subiteration:21 of 21
  ----
  dt: 0.0047619
    Vlasov    : 0.00570361 (time scale), 0.834892 (CFL)
  ----
  Distribution Function Extrema:
    Species 0:	2.9581e-05 [max]	1.31859e-12 [min]

Step 14 completed, simulation time is 1.4
----

Step 15
  --
  Specified time step is higher than stable time step. Using subiterations.
  21 subiterations will be made with sub_dt = 0.0047619
  You may disable this by setting simulation.fixed_dt_subiteration = false.
  --
  --
  Subiteration:1 of 21
  --
  Subiteration:2 of 21
  --
  Subiteration:3 of 21
  --
  Subiteration:4 of 21
  --
  Subiteration:5 of 21
  --
  Subiteration:6 of 21
  --
  Subiteration:7 of 21
  --
  Subiteration:8 of 21
  --
  Subiteration:9 of 21
  --
  Subiteration:10 of 21
  --
  Subiteration:11 of 21
  --
  Subiteration:12 of 21
  --
  Subiteration:13 of 21
  --
  Subiteration:14 of 21
  --
  Subiteration:15 of 21
  --
  Subiteration:16 of 21
  --
  Subiteration:17 of 21
  --
  Subiteration:18 of 21
  --
  Subiteration:19 of 21
  --
  Subiteration:20 of 21
  --
  Subiteration:21 of 21
  ----
  dt: 0.0047619
    Vlasov    : 0.00570361 (time scale), 0.834892 (CFL)
  ----
  Distribution Function Extrema:
    Species 0:	2.95978e-05 [max]	1.31871e-12 [min]

Step 15 completed, simulation time is 1.5
----

Step 16
  --
  Specified time step is higher than stable time step. Using subiterations.
  21 subiterations will be made with sub_dt = 0.0047619
  You may disable this by setting simulation.fixed_dt_subiteration = false.
  --
  --
  Subiteration:1 of 21
  --
  Subiteration:2 of 21
  --
  Subiteration:3 of 21
  --
  Subiteration:4 of 21
  --
  Subiteration:5 of 21
  --
  Subiteration:6 of 21
  --
  Subiteration:7 of 21
  --
  Subiteration:8 of 21
  --
  Subiteration:9 of 21
  --
  Subiteration:10 of 21
  --
  Subiteration:11 of 21
  --
  Subiteration:12 of 21
  --
  Subiteration:13 of 21
  --
  Subiteration:14 of 21
  --
  Subiteration:15 of 21
  --
  Subiteration:16 of 21
  --
  Subiteration:17 of 21
  --
  Subiteration:18 of 21
  --
  Subiteration:19 of 21
  --
  Subiteration:20 of 21
  --
  Subiteration:21 of 21
  ----
  dt: 0.0047619
    Vlasov    : 0.00570361 (time scale), 0.834892 (CFL)
  ----
  Distribution Function Extrema:
    Species 0:	2.95975e-05 [max]	1.3188e-12 [min]

Step 16 completed, simulation time is 1.6
----

Step 17
  --
  Specified time step is higher than stable time step. Using subiterations.
  21 subiterations will be made with sub_dt = 0.0047619
  You may disable this by setting simulation.fixed_dt_subiteration = false.
  --
  --
  Subiteration:1 of 21
  --
  Subiteration:2 of 21
  --
  Subiteration:3 of 21
  --
  Subiteration:4 of 21
  --
  Subiteration:5 of 21
  --
  Subiteration:6 of 21
  --
  Subiteration:7 of 21
  --
  Subiteration:8 of 21
  --
  Subiteration:9 of 21
  --
  Subiteration:10 of 21
  --
  Subiteration:11 of 21
  --
  Subiteration:12 of 21
  --
  Subiteration:13 of 21
  --
  Subiteration:14 of 21
  --
  Subiteration:15 of 21
  --
  Subiteration:16 of 21
  --
  Subiteration:17 of 21
  --
  Subiteration:18 of 21
  --
  Subiteration:19 of 21
  --
  Subiteration:20 of 21
  --
  Subiteration:21 of 21
  ----
  dt: 0.0047619
    Vlasov    : 0.00570361 (time scale), 0.834892 (CFL)
  ----
  Distribution Function Extrema:
    Species 0:	2.95747e-05 [max]	1.31878e-12 [min]

Step 17 completed, simulation time is 1.7
----

Step 18
  --
  Specified time step is higher than stable time step. Using subiterations.
  21 subiterations will be made with sub_dt = 0.0047619
  You may disable this by setting simulation.fixed_dt_subiteration = false.
  --
  --
  Subiteration:1 of 21
  --
  Subiteration:2 of 21
  --
  Subiteration:3 of 21
  --
  Subiteration:4 of 21
  --
  Subiteration:5 of 21
  --
  Subiteration:6 of 21
  --
  Subiteration:7 of 21
  --
  Subiteration:8 of 21
  --
  Subiteration:9 of 21
  --
  Subiteration:10 of 21
  --
  Subiteration:11 of 21
  --
  Subiteration:12 of 21
  --
  Subiteration:13 of 21
  --
  Subiteration:14 of 21
  --
  Subiteration:15 of 21
  --
  Subiteration:16 of 21
  --
  Subiteration:17 of 21
  --
  Subiteration:18 of 21
  --
  Subiteration:19 of 21
  --
  Subiteration:20 of 21
  --
  Subiteration:21 of 21
  ----
  dt: 0.0047619
    Vlasov    : 0.00570361 (time scale), 0.834892 (CFL)
  ----
  Distribution Function Extrema:
    Species 0:	2.95698e-05 [max]	1.31866e-12 [min]

Step 18 completed, simulation time is 1.8
----

Step 19
  --
  Specified time step is higher than stable time step. Using subiterations.
  21 subiterations will be made with sub_dt = 0.0047619
  You may disable this by setting simulation.fixed_dt_subiteration = false.
  --
  --
  Subiteration:1 of 21
  --
  Subiteration:2 of 21
  --
  Subiteration:3 of 21
  --
  Subiteration:4 of 21
  --
  Subiteration:5 of 21
  --
  Subiteration:6 of 21
  --
  Subiteration:7 of 21
  --
  Subiteration:8 of 21
  --
  Subiteration:9 of 21
  --
  Subiteration:10 of 21
  --
  Subiteration:11 of 21
  --
  Subiteration:12 of 21
  --
  Subiteration:13 of 21
  --
  Subiteration:14 of 21
  --
  Subiteration:15 of 21
  --
  Subiteration:16 of 21
  --
  Subiteration:17 of 21
  --
  Subiteration:18 of 21
  --
  Subiteration:19 of 21
  --
  Subiteration:20 of 21
  --
  Subiteration:21 of 21
  ----
  dt: 0.0047619
    Vlasov    : 0.00570361 (time scale), 0.834892 (CFL)
  ----
  Distribution Function Extrema:
    Species 0:	2.95713e-05 [max]	1.3186e-12 [min]

Step 19 completed, simulation time is 1.9
----

Step 20
  --
  Specified time step is higher than stable time step. Using subiterations.
  21 subiterations will be made with sub_dt = 0.0047619
  You may disable this by setting simulation.fixed_dt_subiteration = false.
  --
  --
  Subiteration:1 of 21
  --
  Subiteration:2 of 21
  --
  Subiteration:3 of 21
  --
  Subiteration:4 of 21
  --
  Subiteration:5 of 21
  --
  Subiteration:6 of 21
  --
  Subiteration:7 of 21
  --
  Subiteration:8 of 21
  --
  Subiteration:9 of 21
  --
  Subiteration:10 of 21
  --
  Subiteration:11 of 21
  --
  Subiteration:12 of 21
  --
  Subiteration:13 of 21
  --
  Subiteration:14 of 21
  --
  Subiteration:15 of 21
  --
  Subiteration:16 of 21
  --
  Subiteration:17 of 21
  --
  Subiteration:18 of 21
  --
  Subiteration:19 of 21
  --
  Subiteration:20 of 21
  --
  Subiteration:21 of 21
  ----
  dt: 0.0047619
    Vlasov    : 0.00570361 (time scale), 0.834892 (CFL)
  ----
  Distribution Function Extrema:
    Species 0:	2.95968e-05 [max]	1.31856e-12 [min]

Step 20 completed, simulation time is 2
----
Writing checkpoint file
Writing history file

Step 21
  --
  Specified time step is higher than stable time step. Using subiterations.
  21 subiterations will be made with sub_dt = 0.0047619
  You may disable this by setting simulation.fixed_dt_subiteration = false.
  --
  --
  Subiteration:1 of 21
  --
  Subiteration:2 of 21
  --
  Subiteration:3 of 21
  --
  Subiteration:4 of 21
  --
  Subiteration:5 of 21
  --
  Subiteration:6 of 21
  --
  Subiteration:7 of 21
  --
  Subiteration:8 of 21
  --
  Subiteration:9 of 21
  --
  Subiteration:10 of 21
  --
  Subiteration:11 of 21
  --
  Subiteration:12 of 21
  --
  Subiteration:13 of 21
  --
  Subiteration:14 of 21
  --
  Subiteration:15 of 21
  --
  Subiteration:16 of 21
  --
  Subiteration:17 of 21
  --
  Subiteration:18 of 21
  --
  Subiteration:19 of 21
  --
  Subiteration:20 of 21
  --
  Subiteration:21 of 21
  ----
  dt: 0.0047619
    Vlasov    : 0.00570361 (time scale), 0.834892 (CFL)
  ----
  Distribution Function Extrema:
    Species 0:	2.95948e-05 [max]	1.3186e-12 [min]

Step 21 completed, simulation time is 2.1
----

Step 22
  --
  Specified time step is higher than stable time step. Using subiterations.
  21 subiterations will be made with sub_dt = 0.0047619
  You may disable this by setting simulation.fixed_dt_subiteration = false.
  --
  --
  Subiteration:1 of 21
  --
  Subiteration:2 of 21
  --
  Subiteration:3 of 21
  --
  Subiteration:4 of 21
  --
  Subiteration:5 of 21
  --
  Subiteration:6 of 21
  --
  Subiteration:7 of 21
  --
  Subiteration:8 of 21
  --
  Subiteration:9 of 21
  --
  Subiteration:10 of 21
  --
  Subiteration:11 of 21
  --
  Subiteration:12 of 21
  --
  Subiteration:13 of 21
  --
  Subiteration:14 of 21
  --
  Subiteration:15 of 21
  --
  Subiteration:16 of 21
  --
  Subiteration:17 of 21
  --
  Subiteration:18 of 21
  --
  Subiteration:19 of 21
  --
  Subiteration:20 of 21
  --
  Subiteration:21 of 21
  ----
  dt: 0.0047619
    Vlasov    : 0.00570361 (time scale), 0.834892 (CFL)
  ----
  Distribution Function Extrema:
    Species 0:	2.95898e-05 [max]	1.31863e-12 [min]

Step 22 completed, simulation time is 2.2
----

Step 23
  --
  Specified time step is higher than stable time step. Using subiterations.
  21 subiterations will be made with sub_dt = 0.0047619
  You may disable this by setting simulation.fixed_dt_subiteration = false.
  --
  --
  Subiteration:1 of 21
  --
  Subiteration:2 of 21
  --
  Subiteration:3 of 21
  --
  Subiteration:4 of 21
  --
  Subiteration:5 of 21
  --
  Subiteration:6 of 21
  --
  Subiteration:7 of 21
  --
  Subiteration:8 of 21
  --
  Subiteration:9 of 21
  --
  Subiteration:10 of 21
  --
  Subiteration:11 of 21
  --
  Subiteration:12 of 21
  --
  Subiteration:13 of 21
  --
  Subiteration:14 of 21
  --
  Subiteration:15 of 21
  --
  Subiteration:16 of 21
  --
  Subiteration:17 of 21
  --
  Subiteration:18 of 21
  --
  Subiteration:19 of 21
  --
  Subiteration:20 of 21
  --
  Subiteration:21 of 21
  ----
  dt: 0.0047619
    Vlasov    : 0.00570361 (time scale), 0.834892 (CFL)
  ----
  Distribution Function Extrema:
    Species 0:	2.96101e-05 [max]	1.31868e-12 [min]

Step 23 completed, simulation time is 2.3
----

Step 24
  --
  Specified time step is higher than stable time step. Using subiterations.
  21 subiterations will be made with sub_dt = 0.0047619
  You may disable this by setting simulation.fixed_dt_subiteration = false.
  --
  --
  Subiteration:1 of 21
  --
  Subiteration:2 of 21
  --
  Subiteration:3 of 21
  --
  Subiteration:4 of 21
  --
  Subiteration:5 of 21
  --
  Subiteration:6 of 21
  --
  Subiteration:7 of 21
  --
  Subiteration:8 of 21
  --
  Subiteration:9 of 21
  --
  Subiteration:10 of 21
  --
  Subiteration:11 of 21
  --
  Subiteration:12 of 21
  --
  Subiteration:13 of 21
  --
  Subiteration:14 of 21
  --
  Subiteration:15 of 21
  --
  Subiteration:16 of 21
  --
  Subiteration:17 of 21
  --
  Subiteration:18 of 21
  --
  Subiteration:19 of 21
  --
  Subiteration:20 of 21
  --
  Subiteration:21 of 21
  ----
  dt: 0.0047619
    Vlasov    : 0.00570361 (time scale), 0.834892 (CFL)
  ----
  Distribution Function Extrema:
    Species 0:	2.95879e-05 [max]	1.31876e-12 [min]

Step 24 completed, simulation time is 2.4
----

Step 25
  --
  Specified time step is higher than stable time step. Using subiterations.
  21 subiterations will be made with sub_dt = 0.0047619
  You may disable this by setting simulation.fixed_dt_subiteration = false.
  --
  --
  Subiteration:1 of 21
  --
  Subiteration:2 of 21
  --
  Subiteration:3 of 21
  --
  Subiteration:4 of 21
  --
  Subiteration:5 of 21
  --
  Subiteration:6 of 21
  --
  Subiteration:7 of 21
  --
  Subiteration:8 of 21
  --
  Subiteration:9 of 21
  --
  Subiteration:10 of 21
  --
  Subiteration:11 of 21
  --
  Subiteration:12 of 21
  --
  Subiteration:13 of 21
  --
  Subiteration:14 of 21
  --
  Subiteration:15 of 21
  --
  Subiteration:16 of 21
  --
  Subiteration:17 of 21
  --
  Subiteration:18 of 21
  --
  Subiteration:19 of 21
  --
  Subiteration:20 of 21
  --
  Subiteration:21 of 21
  ----
  dt: 0.0047619
    Vlasov    : 0.00570361 (time scale), 0.834892 (CFL)
  ----
  Distribution Function Extrema:
    Species 0:	2.95727e-05 [max]	1.31888e-12 [min]

Step 25 completed, simulation time is 2.5
----

Step 26
  --
  Specified time step is higher than stable time step. Using subiterations.
  21 subiterations will be made with sub_dt = 0.0047619
  You may disable this by setting simulation.fixed_dt_subiteration = false.
  --
  --
  Subiteration:1 of 21
  --
  Subiteration:2 of 21
  --
  Subiteration:3 of 21
  --
  Subiteration:4 of 21
  --
  Subiteration:5 of 21
  --
  Subiteration:6 of 21
  --
  Subiteration:7 of 21
  --
  Subiteration:8 of 21
  --
  Subiteration:9 of 21
  --
  Subiteration:10 of 21
  --
  Subiteration:11 of 21
  --
  Subiteration:12 of 21
  --
  Subiteration:13 of 21
  --
  Subiteration:14 of 21
  --
  Subiteration:15 of 21
  --
  Subiteration:16 of 21
  --
  Subiteration:17 of 21
  --
  Subiteration:18 of 21
  --
  Subiteration:19 of 21
  --
  Subiteration:20 of 21
  --
  Subiteration:21 of 21
  ----
  dt: 0.0047619
    Vlasov    : 0.00570361 (time scale), 0.834892 (CFL)
  ----
  Distribution Function Extrema:
    Species 0:	2.9597e-05 [max]	1.31879e-12 [min]

Step 26 completed, simulation time is 2.6
----

Step 27
  --
  Specified time step is higher than stable time step. Using subiterations.
  21 subiterations will be made with sub_dt = 0.0047619
  You may disable this by setting simulation.fixed_dt_subiteration = false.
  --
  --
  Subiteration:1 of 21
  --
  Subiteration:2 of 21
  --
  Subiteration:3 of 21
  --
  Subiteration:4 of 21
  --
  Subiteration:5 of 21
  --
  Subiteration:6 of 21
  --
  Subiteration:7 of 21
  --
  Subiteration:8 of 21
  --
  Subiteration:9 of 21
  --
  Subiteration:10 of 21
  --
  Subiteration:11 of 21
  --
  Subiteration:12 of 21
  --
  Subiteration:13 of 21
  --
  Subiteration:14 of 21
  --
  Subiteration:15 of 21
  --
  Subiteration:16 of 21
  --
  Subiteration:17 of 21
  --
  Subiteration:18 of 21
  --
  Subiteration:19 of 21
  --
  Subiteration:20 of 21
  --
  Subiteration:21 of 21
  ----
  dt: 0.0047619
    Vlasov    : 0.00570361 (time scale), 0.834892 (CFL)
  ----
  Distribution Function Extrema:
    Species 0:	2.95948e-05 [max]	1.31874e-12 [min]

Step 27 completed, simulation time is 2.7
----

Step 28
  --
  Specified time step is higher than stable time step. Using subiterations.
  21 subiterations will be made with sub_dt = 0.0047619
  You may disable this by setting simulation.fixed_dt_subiteration = false.
  --
  --
  Subiteration:1 of 21
  --
  Subiteration:2 of 21
  --
  Subiteration:3 of 21
  --
  Subiteration:4 of 21
  --
  Subiteration:5 of 21
  --
  Subiteration:6 of 21
  --
  Subiteration:7 of 21
  --
  Subiteration:8 of 21
  --
  Subiteration:9 of 21
  --
  Subiteration:10 of 21
  --
  Subiteration:11 of 21
  --
  Subiteration:12 of 21
  --
  Subiteration:13 of 21
  --
  Subiteration:14 of 21
  --
  Subiteration:15 of 21
  --
  Subiteration:16 of 21
  --
  Subiteration:17 of 21
  --
  Subiteration:18 of 21
  --
  Subiteration:19 of 21
  --
  Subiteration:20 of 21
  --
  Subiteration:21 of 21
  ----
  dt: 0.0047619
    Vlasov    : 0.00570361 (time scale), 0.834892 (CFL)
  ----
  Distribution Function Extrema:
    Species 0:	2.95929e-05 [max]	1.31868e-12 [min]

Step 28 completed, simulation time is 2.8
----

Step 29
  --
  Specified time step is higher than stable time step. Using subiterations.
  21 subiterations will be made with sub_dt = 0.0047619
  You may disable this by setting simulation.fixed_dt_subiteration = false.
  --
  --
  Subiteration:1 of 21
  --
  Subiteration:2 of 21
  --
  Subiteration:3 of 21
  --
  Subiteration:4 of 21
  --
  Subiteration:5 of 21
  --
  Subiteration:6 of 21
  --
  Subiteration:7 of 21
  --
  Subiteration:8 of 21
  --
  Subiteration:9 of 21
  --
  Subiteration:10 of 21
  --
  Subiteration:11 of 21
  --
  Subiteration:12 of 21
  --
  Subiteration:13 of 21
  --
  Subiteration:14 of 21
  --
  Subiteration:15 of 21
  --
  Subiteration:16 of 21
  --
  Subiteration:17 of 21
  --
  Subiteration:18 of 21
  --
  Subiteration:19 of 21
  --
  Subiteration:20 of 21
  --
  Subiteration:21 of 21
  ----
  dt: 0.0047619
    Vlasov    : 0.00570361 (time scale), 0.834892 (CFL)
  ----
  Distribution Function Extrema:
    Species 0:	2.95967e-05 [max]	1.31873e-12 [min]

Step 29 completed, simulation time is 2.9
----

Step 30
  --
  Specified time step is higher than stable time step. Using subiterations.
  21 subiterations will be made with sub_dt = 0.0047619
  You may disable this by setting simulation.fixed_dt_subiteration = false.
  --
  --
  Subiteration:1 of 21
  --
  Subiteration:2 of 21
  --
  Subiteration:3 of 21
  --
  Subiteration:4 of 21
  --
  Subiteration:5 of 21
  --
  Subiteration:6 of 21
  --
  Subiteration:7 of 21
  --
  Subiteration:8 of 21
  --
  Subiteration:9 of 21
  --
  Subiteration:10 of 21
  --
  Subiteration:11 of 21
  --
  Subiteration:12 of 21
  --
  Subiteration:13 of 21
  --
  Subiteration:14 of 21
  --
  Subiteration:15 of 21
  --
  Subiteration:16 of 21
  --
  Subiteration:17 of 21
  --
  Subiteration:18 of 21
  --
  Subiteration:19 of 21
  --
  Subiteration:20 of 21
  --
  Subiteration:21 of 21
  ----
  dt: 0.0047619
    Vlasov    : 0.00570361 (time scale), 0.834892 (CFL)
  ----
  Distribution Function Extrema:
    Species 0:	2.96176e-05 [max]	1.31869e-12 [min]

Step 30 completed, simulation time is 3
----
Writing checkpoint file
Writing history file

Step 31
  --
  Specified time step is higher than stable time step. Using subiterations.
  21 subiterations will be made with sub_dt = 0.0047619
  You may disable this by setting simulation.fixed_dt_subiteration = false.
  --
  --
  Subiteration:1 of 21
  --
  Subiteration:2 of 21
  --
  Subiteration:3 of 21
  --
  Subiteration:4 of 21
  --
  Subiteration:5 of 21
  --
  Subiteration:6 of 21
  --
  Subiteration:7 of 21
  --
  Subiteration:8 of 21
  --
  Subiteration:9 of 21
  --
  Subiteration:10 of 21
  --
  Subiteration:11 of 21
  --
  Subiteration:12 of 21
  --
  Subiteration:13 of 21
  --
  Subiteration:14 of 21
  --
  Subiteration:15 of 21
  --
  Subiteration:16 of 21
  --
  Subiteration:17 of 21
  --
  Subiteration:18 of 21
  --
  Subiteration:19 of 21
  --
  Subiteration:20 of 21
  --
  Subiteration:21 of 21
  ----
  dt: 0.0047619
    Vlasov    : 0.00570361 (time scale), 0.834892 (CFL)
  ----
  Distribution Function Extrema:
    Species 0:	2.95959e-05 [max]	1.31847e-12 [min]

Step 31 completed, simulation time is 3.1
----

Step 32
  --
  Specified time step is higher than stable time step. Using subiterations.
  21 subiterations will be made with sub_dt = 0.0047619
  You may disable this by setting simulation.fixed_dt_subiteration = false.
  --
  --
  Subiteration:1 of 21
  --
  Subiteration:2 of 21
  --
  Subiteration:3 of 21
  --
  Subiteration:4 of 21
  --
  Subiteration:5 of 21
  --
  Subiteration:6 of 21
  --
  Subiteration:7 of 21
  --
  Subiteration:8 of 21
  --
  Subiteration:9 of 21
  --
  Subiteration:10 of 21
  --
  Subiteration:11 of 21
  --
  Subiteration:12 of 21
  --
  Subiteration:13 of 21
  --
  Subiteration:14 of 21
  --
  Subiteration:15 of 21
  --
  Subiteration:16 of 21
  --
  Subiteration:17 of 21
  --
  Subiteration:18 of 21
  --
  Subiteration:19 of 21
  --
  Subiteration:20 of 21
  --
  Subiteration:21 of 21
  ----
  dt: 0.0047619
    Vlasov    : 0.00570361 (time scale), 0.834892 (CFL)
  ----
  Distribution Function Extrema:
    Species 0:	2.95794e-05 [max]	1.31836e-12 [min]

Step 32 completed, simulation time is 3.2
----

Step 33
  --
  Specified time step is higher than stable time step. Using subiterations.
  21 subiterations will be made with sub_dt = 0.0047619
  You may disable this by setting simulation.fixed_dt_subiteration = false.
  --
  --
  Subiteration:1 of 21
  --
  Subiteration:2 of 21
  --
  Subiteration:3 of 21
  --
  Subiteration:4 of 21
  --
  Subiteration:5 of 21
  --
  Subiteration:6 of 21
  --
  Subiteration:7 of 21
  --
  Subiteration:8 of 21
  --
  Subiteration:9 of 21
  --
  Subiteration:10 of 21
  --
  Subiteration:11 of 21
  --
  Subiteration:12 of 21
  --
  Subiteration:13 of 21
  --
  Subiteration:14 of 21
  --
  Subiteration:15 of 21
  --
  Subiteration:16 of 21
  --
  Subiteration:17 of 21
  --
  Subiteration:18 of 21
  --
  Subiteration:19 of 21
  --
  Subiteration:20 of 21
  --
  Subiteration:21 of 21
  ----
  dt: 0.0047619
    Vlasov    : 0.00570361 (time scale), 0.834892 (CFL)
  ----
  Distribution Function Extrema:
    Species 0:	2.95768e-05 [max]	1.31835e-12 [min]

Step 33 completed, simulation time is 3.3
----

Step 34
  --
  Specified time step is higher than stable time step. Using subiterations.
  21 subiterations will be made with sub_dt = 0.0047619
  You may disable this by setting simulation.fixed_dt_subiteration = false.
  --
  --
  Subiteration:1 of 21
  --
  Subiteration:2 of 21
  --
  Subiteration:3 of 21
  --
  Subiteration:4 of 21
  --
  Subiteration:5 of 21
  --
  Subiteration:6 of 21
  --
  Subiteration:7 of 21
  --
  Subiteration:8 of 21
  --
  Subiteration:9 of 21
  --
  Subiteration:10 of 21
  --
  Subiteration:11 of 21
  --
  Subiteration:12 of 21
  --
  Subiteration:13 of 21
  --
  Subiteration:14 of 21
  --
  Subiteration:15 of 21
  --
  Subiteration:16 of 21
  --
  Subiteration:17 of 21
  --
  Subiteration:18 of 21
  --
  Subiteration:19 of 21
  --
  Subiteration:20 of 21
  --
  Subiteration:21 of 21
  ----
  dt: 0.0047619
    Vlasov    : 0.00570361 (time scale), 0.834892 (CFL)
  ----
  Distribution Function Extrema:
    Species 0:	2.95801e-05 [max]	1.3184e-12 [min]

Step 34 completed, simulation time is 3.4
----

Step 35
  --
  Specified time step is higher than stable time step. Using subiterations.
  21 subiterations will be made with sub_dt = 0.0047619
  You may disable this by setting simulation.fixed_dt_subiteration = false.
  --
  --
  Subiteration:1 of 21
  --
  Subiteration:2 of 21
  --
  Subiteration:3 of 21
  --
  Subiteration:4 of 21
  --
  Subiteration:5 of 21
  --
  Subiteration:6 of 21
  --
  Subiteration:7 of 21
  --
  Subiteration:8 of 21
  --
  Subiteration:9 of 21
  --
  Subiteration:10 of 21
  --
  Subiteration:11 of 21
  --
  Subiteration:12 of 21
  --
  Subiteration:13 of 21
  --
  Subiteration:14 of 21
  --
  Subiteration:15 of 21
  --
  Subiteration:16 of 21
  --
  Subiteration:17 of 21
  --
  Subiteration:18 of 21
  --
  Subiteration:19 of 21
  --
  Subiteration:20 of 21
  --
  Subiteration:21 of 21
  ----
  dt: 0.0047619
    Vlasov    : 0.00570361 (time scale), 0.834892 (CFL)
  ----
  Distribution Function Extrema:
    Species 0:	2.95776e-05 [max]	1.31831e-12 [min]

Step 35 completed, simulation time is 3.5
----

Step 36
  --
  Specified time step is higher than stable time step. Using subiterations.
  21 subiterations will be made with sub_dt = 0.0047619
  You may disable this by setting simulation.fixed_dt_subiteration = false.
  --
  --
  Subiteration:1 of 21
  --
  Subiteration:2 of 21
  --
  Subiteration:3 of 21
  --
  Subiteration:4 of 21
  --
  Subiteration:5 of 21
  --
  Subiteration:6 of 21
  --
  Subiteration:7 of 21
  --
  Subiteration:8 of 21
  --
  Subiteration:9 of 21
  --
  Subiteration:10 of 21
  --
  Subiteration:11 of 21
  --
  Subiteration:12 of 21
  --
  Subiteration:13 of 21
  --
  Subiteration:14 of 21
  --
  Subiteration:15 of 21
  --
  Subiteration:16 of 21
  --
  Subiteration:17 of 21
  --
  Subiteration:18 of 21
  --
  Subiteration:19 of 21
  --
  Subiteration:20 of 21
  --
  Subiteration:21 of 21
  ----
  dt: 0.0047619
    Vlasov    : 0.00570361 (time scale), 0.834892 (CFL)
  ----
  Distribution Function Extrema:
    Species 0:	2.95523e-05 [max]	1.31835e-12 [min]

Step 36 completed, simulation time is 3.6
----

Step 37
  --
  Specified time step is higher than stable time step. Using subiterations.
  21 subiterations will be made with sub_dt = 0.0047619
  You may disable this by setting simulation.fixed_dt_subiteration = false.
  --
  --
  Subiteration:1 of 21
  --
  Subiteration:2 of 21
  --
  Subiteration:3 of 21
  --
  Subiteration:4 of 21
  --
  Subiteration:5 of 21
  --
  Subiteration:6 of 21
  --
  Subiteration:7 of 21
  --
  Subiteration:8 of 21
  --
  Subiteration:9 of 21
  --
  Subiteration:10 of 21
  --
  Subiteration:11 of 21
  --
  Subiteration:12 of 21
  --
  Subiteration:13 of 21
  --
  Subiteration:14 of 21
  --
  Subiteration:15 of 21
  --
  Subiteration:16 of 21
  --
  Subiteration:17 of 21
  --
  Subiteration:18 of 21
  --
  Subiteration:19 of 21
  --
  Subiteration:20 of 21
  --
  Subiteration:21 of 21
  ----
  dt: 0.0047619
    Vlasov    : 0.00570361 (time scale), 0.834892 (CFL)
  ----
  Distribution Function Extrema:
    Species 0:	2.95329e-05 [max]	1.31845e-12 [min]

Step 37 completed, simulation time is 3.7
----

Step 38
  --
  Specified time step is higher than stable time step. Using subiterations.
  21 subiterations will be made with sub_dt = 0.0047619
  You may disable this by setting simulation.fixed_dt_subiteration = false.
  --
  --
  Subiteration:1 of 21
  --
  Subiteration:2 of 21
  --
  Subiteration:3 of 21
  --
  Subiteration:4 of 21
  --
  Subiteration:5 of 21
  --
  Subiteration:6 of 21
  --
  Subiteration:7 of 21
  --
  Subiteration:8 of 21
  --
  Subiteration:9 of 21
  --
  Subiteration:10 of 21
  --
  Subiteration:11 of 21
  --
  Subiteration:12 of 21
  --
  Subiteration:13 of 21
  --
  Subiteration:14 of 21
  --
  Subiteration:15 of 21
  --
  Subiteration:16 of 21
  --
  Subiteration:17 of 21
  --
  Subiteration:18 of 21
  --
  Subiteration:19 of 21
  --
  Subiteration:20 of 21
  --
  Subiteration:21 of 21
  ----
  dt: 0.0047619
    Vlasov    : 0.00570361 (time scale), 0.834892 (CFL)
  ----
  Distribution Function Extrema:
    Species 0:	2.95396e-05 [max]	1.31837e-12 [min]

Step 38 completed, simulation time is 3.8
----

Step 39
  --
  Specified time step is higher than stable time step. Using subiterations.
  21 subiterations will be made with sub_dt = 0.0047619
  You may disable this by setting simulation.fixed_dt_subiteration = false.
  --
  --
  Subiteration:1 of 21
  --
  Subiteration:2 of 21
  --
  Subiteration:3 of 21
  --
  Subiteration:4 of 21
  --
  Subiteration:5 of 21
  --
  Subiteration:6 of 21
  --
  Subiteration:7 of 21
  --
  Subiteration:8 of 21
  --
  Subiteration:9 of 21
  --
  Subiteration:10 of 21
  --
  Subiteration:11 of 21
  --
  Subiteration:12 of 21
  --
  Subiteration:13 of 21
  --
  Subiteration:14 of 21
  --
  Subiteration:15 of 21
  --
  Subiteration:16 of 21
  --
  Subiteration:17 of 21
  --
  Subiteration:18 of 21
  --
  Subiteration:19 of 21
  --
  Subiteration:20 of 21
  --
  Subiteration:21 of 21
  ----
  dt: 0.0047619
    Vlasov    : 0.00570361 (time scale), 0.834892 (CFL)
  ----
  Distribution Function Extrema:
    Species 0:	2.95309e-05 [max]	1.3184e-12 [min]

Step 39 completed, simulation time is 3.9
----

Step 40
  --
  Specified time step is higher than stable time step. Using subiterations.
  21 subiterations will be made with sub_dt = 0.0047619
  You may disable this by setting simulation.fixed_dt_subiteration = false.
  --
  --
  Subiteration:1 of 21
  --
  Subiteration:2 of 21
  --
  Subiteration:3 of 21
  --
  Subiteration:4 of 21
  --
  Subiteration:5 of 21
  --
  Subiteration:6 of 21
  --
  Subiteration:7 of 21
  --
  Subiteration:8 of 21
  --
  Subiteration:9 of 21
  --
  Subiteration:10 of 21
  --
  Subiteration:11 of 21
  --
  Subiteration:12 of 21
  --
  Subiteration:13 of 21
  --
  Subiteration:14 of 21
  --
  Subiteration:15 of 21
  --
  Subiteration:16 of 21
  --
  Subiteration:17 of 21
  --
  Subiteration:18 of 21
  --
  Subiteration:19 of 21
  --
  Subiteration:20 of 21
  --
  Subiteration:21 of 21
  ----
  dt: 0.0047619
    Vlasov    : 0.00570361 (time scale), 0.834892 (CFL)
  ----
  Distribution Function Extrema:
    Species 0:	2.95415e-05 [max]	1.31828e-12 [min]

Step 40 completed, simulation time is 4
----
Writing checkpoint file
Writing history file

Step 41
  --
  Specified time step is higher than stable time step. Using subiterations.
  21 subiterations will be made with sub_dt = 0.0047619
  You may disable this by setting simulation.fixed_dt_subiteration = false.
  --
  --
  Subiteration:1 of 21
  --
  Subiteration:2 of 21
  --
  Subiteration:3 of 21
  --
  Subiteration:4 of 21
  --
  Subiteration:5 of 21
  --
  Subiteration:6 of 21
  --
  Subiteration:7 of 21
  --
  Subiteration:8 of 21
  --
  Subiteration:9 of 21
  --
  Subiteration:10 of 21
  --
  Subiteration:11 of 21
  --
  Subiteration:12 of 21
  --
  Subiteration:13 of 21
  --
  Subiteration:14 of 21
  --
  Subiteration:15 of 21
  --
  Subiteration:16 of 21
  --
  Subiteration:17 of 21
  --
  Subiteration:18 of 21
  --
  Subiteration:19 of 21
  --
  Subiteration:20 of 21
  --
  Subiteration:21 of 21
  ----
  dt: 0.0047619
    Vlasov    : 0.00570361 (time scale), 0.834892 (CFL)
  ----
  Distribution Function Extrema:
    Species 0:	2.95268e-05 [max]	1.31827e-12 [min]

Step 41 completed, simulation time is 4.1
----

Step 42
  --
  Specified time step is higher than stable time step. Using subiterations.
  21 subiterations will be made with sub_dt = 0.0047619
  You may disable this by setting simulation.fixed_dt_subiteration = false.
  --
  --
  Subiteration:1 of 21
  --
  Subiteration:2 of 21
  --
  Subiteration:3 of 21
  --
  Subiteration:4 of 21
  --
  Subiteration:5 of 21
  --
  Subiteration:6 of 21
  --
  Subiteration:7 of 21
  --
  Subiteration:8 of 21
  --
  Subiteration:9 of 21
  --
  Subiteration:10 of 21
  --
  Subiteration:11 of 21
  --
  Subiteration:12 of 21
  --
  Subiteration:13 of 21
  --
  Subiteration:14 of 21
  --
  Subiteration:15 of 21
  --
  Subiteration:16 of 21
  --
  Subiteration:17 of 21
  --
  Subiteration:18 of 21
  --
  Subiteration:19 of 21
  --
  Subiteration:20 of 21
  --
  Subiteration:21 of 21
  ----
  dt: 0.0047619
    Vlasov    : 0.00570361 (time scale), 0.834892 (CFL)
  ----
  Distribution Function Extrema:
    Species 0:	2.956e-05 [max]	1.31826e-12 [min]

Step 42 completed, simulation time is 4.2
----

Step 43
  --
  Specified time step is higher than stable time step. Using subiterations.
  21 subiterations will be made with sub_dt = 0.0047619
  You may disable this by setting simulation.fixed_dt_subiteration = false.
  --
  --
  Subiteration:1 of 21
  --
  Subiteration:2 of 21
  --
  Subiteration:3 of 21
  --
  Subiteration:4 of 21
  --
  Subiteration:5 of 21
  --
  Subiteration:6 of 21
  --
  Subiteration:7 of 21
  --
  Subiteration:8 of 21
  --
  Subiteration:9 of 21
  --
  Subiteration:10 of 21
  --
  Subiteration:11 of 21
  --
  Subiteration:12 of 21
  --
  Subiteration:13 of 21
  --
  Subiteration:14 of 21
  --
  Subiteration:15 of 21
  --
  Subiteration:16 of 21
  --
  Subiteration:17 of 21
  --
  Subiteration:18 of 21
  --
  Subiteration:19 of 21
  --
  Subiteration:20 of 21
  --
  Subiteration:21 of 21
  ----
  dt: 0.0047619
    Vlasov    : 0.00570361 (time scale), 0.834892 (CFL)
  ----
  Distribution Function Extrema:
    Species 0:	2.95617e-05 [max]	1.31841e-12 [min]

Step 43 completed, simulation time is 4.3
----

Step 44
  --
  Specified time step is higher than stable time step. Using subiterations.
  21 subiterations will be made with sub_dt = 0.0047619
  You may disable this by setting simulation.fixed_dt_subiteration = false.
  --
  --
  Subiteration:1 of 21
  --
  Subiteration:2 of 21
  --
  Subiteration:3 of 21
  --
  Subiteration:4 of 21
  --
  Subiteration:5 of 21
  --
  Subiteration:6 of 21
  --
  Subiteration:7 of 21
  --
  Subiteration:8 of 21
  --
  Subiteration:9 of 21
  --
  Subiteration:10 of 21
  --
  Subiteration:11 of 21
  --
  Subiteration:12 of 21
  --
  Subiteration:13 of 21
  --
  Subiteration:14 of 21
  --
  Subiteration:15 of 21
  --
  Subiteration:16 of 21
  --
  Subiteration:17 of 21
  --
  Subiteration:18 of 21
  --
  Subiteration:19 of 21
  --
  Subiteration:20 of 21
  --
  Subiteration:21 of 21
  ----
  dt: 0.0047619
    Vlasov    : 0.00570361 (time scale), 0.834892 (CFL)
  ----
  Distribution Function Extrema:
    Species 0:	2.9572e-05 [max]	1.31855e-12 [min]

Step 44 completed, simulation time is 4.4
----

Step 45
  --
  Specified time step is higher than stable time step. Using subiterations.
  21 subiterations will be made with sub_dt = 0.0047619
  You may disable this by setting simulation.fixed_dt_subiteration = false.
  --
  --
  Subiteration:1 of 21
  --
  Subiteration:2 of 21
  --
  Subiteration:3 of 21
  --
  Subiteration:4 of 21
  --
  Subiteration:5 of 21
  --
  Subiteration:6 of 21
  --
  Subiteration:7 of 21
  --
  Subiteration:8 of 21
  --
  Subiteration:9 of 21
  --
  Subiteration:10 of 21
  --
  Subiteration:11 of 21
  --
  Subiteration:12 of 21
  --
  Subiteration:13 of 21
  --
  Subiteration:14 of 21
  --
  Subiteration:15 of 21
  --
  Subiteration:16 of 21
  --
  Subiteration:17 of 21
  --
  Subiteration:18 of 21
  --
  Subiteration:19 of 21
  --
  Subiteration:20 of 21
  --
  Subiteration:21 of 21
  ----
  dt: 0.0047619
    Vlasov    : 0.00570361 (time scale), 0.834892 (CFL)
  ----
  Distribution Function Extrema:
    Species 0:	2.95779e-05 [max]	1.31842e-12 [min]

Step 45 completed, simulation time is 4.5
----

Step 46
  --
  Specified time step is higher than stable time step. Using subiterations.
  21 subiterations will be made with sub_dt = 0.0047619
  You may disable this by setting simulation.fixed_dt_subiteration = false.
  --
  --
  Subiteration:1 of 21
  --
  Subiteration:2 of 21
  --
  Subiteration:3 of 21
  --
  Subiteration:4 of 21
  --
  Subiteration:5 of 21
  --
  Subiteration:6 of 21
  --
  Subiteration:7 of 21
  --
  Subiteration:8 of 21
  --
  Subiteration:9 of 21
  --
  Subiteration:10 of 21
  --
  Subiteration:11 of 21
  --
  Subiteration:12 of 21
  --
  Subiteration:13 of 21
  --
  Subiteration:14 of 21
  --
  Subiteration:15 of 21
  --
  Subiteration:16 of 21
  --
  Subiteration:17 of 21
  --
  Subiteration:18 of 21
  --
  Subiteration:19 of 21
  --
  Subiteration:20 of 21
  --
  Subiteration:21 of 21
  ----
  dt: 0.0047619
    Vlasov    : 0.00570361 (time scale), 0.834892 (CFL)
  ----
  Distribution Function Extrema:
    Species 0:	2.96036e-05 [max]	1.31851e-12 [min]

Step 46 completed, simulation time is 4.6
----

Step 47
  --
  Specified time step is higher than stable time step. Using subiterations.
  21 subiterations will be made with sub_dt = 0.0047619
  You may disable this by setting simulation.fixed_dt_subiteration = false.
  --
  --
  Subiteration:1 of 21
  --
  Subiteration:2 of 21
  --
  Subiteration:3 of 21
  --
  Subiteration:4 of 21
  --
  Subiteration:5 of 21
  --
  Subiteration:6 of 21
  --
  Subiteration:7 of 21
  --
  Subiteration:8 of 21
  --
  Subiteration:9 of 21
  --
  Subiteration:10 of 21
  --
  Subiteration:11 of 21
  --
  Subiteration:12 of 21
  --
  Subiteration:13 of 21
  --
  Subiteration:14 of 21
  --
  Subiteration:15 of 21
  --
  Subiteration:16 of 21
  --
  Subiteration:17 of 21
  --
  Subiteration:18 of 21
  --
  Subiteration:19 of 21
  --
  Subiteration:20 of 21
  --
  Subiteration:21 of 21
  ----
  dt: 0.0047619
    Vlasov    : 0.00570361 (time scale), 0.834892 (CFL)
  ----
  Distribution Function Extrema:
    Species 0:	2.95833e-05 [max]	1.31852e-12 [min]

Step 47 completed, simulation time is 4.7
----

Step 48
  --
  Specified time step is higher than stable time step. Using subiterations.
  21 subiterations will be made with sub_dt = 0.0047619
  You may disable this by setting simulation.fixed_dt_subiteration = false.
  --
  --
  Subiteration:1 of 21
  --
  Subiteration:2 of 21
  --
  Subiteration:3 of 21
  --
  Subiteration:4 of 21
  --
  Subiteration:5 of 21
  --
  Subiteration:6 of 21
  --
  Subiteration:7 of 21
  --
  Subiteration:8 of 21
  --
  Subiteration:9 of 21
  --
  Subiteration:10 of 21
  --
  Subiteration:11 of 21
  --
  Subiteration:12 of 21
  --
  Subiteration:13 of 21
  --
  Subiteration:14 of 21
  --
  Subiteration:15 of 21
  --
  Subiteration:16 of 21
  --
  Subiteration:17 of 21
  --
  Subiteration:18 of 21
  --
  Subiteration:19 of 21
  --
  Subiteration:20 of 21
  --
  Subiteration:21 of 21
  ----
  dt: 0.0047619
    Vlasov    : 0.00570361 (time scale), 0.834892 (CFL)
  ----
  Distribution Function Extrema:
    Species 0:	2.95633e-05 [max]	1.3185e-12 [min]

Step 48 completed, simulation time is 4.8
----

Step 49
  --
  Specified time step is higher than stable time step. Using subiterations.
  21 subiterations will be made with sub_dt = 0.0047619
  You may disable this by setting simulation.fixed_dt_subiteration = false.
  --
  --
  Subiteration:1 of 21
  --
  Subiteration:2 of 21
  --
  Subiteration:3 of 21
  --
  Subiteration:4 of 21
  --
  Subiteration:5 of 21
  --
  Subiteration:6 of 21
  --
  Subiteration:7 of 21
  --
  Subiteration:8 of 21
  --
  Subiteration:9 of 21
  --
  Subiteration:10 of 21
  --
  Subiteration:11 of 21
  --
  Subiteration:12 of 21
  --
  Subiteration:13 of 21
  --
  Subiteration:14 of 21
  --
  Subiteration:15 of 21
  --
  Subiteration:16 of 21
  --
  Subiteration:17 of 21
  --
  Subiteration:18 of 21
  --
  Subiteration:19 of 21
  --
  Subiteration:20 of 21
  --
  Subiteration:21 of 21
  ----
  dt: 0.0047619
    Vlasov    : 0.00570361 (time scale), 0.834892 (CFL)
  ----
  Distribution Function Extrema:
    Species 0:	2.95744e-05 [max]	1.31846e-12 [min]

Step 49 completed, simulation time is 4.9
----

Step 50
  --
  Specified time step is higher than stable time step. Using subiterations.
  21 subiterations will be made with sub_dt = 0.0047619
  You may disable this by setting simulation.fixed_dt_subiteration = false.
  --
  --
  Subiteration:1 of 21
  --
  Subiteration:2 of 21
  --
  Subiteration:3 of 21
  --
  Subiteration:4 of 21
  --
  Subiteration:5 of 21
  --
  Subiteration:6 of 21
  --
  Subiteration:7 of 21
  --
  Subiteration:8 of 21
  --
  Subiteration:9 of 21
  --
  Subiteration:10 of 21
  --
  Subiteration:11 of 21
  --
  Subiteration:12 of 21
  --
  Subiteration:13 of 21
  --
  Subiteration:14 of 21
  --
  Subiteration:15 of 21
  --
  Subiteration:16 of 21
  --
  Subiteration:17 of 21
  --
  Subiteration:18 of 21
  --
  Subiteration:19 of 21
  --
  Subiteration:20 of 21
  --
  Subiteration:21 of 21
  ----
  dt: 0.0047619
    Vlasov    : 0.00570361 (time scale), 0.834892 (CFL)
  ----
  Distribution Function Extrema:
    Species 0:	2.95822e-05 [max]	1.31834e-12 [min]

Step 50 completed, simulation time is 5
----
Writing checkpoint file
Writing history file

Step 51
  --
  Specified time step is higher than stable time step. Using subiterations.
  21 subiterations will be made with sub_dt = 0.0047619
  You may disable this by setting simulation.fixed_dt_subiteration = false.
  --
  --
  Subiteration:1 of 21
  --
  Subiteration:2 of 21
  --
  Subiteration:3 of 21
  --
  Subiteration:4 of 21
  --
  Subiteration:5 of 21
  --
  Subiteration:6 of 21
  --
  Subiteration:7 of 21
  --
  Subiteration:8 of 21
  --
  Subiteration:9 of 21
  --
  Subiteration:10 of 21
  --
  Subiteration:11 of 21
  --
  Subiteration:12 of 21
  --
  Subiteration:13 of 21
  --
  Subiteration:14 of 21
  --
  Subiteration:15 of 21
  --
  Subiteration:16 of 21
  --
  Subiteration:17 of 21
  --
  Subiteration:18 of 21
  --
  Subiteration:19 of 21
  --
  Subiteration:20 of 21
  --
  Subiteration:21 of 21
  ----
  dt: 0.0047619
    Vlasov    : 0.00570361 (time scale), 0.834892 (CFL)
  ----
  Distribution Function Extrema:
    Species 0:	2.95967e-05 [max]	1.31827e-12 [min]

Step 51 completed, simulation time is 5.1
----

Step 52
  --
  Specified time step is higher than stable time step. Using subiterations.
  21 subiterations will be made with sub_dt = 0.0047619
  You may disable this by setting simulation.fixed_dt_subiteration = false.
  --
  --
  Subiteration:1 of 21
  --
  Subiteration:2 of 21
  --
  Subiteration:3 of 21
  --
  Subiteration:4 of 21
  --
  Subiteration:5 of 21
  --
  Subiteration:6 of 21
  --
  Subiteration:7 of 21
  --
  Subiteration:8 of 21
  --
  Subiteration:9 of 21
  --
  Subiteration:10 of 21
  --
  Subiteration:11 of 21
  --
  Subiteration:12 of 21
  --
  Subiteration:13 of 21
  --
  Subiteration:14 of 21
  --
  Subiteration:15 of 21
  --
  Subiteration:16 of 21
  --
  Subiteration:17 of 21
  --
  Subiteration:18 of 21
  --
  Subiteration:19 of 21
  --
  Subiteration:20 of 21
  --
  Subiteration:21 of 21
  ----
  dt: 0.0047619
    Vlasov    : 0.00570361 (time scale), 0.834892 (CFL)
  ----
  Distribution Function Extrema:
    Species 0:	2.96019e-05 [max]	1.31813e-12 [min]

Step 52 completed, simulation time is 5.2
----

Step 53
  --
  Specified time step is higher than stable time step. Using subiterations.
  21 subiterations will be made with sub_dt = 0.0047619
  You may disable this by setting simulation.fixed_dt_subiteration = false.
  --
  --
  Subiteration:1 of 21
  --
  Subiteration:2 of 21
  --
  Subiteration:3 of 21
  --
  Subiteration:4 of 21
  --
  Subiteration:5 of 21
  --
  Subiteration:6 of 21
  --
  Subiteration:7 of 21
  --
  Subiteration:8 of 21
  --
  Subiteration:9 of 21
  --
  Subiteration:10 of 21
  --
  Subiteration:11 of 21
  --
  Subiteration:12 of 21
  --
  Subiteration:13 of 21
  --
  Subiteration:14 of 21
  --
  Subiteration:15 of 21
  --
  Subiteration:16 of 21
  --
  Subiteration:17 of 21
  --
  Subiteration:18 of 21
  --
  Subiteration:19 of 21
  --
  Subiteration:20 of 21
  --
  Subiteration:21 of 21
  ----
  dt: 0.0047619
    Vlasov    : 0.00570361 (time scale), 0.834892 (CFL)
  ----
  Distribution Function Extrema:
    Species 0:	2.96056e-05 [max]	1.31802e-12 [min]

Step 53 completed, simulation time is 5.3
----

Step 54
  --
  Specified time step is higher than stable time step. Using subiterations.
  21 subiterations will be made with sub_dt = 0.0047619
  You may disable this by setting simulation.fixed_dt_subiteration = false.
  --
  --
  Subiteration:1 of 21
  --
  Subiteration:2 of 21
  --
  Subiteration:3 of 21
  --
  Subiteration:4 of 21
  --
  Subiteration:5 of 21
  --
  Subiteration:6 of 21
  --
  Subiteration:7 of 21
  --
  Subiteration:8 of 21
  --
  Subiteration:9 of 21
  --
  Subiteration:10 of 21
  --
  Subiteration:11 of 21
  --
  Subiteration:12 of 21
  --
  Subiteration:13 of 21
  --
  Subiteration:14 of 21
  --
  Subiteration:15 of 21
  --
  Subiteration:16 of 21
  --
  Subiteration:17 of 21
  --
  Subiteration:18 of 21
  --
  Subiteration:19 of 21
  --
  Subiteration:20 of 21
  --
  Subiteration:21 of 21
  ----
  dt: 0.0047619
    Vlasov    : 0.00570361 (time scale), 0.834892 (CFL)
  ----
  Distribution Function Extrema:
    Species 0:	2.9604e-05 [max]	1.31789e-12 [min]

Step 54 completed, simulation time is 5.4
----

Step 55
  --
  Specified time step is higher than stable time step. Using subiterations.
  21 subiterations will be made with sub_dt = 0.0047619
  You may disable this by setting simulation.fixed_dt_subiteration = false.
  --
  --
  Subiteration:1 of 21
  --
  Subiteration:2 of 21
  --
  Subiteration:3 of 21
  --
  Subiteration:4 of 21
  --
  Subiteration:5 of 21
  --
  Subiteration:6 of 21
  --
  Subiteration:7 of 21
  --
  Subiteration:8 of 21
  --
  Subiteration:9 of 21
  --
  Subiteration:10 of 21
  --
  Subiteration:11 of 21
  --
  Subiteration:12 of 21
  --
  Subiteration:13 of 21
  --
  Subiteration:14 of 21
  --
  Subiteration:15 of 21
  --
  Subiteration:16 of 21
  --
  Subiteration:17 of 21
  --
  Subiteration:18 of 21
  --
  Subiteration:19 of 21
  --
  Subiteration:20 of 21
  --
  Subiteration:21 of 21
  ----
  dt: 0.0047619
    Vlasov    : 0.00570361 (time scale), 0.834892 (CFL)
  ----
  Distribution Function Extrema:
    Species 0:	2.9625e-05 [max]	1.31787e-12 [min]

Step 55 completed, simulation time is 5.5
----

Step 56
  --
  Specified time step is higher than stable time step. Using subiterations.
  21 subiterations will be made with sub_dt = 0.0047619
  You may disable this by setting simulation.fixed_dt_subiteration = false.
  --
  --
  Subiteration:1 of 21
  --
  Subiteration:2 of 21
  --
  Subiteration:3 of 21
  --
  Subiteration:4 of 21
  --
  Subiteration:5 of 21
  --
  Subiteration:6 of 21
  --
  Subiteration:7 of 21
  --
  Subiteration:8 of 21
  --
  Subiteration:9 of 21
  --
  Subiteration:10 of 21
  --
  Subiteration:11 of 21
  --
  Subiteration:12 of 21
  --
  Subiteration:13 of 21
  --
  Subiteration:14 of 21
  --
  Subiteration:15 of 21
  --
  Subiteration:16 of 21
  --
  Subiteration:17 of 21
  --
  Subiteration:18 of 21
  --
  Subiteration:19 of 21
  --
  Subiteration:20 of 21
  --
  Subiteration:21 of 21
  ----
  dt: 0.0047619
    Vlasov    : 0.00570361 (time scale), 0.834892 (CFL)
  ----
  Distribution Function Extrema:
    Species 0:	2.96389e-05 [max]	1.31802e-12 [min]

Step 56 completed, simulation time is 5.6
----

Step 57
  --
  Specified time step is higher than stable time step. Using subiterations.
  21 subiterations will be made with sub_dt = 0.0047619
  You may disable this by setting simulation.fixed_dt_subiteration = false.
  --
  --
  Subiteration:1 of 21
  --
  Subiteration:2 of 21
  --
  Subiteration:3 of 21
  --
  Subiteration:4 of 21
  --
  Subiteration:5 of 21
  --
  Subiteration:6 of 21
  --
  Subiteration:7 of 21
  --
  Subiteration:8 of 21
  --
  Subiteration:9 of 21
  --
  Subiteration:10 of 21
  --
  Subiteration:11 of 21
  --
  Subiteration:12 of 21
  --
  Subiteration:13 of 21
  --
  Subiteration:14 of 21
  --
  Subiteration:15 of 21
  --
  Subiteration:16 of 21
  --
  Subiteration:17 of 21
  --
  Subiteration:18 of 21
  --
  Subiteration:19 of 21
  --
  Subiteration:20 of 21
  --
  Subiteration:21 of 21
  ----
  dt: 0.0047619
    Vlasov    : 0.00570361 (time scale), 0.834892 (CFL)
  ----
  Distribution Function Extrema:
    Species 0:	2.96253e-05 [max]	1.31801e-12 [min]

Step 57 completed, simulation time is 5.7
----

Step 58
  --
  Specified time step is higher than stable time step. Using subiterations.
  21 subiterations will be made with sub_dt = 0.0047619
  You may disable this by setting simulation.fixed_dt_subiteration = false.
  --
  --
  Subiteration:1 of 21
  --
  Subiteration:2 of 21
  --
  Subiteration:3 of 21
  --
  Subiteration:4 of 21
  --
  Subiteration:5 of 21
  --
  Subiteration:6 of 21
  --
  Subiteration:7 of 21
  --
  Subiteration:8 of 21
  --
  Subiteration:9 of 21
  --
  Subiteration:10 of 21
  --
  Subiteration:11 of 21
  --
  Subiteration:12 of 21
  --
  Subiteration:13 of 21
  --
  Subiteration:14 of 21
  --
  Subiteration:15 of 21
  --
  Subiteration:16 of 21
  --
  Subiteration:17 of 21
  --
  Subiteration:18 of 21
  --
  Subiteration:19 of 21
  --
  Subiteration:20 of 21
  --
  Subiteration:21 of 21
  ----
  dt: 0.0047619
    Vlasov    : 0.00570361 (time scale), 0.834892 (CFL)
  ----
  Distribution Function Extrema:
    Species 0:	2.96358e-05 [max]	1.31795e-12 [min]

Step 58 completed, simulation time is 5.8
----

Step 59
  --
  Specified time step is higher than stable time step. Using subiterations.
  21 subiterations will be made with sub_dt = 0.0047619
  You may disable this by setting simulation.fixed_dt_subiteration = false.
  --
  --
  Subiteration:1 of 21
  --
  Subiteration:2 of 21
  --
  Subiteration:3 of 21
  --
  Subiteration:4 of 21
  --
  Subiteration:5 of 21
  --
  Subiteration:6 of 21
  --
  Subiteration:7 of 21
  --
  Subiteration:8 of 21
  --
  Subiteration:9 of 21
  --
  Subiteration:10 of 21
  --
  Subiteration:11 of 21
  --
  Subiteration:12 of 21
  --
  Subiteration:13 of 21
  --
  Subiteration:14 of 21
  --
  Subiteration:15 of 21
  --
  Subiteration:16 of 21
  --
  Subiteration:17 of 21
  --
  Subiteration:18 of 21
  --
  Subiteration:19 of 21
  --
  Subiteration:20 of 21
  --
  Subiteration:21 of 21
  ----
  dt: 0.0047619
    Vlasov    : 0.00570361 (time scale), 0.834892 (CFL)
  ----
  Distribution Function Extrema:
    Species 0:	2.96085e-05 [max]	1.3178e-12 [min]

Step 59 completed, simulation time is 5.9
----

Step 60
  --
  Specified time step is higher than stable time step. Using subiterations.
  21 subiterations will be made with sub_dt = 0.0047619
  You may disable this by setting simulation.fixed_dt_subiteration = false.
  --
  --
  Subiteration:1 of 21
  --
  Subiteration:2 of 21
  --
  Subiteration:3 of 21
  --
  Subiteration:4 of 21
  --
  Subiteration:5 of 21
  --
  Subiteration:6 of 21
  --
  Subiteration:7 of 21
  --
  Subiteration:8 of 21
  --
  Subiteration:9 of 21
  --
  Subiteration:10 of 21
  --
  Subiteration:11 of 21
  --
  Subiteration:12 of 21
  --
  Subiteration:13 of 21
  --
  Subiteration:14 of 21
  --
  Subiteration:15 of 21
  --
  Subiteration:16 of 21
  --
  Subiteration:17 of 21
  --
  Subiteration:18 of 21
  --
  Subiteration:19 of 21
  --
  Subiteration:20 of 21
  --
  Subiteration:21 of 21
  ----
  dt: 0.0047619
    Vlasov    : 0.00570361 (time scale), 0.834892 (CFL)
  ----
  Distribution Function Extrema:
    Species 0:	2.95986e-05 [max]	1.31778e-12 [min]

Step 60 completed, simulation time is 6
----
Writing checkpoint file
Writing history file
