ModuleCmd_Switch.c(172):ERROR:152: Module 'PrgEnv-intel' is currently not loaded
** GKUnits ***********************************************************

==== Fundamental Units ===============================================
  NUMBER DENSITY    [1/m^3]: 1e+20
  TEMPERATURE           [eV]: 10
  LENGTH                [m]: 1
  MASS                 [AMU]: 1
  MAGNETIC FIELD        [T]: 1
  CHARGE                [C]: 1.60218e-19
  BOLTZMANN CONSTANT  [J/K]: 1.38065e-23
  ELECTRIC CONSTANT   [F/m]: 8.85419e-12
  MAGNETIC CONSTANT   [H/m]: 1.25664e-06

==== Derived Units ===================================================

  THERMAL SPEED       [m/s]: 30949.7
  TRANSIT TIME          [s]: 3.23105e-05
  MAGNETIC MOMENT     [J/T]: 8.01088e-19
  DIST. FUNCTION [s/(Am^6)]: 1.0737e+06
  POTENTIAL             [V]: 10
  GYROFREQUENCY       [1/s]: 9.57883e+07
  GYRORADIUS            [m]: 0.000323105
  DEBYE LENGTH          [m]: 2.35082e-06

==== Dimensionless Parameters =========================================

  LARMOR NUMBER            : 0.000323105
  DEBYE NUMBER             : 2.35082e-06

*************** cellSp[0] = 0.19635,  cellSp[1] = 0.19635, cellSp[2] = 0.785398
**** dimensions = 32, 32, 8
**** cellSp[0] = 0.19635,  cellSp[1] = 0.19635, cellSp[2] = 0.785398
**** dimensions = 32, 32, 8
**** cellSp[0] = 0.19635,  cellSp[1] = 0.19635, cellSp[2] = 0.785398
**** dimensions = 32, 32, 8
**** cellSp[0] = 0.19635,  cellSp[1] = 0.19635, cellSp[2] = 0.785398
**** dimensions = 32, 32, 8
**** cellSp[0] = 0.19635,  cellSp[1] = 0.19635, cellSp[2] = 0.785398
**** dimensions = 32, 32, 8
**** cellSp[0] = 0.19635,  cellSp[1] = 0.19635, cellSp[2] = 0.785398
**** dimensions = 32, 32, 8
**** cellSp[0] = 0.19635,  cellSp[1] = 0.19635, cellSp[2] = 0.785398
**** dimensions = 32, 32, 8
**** cellSp[0] = 0.19635,  cellSp[1] = 0.19635, cellSp[2] = 0.785398
**** dimensions = 32, 32, 8
**** cellSp[0] = 0.19635,  cellSp[1] = 0.19635, cellSp[2] = 0.785398
**** dimensions = 32, 32, 8
**** cellSp[0] = 0.19635,  cellSp[1] = 0.19635, cellSp[2] = 0.785398
**** dimensions = 32, 32, 8
**** cellSp[0] = 0.19635,  cellSp[1] = 0.19635, cellSp[2] = 0.785398
**** dimensions = 32, 32, 8
**** cellSp[0] = 0.19635,  cellSp[1] = 0.19635, cellSp[2] = 0.785398
**** dimensions = 32, 32, 8
**** cellSp[0] = 0.19635,  cellSp[1] = 0.19635, cellSp[2] = 0.785398
**** dimensions = 32, 32, 8
**** cellSp[0] = 0.19635,  cellSp[1] = 0.19635, cellSp[2] = 0.785398
**** dimensions = 32, 32, 8
**** cellSp[0] = 0.19635,  cellSp[1] = 0.19635, cellSp[2] = 0.785398
**** dimensions = 32, 32, 8
**** cellSp[0] = 0.19635,  cellSp[1] = 0.19635, cellSp[2] = 0.785398
**** dimensions = 32, 32, 8
**** cellSp[0] = 0.19635,  cellSp[1] = 0.19635, cellSp[2] = 0.785398
**** dimensions = 32, 32, 8
**** cellSp[0] = 0.19635,  cellSp[1] = 0.19635, cellSp[2] = 0.785398
**** dimensions = 32, 32, 8
**** cellSp[0] = 0.19635,  cellSp[1] = 0.19635, cellSp[2] = 0.785398
**** dimensions = 32, 32, 8
**** cellSp[0] = 0.19635,  cellSp[1] = 0.19635, cellSp[2] = 0.785398
**** dimensions = 32, 32, 8
**** cellSp[0] = 0.19635,  cellSp[1] = 0.19635, cellSp[2] = 0.785398
**** dimensions = 32, 32, 8
**** cellSp[0] = 0.19635,  cellSp[1] = 0.19635, cellSp[2] = 0.785398
**** dimensions = 32, 32, 8
**** cellSp[0] = 0.19635,  cellSp[1] = 0.19635, cellSp[2] = 0.785398
**** dimensions = 32, 32, 8
**** cellSp[0] = 0.19635,  cellSp[1] = 0.19635, cellSp[2] = 0.785398
**** dimensions = 32, 32, 8
**** cellSp[0] = 0.19635,  cellSp[1] = 0.19635, cellSp[2] = 0.785398
**** dimensions = 32, 32, 8
************************************************************
**** cellSp[0] = 0.19635,  cellSp[1] = 0.19635, cellSp[2] = 0.785398
**** dimensions = 32, 32, 8
**** cellSp[0] = 0.19635,  cellSp[1] = 0.19635, cellSp[2] = 0.785398
**** dimensions = 32, 32, 8
**** cellSp[0] = 0.19635,  cellSp[1] = 0.19635, cellSp[2] = 0.785398
**** dimensions = 32, 32, 8
**** cellSp[0] = 0.19635,  cellSp[1] = 0.19635, cellSp[2] = 0.785398
**** dimensions = 32, 32, 8
**** cellSp[0] = 0.19635,  cellSp[1] = 0.19635, cellSp[2] = 0.785398
**** dimensions = 32, 32, 8
**** cellSp[0] = 0.19635,  cellSp[1] = 0.19635, cellSp[2] = 0.785398
**** dimensions = 32, 32, 8
**** cellSp[0] = 0.19635,  cellSp[1] = 0.19635, cellSp[2] = 0.785398
**** dimensions = 32, 32, 8
Constructing slab geometry...
xmax = 0.02, ymax = 0.02, zmax = 0.25
Bz_inner = 3, Bz_outer = 3
By_inner  = 0.06
**** cellSp[0] = 0.19635,  cellSp[1] = 0.19635, cellSp[2] = 0.785398
**** dimensions = 32, 32, 8
Done constructing slab geometry
**** cellSp[0] = 0.19635,  cellSp[1] = 0.19635, cellSp[2] = 0.785398
**** dimensions = 32, 32, 8
**** cellSp[0] = 0.19635,  cellSp[1] = 0.19635, cellSp[2] = 0.785398
**** dimensions = 32, 32, 8
**** cellSp[0] = 0.19635,  cellSp[1] = 0.19635, cellSp[2] = 0.785398
**** dimensions = 32, 32, 8
**** cellSp[0] = 0.19635,  cellSp[1] = 0.19635, cellSp[2] = 0.785398
**** dimensions = 32, 32, 8
**** cellSp[0] = 0.19635,  cellSp[1] = 0.19635, cellSp[2] = 0.785398
**** dimensions = 32, 32, 8
**** cellSp[0] = 0.19635,  cellSp[1] = 0.19635, cellSp[2] = 0.785398
**** dimensions = 32, 32, 8
**** cellSp[0] = 0.19635,  cellSp[1] = 0.19635, cellSp[2] = 0.785398
**** dimensions = 32, 32, 8
**** cellSp[0] = 0.19635,  cellSp[1] = 0.19635, cellSp[2] = 0.785398
**** dimensions = 32, 32, 8
   Phase space box ((8,16,0,9,6) (15,31,7,17,11) (0,0,0,0,0)) is assigned to process 87, has 55296 valid cells and 1406976 ghost cells
**** cellSp[0] = 0.19635,  cellSp[1] = 0.19635, cellSp[2] = 0.785398
**** dimensions = 32, 32, 8
**** cellSp[0] = 0.19635,  cellSp[1] = 0.19635, cellSp[2] = 0.785398
**** dimensions = 32, 32, 8
   Phase space box ((8,16,0,-9,18) (15,31,7,-1,23) (0,0,0,0,0)) is assigned to process 93, has 55296 valid cells and 1406976 ghost cells
**** cellSp[0] = 0.19635,  cellSp[1] = 0.19635, cellSp[2] = 0.785398
**** dimensions = 32, 32, 8
   Phase space box ((16,16,0,-9,0) (23,31,7,-1,5) (0,0,0,0,0)) is assigned to process 97, has 55296 valid cells and 1406976 ghost cells
**** cellSp[0] = 0.19635,  cellSp[1] = 0.19635, cellSp[2] = 0.785398
**** dimensions = 32, 32, 8
   Phase space box ((16,16,0,9,0) (23,31,7,17,5) (0,0,0,0,0)) is assigned to process 99, has 55296 valid cells and 1406976 ghost cells
**** cellSp[0] = 0.19635,  cellSp[1] = 0.19635, cellSp[2] = 0.785398
**** dimensions = 32, 32, 8
   Phase space box ((16,16,0,-9,6) (23,31,7,-1,11) (0,0,0,0,0)) is assigned to process 101, has 55296 valid cells and 1406976 ghost cells
**** cellSp[0] = 0.19635,  cellSp[1] = 0.19635, cellSp[2] = 0.785398
**** dimensions = 32, 32, 8
   Phase space box ((16,16,0,9,6) (23,31,7,17,11) (0,0,0,0,0)) is assigned to process 103, has 55296 valid cells and 1406976 ghost cells
   Configuration space box ((0,0,0) (7,7,7) (0,0,0)) is assigned to process 0
   Configuration space box ((8,0,0) (15,7,7) (0,0,0)) is assigned to process 1
   Configuration space box ((16,0,0) (23,7,7) (0,0,0)) is assigned to process 2
   Configuration space box ((24,0,0) (31,7,7) (0,0,0)) is assigned to process 3
   Configuration space box ((0,8,0) (7,15,7) (0,0,0)) is assigned to process 4
   Configuration space box ((8,8,0) (15,15,7) (0,0,0)) is assigned to process 5
   Configuration space box ((16,8,0) (23,15,7) (0,0,0)) is assigned to process 6
   Configuration space box ((24,8,0) (31,15,7) (0,0,0)) is assigned to process 7
   Configuration space box ((0,16,0) (7,23,7) (0,0,0)) is assigned to process 8
   Configuration space box ((8,16,0) (15,23,7) (0,0,0)) is assigned to process 9
   Configuration space box ((16,16,0) (23,23,7) (0,0,0)) is assigned to process 10
   Configuration space box ((24,16,0) (31,23,7) (0,0,0)) is assigned to process 11
   Configuration space box ((0,24,0) (7,31,7) (0,0,0)) is assigned to process 12
   Configuration space box ((8,24,0) (15,31,7) (0,0,0)) is assigned to process 13
   Configuration space box ((16,24,0) (23,31,7) (0,0,0)) is assigned to process 14
   Configuration space box ((24,24,0) (31,31,7) (0,0,0)) is assigned to process 15
Constructing magnetic geometry
   Phase space box ((16,16,0,-18,12) (23,31,7,-10,17) (0,0,0,0,0)) is assigned to process 104, has 55296 valid cells and 1406976 ghost cells
Done constructing magnetic geometry
   Phase space box ((16,16,0,0,12) (23,31,7,8,17) (0,0,0,0,0)) is assigned to process 106, has 55296 valid cells and 1406976 ghost cells
   Velocity space box ((-18,0) (-10,5) (0,0)) is assigned to process 0
   Velocity space box ((-9,0) (-1,5) (0,0)) is assigned to process 1
   Velocity space box ((0,0) (8,5) (0,0)) is assigned to process 2
   Velocity space box ((9,0) (17,5) (0,0)) is assigned to process 3
   Velocity space box ((-18,6) (-10,11) (0,0)) is assigned to process 4
   Velocity space box ((-9,6) (-1,11) (0,0)) is assigned to process 5
   Velocity space box ((0,6) (8,11) (0,0)) is assigned to process 6
   Velocity space box ((9,6) (17,11) (0,0)) is assigned to process 7
   Velocity space box ((-18,12) (-10,17) (0,0)) is assigned to process 8
   Velocity space box ((-9,12) (-1,17) (0,0)) is assigned to process 9
   Velocity space box ((0,12) (8,17) (0,0)) is assigned to process 10
   Velocity space box ((9,12) (17,17) (0,0)) is assigned to process 11
   Velocity space box ((-18,18) (-10,23) (0,0)) is assigned to process 12
   Velocity space box ((-9,18) (-1,23) (0,0)) is assigned to process 13
   Velocity space box ((0,18) (8,23) (0   Phase space box ((8,16,0,0,6) (15,31,7,8,11) (0,0,0,0,0)) is assigned to process 86, has 55296 valid cells and 1406976 ghost cells
,0)) is assigned to process 14
   Velocity space box ((9,18) (17,23) (0,0)) is assigned to process 15
   Phase space box ((8,16,0,-18,12) (15,31,7,-10,17) (0,0,0,0,0)) is assigned to process 88, has 55296 valid cells and 1406976 ghost cells
   Phase space box ((0,0,0,-18,0) (7,15,7,-10,5) (0,0,0,0,0)) is assigned to process 0, has 55296 valid cells and 1406976 ghost cells
   Phase space box ((8,16,0,-9,12) (15,31,7,-1,17) (0,0,0,0,0)) is assigned to process 89, has 55296 valid cells and 1406976 ghost cells
   Phase space box ((0,0,0,0,0) (7,15,7,8,5) (0,0,0,0,0)) is assigned to process 2, has 55296 valid cells and 1406976 ghost cells
   Phase space box ((8,16,0,0,12) (15,31,7,8,17) (0,0,0,0,0)) is assigned to process 90, has 55296 valid cells and 1406976 ghost cells
   Phase space box ((0,0,0,-18,6) (7,15,7,-10,11) (0,0,0,0,0)) is assigned to process 4, has 55296 valid cells and 1406976 ghost cells
   Phase space box ((8,16,0,9,12) (15,31,7,17,17) (0,0,0,0,0)) is assigned to process 91, has 55296 valid cells and 1406976 ghost cells
   Phase space box ((0,0,0,0,6) (7,15,7,8,11) (0,0,0,0,0)) is assigned to process 6, has 55296 valid cells and 1406976 ghost cells
   Phase space box ((8,16,0,-18,18) (15,31,7,-10,23) (0,0,0,0,0)) is assigned to process 92, has 55296 valid cells and 1406976 ghost cells
   Phase space box ((0,0,0,-18,12) (7,15,7,-10,17) (0,0,0,0,0)) is assigned to process 8, has 55296 valid cells and 1406976 ghost cells
   Phase space box ((8,16,0,0,18) (15,31,7,8,23) (0,0,0,0,0)) is assigned to process 94, has 55296 valid cells and 1406976 ghost cells
   Phase space box ((0,0,0,-18,18) (7,15,7,-10,23) (0,0,0,0,0)) is assigned to process 12, has 55296 valid cells and 1406976 ghost cells
   Phase space box ((8,16,0,9,18) (15,31,7,17,23) (0,0,0,0,0)) is assigned to process 95, has 55296 valid cells and 1406976 ghost cells
   Phase space box ((0,0,0,-9,18) (7,15,7,-1,23) (0,0,0,0,0)) is assigned to process 13, has 55296 valid cells and 1406976 ghost cells
   Phase space box ((16,16,0,-18,0) (23,31,7,-10,5) (0,0,0,0,0)) is assigned to process 96, has 55296 valid cells and 1406976 ghost cells
   Phase space box ((0,0,0,9,18) (7,15,7,17,23) (0,0,0,0,0)) is assigned to process 15, has 55296 valid cells and 1406976 ghost cells
   Phase space box ((8,0,0,0,0) (15,15,7,8,5) (0,0,0,0,0)) is assigned to process 18, has 55296 valid cells and 1406976 ghost cells
   Phase space box ((16,16,0,0,0) (23,31,7,8,5) (0,0,0,0,0)) is assigned to process 98, has 55296 valid cells and 1406976 ghost cells
   Phase space box ((8,0,0,9,0) (15,15,7,17,5) (0,0,0,0,0)) is assigned to process 19, has 55296 valid cells and 1406976 ghost cells
   Phase space box ((16,16,0,-18,6) (23,31,7,-10,11) (0,0,0,0,0)) is assigned to process 100, has 55296 valid cells and 1406976 ghost cells
   Phase space box ((8,0,0,-18,6) (15,15,7,-10,11) (0,0,0,0,0)) is assigned to process 20, has 55296 valid cells and 1406976 ghost cells
   Phase space box ((16,16,0,0,6) (23,31,7,8,11) (0,0,0,0,0)) is assigned to process 102, has 55296 valid cells and 1406976 ghost cells
   Phase space box ((8,0,0,-9,6) (15,15,7,-1,11) (0,0,0,0,0)) is assigned to process 21, has 55296 valid cells and 1406976 ghost cells
   Phase space box ((16,16,0,-9,12) (23,31,7,-1,17) (0,0,0,0,0)) is assigned to process 105, has 55296 valid cells and 1406976 ghost cells
   Phase space box ((0,0,0,-9,0) (7,15,7,-1,5) (0,0,0,0,0)) is assigned to process 1, has 55296 valid cells and 1406976 ghost cells
   Phase space box ((0,0,0,9,0) (7,15,7,17,5) (0,0,0,0,0)) is assigned to process 3, has 55296 valid cells and 1406976 ghost cells
   Phase space box ((0,0,0,-9,6) (7,15,7,-1,11) (0,0,0,0,0)) is assigned to process 5, has 55296 valid cells and 1406976 ghost cells
   Phase space box ((0,0,0,9,6) (7,15,7,17,11) (0,0,0,0,0)) is assigned to process 7, has 55296 valid cells and 1406976 ghost cells
   Phase space box ((0,0,0,-9,12) (7,15,7,-1,17) (0,0,0,0,0)) is assigned to process 9, has 55296 valid cells and 1406976 ghost cells
   Phase space box ((0,0,0,0,12) (7,15,7,8,17) (0,0,0,0,0)) is assigned to process 10, has 55296 valid cells and 1406976 ghost cells
   Phase space box ((0,0,0,9,12) (7,15,7,17,17) (0,0,0,0,0)) is assigned to process 11, has 55296 valid cells and 1406976 ghost cells
   Phase space box ((0,0,0,0,18) (7,15,7,8,23) (0,0,0,0,0)) is assigned to process 14, has 55296 valid cells and 1406976 ghost cells
   Phase space box ((8,0,0,-18,0) (15,15,7,-10,5) (0,0,0,0,0)) is assigned to process 16, has 55296 valid cells and 1406976 ghost cells
   Phase space box ((8,0,0,-9,0) (15,15,7,-1,5) (0,0,0,0,0)) is assigned to process 17, has 55296 valid cells and 1406976 ghost cells
**** cellSp[0] = 0.19635,  cellSp[1] = 0.19635, cellSp[2] = 0.785398
**** dimensions = 32, 32, 8
**** cellSp[0] = 0.19635,  cellSp[1] = 0.19635, cellSp[2] = 0.785398
**** dimensions = 32, 32, 8
**** cellSp[0] = 0.19635,  cellSp[1] = 0.19635, cellSp[2] = 0.785398
**** dimensions = 32, 32, 8
**** cellSp[0] = 0.19635,  cellSp[1] = 0.19635, cellSp[2] = 0.785398
**** dimensions = 32, 32, 8
**** cellSp[0] = 0.19635,  cellSp[1] = 0.19635, cellSp[2] = 0.785398
**** dimensions = 32, 32, 8
**** cellSp[0] = 0.19635,  cellSp[1] = 0.19635, cellSp[2] = 0.785398
**** dimensions = 32, 32, 8
**** cellSp[0] = 0.19635,  cellSp[1] = 0.19635, cellSp[2] = 0.785398
**** dimensions = 32, 32, 8
**** cellSp[0] = 0.19635,  cellSp[1] = 0.19635, cellSp[2] = 0.785398
**** dimensions = 32, 32, 8
**** cellSp[0] = 0.19635,  cellSp[1] = 0.19635, cellSp[2] = 0.785398
**** dimensions = 32, 32, 8
**** cellSp[0] = 0.19635,  cellSp[1] = 0.19635, cellSp[2] = 0.785398
**** dimensions = 32, 32, 8
**** cellSp[0] = 0.19635,  cellSp[1] = 0.19635, cellSp[2] = 0.785398
**** dimensions = 32, 32, 8
**** cellSp[0] = 0.19635,  cellSp[1] = 0.19635, cellSp[2] = 0.785398
**** dimensions = 32, 32, 8
**** cellSp[0] = 0.19635,  cellSp[1] = 0.19635, cellSp[2] = 0.785398
**** dimensions = 32, 32, 8
**** cellSp[0] = 0.19635,  cellSp[1] = 0.19635, cellSp[2] = 0.785398
**** dimensions = 32, 32, 8
**** cellSp[0] = 0.19635,  cellSp[1] = 0.19635, cellSp[2] = 0.785398
**** dimensions = 32, 32, 8
**** cellSp[0] = 0.19635,  cellSp[1] = 0.19635, cellSp[2] = 0.785398
**** dimensions = 32, 32, 8
**** cellSp[0] = 0.19635,  cellSp[1] = 0.19635, cellSp[2] = 0.785398
**** dimensions = 32, 32, 8
**** cellSp[0] = 0.19635,  cellSp[1] = 0.19635, cellSp[2] = 0.785398
**** dimensions = 32, 32, 8
**** cellSp[0] = 0.19635,  cellSp[1] = 0.19635, cellSp[2] = 0.785398
**** dimensions = 32, 32, 8
**** cellSp[0] = 0.19635,  cellSp[1] = 0.19635, cellSp[2] = 0.785398
**** dimensions = 32, 32, 8
**** cellSp[0] = 0.19635,  cellSp[1] = 0.19635, cellSp[2] = 0.785398
**** dimensions = 32, 32, 8
**** cellSp[0] = 0.19635,  cellSp[1] = 0.19635, cellSp[2] = 0.785398
**** dimensions = 32, 32, 8
**** cellSp[0] = 0.19635,  cellSp[1] = 0.19635, cellSp[2] = 0.785398
**** dimensions = 32, 32, 8
**** cellSp[0] = 0.19635,  cellSp[1] = 0.19635, cellSp[2] = 0.785398
**** dimensions = 32, 32, 8
**** cellSp[0] = 0.19635,  cellSp[1] = 0.19635, cellSp[2] = 0.785398
**** dimensions = 32, 32, 8
**** cellSp[0] = 0.19635,  cellSp[1] = 0.19635, cellSp[2] = 0.785398
**** dimensions = 32, 32, 8
**** cellSp[0] = 0.19635,  cellSp[1] = 0.19635, cellSp[2] = 0.785398
**** dimensions = 32, 32, 8
**** cellSp[0] = 0.19635,  cellSp[1] = 0.19635, cellSp[2] = 0.785398
**** dimensions = 32, 32, 8
**** cellSp[0] = 0.19635,  cellSp[1] = 0.19635, cellSp[2] = 0.785398
**** dimensions = 32, 32, 8
**** cellSp[0] = 0.19635,  cellSp[1] = 0.19635, cellSp[2] = 0.785398
**** dimensions = 32, 32, 8
**** cellSp[0] = 0.19635,  cellSp[1] = 0.19635, cellSp[2] = 0.785398
**** dimensions = 32, 32, 8
**** cellSp[0] = 0.19635,  cellSp[1] = 0.19635, cellSp[2] = 0.785398
**** dimensions = 32, 32, 8
**** cellSp[0] = 0.19635,  cellSp[1] = 0.19635, cellSp[2] = 0.785398
**** dimensions = 32, 32, 8
**** cellSp[0] = 0.19635,  cellSp[1] = 0.19635, cellSp[2] = 0.785398
**** dimensions = 32, 32, 8
**** cellSp[0] = 0.19635,  cellSp[1] = 0.19635, cellSp[2] = 0.785398
**** dimensions = 32, 32, 8
**** cellSp[0] = 0.19635,  cellSp[1] = 0.19635, cellSp[2] = 0.785398
**** dimensions = 32, 32, 8
**** cellSp[0] = 0.19635,  cellSp[1] = 0.19635, cellSp[2] = 0.785398
**** dimensions = 32, 32, 8
**** cellSp[0] = 0.19635,  cellSp[1] = 0.19635, cellSp[2] = 0.785398
**** dimensions = 32, 32, 8
**** cellSp[0] = 0.19635,  cellSp[1] = 0.19635, cellSp[2] = 0.785398
**** dimensions = 32, 32, 8
**** cellSp[0] = 0.19635,  cellSp[1] = 0.19635, cellSp[2] = 0.785398
**** dimensions = 32, 32, 8
**** cellSp[0] = 0.19635,  cellSp[1] = 0.19635, cellSp[2] = 0.785398
**** dimensions = 32, 32, 8
**** cellSp[0] = 0.19635,  cellSp[1] = 0.19635, cellSp[2] = 0.785398
**** dimensions = 32, 32, 8
**** cellSp[0] = 0.19635,  cellSp[1] = 0.19635, cellSp[2] = 0.785398
**** dimensions = 32, 32, 8
**** cellSp[0] = 0.19635,  cellSp[1] = 0.19635, cellSp[2] = 0.785398
**** dimensions = 32, 32, 8
**** cellSp[0] = 0.19635,  cellSp[1] = 0.19635, cellSp[2] = 0.785398
**** dimensions = 32, 32, 8
**** cellSp[0] = 0.19635,  cellSp[1] = 0.19635, cellSp[2] = 0.785398
**** dimensions = 32, 32, 8
**** cellSp[0] = 0.19635,  cellSp[1] = 0.19635, cellSp[2] = 0.785398
**** dimensions = 32, 32, 8
**** cellSp[0] = 0.19635,  cellSp[1] = 0.19635, cellSp[2] = 0.785398
**** dimensions = 32, 32, 8
**** cellSp[0] = 0.19635,  cellSp[1] = 0.19635, cellSp[2] = 0.785398
**** dimensions = 32, 32, 8
**** cellSp[0] = 0.19635,  cellSp[1] = 0.19635, cellSp[2] = 0.785398
**** dimensions = 32, 32, 8
**** cellSp[0] = 0.19635,  cellSp[1] = 0.19635, cellSp[2] = 0.785398
**** dimensions = 32, 32, 8
**** cellSp[0] = 0.19635,  cellSp[1] = 0.19635, cellSp[2] = 0.785398
**** dimensions = 32, 32, 8
**** cellSp[0] = 0.19635,  cellSp[1] = 0.19635, cellSp[2] = 0.785398
**** dimensions = 32, 32, 8
**** cellSp[0] = 0.19635,  cellSp[1] = 0.19635, cellSp[2] = 0.785398
**** dimensions = 32, 32, 8
**** cellSp[0] = 0.19635,  cellSp[1] = 0.19635, cellSp[2] = 0.785398
**** dimensions = 32, 32, 8
**** cellSp[0] = 0.19635,  cellSp[1] = 0.19635, cellSp[2] = 0.785398
**** dimensions = 32, 32, 8
**** cellSp[0] = 0.19635,  cellSp[1] = 0.19635, cellSp[2] = 0.785398
**** dimensions = 32, 32, 8
**** cellSp[0] = 0.19635,  cellSp[1] = 0.19635, cellSp[2] = 0.785398
**** dimensions = 32, 32, 8
**** cellSp[0] = 0.19635,  cellSp[1] = 0.19635, cellSp[2] = 0.785398
**** dimensions = 32, 32, 8
**** cellSp[0] = 0.19635,  cellSp[1] = 0.19635, cellSp[2] = 0.785398
**** dimensions = 32, 32, 8
**** cellSp[0] = 0.19635,  cellSp[1] = 0.19635, cellSp[2] = 0.785398
**** dimensions = 32, 32, 8
**** cellSp[0] = 0.19635,  cellSp[1] = 0.19635, cellSp[2] = 0.785398
**** dimensions = 32, 32, 8
**** cellSp[0] = 0.19635,  cellSp[1] = 0.19635, cellSp[2] = 0.785398
**** dimensions = 32, 32, 8
**** cellSp[0] = 0.19635,  cellSp[1] = 0.19635, cellSp[2] = 0.785398
**** dimensions = 32, 32, 8
**** cellSp[0] = 0.19635,  cellSp[1] = 0.19635, cellSp[2] = 0.785398
**** dimensions = 32, 32, 8
**** cellSp[0] = 0.19635,  cellSp[1] = 0.19635, cellSp[2] = 0.785398
**** dimensions = 32, 32, 8
**** cellSp[0] = 0.19635,  cellSp[1] = 0.19635, cellSp[2] = 0.785398
**** dimensions = 32, 32, 8
**** cellSp[0] = 0.19635,  cellSp[1] = 0.19635, cellSp[2] = 0.785398
**** dimensions = 32, 32, 8
**** cellSp[0] = 0.19635,  cellSp[1] = 0.19635, cellSp[2] = 0.785398
**** dimensions = 32, 32, 8
**** cellSp[0] = 0.19635,  cellSp[1] = 0.19635, cellSp[2] = 0.785398
**** dimensions = 32, 32, 8
**** cellSp[0] = 0.19635,  cellSp[1] = 0.19635, cellSp[2] = 0.785398
**** dimensions = 32, 32, 8
**** cellSp[0] = 0.19635,  cellSp[1] = 0.19635, cellSp[2] = 0.785398
**** dimensions = 32, 32, 8
**** cellSp[0] = 0.19635,  cellSp[1] = 0.19635, cellSp[2] = 0.785398
**** dimensions = 32, 32, 8
**** cellSp[0] = 0.19635,  cellSp[1] = 0.19635, cellSp[2] = 0.785398
**** dimensions = 32, 32, 8
**** cellSp[0] = 0.19635,  cellSp[1] = 0.19635, cellSp[2] = 0.785398
**** dimensions = 32, 32, 8
**** cellSp[0] = 0.19635,  cellSp[1] = 0.19635, cellSp[2] = 0.785398
**** dimensions = 32, 32, 8
**** cellSp[0] = 0.19635,  cellSp[1] = 0.19635, cellSp[2] = 0.785398
**** dimensions = 32, 32, 8
**** cellSp[0] = 0.19635,  cellSp[1] = 0.19635, cellSp[2] = 0.785398
**** dimensions = 32, 32, 8
**** cellSp[0] = 0.19635,  cellSp[1] = 0.19635, cellSp[2] = 0.785398
**** dimensions = 32, 32, 8
**** cellSp[0] = 0.19635,  cellSp[1] = 0.19635, cellSp[2] = 0.785398
**** dimensions = 32, 32, 8
   Phase space box ((16,16,0,-18,18) (23,31,7,-10,23) (0,0,0,0,0)) is assigned to process 108, has 55296 valid cells and 1406976 ghost cells
**** cellSp[0] = 0.19635,  cellSp[1] = 0.19635, cellSp[2] = 0.785398
**** dimensions = 32, 32, 8
   Phase space box ((0,16,0,0,0) (7,31,7,8,5) (0,0,0,0,0)) is assigned to process 66, has 55296 valid cells and 1406976 ghost cells
   Phase space box ((16,0,0,9,18) (23,15,7,17,23) (0,0,0,0,0)) is assigned to process 47, has 55296 valid cells and 1406976 ghost cells
   Phase space box ((16,16,0,-9,18) (23,31,7,-1,23) (0,0,0,0,0)) is assigned to process 109, has 55296 valid cells and 1406976 ghost cells
   Phase space box ((8,0,0,0,12) (15,15,7,8,17) (0,0,0,0,0)) is assigned to process 26, has 55296 valid cells and 1406976 ghost cells
   Phase space box ((0,16,0,9,0) (7,31,7,17,5) (0,0,0,0,0)) is assigned to process 67, has 55296 valid cells and 1406976 ghost cells
   Phase space box ((24,0,0,-18,0) (31,15,7,-10,5) (0,0,0,0,0)) is assigned to process 48, has 55296 valid cells and 1406976 ghost cells
   Phase space box ((16,16,0,0,18) (23,31,7,8,23) (0,0,0,0,0)) is assigned to process 110, has 55296 valid cells and 1406976 ghost cells
   Phase space box ((8,0,0,9,12) (15,15,7,17,17) (0,0,0,0,0)) is assigned to process 27, has 55296 valid cells and 1406976 ghost cells
   Phase space box ((0,16,0,-18,6) (7,31,7,-10,11) (0,0,0,0,0)) is assigned to process 68, has 55296 valid cells and 1406976 ghost cells
   Phase space box ((24,0,0,9,0) (31,15,7,17,5) (0,0,0,0,0)) is assigned to process 51, has 55296 valid cells and 1406976 ghost cells
   Phase space box ((16,16,0,9,18) (23,31,7,17,23) (0,0,0,0,0)) is assigned to process 111, has 55296 valid cells and 1406976 ghost cells
   Phase space box ((8,0,0,-18,18) (15,15,7,-10,23) (0,0,0,0,0)) is assigned to process 28, has 55296 valid cells and 1406976 ghost cells
   Phase space box ((0,16,0,-9,6) (7,31,7,-1,11) (0,0,0,0,0)) is assigned to process 69, has 55296 valid cells and 1406976 ghost cells
   Phase space box ((24,0,0,9,6) (31,15,7,17,11) (0,0,0,0,0)) is assigned to process 55, has 55296 valid cells and 1406976 ghost cells
   Phase space box ((16,16,0,9,12) (23,31,7,17,17) (0,0,0,0,0)) is assigned to process 107, has 55296 valid cells and 1406976 ghost cells
   Phase space box ((8,0,0,9,18) (15,15,7,17,23) (0,0,0,0,0)) is assigned to process 31, has 55296 valid cells and 1406976 ghost cells
   Phase space box ((0,16,0,0,6) (7,31,7,8,11) (0,0,0,0,0)) is assigned to process 70, has 55296 valid cells and 1406976 ghost cells
   Phase space box ((24,0,0,-18,12) (31,15,7,-10,17) (0,0,0,0,0)) is assigned to process 56, has 55296 valid cells and 1406976 ghost cells
   Phase space box ((24,16,0,0,0) (31,31,7,8,5) (0,0,0,0,0)) is assigned to process 114, has 55296 valid cells and 1406976 ghost cells
   Phase space box ((16,0,0,-18,0) (23,15,7,-10,5) (0,0,0,0,0)) is assigned to process 32, has 55296 valid cells and 1406976 ghost cells
   Phase space box ((0,16,0,9,6) (7,31,7,17,11) (0,0,0,0,0)) is assigned to process 71, has 55296 valid cells and 1406976 ghost cells
   Phase space box ((24,0,0,0,18) (31,15,7,8,23) (0,0,0,0,0)) is assigned to process 62, has 55296 valid cells and 1406976 ghost cells
   Phase space box ((24,16,0,-18,6) (31,31,7,-10,11) (0,0,0,0,0)) is assigned to process 116, has 55296 valid cells and 1406976 ghost cells
   Phase space box ((16,0,0,0,0) (23,15,7,8,5) (0,0,0,0,0)) is assigned to process 34, has 55296 valid cells and 1406976 ghost cells
   Phase space box ((0,16,0,-9,12) (7,31,7,-1,17) (0,0,0,0,0)) is assigned to process 73, has 55296 valid cells and 1406976 ghost cells
   Phase space box ((0,16,0,-18,0) (7,31,7,-10,5) (0,0,0,0,0)) is assigned to process 64, has 55296 valid cells and 1406976 ghost cells
   Phase space box ((24,16,0,9,6) (31,31,7,17,11) (0,0,0,0,0)) is assigned to process 119, has 55296 valid cells and 1406976 ghost cells
   Phase space box ((16,0,0,-9,6) (23,15,7,-1,11) (0,0,0,0,0)) is assigned to process 37, has 55296 valid cells and 1406976 ghost cells
   Phase space box ((0,16,0,0,12) (7,31,7,8,17) (0,0,0,0,0)) is assigned to process 74, has 55296 valid cells and 1406976 ghost cells
   Phase space box ((16,0,0,-18,18) (23,15,7,-10,23) (0,0,0,0,0)) is assigned to process 44, has 55296 valid cells and 1406976 ghost cells
   Phase space box ((24,16,0,9,12) (31,31,7,17,17) (0,0,0,0,0)) is assigned to process 123, has 55296 valid cells and 1406976 ghost cells
   Phase space box ((16,0,0,9,6) (23,15,7,17,11) (0,0,0,0,0)) is assigned to process 39, has 55296 valid cells and 1406976 ghost cells
   Phase space box ((0,16,0,9,12) (7,31,7,17,17) (0,0,0,0,0)) is assigned to process 75, has 55296 valid cells and 1406976 ghost cells
   Phase space box ((16,0,0,-9,18) (23,15,7,-1,23) (0,0,0,0,0)) is assigned to process 45, has 55296 valid cells and 1406976 ghost cells
   Phase space box ((24,16,0,-18,18) (31,31,7,-10,23) (0,0,0,0,0)) is assigned to process 124, has 55296 valid cells and 1406976 ghost cells
   Phase space box ((16,0,0,-18,12) (23,15,7,-10,17) (0,0,0,0,0)) is assigned to process 40, has 55296 valid cells and 1406976 ghost cells
   Phase space box ((0,16,0,-18,18) (7,31,7,-10,23) (0,0,0,0,0)) is assigned to process 76, has 55296 valid cells and 1406976 ghost cells
   Phase space box ((16,0,0,0,18) (23,15,7,8,23) (0,0,0,0,0)) is assigned to process 46, has 55296 valid cells and 1406976 ghost cells
   Phase space box ((24,16,0,-18,0) (31,31,7,-10,5) (0,0,0,0,0)) is assigned to process 112, has 55296 valid cells and 1406976 ghost cells
   Phase space box ((16,0,0,-9,12) (23,15,7,-1,17) (0,0,0,0,0)) is assigned to process 41, has 55296 valid cells and 1406976 ghost cells
   Phase space box ((0,16,0,0,18) (7,31,7,8,23) (0,0,0,0,0)) is assigned to process 78, has 55296 valid cells and 1406976 ghost cells
   Phase space box ((24,0,0,-9,0) (31,15,7,-1,5) (0,0,0,0,0)) is assigned to process 49, has 55296 valid cells and 1406976 ghost cells
   Phase space box ((24,16,0,-9,0) (31,31,7,-1,5) (0,0,0,0,0)) is assigned to process 113, has 55296 valid cells and 1406976 ghost cells
   Phase space box ((16,0,0,0,12) (23,15,7,8,17) (0,0,0,0,0)) is assigned to process 42, has 55296 valid cells and 1406976 ghost cells
   Phase space box ((0,16,0,9,18) (7,31,7,17,23) (0,0,0,0,0)) is assigned to process 79, has 55296 valid cells and 1406976 ghost cells
   Phase space box ((24,0,0,0,0) (31,15,7,8,5) (0,0,0,0,0)) is assigned to process 50, has 55296 valid cells and 1406976 ghost cells
   Phase space box ((24,16,0,9,0) (31,31,7,17,5) (0,0,0,0,0)) is assigned to process 115, has 55296 valid cells and 1406976 ghost cells
   Phase space box ((16,0,0,9,12) (23,15,7,17,17) (0,0,0,0,0)) is assigned to process 43, has 55296 valid cells and 1406976 ghost cells
   Phase space box ((8,16,0,-18,0) (15,31,7,-10,5) (0,0,0,0,0)) is assigned to process 80, has 55296 valid cells and 1406976 ghost cells
   Phase space box ((24,0,0,-18,6) (31,15,7,-10,11) (0,0,0,0,0)) is assigned to process 52, has 55296 valid cells and 1406976 ghost cells
   Phase space box ((24,16,0,-9,6) (31,31,7,-1,11) (0,0,0,0,0)) is assigned to process 117, has 55296 valid cells and 1406976 ghost cells
   Phase space box ((8,0,0,0,6) (15,15,7,8,11) (0,0,0,0,0)) is assigned to process 22, has 55296 valid cells and 1406976 ghost cells
   Phase space box ((8,16,0,0,0) (15,31,7,8,5) (0,0,0,0,0)) is assigned to process 82, has 55296 valid cells and 1406976 ghost cells
   Phase space box ((24,0,0,-9,6) (31,15,7,-1,11) (0,0,0,0,0)) is assigned to process 53, has 55296 valid cells and 1406976 ghost cells
   Phase space box ((24,16,0,0,6) (31,31,7,8,11) (0,0,0,0,0)) is assigned to process 118, has 55296 valid cells and 1406976 ghost cells
   Phase space box ((8,0,0,9,6) (15,15,7,17,11) (0,0,0,0,0)) is assigned to process 23, has 55296 valid cells and 1406976 ghost cells
   Phase space box ((8,16,0,9,0) (15,31,7,17,5) (0,0,0,0,0)) is assigned to process 83, has 55296 valid cells and 1406976 ghost cells
   Phase space box ((24,0,0,0,6) (31,15,7,8,11) (0,0,0,0,0)) is assigned to process 54, has 55296 valid cells and 1406976 ghost cells
   Phase space box ((24,16,0,-18,12) (31,31,7,-10,17) (0,0,0,0,0)) is assigned to process 120, has 55296 valid cells and 1406976 ghost cells
   Phase space box ((8,0,0,-18,12) (15,15,7,-10,17) (0,0,0,0,0)) is assigned to process 24, has 55296 valid cells and 1406976 ghost cells
   Phase space box ((8,16,0,-18,6) (15,31,7,-10,11) (0,0,0,0,0)) is assigned to process 84, has 55296 valid cells and 1406976 ghost cells
   Phase space box ((24,0,0,-9,12) (31,15,7,-1,17) (0,0,0,0,0)) is assigned to process 57, has 55296 valid cells and 1406976 ghost cells
   Phase space box ((24,16,0,-9,12) (31,31,7,-1,17) (0,0,0,0,0)) is assigned to process 121, has 55296 valid cells and 1406976 ghost cells
   Phase space box ((8,0,0,-9,12) (15,15,7,-1,17) (0,0,0,0,0)) is assigned to process 25, has 55296 valid cells and 1406976 ghost cells
   Phase space box ((8,16,0,-9,6) (15,31,7,-1,11) (0,0,0,0,0)) is assigned to process 85, has 55296 valid cells and 1406976 ghost cells
   Phase space box ((24,0,0,0,12) (31,15,7,8,17) (0,0,0,0,0)) is assigned to process 58, has 55296 valid cells and 1406976 ghost cells
   Phase space box ((24,16,0,0,12) (31,31,7,8,17) (0,0,0,0,0)) is assigned to process 122, has 55296 valid cells and 1406976 ghost cells
   Phase space box ((8,0,0,-9,18) (15,15,7,-1,23) (0,0,0,0,0)) is assigned to process 29, has 55296 valid cells and 1406976 ghost cells
   Phase space box ((0,16,0,-9,0) (7,31,7,-1,5) (0,0,0,0,0)) is assigned to process 65, has 55296 valid cells and 1406976 ghost cells
   Phase space box ((24,0,0,9,12) (31,15,7,17,17) (0,0,0,0,0)) is assigned to process 59, has 55296 valid cells and 1406976 ghost cells
   Phase space box ((24,16,0,-9,18) (31,31,7,-1,23) (0,0,0,0,0)) is assigned to process 125, has 55296 valid cells and 1406976 ghost cells
   Phase space box ((8,0,0,0,18) (15,15,7,8,23) (0,0,0,0,0)) is assigned to process 30, has 55296 valid cells and 1406976 ghost cells
   Phase space box ((0,16,0,-18,12) (7,31,7,-10,17) (0,0,0,0,0)) is assigned to process 72, has 55296 valid cells and 1406976 ghost cells
   Phase space box ((24,0,0,-18,18) (31,15,7,-10,23) (0,0,0,0,0)) is assigned to process 60, has 55296 valid cells and 1406976 ghost cells
   Phase space box ((24,16,0,0,18) (31,31,7,8,23) (0,0,0,0,0)) is assigned to process 126, has 55296 valid cells and 1406976 ghost cells
   Phase space box ((16,0,0,-9,0) (23,15,7,-1,5) (0,0,0,0,0)) is assigned to process 33, has 55296 valid cells and 1406976 ghost cells
   Phase space box ((0,16,0,-9,18) (7,31,7,-1,23) (0,0,0,0,0)) is assigned to process 77, has 55296 valid cells and 1406976 ghost cells
   Phase space box ((24,0,0,-9,18) (31,15,7,-1,23) (0,0,0,0,0)) is assigned to process 61, has 55296 valid cells and 1406976 ghost cells
   Phase space box ((24,16,0,9,18) (31,31,7,17,23) (0,0,0,0,0)) is assigned to process 127, has 55296 valid cells and 1406976 ghost cells
   Phase space box ((16,0,0,9,0) (23,15,7,17,5) (0,0,0,0,0)) is assigned to process 35, has 55296 valid cells and 1406976 ghost cells
   Phase space box ((8,16,0,-9,0) (15,31,7,-1,5) (0,0,0,0,0)) is assigned to process 81, has 55296 valid cells and 1406976 ghost cells
   Phase space box ((24,0,0,9,18) (31,15,7,17,23) (0,0,0,0,0)) is assigned to process 63, has 55296 valid cells and 1406976 ghost cells
   Phase space box ((16,0,0,-18,6) (23,15,7,-10,11) (0,0,0,0,0)) is assigned to process 36, has 55296 valid cells and 1406976 ghost cells
   Phase space box ((16,0,0,0,6) (23,15,7,8,11) (0,0,0,0,0)) is assigned to process 38, has 55296 valid cells and 1406976 ghost cells
Adding species and constructing gyrocenter coordinates...
   hydrogen: kinetic species with mass = 2, charge = 1
   electron: kinetic species with mass = 0.0001, charge = -1
Done adding species and constructing coordinates
Adding fluid species...
Done adding congiration space variables
Adding configuration space field variables...
Done adding configuration space variables

SlabPotentialBC ================================
- variable: potential-------------
  radial_lower: 
     bc_type  = 0
     bc_value = 0
  radial_upper: 
     bc_type  = 0
     bc_value = 0
  poloidal_lower: 
     bc_type  = 1
     bc_value = 0
  poloidal_upper: 
     bc_type  = 1
     bc_value = 0
  toroidal_lower: 
     bc_type  = 1
     bc_value = 0
  toroidal_upper: 
     bc_type  = 1
     bc_value = 0
-----------------------------------------------
===============================================

Grid Function Library =========================

"Ion_vpar_grid_func":
Constant grid function parameters:
  value: 0

"N0_grid_func":
Arbitrary grid function parameters:
  function: (  1.0-0.0*0.05*tanh((x-pi)/(2*pi*10.0*0.02)) )*(1+0.01*cos(y)*exp(-(x-pi)^2/(2*pi*0.001/0.02 ) )  )
  translated form: (1.0-0.0*0.05*tanh((x'-pi')/(2*pi'*10.0*0.02)))*(1+0.01*cos(y')*exp(-(x'-pi')^2/(2*pi'*0.001/0.02)))
  postfix form: {1.0}{0.0}{0.05}{*}{x'[0]}{PI'}{-}{2}{PI'}{*}{10.0}{*}{0.02}{*}{/}{tanh}{*}{-}{1}{0.01}{y'[0]}{cos}{*}{x'[0]}{PI'}{-}{2}{^}{-:}{2}{PI'}{*}{0.001}{*}{0.02}{/}{/}{exp}{*}{+}{*}
  coordinate type: mapped

"T0_grid_func":
Arbitrary grid function parameters:
  function: 1.0
  translated form: 1.0
  postfix form: {1.0}
  coordinate type: mapped

"eN0_grid_func":
Arbitrary grid function parameters:
  function: (1.0+sin(x/2.0)*sin(x/2.0))*(1+0.001*cos(2*y))
  translated form: (1.0+sin(x'/2.0)*sin(x'/2.0))*(1+0.001*cos(2*y'))
  postfix form: {1.0}{x'[0]}{2.0}{/}{sin}{x'[0]}{2.0}{/}{sin}{*}{+}{1}{0.001}{2}{y'[0]}{*}{cos}{*}{+}{*}
  coordinate type: mapped

"eT0_grid_func":
Arbitrary grid function parameters:
  function: 1.0
  translated form: 1.0
  postfix form: {1.0}
  coordinate type: mapped

"ele_vpar_grid_func":
Constant grid function parameters:
  value: 0

"zero_grid_func":
Constant grid function parameters:
  value: 0

===============================================

Kinetic Function Library =========================

"maxwellian_electron_phase_func":
Maxwellian kinetic function parameters:
-- Density --
Arbitrary grid function parameters:
  function: (  1.0-0.0*0.05*tanh((x-pi)/(2*pi*10.0*0.02)) )*(1+0.01*cos(y)*exp(-(x-pi)^2/(2*pi*0.001/0.02 ) )  )
  translated form: (1.0-0.0*0.05*tanh((x'-pi')/(2*pi'*10.0*0.02)))*(1+0.01*cos(y')*exp(-(x'-pi')^2/(2*pi'*0.001/0.02)))
  postfix form: {1.0}{0.0}{0.05}{*}{x'[0]}{PI'}{-}{2}{PI'}{*}{10.0}{*}{0.02}{*}{/}{tanh}{*}{-}{1}{0.01}{y'[0]}{cos}{*}{x'[0]}{PI'}{-}{2}{^}{-:}{2}{PI'}{*}{0.001}{*}{0.02}{/}{/}{exp}{*}{+}{*}
  coordinate type: mapped

-- Temperature --
Arbitrary grid function parameters:
  function: 1.0
  translated form: 1.0
  postfix form: {1.0}
  coordinate type: mapped

-- Vparallel --
Constant grid function parameters:
  value: 0


"maxwellian_phase_func":
Maxwellian kinetic function parameters:
-- Density --
Arbitrary grid function parameters:
  function: (  1.0-0.0*0.05*tanh((x-pi)/(2*pi*10.0*0.02)) )*(1+0.01*cos(y)*exp(-(x-pi)^2/(2*pi*0.001/0.02 ) )  )
  translated form: (1.0-0.0*0.05*tanh((x'-pi')/(2*pi'*10.0*0.02)))*(1+0.01*cos(y')*exp(-(x'-pi')^2/(2*pi'*0.001/0.02)))
  postfix form: {1.0}{0.0}{0.05}{*}{x'[0]}{PI'}{-}{2}{PI'}{*}{10.0}{*}{0.02}{*}{/}{tanh}{*}{-}{1}{0.01}{y'[0]}{cos}{*}{x'[0]}{PI'}{-}{2}{^}{-:}{2}{PI'}{*}{0.001}{*}{0.02}{/}{/}{exp}{*}{+}{*}
  coordinate type: mapped

-- Temperature --
Arbitrary grid function parameters:
  function: 1.0
  translated form: 1.0
  postfix form: {1.0}
  coordinate type: mapped

-- Vparallel --
Constant grid function parameters:
  value: 0


==================================================

SlabPhaseBC ================================
- variable: hydrogen-------------
  radial_lower: 
Maxwellian kinetic function parameters:
-- Density --
Arbitrary grid function parameters:
  function: (  1.0-0.0*0.05*tanh((x-pi)/(2*pi*10.0*0.02)) )*(1+0.01*cos(y)*exp(-(x-pi)^2/(2*pi*0.001/0.02 ) )  )
  translated form: (1.0-0.0*0.05*tanh((x'-pi')/(2*pi'*10.0*0.02)))*(1+0.01*cos(y')*exp(-(x'-pi')^2/(2*pi'*0.001/0.02)))
  postfix form: {1.0}{0.0}{0.05}{*}{x'[0]}{PI'}{-}{2}{PI'}{*}{10.0}{*}{0.02}{*}{/}{tanh}{*}{-}{1}{0.01}{y'[0]}{cos}{*}{x'[0]}{PI'}{-}{2}{^}{-:}{2}{PI'}{*}{0.001}{*}{0.02}{/}{/}{exp}{*}{+}{*}
  coordinate type: mapped

-- Temperature --
Arbitrary grid function parameters:
  function: 1.0
  translated form: 1.0
  postfix form: {1.0}
  coordinate type: mapped

-- Vparallel --
Constant grid function parameters:
  value: 0


  radial_upper: 
Maxwellian kinetic function parameters:
-- Density --
Arbitrary grid function parameters:
  function: (  1.0-0.0*0.05*tanh((x-pi)/(2*pi*10.0*0.02)) )*(1+0.01*cos(y)*exp(-(x-pi)^2/(2*pi*0.001/0.02 ) )  )
  translated form: (1.0-0.0*0.05*tanh((x'-pi')/(2*pi'*10.0*0.02)))*(1+0.01*cos(y')*exp(-(x'-pi')^2/(2*pi'*0.001/0.02)))
  postfix form: {1.0}{0.0}{0.05}{*}{x'[0]}{PI'}{-}{2}{PI'}{*}{10.0}{*}{0.02}{*}{/}{tanh}{*}{-}{1}{0.01}{y'[0]}{cos}{*}{x'[0]}{PI'}{-}{2}{^}{-:}{2}{PI'}{*}{0.001}{*}{0.02}{/}{/}{exp}{*}{+}{*}
  coordinate type: mapped

-- Temperature --
Arbitrary grid function parameters:
  function: 1.0
  translated form: 1.0
  postfix form: {1.0}
  coordinate type: mapped

-- Vparallel --
Constant grid function parameters:
  value: 0


  poloidal_lower: 
Maxwellian kinetic function parameters:
-- Density --
Arbitrary grid function parameters:
  function: (  1.0-0.0*0.05*tanh((x-pi)/(2*pi*10.0*0.02)) )*(1+0.01*cos(y)*exp(-(x-pi)^2/(2*pi*0.001/0.02 ) )  )
  translated form: (1.0-0.0*0.05*tanh((x'-pi')/(2*pi'*10.0*0.02)))*(1+0.01*cos(y')*exp(-(x'-pi')^2/(2*pi'*0.001/0.02)))
  postfix form: {1.0}{0.0}{0.05}{*}{x'[0]}{PI'}{-}{2}{PI'}{*}{10.0}{*}{0.02}{*}{/}{tanh}{*}{-}{1}{0.01}{y'[0]}{cos}{*}{x'[0]}{PI'}{-}{2}{^}{-:}{2}{PI'}{*}{0.001}{*}{0.02}{/}{/}{exp}{*}{+}{*}
  coordinate type: mapped

-- Temperature --
Arbitrary grid function parameters:
  function: 1.0
  translated form: 1.0
  postfix form: {1.0}
  coordinate type: mapped

-- Vparallel --
Constant grid function parameters:
  value: 0


  poloidal_upper: 
Maxwellian kinetic function parameters:
-- Density --
Arbitrary grid function parameters:
  function: (  1.0-0.0*0.05*tanh((x-pi)/(2*pi*10.0*0.02)) )*(1+0.01*cos(y)*exp(-(x-pi)^2/(2*pi*0.001/0.02 ) )  )
  translated form: (1.0-0.0*0.05*tanh((x'-pi')/(2*pi'*10.0*0.02)))*(1+0.01*cos(y')*exp(-(x'-pi')^2/(2*pi'*0.001/0.02)))
  postfix form: {1.0}{0.0}{0.05}{*}{x'[0]}{PI'}{-}{2}{PI'}{*}{10.0}{*}{0.02}{*}{/}{tanh}{*}{-}{1}{0.01}{y'[0]}{cos}{*}{x'[0]}{PI'}{-}{2}{^}{-:}{2}{PI'}{*}{0.001}{*}{0.02}{/}{/}{exp}{*}{+}{*}
  coordinate type: mapped

-- Temperature --
Arbitrary grid function parameters:
  function: 1.0
  translated form: 1.0
  postfix form: {1.0}
  coordinate type: mapped

-- Vparallel --
Constant grid function parameters:
  value: 0


  toroidal_lower: 
Maxwellian kinetic function parameters:
-- Density --
Arbitrary grid function parameters:
  function: (  1.0-0.0*0.05*tanh((x-pi)/(2*pi*10.0*0.02)) )*(1+0.01*cos(y)*exp(-(x-pi)^2/(2*pi*0.001/0.02 ) )  )
  translated form: (1.0-0.0*0.05*tanh((x'-pi')/(2*pi'*10.0*0.02)))*(1+0.01*cos(y')*exp(-(x'-pi')^2/(2*pi'*0.001/0.02)))
  postfix form: {1.0}{0.0}{0.05}{*}{x'[0]}{PI'}{-}{2}{PI'}{*}{10.0}{*}{0.02}{*}{/}{tanh}{*}{-}{1}{0.01}{y'[0]}{cos}{*}{x'[0]}{PI'}{-}{2}{^}{-:}{2}{PI'}{*}{0.001}{*}{0.02}{/}{/}{exp}{*}{+}{*}
  coordinate type: mapped

-- Temperature --
Arbitrary grid function parameters:
  function: 1.0
  translated form: 1.0
  postfix form: {1.0}
  coordinate type: mapped

-- Vparallel --
Constant grid function parameters:
  value: 0


  toroidal_upper: 
Maxwellian kinetic function parameters:
-- Density --
Arbitrary grid function parameters:
  function: (  1.0-0.0*0.05*tanh((x-pi)/(2*pi*10.0*0.02)) )*(1+0.01*cos(y)*exp(-(x-pi)^2/(2*pi*0.001/0.02 ) )  )
  translated form: (1.0-0.0*0.05*tanh((x'-pi')/(2*pi'*10.0*0.02)))*(1+0.01*cos(y')*exp(-(x'-pi')^2/(2*pi'*0.001/0.02)))
  postfix form: {1.0}{0.0}{0.05}{*}{x'[0]}{PI'}{-}{2}{PI'}{*}{10.0}{*}{0.02}{*}{/}{tanh}{*}{-}{1}{0.01}{y'[0]}{cos}{*}{x'[0]}{PI'}{-}{2}{^}{-:}{2}{PI'}{*}{0.001}{*}{0.02}{/}{/}{exp}{*}{+}{*}
  coordinate type: mapped

-- Temperature --
Arbitrary grid function parameters:
  function: 1.0
  translated form: 1.0
  postfix form: {1.0}
  coordinate type: mapped

-- Vparallel --
Constant grid function parameters:
  value: 0


  vpar_lower: 
Maxwellian kinetic function parameters:
-- Density --
Arbitrary grid function parameters:
  function: (  1.0-0.0*0.05*tanh((x-pi)/(2*pi*10.0*0.02)) )*(1+0.01*cos(y)*exp(-(x-pi)^2/(2*pi*0.001/0.02 ) )  )
  translated form: (1.0-0.0*0.05*tanh((x'-pi')/(2*pi'*10.0*0.02)))*(1+0.01*cos(y')*exp(-(x'-pi')^2/(2*pi'*0.001/0.02)))
  postfix form: {1.0}{0.0}{0.05}{*}{x'[0]}{PI'}{-}{2}{PI'}{*}{10.0}{*}{0.02}{*}{/}{tanh}{*}{-}{1}{0.01}{y'[0]}{cos}{*}{x'[0]}{PI'}{-}{2}{^}{-:}{2}{PI'}{*}{0.001}{*}{0.02}{/}{/}{exp}{*}{+}{*}
  coordinate type: mapped

-- Temperature --
Arbitrary grid function parameters:
  function: 1.0
  translated form: 1.0
  postfix form: {1.0}
  coordinate type: mapped

-- Vparallel --
Constant grid function parameters:
  value: 0


  vpar_upper: 
Maxwellian kinetic function parameters:
-- Density --
Arbitrary grid function parameters:
  function: (  1.0-0.0*0.05*tanh((x-pi)/(2*pi*10.0*0.02)) )*(1+0.01*cos(y)*exp(-(x-pi)^2/(2*pi*0.001/0.02 ) )  )
  translated form: (1.0-0.0*0.05*tanh((x'-pi')/(2*pi'*10.0*0.02)))*(1+0.01*cos(y')*exp(-(x'-pi')^2/(2*pi'*0.001/0.02)))
  postfix form: {1.0}{0.0}{0.05}{*}{x'[0]}{PI'}{-}{2}{PI'}{*}{10.0}{*}{0.02}{*}{/}{tanh}{*}{-}{1}{0.01}{y'[0]}{cos}{*}{x'[0]}{PI'}{-}{2}{^}{-:}{2}{PI'}{*}{0.001}{*}{0.02}{/}{/}{exp}{*}{+}{*}
  coordinate type: mapped

-- Temperature --
Arbitrary grid function parameters:
  function: 1.0
  translated form: 1.0
  postfix form: {1.0}
  coordinate type: mapped

-- Vparallel --
Constant grid function parameters:
  value: 0


  mu_lower: 
Maxwellian kinetic function parameters:
-- Density --
Arbitrary grid function parameters:
  function: (  1.0-0.0*0.05*tanh((x-pi)/(2*pi*10.0*0.02)) )*(1+0.01*cos(y)*exp(-(x-pi)^2/(2*pi*0.001/0.02 ) )  )
  translated form: (1.0-0.0*0.05*tanh((x'-pi')/(2*pi'*10.0*0.02)))*(1+0.01*cos(y')*exp(-(x'-pi')^2/(2*pi'*0.001/0.02)))
  postfix form: {1.0}{0.0}{0.05}{*}{x'[0]}{PI'}{-}{2}{PI'}{*}{10.0}{*}{0.02}{*}{/}{tanh}{*}{-}{1}{0.01}{y'[0]}{cos}{*}{x'[0]}{PI'}{-}{2}{^}{-:}{2}{PI'}{*}{0.001}{*}{0.02}{/}{/}{exp}{*}{+}{*}
  coordinate type: mapped

-- Temperature --
Arbitrary grid function parameters:
  function: 1.0
  translated form: 1.0
  postfix form: {1.0}
  coordinate type: mapped

-- Vparallel --
Constant grid function parameters:
  value: 0


  mu_upper: 
Maxwellian kinetic function parameters:
-- Density --
Arbitrary grid function parameters:
  function: (  1.0-0.0*0.05*tanh((x-pi)/(2*pi*10.0*0.02)) )*(1+0.01*cos(y)*exp(-(x-pi)^2/(2*pi*0.001/0.02 ) )  )
  translated form: (1.0-0.0*0.05*tanh((x'-pi')/(2*pi'*10.0*0.02)))*(1+0.01*cos(y')*exp(-(x'-pi')^2/(2*pi'*0.001/0.02)))
  postfix form: {1.0}{0.0}{0.05}{*}{x'[0]}{PI'}{-}{2}{PI'}{*}{10.0}{*}{0.02}{*}{/}{tanh}{*}{-}{1}{0.01}{y'[0]}{cos}{*}{x'[0]}{PI'}{-}{2}{^}{-:}{2}{PI'}{*}{0.001}{*}{0.02}{/}{/}{exp}{*}{+}{*}
  coordinate type: mapped

-- Temperature --
Arbitrary grid function parameters:
  function: 1.0
  translated form: 1.0
  postfix form: {1.0}
  coordinate type: mapped

-- Vparallel --
Constant grid function parameters:
  value: 0


-----------------------------------------------
===============================================

SlabPhaseBC ================================
- variable: electron-------------
  radial_lower: 
Maxwellian kinetic function parameters:
-- Density --
Arbitrary grid function parameters:
  function: (  1.0-0.0*0.05*tanh((x-pi)/(2*pi*10.0*0.02)) )*(1+0.01*cos(y)*exp(-(x-pi)^2/(2*pi*0.001/0.02 ) )  )
  translated form: (1.0-0.0*0.05*tanh((x'-pi')/(2*pi'*10.0*0.02)))*(1+0.01*cos(y')*exp(-(x'-pi')^2/(2*pi'*0.001/0.02)))
  postfix form: {1.0}{0.0}{0.05}{*}{x'[0]}{PI'}{-}{2}{PI'}{*}{10.0}{*}{0.02}{*}{/}{tanh}{*}{-}{1}{0.01}{y'[0]}{cos}{*}{x'[0]}{PI'}{-}{2}{^}{-:}{2}{PI'}{*}{0.001}{*}{0.02}{/}{/}{exp}{*}{+}{*}
  coordinate type: mapped

-- Temperature --
Arbitrary grid function parameters:
  function: 1.0
  translated form: 1.0
  postfix form: {1.0}
  coordinate type: mapped

-- Vparallel --
Constant grid function parameters:
  value: 0


  radial_upper: 
Maxwellian kinetic function parameters:
-- Density --
Arbitrary grid function parameters:
  function: (  1.0-0.0*0.05*tanh((x-pi)/(2*pi*10.0*0.02)) )*(1+0.01*cos(y)*exp(-(x-pi)^2/(2*pi*0.001/0.02 ) )  )
  translated form: (1.0-0.0*0.05*tanh((x'-pi')/(2*pi'*10.0*0.02)))*(1+0.01*cos(y')*exp(-(x'-pi')^2/(2*pi'*0.001/0.02)))
  postfix form: {1.0}{0.0}{0.05}{*}{x'[0]}{PI'}{-}{2}{PI'}{*}{10.0}{*}{0.02}{*}{/}{tanh}{*}{-}{1}{0.01}{y'[0]}{cos}{*}{x'[0]}{PI'}{-}{2}{^}{-:}{2}{PI'}{*}{0.001}{*}{0.02}{/}{/}{exp}{*}{+}{*}
  coordinate type: mapped

-- Temperature --
Arbitrary grid function parameters:
  function: 1.0
  translated form: 1.0
  postfix form: {1.0}
  coordinate type: mapped

-- Vparallel --
Constant grid function parameters:
  value: 0


  poloidal_lower: 
Maxwellian kinetic function parameters:
-- Density --
Arbitrary grid function parameters:
  function: (  1.0-0.0*0.05*tanh((x-pi)/(2*pi*10.0*0.02)) )*(1+0.01*cos(y)*exp(-(x-pi)^2/(2*pi*0.001/0.02 ) )  )
  translated form: (1.0-0.0*0.05*tanh((x'-pi')/(2*pi'*10.0*0.02)))*(1+0.01*cos(y')*exp(-(x'-pi')^2/(2*pi'*0.001/0.02)))
  postfix form: {1.0}{0.0}{0.05}{*}{x'[0]}{PI'}{-}{2}{PI'}{*}{10.0}{*}{0.02}{*}{/}{tanh}{*}{-}{1}{0.01}{y'[0]}{cos}{*}{x'[0]}{PI'}{-}{2}{^}{-:}{2}{PI'}{*}{0.001}{*}{0.02}{/}{/}{exp}{*}{+}{*}
  coordinate type: mapped

-- Temperature --
Arbitrary grid function parameters:
  function: 1.0
  translated form: 1.0
  postfix form: {1.0}
  coordinate type: mapped

-- Vparallel --
Constant grid function parameters:
  value: 0


  poloidal_upper: 
Maxwellian kinetic function parameters:
-- Density --
Arbitrary grid function parameters:
  function: (  1.0-0.0*0.05*tanh((x-pi)/(2*pi*10.0*0.02)) )*(1+0.01*cos(y)*exp(-(x-pi)^2/(2*pi*0.001/0.02 ) )  )
  translated form: (1.0-0.0*0.05*tanh((x'-pi')/(2*pi'*10.0*0.02)))*(1+0.01*cos(y')*exp(-(x'-pi')^2/(2*pi'*0.001/0.02)))
  postfix form: {1.0}{0.0}{0.05}{*}{x'[0]}{PI'}{-}{2}{PI'}{*}{10.0}{*}{0.02}{*}{/}{tanh}{*}{-}{1}{0.01}{y'[0]}{cos}{*}{x'[0]}{PI'}{-}{2}{^}{-:}{2}{PI'}{*}{0.001}{*}{0.02}{/}{/}{exp}{*}{+}{*}
  coordinate type: mapped

-- Temperature --
Arbitrary grid function parameters:
  function: 1.0
  translated form: 1.0
  postfix form: {1.0}
  coordinate type: mapped

-- Vparallel --
Constant grid function parameters:
  value: 0


  toroidal_lower: 
Maxwellian kinetic function parameters:
-- Density --
Arbitrary grid function parameters:
  function: (  1.0-0.0*0.05*tanh((x-pi)/(2*pi*10.0*0.02)) )*(1+0.01*cos(y)*exp(-(x-pi)^2/(2*pi*0.001/0.02 ) )  )
  translated form: (1.0-0.0*0.05*tanh((x'-pi')/(2*pi'*10.0*0.02)))*(1+0.01*cos(y')*exp(-(x'-pi')^2/(2*pi'*0.001/0.02)))
  postfix form: {1.0}{0.0}{0.05}{*}{x'[0]}{PI'}{-}{2}{PI'}{*}{10.0}{*}{0.02}{*}{/}{tanh}{*}{-}{1}{0.01}{y'[0]}{cos}{*}{x'[0]}{PI'}{-}{2}{^}{-:}{2}{PI'}{*}{0.001}{*}{0.02}{/}{/}{exp}{*}{+}{*}
  coordinate type: mapped

-- Temperature --
Arbitrary grid function parameters:
  function: 1.0
  translated form: 1.0
  postfix form: {1.0}
  coordinate type: mapped

-- Vparallel --
Constant grid function parameters:
  value: 0


  toroidal_upper: 
Maxwellian kinetic function parameters:
-- Density --
Arbitrary grid function parameters:
  function: (  1.0-0.0*0.05*tanh((x-pi)/(2*pi*10.0*0.02)) )*(1+0.01*cos(y)*exp(-(x-pi)^2/(2*pi*0.001/0.02 ) )  )
  translated form: (1.0-0.0*0.05*tanh((x'-pi')/(2*pi'*10.0*0.02)))*(1+0.01*cos(y')*exp(-(x'-pi')^2/(2*pi'*0.001/0.02)))
  postfix form: {1.0}{0.0}{0.05}{*}{x'[0]}{PI'}{-}{2}{PI'}{*}{10.0}{*}{0.02}{*}{/}{tanh}{*}{-}{1}{0.01}{y'[0]}{cos}{*}{x'[0]}{PI'}{-}{2}{^}{-:}{2}{PI'}{*}{0.001}{*}{0.02}{/}{/}{exp}{*}{+}{*}
  coordinate type: mapped

-- Temperature --
Arbitrary grid function parameters:
  function: 1.0
  translated form: 1.0
  postfix form: {1.0}
  coordinate type: mapped

-- Vparallel --
Constant grid function parameters:
  value: 0


  vpar_lower: 
Maxwellian kinetic function parameters:
-- Density --
Arbitrary grid function parameters:
  function: (  1.0-0.0*0.05*tanh((x-pi)/(2*pi*10.0*0.02)) )*(1+0.01*cos(y)*exp(-(x-pi)^2/(2*pi*0.001/0.02 ) )  )
  translated form: (1.0-0.0*0.05*tanh((x'-pi')/(2*pi'*10.0*0.02)))*(1+0.01*cos(y')*exp(-(x'-pi')^2/(2*pi'*0.001/0.02)))
  postfix form: {1.0}{0.0}{0.05}{*}{x'[0]}{PI'}{-}{2}{PI'}{*}{10.0}{*}{0.02}{*}{/}{tanh}{*}{-}{1}{0.01}{y'[0]}{cos}{*}{x'[0]}{PI'}{-}{2}{^}{-:}{2}{PI'}{*}{0.001}{*}{0.02}{/}{/}{exp}{*}{+}{*}
  coordinate type: mapped

-- Temperature --
Arbitrary grid function parameters:
  function: 1.0
  translated form: 1.0
  postfix form: {1.0}
  coordinate type: mapped

-- Vparallel --
Constant grid function parameters:
  value: 0


  vpar_upper: 
Maxwellian kinetic function parameters:
-- Density --
Arbitrary grid function parameters:
  function: (  1.0-0.0*0.05*tanh((x-pi)/(2*pi*10.0*0.02)) )*(1+0.01*cos(y)*exp(-(x-pi)^2/(2*pi*0.001/0.02 ) )  )
  translated form: (1.0-0.0*0.05*tanh((x'-pi')/(2*pi'*10.0*0.02)))*(1+0.01*cos(y')*exp(-(x'-pi')^2/(2*pi'*0.001/0.02)))
  postfix form: {1.0}{0.0}{0.05}{*}{x'[0]}{PI'}{-}{2}{PI'}{*}{10.0}{*}{0.02}{*}{/}{tanh}{*}{-}{1}{0.01}{y'[0]}{cos}{*}{x'[0]}{PI'}{-}{2}{^}{-:}{2}{PI'}{*}{0.001}{*}{0.02}{/}{/}{exp}{*}{+}{*}
  coordinate type: mapped

-- Temperature --
Arbitrary grid function parameters:
  function: 1.0
  translated form: 1.0
  postfix form: {1.0}
  coordinate type: mapped

-- Vparallel --
Constant grid function parameters:
  value: 0


  mu_lower: 
Maxwellian kinetic function parameters:
-- Density --
Arbitrary grid function parameters:
  function: (  1.0-0.0*0.05*tanh((x-pi)/(2*pi*10.0*0.02)) )*(1+0.01*cos(y)*exp(-(x-pi)^2/(2*pi*0.001/0.02 ) )  )
  translated form: (1.0-0.0*0.05*tanh((x'-pi')/(2*pi'*10.0*0.02)))*(1+0.01*cos(y')*exp(-(x'-pi')^2/(2*pi'*0.001/0.02)))
  postfix form: {1.0}{0.0}{0.05}{*}{x'[0]}{PI'}{-}{2}{PI'}{*}{10.0}{*}{0.02}{*}{/}{tanh}{*}{-}{1}{0.01}{y'[0]}{cos}{*}{x'[0]}{PI'}{-}{2}{^}{-:}{2}{PI'}{*}{0.001}{*}{0.02}{/}{/}{exp}{*}{+}{*}
  coordinate type: mapped

-- Temperature --
Arbitrary grid function parameters:
  function: 1.0
  translated form: 1.0
  postfix form: {1.0}
  coordinate type: mapped

-- Vparallel --
Constant grid function parameters:
  value: 0


  mu_upper: 
Maxwellian kinetic function parameters:
-- Density --
Arbitrary grid function parameters:
  function: (  1.0-0.0*0.05*tanh((x-pi)/(2*pi*10.0*0.02)) )*(1+0.01*cos(y)*exp(-(x-pi)^2/(2*pi*0.001/0.02 ) )  )
  translated form: (1.0-0.0*0.05*tanh((x'-pi')/(2*pi'*10.0*0.02)))*(1+0.01*cos(y')*exp(-(x'-pi')^2/(2*pi'*0.001/0.02)))
  postfix form: {1.0}{0.0}{0.05}{*}{x'[0]}{PI'}{-}{2}{PI'}{*}{10.0}{*}{0.02}{*}{/}{tanh}{*}{-}{1}{0.01}{y'[0]}{cos}{*}{x'[0]}{PI'}{-}{2}{^}{-:}{2}{PI'}{*}{0.001}{*}{0.02}{/}{/}{exp}{*}{+}{*}
  coordinate type: mapped

-- Temperature --
Arbitrary grid function parameters:
  function: 1.0
  translated form: 1.0
  postfix form: {1.0}
  coordinate type: mapped

-- Vparallel --
Constant grid function parameters:
  value: 0


-----------------------------------------------
===============================================
No collision model specified for hydrogen.
Collision model for 0	hydrogen:	None
Collision model for 1	electron:	Krook
Time integration method: rk (4)
      BiCGStab converged successfully
  Distribution Function Extrema:
    Species 0:	5.26574e-07 [max]	4.66229e-22 [min]
    Species 1:	1.86172e-13 [max]	1.64837e-28 [min]


Step 1
      BiCGStab converged successfully
Vlasov operator time step was limited by the velocity at (R,phi,Z,vparallel,mu) = (0.0109375,0.0109375,0.015625,-6.80556,5.5) and mapped coordinate = (17,17,0,-18,16)
The toroidal direction makes the largest contribution to the stable dt reciprocal at that point
Vlasov operator time step was limited by the velocity at (R,phi,Z,vparallel,mu) = (0.0109375,0.0109375,0.015625,-6.80556,5.5) and mapped coordinate = (17,17,0,-18,16)
The toroidal direction makes the largest contribution to the stable dt reciprocal at that point
      BiCGStab converged successfully
      BiCGStab converged successfully
      BiCGStab converged successfully
  ----
  dt: 3.26886e-10
    Vlasov    : 4.65339e-10 (time scale), 0.70247 (CFL)
    Collisions: 0.0002 (time scale), 1.63443e-06 (CFL)
  ----
  Distribution Function Extrema:
    Species 0:	5.26574e-07 [max]	4.66229e-22 [min]
    Species 1:	1.86172e-13 [max]	1.64837e-28 [min]

Step 1 completed, simulation time is 3.26886e-10
----

Step 2
      BiCGStab converged successfully
Vlasov operator time step was limited by the velocity at (R,phi,Z,vparallel,mu) = (0.0115625,0.0184375,0.109375,-6.80556,5.5) and mapped coordinate = (18,29,3,-18,16)
The toroidal direction makes the largest contribution to the stable dt reciprocal at that point
Vlasov operator time step was limited by the velocity at (R,phi,Z,vparallel,mu) = (0.0109375,0.0184375,0.015625,-6.80556,5.5) and mapped coordinate = (17,29,0,-18,16)
The toroidal direction makes the largest contribution to the stable dt reciprocal at that point
      BiCGStab converged successfully
      BiCGStab converged successfully
      BiCGStab converged successfully
  ----
  dt: 3.26886e-10
    Vlasov    : 4.65339e-10 (time scale), 0.70247 (CFL)
    Collisions: 0.0002 (time scale), 1.63443e-06 (CFL)
  ----
  Distribution Function Extrema:
    Species 0:	5.26574e-07 [max]	4.66229e-22 [min]
    Species 1:	1.86172e-13 [max]	1.64837e-28 [min]

Step 2 completed, simulation time is 6.53773e-10
----

Step 3
      BiCGStab converged successfully
Vlasov operator time step was limited by the velocity at (R,phi,Z,vparallel,mu) = (0.0078125,0.0109375,0.078125,-6.80556,5.5) and mapped coordinate = (12,17,2,-18,16)
The toroidal direction makes the largest contribution to the stable dt reciprocal at that point
Vlasov operator time step was limited by the velocity at (R,phi,Z,vparallel,mu) = (0.0109375,0.0184375,0.015625,-6.80556,5.5) and mapped coordinate = (17,29,0,-18,16)
The toroidal direction makes the largest contribution to the stable dt reciprocal at that point
      BiCGStab converged successfully
      BiCGStab converged successfully
      BiCGStab converged successfully
  ----
  dt: 3.26886e-10
    Vlasov    : 4.65339e-10 (time scale), 0.70247 (CFL)
    Collisions: 0.0002 (time scale), 1.63443e-06 (CFL)
  ----
  Distribution Function Extrema:
    Species 0:	5.26574e-07 [max]	4.66229e-22 [min]
    Species 1:	1.86172e-13 [max]	1.64837e-28 [min]

Step 3 completed, simulation time is 9.80659e-10
----

Step 4
      BiCGStab converged successfully
Vlasov operator time step was limited by the velocity at (R,phi,Z,vparallel,mu) = (0.0078125,0.0109375,0.078125,-6.80556,5.5) and mapped coordinate = (12,17,2,-18,16)
The toroidal direction makes the largest contribution to the stable dt reciprocal at that point
Vlasov operator time step was limited by the velocity at (R,phi,Z,vparallel,mu) = (0.0109375,0.0184375,0.015625,-6.80556,5.5) and mapped coordinate = (17,29,0,-18,16)
The toroidal direction makes the largest contribution to the stable dt reciprocal at that point
      BiCGStab converged successfully
      BiCGStab converged successfully
      BiCGStab converged successfully
  ----
  dt: 3.26886e-10
    Vlasov    : 4.65339e-10 (time scale), 0.70247 (CFL)
    Collisions: 0.0002 (time scale), 1.63443e-06 (CFL)
  ----
  Distribution Function Extrema:
    Species 0:	5.26574e-07 [max]	4.66229e-22 [min]
    Species 1:	1.86172e-13 [max]	1.64837e-28 [min]

Step 4 completed, simulation time is 1.30755e-09
----

Step 5
      BiCGStab converged successfully
Vlasov operator time step was limited by the velocity at (R,phi,Z,vparallel,mu) = (0.0078125,0.0109375,0.078125,-6.80556,5.5) and mapped coordinate = (12,17,2,-18,16)
The toroidal direction makes the largest contribution to the stable dt reciprocal at that point
Vlasov operator time step was limited by the velocity at (R,phi,Z,vparallel,mu) = (0.0109375,0.0184375,0.015625,-6.80556,5.5) and mapped coordinate = (17,29,0,-18,16)
The toroidal direction makes the largest contribution to the stable dt reciprocal at that point
      BiCGStab converged successfully
      BiCGStab converged successfully
      BiCGStab converged successfully
  ----
  dt: 3.26886e-10
    Vlasov    : 4.65339e-10 (time scale), 0.70247 (CFL)
    Collisions: 0.0002 (time scale), 1.63443e-06 (CFL)
  ----
  Distribution Function Extrema:
    Species 0:	5.26574e-07 [max]	4.66229e-22 [min]
    Species 1:	1.86172e-13 [max]	1.64837e-28 [min]

Step 5 completed, simulation time is 1.63443e-09
----

Step 6
      BiCGStab converged successfully
Vlasov operator time step was limited by the velocity at (R,phi,Z,vparallel,mu) = (0.0121875,0.0096875,0.171875,6.80556,5.5) and mapped coordinate = (19,15,5,17,16)
The toroidal direction makes the largest contribution to the stable dt reciprocal at that point
Vlasov operator time step was limited by the velocity at (R,phi,Z,vparallel,mu) = (0.0109375,0.0184375,0.015625,-6.80556,5.5) and mapped coordinate = (17,29,0,-18,16)
The toroidal direction makes the largest contribution to the stable dt reciprocal at that point
      BiCGStab converged successfully
      BiCGStab converged successfully
      BiCGStab converged successfully
  ----
  dt: 3.26886e-10
    Vlasov    : 4.65339e-10 (time scale), 0.70247 (CFL)
    Collisions: 0.0002 (time scale), 1.63443e-06 (CFL)
  ----
  Distribution Function Extrema:
    Species 0:	5.26574e-07 [max]	4.66229e-22 [min]
    Species 1:	1.86172e-13 [max]	1.64837e-28 [min]

Step 6 completed, simulation time is 1.96132e-09
----

Step 7
      BiCGStab converged successfully
Vlasov operator time step was limited by the velocity at (R,phi,Z,vparallel,mu) = (0.0121875,0.0096875,0.171875,6.80556,5.5) and mapped coordinate = (19,15,5,17,16)
The toroidal direction makes the largest contribution to the stable dt reciprocal at that point
Vlasov operator time step was limited by the velocity at (R,phi,Z,vparallel,mu) = (0.0109375,0.0184375,0.015625,-6.80556,5.5) and mapped coordinate = (17,29,0,-18,16)
The toroidal direction makes the largest contribution to the stable dt reciprocal at that point
      BiCGStab converged successfully
      BiCGStab converged successfully
      BiCGStab converged successfully
  ----
  dt: 3.26886e-10
    Vlasov    : 4.65339e-10 (time scale), 0.70247 (CFL)
    Collisions: 0.0002 (time scale), 1.63443e-06 (CFL)
  ----
  Distribution Function Extrema:
    Species 0:	5.26574e-07 [max]	4.66229e-22 [min]
    Species 1:	1.86172e-13 [max]	1.64837e-28 [min]

Step 7 completed, simulation time is 2.2882e-09
----

Step 8
      BiCGStab converged successfully
Vlasov operator time step was limited by the velocity at (R,phi,Z,vparallel,mu) = (0.0121875,0.0096875,0.171875,6.80556,5.5) and mapped coordinate = (19,15,5,17,16)
The toroidal direction makes the largest contribution to the stable dt reciprocal at that point
Vlasov operator time step was limited by the velocity at (R,phi,Z,vparallel,mu) = (0.0109375,0.0184375,0.015625,-6.80556,5.5) and mapped coordinate = (17,29,0,-18,16)
The toroidal direction makes the largest contribution to the stable dt reciprocal at that point
      BiCGStab converged successfully
      BiCGStab converged successfully
      BiCGStab converged successfully
  ----
  dt: 3.26886e-10
    Vlasov    : 4.65339e-10 (time scale), 0.70247 (CFL)
    Collisions: 0.0002 (time scale), 1.63443e-06 (CFL)
  ----
  Distribution Function Extrema:
    Species 0:	5.26574e-07 [max]	4.66229e-22 [min]
    Species 1:	1.86172e-13 [max]	1.64837e-28 [min]

Step 8 completed, simulation time is 2.61509e-09
----

Step 9
      BiCGStab converged successfully
Vlasov operator time step was limited by the velocity at (R,phi,Z,vparallel,mu) = (0.0121875,0.0096875,0.171875,6.80556,5.5) and mapped coordinate = (19,15,5,17,16)
The toroidal direction makes the largest contribution to the stable dt reciprocal at that point
Vlasov operator time step was limited by the velocity at (R,phi,Z,vparallel,mu) = (0.0109375,0.0184375,0.015625,-6.80556,5.5) and mapped coordinate = (17,29,0,-18,16)
The toroidal direction makes the largest contribution to the stable dt reciprocal at that point
      BiCGStab converged successfully
      BiCGStab converged successfully
      BiCGStab converged successfully
  ----
  dt: 3.26886e-10
    Vlasov    : 4.65339e-10 (time scale), 0.70247 (CFL)
    Collisions: 0.0002 (time scale), 1.63443e-06 (CFL)
  ----
  Distribution Function Extrema:
    Species 0:	5.26574e-07 [max]	4.66229e-22 [min]
    Species 1:	1.86172e-13 [max]	1.64837e-28 [min]

Step 9 completed, simulation time is 2.94198e-09
----

Step 10
      BiCGStab converged successfully
Vlasov operator time step was limited by the velocity at (R,phi,Z,vparallel,mu) = (0.0121875,0.0096875,0.171875,6.80556,5.5) and mapped coordinate = (19,15,5,17,16)
The toroidal direction makes the largest contribution to the stable dt reciprocal at that point
Vlasov operator time step was limited by the velocity at (R,phi,Z,vparallel,mu) = (0.0109375,0.0184375,0.015625,-6.80556,5.5) and mapped coordinate = (17,29,0,-18,16)
The toroidal direction makes the largest contribution to the stable dt reciprocal at that point
      BiCGStab converged successfully
      BiCGStab converged successfully
      BiCGStab converged successfully
  ----
  dt: 3.26886e-10
    Vlasov    : 4.65339e-10 (time scale), 0.70247 (CFL)
    Collisions: 0.0002 (time scale), 1.63443e-06 (CFL)
  ----
  Distribution Function Extrema:
    Species 0:	5.26574e-07 [max]	4.66229e-22 [min]
    Species 1:	1.86172e-13 [max]	1.64837e-28 [min]

Step 10 completed, simulation time is 3.26886e-09
----

Step 11
      BiCGStab converged successfully
Vlasov operator time step was limited by the velocity at (R,phi,Z,vparallel,mu) = (0.0121875,0.0096875,0.171875,6.80556,5.5) and mapped coordinate = (19,15,5,17,16)
The toroidal direction makes the largest contribution to the stable dt reciprocal at that point
Vlasov operator time step was limited by the velocity at (R,phi,Z,vparallel,mu) = (0.0109375,0.0184375,0.015625,-6.80556,5.5) and mapped coordinate = (17,29,0,-18,16)
The toroidal direction makes the largest contribution to the stable dt reciprocal at that point
      BiCGStab converged successfully
      BiCGStab converged successfully
      BiCGStab converged successfully
  ----
  dt: 3.26886e-10
    Vlasov    : 4.65339e-10 (time scale), 0.70247 (CFL)
    Collisions: 0.0002 (time scale), 1.63443e-06 (CFL)
  ----
  Distribution Function Extrema:
    Species 0:	5.26574e-07 [max]	4.66229e-22 [min]
    Species 1:	1.86172e-13 [max]	1.64837e-28 [min]

Step 11 completed, simulation time is 3.59575e-09
----

Step 12
      BiCGStab converged successfully
Vlasov operator time step was limited by the velocity at (R,phi,Z,vparallel,mu) = (0.0121875,0.0096875,0.171875,6.80556,5.5) and mapped coordinate = (19,15,5,17,16)
The toroidal direction makes the largest contribution to the stable dt reciprocal at that point
Vlasov operator time step was limited by the velocity at (R,phi,Z,vparallel,mu) = (0.0109375,0.0184375,0.015625,-6.80556,5.5) and mapped coordinate = (17,29,0,-18,16)
The toroidal direction makes the largest contribution to the stable dt reciprocal at that point
      BiCGStab converged successfully
      BiCGStab converged successfully
      BiCGStab converged successfully
  ----
  dt: 3.26886e-10
    Vlasov    : 4.65339e-10 (time scale), 0.70247 (CFL)
    Collisions: 0.0002 (time scale), 1.63443e-06 (CFL)
  ----
  Distribution Function Extrema:
    Species 0:	5.26574e-07 [max]	4.66229e-22 [min]
    Species 1:	1.86172e-13 [max]	1.64837e-28 [min]

Step 12 completed, simulation time is 3.92264e-09
----

Step 13
      BiCGStab converged successfully
Vlasov operator time step was limited by the velocity at (R,phi,Z,vparallel,mu) = (0.0121875,0.0096875,0.171875,6.80556,5.5) and mapped coordinate = (19,15,5,17,16)
The toroidal direction makes the largest contribution to the stable dt reciprocal at that point
Vlasov operator time step was limited by the velocity at (R,phi,Z,vparallel,mu) = (0.0109375,0.0184375,0.015625,-6.80556,5.5) and mapped coordinate = (17,29,0,-18,16)
The toroidal direction makes the largest contribution to the stable dt reciprocal at that point
      BiCGStab converged successfully
      BiCGStab converged successfully
      BiCGStab converged successfully
  ----
  dt: 3.26886e-10
    Vlasov    : 4.65339e-10 (time scale), 0.70247 (CFL)
    Collisions: 0.0002 (time scale), 1.63443e-06 (CFL)
  ----
  Distribution Function Extrema:
    Species 0:	5.26574e-07 [max]	4.66229e-22 [min]
    Species 1:	1.86172e-13 [max]	1.64837e-28 [min]

Step 13 completed, simulation time is 4.24952e-09
----

Step 14
      BiCGStab converged successfully
Vlasov operator time step was limited by the velocity at (R,phi,Z,vparallel,mu) = (0.0121875,0.0096875,0.171875,6.80556,5.5) and mapped coordinate = (19,15,5,17,16)
The toroidal direction makes the largest contribution to the stable dt reciprocal at that point
Vlasov operator time step was limited by the velocity at (R,phi,Z,vparallel,mu) = (0.0109375,0.0184375,0.015625,-6.80556,5.5) and mapped coordinate = (17,29,0,-18,16)
The toroidal direction makes the largest contribution to the stable dt reciprocal at that point
      BiCGStab converged successfully
      BiCGStab converged successfully
      BiCGStab converged successfully
  ----
  dt: 3.26886e-10
    Vlasov    : 4.65339e-10 (time scale), 0.70247 (CFL)
    Collisions: 0.0002 (time scale), 1.63443e-06 (CFL)
  ----
  Distribution Function Extrema:
    Species 0:	5.26574e-07 [max]	4.66229e-22 [min]
    Species 1:	1.86172e-13 [max]	1.64837e-28 [min]

Step 14 completed, simulation time is 4.57641e-09
----

Step 15
      BiCGStab converged successfully
Vlasov operator time step was limited by the velocity at (R,phi,Z,vparallel,mu) = (0.0121875,0.0096875,0.171875,6.80556,5.5) and mapped coordinate = (19,15,5,17,16)
The toroidal direction makes the largest contribution to the stable dt reciprocal at that point
Vlasov operator time step was limited by the velocity at (R,phi,Z,vparallel,mu) = (0.0109375,0.0184375,0.015625,-6.80556,5.5) and mapped coordinate = (17,29,0,-18,16)
The toroidal direction makes the largest contribution to the stable dt reciprocal at that point
      BiCGStab converged successfully
      BiCGStab converged successfully
      BiCGStab converged successfully
  ----
  dt: 3.26886e-10
    Vlasov    : 4.65339e-10 (time scale), 0.70247 (CFL)
    Collisions: 0.0002 (time scale), 1.63443e-06 (CFL)
  ----
  Distribution Function Extrema:
    Species 0:	5.26574e-07 [max]	4.66229e-22 [min]
    Species 1:	1.86172e-13 [max]	1.64837e-28 [min]

Step 15 completed, simulation time is 4.90329e-09
----

Step 16
      BiCGStab converged successfully
Vlasov operator time step was limited by the velocity at (R,phi,Z,vparallel,mu) = (0.0121875,0.0096875,0.171875,6.80556,5.5) and mapped coordinate = (19,15,5,17,16)
The toroidal direction makes the largest contribution to the stable dt reciprocal at that point
Vlasov operator time step was limited by the velocity at (R,phi,Z,vparallel,mu) = (0.0109375,0.0184375,0.015625,-6.80556,5.5) and mapped coordinate = (17,29,0,-18,16)
The toroidal direction makes the largest contribution to the stable dt reciprocal at that point
      BiCGStab converged successfully
      BiCGStab converged successfully
      BiCGStab converged successfully
  ----
  dt: 3.26886e-10
    Vlasov    : 4.65339e-10 (time scale), 0.70247 (CFL)
    Collisions: 0.0002 (time scale), 1.63443e-06 (CFL)
  ----
  Distribution Function Extrema:
    Species 0:	5.26574e-07 [max]	4.66229e-22 [min]
    Species 1:	1.86172e-13 [max]	1.64837e-28 [min]

Step 16 completed, simulation time is 5.23018e-09
----

Step 17
      BiCGStab converged successfully
Vlasov operator time step was limited by the velocity at (R,phi,Z,vparallel,mu) = (0.0121875,0.0096875,0.171875,6.80556,5.5) and mapped coordinate = (19,15,5,17,16)
The toroidal direction makes the largest contribution to the stable dt reciprocal at that point
Vlasov operator time step was limited by the velocity at (R,phi,Z,vparallel,mu) = (0.0109375,0.0184375,0.015625,-6.80556,5.5) and mapped coordinate = (17,29,0,-18,16)
The toroidal direction makes the largest contribution to the stable dt reciprocal at that point
      BiCGStab converged successfully
      BiCGStab converged successfully
      BiCGStab converged successfully
  ----
  dt: 3.26886e-10
    Vlasov    : 4.65339e-10 (time scale), 0.70247 (CFL)
    Collisions: 0.0002 (time scale), 1.63443e-06 (CFL)
  ----
  Distribution Function Extrema:
    Species 0:	5.26574e-07 [max]	4.66229e-22 [min]
    Species 1:	1.86172e-13 [max]	1.64837e-28 [min]

Step 17 completed, simulation time is 5.55707e-09
----

Step 18
      BiCGStab converged successfully
Vlasov operator time step was limited by the velocity at (R,phi,Z,vparallel,mu) = (0.0121875,0.0096875,0.171875,6.80556,5.5) and mapped coordinate = (19,15,5,17,16)
The toroidal direction makes the largest contribution to the stable dt reciprocal at that point
Vlasov operator time step was limited by the velocity at (R,phi,Z,vparallel,mu) = (0.0109375,0.0184375,0.015625,-6.80556,5.5) and mapped coordinate = (17,29,0,-18,16)
The toroidal direction makes the largest contribution to the stable dt reciprocal at that point
      BiCGStab converged successfully
      BiCGStab converged successfully
      BiCGStab converged successfully
  ----
  dt: 3.26886e-10
    Vlasov    : 4.65339e-10 (time scale), 0.70247 (CFL)
    Collisions: 0.0002 (time scale), 1.63443e-06 (CFL)
  ----
  Distribution Function Extrema:
    Species 0:	5.26574e-07 [max]	4.66229e-22 [min]
    Species 1:	1.86172e-13 [max]	1.64837e-28 [min]

Step 18 completed, simulation time is 5.88395e-09
----

Step 19
      BiCGStab converged successfully
Vlasov operator time step was limited by the velocity at (R,phi,Z,vparallel,mu) = (0.0121875,0.0096875,0.171875,6.80556,5.5) and mapped coordinate = (19,15,5,17,16)
The toroidal direction makes the largest contribution to the stable dt reciprocal at that point
Vlasov operator time step was limited by the velocity at (R,phi,Z,vparallel,mu) = (0.0109375,0.0184375,0.015625,-6.80556,5.5) and mapped coordinate = (17,29,0,-18,16)
The toroidal direction makes the largest contribution to the stable dt reciprocal at that point
      BiCGStab converged successfully
      BiCGStab converged successfully
      BiCGStab converged successfully
  ----
  dt: 3.26886e-10
    Vlasov    : 4.65339e-10 (time scale), 0.70247 (CFL)
    Collisions: 0.0002 (time scale), 1.63443e-06 (CFL)
  ----
  Distribution Function Extrema:
    Species 0:	5.26574e-07 [max]	4.66229e-22 [min]
    Species 1:	1.86172e-13 [max]	1.64837e-28 [min]

Step 19 completed, simulation time is 6.21084e-09
----

Step 20
      BiCGStab converged successfully
Vlasov operator time step was limited by the velocity at (R,phi,Z,vparallel,mu) = (0.0121875,0.0096875,0.171875,6.80556,5.5) and mapped coordinate = (19,15,5,17,16)
The toroidal direction makes the largest contribution to the stable dt reciprocal at that point
Vlasov operator time step was limited by the velocity at (R,phi,Z,vparallel,mu) = (0.0109375,0.0184375,0.015625,-6.80556,5.5) and mapped coordinate = (17,29,0,-18,16)
The toroidal direction makes the largest contribution to the stable dt reciprocal at that point
      BiCGStab converged successfully
      BiCGStab converged successfully
      BiCGStab converged successfully
  ----
  dt: 3.26886e-10
    Vlasov    : 4.65339e-10 (time scale), 0.70247 (CFL)
    Collisions: 0.0002 (time scale), 1.63443e-06 (CFL)
  ----
  Distribution Function Extrema:
    Species 0:	5.26574e-07 [max]	4.66229e-22 [min]
    Species 1:	1.86172e-13 [max]	1.64837e-28 [min]

Step 20 completed, simulation time is 6.53773e-09
----

Step 21
      BiCGStab converged successfully
Vlasov operator time step was limited by the velocity at (R,phi,Z,vparallel,mu) = (0.0121875,0.0096875,0.171875,6.80556,5.5) and mapped coordinate = (19,15,5,17,16)
The toroidal direction makes the largest contribution to the stable dt reciprocal at that point
Vlasov operator time step was limited by the velocity at (R,phi,Z,vparallel,mu) = (0.0109375,0.0184375,0.015625,-6.80556,5.5) and mapped coordinate = (17,29,0,-18,16)
The toroidal direction makes the largest contribution to the stable dt reciprocal at that point
      BiCGStab converged successfully
      BiCGStab converged successfully
      BiCGStab converged successfully
  ----
  dt: 3.26886e-10
    Vlasov    : 4.65339e-10 (time scale), 0.70247 (CFL)
    Collisions: 0.0002 (time scale), 1.63443e-06 (CFL)
  ----
  Distribution Function Extrema:
    Species 0:	5.26574e-07 [max]	4.66229e-22 [min]
    Species 1:	1.86172e-13 [max]	1.64837e-28 [min]

Step 21 completed, simulation time is 6.86461e-09
----

Step 22
      BiCGStab converged successfully
Vlasov operator time step was limited by the velocity at (R,phi,Z,vparallel,mu) = (0.0121875,0.0096875,0.171875,6.80556,5.5) and mapped coordinate = (19,15,5,17,16)
The toroidal direction makes the largest contribution to the stable dt reciprocal at that point
Vlasov operator time step was limited by the velocity at (R,phi,Z,vparallel,mu) = (0.0109375,0.0184375,0.015625,-6.80556,5.5) and mapped coordinate = (17,29,0,-18,16)
The toroidal direction makes the largest contribution to the stable dt reciprocal at that point
      BiCGStab converged successfully
      BiCGStab converged successfully
      BiCGStab converged successfully
  ----
  dt: 3.26886e-10
    Vlasov    : 4.65339e-10 (time scale), 0.70247 (CFL)
    Collisions: 0.0002 (time scale), 1.63443e-06 (CFL)
  ----
  Distribution Function Extrema:
    Species 0:	5.26574e-07 [max]	4.66229e-22 [min]
    Species 1:	1.86172e-13 [max]	1.64837e-28 [min]

Step 22 completed, simulation time is 7.1915e-09
----

Step 23
      BiCGStab converged successfully
Vlasov operator time step was limited by the velocity at (R,phi,Z,vparallel,mu) = (0.0121875,0.0096875,0.171875,6.80556,5.5) and mapped coordinate = (19,15,5,17,16)
The toroidal direction makes the largest contribution to the stable dt reciprocal at that point
Vlasov operator time step was limited by the velocity at (R,phi,Z,vparallel,mu) = (0.0109375,0.0184375,0.015625,-6.80556,5.5) and mapped coordinate = (17,29,0,-18,16)
The toroidal direction makes the largest contribution to the stable dt reciprocal at that point
      BiCGStab converged successfully
      BiCGStab converged successfully
      BiCGStab converged successfully
  ----
  dt: 3.26886e-10
    Vlasov    : 4.65339e-10 (time scale), 0.70247 (CFL)
    Collisions: 0.0002 (time scale), 1.63443e-06 (CFL)
  ----
  Distribution Function Extrema:
    Species 0:	5.26574e-07 [max]	4.66229e-22 [min]
    Species 1:	1.86172e-13 [max]	1.64837e-28 [min]

Step 23 completed, simulation time is 7.51839e-09
----

Step 24
      BiCGStab converged successfully
Vlasov operator time step was limited by the velocity at (R,phi,Z,vparallel,mu) = (0.0121875,0.0096875,0.171875,6.80556,5.5) and mapped coordinate = (19,15,5,17,16)
The toroidal direction makes the largest contribution to the stable dt reciprocal at that point
Vlasov operator time step was limited by the velocity at (R,phi,Z,vparallel,mu) = (0.0109375,0.0184375,0.015625,-6.80556,5.5) and mapped coordinate = (17,29,0,-18,16)
The toroidal direction makes the largest contribution to the stable dt reciprocal at that point
      BiCGStab converged successfully
      BiCGStab converged successfully
      BiCGStab converged successfully
  ----
  dt: 3.26886e-10
    Vlasov    : 4.65339e-10 (time scale), 0.70247 (CFL)
    Collisions: 0.0002 (time scale), 1.63443e-06 (CFL)
  ----
  Distribution Function Extrema:
    Species 0:	5.26574e-07 [max]	4.66229e-22 [min]
    Species 1:	1.86172e-13 [max]	1.64837e-28 [min]

Step 24 completed, simulation time is 7.84527e-09
----

Step 25
      BiCGStab converged successfully
Vlasov operator time step was limited by the velocity at (R,phi,Z,vparallel,mu) = (0.0121875,0.0096875,0.171875,6.80556,5.5) and mapped coordinate = (19,15,5,17,16)
The toroidal direction makes the largest contribution to the stable dt reciprocal at that point
Vlasov operator time step was limited by the velocity at (R,phi,Z,vparallel,mu) = (0.0109375,0.0184375,0.015625,-6.80556,5.5) and mapped coordinate = (17,29,0,-18,16)
The toroidal direction makes the largest contribution to the stable dt reciprocal at that point
      BiCGStab converged successfully
      BiCGStab converged successfully
      BiCGStab converged successfully
  ----
  dt: 3.26886e-10
    Vlasov    : 4.65339e-10 (time scale), 0.70247 (CFL)
    Collisions: 0.0002 (time scale), 1.63443e-06 (CFL)
  ----
  Distribution Function Extrema:
    Species 0:	5.26574e-07 [max]	4.66229e-22 [min]
    Species 1:	1.86172e-13 [max]	1.64837e-28 [min]

Step 25 completed, simulation time is 8.17216e-09
----

Step 26
      BiCGStab converged successfully
Vlasov operator time step was limited by the velocity at (R,phi,Z,vparallel,mu) = (0.0121875,0.0096875,0.171875,6.80556,5.5) and mapped coordinate = (19,15,5,17,16)
The toroidal direction makes the largest contribution to the stable dt reciprocal at that point
Vlasov operator time step was limited by the velocity at (R,phi,Z,vparallel,mu) = (0.0109375,0.0184375,0.015625,-6.80556,5.5) and mapped coordinate = (17,29,0,-18,16)
The toroidal direction makes the largest contribution to the stable dt reciprocal at that point
      BiCGStab converged successfully
      BiCGStab converged successfully
      BiCGStab converged successfully
  ----
  dt: 3.26886e-10
    Vlasov    : 4.65339e-10 (time scale), 0.70247 (CFL)
    Collisions: 0.0002 (time scale), 1.63443e-06 (CFL)
  ----
  Distribution Function Extrema:
    Species 0:	5.26574e-07 [max]	4.66229e-22 [min]
    Species 1:	1.86172e-13 [max]	1.64837e-28 [min]

Step 26 completed, simulation time is 8.49904e-09
----

Step 27
      BiCGStab converged successfully
Vlasov operator time step was limited by the velocity at (R,phi,Z,vparallel,mu) = (0.0121875,0.0096875,0.171875,6.80556,5.5) and mapped coordinate = (19,15,5,17,16)
The toroidal direction makes the largest contribution to the stable dt reciprocal at that point
Vlasov operator time step was limited by the velocity at (R,phi,Z,vparallel,mu) = (0.0109375,0.0184375,0.015625,-6.80556,5.5) and mapped coordinate = (17,29,0,-18,16)
The toroidal direction makes the largest contribution to the stable dt reciprocal at that point
      BiCGStab converged successfully
      BiCGStab converged successfully
      BiCGStab converged successfully
  ----
  dt: 3.26886e-10
    Vlasov    : 4.65339e-10 (time scale), 0.70247 (CFL)
    Collisions: 0.0002 (time scale), 1.63443e-06 (CFL)
  ----
  Distribution Function Extrema:
    Species 0:	5.26574e-07 [max]	4.66229e-22 [min]
    Species 1:	1.86172e-13 [max]	1.64837e-28 [min]

Step 27 completed, simulation time is 8.82593e-09
----

Step 28
      BiCGStab converged successfully
Vlasov operator time step was limited by the velocity at (R,phi,Z,vparallel,mu) = (0.0121875,0.0096875,0.171875,6.80556,5.5) and mapped coordinate = (19,15,5,17,16)
The toroidal direction makes the largest contribution to the stable dt reciprocal at that point
Vlasov operator time step was limited by the velocity at (R,phi,Z,vparallel,mu) = (0.0109375,0.0184375,0.015625,-6.80556,5.5) and mapped coordinate = (17,29,0,-18,16)
The toroidal direction makes the largest contribution to the stable dt reciprocal at that point
      BiCGStab converged successfully
      BiCGStab converged successfully
      BiCGStab converged successfully
  ----
  dt: 3.26886e-10
    Vlasov    : 4.65339e-10 (time scale), 0.70247 (CFL)
    Collisions: 0.0002 (time scale), 1.63443e-06 (CFL)
  ----
  Distribution Function Extrema:
    Species 0:	5.26574e-07 [max]	4.66229e-22 [min]
    Species 1:	1.86172e-13 [max]	1.64837e-28 [min]

Step 28 completed, simulation time is 9.15282e-09
----

Step 29
      BiCGStab converged successfully
Vlasov operator time step was limited by the velocity at (R,phi,Z,vparallel,mu) = (0.0121875,0.0096875,0.171875,6.80556,5.5) and mapped coordinate = (19,15,5,17,16)
The toroidal direction makes the largest contribution to the stable dt reciprocal at that point
Vlasov operator time step was limited by the velocity at (R,phi,Z,vparallel,mu) = (0.0109375,0.0184375,0.015625,-6.80556,5.5) and mapped coordinate = (17,29,0,-18,16)
The toroidal direction makes the largest contribution to the stable dt reciprocal at that point
      BiCGStab converged successfully
      BiCGStab converged successfully
      BiCGStab converged successfully
  ----
  dt: 3.26886e-10
    Vlasov    : 4.65339e-10 (time scale), 0.70247 (CFL)
    Collisions: 0.0002 (time scale), 1.63443e-06 (CFL)
  ----
  Distribution Function Extrema:
    Species 0:	5.26574e-07 [max]	4.66229e-22 [min]
    Species 1:	1.86172e-13 [max]	1.64837e-28 [min]

Step 29 completed, simulation time is 9.4797e-09
----

Step 30
      BiCGStab converged successfully
Vlasov operator time step was limited by the velocity at (R,phi,Z,vparallel,mu) = (0.0121875,0.0096875,0.171875,6.80556,5.5) and mapped coordinate = (19,15,5,17,16)
The toroidal direction makes the largest contribution to the stable dt reciprocal at that point
Vlasov operator time step was limited by the velocity at (R,phi,Z,vparallel,mu) = (0.0109375,0.0184375,0.015625,-6.80556,5.5) and mapped coordinate = (17,29,0,-18,16)
The toroidal direction makes the largest contribution to the stable dt reciprocal at that point
      BiCGStab converged successfully
      BiCGStab converged successfully
      BiCGStab converged successfully
  ----
  dt: 3.26886e-10
    Vlasov    : 4.65339e-10 (time scale), 0.70247 (CFL)
    Collisions: 0.0002 (time scale), 1.63443e-06 (CFL)
  ----
  Distribution Function Extrema:
    Species 0:	5.26574e-07 [max]	4.66229e-22 [min]
    Species 1:	1.86172e-13 [max]	1.64837e-28 [min]

Step 30 completed, simulation time is 9.80659e-09
----

Step 31
      BiCGStab converged successfully
Vlasov operator time step was limited by the velocity at (R,phi,Z,vparallel,mu) = (0.0121875,0.0096875,0.171875,6.80556,5.5) and mapped coordinate = (19,15,5,17,16)
The toroidal direction makes the largest contribution to the stable dt reciprocal at that point
Vlasov operator time step was limited by the velocity at (R,phi,Z,vparallel,mu) = (0.0109375,0.0109375,0.015625,6.80556,5.5) and mapped coordinate = (17,17,0,17,16)
The toroidal direction makes the largest contribution to the stable dt reciprocal at that point
      BiCGStab converged successfully
      BiCGStab converged successfully
      BiCGStab converged successfully
  ----
  dt: 3.26886e-10
    Vlasov    : 4.65339e-10 (time scale), 0.70247 (CFL)
    Collisions: 0.0002 (time scale), 1.63443e-06 (CFL)
  ----
  Distribution Function Extrema:
    Species 0:	5.26574e-07 [max]	4.66229e-22 [min]
    Species 1:	1.86172e-13 [max]	1.64837e-28 [min]

Step 31 completed, simulation time is 1.01335e-08
----

Step 32
      BiCGStab converged successfully
Vlasov operator time step was limited by the velocity at (R,phi,Z,vparallel,mu) = (0.0121875,0.0096875,0.171875,6.80556,5.5) and mapped coordinate = (19,15,5,17,16)
The toroidal direction makes the largest contribution to the stable dt reciprocal at that point
Vlasov operator time step was limited by the velocity at (R,phi,Z,vparallel,mu) = (0.0109375,0.0109375,0.015625,6.80556,5.5) and mapped coordinate = (17,17,0,17,16)
The toroidal direction makes the largest contribution to the stable dt reciprocal at that point
      BiCGStab converged successfully
      BiCGStab converged successfully
      BiCGStab converged successfully
  ----
  dt: 3.26886e-10
    Vlasov    : 4.65339e-10 (time scale), 0.70247 (CFL)
    Collisions: 0.0002 (time scale), 1.63443e-06 (CFL)
  ----
  Distribution Function Extrema:
    Species 0:	5.26574e-07 [max]	4.66229e-22 [min]
    Species 1:	1.86172e-13 [max]	1.64837e-28 [min]

Step 32 completed, simulation time is 1.04604e-08
----

Step 33
      BiCGStab converged successfully
Vlasov operator time step was limited by the velocity at (R,phi,Z,vparallel,mu) = (0.0121875,0.0096875,0.171875,6.80556,5.5) and mapped coordinate = (19,15,5,17,16)
The toroidal direction makes the largest contribution to the stable dt reciprocal at that point
Vlasov operator time step was limited by the velocity at (R,phi,Z,vparallel,mu) = (0.0109375,0.0184375,0.015625,-6.80556,5.5) and mapped coordinate = (17,29,0,-18,16)
The toroidal direction makes the largest contribution to the stable dt reciprocal at that point
      BiCGStab converged successfully
      BiCGStab converged successfully
      BiCGStab converged successfully
  ----
  dt: 3.26886e-10
    Vlasov    : 4.65339e-10 (time scale), 0.70247 (CFL)
    Collisions: 0.0002 (time scale), 1.63443e-06 (CFL)
  ----
  Distribution Function Extrema:
    Species 0:	5.26574e-07 [max]	4.66229e-22 [min]
    Species 1:	1.86172e-13 [max]	1.64837e-28 [min]

Step 33 completed, simulation time is 1.07872e-08
----

Step 34
      BiCGStab converged successfully
Vlasov operator time step was limited by the velocity at (R,phi,Z,vparallel,mu) = (0.0121875,0.0096875,0.171875,6.80556,5.5) and mapped coordinate = (19,15,5,17,16)
The toroidal direction makes the largest contribution to the stable dt reciprocal at that point
Vlasov operator time step was limited by the velocity at (R,phi,Z,vparallel,mu) = (0.0109375,0.0184375,0.015625,-6.80556,5.5) and mapped coordinate = (17,29,0,-18,16)
The toroidal direction makes the largest contribution to the stable dt reciprocal at that point
      BiCGStab converged successfully
      BiCGStab converged successfully
      BiCGStab converged successfully
  ----
  dt: 3.26886e-10
    Vlasov    : 4.65339e-10 (time scale), 0.70247 (CFL)
    Collisions: 0.0002 (time scale), 1.63443e-06 (CFL)
  ----
  Distribution Function Extrema:
    Species 0:	5.26574e-07 [max]	4.66229e-22 [min]
    Species 1:	1.86172e-13 [max]	1.64837e-28 [min]

Step 34 completed, simulation time is 1.11141e-08
----

Step 35
      BiCGStab converged successfully
Vlasov operator time step was limited by the velocity at (R,phi,Z,vparallel,mu) = (0.0121875,0.0096875,0.171875,6.80556,5.5) and mapped coordinate = (19,15,5,17,16)
The toroidal direction makes the largest contribution to the stable dt reciprocal at that point
Vlasov operator time step was limited by the velocity at (R,phi,Z,vparallel,mu) = (0.0109375,0.0184375,0.015625,-6.80556,5.5) and mapped coordinate = (17,29,0,-18,16)
The toroidal direction makes the largest contribution to the stable dt reciprocal at that point
      BiCGStab converged successfully
      BiCGStab converged successfully
      BiCGStab converged successfully
  ----
  dt: 3.26886e-10
    Vlasov    : 4.65339e-10 (time scale), 0.70247 (CFL)
    Collisions: 0.0002 (time scale), 1.63443e-06 (CFL)
  ----
  Distribution Function Extrema:
    Species 0:	5.26574e-07 [max]	4.66229e-22 [min]
    Species 1:	1.86172e-13 [max]	1.64837e-28 [min]

Step 35 completed, simulation time is 1.1441e-08
----

Step 36
      BiCGStab converged successfully
Vlasov operator time step was limited by the velocity at (R,phi,Z,vparallel,mu) = (0.0121875,0.0096875,0.171875,6.80556,5.5) and mapped coordinate = (19,15,5,17,16)
The toroidal direction makes the largest contribution to the stable dt reciprocal at that point
Vlasov operator time step was limited by the velocity at (R,phi,Z,vparallel,mu) = (0.0109375,0.0109375,0.015625,6.80556,5.5) and mapped coordinate = (17,17,0,17,16)
The toroidal direction makes the largest contribution to the stable dt reciprocal at that point
      BiCGStab converged successfully
      BiCGStab converged successfully
      BiCGStab converged successfully
  ----
  dt: 3.26886e-10
    Vlasov    : 4.65339e-10 (time scale), 0.70247 (CFL)
    Collisions: 0.0002 (time scale), 1.63443e-06 (CFL)
  ----
  Distribution Function Extrema:
    Species 0:	5.26574e-07 [max]	4.66229e-22 [min]
    Species 1:	1.86172e-13 [max]	1.64837e-28 [min]

Step 36 completed, simulation time is 1.17679e-08
----

Step 37
      BiCGStab converged successfully
Vlasov operator time step was limited by the velocity at (R,phi,Z,vparallel,mu) = (0.0121875,0.0096875,0.171875,6.80556,5.5) and mapped coordinate = (19,15,5,17,16)
The toroidal direction makes the largest contribution to the stable dt reciprocal at that point
Vlasov operator time step was limited by the velocity at (R,phi,Z,vparallel,mu) = (0.0109375,0.0109375,0.015625,6.80556,5.5) and mapped coordinate = (17,17,0,17,16)
The toroidal direction makes the largest contribution to the stable dt reciprocal at that point
      BiCGStab converged successfully
      BiCGStab converged successfully
      BiCGStab converged successfully
  ----
  dt: 3.26886e-10
    Vlasov    : 4.65339e-10 (time scale), 0.70247 (CFL)
    Collisions: 0.0002 (time scale), 1.63443e-06 (CFL)
  ----
  Distribution Function Extrema:
    Species 0:	5.26574e-07 [max]	4.66229e-22 [min]
    Species 1:	1.86172e-13 [max]	1.64837e-28 [min]

Step 37 completed, simulation time is 1.20948e-08
----

Step 38
      BiCGStab converged successfully
Vlasov operator time step was limited by the velocity at (R,phi,Z,vparallel,mu) = (0.0121875,0.0096875,0.171875,6.80556,5.5) and mapped coordinate = (19,15,5,17,16)
The toroidal direction makes the largest contribution to the stable dt reciprocal at that point
Vlasov operator time step was limited by the velocity at (R,phi,Z,vparallel,mu) = (0.0109375,0.0184375,0.015625,-6.80556,5.5) and mapped coordinate = (17,29,0,-18,16)
The toroidal direction makes the largest contribution to the stable dt reciprocal at that point
      BiCGStab converged successfully
      BiCGStab converged successfully
      BiCGStab converged successfully
  ----
  dt: 3.26886e-10
    Vlasov    : 4.65339e-10 (time scale), 0.70247 (CFL)
    Collisions: 0.0002 (time scale), 1.63443e-06 (CFL)
  ----
  Distribution Function Extrema:
    Species 0:	5.26574e-07 [max]	4.66229e-22 [min]
    Species 1:	1.86172e-13 [max]	1.64837e-28 [min]

Step 38 completed, simulation time is 1.24217e-08
----

Step 39
      BiCGStab converged successfully
Vlasov operator time step was limited by the velocity at (R,phi,Z,vparallel,mu) = (0.0121875,0.0096875,0.171875,6.80556,5.5) and mapped coordinate = (19,15,5,17,16)
The toroidal direction makes the largest contribution to the stable dt reciprocal at that point
Vlasov operator time step was limited by the velocity at (R,phi,Z,vparallel,mu) = (0.0109375,0.0184375,0.015625,-6.80556,5.5) and mapped coordinate = (17,29,0,-18,16)
The toroidal direction makes the largest contribution to the stable dt reciprocal at that point
      BiCGStab converged successfully
      BiCGStab converged successfully
      BiCGStab converged successfully
  ----
  dt: 3.26886e-10
    Vlasov    : 4.65339e-10 (time scale), 0.70247 (CFL)
    Collisions: 0.0002 (time scale), 1.63443e-06 (CFL)
  ----
  Distribution Function Extrema:
    Species 0:	5.26574e-07 [max]	4.66229e-22 [min]
    Species 1:	1.86172e-13 [max]	1.64837e-28 [min]

Step 39 completed, simulation time is 1.27486e-08
----

Step 40
      BiCGStab converged successfully
Vlasov operator time step was limited by the velocity at (R,phi,Z,vparallel,mu) = (0.0121875,0.0096875,0.171875,6.80556,5.5) and mapped coordinate = (19,15,5,17,16)
The toroidal direction makes the largest contribution to the stable dt reciprocal at that point
Vlasov operator time step was limited by the velocity at (R,phi,Z,vparallel,mu) = (0.0109375,0.0184375,0.015625,-6.80556,5.5) and mapped coordinate = (17,29,0,-18,16)
The toroidal direction makes the largest contribution to the stable dt reciprocal at that point
      BiCGStab converged successfully
      BiCGStab converged successfully
      BiCGStab converged successfully
  ----
  dt: 3.26886e-10
    Vlasov    : 4.65339e-10 (time scale), 0.70247 (CFL)
    Collisions: 0.0002 (time scale), 1.63443e-06 (CFL)
  ----
  Distribution Function Extrema:
    Species 0:	5.26574e-07 [max]	4.66229e-22 [min]
    Species 1:	1.86172e-13 [max]	1.64837e-28 [min]

Step 40 completed, simulation time is 1.30755e-08
----

Step 41
      BiCGStab converged successfully
Vlasov operator time step was limited by the velocity at (R,phi,Z,vparallel,mu) = (0.0121875,0.0096875,0.171875,6.80556,5.5) and mapped coordinate = (19,15,5,17,16)
The toroidal direction makes the largest contribution to the stable dt reciprocal at that point
Vlasov operator time step was limited by the velocity at (R,phi,Z,vparallel,mu) = (0.0109375,0.0109375,0.015625,6.80556,5.5) and mapped coordinate = (17,17,0,17,16)
The toroidal direction makes the largest contribution to the stable dt reciprocal at that point
      BiCGStab converged successfully
      BiCGStab converged successfully
      BiCGStab converged successfully
  ----
  dt: 3.26886e-10
    Vlasov    : 4.65339e-10 (time scale), 0.70247 (CFL)
    Collisions: 0.0002 (time scale), 1.63443e-06 (CFL)
  ----
  Distribution Function Extrema:
    Species 0:	5.26574e-07 [max]	4.66229e-22 [min]
    Species 1:	1.86172e-13 [max]	1.64837e-28 [min]

Step 41 completed, simulation time is 1.34023e-08
----

Step 42
      BiCGStab converged successfully
Vlasov operator time step was limited by the velocity at (R,phi,Z,vparallel,mu) = (0.0121875,0.0096875,0.171875,6.80556,5.5) and mapped coordinate = (19,15,5,17,16)
The toroidal direction makes the largest contribution to the stable dt reciprocal at that point
Vlasov operator time step was limited by the velocity at (R,phi,Z,vparallel,mu) = (0.0109375,0.0109375,0.015625,6.80556,5.5) and mapped coordinate = (17,17,0,17,16)
The toroidal direction makes the largest contribution to the stable dt reciprocal at that point
      BiCGStab converged successfully
      BiCGStab converged successfully
      BiCGStab converged successfully
  ----
  dt: 3.26886e-10
    Vlasov    : 4.65339e-10 (time scale), 0.70247 (CFL)
    Collisions: 0.0002 (time scale), 1.63443e-06 (CFL)
  ----
  Distribution Function Extrema:
    Species 0:	5.26574e-07 [max]	4.66229e-22 [min]
    Species 1:	1.86172e-13 [max]	1.64837e-28 [min]

Step 42 completed, simulation time is 1.37292e-08
----

Step 43
      BiCGStab converged successfully
Vlasov operator time step was limited by the velocity at (R,phi,Z,vparallel,mu) = (0.0121875,0.0096875,0.171875,6.80556,5.5) and mapped coordinate = (19,15,5,17,16)
The toroidal direction makes the largest contribution to the stable dt reciprocal at that point
Vlasov operator time step was limited by the velocity at (R,phi,Z,vparallel,mu) = (0.0109375,0.0184375,0.015625,-6.80556,5.5) and mapped coordinate = (17,29,0,-18,16)
The toroidal direction makes the largest contribution to the stable dt reciprocal at that point
      BiCGStab converged successfully
      BiCGStab converged successfully
      BiCGStab converged successfully
  ----
  dt: 3.26886e-10
    Vlasov    : 4.65339e-10 (time scale), 0.70247 (CFL)
    Collisions: 0.0002 (time scale), 1.63443e-06 (CFL)
  ----
  Distribution Function Extrema:
    Species 0:	5.26574e-07 [max]	4.66229e-22 [min]
    Species 1:	1.86172e-13 [max]	1.64837e-28 [min]

Step 43 completed, simulation time is 1.40561e-08
----

Step 44
      BiCGStab converged successfully
Vlasov operator time step was limited by the velocity at (R,phi,Z,vparallel,mu) = (0.0121875,0.0096875,0.171875,6.80556,5.5) and mapped coordinate = (19,15,5,17,16)
The toroidal direction makes the largest contribution to the stable dt reciprocal at that point
Vlasov operator time step was limited by the velocity at (R,phi,Z,vparallel,mu) = (0.0109375,0.0109375,0.015625,6.80556,5.5) and mapped coordinate = (17,17,0,17,16)
The toroidal direction makes the largest contribution to the stable dt reciprocal at that point
      BiCGStab converged successfully
srun: got SIGCONT
srun: got SIGCONT
slurmstepd: *** JOB 843248 ON nid00123 CANCELLED AT 2016-06-30T09:56:08 ***
slurmstepd: *** STEP 843248.0 ON nid00123 CANCELLED AT 2016-06-30T09:56:08 ***
srun: Job step aborted: Waiting up to 32 seconds for job step to finish.
srun: forcing job termination
