** GKUnits ***********************************************************

==== Fundamental Units ===============================================
  NUMBER DENSITY    [1/m^3]: 1e+20
  TEMPERATURE           [eV]: 10000
  LENGTH                [m]: 1
  MASS                 [AMU]: 1
  MAGNETIC FIELD        [T]: 1
  CHARGE                [C]: 1.60218e-19
  BOLTZMANN CONSTANT  [J/K]: 1.38065e-23
  ELECTRIC CONSTANT   [F/m]: 8.85419e-12
  MAGNETIC CONSTANT   [H/m]: 1.25664e-06

==== Derived Units ===================================================

  THERMAL SPEED       [m/s]: 978715
  TRANSIT TIME          [s]: 1.02175e-06
  MAGNETIC MOMENT     [J/T]: 8.01088e-16
  DIST. FUNCTION [s/(Am^6)]: 33.9532
  POTENTIAL             [V]: 10000
  GYROFREQUENCY       [1/s]: 9.57883e+07
  GYRORADIUS            [m]: 0.0102175
  DEBYE LENGTH          [m]: 7.43394e-05

==== Dimensionless Parameters =========================================

  LARMOR NUMBER            : 0.0102175
  DEBYE NUMBER             : 7.43394e-05

***********************************************************************
**** cellSp[0] = 0.0981748,  cellSp[1] = 0.0490874
**** dimensions = 64, 128
**** cellSp[0] = 0.0981748,  cellSp[1] = 0.0490874
**** dimensions = 64, 128
**** cellSp[0] = 0.0981748,  cellSp[1] = 0.0490874
**** dimensions = 64, 128
**** cellSp[0] = 0.0981748,  cellSp[1] = 0.0490874
**** dimensions = 64, 128
**** cellSp[0] = 0.0981748,  cellSp[1] = 0.0490874
**** dimensions = 64, 128
**** cellSp[0] = 0.0981748,  cellSp[1] = 0.0490874
**** dimensions = 64, 128
**** cellSp[0] = 0.0981748,  cellSp[1] = 0.0490874
**** dimensions = 64, 128
**** cellSp[0] = 0.0981748,  cellSp[1] = 0.0490874
**** dimensions = 64, 128
**** cellSp[0] = 0.0981748,  cellSp[1] = 0.0490874
**** dimensions = 64, 128
**** cellSp[0] = 0.0981748,  cellSp[1] = 0.0490874
**** dimensions = 64, 128
**** cellSp[0] = 0.0981748,  cellSp[1] = 0.0490874
**** dimensions = 64, 128
**** cellSp[0] = 0.0981748,  cellSp[1] = 0.0490874
**** dimensions = 64, 128
**** cellSp[0] = 0.0981748,  cellSp[1] = 0.0490874
**** dimensions = 64, 128
**** cellSp[0] = 0.0981748,  cellSp[1] = 0.0490874
**** dimensions = 64, 128
**** cellSp[0] = 0.0981748,  cellSp[1] = 0.0490874
**** dimensions = 64, 128
**** cellSp[0] = 0.0981748,  cellSp[1] = 0.0490874
**** dimensions = 64, 128
**** cellSp[0] = 0.0981748,  cellSp[1] = 0.0490874
**** dimensions = 64, 128
**** cellSp[0] = 0.0981748,  cellSp[1] = 0.0490874
**** dimensions = 64, 128
**** cellSp[0] = 0.0981748,  cellSp[1] = 0.0490874
**** dimensions = 64, 128
**** cellSp[0] = 0.0981748,  cellSp[1] = 0.0490874
**** dimensions = 64, 128
**** cellSp[0] = 0.0981748,  cellSp[1] = 0.0490874
**** dimensions = 64, 128
**** cellSp[0] = 0.0981748,  cellSp[1] = 0.0490874
**** dimensions = 64, 128
**** cellSp[0] = 0.0981748,  cellSp[1] = 0.0490874
**** dimensions = 64, 128
**** cellSp[0] = 0.0981748,  cellSp[1] = 0.0490874
**** dimensions = 64, 128
**** cellSp[0] = 0.0981748,  cellSp[1] = 0.0490874
**** dimensions = 64, 128
**** cellSp[0] = 0.0981748,  cellSp[1] = 0.0490874
**** dimensions = 64, 128
**** cellSp[0] = 0.0981748,  cellSp[1] = 0.0490874
**** dimensions = 64, 128
**** cellSp[0] = 0.0981748,  cellSp[1] = 0.0490874
**** dimensions = 64, 128
**** cellSp[0] = 0.0981748,  cellSp[1] = 0.0490874
**** dimensions = 64, 128
**** cellSp[0] = 0.0981748,  cellSp[1] = 0.0490874
**** dimensions = 64, 128
**** cellSp[0] = 0.0981748,  cellSp[1] = 0.0490874
**** dimensions = 64, 128
**** cellSp[0] = 0.0981748,  cellSp[1] = 0.0490874
**** dimensions = 64, 128
**** cellSp[0] = 0.0981748,  cellSp[1] = 0.0490874
**** dimensions = 64, 128
**** cellSp[0] = 0.0981748,  cellSp[1] = 0.0490874
**** dimensions = 64, 128
**** cellSp[0] = 0.0981748,  cellSp[1] = 0.0490874
**** dimensions = 64, 128
Constructing slab geometry...
xmax = 0.02, ymax = 0.02
Bz_inner = 3, Bz_outer = 3
By_inner  = 0
**** cellSp[0] = 0.0981748,  cellSp[1] = 0.0490874
**** dimensions = 64, 128
Done constructing slab geometry
**** cellSp[0] = 0.0981748,  cellSp[1] = 0.0490874
**** dimensions = 64, 128
**** cellSp[0] = 0.0981748,  cellSp[1] = 0.0490874
**** dimensions = 64, 128
**** cellSp[0] = 0.0981748,  cellSp[1] = 0.0490874
**** dimensions = 64, 128
**** cellSp[0] = 0.0981748,  cellSp[1] = 0.0490874
**** dimensions = 64, 128
**** cellSp[0] = 0.0981748,  cellSp[1] = 0.0490874
**** dimensions = 64, 128
**** cellSp[0] = 0.0981748,  cellSp[1] = 0.0490874
**** dimensions = 64, 128
**** cellSp[0] = 0.0981748,  cellSp[1] = 0.0490874
**** dimensions = 64, 128
**** cellSp[0] = 0.0981748,  cellSp[1] = 0.0490874
**** dimensions = 64, 128
**** cellSp[0] = 0.0981748,  cellSp[1] = 0.0490874
**** dimensions = 64, 128
**** cellSp[0] = 0.0981748,  cellSp[1] = 0.0490874
**** dimensions = 64, 128
**** cellSp[0] = 0.0981748,  cellSp[1] = 0.0490874
**** dimensions = 64, 128
**** cellSp[0] = 0.0981748,  cellSp[1] = 0.0490874
**** dimensions = 64, 128
**** cellSp[0] = 0.0981748,  cellSp[1] = 0.0490874
**** dimensions = 64, 128
**** cellSp[0] = 0.0981748,  cellSp[1] = 0.0490874
**** dimensions = 64, 128
**** cellSp[0] = 0.0981748,  cellSp[1] = 0.0490874
**** dimensions = 64, 128
**** cellSp[0] = 0.0981748,  cellSp[1] = 0.0490874
**** dimensions = 64, 128
**** cellSp[0] = 0.0981748,  cellSp[1] = 0.0490874
**** dimensions = 64, 128
**** cellSp[0] = 0.0981748,  cellSp[1] = 0.0490874
**** dimensions = 64, 128
**** cellSp[0] = 0.0981748,  cellSp[1] = 0.0490874
**** dimensions = 64, 128
**** cellSp[0] = 0.0981748,  cellSp[1] = 0.0490874
**** dimensions = 64, 128
**** cellSp[0] = 0.0981748,  cellSp[1] = 0.0490874
**** dimensions = 64, 128
**** cellSp[0] = 0.0981748,  cellSp[1] = 0.0490874
**** dimensions = 64, 128
**** cellSp[0] = 0.0981748,  cellSp[1] = 0.0490874
**** dimensions = 64, 128
**** cellSp[0] = 0.0981748,  cellSp[1] = 0.0490874
**** dimensions = 64, 128
**** cellSp[0] = 0.0981748,  cellSp[1] = 0.0490874
**** dimensions = 64, 128
**** cellSp[0] = 0.0981748,  cellSp[1] = 0.0490874
**** dimensions = 64, 128
**** cellSp[0] = 0.0981748,  cellSp[1] = 0.0490874
**** dimensions = 64, 128
**** cellSp[0] = 0.0981748,  cellSp[1] = 0.0490874
**** dimensions = 64, 128
**** cellSp[0] = 0.0981748,  cellSp[1] = 0.0490874
**** dimensions = 64, 128
**** cellSp[0] = 0.0981748,  cellSp[1] = 0.0490874
**** dimensions = 64, 128
**** cellSp[0] = 0.0981748,  cellSp[1] = 0.0490874
**** dimensions = 64, 128
**** cellSp[0] = 0.0981748,  cellSp[1] = 0.0490874
**** dimensions = 64, 128
**** cellSp[0] = 0.0981748,  cellSp[1] = 0.0490874
**** dimensions = 64, 128
**** cellSp[0] = 0.0981748,  cellSp[1] = 0.0490874
**** dimensions = 64, 128
**** cellSp[0] = 0.0981748,  cellSp[1] = 0.0490874
**** dimensions = 64, 128
**** cellSp[0] = 0.0981748,  cellSp[1] = 0.0490874
**** dimensions = 64, 128
**** cellSp[0] = 0.0981748,  cellSp[1] = 0.0490874
**** dimensions = 64, 128
**** cellSp[0] = 0.0981748,  cellSp[1] = 0.0490874
**** dimensions = 64, 128
**** cellSp[0] = 0.0981748,  cellSp[1] = 0.0490874
**** dimensions = 64, 128
**** cellSp[0] = 0.0981748,  cellSp[1] = 0.0490874
**** dimensions = 64, 128
**** cellSp[0] = 0.0981748,  cellSp[1] = 0.0490874
**** dimensions = 64, 128
**** cellSp[0] = 0.0981748,  cellSp[1] = 0.0490874
**** dimensions = 64, 128
   Configuration space box ((0,0) (7,15) (0,0)) is assigned to process 0
   Configuration space box ((8,0) (15,15) (0,0)) is assigned to process 1
   Configuration space box ((16,0) (23,15) (0,0)) is assigned to process 2
   Configuration space box ((24,0) (31,15) (0,0)) is assigned to process 3
   Configuration space box ((32,0) (39,15) (0,0)) is assigned to process 4
   Configuration space box ((40,0) (47,15) (0,0)) is assigned to process 5
   Configuration space box ((48,0) (55,15) (0,0)) is assigned to process 6
   Configuration space box ((56,0) (63,15) (0,0)) is assigned to process 7
   Configuration space box ((0,16) (7,31) (0,0)) is assigned to process 8
   Configuration space box ((8,16) (15,31) (0,0)) is assigned to process 9
   Configuration space box ((16,16) (23,31) (0,0)) is assigned to process 10
   Configuration space box ((24,16) (31,31) (0,0)) is assigned to process 11
   Configuration space box ((32,16) (39,31) (0,0)) is assigned to process 12
   Configuration space box ((40,16) (47,31) (0,**** cellSp[0] = 0.0981748,  cellSp[1] = 0.0490874
**** dimensions = 64, 128
**** cellSp[0] = 0.0981748,  cellSp[1] = 0.0490874
**** dimensions = 64, 128
**** cellSp[0] = 0.0981748,  cellSp[1] = 0.0490874
**** dimensions = 64, 128
**** cellSp[0] = 0.0981748,  cellSp[1] = 0.0490874
**** dimensions = 64, 128
**** cellSp[0] = 0.0981748,  cellSp[1] = 0.0490874
**** dimensions = 64, 128
**** cellSp[0] = 0.0981748,  cellSp[1] = 0.0490874
**** dimensions = 64, 128
**** cellSp[0] = 0.0981748,  cellSp[1] = 0.0490874
**** dimensions = 64, 128
**** cellSp[0] = 0.0981748,  cellSp[1] = 0.0490874
**** dimensions = 64, 128
**** cellSp[0] = 0.0981748,  cellSp[1] = 0.0490874
**** dimensions = 64, 128
**** cellSp[0] = 0.0981748,  cellSp[1] = 0.0490874
**** dimensions = 64, 128
**** cellSp[0] = 0.0981748,  cellSp[1] = 0.0490874
**** dimensions = 64, 128
**** cellSp[0] = 0.0981748,  cellSp[1] = 0.0490874
**** dimensions = 64, 128
**** cellSp[0] = 0.0981748,  cellSp[1] = 0.0490874
**** dimensions = 64, 128
**** cellSp[0] = 0.0981748,  cellSp[1] = 0.0490874
**** dimensions = 64, 128
**** cellSp[0] = 0.0981748,  cellSp[1] = 0.0490874
**** dimensions = 64, 128
**** cellSp[0] = 0.0981748,  cellSp[1] = 0.0490874
**** dimensions = 64, 128
**** cellSp[0] = 0.0981748,  cellSp[1] = 0.0490874
**** dimensions = 64, 128
**** cellSp[0] = 0.0981748,  cellSp[1] = 0.0490874
**** dimensions = 64, 128
**** cellSp[0] = 0.0981748,  cellSp[1] = 0.0490874
**** dimensions = 64, 128
**** cellSp[0] = 0.0981748,  cellSp[1] = 0.0490874
**** dimensions = 64, 128
**** cellSp[0] = 0.0981748,  cellSp[1] = 0.0490874
**** dimensions = 64, 128
**** cellSp[0] = 0.0981748,  cellSp[1] = 0.0490874
**** dimensions = 64, 128
0)) is assigned to process 13
   Configuration space box ((48,16) (55,31) (0,0)) is assigned to process 14
   Configuration space box ((56,16) (63,31) (0,0)) is assigned to process 15
   Configuration space box ((0,32) (7,47) (0,0)) is assigned to process 16
   Configuration space box ((8,32) (15,47) (0,0)) is assigned to process 17
   Configuration space box ((16,32) (23,47) (0,0)) is assigned to process 18
   Configuration space box ((24,32) (31,47) (0,0)) is assigned to process 19
   Configuration space box ((32,32) (39,47) (0,0)) is assigned to process 20
   Configuration space box ((40,32) (47,47) (0,0)) is assigned to process 21
   Configuration space box ((48,32) (55,47) (0,0)) is assigned to process 22
   Configuration space box ((56,32) (63,47) (0,0)) is assigned to process 23
   Configuration space box ((0,48) (7,63) (0,0)) is assigned to process 24
   Configuration space box ((8,48) (15,63) (0,0)) is assigned to process 25
   Configuration space box ((16,48) (23,63) (0,0)) is assigned to process 26
   Configuration space box ((24,48) (31,63) (0,0)) is assigned to process 27
   Configuration space box ((32,48) (39,63) (0,0)) is assigned to process 28
   Configuration space box ((40,48) (47,63) (0,0)) is assigned to process 29
   Configuration space box ((48,48) (55,63) (0,0)) is assigned to process 30
   Configuration space box ((56,48) (63,63) (0,0)) is assigned to process 31
   Configuration space box ((0,64) (7,79) (0,0)) is assigned to process 32
   Configuration space box ((8,64) (15,79) (0,0)) is assigned to process 33
   Configuration space box ((16,64) (23,79) (0,0)) is assigned to process 34
   Configuration space box ((24,64) (31,79) (0,0)) is assigned to process 35
   Configuration space box ((32,64) (39,79) (0,0)) is assigned to process 36
   Configuration space box ((40,64) (47,79) (0,0)) is assigned to process 37
   Configuration space box ((48,64) (55,79) (0,0)) is assigned to process 38
   Configuration space box ((56,64) (63,79) (0,0)) is assigned to process 39
   Configuration space box ((0,80) (7,95) (0,0)) is assigned to process 40
   Configuration space box ((8,80) (15,95) (0,0)) is assigned to process 41
   Configuration space box ((16,80) (23,95) (0,0)) is assigned to process 42
   Configuration space box ((24,80) (31,95) (0,0)) is assigned to process 43
   Configuration space box ((32,80) (39,95) (0,0)) is assigned to process 44
   Configuration space box ((40,80) (47,95) (0,0)) is assigned to process 45
   Configuration space box ((48,80) (55,95) (0,0)) is assigned to process 46
   Configuration space box ((56,80) (63,95) (0,0)) is assigned to process 47
   Configuration space box ((0,96) (7,111) (0,0)) is assigned to process 48
   Configuration space box ((8,96) (15,111) (0,0)) is assigned to process 49
   Configuration space box ((16,96) (23,111) (0,0)) is assigned to process 50
   Configuration space box ((24,96) (31,111) (0,0)) is assigned to process 51
   Configuration space box ((32,96) (39,111) (0,0)) is assigned to process 52
   Configuration space box ((40,96) (47,111) (0,0)) is assigned to process 53
   Configuration space box ((48,96) (55,111) (0,0)) is assigned to process 54
   Configuration space box ((56,96) (63,111) (0,0)) is assigned to process 55
   Configuration space box ((0,112) (7,127) (0,0)) is assigned to process 56
   Configuration space box ((8,112) (15,127) (0,0)) is assigned to process 57
   Configuration space box ((16,112) (23,127) (0,0)) is assigned to process 58
   Configuration space box ((24,112) (31,127) (0,0)) is assigned to process 59
   Configuration space box ((32,112) (39,127) (0,0)) is assigned to process 60
   Configuration space box ((40,112) (47,127) (0,0)) is assigned to process 61
   Configuration space box ((48,112) (55,127) (0,0)) is assigned to process 62
   Configuration space box ((56,112) (63,127) (0,0)) is assigned to process 63
Constructing magnetic geometry
Done constructing magnetic geometry
   Velocity space box ((-32,0) (-25,7) (0,0)) is assigned to process 0
   Velocity space box ((-24,0) (-17,7) (0,0)) is assigned to process 1
   Velocity space box ((-16,0) (-9,7) (0,0)) is assigned to process 2
   Velocity space box ((-8,0) (-1,7) (0,0)) is assigned to process 3
   Velocity space box ((0,0) (7,7) (0,0)) is assigned to process 4
   Velocity space box ((8,0) (15,7) (0,0)) is assigned to process 5
   Velocity space box ((16,0) (23,7) (0,0)) is assigned to process 6
   Velocity space box ((24,0) (31,7) (0,0)) is assigned to process 7
   Velocity space box ((-32,8) (-25,15) (0,0)) is assigned to process 8
   Velocity space box ((-24,8) (-17,15) (0,0)) is assigned to process 9
   Velocity space box ((-16,8) (-9,15) (0,0)) is assigned to process 10
   Velocity space box ((-8,8) (-1,15) (0,0)) is assigned to process 11
   Velocity space box ((0,8) (7,15) (0,0)) is assigned to process 12
   Velocity space box ((8,8) (15,15) (0,0)) is assigned to process 13
   Velocity space box ((16,8) (23,15) (0,0)) is assigned to process 14
   Velocity space box ((24,8) (31,15) (0,0)) is assigned to process 15
   Velocity space box ((-32,16) (-25,23) (0,0)) is assigned to process 16
   Velocity space box ((-24,16) (-17,23) (0,0)) is assigned to process 17
   Velocity space box ((-16,16) (-9,23) (0,0)) is assigned to process 18
   Velocity space box ((-8,16) (-1,23) (0,0)) is assigned to process 19
   Velocity space box ((0,16) (7,23) (0,0)) is assigned to process 20
   Velocity space box ((8,16) (15,23) (0,0)) is assigned to process 21
   Velocity space box ((16,16) (23,23) (0,0)) is assigned to process 22
   Velocity space box ((24,16) (31,23) (0,0)) is assigned to process 23
   Velocity space box ((-32,24) (-25,31) (0,0)) is assigned to process 24
   Velocity space box ((-24,24) (-17,31) (0,0)) is assigned to process 25
   Velocity space box ((-16,24) (-9,31) (0,0)) is assigned to process 26
   Velocity space box ((-8,24) (-1,31) (0,0)) is assigned to process 27
   Velocity space box ((0,24) (7,31) (0,0)) is assigned to process 28
   Velocity space box ((8,24) (15,31) (0,0)) is assigned to process 29
   Velocity space box ((16,24) (23,31) (0,0)) is assigned to process 30
   Velocity space box ((24,24) (31,31) (0,0)) is assigned to process 31
**** cellSp[0] = 0.0981748,  cellSp[1] = 0.0490874
**** dimensions = 64, 128
**** cellSp[0] = 0.0981748,  cellSp[1] = 0.0490874
**** dimensions = 64, 128
**** cellSp[0] = 0.0981748,  cellSp[1] = 0.0490874
**** dimensions = 64, 128
**** cellSp[0] = 0.0981748,  cellSp[1] = 0.0490874
**** dimensions = 64, 128
**** cellSp[0] = 0.0981748,  cellSp[1] = 0.0490874
**** dimensions = 64, 128
**** cellSp[0] = 0.0981748,  cellSp[1] = 0.0490874
**** dimensions = 64, 128
**** cellSp[0] = 0.0981748,  cellSp[1] = 0.0490874
**** dimensions = 64, 128
**** cellSp[0] = 0.0981748,  cellSp[1] = 0.0490874
**** dimensions = 64, 128
**** cellSp[0] = 0.0981748,  cellSp[1] = 0.0490874
**** dimensions = 64, 128
**** cellSp[0] = 0.0981748,  cellSp[1] = 0.0490874
**** dimensions = 64, 128
**** cellSp[0] = 0.0981748,  cellSp[1] = 0.0490874
**** dimensions = 64, 128
**** cellSp[0] = 0.0981748,  cellSp[1] = 0.0490874
**** dimensions = 64, 128
**** cellSp[0] = 0.0981748,  cellSp[1] = 0.0490874
**** dimensions = 64, 128
**** cellSp[0] = 0.0981748,  cellSp[1] = 0.0490874
**** dimensions = 64, 128
**** cellSp[0] = 0.0981748,  cellSp[1] = 0.0490874
**** dimensions = 64, 128
**** cellSp[0] = 0.0981748,  cellSp[1] = 0.0490874
**** dimensions = 64, 128
**** cellSp[0] = 0.0981748,  cellSp[1] = 0.0490874
**** dimensions = 64, 128
**** cellSp[0] = 0.0981748,  cellSp[1] = 0.0490874
**** dimensions = 64, 128
**** cellSp[0] = 0.0981748,  cellSp[1] = 0.0490874
**** dimensions = 64, 128
**** cellSp[0] = 0.0981748,  cellSp[1] = 0.0490874
**** dimensions = 64, 128
**** cellSp[0] = 0.0981748,  cellSp[1] = 0.0490874
**** dimensions = 64, 128
**** cellSp[0] = 0.0981748,  cellSp[1] = 0.0490874
**** dimensions = 64, 128
**** cellSp[0] = 0.0981748,  cellSp[1] = 0.0490874
**** dimensions = 64, 128
**** cellSp[0] = 0.0981748,  cellSp[1] = 0.0490874
**** dimensions = 64, 128
**** cellSp[0] = 0.0981748,  cellSp[1] = 0.0490874
**** dimensions = 64, 128
**** cellSp[0] = 0.0981748,  cellSp[1] = 0.0490874
**** dimensions = 64, 128
**** cellSp[0] = 0.0981748,  cellSp[1] = 0.0490874
**** dimensions = 64, 128
**** cellSp[0] = 0.0981748,  cellSp[1] = 0.0490874
**** dimensions = 64, 128
   Phase space box ((16,64,0,0) (23,79,31,31) (0,0,0,0)) is assigned to process 69, has 131072 valid cells and 483328 ghost cells
   Phase space box ((24,32,-32,0) (31,47,-1,31) (0,0,0,0)) is assigned to process 38, has 131072 valid cells and 483328 ghost cells
   Phase space box ((0,0,0,0) (7,15,31,31) (0,0,0,0)) is assigned to process 1, has 131072 valid cells and 483328 ghost cells
   Phase space box ((32,64,0,0) (39,79,31,31) (0,0,0,0)) is assigned to process 73, has 131072 valid cells and 483328 ghost cells
   Phase space box ((48,96,0,0) (55,111,31,31) (0,0,0,0)) is assigned to process 109, has 131072 valid cells and 483328 ghost cells
   Phase space box ((8,0,-32,0) (15,15,-1,31) (0,0,0,0)) is assigned to process 2, has 131072 valid cells and 483328 ghost cells
   Phase space box ((40,64,-32,0) (47,79,-1,31) (0,0,0,0)) is assigned to process 74, has 131072 valid cells and 483328 ghost cells
   Phase space box ((16,48,0,0) (23,63,31,31) (0,0,0,0)) is assigned to process 53, has 131072 valid cells and 483328 ghost cells
   Phase space box ((16,16,0,0) (23,31,31,31) (0,0,0,0)) is assigned to process 21, has 131072 valid cells and 483328 ghost cells
   Phase space box ((40,64,0,0) (47,79,31,31) (0,0,0,0)) is assigned to process 75, has 131072 valid cells and 483328 ghost cells
   Phase space box ((0,112,0,0) (7,127,31,31) (0,0,0,0)) is assigned to process 113, has 131072 valid cells and 483328 ghost cells
   Phase space box ((40,16,-32,0) (47,31,-1,31) (0,0,0,0)) is assigned to process 26, has 131072 valid cells and 483328 ghost cells
   Phase space box ((8,80,-32,0) (15,95,-1,31) (0,0,0,0)) is assigned to process 82, has 131072 valid cells and 483328 ghost cells
   Phase space box ((0,32,0,0) (7,47,31,31) (0,0,0,0)) is assigned to process 33, has 131072 valid cells and 483328 ghost cells
   Phase space box ((16,112,0,0) (23,127,31,31) (0,0,0,0)) is assigned to process 117, has 131072 valid cells and 483328 ghost cells
   Phase space box ((56,16,0,0) (63,31,31,31) (0,0,0,0)) is assigned to process 31, has 131072 valid cells and 483328 ghost cells
   Phase space box ((16,80,-32,0) (23,95,-1,31) (0,0,0,0)) is assigned to process 84, has 131072 valid cells and 483328 ghost cells
   Phase space box ((8,32,-32,0) (15,47,-1,31) (0,0,0,0)) is assigned to process 34, has 131072 valid cells and 483328 ghost cells
   Phase space box ((24,112,-32,0) (31,127,-1,31) (0,0,0,0)) is assigned to process 118, has 131072 valid cells and 483328 ghost cells
   Phase space box ((8,0,0,0) (15,15,31,31) (0,0,0,0)) is assigned to process 3, has 131072 valid cells and 483328 ghost cells
   Phase space box ((56,80,-32,0) (63,95,-1,31) (0,0,0,0)) is assigned to process 94, has 131072 valid cells and 483328 ghost cells
   Phase space box ((16,32,-32,0) (23,47,-1,31) (0,0,0,0)) is assigned to process 36, has 131072 valid cells and 483328 ghost cells
   Phase space box ((24,112,0,0) (31,127,31,31) (0,0,0,0)) is assigned to process 119, has 131072 valid cells and 483328 ghost cells
   Phase space box ((16,0,-32,0) (23,15,-1,31) (0,0,0,0)) is assigned to process 4, has 131072 valid cells and 483328 ghost cells
   Phase space box ((0,64,-32,0) (7,79,-1,31) (0,0,0,0)) is assigned to process 64, has 131072 valid cells and 483328 ghost cells
   Phase space box ((16,32,0,0) (23,47,31,31) (0,0,0,0)) is assigned to process 37, has 131072 valid cells and 483328 ghost cells
   Phase space box ((40,112,0,0) (47,127,31,31) (0,0,0,0)) is assigned to process 123, has 131072 valid cells and 483328 ghost cells
   Phase space box ((16,0,0,0) (23,15,31,31) (0,0,0,0)) is assigned to process 5, has 131072 valid cells and 483328 ghost cells
   Phase space box ((0,64,0,0) (7,79,31,31) (0,0,0,0)) is assigned to process 65, has 131072 valid cells and 483328 ghost cells
   Phase space box ((48,32,-32,0) (55,47,-1,31) (0,0,0,0)) is assigned to process 44, has 131072 valid cells and 483328 ghost cells
   Phase space box ((24,0,0,0) (31,15,31,31) (0,0,0,0)) is assigned to process 7, has 131072 valid cells and 483328 ghost cells
   Phase space box ((8,64,-32,0) (15,79,-1,31) (0,0,0,0)) is assigned to process 66, has 131072 valid cells and 483328 ghost cells
   Phase space box ((48,32,0,0) (55,47,31,31) (0,0,0,0)) is assigned to process 45, has 131072 valid cells and 483328 ghost cells
   Phase space box ((0,96,-32,0) (7,111,-1,31) (0,0,0,0)) is assigned to process 96, has 131072 valid cells and 483328 ghost cells
   Phase space box ((32,0,-32,0) (39,15,-1,31) (0,0,0,0)) is assigned to process 8, has 131072 valid cells and 483328 ghost cells
   Phase space box ((8,64,0,0) (15,79,31,31) (0,0,0,0)) is assigned to process 67, has 131072 valid cells and 483328 ghost cells
   Phase space box ((0,96,0,0) (7,111,31,31) (0,0,0,0)) is assigned to process 97, has 131072 valid cells and 483328 ghost cells
   Phase space box ((32,0,0,0) (39,15,31,31) (0,0,0,0)) is assigned to process 9, has 131072 valid cells and 483328 ghost cells
   Phase space box ((16,64,-32,0) (23,79,-1,31) (0,0,0,0)) is assigned to process 68, has 131072 valid cells and 483328 ghost cells
   Phase space box ((56,32,-32,0) (63,47,-1,31) (0,0,0,0)) is assigned to process 46, has 131072 valid cells and 483328 ghost cells
   Phase space box ((8,96,-32,0) (15,111,-1,31) (0,0,0,0)) is assigned to process 98, has 131072 valid cells and 483328 ghost cells
   Phase space box ((40,0,-32,0) (47,15,-1,31) (0,0,0,0)) is assigned to process 10, has 131072 valid cells and 483328 ghost cells
   Phase space box ((24,64,-32,0) (31,79,-1,31) (0,0,0,0)) is assigned to process 70, has 131072 valid cells and 483328 ghost cells
   Phase space box ((0,48,-32,0) (7,63,-1,31) (0,0,0,0)) is assigned to process 48, has 131072 valid cells and 483328 ghost cells
   Phase space box ((40,0,0,0) (47,15,31,31) (0,0,0,0)) is assigned to process 11, has 131072 valid cells and 483328 ghost cells
   Phase space box ((32,64,-32,0) (39,79,-1,31) (0,0,0,0)) is assigned to process 72, has 131072 valid cells and 483328 ghost cells
   Phase space box ((0,48,0,0) (7,63,31,31) (0,0,0,0)) is assigned to process 49, has 131072 valid cells and 483328 ghost cells
   Phase space box ((8,96,0,0) (15,111,31,31) (0,0,0,0)) is assigned to process 99, has 131072 valid cells and 483328 ghost cells
   Phase space box ((48,0,-32,0) (55,15,-1,31) (0,0,0,0)) is assigned to process 12, has 131072 valid cells and 483328 ghost cells
   Phase space box ((48,64,-32,0) (55,79,-1,31) (0,0,0,0)) is assigned to process 76, has 131072 valid cells and 483328 ghost cells
   Phase space box ((8,48,-32,0) (15,63,-1,31) (0,0,0,0)) is assigned to process 50, has 131072 valid cells and 483328 ghost cells
   Phase space box ((16,96,-32,0) (23,111,-1,31) (0,0,0,0)) is assigned to process 100, has 131072 valid cells and 483328 ghost cells
   Phase space box ((48,0,0,0) (55,15,31,31) (0,0,0,0)) is assigned to process 13, has 131072 valid cells and 483328 ghost cells
   Phase space box ((48,64,0,0) (55,79,31,31) (0,0,0,0)) is assigned to process 77, has 131072 valid cells and 483328 ghost cells
   Phase space box ((16,48,-32,0) (23,63,-1,31) (0,0,0,0)) is assigned to process 52, has 131072 valid cells and 483328 ghost cells
   Phase space box ((16,96,0,0) (23,111,31,31) (0,0,0,0)) is assigned to process 101, has 131072 valid cells and 483328 ghost cells
   Phase space box ((56,0,-32,0) (63,15,-1,31) (0,0,0,0)) is assigned to process 14, has 131072 valid cells and 483328 ghost cells
   Phase space box ((56,64,-32,0) (63,79,-1,31) (0,0,0,0)) is assigned to process 78, has 131072 valid cells and 483328 ghost cells
   Phase space box ((24,48,-32,0) (31,63,-1,31) (0,0,0,0)) is assigned to process 54, has 131072 valid cells and 483328 ghost cells
   Phase space box ((24,96,-32,0) (31,111,-1,31) (0,0,0,0)) is assigned to process 102, has 131072 valid cells and 483328 ghost cells
   Phase space box ((56,0,0,0) (63,15,31,31) (0,0,0,0)) is assigned to process 15, has 131072 valid cells and 483328 ghost cells
   Phase space box ((56,64,0,0) (63,79,31,31) (0,0,0,0)) is assigned to process 79, has 131072 valid cells and 483328 ghost cells
   Phase space box ((24,96,0,0) (31,111,31,31) (0,0,0,0)) is assigned to process 103, has 131072 valid cells and 483328 ghost cells
   Phase space box ((0,16,-32,0) (7,31,-1,31) (0,0,0,0)) is assigned to process 16, has 131072 valid cells and 483328 ghost cells
   Phase space box ((0,80,-32,0) (7,95,-1,31) (0,0,0,0)) is assigned to process 80, has 131072 valid cells and 483328 ghost cells
   Phase space box ((24,48,0,0) (31,63,31,31) (0,0,0,0)) is assigned to process 55, has 131072 valid cells and 483328 ghost cells
   Phase space box ((0,16,0,0) (7,31,31,31) (0,0,0,0)) is assigned to process 17, has 131072 valid cells and 483328 ghost cells
   Phase space box ((0,80,0,0) (7,95,31,31) (0,0,0,0)) is assigned to process 81, has 131072 valid cells and 483328 ghost cells
   Phase space box ((32,48,0,0) (39,63,31,31) (0,0,0,0)) is assigned to process 57, has 131072 valid cells and 483328 ghost cells
   Phase space box ((32,96,-32,0) (39,111,-1,31) (0,0,0,0)) is assigned to process 104, has 131072 valid cells and 483328 ghost cells
   Phase space box ((8,16,-32,0) (15,31,-1,31) (0,0,0,0)) is assigned to process 18, has 131072 valid cells and 483328 ghost cells
   Phase space box ((8,80,0,0) (15,95,31,31) (0,0,0,0)) is assigned to process 83, has 131072 valid cells and 483328 ghost cells
   Phase space box ((40,48,-32,0) (47,63,-1,31) (0,0,0,0)) is assigned to process 58, has 131072 valid cells and 483328 ghost cells
   Phase space box ((32,96,0,0) (39,111,31,31) (0,0,0,0)) is assigned to process 105, has 131072 valid cells and 483328 ghost cells
   Phase space box ((8,16,0,0) (15,31,31,31) (0,0,0,0)) is assigned to process 19, has 131072 valid cells and 483328 ghost cells
   Phase space box ((16,80,0,0) (23,95,31,31) (0,0,0,0)) is assigned to process 85, has 131072 valid cells and 483328 ghost cells
   Phase space box ((48,48,-32,0) (55,63,-1,31) (0,0,0,0)) is assigned to process 60, has 131072 valid cells and 483328 ghost cells
   Phase space box ((40,96,-32,0) (47,111,-1,31) (0,0,0,0)) is assigned to process 106, has 131072 valid cells and 483328 ghost cells
   Phase space box ((16,16,-32,0) (23,31,-1,31) (0,0,0,0)) is assigned to process 20, has 131072 valid cells and 483328 ghost cells
   Phase space box ((24,80,-32,0) (31,95,-1,31) (0,0,0,0)) is assigned to process 86, has 131072 valid cells and 483328 ghost cells
   Phase space box ((48,48,0,0) (55,63,31,31) (0,0,0,0)) is assigned to process 61, has 131072 valid cells and 483328 ghost cells
   Phase space box ((40,96,0,0) (47,111,31,31) (0,0,0,0)) is assigned to process 107, has 131072 valid cells and 483328 ghost cells
   Phase space box ((24,16,-32,0) (31,31,-1,31) (0,0,0,0)) is assigned to process 22, has 131072 valid cells and 483328 ghost cells
   Phase space box ((24,80,0,0) (31,95,31,31) (0,0,0,0)) is assigned to process 87, has 131072 valid cells and 483328 ghost cells
   Phase space box ((0,32,-32,0) (7,47,-1,31) (0,0,0,0)) is assigned to process 32, has 131072 valid cells and 483328 ghost cells
   Phase space box ((48,96,-32,0) (55,111,-1,31) (0,0,0,0)) is assigned to process 108, has 131072 valid cells and 483328 ghost cells
   Phase space box ((24,16,0,0) (31,31,31,31) (0,0,0,0)) is assigned to process 23, has 131072 valid cells and 483328 ghost cells
   Phase space box ((32,80,-32,0) (39,95,-1,31) (0,0,0,0)) is assigned to process 88, has 131072 valid cells and 483328 ghost cells
   Phase space box ((8,32,0,0) (15,47,31,31) (0,0,0,0)) is assigned to process 35, has 131072 valid cells and 483328 ghost cells
   Phase space box ((56,96,-32,0) (63,111,-1,31) (0,0,0,0)) is assigned to process 110, has 131072 valid cells and 483328 ghost cells
   Phase space box ((32,16,-32,0) (39,31,-1,31) (0,0,0,0)) is assigned to process 24, has 131072 valid cells and 483328 ghost cells
   Phase space box ((32,80,0,0) (39,95,31,31) (0,0,0,0)) is assigned to process 89, has 131072 valid cells and 483328 ghost cells
   Phase space box ((24,32,0,0) (31,47,31,31) (0,0,0,0)) is assigned to process 39, has 131072 valid cells and 483328 ghost cells
   Phase space box ((56,96,0,0) (63,111,31,31) (0,0,0,0)) is assigned to process 111, has 131072 valid cells and 483328 ghost cells
   Phase space box ((32,16,0,0) (39,31,31,31) (0,0,0,0)) is assigned to process 25, has 131072 valid cells and 483328 ghost cells
   Phase space box ((40,80,-32,0) (47,95,-1,31) (0,0,0,0)) is assigned to process 90, has 131072 valid cells and 483328 ghost cells
   Phase space box ((40,16,0,0) (47,31,31,31) (0,0,0,0)) is assigned to process 27, has 131072 valid cells and 483328 ghost cells
   Phase space box ((40,80,0,0) (47,95,31,31) (0,0,0,0)) is assigned to process 91, has 131072 valid cells and 483328 ghost cells
   Phase space box ((32,32,-32,0) (39,47,-1,31) (0,0,0,0)) is assigned to process 40, has 131072 valid cells and 483328 ghost cells
   Phase space box ((0,112,-32,0) (7,127,-1,31) (0,0,0,0)) is assigned to process 112, has 131072 valid cells and 483328 ghost cells
   Phase space box ((48,16,-32,0) (55,31,-1,31) (0,0,0,0)) is assigned to process 28, has 131072 valid cells and 483328 ghost cells
   Phase space box ((48,80,-32,0) (55,95,-1,31) (0,0,0,0)) is assigned to process 92, has 131072 valid cells and 483328 ghost cells
   Phase space box ((32,32,0,0) (39,47,31,31) (0,0,0,0)) is assigned to process 41, has 131072 valid cells and 483328 ghost cells
   Phase space box ((8,112,-32,0) (15,127,-1,31) (0,0,0,0)) is assigned to process 114, has 131072 valid cells and 483328 ghost cells
   Phase space box ((48,16,0,0) (55,31,31,31) (0,0,0,0)) is assigned to process 29, has 131072 valid cells and 483328 ghost cells
   Phase space box ((48,80,0,0) (55,95,31,31) (0,0,0,0)) is assigned to process 93, has 131072 valid cells and 483328 ghost cells
   Phase space box ((40,32,-32,0) (47,47,-1,31) (0,0,0,0)) is assigned to process 42, has 131072 valid cells and 483328 ghost cells
   Phase space box ((8,112,0,0) (15,127,31,31) (0,0,0,0)) is assigned to process 115, has 131072 valid cells and 483328 ghost cells
   Phase space box ((56,16,-32,0) (63,31,-1,31) (0,0,0,0)) is assigned to process 30, has 131072 valid cells and 483328 ghost cells
   Phase space box ((56,80,0,0) (63,95,31,31) (0,0,0,0)) is assigned to process 95, has 131072 valid cells and 483328 ghost cells
   Phase space box ((40,32,0,0) (47,47,31,31) (0,0,0,0)) is assigned to process 43, has 131072 valid cells and 483328 ghost cells
   Phase space box ((32,112,-32,0) (39,127,-1,31) (0,0,0,0)) is assigned to process 120, has 131072 valid cells and 483328 ghost cells
   Phase space box ((0,0,-32,0) (7,15,-1,31) (0,0,0,0)) is assigned to process 0, has 131072 valid cells and 483328 ghost cells
   Phase space box ((24,64,0,0) (31,79,31,31) (0,0,0,0)) is assigned to process 71, has 131072 valid cells and 483328 ghost cells
   Phase space box ((56,32,0,0) (63,47,31,31) (0,0,0,0)) is assigned to process 47, has 131072 valid cells and 483328 ghost cells
   Phase space box ((32,112,0,0) (39,127,31,31) (0,0,0,0)) is assigned to process 121, has 131072 valid cells and 483328 ghost cells
   Phase space box ((24,0,-32,0) (31,15,-1,31) (0,0,0,0)) is assigned to process 6, has 131072 valid cells and 483328 ghost cells
   Phase space box ((8,48,0,0) (15,63,31,31) (0,0,0,0)) is assigned to process 51, has 131072 valid cells and 483328 ghost cells
   Phase space box ((40,112,-32,0) (47,127,-1,31) (0,0,0,0)) is assigned to process 122, has 131072 valid cells and 483328 ghost cells
   Phase space box ((32,48,-32,0) (39,63,-1,31) (0,0,0,0)) is assigned to process 56, has 131072 valid cells and 483328 ghost cells
   Phase space box ((48,112,-32,0) (55,127,-1,31) (0,0,0,0)) is assigned to process 124, has 131072 valid cells and 483328 ghost cells
   Phase space box ((40,48,0,0) (47,63,31,31) (0,0,0,0)) is assigned to process 59, has 131072 valid cells and 483328 ghost cells
   Phase space box ((48,112,0,0) (55,127,31,31) (0,0,0,0)) is assigned to process 125, has 131072 valid cells and 483328 ghost cells
   Phase space box ((56,48,-32,0) (63,63,-1,31) (0,0,0,0)) is assigned to process 62, has 131072 valid cells and 483328 ghost cells
   Phase space box ((56,112,-32,0) (63,127,-1,31) (0,0,0,0)) is assigned to process 126, has 131072 valid cells and 483328 ghost cells
   Phase space box ((56,48,0,0) (63,63,31,31) (0,0,0,0)) is assigned to process 63, has 131072 valid cells and 483328 ghost cells
   Phase space box ((56,112,0,0) (63,127,31,31) (0,0,0,0)) is assigned to process 127, has 131072 valid cells and 483328 ghost cells
   Phase space box ((16,112,-32,0) (23,127,-1,31) (0,0,0,0)) is assigned to process 116, has 131072 valid cells and 483328 ghost cells
Adding species and constructing gyrocenter coordinates...
   hydrogen: kinetic species with mass = 2, charge = 1
Done adding species and constructing coordinates

Grid Function Library =========================

"Ion_vpar_grid_func":
Constant grid function parameters:
  value: 0

"N0_grid_func":
Arbitrary grid function parameters:
  function: (1.0+0.1*exp(-(x-pi)^2/(2*pi*0.001/0.02)))*(1+0.00001*cos(2*y))

"T0_grid_func":
Cosine grid function parameters:
  constant: 0.2
  amplitude: 0
  mode: (1,0)
  phase: (0,0)

"eN0_grid_func":
Arbitrary grid function parameters:
  function: (1.5-0.5*cos(x))*(1+0.001*cos(2*y))

"eT0_grid_func":
Cosine grid function parameters:
  constant: 0.2
  amplitude: 0
  mode: (1,0)
  phase: (0,0)

"ele_vpar_grid_func":
Constant grid function parameters:
  value: 0

"zero_grid_func":
Constant grid function parameters:
  value: 0

===============================================

Kinetic Function Library =========================

"maxwellian_electron_phase_func":
Maxwellian kinetic function parameters:
-- Density --
Arbitrary grid function parameters:
  function: (1.5-0.5*cos(x))*(1+0.001*cos(2*y))

-- Temperature --
Cosine grid function parameters:
  constant: 0.2
  amplitude: 0
  mode: (1,0)
  phase: (0,0)

-- Vparallel --
Constant grid function parameters:
  value: 0


"maxwellian_phase_func":
Maxwellian kinetic function parameters:
-- Density --
Arbitrary grid function parameters:
  function: (1.0+0.1*exp(-(x-pi)^2/(2*pi*0.001/0.02)))*(1+0.00001*cos(2*y))

-- Temperature --
Cosine grid function parameters:
  constant: 0.2
  amplitude: 0
  mode: (1,0)
  phase: (0,0)

-- Vparallel --
Constant grid function parameters:
  value: 0


==================================================

SlabPotentialBC ================================
- variable: potential-------------
  radial_lower: 
     bc_type  = 1
     bc_value = 0
  radial_upper: 
     bc_type  = 1
     bc_value = 0
  poloidal_lower: 
     bc_type  = 1
     bc_value = 0
  poloidal_upper: 
     bc_type  = 1
     bc_value = 0
-----------------------------------------------
===============================================

SlabPhaseBC ================================
- variable: hydrogen-------------
  radial_lower: 
Maxwellian kinetic function parameters:
-- Density --
Arbitrary grid function parameters:
  function: (1.0+0.1*exp(-(x-pi)^2/(2*pi*0.001/0.02)))*(1+0.00001*cos(2*y))

-- Temperature --
Cosine grid function parameters:
  constant: 0.2
  amplitude: 0
  mode: (1,0)
  phase: (0,0)

-- Vparallel --
Constant grid function parameters:
  value: 0


  radial_upper: 
Maxwellian kinetic function parameters:
-- Density --
Arbitrary grid function parameters:
  function: (1.0+0.1*exp(-(x-pi)^2/(2*pi*0.001/0.02)))*(1+0.00001*cos(2*y))

-- Temperature --
Cosine grid function parameters:
  constant: 0.2
  amplitude: 0
  mode: (1,0)
  phase: (0,0)

-- Vparallel --
Constant grid function parameters:
  value: 0


  poloidal_lower: 
Maxwellian kinetic function parameters:
-- Density --
Arbitrary grid function parameters:
  function: (1.0+0.1*exp(-(x-pi)^2/(2*pi*0.001/0.02)))*(1+0.00001*cos(2*y))

-- Temperature --
Cosine grid function parameters:
  constant: 0.2
  amplitude: 0
  mode: (1,0)
  phase: (0,0)

-- Vparallel --
Constant grid function parameters:
  value: 0


  poloidal_upper: 
Maxwellian kinetic function parameters:
-- Density --
Arbitrary grid function parameters:
  function: (1.0+0.1*exp(-(x-pi)^2/(2*pi*0.001/0.02)))*(1+0.00001*cos(2*y))

-- Temperature --
Cosine grid function parameters:
  constant: 0.2
  amplitude: 0
  mode: (1,0)
  phase: (0,0)

-- Vparallel --
Constant grid function parameters:
  value: 0


  vpar_lower: 
Maxwellian kinetic function parameters:
-- Density --
Arbitrary grid function parameters:
  function: (1.0+0.1*exp(-(x-pi)^2/(2*pi*0.001/0.02)))*(1+0.00001*cos(2*y))

-- Temperature --
Cosine grid function parameters:
  constant: 0.2
  amplitude: 0
  mode: (1,0)
  phase: (0,0)

-- Vparallel --
Constant grid function parameters:
  value: 0


  vpar_upper: 
Maxwellian kinetic function parameters:
-- Density --
Arbitrary grid function parameters:
  function: (1.0+0.1*exp(-(x-pi)^2/(2*pi*0.001/0.02)))*(1+0.00001*cos(2*y))

-- Temperature --
Cosine grid function parameters:
  constant: 0.2
  amplitude: 0
  mode: (1,0)
  phase: (0,0)

-- Vparallel --
Constant grid function parameters:
  value: 0


  mu_lower: 
Maxwellian kinetic function parameters:
-- Density --
Arbitrary grid function parameters:
  function: (1.0+0.1*exp(-(x-pi)^2/(2*pi*0.001/0.02)))*(1+0.00001*cos(2*y))

-- Temperature --
Cosine grid function parameters:
  constant: 0.2
  amplitude: 0
  mode: (1,0)
  phase: (0,0)

-- Vparallel --
Constant grid function parameters:
  value: 0


  mu_upper: 
Maxwellian kinetic function parameters:
-- Density --
Arbitrary grid function parameters:
  function: (1.0+0.1*exp(-(x-pi)^2/(2*pi*0.001/0.02)))*(1+0.00001*cos(2*y))

-- Temperature --
Cosine grid function parameters:
  constant: 0.2
  amplitude: 0
  mode: (1,0)
  phase: (0,0)

-- Vparallel --
Constant grid function parameters:
  value: 0


-----------------------------------------------
===============================================
No collision model specified for hydrogen.
Collision model for 0	hydrogen:	None
Time integration method: rk (4)
      AMG solver residual = 0.000960842 after 3 iterations
      AMG solver residual = 0.0078394 after 2 iterations
      AMG solver residual = 0.00168825 after 2 iterations
  Distribution Function Extrema:
    Species 0:	0.000178574 [max]	-7.38272e-37 [min]


Step 1
      AMG solver residual = 0.00152194 after 2 iterations
  --
  Subiteration:1 of 1
      AMG solver residual = 0.00944117 after 2 iterations
      AMG solver residual = 0.00474824 after 2 iterations
      AMG solver residual = 0.00694892 after 1 iterations
      AMG solver residual = 0.00926528 after 2 iterations
      AMG solver residual = 0.0061541 after 2 iterations
      AMG solver residual = 0.00400167 after 2 iterations
      AMG solver residual = 0.00950805 after 2 iterations
      AMG solver residual = 0.00469265 after 2 iterations
      AMG solver residual = 0.00750172 after 1 iterations
  ----
  dt: 0.05
    dt scales:  206.84 (Vlasov)  1.79769e+308 (Collisions)  
    CFL:  0.000241732 (Vlasov)  0 (Collisions)
  ----
  Distribution Function Extrema:
    Species 0:	0.000178574 [max]	-7.38272e-37 [min]

Step 1 completed, simulation time is 0.05
----

Step 2
      AMG solver residual = 0.00943427 after 2 iterations
      AMG solver residual = 0.00435819 after 2 iterations
  --
  Subiteration:1 of 1
      AMG solver residual = 0.00957133 after 2 iterations
      AMG solver residual = 0.00465423 after 2 iterations
      AMG solver residual = 0.00722741 after 1 iterations
      AMG solver residual = 0.00911442 after 2 iterations
      AMG solver residual = 0.00634945 after 2 iterations
      AMG solver residual = 0.0096319 after 2 iterations
      AMG solver residual = 0.00463081 after 2 iterations
      AMG solver residual = 0.00663556 after 1 iterations
  ----
  dt: 0.05
    dt scales:  141.696 (Vlasov)  1.79769e+308 (Collisions)  
    CFL:  0.000352868 (Vlasov)  0 (Collisions)
  ----
  Distribution Function Extrema:
    Species 0:	0.000178574 [max]	-7.38272e-37 [min]

Step 2 completed, simulation time is 0.1
----

Step 3
      AMG solver residual = 0.00954155 after 2 iterations
      AMG solver residual = 0.00439211 after 2 iterations
  --
  Subiteration:1 of 1
      AMG solver residual = 0.0096872 after 2 iterations
      AMG solver residual = 0.00462395 after 2 iterations
      AMG solver residual = 0.00717829 after 1 iterations
      AMG solver residual = 0.00900004 after 2 iterations
      AMG solver residual = 0.00645032 after 2 iterations
      AMG solver residual = 0.00973876 after 2 iterations
      AMG solver residual = 0.00463498 after 2 iterations
      AMG solver residual = 0.00655136 after 1 iterations
  ----
  dt: 0.05
    dt scales:  109.63 (Vlasov)  1.79769e+308 (Collisions)  
    CFL:  0.000456081 (Vlasov)  0 (Collisions)
  ----
  Distribution Function Extrema:
    Species 0:	0.000178574 [max]	-7.38272e-37 [min]

Step 3 completed, simulation time is 0.15
----

Step 4
      AMG solver residual = 0.00963703 after 2 iterations
      AMG solver residual = 0.00435896 after 2 iterations
  --
  Subiteration:1 of 1
      AMG solver residual = 0.00978332 after 2 iterations
      AMG solver residual = 0.00466184 after 2 iterations
      AMG solver residual = 0.007113 after 1 iterations
      AMG solver residual = 0.0089367 after 2 iterations
      AMG solver residual = 0.0064361 after 2 iterations
      AMG solver residual = 0.0098228 after 2 iterations
      AMG solver residual = 0.0047107 after 2 iterations
      AMG solver residual = 0.00651572 after 1 iterations
  ----
  dt: 0.05
    dt scales:  91.0947 (Vlasov)  1.79769e+308 (Collisions)  
    CFL:  0.00054888 (Vlasov)  0 (Collisions)
  ----
  Distribution Function Extrema:
    Species 0:	0.000178574 [max]	-7.38272e-37 [min]

Step 4 completed, simulation time is 0.2
----

Step 5
      AMG solver residual = 0.00971622 after 2 iterations
      AMG solver residual = 0.00423908 after 2 iterations
  --
  Subiteration:1 of 1
      AMG solver residual = 0.00985342 after 2 iterations
      AMG solver residual = 0.00477338 after 2 iterations
      AMG solver residual = 0.00702969 after 1 iterations
      AMG solver residual = 0.00892713 after 2 iterations
      AMG solver residual = 0.00631912 after 2 iterations
      AMG solver residual = 0.00987731 after 2 iterations
      AMG solver residual = 0.004861 after 2 iterations
      AMG solver residual = 0.00654423 after 1 iterations
  ----
  dt: 0.05
    dt scales:  79.4886 (Vlasov)  1.79769e+308 (Collisions)  
    CFL:  0.000629021 (Vlasov)  0 (Collisions)
  ----
  Distribution Function Extrema:
    Species 0:	0.000178574 [max]	-7.38271e-37 [min]

Step 5 completed, simulation time is 0.25
----

Step 6
      AMG solver residual = 0.00977596 after 2 iterations
      AMG solver residual = 0.00413265 after 2 iterations
  --
  Subiteration:1 of 1
      AMG solver residual = 0.00989043 after 2 iterations
      AMG solver residual = 0.00495976 after 2 iterations
      AMG solver residual = 0.0069762 after 1 iterations
      AMG solver residual = 0.00896437 after 2 iterations
      AMG solver residual = 0.00611428 after 2 iterations
      AMG solver residual = 0.00989507 after 2 iterations
      AMG solver residual = 0.0050839 after 2 iterations
      AMG solver residual = 0.00666954 after 1 iterations
  ----
  dt: 0.05
    dt scales:  71.9869 (Vlasov)  1.79769e+308 (Collisions)  
    CFL:  0.000694571 (Vlasov)  0 (Collisions)
  ----
  Distribution Function Extrema:
    Species 0:	0.000178574 [max]	-7.3827e-37 [min]

Step 6 completed, simulation time is 0.3
----

Step 7
      AMG solver residual = 0.00980632 after 2 iterations
      AMG solver residual = 0.00387121 after 2 iterations
  --
  Subiteration:1 of 1
      AMG solver residual = 0.00988733 after 2 iterations
      AMG solver residual = 0.00521538 after 2 iterations
      AMG solver residual = 0.00701027 after 1 iterations
      AMG solver residual = 0.00903719 after 2 iterations
      AMG solver residual = 0.00587107 after 2 iterations
      AMG solver residual = 0.00986973 after 2 iterations
      AMG solver residual = 0.00536988 after 2 iterations
      AMG solver residual = 0.00692512 after 1 iterations
  ----
  dt: 0.05
    dt scales:  67.2094 (Vlasov)  1.79769e+308 (Collisions)  
    CFL:  0.000743944 (Vlasov)  0 (Collisions)
  ----
  Distribution Function Extrema:
    Species 0:	0.000178574 [max]	-7.3827e-37 [min]

Step 7 completed, simulation time is 0.35
----

Step 8
      AMG solver residual = 0.0098028 after 2 iterations
      AMG solver residual = 0.00346321 after 2 iterations
  --
  Subiteration:1 of 1
      AMG solver residual = 0.0098391 after 2 iterations
      AMG solver residual = 0.00552558 after 2 iterations
      AMG solver residual = 0.00718112 after 1 iterations
      AMG solver residual = 0.00913366 after 2 iterations
      AMG solver residual = 0.00560321 after 2 iterations
      AMG solver residual = 0.00979845 after 2 iterations
      AMG solver residual = 0.00569899 after 2 iterations
      AMG solver residual = 0.00732595 after 1 iterations
  ----
  dt: 0.05
    dt scales:  64.4375 (Vlasov)  1.79769e+308 (Collisions)  
    CFL:  0.000775946 (Vlasov)  0 (Collisions)
  ----
  Distribution Function Extrema:
    Species 0:	0.000178574 [max]	-7.38269e-37 [min]

Step 8 completed, simulation time is 0.4
----

Step 9
      AMG solver residual = 0.00975697 after 2 iterations
      AMG solver residual = 0.00295754 after 2 iterations
  --
  Subiteration:1 of 1
      AMG solver residual = 0.00974587 after 2 iterations
      AMG solver residual = 0.00586554 after 2 iterations
      AMG solver residual = 0.00753783 after 1 iterations
      AMG solver residual = 0.00924348 after 2 iterations
      AMG solver residual = 0.00534042 after 2 iterations
      AMG solver residual = 0.00968526 after 2 iterations
      AMG solver residual = 0.00604 after 2 iterations
      AMG solver residual = 0.00787244 after 1 iterations
  ----
  dt: 0.05
    dt scales:  63.307 (Vlasov)  1.79769e+308 (Collisions)  
    CFL:  0.000789802 (Vlasov)  0 (Collisions)
  ----
  Distribution Function Extrema:
    Species 0:	0.000178574 [max]	-7.38268e-37 [min]

Step 9 completed, simulation time is 0.45
----

Step 10
      AMG solver residual = 0.00966694 after 2 iterations
      AMG solver residual = 0.00297248 after 2 iterations
  --
  Subiteration:1 of 1
      AMG solver residual = 0.00961616 after 2 iterations
      AMG solver residual = 0.0061987 after 2 iterations
      AMG solver residual = 0.00809323 after 1 iterations
      AMG solver residual = 0.00935832 after 2 iterations
      AMG solver residual = 0.0051151 after 2 iterations
      AMG solver residual = 0.00673499 after 2 iterations
      AMG solver residual = 0.00954352 after 2 iterations
      AMG solver residual = 0.0063539 after 2 iterations
      AMG solver residual = 0.00118417 after 2 iterations
  ----
  dt: 0.05
    dt scales:  63.6801 (Vlasov)  1.79769e+308 (Collisions)  
    CFL:  0.000785174 (Vlasov)  0 (Collisions)
  ----
  Distribution Function Extrema:
    Species 0:	0.000178574 [max]	-7.38267e-37 [min]

Step 10 completed, simulation time is 0.5
----
Writing checkpoint file
Writing history file

Step 11
      AMG solver residual = 0.00954883 after 2 iterations
      AMG solver residual = 0.00324678 after 2 iterations
  --
  Subiteration:1 of 1
      AMG solver residual = 0.00946782 after 2 iterations
      AMG solver residual = 0.00648075 after 2 iterations
      AMG solver residual = 0.00861919 after 1 iterations
      AMG solver residual = 0.00947128 after 2 iterations
      AMG solver residual = 0.00492511 after 2 iterations
      AMG solver residual = 0.00606245 after 2 iterations
      AMG solver residual = 0.00939464 after 2 iterations
      AMG solver residual = 0.0065973 after 2 iterations
      AMG solver residual = 0.0011138 after 2 iterations
  ----
  dt: 0.05
    dt scales:  65.6019 (Vlasov)  1.79769e+308 (Collisions)  
    CFL:  0.000762173 (Vlasov)  0 (Collisions)
  ----
  Distribution Function Extrema:
    Species 0:	0.000178574 [max]	-7.38267e-37 [min]

Step 11 completed, simulation time is 0.55
----

Step 12
      AMG solver residual = 0.00939443 after 2 iterations
      AMG solver residual = 0.00394499 after 2 iterations
  --
  Subiteration:1 of 1
      AMG solver residual = 0.00932439 after 2 iterations
      AMG solver residual = 0.00667691 after 2 iterations
      AMG solver residual = 0.00900573 after 1 iterations
      AMG solver residual = 0.00957614 after 2 iterations
      AMG solver residual = 0.00477631 after 2 iterations
      AMG solver residual = 0.00634493 after 2 iterations
      AMG solver residual = 0.00637833 after 2 iterations
      AMG solver residual = 0.0092626 after 2 iterations
      AMG solver residual = 0.0067376 after 2 iterations
      AMG solver residual = 0.00931463 after 1 iterations
  ----
  dt: 0.05
    dt scales:  68.289 (Vlasov)  1.79769e+308 (Collisions)  
    CFL:  0.000732183 (Vlasov)  0 (Collisions)
  ----
  Distribution Function Extrema:
    Species 0:	0.000178574 [max]	-7.38266e-37 [min]

Step 12 completed, simulation time is 0.6
----

Step 13
      AMG solver residual = 0.00922701 after 2 iterations
      AMG solver residual = 0.00355332 after 2 iterations
  --
  Subiteration:1 of 1
      AMG solver residual = 0.00920799 after 2 iterations
      AMG solver residual = 0.00676331 after 2 iterations
      AMG solver residual = 0.000950273 after 2 iterations
      AMG solver residual = 0.0096688 after 2 iterations
      AMG solver residual = 0.00469026 after 2 iterations
      AMG solver residual = 0.0091662 after 2 iterations
      AMG solver residual = 0.00675962 after 2 iterations
      AMG solver residual = 0.000994114 after 2 iterations
  ----
  dt: 0.05
    dt scales:  67.5473 (Vlasov)  1.79769e+308 (Collisions)  
    CFL:  0.000740222 (Vlasov)  0 (Collisions)
  ----
  Distribution Function Extrema:
    Species 0:	0.000178574 [max]	-7.38265e-37 [min]

Step 13 completed, simulation time is 0.65
----

Step 14
      AMG solver residual = 0.00909059 after 2 iterations
      AMG solver residual = 0.00500502 after 2 iterations
  --
  Subiteration:1 of 1
      AMG solver residual = 0.00913353 after 2 iterations
      AMG solver residual = 0.00672741 after 2 iterations
      AMG solver residual = 0.0095366 after 1 iterations
      AMG solver residual = 0.00974411 after 2 iterations
      AMG solver residual = 0.0046576 after 2 iterations
      AMG solver residual = 0.0061276 after 2 iterations
      AMG solver residual = 0.00911466 after 2 iterations
      AMG solver residual = 0.00667392 after 2 iterations
      AMG solver residual = 0.000944888 after 2 iterations
  ----
  dt: 0.05
    dt scales:  68.5201 (Vlasov)  1.79769e+308 (Collisions)  
    CFL:  0.000729713 (Vlasov)  0 (Collisions)
  ----
  Distribution Function Extrema:
    Species 0:	0.000178574 [max]	-7.38266e-37 [min]

Step 14 completed, simulation time is 0.7
----

Step 15
      AMG solver residual = 0.00899116 after 2 iterations
      AMG solver residual = 0.00454758 after 2 iterations
  --
  Subiteration:1 of 1
      AMG solver residual = 0.00910459 after 2 iterations
      AMG solver residual = 0.00659447 after 2 iterations
      AMG solver residual = 0.000947078 after 2 iterations
      AMG solver residual = 0.00979608 after 2 iterations
      AMG solver residual = 0.00469615 after 2 iterations
      AMG solver residual = 0.00143555 after 2 iterations
      AMG solver residual = 0.00910744 after 2 iterations
      AMG solver residual = 0.00649958 after 2 iterations
      AMG solver residual = 0.00963552 after 1 iterations
  ----
  dt: 0.05
    dt scales:  71.3374 (Vlasov)  1.79769e+308 (Collisions)  
    CFL:  0.000700895 (Vlasov)  0 (Collisions)
  ----
  Distribution Function Extrema:
    Species 0:	0.000178574 [max]	-7.38266e-37 [min]

Step 15 completed, simulation time is 0.75
----

Step 16
      AMG solver residual = 0.00895186 after 2 iterations
      AMG solver residual = 0.00400875 after 2 iterations
  --
  Subiteration:1 of 1
      AMG solver residual = 0.00911711 after 2 iterations
      AMG solver residual = 0.00638874 after 2 iterations
      AMG solver residual = 0.00998605 after 1 iterations
      AMG solver residual = 0.00981788 after 2 iterations
      AMG solver residual = 0.00480484 after 2 iterations
      AMG solver residual = 0.00664086 after 1 iterations
      AMG solver residual = 0.00913753 after 2 iterations
      AMG solver residual = 0.00626784 after 2 iterations
      AMG solver residual = 0.00957955 after 1 iterations
  ----
  dt: 0.05
    dt scales:  70.0454 (Vlasov)  1.79769e+308 (Collisions)  
    CFL:  0.000713823 (Vlasov)  0 (Collisions)
  ----
  Distribution Function Extrema:
    Species 0:	0.000178574 [max]	-7.38267e-37 [min]

Step 16 completed, simulation time is 0.8
----

Step 17
      AMG solver residual = 0.00896483 after 2 iterations
      AMG solver residual = 0.00471923 after 2 iterations
  --
  Subiteration:1 of 1
      AMG solver residual = 0.00916234 after 2 iterations
      AMG solver residual = 0.00613831 after 2 iterations
      AMG solver residual = 0.00886572 after 1 iterations
      AMG solver residual = 0.00980248 after 2 iterations
      AMG solver residual = 0.00500266 after 2 iterations
      AMG solver residual = 0.00630986 after 2 iterations
      AMG solver residual = 0.00919525 after 2 iterations
      AMG solver residual = 0.00600611 after 2 iterations
      AMG solver residual = 0.00869644 after 1 iterations
  ----
  dt: 0.05
    dt scales:  68.6816 (Vlasov)  1.79769e+308 (Collisions)  
    CFL:  0.000727997 (Vlasov)  0 (Collisions)
  ----
  Distribution Function Extrema:
    Species 0:	0.000178574 [max]	-7.38268e-37 [min]

Step 17 completed, simulation time is 0.85
----

Step 18
      AMG solver residual = 0.00900717 after 2 iterations
      AMG solver residual = 0.00371057 after 2 iterations
      AMG solver residual = 0.00407997 after 2 iterations
  --
  Subiteration:1 of 1
      AMG solver residual = 0.00923028 after 2 iterations
      AMG solver residual = 0.00587144 after 2 iterations
      AMG solver residual = 0.0084115 after 1 iterations
      AMG solver residual = 0.00974521 after 2 iterations
      AMG solver residual = 0.00525185 after 2 iterations
      AMG solver residual = 0.00700169 after 2 iterations
      AMG solver residual = 0.00705103 after 2 iterations
      AMG solver residual = 0.00927102 after 2 iterations
      AMG solver residual = 0.00573641 after 2 iterations
      AMG solver residual = 0.00838022 after 1 iterations
  ----
  dt: 0.05
    dt scales:  67.6722 (Vlasov)  1.79769e+308 (Collisions)  
    CFL:  0.000738856 (Vlasov)  0 (Collisions)
  ----
  Distribution Function Extrema:
    Species 0:	0.000178574 [max]	-7.38268e-37 [min]

Step 18 completed, simulation time is 0.9
----

Step 19
      AMG solver residual = 0.00909229 after 2 iterations
      AMG solver residual = 0.00322914 after 2 iterations
  --
  Subiteration:1 of 1
      AMG solver residual = 0.00931197 after 2 iterations
      AMG solver residual = 0.00560608 after 2 iterations
      AMG solver residual = 0.00832909 after 1 iterations
      AMG solver residual = 0.00964525 after 2 iterations
      AMG solver residual = 0.00555351 after 2 iterations
      AMG solver residual = 0.00695327 after 2 iterations
      AMG solver residual = 0.0093565 after 2 iterations
      AMG solver residual = 0.00547745 after 2 iterations
      AMG solver residual = 0.00795833 after 1 iterations
  ----
  dt: 0.05
    dt scales:  67.0263 (Vlasov)  1.79769e+308 (Collisions)  
    CFL:  0.000745976 (Vlasov)  0 (Collisions)
  ----
  Distribution Function Extrema:
    Species 0:	0.000178574 [max]	-7.38269e-37 [min]

Step 19 completed, simulation time is 0.95
----

Step 20
      AMG solver residual = 0.00919075 after 2 iterations
      AMG solver residual = 0.00300314 after 2 iterations
      AMG solver residual = 0.00330409 after 2 iterations
  --
  Subiteration:1 of 1
      AMG solver residual = 0.00939977 after 2 iterations
      AMG solver residual = 0.00535922 after 2 iterations
      AMG solver residual = 0.00838622 after 1 iterations
      AMG solver residual = 0.00950957 after 2 iterations
      AMG solver residual = 0.00586173 after 2 iterations
      AMG solver residual = 0.0030044 after 2 iterations
      AMG solver residual = 0.00944483 after 2 iterations
      AMG solver residual = 0.00524109 after 2 iterations
      AMG solver residual = 0.00842627 after 1 iterations
  ----
  dt: 0.05
    dt scales:  66.7669 (Vlasov)  1.79769e+308 (Collisions)  
    CFL:  0.000748874 (Vlasov)  0 (Collisions)
  ----
  Distribution Function Extrema:
    Species 0:	0.000178574 [max]	-7.38269e-37 [min]

Step 20 completed, simulation time is 1
----
Writing checkpoint file
Writing history file

Step 21
      AMG solver residual = 0.00930143 after 2 iterations
      AMG solver residual = 0.00449531 after 2 iterations
  --
  Subiteration:1 of 1
      AMG solver residual = 0.00948772 after 2 iterations
      AMG solver residual = 0.00513413 after 2 iterations
      AMG solver residual = 0.0074874 after 1 iterations
      AMG solver residual = 0.00935456 after 2 iterations
      AMG solver residual = 0.00617216 after 2 iterations
      AMG solver residual = 0.00653242 after 1 iterations
      AMG solver residual = 0.00953024 after 2 iterations
      AMG solver residual = 0.00503968 after 2 iterations
      AMG solver residual = 0.00828568 after 1 iterations
  ----
  dt: 0.05
    dt scales:  66.8946 (Vlasov)  1.79769e+308 (Collisions)  
    CFL:  0.000747444 (Vlasov)  0 (Collisions)
  ----
  Distribution Function Extrema:
    Species 0:	0.000178574 [max]	-7.3827e-37 [min]

Step 21 completed, simulation time is 1.05
----

Step 22
      AMG solver residual = 0.00941 after 2 iterations
      AMG solver residual = 0.00435674 after 2 iterations
  --
  Subiteration:1 of 1
      AMG solver residual = 0.00956994 after 2 iterations
      AMG solver residual = 0.00495288 after 2 iterations
      AMG solver residual = 0.00715705 after 1 iterations
      AMG solver residual = 0.00920388 after 2 iterations
      AMG solver residual = 0.00640687 after 2 iterations
      AMG solver residual = 0.00192764 after 2 iterations
      AMG solver residual = 0.00960753 after 2 iterations
      AMG solver residual = 0.00488149 after 2 iterations
      AMG solver residual = 0.00796593 after 1 iterations
  ----
  dt: 0.05
    dt scales:  67.4164 (Vlasov)  1.79769e+308 (Collisions)  
    CFL:  0.00074166 (Vlasov)  0 (Collisions)
  ----
  Distribution Function Extrema:
    Species 0:	0.000178574 [max]	-7.3827e-37 [min]

Step 22 completed, simulation time is 1.1
----

Step 23
      AMG solver residual = 0.009515 after 2 iterations
      AMG solver residual = 0.00431047 after 2 iterations
  --
  Subiteration:1 of 1
      AMG solver residual = 0.00964151 after 2 iterations
      AMG solver residual = 0.00481962 after 2 iterations
      AMG solver residual = 0.00695859 after 1 iterations
      AMG solver residual = 0.00908156 after 2 iterations
      AMG solver residual = 0.00654277 after 2 iterations
      AMG solver residual = 0.00359077 after 2 iterations
      AMG solver residual = 0.00967155 after 2 iterations
      AMG solver residual = 0.00477575 after 2 iterations
      AMG solver residual = 0.00765862 after 1 iterations
  ----
  dt: 0.05
    dt scales:  68.3451 (Vlasov)  1.79769e+308 (Collisions)  
    CFL:  0.000731581 (Vlasov)  0 (Collisions)
  ----
  Distribution Function Extrema:
    Species 0:	0.000178574 [max]	-7.3827e-37 [min]

Step 23 completed, simulation time is 1.15
----

Step 24
      AMG solver residual = 0.00961175 after 2 iterations
      AMG solver residual = 0.00431889 after 2 iterations
  --
  Subiteration:1 of 1
      AMG solver residual = 0.00969715 after 2 iterations
      AMG solver residual = 0.00474319 after 2 iterations
      AMG solver residual = 0.00685982 after 1 iterations
      AMG solver residual = 0.00900464 after 2 iterations
      AMG solver residual = 0.00656923 after 2 iterations
      AMG solver residual = 0.00434669 after 2 iterations
      AMG solver residual = 0.00971679 after 2 iterations
      AMG solver residual = 0.00473117 after 2 iterations
      AMG solver residual = 0.0074064 after 1 iterations
  ----
  dt: 0.05
    dt scales:  69.7007 (Vlasov)  1.79769e+308 (Collisions)  
    CFL:  0.000717353 (Vlasov)  0 (Collisions)
  ----
  Distribution Function Extrema:
    Species 0:	0.000178574 [max]	-7.38271e-37 [min]

Step 24 completed, simulation time is 1.2
----

Step 25
      AMG solver residual = 0.00969387 after 2 iterations
      AMG solver residual = 0.00436883 after 2 iterations
  --
  Subiteration:1 of 1
      AMG solver residual = 0.00973108 after 2 iterations
      AMG solver residual = 0.00473195 after 2 iterations
      AMG solver residual = 0.0068568 after 1 iterations
      AMG solver residual = 0.0089788 after 2 iterations
      AMG solver residual = 0.0064905 after 2 iterations
      AMG solver residual = 0.00973724 after 2 iterations
      AMG solver residual = 0.00475569 after 2 iterations
      AMG solver residual = 0.00648172 after 1 iterations
  ----
  dt: 0.05
    dt scales:  71.4838 (Vlasov)  1.79769e+308 (Collisions)  
    CFL:  0.000699459 (Vlasov)  0 (Collisions)
  ----
  Distribution Function Extrema:
    Species 0:	0.000178574 [max]	-7.38271e-37 [min]

Step 25 completed, simulation time is 1.25
----

Step 26
      AMG solver residual = 0.0097599 after 2 iterations
      AMG solver residual = 0.00414109 after 2 iterations
  --
  Subiteration:1 of 1
      AMG solver residual = 0.00973707 after 2 iterations
      AMG solver residual = 0.00479304 after 2 iterations
      AMG solver residual = 0.00693928 after 1 iterations
      AMG solver residual = 0.00899984 after 2 iterations
      AMG solver residual = 0.00632296 after 2 iterations
      AMG solver residual = 0.00972657 after 2 iterations
      AMG solver residual = 0.00485436 after 2 iterations
      AMG solver residual = 0.00652246 after 1 iterations
  ----
  dt: 0.05
    dt scales:  72.0164 (Vlasov)  1.79769e+308 (Collisions)  
    CFL:  0.000694287 (Vlasov)  0 (Collisions)
  ----
  Distribution Function Extrema:
    Species 0:	0.000178574 [max]	-7.38271e-37 [min]

Step 26 completed, simulation time is 1.3
----

Step 27
      AMG solver residual = 0.00979889 after 2 iterations
      AMG solver residual = 0.00424721 after 2 iterations
  --
  Subiteration:1 of 1
      AMG solver residual = 0.00970894 after 2 iterations
      AMG solver residual = 0.00492875 after 2 iterations
      AMG solver residual = 0.00711322 after 1 iterations
      AMG solver residual = 0.00905786 after 2 iterations
      AMG solver residual = 0.00609833 after 2 iterations
      AMG solver residual = 0.00967911 after 2 iterations
      AMG solver residual = 0.00502691 after 2 iterations
      AMG solver residual = 0.00666846 after 1 iterations
  ----
  dt: 0.05
    dt scales:  69.2478 (Vlasov)  1.79769e+308 (Collisions)  
    CFL:  0.000722045 (Vlasov)  0 (Collisions)
  ----
  Distribution Function Extrema:
    Species 0:	0.000178574 [max]	-7.38271e-37 [min]

Step 27 completed, simulation time is 1.35
----

Step 28
      AMG solver residual = 0.00980328 after 2 iterations
      AMG solver residual = 0.00417292 after 2 iterations
  --
  Subiteration:1 of 1
      AMG solver residual = 0.009642 after 2 iterations
      AMG solver residual = 0.00513583 after 2 iterations
      AMG solver residual = 0.00725293 after 1 iterations
      AMG solver residual = 0.00914151 after 2 iterations
      AMG solver residual = 0.00584359 after 2 iterations
      AMG solver residual = 0.00959184 after 2 iterations
      AMG solver residual = 0.00526515 after 2 iterations
      AMG solver residual = 0.00692006 after 1 iterations
  ----
  dt: 0.05
    dt scales:  67.3474 (Vlasov)  1.79769e+308 (Collisions)  
    CFL:  0.000742419 (Vlasov)  0 (Collisions)
  ----
  Distribution Function Extrema:
    Species 0:	0.000178574 [max]	-7.38271e-37 [min]

Step 28 completed, simulation time is 1.4
----

Step 29
      AMG solver residual = 0.00977056 after 2 iterations
      AMG solver residual = 0.00385482 after 2 iterations
  --
  Subiteration:1 of 1
      AMG solver residual = 0.00953553 after 2 iterations
      AMG solver residual = 0.00540065 after 2 iterations
      AMG solver residual = 0.00733187 after 1 iterations
      AMG solver residual = 0.00924023 after 2 iterations
      AMG solver residual = 0.00557361 after 2 iterations
      AMG solver residual = 0.00946717 after 2 iterations
      AMG solver residual = 0.00554921 after 2 iterations
      AMG solver residual = 0.00728093 after 1 iterations
  ----
  dt: 0.05
    dt scales:  66.3135 (Vlasov)  1.79769e+308 (Collisions)  
    CFL:  0.000753994 (Vlasov)  0 (Collisions)
  ----
  Distribution Function Extrema:
    Species 0:	0.000178574 [max]	-7.38271e-37 [min]

Step 29 completed, simulation time is 1.45
----

Step 30
      AMG solver residual = 0.00969203 after 2 iterations
      AMG solver residual = 0.00331287 after 2 iterations
  --
  Subiteration:1 of 1
      AMG solver residual = 0.00939568 after 2 iterations
      AMG solver residual = 0.00569781 after 2 iterations
      AMG solver residual = 0.00748872 after 1 iterations
      AMG solver residual = 0.00934554 after 2 iterations
      AMG solver residual = 0.00531303 after 2 iterations
      AMG solver residual = 0.00931561 after 2 iterations
      AMG solver residual = 0.00584693 after 2 iterations
      AMG solver residual = 0.00775753 after 1 iterations
  ----
  dt: 0.05
    dt scales:  66.7474 (Vlasov)  1.79769e+308 (Collisions)  
    CFL:  0.000749093 (Vlasov)  0 (Collisions)
  ----
  Distribution Function Extrema:
    Species 0:	0.000178574 [max]	-7.38271e-37 [min]

Step 30 completed, simulation time is 1.5
----
Writing checkpoint file
Writing history file

Step 31
      AMG solver residual = 0.00956911 after 2 iterations
      AMG solver residual = 0.00315436 after 2 iterations
  --
  Subiteration:1 of 1
      AMG solver residual = 0.0092374 after 2 iterations
      AMG solver residual = 0.0059884 after 2 iterations
      AMG solver residual = 0.00797396 after 1 iterations
      AMG solver residual = 0.00945089 after 2 iterations
      AMG solver residual = 0.00507992 after 2 iterations
      AMG solver residual = 0.00915627 after 2 iterations
      AMG solver residual = 0.00611723 after 2 iterations
      AMG solver residual = 0.00841015 after 1 iterations
  ----
  dt: 0.05
    dt scales:  63.5037 (Vlasov)  1.79769e+308 (Collisions)  
    CFL:  0.000787355 (Vlasov)  0 (Collisions)
  ----
  Distribution Function Extrema:
    Species 0:	0.000178574 [max]	-7.38271e-37 [min]

Step 31 completed, simulation time is 1.55
----

Step 32
      AMG solver residual = 0.00942054 after 2 iterations
      AMG solver residual = 0.00362625 after 2 iterations
  --
  Subiteration:1 of 1
      AMG solver residual = 0.00908314 after 2 iterations
      AMG solver residual = 0.00622899 after 2 iterations
      AMG solver residual = 0.0084357 after 1 iterations
      AMG solver residual = 0.00955082 after 2 iterations
      AMG solver residual = 0.00490804 after 2 iterations
      AMG solver residual = 0.00901333 after 2 iterations
      AMG solver residual = 0.00631822 after 2 iterations
      AMG solver residual = 0.00879121 after 1 iterations
  ----
  dt: 0.05
    dt scales:  61.333 (Vlasov)  1.79769e+308 (Collisions)  
    CFL:  0.000815221 (Vlasov)  0 (Collisions)
  ----
  Distribution Function Extrema:
    Species 0:	0.000178574 [max]	-7.38271e-37 [min]

Step 32 completed, simulation time is 1.6
----

Step 33
      AMG solver residual = 0.00926244 after 2 iterations
      AMG solver residual = 0.00353801 after 2 iterations
  --
  Subiteration:1 of 1
      AMG solver residual = 0.00895684 after 2 iterations
      AMG solver residual = 0.00638315 after 2 iterations
      AMG solver residual = 0.00899953 after 1 iterations
      AMG solver residual = 0.00964023 after 2 iterations
      AMG solver residual = 0.00479109 after 2 iterations
      AMG solver residual = 0.00890876 after 2 iterations
      AMG solver residual = 0.00641918 after 2 iterations
      AMG solver residual = 0.00939685 after 1 iterations
  ----
  dt: 0.05
    dt scales:  60.5133 (Vlasov)  1.79769e+308 (Collisions)  
    CFL:  0.000826264 (Vlasov)  0 (Collisions)
  ----
  Distribution Function Extrema:
    Species 0:	0.000178574 [max]	-7.38271e-37 [min]

Step 33 completed, simulation time is 1.65
----

Step 34
      AMG solver residual = 0.00912248 after 2 iterations
      AMG solver residual = 0.00433494 after 2 iterations
  --
  Subiteration:1 of 1
      AMG solver residual = 0.00887676 after 2 iterations
      AMG solver residual = 0.0064295 after 2 iterations
      AMG solver residual = 0.00918622 after 1 iterations
      AMG solver residual = 0.00971384 after 2 iterations
      AMG solver residual = 0.00472649 after 2 iterations
      AMG solver residual = 0.00351372 after 2 iterations
      AMG solver residual = 0.00885549 after 2 iterations
      AMG solver residual = 0.00641259 after 2 iterations
      AMG solver residual = 0.00941204 after 1 iterations
  ----
  dt: 0.05
    dt scales:  61.0212 (Vlasov)  1.79769e+308 (Collisions)  
    CFL:  0.000819388 (Vlasov)  0 (Collisions)
  ----
  Distribution Function Extrema:
    Species 0:	0.000178574 [max]	-7.38272e-37 [min]

Step 34 completed, simulation time is 1.7
----

Step 35
      AMG solver residual = 0.00901565 after 2 iterations
      AMG solver residual = 0.00441546 after 2 iterations
  --
  Subiteration:1 of 1
      AMG solver residual = 0.00885006 after 2 iterations
      AMG solver residual = 0.00637242 after 2 iterations
      AMG solver residual = 0.00934997 after 1 iterations
      AMG solver residual = 0.00976581 after 2 iterations
      AMG solver residual = 0.00472497 after 2 iterations
      AMG solver residual = 0.00562406 after 1 iterations
      AMG solver residual = 0.00885504 after 2 iterations
      AMG solver residual = 0.00631018 after 2 iterations
      AMG solver residual = 0.00904695 after 1 iterations
  ----
  dt: 0.05
    dt scales:  62.5755 (Vlasov)  1.79769e+308 (Collisions)  
    CFL:  0.000799034 (Vlasov)  0 (Collisions)
  ----
  Distribution Function Extrema:
    Species 0:	0.000178574 [max]	-7.38272e-37 [min]

Step 35 completed, simulation time is 1.75
----

Step 36
      AMG solver residual = 0.00895404 after 2 iterations
      AMG solver residual = 0.00358815 after 2 iterations
  --
  Subiteration:1 of 1
      AMG solver residual = 0.00887331 after 2 iterations
      AMG solver residual = 0.00623307 after 2 iterations
      AMG solver residual = 0.00992349 after 1 iterations
      AMG solver residual = 0.00978976 after 2 iterations
      AMG solver residual = 0.00478411 after 2 iterations
      AMG solver residual = 0.00185529 after 2 iterations
      AMG solver residual = 0.00890011 after 2 iterations
      AMG solver residual = 0.0061375 after 2 iterations
      AMG solver residual = 0.00912993 after 1 iterations
  ----
  dt: 0.05
    dt scales:  65.0963 (Vlasov)  1.79769e+308 (Collisions)  
    CFL:  0.000768093 (Vlasov)  0 (Collisions)
  ----
  Distribution Function Extrema:
    Species 0:	0.000178574 [max]	-7.38272e-37 [min]

Step 36 completed, simulation time is 1.8
----

Step 37
      AMG solver residual = 0.00895579 after 2 iterations
      AMG solver residual = 0.00466261 after 2 iterations
  --
  Subiteration:1 of 1
      AMG solver residual = 0.00893678 after 2 iterations
      AMG solver residual = 0.00603442 after 2 iterations
      AMG solver residual = 0.00856653 after 1 iterations
      AMG solver residual = 0.00977861 after 2 iterations
      AMG solver residual = 0.00493211 after 2 iterations
      AMG solver residual = 0.00523824 after 2 iterations
      AMG solver residual = 0.00561889 after 2 iterations
      AMG solver residual = 0.00897919 after 2 iterations
      AMG solver residual = 0.005925 after 2 iterations
      AMG solver residual = 0.00882484 after 1 iterations
  ----
  dt: 0.05
    dt scales:  69.1043 (Vlasov)  1.79769e+308 (Collisions)  
    CFL:  0.000723543 (Vlasov)  0 (Collisions)
  ----
  Distribution Function Extrema:
    Species 0:	0.000178574 [max]	-7.38273e-37 [min]

Step 37 completed, simulation time is 1.85
----

Step 38
      AMG solver residual = 0.00899435 after 2 iterations
      AMG solver residual = 0.00467752 after 2 iterations
  --
  Subiteration:1 of 1
      AMG solver residual = 0.00902818 after 2 iterations
      AMG solver residual = 0.00580888 after 2 iterations
      AMG solver residual = 0.00838472 after 1 iterations
      AMG solver residual = 0.00972692 after 2 iterations
      AMG solver residual = 0.00513541 after 2 iterations
      AMG solver residual = 0.00557066 after 1 iterations
      AMG solver residual = 0.00908036 after 2 iterations
      AMG solver residual = 0.00569395 after 2 iterations
      AMG solver residual = 0.00871471 after 1 iterations
  ----
  dt: 0.05
    dt scales:  75.1261 (Vlasov)  1.79769e+308 (Collisions)  
    CFL:  0.000665547 (Vlasov)  0 (Collisions)
  ----
  Distribution Function Extrema:
    Species 0:	0.000178574 [max]	-7.38274e-37 [min]

Step 38 completed, simulation time is 1.9
----

Step 39
      AMG solver residual = 0.00906834 after 2 iterations
      AMG solver residual = 0.00475365 after 2 iterations
  --
  Subiteration:1 of 1
      AMG solver residual = 0.00913631 after 2 iterations
      AMG solver residual = 0.00557833 after 2 iterations
      AMG solver residual = 0.0081981 after 1 iterations
      AMG solver residual = 0.00963203 after 2 iterations
      AMG solver residual = 0.00540266 after 2 iterations
      AMG solver residual = 0.00216457 after 2 iterations
      AMG solver residual = 0.00919336 after 2 iterations
      AMG solver residual = 0.00546746 after 2 iterations
      AMG solver residual = 0.00844628 after 1 iterations
  ----
  dt: 0.05
    dt scales:  83.2979 (Vlasov)  1.79769e+308 (Collisions)  
    CFL:  0.000600255 (Vlasov)  0 (Collisions)
  ----
  Distribution Function Extrema:
    Species 0:	0.000178574 [max]	-7.38274e-37 [min]

Step 39 completed, simulation time is 1.95
----

Step 40
      AMG solver residual = 0.00916122 after 2 iterations
      AMG solver residual = 0.00466091 after 2 iterations
  --
  Subiteration:1 of 1
      AMG solver residual = 0.00925198 after 2 iterations
      AMG solver residual = 0.00535969 after 2 iterations
      AMG solver residual = 0.00805349 after 1 iterations
      AMG solver residual = 0.00949864 after 2 iterations
      AMG solver residual = 0.00568772 after 2 iterations
      AMG solver residual = 0.00340125 after 2 iterations
      AMG solver residual = 0.00931002 after 2 iterations
      AMG solver residual = 0.00526013 after 2 iterations
      AMG solver residual = 0.00819548 after 1 iterations
  ----
  dt: 0.05
    dt scales:  84.8823 (Vlasov)  1.79769e+308 (Collisions)  
    CFL:  0.000589051 (Vlasov)  0 (Collisions)
  ----
  Distribution Function Extrema:
    Species 0:	0.000178574 [max]	-7.38275e-37 [min]

Step 40 completed, simulation time is 2
----
Writing checkpoint file
Writing history file

Step 41
      AMG solver residual = 0.00926684 after 2 iterations
      AMG solver residual = 0.00461224 after 2 iterations
  --
  Subiteration:1 of 1
      AMG solver residual = 0.00936795 after 2 iterations
      AMG solver residual = 0.00516627 after 2 iterations
      AMG solver residual = 0.00792033 after 1 iterations
      AMG solver residual = 0.0093406 after 2 iterations
      AMG solver residual = 0.00598622 after 2 iterations
      AMG solver residual = 0.00413417 after 2 iterations
      AMG solver residual = 0.00942389 after 2 iterations
      AMG solver residual = 0.00508392 after 2 iterations
      AMG solver residual = 0.00799046 after 1 iterations
  ----
  dt: 0.05
    dt scales:  86.9471 (Vlasov)  1.79769e+308 (Collisions)  
    CFL:  0.000575062 (Vlasov)  0 (Collisions)
  ----
  Distribution Function Extrema:
    Species 0:	0.000178574 [max]	-7.38276e-37 [min]

Step 41 completed, simulation time is 2.05
----

Step 42
      AMG solver residual = 0.0093763 after 2 iterations
      AMG solver residual = 0.00455905 after 2 iterations
  --
  Subiteration:1 of 1
      AMG solver residual = 0.00947839 after 2 iterations
      AMG solver residual = 0.00500853 after 2 iterations
      AMG solver residual = 0.00775623 after 1 iterations
      AMG solver residual = 0.00918053 after 2 iterations
      AMG solver residual = 0.00624235 after 2 iterations
      AMG solver residual = 0.00455584 after 2 iterations
      AMG solver residual = 0.0095296 after 2 iterations
      AMG solver residual = 0.00494796 after 2 iterations
      AMG solver residual = 0.0078579 after 1 iterations
  ----
  dt: 0.05
    dt scales:  89.6071 (Vlasov)  1.79769e+308 (Collisions)  
    CFL:  0.000557992 (Vlasov)  0 (Collisions)
  ----
  Distribution Function Extrema:
    Species 0:	0.000178574 [max]	-7.38277e-37 [min]

Step 42 completed, simulation time is 2.1
----

Step 43
      AMG solver residual = 0.00948351 after 2 iterations
      AMG solver residual = 0.00445265 after 2 iterations
  --
  Subiteration:1 of 1
      AMG solver residual = 0.00957815 after 2 iterations
      AMG solver residual = 0.00489543 after 2 iterations
      AMG solver residual = 0.00754194 after 1 iterations
      AMG solver residual = 0.00904433 after 2 iterations
      AMG solver residual = 0.00640641 after 2 iterations
      AMG solver residual = 0.00962207 after 2 iterations
      AMG solver residual = 0.00486023 after 2 iterations
      AMG solver residual = 0.00700457 after 1 iterations
  ----
  dt: 0.05
    dt scales:  91.9531 (Vlasov)  1.79769e+308 (Collisions)  
    CFL:  0.000543756 (Vlasov)  0 (Collisions)
  ----
  Distribution Function Extrema:
    Species 0:	0.000178574 [max]	-7.38279e-37 [min]

Step 43 completed, simulation time is 2.15
----

Step 44
      AMG solver residual = 0.00958572 after 2 iterations
      AMG solver residual = 0.00418791 after 2 iterations
  --
  Subiteration:1 of 1
      AMG solver residual = 0.00966208 after 2 iterations
      AMG solver residual = 0.00483557 after 2 iterations
      AMG solver residual = 0.00725471 after 1 iterations
      AMG solver residual = 0.00895264 after 2 iterations
      AMG solver residual = 0.00645763 after 2 iterations
      AMG solver residual = 0.00969589 after 2 iterations
      AMG solver residual = 0.00482977 after 2 iterations
      AMG solver residual = 0.00680565 after 1 iterations
  ----
  dt: 0.05
    dt scales:  83.0363 (Vlasov)  1.79769e+308 (Collisions)  
    CFL:  0.000602146 (Vlasov)  0 (Collisions)
  ----
  Distribution Function Extrema:
    Species 0:	0.000178574 [max]	-7.3828e-37 [min]

Step 44 completed, simulation time is 2.2
----

Step 45
      AMG solver residual = 0.00967134 after 2 iterations
      AMG solver residual = 0.00396384 after 2 iterations
  --
  Subiteration:1 of 1
      AMG solver residual = 0.00972446 after 2 iterations
      AMG solver residual = 0.00483534 after 2 iterations
      AMG solver residual = 0.00697011 after 1 iterations
      AMG solver residual = 0.00891477 after 2 iterations
      AMG solver residual = 0.00638977 after 2 iterations
      AMG solver residual = 0.00974494 after 2 iterations
      AMG solver residual = 0.00486241 after 2 iterations
      AMG solver residual = 0.00664718 after 1 iterations
  ----
  dt: 0.05
    dt scales:  71.672 (Vlasov)  1.79769e+308 (Collisions)  
    CFL:  0.000697623 (Vlasov)  0 (Collisions)
  ----
  Distribution Function Extrema:
    Species 0:	0.000178574 [max]	-7.38282e-37 [min]

Step 45 completed, simulation time is 2.25
----
slurmstepd: *** STEP 1069921.0 ON nid00160 CANCELLED AT 2016-02-03T14:18:33 DUE TO TIME LIMIT ***
slurmstepd: *** JOB 1069921 ON nid00160 CANCELLED AT 2016-02-03T14:18:33 DUE TO TIME LIMIT ***
srun: Job step aborted: Waiting up to 32 seconds for job step to finish.
srun: got SIGCONT
srun: got SIGCONT
srun: forcing job termination
