ModuleCmd_Switch.c(172):ERROR:152: Module 'PrgEnv-intel' is currently not loaded
** GKUnits ***********************************************************

==== Fundamental Units ===============================================
  NUMBER DENSITY    [1/m^3]: 1e+20
  TEMPERATURE           [eV]: 20
  LENGTH                [m]: 1
  MASS                 [AMU]: 1
  MAGNETIC FIELD        [T]: 1
  CHARGE                [C]: 1.60218e-19
  BOLTZMANN CONSTANT  [J/K]: 1.38065e-23
  ELECTRIC CONSTANT   [F/m]: 8.85419e-12
  MAGNETIC CONSTANT   [H/m]: 1.25664e-06

==== Derived Units ===================================================

  THERMAL SPEED       [m/s]: 43769.5
  TRANSIT TIME          [s]: 2.2847e-05
  MAGNETIC MOMENT     [J/T]: 1.60218e-18
  DIST. FUNCTION [s/(Am^6)]: 379609
  POTENTIAL             [V]: 20
  GYROFREQUENCY       [1/s]: 9.57883e+07
  GYRORADIUS            [m]: 0.000456939
  DEBYE LENGTH          [m]: 3.32456e-06

==== Dimensionless Parameters =========================================

  LARMOR NUMBER            : 0.000456939
  DEBYE NUMBER             : 3.32456e-06

******************** cellSp[0] = 0.19635,  cellSp[1] = 0.0981748, cellSp[2] = 0.392699
**** dimensions = 32, 64, 16
**** cellSp[0] = 0.19635,  cellSp[1] = 0.0981748, cellSp[2] = 0.392699
**** dimensions = 32, 64, 16
**** cellSp[0] = 0.19635,  cellSp[1] = 0.0981748, cellSp[2] = 0.392699
**** dimensions = 32, 64, 16
**** cellSp[0] = 0.19635,  cellSp[1] = 0.0981748, cellSp[2] = 0.392699
**** dimensions = 32, 64, 16
**** cellSp[0] = 0.19635,  cellSp[1] = 0.0981748, cellSp[2] = 0.392699
**** dimensions = 32, 64, 16
*******************************************************
**** cellSp[0] = 0.19635,  cellSp[1] = 0.0981748, cellSp[2] = 0.392699
**** dimensions = 32, 64, 16
**** cellSp[0] = 0.19635,  cellSp[1] = 0.0981748, cellSp[2] = 0.392699
**** dimensions = 32, 64, 16
**** cellSp[0] = 0.19635,  cellSp[1] = 0.0981748, cellSp[2] = 0.392699
**** dimensions = 32, 64, 16
**** cellSp[0] = 0.19635,  cellSp[1] = 0.0981748, cellSp[2] = 0.392699
**** dimensions = 32, 64, 16
**** cellSp[0] = 0.19635,  cellSp[1] = 0.0981748, cellSp[2] = 0.392699
**** dimensions = 32, 64, 16
**** cellSp[0] = 0.19635,  cellSp[1] = 0.0981748, cellSp[2] = 0.392699
**** dimensions = 32, 64, 16
**** cellSp[0] = 0.19635,  cellSp[1] = 0.0981748, cellSp[2] = 0.392699
**** dimensions = 32, 64, 16
**** cellSp[0] = 0.19635,  cellSp[1] = 0.0981748, cellSp[2] = 0.392699
**** dimensions = 32, 64, 16
Constructing slab geometry...
xmax = 0.02, ymax = 0.02, zmax = 2e+07
Bz_inner = 3, Bz_outer = 3
By_inner  = 0
**** cellSp[0] = 0.19635,  cellSp[1] = 0.0981748, cellSp[2] = 0.392699
**** dimensions = 32, 64, 16
Done constructing slab geometry
**** cellSp[0] = 0.19635,  cellSp[1] = 0.0981748, cellSp[2] = 0.392699
**** dimensions = 32, 64, 16
**** cellSp[0] = 0.19635,  cellSp[1] = 0.0981748, cellSp[2] = 0.392699
**** dimensions = 32, 64, 16
**** cellSp[0] = 0.19635,  cellSp[1] = 0.0981748, cellSp[2] = 0.392699
**** dimensions = 32, 64, 16
**** cellSp[0] = 0.19635,  cellSp[1] = 0.0981748, cellSp[2] = 0.392699
**** dimensions = 32, 64, 16
**** cellSp[0] = 0.19635,  cellSp[1] = 0.0981748, cellSp[2] = 0.392699
**** dimensions = 32, 64, 16
**** cellSp[0] = 0.19635,  cellSp[1] = 0.0981748, cellSp[2] = 0.392699
**** dimensions = 32, 64, 16
**** cellSp[0] = 0.19635,  cellSp[1] = 0.0981748, cellSp[2] = 0.392699
**** dimensions = 32, 64, 16
**** cellSp[0] = 0.19635,  cellSp[1] = 0.0981748, cellSp[2] = 0.392699
**** dimensions = 32, 64, 16
**** cellSp[0] = 0.19635,  cellSp[1] = 0.0981748, cellSp[2] = 0.392699
**** dimensions = 32, 64, 16
**** cellSp[0] = 0.19635,  cellSp[1] = 0.0981748, cellSp[2] = 0.392699
**** dimensions = 32, 64, 16
**** cellSp[0] = 0.19635,  cellSp[1] = 0.0981748, cellSp[2] = 0.392699
**** dimensions = 32, 64, 16
**** cellSp[0] = 0.19635,  cellSp[1] = 0.0981748, cellSp[2] = 0.392699
**** dimensions = 32, 64, 16
**** cellSp[0] = 0.19635,  cellSp[1] = 0.0981748, cellSp[2] = 0.392699
**** dimensions = 32, 64, 16
   Configuration space box ((0,0,0) (7,7,15) (0,0,0)) is assigned to process 0
   Configuration space box ((8,0,0) (15,7,15) (0,0,0)) is assigned to process 1
   Configuration space box ((16,0,0) (23,7,15) (0,0,0)) is assigned to process 2
   Configuration space box ((24,0,0) (31,7,15) (0,0,0)) is assigned to process 3
   Configuration space box ((0,8,0) (7,15,15) (0,0,0)) is assigned to process 4
   Configuration space box ((8,8,0) (15,15,15) (0,0,0)) is assigned to process 5
   Configuration space box ((16,8,0) (23,15,15) (0,0,0)) is assigned to process 6
   Configuration space box ((24,8,0) (31,15,15) (0,0,0)) is assigned to process 7
   Configuration space box ((0,16,0) (7,23,15) (0,0,0)) is assigned to process 8
   Configuration space box ((8,16,0) (15,23,15) (0,0,0)) is assigned to process 9
   Configuration space box ((16,16,0) (23,23,15) (0,0,0)) is assigned to process 10
   Configuration space box ((24,16,0) (31,23,15) (0,0,0)) is assigned to process 11
   Configuration space box ((0,24,0) (7,31,15) (0,0,0)) is assigned to process 12
   Configuration space box ((8,24,0) (15,31,15) (0,0,0)) is assigned to process 13
   Configuration space box ((16,24,0) (23,31,15) (0,0,0)) is assigned to process 14
   Configuration space box ((24,24,0) (31,31,15) (0,0,0)) is assigned to process 15
   Configuration space box ((0,32,0) (7,39,15) (0,0,0)) is assigned to process 16
   Configuration space box ((8,32,0) (15,39,15) (0,0,0)) is assigned to process 17
   Configuration space box ((16,32,0) (23,39,15) (0,0,0)) is assigned to process 18
   Configuration space box ((24,32,0) (31,39,15) (0,0,0)) is assigned to process 19
   Configuration space box ((0,40,0) (7,47,15) (0,0,0)) is assigned to process 20
   Configuration space box ((8,40,0) (15,47,15) (0,0,0)) is assigned to process 21
   Configuration space box ((16,40,0) (23,47,15) (0,0,0)) is assigned to process 22
   Configuration space box ((24,40,0) (31,47,15) (0,0,0)) is assigned to process 23
   Configuration space box ((0,48,0) (7,55,15) (0,0,0)) is assigned to process 24
   Configuration space box ((8,48,0) (15,55,15) (0,0,0)) is assigned to process 25
   Configuration space box ((16,48,0) (23,55,15) (0,0,0)) is assigned to process 26
   Configuration space box ((24,48,0) (31,55,15) (0,0,0)) is assigned to process 27
   Configuration space box ((0,56,0) (7,63,15) (0,0,0)) is assigned to process 28
   Configuration space box ((8,56,0) (15,63,15) (0,0,0)) is assigned to process 29
   Configuration space box ((16,56,0) (23,63,15) (0,0,0)) is assigned to process 30
   Configuration space box ((24,56,0) (31,63,15) (0,0,0)) is assigned to process 31
Constructing magnetic geometry
**** cellSp[0] = 0.19635,  cellSp[1] = 0.0981748, cellSp[2] = 0.392699
**** dimensions = 32, 64, 16
**** cellSp[0] = 0.19635,  cellSp[1] = 0.0981748, cellSp[2] = 0.392699
**** dimensions = 32, 64, 16
**** cellSp[0] = 0.19635,  cellSp[1] = 0.0981748, cellSp[2] = 0.392699
**** dimensions = 32, 64, 16
**** cellSp[0] = 0.19635,  cellSp[1] = 0.0981748, cellSp[2] = 0.392699
**** dimensions = 32, 64, 16
**** cellSp[0] = 0.19635,  cellSp[1] = 0.0981748, cellSp[2] = 0.392699
**** dimensions = 32, 64, 16
**** cellSp[0] = 0.19635,  cellSp[1] = 0.0981748, cellSp[2] = 0.392699
**** dimensions = 32, 64, 16
**** cellSp[0] = 0.19635,  cellSp[1] = 0.0981748, cellSp[2] = 0.392699
**** dimensions = 32, 64, 16
**** cellSp[0] = 0.19635,  cellSp[1] = 0.0981748, cellSp[2] = 0.392699
**** dimensions = 32, 64, 16
**** cellSp[0] = 0.19635,  cellSp[1] = 0.0981748, cellSp[2] = 0.392699
**** dimensions = 32, 64, 16
**** cellSp[0] = 0.19635,  cellSp[1] = 0.0981748, cellSp[2] = 0.392699
**** dimensions = 32, 64, 16
**** cellSp[0] = 0.19635,  cellSp[1] = 0.0981748, cellSp[2] = 0.392699
**** dimensions = 32, 64, 16
**** cellSp[0] = 0.19635,  cellSp[1] = 0.0981748, cellSp[2] = 0.392699
**** dimensions = 32, 64, 16
**** cellSp[0] = 0.19635,  cellSp[1] = 0.0981748, cellSp[2] = 0.392699
**** dimensions = 32, 64, 16
**** cellSp[0] = 0.19635,  cellSp[1] = 0.0981748, cellSp[2] = 0.392699
**** dimensions = 32, 64, 16
**** cellSp[0] = 0.19635,  cellSp[1] = 0.0981748, cellSp[2] = 0.392699
**** dimensions = 32, 64, 16
**** cellSp[0] = 0.19635,  cellSp[1] = 0.0981748, cellSp[2] = 0.392699
**** dimensions = 32, 64, 16
**** cellSp[0] = 0.19635,  cellSp[1] = 0.0981748, cellSp[2] = 0.392699
**** dimensions = 32, 64, 16
**** cellSp[0] = 0.19635,  cellSp[1] = 0.0981748, cellSp[2] = 0.392699
**** dimensions = 32, 64, 16
**** cellSp[0] = 0.19635,  cellSp[1] = 0.0981748, cellSp[2] = 0.392699
**** dimensions = 32, 64, 16
**** cellSp[0] = 0.19635,  cellSp[1] = 0.0981748, cellSp[2] = 0.392699
**** dimensions = 32, 64, 16
**** cellSp[0] = 0.19635,  cellSp[1] = 0.0981748, cellSp[2] = 0.392699
**** dimensions = 32, 64, 16
**** cellSp[0] = 0.19635,  cellSp[1] = 0.0981748, cellSp[2] = 0.392699
**** dimensions = 32, 64, 16
**** cellSp[0] = 0.19635,  cellSp[1] = 0.0981748, cellSp[2] = 0.392699
**** dimensions = 32, 64, 16
**** cellSp[0] = 0.19635,  cellSp[1] = 0.0981748, cellSp[2] = 0.392699
**** dimensions = 32, 64, 16
**** cellSp[0] = 0.19635,  cellSp[1] = 0.0981748, cellSp[2] = 0.392699
**** dimensions = 32, 64, 16
**** cellSp[0] = 0.19635,  cellSp[1] = 0.0981748, cellSp[2] = 0.392699
**** dimensions = 32, 64, 16
**** cellSp[0] = 0.19635,  cellSp[1] = 0.0981748, cellSp[2] = 0.392699
**** dimensions = 32, 64, 16
**** cellSp[0] = 0.19635,  cellSp[1] = 0.0981748, cellSp[2] = 0.392699
**** dimensions = 32, 64, 16
**** cellSp[0] = 0.19635,  cellSp[1] = 0.0981748, cellSp[2] = 0.392699
**** dimensions = 32, 64, 16
**** cellSp[0] = 0.19635,  cellSp[1] = 0.0981748, cellSp[2] = 0.392699
**** dimensions = 32, 64, 16
**** cellSp[0] = 0.19635,  cellSp[1] = 0.0981748, cellSp[2] = 0.392699
**** dimensions = 32, 64, 16
**** cellSp[0] = 0.19635,  cellSp[1] = 0.0981748, cellSp[2] = 0.392699
**** dimensions = 32, 64, 16
**** cellSp[0] = 0.19635,  cellSp[1] = 0.0981748, cellSp[2] = 0.392699
**** dimensions = 32, 64, 16
**** cellSp[0] = 0.19635,  cellSp[1] = 0.0981748, cellSp[2] = 0.392699
**** dimensions = 32, 64, 16
**** cellSp[0] = 0.19635,  cellSp[1] = 0.0981748, cellSp[2] = 0.392699
**** dimensions = 32, 64, 16
**** cellSp[0] = 0.19635,  cellSp[1] = 0.0981748, cellSp[2] = 0.392699
**** dimensions = 32, 64, 16
**** cellSp[0] = 0.19635,  cellSp[1] = 0.0981748, cellSp[2] = 0.392699
**** dimensions = 32, 64, 16
**** cellSp[0] = 0.19635,  cellSp[1] = 0.0981748, cellSp[2] = 0.392699
**** dimensions = 32, 64, 16
**** cellSp[0] = 0.19635,  cellSp[1] = 0.0981748, cellSp[2] = 0.392699
**** dimensions = 32, 64, 16
**** cellSp[0] = 0.19635,  cellSp[1] = 0.0981748, cellSp[2] = 0.392699
**** dimensions = 32, 64, 16
**** cellSp[0] = 0.19635,  cellSp[1] = 0.0981748, cellSp[2] = 0.392699
**** dimensions = 32, 64, 16
**** cellSp[0] = 0.19635,  cellSp[1] = 0.0981748, cellSp[2] = 0.392699
**** dimensions = 32, 64, 16
**** cellSp[0] = 0.19635,  cellSp[1] = 0.0981748, cellSp[2] = 0.392699
**** dimensions = 32, 64, 16
**** cellSp[0] = 0.19635,  cellSp[1] = 0.0981748, cellSp[2] = 0.392699
**** dimensions = 32, 64, 16
**** cellSp[0] = 0.19635,  cellSp[1] = 0.0981748, cellSp[2] = 0.392699
**** dimensions = 32, 64, 16
**** cellSp[0] = 0.19635,  cellSp[1] = 0.0981748, cellSp[2] = 0.392699
**** dimensions = 32, 64, 16
**** cellSp[0] = 0.19635,  cellSp[1] = 0.0981748, cellSp[2] = 0.392699
**** dimensions = 32, 64, 16
**** cellSp[0] = 0.19635,  cellSp[1] = 0.0981748, cellSp[2] = 0.392699
**** dimensions = 32, 64, 16
**** cellSp[0] = 0.19635,  cellSp[1] = 0.0981748, cellSp[2] = 0.392699
**** dimensions = 32, 64, 16
**** cellSp[0] = 0.19635,  cellSp[1] = 0.0981748, cellSp[2] = 0.392699
**** dimensions = 32, 64, 16
**** cellSp[0] = 0.19635,  cellSp[1] = 0.0981748, cellSp[2] = 0.392699
**** dimensions = 32, 64, 16
**** cellSp[0] = 0.19635,  cellSp[1] = 0.0981748, cellSp[2] = 0.392699
**** dimensions = 32, 64, 16
**** cellSp[0] = 0.19635,  cellSp[1] = 0.0981748, cellSp[2] = 0.392699
**** dimensions = 32, 64, 16
**** cellSp[0] = 0.19635,  cellSp[1] = 0.0981748, cellSp[2] = 0.392699
**** dimensions = 32, 64, 16
**** cellSp[0] = 0.19635,  cellSp[1] = 0.0981748, cellSp[2] = 0.392699
**** dimensions = 32, 64, 16
**** cellSp[0] = 0.19635,  cellSp[1] = 0.0981748, cellSp[2] = 0.392699
**** dimensions = 32, 64, 16
**** cellSp[0] = 0.19635,  cellSp[1] = 0.0981748, cellSp[2] = 0.392699
**** dimensions = 32, 64, 16
**** cellSp[0] = 0.19635,  cellSp[1] = 0.0981748, cellSp[2] = 0.392699
**** dimensions = 32, 64, 16
**** cellSp[0] = 0.19635,  cellSp[1] = 0.0981748, cellSp[2] = 0.392699
**** dimensions = 32, 64, 16
**** cellSp[0] = 0.19635,  cellSp[1] = 0.0981748, cellSp[2] = 0.392699
**** dimensions = 32, 64, 16
**** cellSp[0] = 0.19635,  cellSp[1] = 0.0981748, cellSp[2] = 0.392699
**** dimensions = 32, 64, 16
**** cellSp[0] = 0.19635,  cellSp[1] = 0.0981748, cellSp[2] = 0.392699
**** dimensions = 32, 64, 16
**** cellSp[0] = 0.19635,  cellSp[1] = 0.0981748, cellSp[2] = 0.392699
**** dimensions = 32, 64, 16
**** cellSp[0] = 0.19635,  cellSp[1] = 0.0981748, cellSp[2] = 0.392699
**** dimensions = 32, 64, 16
**** cellSp[0] = 0.19635,  cellSp[1] = 0.0981748, cellSp[2] = 0.392699
**** dimensions = 32, 64, 16
**** cellSp[0] = 0.19635,  cellSp[1] = 0.0981748, cellSp[2] = 0.392699
**** dimensions = 32, 64, 16
**** cellSp[0] = 0.19635,  cellSp[1] = 0.0981748, cellSp[2] = 0.392699
**** dimensions = 32, 64, 16
**** cellSp[0] = 0.19635,  cellSp[1] = 0.0981748, cellSp[2] = 0.392699
**** dimensions = 32, 64, 16
**** cellSp[0] = 0.19635,  cellSp[1] = 0.0981748, cellSp[2] = 0.392699
**** dimensions = 32, 64, 16
**** cellSp[0] = 0.19635,  cellSp[1] = 0.0981748, cellSp[2] = 0.392699
**** dimensions = 32, 64, 16
**** cellSp[0] = 0.19635,  cellSp[1] = 0.0981748, cellSp[2] = 0.392699
**** dimensions = 32, 64, 16
**** cellSp[0] = 0.19635,  cellSp[1] = 0.0981748, cellSp[2] = 0.392699
**** dimensions = 32, 64, 16
**** cellSp[0] = 0.19635,  cellSp[1] = 0.0981748, cellSp[2] = 0.392699
**** dimensions = 32, 64, 16
**** cellSp[0] = 0.19635,  cellSp[1] = 0.0981748, cellSp[2] = 0.392699
**** dimensions = 32, 64, 16
**** cellSp[0] = 0.19635,  cellSp[1] = 0.0981748, cellSp[2] = 0.392699
**** dimensions = 32, 64, 16
**** cellSp[0] = 0.19635,  cellSp[1] = 0.0981748, cellSp[2] = 0.392699
**** dimensions = 32, 64, 16
**** cellSp[0] = 0.19635,  cellSp[1] = 0.0981748, cellSp[2] = 0.392699
**** dimensions = 32, 64, 16
**** cellSp[0] = 0.19635,  cellSp[1] = 0.0981748, cellSp[2] = 0.392699
**** dimensions = 32, 64, 16
**** cellSp[0] = 0.19635,  cellSp[1] = 0.0981748, cellSp[2] = 0.392699
**** dimensions = 32, 64, 16
**** cellSp[0] = 0.19635,  cellSp[1] = 0.0981748, cellSp[2] = 0.392699
**** dimensions = 32, 64, 16
**** cellSp[0] = 0.19635,  cellSp[1] = 0.0981748, cellSp[2] = 0.392699
**** dimensions = 32, 64, 16
**** cellSp[0] = 0.19635,  cellSp[1] = 0.0981748, cellSp[2] = 0.392699
**** dimensions = 32, 64, 16
**** cellSp[0] = 0.19635,  cellSp[1] = 0.0981748, cellSp[2] = 0.392699
**** dimensions = 32, 64, 16
**** cellSp[0] = 0.19635,  cellSp[1] = 0.0981748, cellSp[2] = 0.392699
**** dimensions = 32, 64, 16
**** cellSp[0] = 0.19635,  cellSp[1] = 0.0981748, cellSp[2] = 0.392699
**** dimensions = 32, 64, 16
**** cellSp[0] = 0.19635,  cellSp[1] = 0.0981748, cellSp[2] = 0.392699
**** dimensions = 32, 64, 16
**** cellSp[0] = 0.19635,  cellSp[1] = 0.0981748, cellSp[2] = 0.392699
**** dimensions = 32, 64, 16
**** cellSp[0] = 0.19635,  cellSp[1] = 0.0981748, cellSp[2] = 0.392699
**** dimensions = 32, 64, 16
**** cellSp[0] = 0.19635,  cellSp[1] = 0.0981748, cellSp[2] = 0.392699
**** dimensions = 32, 64, 16
**** cellSp[0] = 0.19635,  cellSp[1] = 0.0981748, cellSp[2] = 0.392699
**** dimensions = 32, 64, 16
**** cellSp[0] = 0.19635,  cellSp[1] = 0.0981748, cellSp[2] = 0.392699
**** dimensions = 32, 64, 16
**** cellSp[0] = 0.19635,  cellSp[1] = 0.0981748, cellSp[2] = 0.392699
**** dimensions = 32, 64, 16
**** cellSp[0] = 0.19635,  cellSp[1] = 0.0981748, cellSp[2] = 0.392699
**** dimensions = 32, 64, 16
**** cellSp[0] = 0.19635,  cellSp[1] = 0.0981748, cellSp[2] = 0.392699
**** dimensions = 32, 64, 16
**** cellSp[0] = 0.19635,  cellSp[1] = 0.0981748, cellSp[2] = 0.392699
**** dimensions = 32, 64, 16
**** cellSp[0] = 0.19635,  cellSp[1] = 0.0981748, cellSp[2] = 0.392699
**** dimensions = 32, 64, 16
**** cellSp[0] = 0.19635,  cellSp[1] = 0.0981748, cellSp[2] = 0.392699
**** dimensions = 32, 64, 16
**** cellSp[0] = 0.19635,  cellSp[1] = 0.0981748, cellSp[2] = 0.392699
**** dimensions = 32, 64, 16
**** cellSp[0] = 0.19635,  cellSp[1] = 0.0981748, cellSp[2] = 0.392699
**** dimensions = 32, 64, 16
**** cellSp[0] = 0.19635,  cellSp[1] = 0.0981748, cellSp[2] = 0.392699
**** dimensions = 32, 64, 16
**** cellSp[0] = 0.19635,  cellSp[1] = 0.0981748, cellSp[2] = 0.392699
**** dimensions = 32, 64, 16
Done constructing magnetic geometry
   Velocity space box ((-12,0) (-1,7) (0,0)) is assigned to process 0
   Velocity space box ((0,0) (11,7) (0,0)) is assigned to process 1
   Velocity space box ((-12,8) (-1,15) (0,0)) is assigned to process 2
   Velocity space box ((0,8) (11,15) (0,0)) is assigned to process 3
   Phase space box ((0,0,0,-12,8) (7,7,15,-1,15) (0,0,0,0,0)) is assigned to process 2, has 98304 valid cells and 1867776 ghost cells
   Phase space box ((0,32,0,0,8) (7,39,15,11,15) (0,0,0,0,0)) is assigned to process 67, has 98304 valid cells and 1867776 ghost cells
   Phase space box ((16,40,0,-12,8) (23,47,15,-1,15) (0,0,0,0,0)) is assigned to process 90, has 98304 valid cells and 1867776 ghost cells
   Phase space box ((16,8,0,-12,8) (23,15,15,-1,15) (0,0,0,0,0)) is assigned to process 26, has 98304 valid cells and 1867776 ghost cells
   Phase space box ((0,24,0,-12,0) (7,31,15,-1,7) (0,0,0,0,0)) is assigned to process 48, has 98304 valid cells and 1867776 ghost cells
   Phase space box ((8,32,0,-12,0) (15,39,15,-1,7) (0,0,0,0,0)) is assigned to process 68, has 98304 valid cells and 1867776 ghost cells
   Phase space box ((24,40,0,-12,0) (31,47,15,-1,7) (0,0,0,0,0)) is assigned to process 92, has 98304 valid cells and 1867776 ghost cells
   Phase space box ((0,0,0,0,8) (7,7,15,11,15) (0,0,0,0,0)) is assigned to process 3, has 98304 valid cells and 1867776 ghost cells
   Phase space box ((24,48,0,-12,0) (31,55,15,-1,7) (0,0,0,0,0)) is assigned to process 108, has 98304 valid cells and 1867776 ghost cells
   Phase space box ((16,8,0,0,8) (23,15,15,11,15) (0,0,0,0,0)) is assigned to process 27, has 98304 valid cells and 1867776 ghost cells
   Phase space box ((0,24,0,0,0) (7,31,15,11,7) (0,0,0,0,0)) is assigned to process 49, has 98304 valid cells and 1867776 ghost cells
   Phase space box ((8,32,0,0,0) (15,39,15,11,7) (0,0,0,0,0)) is assigned to process 69, has 98304 valid cells and 1867776 ghost cells
   Phase space box ((0,48,0,0,8) (7,55,15,11,15) (0,0,0,0,0)) is assigned to process 99, has 98304 valid cells and 1867776 ghost cells
   Phase space box ((8,0,0,-12,0) (15,7,15,-1,7) (0,0,0,0,0)) is assigned to process 4, has 98304 valid cells and 1867776 ghost cells
   Phase space box ((24,48,0,0,0) (31,55,15,11,7) (0,0,0,0,0)) is assigned to process 109, has 98304 valid cells and 1867776 ghost cells
   Phase space box ((24,8,0,0,0) (31,15,15,11,7) (0,0,0,0,0)) is assigned to process 29, has 98304 valid cells and 1867776 ghost cells
   Phase space box ((0,24,0,-12,8) (7,31,15,-1,15) (0,0,0,0,0)) is assigned to process 50, has 98304 valid cells and 1867776 ghost cells
   Phase space box ((16,32,0,-12,0) (23,39,15,-1,7) (0,0,0,0,0)) is assigned to process 72, has 98304 valid cells and 1867776 ghost cells
   Phase space box ((8,48,0,-12,8) (15,55,15,-1,15) (0,0,0,0,0)) is assigned to process 102, has 98304 valid cells and 1867776 ghost cells
   Phase space box ((8,0,0,0,0) (15,7,15,11,7) (0,0,0,0,0)) is assigned to process 5, has 98304 valid cells and 1867776 ghost cells
   Phase space box ((24,48,0,-12,8) (31,55,15,-1,15) (0,0,0,0,0)) is assigned to process 110, has 98304 valid cells and 1867776 ghost cells
   Phase space box ((0,16,0,-12,8) (7,23,15,-1,15) (0,0,0,0,0)) is assigned to process 34, has 98304 valid cells and 1867776 ghost cells
   Phase space box ((0,24,0,0,8) (7,31,15,11,15) (0,0,0,0,0)) is assigned to process 51, has 98304 valid cells and 1867776 ghost cells
   Phase space box ((16,32,0,0,8) (23,39,15,11,15) (0,0,0,0,0)) is assigned to process 75, has 98304 valid cells and 1867776 ghost cells
   Phase space box ((16,48,0,-12,0) (23,55,15,-1,7) (0,0,0,0,0)) is assigned to process 104, has 98304 valid cells and 1867776 ghost cells
   Phase space box ((8,0,0,-12,8) (15,7,15,-1,15) (0,0,0,0,0)) is assigned to process 6, has 98304 valid cells and 1867776 ghost cells
   Phase space box ((24,48,0,0,8) (31,55,15,11,15) (0,0,0,0,0)) is assigned to process 111, has 98304 valid cells and 1867776 ghost cells
   Phase space box ((0,16,0,0,8) (7,23,15,11,15) (0,0,0,0,0)) is assigned to process 35, has 98304 valid cells and 1867776 ghost cells
   Phase space box ((8,24,0,0,0) (15,31,15,11,7) (0,0,0,0,0)) is assigned to process 53, has 98304 valid cells and 1867776 ghost cells
   Phase space box ((24,32,0,-12,0) (31,39,15,-1,7) (0,0,0,0,0)) is assigned to process 76, has 98304 valid cells and 1867776 ghost cells
   Phase space box ((16,48,0,-12,8) (23,55,15,-1,15) (0,0,0,0,0)) is assigned to process 106, has 98304 valid cells and 1867776 ghost cells
   Phase space box ((8,0,0,0,8) (15,7,15,11,15) (0,0,0,0,0)) is assigned to process 7, has 98304 valid cells and 1867776 ghost cells
   Phase space box ((0,56,0,-12,0) (7,63,15,-1,7) (0,0,0,0,0)) is assigned to process 112, has 98304 valid cells and 1867776 ghost cells
   Phase space box ((8,16,0,-12,8) (15,23,15,-1,15) (0,0,0,0,0)) is assigned to process 38, has 98304 valid cells and 1867776 ghost cells
   Phase space box ((8,24,0,0,8) (15,31,15,11,15) (0,0,0,0,0)) is assigned to process 55, has 98304 valid cells and 1867776 ghost cells
   Phase space box ((0,40,0,0,0) (7,47,15,11,7) (0,0,0,0,0)) is assigned to process 81, has 98304 valid cells and 1867776 ghost cells
   Phase space box ((8,40,0,-12,8) (15,47,15,-1,15) (0,0,0,0,0)) is assigned to process 86, has 98304 valid cells and 1867776 ghost cells
   Phase space box ((16,0,0,-12,0) (23,7,15,-1,7) (0,0,0,0,0)) is assigned to process 8, has 98304 valid cells and 1867776 ghost cells
   Phase space box ((0,56,0,0,0) (7,63,15,11,7) (0,0,0,0,0)) is assigned to process 113, has 98304 valid cells and 1867776 ghost cells
   Phase space box ((8,16,0,0,8) (15,23,15,11,15) (0,0,0,0,0)) is assigned to process 39, has 98304 valid cells and 1867776 ghost cells
   Phase space box ((16,24,0,-12,0) (23,31,15,-1,7) (0,0,0,0,0)) is assigned to process 56, has 98304 valid cells and 1867776 ghost cells
   Phase space box ((0,40,0,-12,8) (7,47,15,-1,15) (0,0,0,0,0)) is assigned to process 82, has 98304 valid cells and 1867776 ghost cells
   Phase space box ((8,40,0,0,8) (15,47,15,11,15) (0,0,0,0,0)) is assigned to process 87, has 98304 valid cells and 1867776 ghost cells
   Phase space box ((16,0,0,0,0) (23,7,15,11,7) (0,0,0,0,0)) is assigned to process 9, has 98304 valid cells and 1867776 ghost cells
   Phase space box ((0,56,0,-12,8) (7,63,15,-1,15) (0,0,0,0,0)) is assigned to process 114, has 98304 valid cells and 1867776 ghost cells
   Phase space box ((16,16,0,0,0) (23,23,15,11,7) (0,0,0,0,0)) is assigned to process 41, has 98304 valid cells and 1867776 ghost cells
   Phase space box ((16,24,0,0,0) (23,31,15,11,7) (0,0,0,0,0)) is assigned to process 57, has 98304 valid cells and 1867776 ghost cells
   Phase space box ((0,40,0,0,8) (7,47,15,11,15) (0,0,0,0,0)) is assigned to process 83, has 98304 valid cells and 1867776 ghost cells
   Phase space box ((16,0,0,-12,8) (23,7,15,-1,15) (0,0,0,0,0)) is assigned to process 10, has 98304 valid cells and 1867776 ghost cells
   Phase space box ((0,56,0,0,8) (7,63,15,11,15) (0,0,0,0,0)) is assigned to process 115, has 98304 valid cells and 1867776 ghost cells
   Phase space box ((16,16,0,-12,8) (23,23,15,-1,15) (0,0,0,0,0)) is assigned to process 42, has 98304 valid cells and 1867776 ghost cells
   Phase space box ((8,40,0,-12,0) (15,47,15,-1,7) (0,0,0,0,0)) is assigned to process 84, has 98304 valid cells and 1867776 ghost cells
   Phase space box ((16,0,0,0,8) (23,7,15,11,15) (0,0,0,0,0)) is assigned to process 11, has 98304 valid cells and 1867776 ghost cells
   Phase space box ((16,16,0,0,8) (23,23,15,11,15) (0,0,0,0,0)) is assigned to process 43, has 98304 valid cells and 1867776 ghost cells
   Phase space box ((16,24,0,-12,8) (23,31,15,-1,15) (0,0,0,0,0)) is assigned to process 58, has 98304 valid cells and 1867776 ghost cells
   Phase space box ((8,40,0,0,0) (15,47,15,11,7) (0,0,0,0,0)) is assigned to process 85, has 98304 valid cells and 1867776 ghost cells
   Phase space box ((16,40,0,-12,0) (23,47,15,-1,7) (0,0,0,0,0)) is assigned to process 88, has 98304 valid cells and 1867776 ghost cells
   Phase space box ((24,0,0,-12,0) (31,7,15,-1,7) (0,0,0,0,0)) is assigned to process 12, has 98304 valid cells and 1867776 ghost cells
   Phase space box ((8,8,0,-12,8) (15,15,15,-1,15) (0,0,0,0,0)) is assigned to process 22, has 98304 valid cells and 1867776 ghost cells
   Phase space box ((16,24,0,0,8) (23,31,15,11,15) (0,0,0,0,0)) is assigned to process 59, has 98304 valid cells and 1867776 ghost cells
   Phase space box ((0,32,0,0,0) (7,39,15,11,7) (0,0,0,0,0)) is assigned to process 65, has 98304 valid cells and 1867776 ghost cells
   Phase space box ((16,40,0,0,0) (23,47,15,11,7) (0,0,0,0,0)) is assigned to process 89, has 98304 valid cells and 1867776 ghost cells
   Phase space box ((24,0,0,-12,8) (31,7,15,-1,15) (0,0,0,0,0)) is assigned to process 14, has 98304 valid cells and 1867776 ghost cells
   Phase space box ((8,56,0,-12,0) (15,63,15,-1,7) (0,0,0,0,0)) is assigned to process 116, has 98304 valid cells and 1867776 ghost cells
   Phase space box ((8,8,0,0,8) (15,15,15,11,15) (0,0,0,0,0)) is assigned to process 23, has 98304 valid cells and 1867776 ghost cells
   Phase space box ((24,24,0,-12,0) (31,31,15,-1,7) (0,0,0,0,0)) is assigned to process 60, has 98304 valid cells and 1867776 ghost cells
   Phase space box ((0,32,0,-12,8) (7,39,15,-1,15) (0,0,0,0,0)) is assigned to process 66, has 98304 valid cells and 1867776 ghost cells
   Phase space box ((16,40,0,0,8) (23,47,15,11,15) (0,0,0,0,0)) is assigned to process 91, has 98304 valid cells and 1867776 ghost cells
   Phase space box ((24,0,0,0,8) (31,7,15,11,15) (0,0,0,0,0)) is assigned to process 15, has 98304 valid cells and 1867776 ghost cells
   Phase space box ((8,56,0,0,0) (15,63,15,11,7) (0,0,0,0,0)) is assigned to process 117, has 98304 valid cells and 1867776 ghost cells
   Phase space box ((16,8,0,-12,0) (23,15,15,-1,7) (0,0,0,0,0)) is assigned to process 24, has 98304 valid cells and 1867776 ghost cells
   Phase space box ((24,24,0,0,0) (31,31,15,11,7) (0,0,0,0,0)) is assigned to process 61, has 98304 valid cells and 1867776 ghost cells
   Phase space box ((8,32,0,-12,8) (15,39,15,-1,15) (0,0,0,0,0)) is assigned to process 70, has 98304 valid cells and 1867776 ghost cells
   Phase space box ((24,40,0,0,0) (31,47,15,11,7) (0,0,0,0,0)) is assigned to process 93, has 98304 valid cells and 1867776 ghost cells
   Phase space box ((0,8,0,-12,0) (7,15,15,-1,7) (0,0,0,0,0)) is assigned to process 16, has 98304 valid cells and 1867776 ghost cells
   Phase space box ((8,56,0,-12,8) (15,63,15,-1,15) (0,0,0,0,0)) is assigned to process 118, has 98304 valid cells and 1867776 ghost cells
   Phase space box ((16,8,0,0,0) (23,15,15,11,7) (0,0,0,0,0)) is assigned to process 25, has 98304 valid cells and 1867776 ghost cells
   Phase space box ((24,24,0,-12,8) (31,31,15,-1,15) (0,0,0,0,0)) is assigned to process 62, has 98304 valid cells and 1867776 ghost cells
   Phase space box ((8,32,0,0,8) (15,39,15,11,15) (0,0,0,0,0)) is assigned to process 71, has 98304 valid cells and 1867776 ghost cells
   Phase space box ((24,40,0,-12,8) (31,47,15,-1,15) (0,0,0,0,0)) is assigned to process 94, has 98304 valid cells and 1867776 ghost cells
   Phase space box ((0,8,0,0,0) (7,15,15,11,7) (0,0,0,0,0)) is assigned to process 17, has 98304 valid cells and 1867776 ghost cells
   Phase space box ((8,56,0,0,8) (15,63,15,11,15) (0,0,0,0,0)) is assigned to process 119, has 98304 valid cells and 1867776 ghost cells
   Phase space box ((24,8,0,-12,0) (31,15,15,-1,7) (0,0,0,0,0)) is assigned to process 28, has 98304 valid cells and 1867776 ghost cells
   Phase space box ((24,24,0,0,8) (31,31,15,11,15) (0,0,0,0,0)) is assigned to process 63, has 98304 valid cells and 1867776 ghost cells
   Phase space box ((16,32,0,0,0) (23,39,15,11,7) (0,0,0,0,0)) is assigned to process 73, has 98304 valid cells and 1867776 ghost cells
   Phase space box ((24,40,0,0,8) (31,47,15,11,15) (0,0,0,0,0)) is assigned to process 95, has 98304 valid cells and 1867776 ghost cells
   Phase space box ((0,8,0,-12,8) (7,15,15,-1,15) (0,0,0,0,0)) is assigned to process 18, has 98304 valid cells and 1867776 ghost cells
   Phase space box ((16,56,0,-12,0) (23,63,15,-1,7) (0,0,0,0,0)) is assigned to process 120, has 98304 valid cells and 1867776 ghost cells
   Phase space box ((24,8,0,-12,8) (31,15,15,-1,15) (0,0,0,0,0)) is assigned to process 30, has 98304 valid cells and 1867776 ghost cells
   Phase space box ((0,32,0,-12,0) (7,39,15,-1,7) (0,0,0,0,0)) is assigned to process 64, has 98304 valid cells and 1867776 ghost cells
   Phase space box ((16,32,0,-12,8) (23,39,15,-1,15) (0,0,0,0,0)) is assigned to process 74, has 98304 valid cells and 1867776 ghost cells
   Phase space box ((0,48,0,-12,0) (7,55,15,-1,7) (0,0,0,0,0)) is assigned to process 96, has 98304 valid cells and 1867776 ghost cells
   Phase space box ((0,8,0,0,8) (7,15,15,11,15) (0,0,0,0,0)) is assigned to process 19, has 98304 valid cells and 1867776 ghost cells
   Phase space box ((16,56,0,0,0) (23,63,15,11,7) (0,0,0,0,0)) is assigned to process 121, has 98304 valid cells and 1867776 ghost cells
   Phase space box ((24,8,0,0,8) (31,15,15,11,15) (0,0,0,0,0)) is assigned to process 31, has 98304 valid cells and 1867776 ghost cells
   Phase space box ((24,16,0,-12,0) (31,23,15,-1,7) (0,0,0,0,0)) is assigned to process 44, has 98304 valid cells and 1867776 ghost cells
   Phase space box ((24,32,0,0,0) (31,39,15,11,7) (0,0,0,0,0)) is assigned to process 77, has 98304 valid cells and 1867776 ghost cells
   Phase space box ((0,48,0,0,0) (7,55,15,11,7) (0,0,0,0,0)) is assigned to process 97, has 98304 valid cells and 1867776 ghost cells
   Phase space box ((8,8,0,-12,0) (15,15,15,-1,7) (0,0,0,0,0)) is assigned to process 20, has 98304 valid cells and 1867776 ghost cells
   Phase space box ((16,56,0,-12,8) (23,63,15,-1,15) (0,0,0,0,0)) is assigned to process 122, has 98304 valid cells and 1867776 ghost cells
   Phase space box ((0,16,0,-12,0) (7,23,15,-1,7) (0,0,0,0,0)) is assigned to process 32, has 98304 valid cells and 1867776 ghost cells
   Phase space box ((24,16,0,0,0) (31,23,15,11,7) (0,0,0,0,0)) is assigned to process 45, has 98304 valid cells and 1867776 ghost cells
   Phase space box ((24,32,0,-12,8) (31,39,15,-1,15) (0,0,0,0,0)) is assigned to process 78, has 98304 valid cells and 1867776 ghost cells
   Phase space box ((0,48,0,-12,8) (7,55,15,-1,15) (0,0,0,0,0)) is assigned to process 98, has 98304 valid cells and 1867776 ghost cells
   Phase space box ((8,8,0,0,0) (15,15,15,11,7) (0,0,0,0,0)) is assigned to process 21, has 98304 valid cells and 1867776 ghost cells
   Phase space box ((16,56,0,0,8) (23,63,15,11,15) (0,0,0,0,0)) is assigned to process 123, has 98304 valid cells and 1867776 ghost cells
   Phase space box ((0,16,0,0,0) (7,23,15,11,7) (0,0,0,0,0)) is assigned to process 33, has 98304 valid cells and 1867776 ghost cells
   Phase space box ((24,16,0,-12,8) (31,23,15,-1,15) (0,0,0,0,0)) is assigned to process 46, has 98304 valid cells and 1867776 ghost cells
   Phase space box ((24,32,0,0,8) (31,39,15,11,15) (0,0,0,0,0)) is assigned to process 79, has 98304 valid cells and 1867776 ghost cells
   Phase space box ((8,48,0,-12,0) (15,55,15,-1,7) (0,0,0,0,0)) is assigned to process 100, has 98304 valid cells and 1867776 ghost cells
   Phase space box ((0,0,0,-12,0) (7,7,15,-1,7) (0,0,0,0,0)) is assigned to process 0, has 98304 valid cells and 1867776 ghost cells
   Phase space box ((16,48,0,0,8) (23,55,15,11,15) (0,0,0,0,0)) is assigned to process 107, has 98304 valid cells and 1867776 ghost cells
   Phase space box ((8,16,0,-12,0) (15,23,15,-1,7) (0,0,0,0,0)) is assigned to process 36, has 98304 valid cells and 1867776 ghost cells
   Phase space box ((24,16,0,0,8) (31,23,15,11,15) (0,0,0,0,0)) is assigned to process 47, has 98304 valid cells and 1867776 ghost cells
   Phase space box ((0,40,0,-12,0) (7,47,15,-1,7) (0,0,0,0,0)) is assigned to process 80, has 98304 valid cells and 1867776 ghost cells
   Phase space box ((8,48,0,0,0) (15,55,15,11,7) (0,0,0,0,0)) is assigned to process 101, has 98304 valid cells and 1867776 ghost cells
   Phase space box ((0,0,0,0,0) (7,7,15,11,7) (0,0,0,0,0)) is assigned to process 1, has 98304 valid cells and 1867776 ghost cells
   Phase space box ((24,56,0,-12,0) (31,63,15,-1,7) (0,0,0,0,0)) is assigned to process 124, has 98304 valid cells and 1867776 ghost cells
   Phase space box ((8,16,0,0,0) (15,23,15,11,7) (0,0,0,0,0)) is assigned to process 37, has 98304 valid cells and 1867776 ghost cells
   Phase space box ((8,24,0,-12,0) (15,31,15,-1,7) (0,0,0,0,0)) is assigned to process 52, has 98304 valid cells and 1867776 ghost cells
   Phase space box ((8,48,0,0,8) (15,55,15,11,15) (0,0,0,0,0)) is assigned to process 103, has 98304 valid cells and 1867776 ghost cells
   Phase space box ((24,0,0,0,0) (31,7,15,11,7) (0,0,0,0,0)) is assigned to process 13, has 98304 valid cells and 1867776 ghost cells
   Phase space box ((24,56,0,0,0) (31,63,15,11,7) (0,0,0,0,0)) is assigned to process 125, has 98304 valid cells and 1867776 ghost cells
   Phase space box ((16,16,0,-12,0) (23,23,15,-1,7) (0,0,0,0,0)) is assigned to process 40, has 98304 valid cells and 1867776 ghost cells
   Phase space box ((8,24,0,-12,8) (15,31,15,-1,15) (0,0,0,0,0)) is assigned to process 54, has 98304 valid cells and 1867776 ghost cells
   Phase space box ((16,48,0,0,0) (23,55,15,11,7) (0,0,0,0,0)) is assigned to process 105, has 98304 valid cells and 1867776 ghost cells
   Phase space box ((24,56,0,-12,8) (31,63,15,-1,15) (0,0,0,0,0)) is assigned to process 126, has 98304 valid cells and 1867776 ghost cells
   Phase space box ((24,56,0,0,8) (31,63,15,11,15) (0,0,0,0,0)) is assigned to process 127, has 98304 valid cells and 1867776 ghost cells
Adding species and constructing gyrocenter coordinates...
   hydrogen: kinetic species with mass = 2, charge = 1
   electron: kinetic species with mass = 0.0544, charge = -1
Done adding species and constructing coordinates
Adding fluid species...
Done adding congiration space variables
Adding configuration space field variables...
Done adding configuration space variables

SlabPotentialBC ================================
- variable: potential-------------
  radial_lower: 
     bc_type  = 0
     bc_value = 0
  radial_upper: 
     bc_type  = 0
     bc_value = 0
  poloidal_lower: 
     bc_type  = 1
     bc_value = 0
  poloidal_upper: 
     bc_type  = 1
     bc_value = 0
  toroidal_lower: 
     bc_type  = 1
     bc_value = 0
  toroidal_upper: 
     bc_type  = 1
     bc_value = 0
-----------------------------------------------
===============================================

Grid Function Library =========================

"Ion_vpar_grid_func":
Constant grid function parameters:
  value: 0

"N0_grid_func":
Arbitrary grid function parameters:
  function: 1.0*exp( -(x-pi)/(2*pi*0.04/0.02) )*( 1.0+0.00000001*cos(2*y) )
  translated form: 1.0*exp(-(x'-pi')/(2*pi'*0.04/0.02))*(1.0+0.00000001*cos(2*y'))
  postfix form: {1.0}{x'[0]}{PI'}{-}{-:}{2}{PI'}{*}{0.04}{*}{0.02}{/}{/}{exp}{*}{1.0}{0.00000001}{2}{y'[0]}{*}{cos}{*}{+}{*}
  coordinate type: mapped

"T0_grid_func":
Arbitrary grid function parameters:
  function: 1.0
  translated form: 1.0
  postfix form: {1.0}
  coordinate type: mapped

"eN0_grid_func":
Arbitrary grid function parameters:
  function: 1.0*exp( -(x-pi)/(2*pi*0.04/0.02) )
  translated form: 1.0*exp(-(x'-pi')/(2*pi'*0.04/0.02))
  postfix form: {1.0}{x'[0]}{PI'}{-}{-:}{2}{PI'}{*}{0.04}{*}{0.02}{/}{/}{exp}{*}
  coordinate type: mapped

"eT0_grid_func":
Arbitrary grid function parameters:
  function: 1.0
  translated form: 1.0
  postfix form: {1.0}
  coordinate type: mapped

"ele_vpar_grid_func":
Constant grid function parameters:
  value: 0

"potential_grid_func":
Arbitrary grid function parameters:
  function: 0.0000001
  translated form: 0.0000001
  postfix form: {0.0000001}
  coordinate type: mapped

===============================================

Kinetic Function Library =========================

"maxwellian_electron_phase_func":
Maxwellian kinetic function parameters:
-- Density --
Arbitrary grid function parameters:
  function: 1.0*exp( -(x-pi)/(2*pi*0.04/0.02) )
  translated form: 1.0*exp(-(x'-pi')/(2*pi'*0.04/0.02))
  postfix form: {1.0}{x'[0]}{PI'}{-}{-:}{2}{PI'}{*}{0.04}{*}{0.02}{/}{/}{exp}{*}
  coordinate type: mapped

-- Temperature --
Arbitrary grid function parameters:
  function: 1.0
  translated form: 1.0
  postfix form: {1.0}
  coordinate type: mapped

-- Vparallel --
Constant grid function parameters:
  value: 0


"maxwellian_phase_func":
Maxwellian kinetic function parameters:
-- Density --
Arbitrary grid function parameters:
  function: 1.0*exp( -(x-pi)/(2*pi*0.04/0.02) )*( 1.0+0.00000001*cos(2*y) )
  translated form: 1.0*exp(-(x'-pi')/(2*pi'*0.04/0.02))*(1.0+0.00000001*cos(2*y'))
  postfix form: {1.0}{x'[0]}{PI'}{-}{-:}{2}{PI'}{*}{0.04}{*}{0.02}{/}{/}{exp}{*}{1.0}{0.00000001}{2}{y'[0]}{*}{cos}{*}{+}{*}
  coordinate type: mapped

-- Temperature --
Arbitrary grid function parameters:
  function: 1.0
  translated form: 1.0
  postfix form: {1.0}
  coordinate type: mapped

-- Vparallel --
Constant grid function parameters:
  value: 0


==================================================

SlabPhaseBC ================================
- variable: hydrogen-------------
  radial_lower: 
Maxwellian kinetic function parameters:
-- Density --
Arbitrary grid function parameters:
  function: 1.0*exp( -(x-pi)/(2*pi*0.04/0.02) )*( 1.0+0.00000001*cos(2*y) )
  translated form: 1.0*exp(-(x'-pi')/(2*pi'*0.04/0.02))*(1.0+0.00000001*cos(2*y'))
  postfix form: {1.0}{x'[0]}{PI'}{-}{-:}{2}{PI'}{*}{0.04}{*}{0.02}{/}{/}{exp}{*}{1.0}{0.00000001}{2}{y'[0]}{*}{cos}{*}{+}{*}
  coordinate type: mapped

-- Temperature --
Arbitrary grid function parameters:
  function: 1.0
  translated form: 1.0
  postfix form: {1.0}
  coordinate type: mapped

-- Vparallel --
Constant grid function parameters:
  value: 0


  radial_upper: 
Maxwellian kinetic function parameters:
-- Density --
Arbitrary grid function parameters:
  function: 1.0*exp( -(x-pi)/(2*pi*0.04/0.02) )*( 1.0+0.00000001*cos(2*y) )
  translated form: 1.0*exp(-(x'-pi')/(2*pi'*0.04/0.02))*(1.0+0.00000001*cos(2*y'))
  postfix form: {1.0}{x'[0]}{PI'}{-}{-:}{2}{PI'}{*}{0.04}{*}{0.02}{/}{/}{exp}{*}{1.0}{0.00000001}{2}{y'[0]}{*}{cos}{*}{+}{*}
  coordinate type: mapped

-- Temperature --
Arbitrary grid function parameters:
  function: 1.0
  translated form: 1.0
  postfix form: {1.0}
  coordinate type: mapped

-- Vparallel --
Constant grid function parameters:
  value: 0


  poloidal_lower: 
Maxwellian kinetic function parameters:
-- Density --
Arbitrary grid function parameters:
  function: 1.0*exp( -(x-pi)/(2*pi*0.04/0.02) )*( 1.0+0.00000001*cos(2*y) )
  translated form: 1.0*exp(-(x'-pi')/(2*pi'*0.04/0.02))*(1.0+0.00000001*cos(2*y'))
  postfix form: {1.0}{x'[0]}{PI'}{-}{-:}{2}{PI'}{*}{0.04}{*}{0.02}{/}{/}{exp}{*}{1.0}{0.00000001}{2}{y'[0]}{*}{cos}{*}{+}{*}
  coordinate type: mapped

-- Temperature --
Arbitrary grid function parameters:
  function: 1.0
  translated form: 1.0
  postfix form: {1.0}
  coordinate type: mapped

-- Vparallel --
Constant grid function parameters:
  value: 0


  poloidal_upper: 
Maxwellian kinetic function parameters:
-- Density --
Arbitrary grid function parameters:
  function: 1.0*exp( -(x-pi)/(2*pi*0.04/0.02) )*( 1.0+0.00000001*cos(2*y) )
  translated form: 1.0*exp(-(x'-pi')/(2*pi'*0.04/0.02))*(1.0+0.00000001*cos(2*y'))
  postfix form: {1.0}{x'[0]}{PI'}{-}{-:}{2}{PI'}{*}{0.04}{*}{0.02}{/}{/}{exp}{*}{1.0}{0.00000001}{2}{y'[0]}{*}{cos}{*}{+}{*}
  coordinate type: mapped

-- Temperature --
Arbitrary grid function parameters:
  function: 1.0
  translated form: 1.0
  postfix form: {1.0}
  coordinate type: mapped

-- Vparallel --
Constant grid function parameters:
  value: 0


  toroidal_lower: 
Maxwellian kinetic function parameters:
-- Density --
Arbitrary grid function parameters:
  function: 1.0*exp( -(x-pi)/(2*pi*0.04/0.02) )*( 1.0+0.00000001*cos(2*y) )
  translated form: 1.0*exp(-(x'-pi')/(2*pi'*0.04/0.02))*(1.0+0.00000001*cos(2*y'))
  postfix form: {1.0}{x'[0]}{PI'}{-}{-:}{2}{PI'}{*}{0.04}{*}{0.02}{/}{/}{exp}{*}{1.0}{0.00000001}{2}{y'[0]}{*}{cos}{*}{+}{*}
  coordinate type: mapped

-- Temperature --
Arbitrary grid function parameters:
  function: 1.0
  translated form: 1.0
  postfix form: {1.0}
  coordinate type: mapped

-- Vparallel --
Constant grid function parameters:
  value: 0


  toroidal_upper: 
Maxwellian kinetic function parameters:
-- Density --
Arbitrary grid function parameters:
  function: 1.0*exp( -(x-pi)/(2*pi*0.04/0.02) )*( 1.0+0.00000001*cos(2*y) )
  translated form: 1.0*exp(-(x'-pi')/(2*pi'*0.04/0.02))*(1.0+0.00000001*cos(2*y'))
  postfix form: {1.0}{x'[0]}{PI'}{-}{-:}{2}{PI'}{*}{0.04}{*}{0.02}{/}{/}{exp}{*}{1.0}{0.00000001}{2}{y'[0]}{*}{cos}{*}{+}{*}
  coordinate type: mapped

-- Temperature --
Arbitrary grid function parameters:
  function: 1.0
  translated form: 1.0
  postfix form: {1.0}
  coordinate type: mapped

-- Vparallel --
Constant grid function parameters:
  value: 0


  vpar_lower: 
Maxwellian kinetic function parameters:
-- Density --
Arbitrary grid function parameters:
  function: 1.0*exp( -(x-pi)/(2*pi*0.04/0.02) )*( 1.0+0.00000001*cos(2*y) )
  translated form: 1.0*exp(-(x'-pi')/(2*pi'*0.04/0.02))*(1.0+0.00000001*cos(2*y'))
  postfix form: {1.0}{x'[0]}{PI'}{-}{-:}{2}{PI'}{*}{0.04}{*}{0.02}{/}{/}{exp}{*}{1.0}{0.00000001}{2}{y'[0]}{*}{cos}{*}{+}{*}
  coordinate type: mapped

-- Temperature --
Arbitrary grid function parameters:
  function: 1.0
  translated form: 1.0
  postfix form: {1.0}
  coordinate type: mapped

-- Vparallel --
Constant grid function parameters:
  value: 0


  vpar_upper: 
Maxwellian kinetic function parameters:
-- Density --
Arbitrary grid function parameters:
  function: 1.0*exp( -(x-pi)/(2*pi*0.04/0.02) )*( 1.0+0.00000001*cos(2*y) )
  translated form: 1.0*exp(-(x'-pi')/(2*pi'*0.04/0.02))*(1.0+0.00000001*cos(2*y'))
  postfix form: {1.0}{x'[0]}{PI'}{-}{-:}{2}{PI'}{*}{0.04}{*}{0.02}{/}{/}{exp}{*}{1.0}{0.00000001}{2}{y'[0]}{*}{cos}{*}{+}{*}
  coordinate type: mapped

-- Temperature --
Arbitrary grid function parameters:
  function: 1.0
  translated form: 1.0
  postfix form: {1.0}
  coordinate type: mapped

-- Vparallel --
Constant grid function parameters:
  value: 0


  mu_lower: 
Maxwellian kinetic function parameters:
-- Density --
Arbitrary grid function parameters:
  function: 1.0*exp( -(x-pi)/(2*pi*0.04/0.02) )*( 1.0+0.00000001*cos(2*y) )
  translated form: 1.0*exp(-(x'-pi')/(2*pi'*0.04/0.02))*(1.0+0.00000001*cos(2*y'))
  postfix form: {1.0}{x'[0]}{PI'}{-}{-:}{2}{PI'}{*}{0.04}{*}{0.02}{/}{/}{exp}{*}{1.0}{0.00000001}{2}{y'[0]}{*}{cos}{*}{+}{*}
  coordinate type: mapped

-- Temperature --
Arbitrary grid function parameters:
  function: 1.0
  translated form: 1.0
  postfix form: {1.0}
  coordinate type: mapped

-- Vparallel --
Constant grid function parameters:
  value: 0


  mu_upper: 
Maxwellian kinetic function parameters:
-- Density --
Arbitrary grid function parameters:
  function: 1.0*exp( -(x-pi)/(2*pi*0.04/0.02) )*( 1.0+0.00000001*cos(2*y) )
  translated form: 1.0*exp(-(x'-pi')/(2*pi'*0.04/0.02))*(1.0+0.00000001*cos(2*y'))
  postfix form: {1.0}{x'[0]}{PI'}{-}{-:}{2}{PI'}{*}{0.04}{*}{0.02}{/}{/}{exp}{*}{1.0}{0.00000001}{2}{y'[0]}{*}{cos}{*}{+}{*}
  coordinate type: mapped

-- Temperature --
Arbitrary grid function parameters:
  function: 1.0
  translated form: 1.0
  postfix form: {1.0}
  coordinate type: mapped

-- Vparallel --
Constant grid function parameters:
  value: 0


-----------------------------------------------
===============================================

SlabPhaseBC ================================
- variable: electron-------------
  radial_lower: 
Maxwellian kinetic function parameters:
-- Density --
Arbitrary grid function parameters:
  function: 1.0*exp( -(x-pi)/(2*pi*0.04/0.02) )
  translated form: 1.0*exp(-(x'-pi')/(2*pi'*0.04/0.02))
  postfix form: {1.0}{x'[0]}{PI'}{-}{-:}{2}{PI'}{*}{0.04}{*}{0.02}{/}{/}{exp}{*}
  coordinate type: mapped

-- Temperature --
Arbitrary grid function parameters:
  function: 1.0
  translated form: 1.0
  postfix form: {1.0}
  coordinate type: mapped

-- Vparallel --
Constant grid function parameters:
  value: 0


  radial_upper: 
Maxwellian kinetic function parameters:
-- Density --
Arbitrary grid function parameters:
  function: 1.0*exp( -(x-pi)/(2*pi*0.04/0.02) )
  translated form: 1.0*exp(-(x'-pi')/(2*pi'*0.04/0.02))
  postfix form: {1.0}{x'[0]}{PI'}{-}{-:}{2}{PI'}{*}{0.04}{*}{0.02}{/}{/}{exp}{*}
  coordinate type: mapped

-- Temperature --
Arbitrary grid function parameters:
  function: 1.0
  translated form: 1.0
  postfix form: {1.0}
  coordinate type: mapped

-- Vparallel --
Constant grid function parameters:
  value: 0


  poloidal_lower: 
Maxwellian kinetic function parameters:
-- Density --
Arbitrary grid function parameters:
  function: 1.0*exp( -(x-pi)/(2*pi*0.04/0.02) )
  translated form: 1.0*exp(-(x'-pi')/(2*pi'*0.04/0.02))
  postfix form: {1.0}{x'[0]}{PI'}{-}{-:}{2}{PI'}{*}{0.04}{*}{0.02}{/}{/}{exp}{*}
  coordinate type: mapped

-- Temperature --
Arbitrary grid function parameters:
  function: 1.0
  translated form: 1.0
  postfix form: {1.0}
  coordinate type: mapped

-- Vparallel --
Constant grid function parameters:
  value: 0


  poloidal_upper: 
Maxwellian kinetic function parameters:
-- Density --
Arbitrary grid function parameters:
  function: 1.0*exp( -(x-pi)/(2*pi*0.04/0.02) )
  translated form: 1.0*exp(-(x'-pi')/(2*pi'*0.04/0.02))
  postfix form: {1.0}{x'[0]}{PI'}{-}{-:}{2}{PI'}{*}{0.04}{*}{0.02}{/}{/}{exp}{*}
  coordinate type: mapped

-- Temperature --
Arbitrary grid function parameters:
  function: 1.0
  translated form: 1.0
  postfix form: {1.0}
  coordinate type: mapped

-- Vparallel --
Constant grid function parameters:
  value: 0


  toroidal_lower: 
Maxwellian kinetic function parameters:
-- Density --
Arbitrary grid function parameters:
  function: 1.0*exp( -(x-pi)/(2*pi*0.04/0.02) )
  translated form: 1.0*exp(-(x'-pi')/(2*pi'*0.04/0.02))
  postfix form: {1.0}{x'[0]}{PI'}{-}{-:}{2}{PI'}{*}{0.04}{*}{0.02}{/}{/}{exp}{*}
  coordinate type: mapped

-- Temperature --
Arbitrary grid function parameters:
  function: 1.0
  translated form: 1.0
  postfix form: {1.0}
  coordinate type: mapped

-- Vparallel --
Constant grid function parameters:
  value: 0


  toroidal_upper: 
Maxwellian kinetic function parameters:
-- Density --
Arbitrary grid function parameters:
  function: 1.0*exp( -(x-pi)/(2*pi*0.04/0.02) )
  translated form: 1.0*exp(-(x'-pi')/(2*pi'*0.04/0.02))
  postfix form: {1.0}{x'[0]}{PI'}{-}{-:}{2}{PI'}{*}{0.04}{*}{0.02}{/}{/}{exp}{*}
  coordinate type: mapped

-- Temperature --
Arbitrary grid function parameters:
  function: 1.0
  translated form: 1.0
  postfix form: {1.0}
  coordinate type: mapped

-- Vparallel --
Constant grid function parameters:
  value: 0


  vpar_lower: 
Maxwellian kinetic function parameters:
-- Density --
Arbitrary grid function parameters:
  function: 1.0*exp( -(x-pi)/(2*pi*0.04/0.02) )
  translated form: 1.0*exp(-(x'-pi')/(2*pi'*0.04/0.02))
  postfix form: {1.0}{x'[0]}{PI'}{-}{-:}{2}{PI'}{*}{0.04}{*}{0.02}{/}{/}{exp}{*}
  coordinate type: mapped

-- Temperature --
Arbitrary grid function parameters:
  function: 1.0
  translated form: 1.0
  postfix form: {1.0}
  coordinate type: mapped

-- Vparallel --
Constant grid function parameters:
  value: 0


  vpar_upper: 
Maxwellian kinetic function parameters:
-- Density --
Arbitrary grid function parameters:
  function: 1.0*exp( -(x-pi)/(2*pi*0.04/0.02) )
  translated form: 1.0*exp(-(x'-pi')/(2*pi'*0.04/0.02))
  postfix form: {1.0}{x'[0]}{PI'}{-}{-:}{2}{PI'}{*}{0.04}{*}{0.02}{/}{/}{exp}{*}
  coordinate type: mapped

-- Temperature --
Arbitrary grid function parameters:
  function: 1.0
  translated form: 1.0
  postfix form: {1.0}
  coordinate type: mapped

-- Vparallel --
Constant grid function parameters:
  value: 0


  mu_lower: 
Maxwellian kinetic function parameters:
-- Density --
Arbitrary grid function parameters:
  function: 1.0*exp( -(x-pi)/(2*pi*0.04/0.02) )
  translated form: 1.0*exp(-(x'-pi')/(2*pi'*0.04/0.02))
  postfix form: {1.0}{x'[0]}{PI'}{-}{-:}{2}{PI'}{*}{0.04}{*}{0.02}{/}{/}{exp}{*}
  coordinate type: mapped

-- Temperature --
Arbitrary grid function parameters:
  function: 1.0
  translated form: 1.0
  postfix form: {1.0}
  coordinate type: mapped

-- Vparallel --
Constant grid function parameters:
  value: 0


  mu_upper: 
Maxwellian kinetic function parameters:
-- Density --
Arbitrary grid function parameters:
  function: 1.0*exp( -(x-pi)/(2*pi*0.04/0.02) )
  translated form: 1.0*exp(-(x'-pi')/(2*pi'*0.04/0.02))
  postfix form: {1.0}{x'[0]}{PI'}{-}{-:}{2}{PI'}{*}{0.04}{*}{0.02}{/}{/}{exp}{*}
  coordinate type: mapped

-- Temperature --
Arbitrary grid function parameters:
  function: 1.0
  translated form: 1.0
  postfix form: {1.0}
  coordinate type: mapped

-- Vparallel --
Constant grid function parameters:
  value: 0


-----------------------------------------------
===============================================
No collision model specified for hydrogen.
Collision model for 0	hydrogen:	None
No collision model specified for electron.
Collision model for 1	electron:	None
Time integration method: rk (4)
      BiCGStab converged successfully
  Distribution Function Extrema:
    Species 0:	59.5899 [max]	0.000353025 [min]
    Species 1:	0.267317 [max]	1.58365e-06 [min]


Step 1
      BiCGStab converged successfully
  --
  Subiteration:1 of 1
      BiCGStab converged successfully
      BiCGStab converged successfully
      BiCGStab converged successfully
  ----
  dt: 0.025
    Vlasov    : 0.770526 (time scale), 0.0324454 (CFL)
    Collisions: 1.79769e+308 (time scale), 1.39067e-310 (CFL)
  ----
  Distribution Function Extrema:
    Species 0:	59.5899 [max]	0.000353025 [min]
    Species 1:	0.267317 [max]	1.58365e-06 [min]

Step 1 completed, simulation time is 0.025
----

Step 2
      BiCGStab converged successfully
  --
  Subiteration:1 of 1
      BiCGStab converged successfully
      BiCGStab converged successfully
      BiCGStab converged successfully
  ----
  dt: 0.025
    Vlasov    : 0.770526 (time scale), 0.0324454 (CFL)
    Collisions: 1.79769e+308 (time scale), 1.39067e-310 (CFL)
  ----
  Distribution Function Extrema:
    Species 0:	59.5899 [max]	0.000353025 [min]
    Species 1:	0.267317 [max]	1.58365e-06 [min]

Step 2 completed, simulation time is 0.05
----

Step 3
      BiCGStab converged successfully
  --
  Subiteration:1 of 1
      BiCGStab converged successfully
      BiCGStab converged successfully
      BiCGStab converged successfully
  ----
  dt: 0.025
    Vlasov    : 0.770526 (time scale), 0.0324454 (CFL)
    Collisions: 1.79769e+308 (time scale), 1.39067e-310 (CFL)
  ----
  Distribution Function Extrema:
    Species 0:	59.5899 [max]	0.000353025 [min]
    Species 1:	0.267317 [max]	1.58365e-06 [min]

Step 3 completed, simulation time is 0.075
----

Step 4
      BiCGStab converged successfully
  --
  Subiteration:1 of 1
      BiCGStab converged successfully
      BiCGStab converged successfully
      BiCGStab converged successfully
  ----
  dt: 0.025
    Vlasov    : 0.770526 (time scale), 0.0324454 (CFL)
    Collisions: 1.79769e+308 (time scale), 1.39067e-310 (CFL)
  ----
  Distribution Function Extrema:
    Species 0:	59.5899 [max]	0.000353025 [min]
    Species 1:	0.267317 [max]	1.58365e-06 [min]

Step 4 completed, simulation time is 0.1
----

Step 5
      BiCGStab converged successfully
  --
  Subiteration:1 of 1
      BiCGStab converged successfully
      BiCGStab converged successfully
      BiCGStab converged successfully
  ----
  dt: 0.025
    Vlasov    : 0.770526 (time scale), 0.0324454 (CFL)
    Collisions: 1.79769e+308 (time scale), 1.39067e-310 (CFL)
  ----
  Distribution Function Extrema:
    Species 0:	59.5899 [max]	0.000353025 [min]
    Species 1:	0.267317 [max]	1.58365e-06 [min]

Step 5 completed, simulation time is 0.125
----

Step 6
      BiCGStab converged successfully
  --
  Subiteration:1 of 1
      BiCGStab converged successfully
      BiCGStab converged successfully
      BiCGStab converged successfully
  ----
  dt: 0.025
    Vlasov    : 0.770526 (time scale), 0.0324454 (CFL)
    Collisions: 1.79769e+308 (time scale), 1.39067e-310 (CFL)
  ----
  Distribution Function Extrema:
    Species 0:	59.5899 [max]	0.000353025 [min]
    Species 1:	0.267317 [max]	1.58365e-06 [min]

Step 6 completed, simulation time is 0.15
----

Step 7
      BiCGStab converged successfully
  --
  Subiteration:1 of 1
      BiCGStab converged successfully
      BiCGStab converged successfully
      BiCGStab converged successfully
  ----
  dt: 0.025
    Vlasov    : 0.770526 (time scale), 0.0324454 (CFL)
    Collisions: 1.79769e+308 (time scale), 1.39067e-310 (CFL)
  ----
  Distribution Function Extrema:
    Species 0:	59.5899 [max]	0.000353025 [min]
    Species 1:	0.267317 [max]	1.58365e-06 [min]

Step 7 completed, simulation time is 0.175
----

Step 8
      BiCGStab converged successfully
  --
  Subiteration:1 of 1
      BiCGStab converged successfully
      BiCGStab converged successfully
      BiCGStab converged successfully
  ----
  dt: 0.025
    Vlasov    : 0.770526 (time scale), 0.0324454 (CFL)
    Collisions: 1.79769e+308 (time scale), 1.39067e-310 (CFL)
  ----
  Distribution Function Extrema:
    Species 0:	59.5899 [max]	0.000353025 [min]
    Species 1:	0.267317 [max]	1.58365e-06 [min]

Step 8 completed, simulation time is 0.2
----

Step 9
      BiCGStab converged successfully
  --
  Subiteration:1 of 1
      BiCGStab converged successfully
      BiCGStab converged successfully
      BiCGStab converged successfully
  ----
  dt: 0.025
    Vlasov    : 0.770526 (time scale), 0.0324454 (CFL)
    Collisions: 1.79769e+308 (time scale), 1.39067e-310 (CFL)
  ----
  Distribution Function Extrema:
    Species 0:	59.5899 [max]	0.000353025 [min]
    Species 1:	0.267317 [max]	1.58365e-06 [min]

Step 9 completed, simulation time is 0.225
----

Step 10
      BiCGStab converged successfully
  --
  Subiteration:1 of 1
      BiCGStab converged successfully
      BiCGStab converged successfully
      BiCGStab converged successfully
  ----
  dt: 0.025
    Vlasov    : 0.770526 (time scale), 0.0324454 (CFL)
    Collisions: 1.79769e+308 (time scale), 1.39067e-310 (CFL)
  ----
  Distribution Function Extrema:
    Species 0:	59.5899 [max]	0.000353025 [min]
    Species 1:	0.267317 [max]	1.58365e-06 [min]

Step 10 completed, simulation time is 0.25
----
Writing checkpoint file
Writing history file

Step 11
      BiCGStab converged successfully
  --
  Subiteration:1 of 1
      BiCGStab converged successfully
      BiCGStab converged successfully
      BiCGStab converged successfully
  ----
  dt: 0.025
    Vlasov    : 0.770526 (time scale), 0.0324454 (CFL)
    Collisions: 1.79769e+308 (time scale), 1.39067e-310 (CFL)
  ----
  Distribution Function Extrema:
    Species 0:	59.5899 [max]	0.000353025 [min]
    Species 1:	0.267317 [max]	1.58365e-06 [min]

Step 11 completed, simulation time is 0.275
----

Step 12
      BiCGStab converged successfully
  --
  Subiteration:1 of 1
      BiCGStab converged successfully
      BiCGStab converged successfully
      BiCGStab converged successfully
  ----
  dt: 0.025
    Vlasov    : 0.770526 (time scale), 0.0324454 (CFL)
    Collisions: 1.79769e+308 (time scale), 1.39067e-310 (CFL)
  ----
  Distribution Function Extrema:
    Species 0:	59.5899 [max]	0.000353025 [min]
    Species 1:	0.267317 [max]	1.58365e-06 [min]

Step 12 completed, simulation time is 0.3
----

Step 13
      BiCGStab converged successfully
  --
  Subiteration:1 of 1
      BiCGStab converged successfully
      BiCGStab converged successfully
      BiCGStab converged successfully
  ----
  dt: 0.025
    Vlasov    : 0.770526 (time scale), 0.0324454 (CFL)
    Collisions: 1.79769e+308 (time scale), 1.39067e-310 (CFL)
  ----
  Distribution Function Extrema:
    Species 0:	59.5899 [max]	0.000353025 [min]
    Species 1:	0.267317 [max]	1.58365e-06 [min]

Step 13 completed, simulation time is 0.325
----

Step 14
      BiCGStab converged successfully
  --
  Subiteration:1 of 1
      BiCGStab converged successfully
      BiCGStab converged successfully
      BiCGStab converged successfully
  ----
  dt: 0.025
    Vlasov    : 0.770526 (time scale), 0.0324454 (CFL)
    Collisions: 1.79769e+308 (time scale), 1.39067e-310 (CFL)
  ----
  Distribution Function Extrema:
    Species 0:	59.5899 [max]	0.000353025 [min]
    Species 1:	0.267317 [max]	1.58365e-06 [min]

Step 14 completed, simulation time is 0.35
----

Step 15
      BiCGStab converged successfully
  --
  Subiteration:1 of 1
      BiCGStab converged successfully
      BiCGStab converged successfully
      BiCGStab converged successfully
  ----
  dt: 0.025
    Vlasov    : 0.770526 (time scale), 0.0324454 (CFL)
    Collisions: 1.79769e+308 (time scale), 1.39067e-310 (CFL)
  ----
  Distribution Function Extrema:
    Species 0:	59.5899 [max]	0.000353025 [min]
    Species 1:	0.267317 [max]	1.58365e-06 [min]

Step 15 completed, simulation time is 0.375
----

Step 16
      BiCGStab converged successfully
  --
  Subiteration:1 of 1
      BiCGStab converged successfully
      BiCGStab converged successfully
      BiCGStab converged successfully
  ----
  dt: 0.025
    Vlasov    : 0.770526 (time scale), 0.0324454 (CFL)
    Collisions: 1.79769e+308 (time scale), 1.39067e-310 (CFL)
  ----
  Distribution Function Extrema:
    Species 0:	59.5899 [max]	0.000353025 [min]
    Species 1:	0.267317 [max]	1.58365e-06 [min]

Step 16 completed, simulation time is 0.4
----

Step 17
      BiCGStab converged successfully
  --
  Subiteration:1 of 1
      BiCGStab converged successfully
      BiCGStab converged successfully
      BiCGStab converged successfully
  ----
  dt: 0.025
    Vlasov    : 0.770526 (time scale), 0.0324454 (CFL)
    Collisions: 1.79769e+308 (time scale), 1.39067e-310 (CFL)
  ----
  Distribution Function Extrema:
    Species 0:	59.5899 [max]	0.000353025 [min]
    Species 1:	0.267317 [max]	1.58365e-06 [min]

Step 17 completed, simulation time is 0.425
----

Step 18
      BiCGStab converged successfully
  --
  Subiteration:1 of 1
      BiCGStab converged successfully
      BiCGStab converged successfully
      BiCGStab converged successfully
  ----
  dt: 0.025
    Vlasov    : 0.770526 (time scale), 0.0324454 (CFL)
    Collisions: 1.79769e+308 (time scale), 1.39067e-310 (CFL)
  ----
  Distribution Function Extrema:
    Species 0:	59.5899 [max]	0.000353025 [min]
    Species 1:	0.267317 [max]	1.58365e-06 [min]

Step 18 completed, simulation time is 0.45
----

Step 19
      BiCGStab converged successfully
  --
  Subiteration:1 of 1
      BiCGStab converged successfully
      BiCGStab converged successfully
      BiCGStab converged successfully
  ----
  dt: 0.025
    Vlasov    : 0.770526 (time scale), 0.0324454 (CFL)
    Collisions: 1.79769e+308 (time scale), 1.39067e-310 (CFL)
  ----
  Distribution Function Extrema:
    Species 0:	59.5899 [max]	0.000353025 [min]
    Species 1:	0.267317 [max]	1.58365e-06 [min]

Step 19 completed, simulation time is 0.475
----

Step 20
      BiCGStab converged successfully
  --
  Subiteration:1 of 1
      BiCGStab converged successfully
      BiCGStab converged successfully
      BiCGStab converged successfully
  ----
  dt: 0.025
    Vlasov    : 0.770526 (time scale), 0.0324454 (CFL)
    Collisions: 1.79769e+308 (time scale), 1.39067e-310 (CFL)
  ----
  Distribution Function Extrema:
    Species 0:	59.5899 [max]	0.000353025 [min]
    Species 1:	0.267317 [max]	1.58365e-06 [min]

Step 20 completed, simulation time is 0.5
----
Writing checkpoint file
Writing history file

Step 21
      BiCGStab converged successfully
  --
  Subiteration:1 of 1
      BiCGStab converged successfully
      BiCGStab converged successfully
      BiCGStab converged successfully
  ----
  dt: 0.025
    Vlasov    : 0.770526 (time scale), 0.0324454 (CFL)
    Collisions: 1.79769e+308 (time scale), 1.39067e-310 (CFL)
  ----
  Distribution Function Extrema:
    Species 0:	59.5899 [max]	0.000353025 [min]
    Species 1:	0.267317 [max]	1.58365e-06 [min]

Step 21 completed, simulation time is 0.525
----

Step 22
      BiCGStab converged successfully
  --
  Subiteration:1 of 1
      BiCGStab converged successfully
      BiCGStab converged successfully
      BiCGStab converged successfully
  ----
  dt: 0.025
    Vlasov    : 0.770526 (time scale), 0.0324454 (CFL)
    Collisions: 1.79769e+308 (time scale), 1.39067e-310 (CFL)
  ----
  Distribution Function Extrema:
    Species 0:	59.5899 [max]	0.000353025 [min]
    Species 1:	0.267317 [max]	1.58365e-06 [min]

Step 22 completed, simulation time is 0.55
----

Step 23
      BiCGStab converged successfully
  --
  Subiteration:1 of 1
      BiCGStab converged successfully
      BiCGStab converged successfully
      BiCGStab converged successfully
  ----
  dt: 0.025
    Vlasov    : 0.770526 (time scale), 0.0324454 (CFL)
    Collisions: 1.79769e+308 (time scale), 1.39067e-310 (CFL)
  ----
  Distribution Function Extrema:
    Species 0:	59.5899 [max]	0.000353025 [min]
    Species 1:	0.267317 [max]	1.58365e-06 [min]

Step 23 completed, simulation time is 0.575
----

Step 24
      BiCGStab converged successfully
  --
  Subiteration:1 of 1
      BiCGStab converged successfully
      BiCGStab converged successfully
      BiCGStab converged successfully
  ----
  dt: 0.025
    Vlasov    : 0.770526 (time scale), 0.0324454 (CFL)
    Collisions: 1.79769e+308 (time scale), 1.39067e-310 (CFL)
  ----
  Distribution Function Extrema:
    Species 0:	59.5899 [max]	0.000353025 [min]
    Species 1:	0.267317 [max]	1.58365e-06 [min]

Step 24 completed, simulation time is 0.6
----

Step 25
      BiCGStab converged successfully
  --
  Subiteration:1 of 1
      BiCGStab converged successfully
      BiCGStab converged successfully
      BiCGStab converged successfully
  ----
  dt: 0.025
    Vlasov    : 0.770526 (time scale), 0.0324454 (CFL)
    Collisions: 1.79769e+308 (time scale), 1.39067e-310 (CFL)
  ----
  Distribution Function Extrema:
    Species 0:	59.5899 [max]	0.000353025 [min]
    Species 1:	0.267317 [max]	1.58365e-06 [min]

Step 25 completed, simulation time is 0.625
----

Step 26
      BiCGStab converged successfully
  --
  Subiteration:1 of 1
      BiCGStab converged successfully
      BiCGStab converged successfully
      BiCGStab converged successfully
  ----
  dt: 0.025
    Vlasov    : 0.770526 (time scale), 0.0324454 (CFL)
    Collisions: 1.79769e+308 (time scale), 1.39067e-310 (CFL)
  ----
  Distribution Function Extrema:
    Species 0:	59.5899 [max]	0.000353025 [min]
    Species 1:	0.267317 [max]	1.58365e-06 [min]

Step 26 completed, simulation time is 0.65
----

Step 27
      BiCGStab converged successfully
  --
  Subiteration:1 of 1
      BiCGStab converged successfully
      BiCGStab converged successfully
      BiCGStab converged successfully
  ----
  dt: 0.025
    Vlasov    : 0.770526 (time scale), 0.0324454 (CFL)
    Collisions: 1.79769e+308 (time scale), 1.39067e-310 (CFL)
  ----
  Distribution Function Extrema:
    Species 0:	59.5899 [max]	0.000353025 [min]
    Species 1:	0.267317 [max]	1.58365e-06 [min]

Step 27 completed, simulation time is 0.675
----

Step 28
      BiCGStab converged successfully
  --
  Subiteration:1 of 1
      BiCGStab converged successfully
      BiCGStab converged successfully
      BiCGStab converged successfully
  ----
  dt: 0.025
    Vlasov    : 0.770526 (time scale), 0.0324454 (CFL)
    Collisions: 1.79769e+308 (time scale), 1.39067e-310 (CFL)
  ----
  Distribution Function Extrema:
    Species 0:	59.5899 [max]	0.000353025 [min]
    Species 1:	0.267317 [max]	1.58365e-06 [min]

Step 28 completed, simulation time is 0.7
----

Step 29
      BiCGStab converged successfully
  --
  Subiteration:1 of 1
      BiCGStab converged successfully
      BiCGStab converged successfully
      BiCGStab converged successfully
  ----
  dt: 0.025
    Vlasov    : 0.770526 (time scale), 0.0324454 (CFL)
    Collisions: 1.79769e+308 (time scale), 1.39067e-310 (CFL)
  ----
  Distribution Function Extrema:
    Species 0:	59.5899 [max]	0.000353025 [min]
    Species 1:	0.267317 [max]	1.58365e-06 [min]

Step 29 completed, simulation time is 0.725
----

Step 30
      BiCGStab converged successfully
  --
  Subiteration:1 of 1
      BiCGStab converged successfully
      BiCGStab converged successfully
      BiCGStab converged successfully
  ----
  dt: 0.025
    Vlasov    : 0.770526 (time scale), 0.0324454 (CFL)
    Collisions: 1.79769e+308 (time scale), 1.39067e-310 (CFL)
  ----
  Distribution Function Extrema:
    Species 0:	59.5899 [max]	0.000353025 [min]
    Species 1:	0.267317 [max]	1.58365e-06 [min]

Step 30 completed, simulation time is 0.75
----
Writing checkpoint file
Writing history file

Step 31
      BiCGStab converged successfully
  --
  Subiteration:1 of 1
      BiCGStab converged successfully
      BiCGStab converged successfully
      BiCGStab converged successfully
  ----
  dt: 0.025
    Vlasov    : 0.770526 (time scale), 0.0324454 (CFL)
    Collisions: 1.79769e+308 (time scale), 1.39067e-310 (CFL)
  ----
  Distribution Function Extrema:
    Species 0:	59.5899 [max]	0.000353025 [min]
    Species 1:	0.267317 [max]	1.58365e-06 [min]

Step 31 completed, simulation time is 0.775
----

Step 32
      BiCGStab converged successfully
  --
  Subiteration:1 of 1
      BiCGStab converged successfully
      BiCGStab converged successfully
      BiCGStab converged successfully
  ----
  dt: 0.025
    Vlasov    : 0.770526 (time scale), 0.0324454 (CFL)
    Collisions: 1.79769e+308 (time scale), 1.39067e-310 (CFL)
  ----
  Distribution Function Extrema:
    Species 0:	59.5899 [max]	0.000353025 [min]
    Species 1:	0.267317 [max]	1.58365e-06 [min]

Step 32 completed, simulation time is 0.8
----

Step 33
      BiCGStab converged successfully
  --
  Subiteration:1 of 1
      BiCGStab converged successfully
      BiCGStab converged successfully
      BiCGStab converged successfully
  ----
  dt: 0.025
    Vlasov    : 0.770526 (time scale), 0.0324454 (CFL)
    Collisions: 1.79769e+308 (time scale), 1.39067e-310 (CFL)
  ----
  Distribution Function Extrema:
    Species 0:	59.5899 [max]	0.000353025 [min]
    Species 1:	0.267317 [max]	1.58365e-06 [min]

Step 33 completed, simulation time is 0.825
----

Step 34
      BiCGStab converged successfully
  --
  Subiteration:1 of 1
      BiCGStab converged successfully
      BiCGStab converged successfully
      BiCGStab converged successfully
  ----
  dt: 0.025
    Vlasov    : 0.770526 (time scale), 0.0324454 (CFL)
    Collisions: 1.79769e+308 (time scale), 1.39067e-310 (CFL)
  ----
  Distribution Function Extrema:
    Species 0:	59.5899 [max]	0.000353025 [min]
    Species 1:	0.267317 [max]	1.58365e-06 [min]

Step 34 completed, simulation time is 0.85
----

Step 35
      BiCGStab converged successfully
  --
  Subiteration:1 of 1
      BiCGStab converged successfully
      BiCGStab converged successfully
slurmstepd: *** STEP 755701.0 ON nid00392 CANCELLED AT 2016-06-27T17:32:38 DUE TO TIME LIMIT ***
slurmstepd: *** JOB 755701 ON nid00392 CANCELLED AT 2016-06-27T17:32:38 DUE TO TIME LIMIT ***
srun: got SIGCONT
srun: got SIGCONT
srun: forcing job termination
srun: Job step aborted: Waiting up to 32 seconds for job step to finish.
