** GKUnits ***********************************************************

==== Fundamental Units ===============================================
  NUMBER DENSITY    [1/m^3]: 1e+20
  TEMPERATURE           [eV]: 400
  LENGTH                [m]: 1
  MASS                 [AMU]: 1
  MAGNETIC FIELD        [T]: 1
  CHARGE                [C]: 1.60218e-19
  BOLTZMANN CONSTANT  [J/K]: 1.38065e-23
  ELECTRIC CONSTANT   [F/m]: 8.85419e-12
  MAGNETIC CONSTANT   [H/m]: 1.25664e-06

==== Derived Units ===================================================

  THERMAL SPEED       [m/s]: 195743
  TRANSIT TIME          [s]: 5.10874e-06
  MAGNETIC MOMENT     [J/T]: 3.20435e-17
  DIST. FUNCTION [s/(Am^6)]: 4244.15
  POTENTIAL             [V]: 400
  GYROFREQUENCY       [1/s]: 9.57883e+07
  GYRORADIUS            [m]: 0.0020435
  DEBYE LENGTH          [m]: 1.48679e-05

==== Dimensionless Parameters =========================================

  LARMOR NUMBER            : 0.0020435
  DEBYE NUMBER             : 1.48679e-05

***********************************************************************
Constructing slab geometry...
xmax = 0.008, ymax = 0.008, zmax = 2.4
Bz_inner = 3, Bz_outer = 3
By_inner  = 0.01
Done constructing slab geometry

dx*nx= 0.523599 * 12 = 6.28319, dx(m)*nx= 0.000666667 * 12 = 0.008, ( 1 : 0.00127324 )
dy*ny= 0.19635 * 32 = 6.28319, dy(m)*ny= 0.00025 * 32 = 0.008, ( 1 : 0.00127324 )
dz*nz= 0.392699 * 16 = 6.28319, dz(m)*nz= 0.15 * 16 = 2.4, ( 1 : 0.381972 )

   Configuration space box ((0,0,0) (11,7,15) (0,0,0)) is assigned to process 0
   Configuration space box ((0,8,0) (11,15,15) (0,0,0)) is assigned to process 1
   Configuration space box ((0,16,0) (11,23,15) (0,0,0)) is assigned to process 2
   Configuration space box ((0,24,0) (11,31,15) (0,0,0)) is assigned to process 3
Constructing magnetic geometry
Done constructing magnetic geometry
   Velocity space box ((-32,0) (-25,11) (0,0)) is assigned to process 0
   Velocity space box ((-24,0) (-17,11) (0,0)) is assigned to process 1
   Velocity space box ((-16,0) (-9,11) (0,0)) is assigned to process 2
   Velocity space box ((-8,0) (-1,11) (0,0)) is assigned to process 3
   Velocity space box ((0,0) (7,11) (0,0)) is assigned to process 4
   Velocity space box ((8,0) (15,11) (0,0)) is assigned to process 5
   Velocity space box ((16,0) (23,11) (0,0)) is assigned to process 6
   Velocity space box ((24,0) (31,11) (0,0)) is assigned to process 7
   Velocity space box ((-32,12) (-25,23) (0,0)) is assigned to process 8
   Velocity space box ((-24,12) (-17,23) (0,0)) is assigned to process 9
   Velocity space box ((-16,12) (-9,23) (0,0)) is assigned to process 10
   Velocity space box ((-8,12) (-1,23) (0,0)) is assigned to process 11
   Velocity space box ((0,12) (7,23) (0,0)) is assigned to process 12
   Velocity space box ((8,12) (15,23) (0,0)) is assigned to process 13
   Velocity space box ((16,12) (23,23) (0,0)) is assigned to process 14
   Velocity space box ((24,12) (31,23) (0,0)) is assigned to process 15
   Velocity space box ((-32,24) (-25,35) (0,0)) is assigned to process 16
   Velocity space box ((-24,24) (-17,35) (0,0)) is assigned to process 17
   Velocity space box ((-16,24) (-9,35) (0,0)) is assigned to process 18
   Velocity space box ((-8,24) (-1,35) (0,0)) is assigned to process 19
   Velocity space box ((0,24) (7,35) (0,0)) is assigned to process 20
   Velocity space box ((8,24) (15,35) (0,0)) is assigned to process 21
   Velocity space box ((16,24) (23,35) (0,0)) is assigned to process 22
   Velocity space box ((24,24) (31,35) (0,0)) is assigned to process 23
   Velocity space box ((-32,36) (-25,47) (0,0)) is assigned to process 24
   Velocity space box ((-24,36) (-17,47) (0,0)) is assigned to process 25
   Velocity space box ((-16,36) (-9,47) (0,0)) is assigned to process 26
   Velocity space box ((-8,36) (-1,47) (0,0)) is assigned to process 27
   Velocity space box ((0,36) (7,47) (0,0)) is assigned to process 28
   Velocity space box ((8,36) (15,47) (0,0)) is assigned to process 29
   Velocity space box ((16,36) (23,47) (0,0)) is assigned to process 30
   Velocity space box ((24,36) (31,47) (0,0)) is assigned to process 31

Done creating velocity coordinate
dvpar*nvpar= 0.15625 * 32 = 5, dv_parallel(m/s)*nvpar= 30584.8 * 32 = 978715, ( 1 : 195743 )
dmu*nmu= 0.104167 * 48 = 5, dmu(J/T)*nmu= 3.33787e-18 * 48 = 1.60218e-16, ( 1 : 3.20435e-17 )

   Phase space box ((0,0,0,0,0) (11,7,15,7,11) (0,0,0,0,0)) is assigned to process 4, has 147456 valid cells and 2310144 ghost cells
   Phase space box ((0,0,0,16,12) (11,7,15,23,23) (0,0,0,0,0)) is assigned to process 14, has 147456 valid cells and 2310144 ghost cells
   Phase space box ((0,0,0,8,24) (11,7,15,15,35) (0,0,0,0,0)) is assigned to process 21, has 147456 valid cells and 2310144 ghost cells
   Phase space box ((0,0,0,-16,36) (11,7,15,-9,47) (0,0,0,0,0)) is assigned to process 26, has 147456 valid cells and 2310144 ghost cells
   Phase space box ((0,0,0,-32,0) (11,7,15,-25,11) (0,0,0,0,0)) is assigned to process 0, has 147456 valid cells and 2310144 ghost cells
   Phase space box ((0,0,0,24,0) (11,7,15,31,11) (0,0,0,0,0)) is assigned to process 7, has 147456 valid cells and 2310144 ghost cells
   Phase space box ((0,0,0,-24,24) (11,7,15,-17,35) (0,0,0,0,0)) is assigned to process 17, has 147456 valid cells and 2310144 ghost cells
   Phase space box ((0,0,0,0,24) (11,7,15,7,35) (0,0,0,0,0)) is assigned to process 20, has 147456 valid cells and 2310144 ghost cells
   Phase space box ((0,0,0,16,24) (11,7,15,23,35) (0,0,0,0,0)) is assigned to process 22, has 147456 valid cells and 2310144 ghost cells
   Phase space box ((0,0,0,-32,36) (11,7,15,-25,47) (0,0,0,0,0)) is assigned to process 24, has 147456 valid cells and 2310144 ghost cells
   Phase space box ((0,0,0,-16,0) (11,7,15,-9,11) (0,0,0,0,0)) is assigned to process 2, has 147456 valid cells and 2310144 ghost cells
   Phase space box ((0,0,0,-16,12) (11,7,15,-9,23) (0,0,0,0,0)) is assigned to process 10, has 147456 valid cells and 2310144 ghost cells
   Phase space box ((0,0,0,0,12) (11,7,15,7,23) (0,0,0,0,0)) is assigned to process 12, has 147456 valid cells and 2310144 ghost cells
   Phase space box ((0,0,0,-32,24) (11,7,15,-25,35) (0,0,0,0,0)) is assigned to process 16, has 147456 valid cells and 2310144 ghost cells
   Phase space box ((0,0,0,-16,24) (11,7,15,-9,35) (0,0,0,0,0)) is assigned to process 18, has 147456 valid cells and 2310144 ghost cells
   Phase space box ((0,0,0,24,24) (11,7,15,31,35) (0,0,0,0,0)) is assigned to process 23, has 147456 valid cells and 2310144 ghost cells
   Phase space box ((0,0,0,0,36) (11,7,15,7,47) (0,0,0,0,0)) is assigned to process 28, has 147456 valid cells and 2310144 ghost cells
   Phase space box ((0,0,0,16,36) (11,7,15,23,47) (0,0,0,0,0)) is assigned to process 30, has 147456 valid cells and 2310144 ghost cells
   Phase space box ((0,0,0,-24,0) (11,7,15,-17,11) (0,0,0,0,0)) is assigned to process 1, has 147456 valid cells and 2310144 ghost cells
   Phase space box ((0,0,0,-8,0) (11,7,15,-1,11) (0,0,0,0,0)) is assigned to process 3, has 147456 valid cells and 2310144 ghost cells
   Phase space box ((0,0,0,8,0) (11,7,15,15,11) (0,0,0,0,0)) is assigned to process 5, has 147456 valid cells and 2310144 ghost cells
   Phase space box ((0,0,0,16,0) (11,7,15,23,11) (0,0,0,0,0)) is assigned to process 6, has 147456 valid cells and 2310144 ghost cells
   Phase space box ((0,0,0,-32,12) (11,7,15,-25,23) (0,0,0,0,0)) is assigned to process 8, has 147456 valid cells and 2310144 ghost cells
   Phase space box ((0,0,0,-24,12) (11,7,15,-17,23) (0,0,0,0,0)) is assigned to process 9, has 147456 valid cells and 2310144 ghost cells
   Phase space box ((0,0,0,-8,12) (11,7,15,-1,23) (0,0,0,0,0)) is assigned to process 11, has 147456 valid cells and 2310144 ghost cells
   Phase space box ((0,0,0,24,12) (11,7,15,31,23) (0,0,0,0,0)) is assigned to process 15, has 147456 valid cells and 2310144 ghost cells
   Phase space box ((0,0,0,-24,36) (11,7,15,-17,47) (0,0,0,0,0)) is assigned to process 25, has 147456 valid cells and 2310144 ghost cells
   Phase space box ((0,0,0,-8,36) (11,7,15,-1,47) (0,0,0,0,0)) is assigned to process 27, has 147456 valid cells and 2310144 ghost cells
   Phase space box ((0,0,0,8,36) (11,7,15,15,47) (0,0,0,0,0)) is assigned to process 29, has 147456 valid cells and 2310144 ghost cells
   Phase space box ((0,0,0,24,36) (11,7,15,31,47) (0,0,0,0,0)) is assigned to process 31, has 147456 valid cells and 2310144 ghost cells
   Phase space box ((0,8,0,-16,36) (11,15,15,-9,47) (0,0,0,0,0)) is assigned to process 58, has 147456 valid cells and 2310144 ghost cells
   Phase space box ((0,0,0,-8,24) (11,7,15,-1,35) (0,0,0,0,0)) is assigned to process 19, has 147456 valid cells and 2310144 ghost cells
   Phase space box ((0,16,0,8,0) (11,23,15,15,11) (0,0,0,0,0)) is assigned to process 69, has 147456 valid cells and 2310144 ghost cells
   Phase space box ((0,24,0,16,12) (11,31,15,23,23) (0,0,0,0,0)) is assigned to process 110, has 147456 valid cells and 2310144 ghost cells
   Phase space box ((0,8,0,0,36) (11,15,15,7,47) (0,0,0,0,0)) is assigned to process 60, has 147456 valid cells and 2310144 ghost cells
   Phase space box ((0,8,0,-16,24) (11,15,15,-9,35) (0,0,0,0,0)) is assigned to process 50, has 147456 valid cells and 2310144 ghost cells
   Phase space box ((0,0,0,8,12) (11,7,15,15,23) (0,0,0,0,0)) is assigned to process 13, has 147456 valid cells and 2310144 ghost cells
   Phase space box ((0,16,0,0,12) (11,23,15,7,23) (0,0,0,0,0)) is assigned to process 76, has 147456 valid cells and 2310144 ghost cells
   Phase space box ((0,24,0,-32,36) (11,31,15,-25,47) (0,0,0,0,0)) is assigned to process 120, has 147456 valid cells and 2310144 ghost cells
   Phase space box ((0,8,0,0,24) (11,15,15,7,35) (0,0,0,0,0)) is assigned to process 52, has 147456 valid cells and 2310144 ghost cells
   Phase space box ((0,16,0,16,12) (11,23,15,23,23) (0,0,0,0,0)) is assigned to process 78, has 147456 valid cells and 2310144 ghost cells
   Phase space box ((0,24,0,-16,0) (11,31,15,-9,11) (0,0,0,0,0)) is assigned to process 98, has 147456 valid cells and 2310144 ghost cells
   Phase space box ((0,8,0,-32,36) (11,15,15,-25,47) (0,0,0,0,0)) is assigned to process 56, has 147456 valid cells and 2310144 ghost cells
   Phase space box ((0,16,0,0,36) (11,23,15,7,47) (0,0,0,0,0)) is assigned to process 92, has 147456 valid cells and 2310144 ghost cells
   Phase space box ((0,24,0,-8,24) (11,31,15,-1,35) (0,0,0,0,0)) is assigned to process 115, has 147456 valid cells and 2310144 ghost cells
   Phase space box ((0,8,0,16,36) (11,15,15,23,47) (0,0,0,0,0)) is assigned to process 62, has 147456 valid cells and 2310144 ghost cells
   Phase space box ((0,16,0,16,0) (11,23,15,23,11) (0,0,0,0,0)) is assigned to process 70, has 147456 valid cells and 2310144 ghost cells
   Phase space box ((0,24,0,0,24) (11,31,15,7,35) (0,0,0,0,0)) is assigned to process 116, has 147456 valid cells and 2310144 ghost cells
   Phase space box ((0,8,0,24,36) (11,15,15,31,47) (0,0,0,0,0)) is assigned to process 63, has 147456 valid cells and 2310144 ghost cells
   Phase space box ((0,16,0,24,0) (11,23,15,31,11) (0,0,0,0,0)) is assigned to process 71, has 147456 valid cells and 2310144 ghost cells
   Phase space box ((0,24,0,8,24) (11,31,15,15,35) (0,0,0,0,0)) is assigned to process 117, has 147456 valid cells and 2310144 ghost cells
   Phase space box ((0,16,0,-32,12) (11,23,15,-25,23) (0,0,0,0,0)) is assigned to process 72, has 147456 valid cells and 2310144 ghost cells
   Phase space box ((0,8,0,-32,0) (11,15,15,-25,11) (0,0,0,0,0)) is assigned to process 32, has 147456 valid cells and 2310144 ghost cells
   Phase space box ((0,16,0,-24,12) (11,23,15,-17,23) (0,0,0,0,0)) is assigned to process 73, has 147456 valid cells and 2310144 ghost cells
   Phase space box ((0,24,0,16,24) (11,31,15,23,35) (0,0,0,0,0)) is assigned to process 118, has 147456 valid cells and 2310144 ghost cells
   Phase space box ((0,8,0,-16,0) (11,15,15,-9,11) (0,0,0,0,0)) is assigned to process 34, has 147456 valid cells and 2310144 ghost cells
   Phase space box ((0,16,0,-16,12) (11,23,15,-9,23) (0,0,0,0,0)) is assigned to process 74, has 147456 valid cells and 2310144 ghost cells
   Phase space box ((0,24,0,24,24) (11,31,15,31,35) (0,0,0,0,0)) is assigned to process 119, has 147456 valid cells and 2310144 ghost cells
   Phase space box ((0,8,0,-8,0) (11,15,15,-1,11) (0,0,0,0,0)) is assigned to process 35, has 147456 valid cells and 2310144 ghost cells
   Phase space box ((0,16,0,-8,12) (11,23,15,-1,23) (0,0,0,0,0)) is assigned to process 75, has 147456 valid cells and 2310144 ghost cells
   Phase space box ((0,24,0,-24,36) (11,31,15,-17,47) (0,0,0,0,0)) is assigned to process 121, has 147456 valid cells and 2310144 ghost cells
   Phase space box ((0,8,0,0,0) (11,15,15,7,11) (0,0,0,0,0)) is assigned to process 36, has 147456 valid cells and 2310144 ghost cells
   Phase space box ((0,16,0,8,12) (11,23,15,15,23) (0,0,0,0,0)) is assigned to process 77, has 147456 valid cells and 2310144 ghost cells
   Phase space box ((0,24,0,-16,36) (11,31,15,-9,47) (0,0,0,0,0)) is assigned to process 122, has 147456 valid cells and 2310144 ghost cells
   Phase space box ((0,8,0,8,0) (11,15,15,15,11) (0,0,0,0,0)) is assigned to process 37, has 147456 valid cells and 2310144 ghost cells
   Phase space box ((0,16,0,24,12) (11,23,15,31,23) (0,0,0,0,0)) is assigned to process 79, has 147456 valid cells and 2310144 ghost cells
   Phase space box ((0,24,0,-8,36) (11,31,15,-1,47) (0,0,0,0,0)) is assigned to process 123, has 147456 valid cells and 2310144 ghost cells
   Phase space box ((0,8,0,16,0) (11,15,15,23,11) (0,0,0,0,0)) is assigned to process 38, has 147456 valid cells and 2310144 ghost cells
   Phase space box ((0,16,0,-32,24) (11,23,15,-25,35) (0,0,0,0,0)) is assigned to process 80, has 147456 valid cells and 2310144 ghost cells
   Phase space box ((0,24,0,0,36) (11,31,15,7,47) (0,0,0,0,0)) is assigned to process 124, has 147456 valid cells and 2310144 ghost cells
   Phase space box ((0,8,0,-32,12) (11,15,15,-25,23) (0,0,0,0,0)) is assigned to process 40, has 147456 valid cells and 2310144 ghost cells
   Phase space box ((0,16,0,-24,24) (11,23,15,-17,35) (0,0,0,0,0)) is assigned to process 81, has 147456 valid cells and 2310144 ghost cells
   Phase space box ((0,24,0,8,36) (11,31,15,15,47) (0,0,0,0,0)) is assigned to process 125, has 147456 valid cells and 2310144 ghost cells
   Phase space box ((0,8,0,0,12) (11,15,15,7,23) (0,0,0,0,0)) is assigned to process 44, has 147456 valid cells and 2310144 ghost cells
   Phase space box ((0,16,0,-16,24) (11,23,15,-9,35) (0,0,0,0,0)) is assigned to process 82, has 147456 valid cells and 2310144 ghost cells
   Phase space box ((0,24,0,16,36) (11,31,15,23,47) (0,0,0,0,0)) is assigned to process 126, has 147456 valid cells and 2310144 ghost cells
   Phase space box ((0,8,0,8,12) (11,15,15,15,23) (0,0,0,0,0)) is assigned to process 45, has 147456 valid cells and 2310144 ghost cells
   Phase space box ((0,16,0,-8,24) (11,23,15,-1,35) (0,0,0,0,0)) is assigned to process 83, has 147456 valid cells and 2310144 ghost cells
   Phase space box ((0,24,0,24,36) (11,31,15,31,47) (0,0,0,0,0)) is assigned to process 127, has 147456 valid cells and 2310144 ghost cells
   Phase space box ((0,8,0,16,12) (11,15,15,23,23) (0,0,0,0,0)) is assigned to process 46, has 147456 valid cells and 2310144 ghost cells
   Phase space box ((0,16,0,0,24) (11,23,15,7,35) (0,0,0,0,0)) is assigned to process 84, has 147456 valid cells and 2310144 ghost cells
   Phase space box ((0,24,0,-24,0) (11,31,15,-17,11) (0,0,0,0,0)) is assigned to process 97, has 147456 valid cells and 2310144 ghost cells
   Phase space box ((0,8,0,-32,24) (11,15,15,-25,35) (0,0,0,0,0)) is assigned to process 48, has 147456 valid cells and 2310144 ghost cells
   Phase space box ((0,16,0,8,24) (11,23,15,15,35) (0,0,0,0,0)) is assigned to process 85, has 147456 valid cells and 2310144 ghost cells
   Phase space box ((0,24,0,-8,0) (11,31,15,-1,11) (0,0,0,0,0)) is assigned to process 99, has 147456 valid cells and 2310144 ghost cells
   Phase space box ((0,8,0,-8,12) (11,15,15,-1,23) (0,0,0,0,0)) is assigned to process 43, has 147456 valid cells and 2310144 ghost cells
   Phase space box ((0,16,0,16,24) (11,23,15,23,35) (0,0,0,0,0)) is assigned to process 86, has 147456 valid cells and 2310144 ghost cells
   Phase space box ((0,24,0,0,0) (11,31,15,7,11) (0,0,0,0,0)) is assigned to process 100, has 147456 valid cells and 2310144 ghost cells
   Phase space box ((0,8,0,24,12) (11,15,15,31,23) (0,0,0,0,0)) is assigned to process 47, has 147456 valid cells and 2310144 ghost cells
   Phase space box ((0,16,0,24,24) (11,23,15,31,35) (0,0,0,0,0)) is assigned to process 87, has 147456 valid cells and 2310144 ghost cells
   Phase space box ((0,24,0,8,0) (11,31,15,15,11) (0,0,0,0,0)) is assigned to process 101, has 147456 valid cells and 2310144 ghost cells
   Phase space box ((0,8,0,-24,24) (11,15,15,-17,35) (0,0,0,0,0)) is assigned to process 49, has 147456 valid cells and 2310144 ghost cells
   Phase space box ((0,16,0,-32,36) (11,23,15,-25,47) (0,0,0,0,0)) is assigned to process 88, has 147456 valid cells and 2310144 ghost cells
   Phase space box ((0,24,0,16,0) (11,31,15,23,11) (0,0,0,0,0)) is assigned to process 102, has 147456 valid cells and 2310144 ghost cells
   Phase space box ((0,8,0,-8,24) (11,15,15,-1,35) (0,0,0,0,0)) is assigned to process 51, has 147456 valid cells and 2310144 ghost cells
   Phase space box ((0,16,0,-24,36) (11,23,15,-17,47) (0,0,0,0,0)) is assigned to process 89, has 147456 valid cells and 2310144 ghost cells
   Phase space box ((0,24,0,24,0) (11,31,15,31,11) (0,0,0,0,0)) is assigned to process 103, has 147456 valid cells and 2310144 ghost cells
   Phase space box ((0,8,0,8,24) (11,15,15,15,35) (0,0,0,0,0)) is assigned to process 53, has 147456 valid cells and 2310144 ghost cells
   Phase space box ((0,16,0,-16,36) (11,23,15,-9,47) (0,0,0,0,0)) is assigned to process 90, has 147456 valid cells and 2310144 ghost cells
   Phase space box ((0,24,0,-32,12) (11,31,15,-25,23) (0,0,0,0,0)) is assigned to process 104, has 147456 valid cells and 2310144 ghost cells
   Phase space box ((0,8,0,16,24) (11,15,15,23,35) (0,0,0,0,0)) is assigned to process 54, has 147456 valid cells and 2310144 ghost cells
   Phase space box ((0,16,0,-8,36) (11,23,15,-1,47) (0,0,0,0,0)) is assigned to process 91, has 147456 valid cells and 2310144 ghost cells
   Phase space box ((0,24,0,-24,12) (11,31,15,-17,23) (0,0,0,0,0)) is assigned to process 105, has 147456 valid cells and 2310144 ghost cells
   Phase space box ((0,8,0,24,24) (11,15,15,31,35) (0,0,0,0,0)) is assigned to process 55, has 147456 valid cells and 2310144 ghost cells
   Phase space box ((0,16,0,8,36) (11,23,15,15,47) (0,0,0,0,0)) is assigned to process 93, has 147456 valid cells and 2310144 ghost cells
   Phase space box ((0,24,0,-16,12) (11,31,15,-9,23) (0,0,0,0,0)) is assigned to process 106, has 147456 valid cells and 2310144 ghost cells
   Phase space box ((0,8,0,-24,36) (11,15,15,-17,47) (0,0,0,0,0)) is assigned to process 57, has 147456 valid cells and 2310144 ghost cells
   Phase space box ((0,16,0,16,36) (11,23,15,23,47) (0,0,0,0,0)) is assigned to process 94, has 147456 valid cells and 2310144 ghost cells
   Phase space box ((0,24,0,-8,12) (11,31,15,-1,23) (0,0,0,0,0)) is assigned to process 107, has 147456 valid cells and 2310144 ghost cells
   Phase space box ((0,8,0,8,36) (11,15,15,15,47) (0,0,0,0,0)) is assigned to process 61, has 147456 valid cells and 2310144 ghost cells
   Phase space box ((0,16,0,24,36) (11,23,15,31,47) (0,0,0,0,0)) is assigned to process 95, has 147456 valid cells and 2310144 ghost cells
   Phase space box ((0,24,0,0,12) (11,31,15,7,23) (0,0,0,0,0)) is assigned to process 108, has 147456 valid cells and 2310144 ghost cells
   Phase space box ((0,8,0,-24,0) (11,15,15,-17,11) (0,0,0,0,0)) is assigned to process 33, has 147456 valid cells and 2310144 ghost cells
   Phase space box ((0,24,0,8,12) (11,31,15,15,23) (0,0,0,0,0)) is assigned to process 109, has 147456 valid cells and 2310144 ghost cells
   Phase space box ((0,8,0,24,0) (11,15,15,31,11) (0,0,0,0,0)) is assigned to process 39, has 147456 valid cells and 2310144 ghost cells
   Phase space box ((0,16,0,-32,0) (11,23,15,-25,11) (0,0,0,0,0)) is assigned to process 64, has 147456 valid cells and 2310144 ghost cells
   Phase space box ((0,24,0,24,12) (11,31,15,31,23) (0,0,0,0,0)) is assigned to process 111, has 147456 valid cells and 2310144 ghost cells
   Phase space box ((0,8,0,-24,12) (11,15,15,-17,23) (0,0,0,0,0)) is assigned to process 41, has 147456 valid cells and 2310144 ghost cells
   Phase space box ((0,16,0,-24,0) (11,23,15,-17,11) (0,0,0,0,0)) is assigned to process 65, has 147456 valid cells and 2310144 ghost cells
   Phase space box ((0,24,0,-32,24) (11,31,15,-25,35) (0,0,0,0,0)) is assigned to process 112, has 147456 valid cells and 2310144 ghost cells
   Phase space box ((0,8,0,-16,12) (11,15,15,-9,23) (0,0,0,0,0)) is assigned to process 42, has 147456 valid cells and 2310144 ghost cells
   Phase space box ((0,16,0,-16,0) (11,23,15,-9,11) (0,0,0,0,0)) is assigned to process 66, has 147456 valid cells and 2310144 ghost cells
   Phase space box ((0,24,0,-24,24) (11,31,15,-17,35) (0,0,0,0,0)) is assigned to process 113, has 147456 valid cells and 2310144 ghost cells
   Phase space box ((0,8,0,-8,36) (11,15,15,-1,47) (0,0,0,0,0)) is assigned to process 59, has 147456 valid cells and 2310144 ghost cells
   Phase space box ((0,16,0,-8,0) (11,23,15,-1,11) (0,0,0,0,0)) is assigned to process 67, has 147456 valid cells and 2310144 ghost cells
   Phase space box ((0,24,0,-16,24) (11,31,15,-9,35) (0,0,0,0,0)) is assigned to process 114, has 147456 valid cells and 2310144 ghost cells
   Phase space box ((0,16,0,0,0) (11,23,15,7,11) (0,0,0,0,0)) is assigned to process 68, has 147456 valid cells and 2310144 ghost cells
   Phase space box ((0,24,0,-32,0) (11,31,15,-25,11) (0,0,0,0,0)) is assigned to process 96, has 147456 valid cells and 2310144 ghost cells
Adding species and constructing gyrocenter coordinates...
   hydrogen: kinetic species with mass = 2, charge = 1
   electron: kinetic species with mass = 0.01, charge = -1
Done adding species and constructing coordinates
Adding fluid species...
Done adding confiration space variables
Adding configuration space field variables...
Done adding configuration space variables

SlabPotentialBC ================================
- variable: potential-------------
  radial_lower: 
     bc_type  = 0
     bc_value = 0
  radial_upper: 
     bc_type  = 0
     bc_value = 0
  poloidal_lower: 
     bc_type  = 1
     bc_value = 0
  poloidal_upper: 
     bc_type  = 1
     bc_value = 0
  toroidal_lower: 
     bc_type  = 1
     bc_value = 0
  toroidal_upper: 
     bc_type  = 1
     bc_value = 0
-----------------------------------------------
===============================================

Grid Function Library =========================

"Ion_vpar_grid_func":
Constant grid function parameters:
  value: 0

"N0_grid_func":
Arbitrary grid function parameters:
  function: exp(-x/(8.0*pi))+0.00001*sin(y)*sin(x/2.0)
  translated form: exp(-x'/(8.0*pi'))+0.00001*sin(y')*sin(x'/2.0)
  postfix form: {x'[0]}{-:}{8.0}{PI'}{*}{/}{exp}{0.00001}{y'[0]}{sin}{*}{x'[0]}{2.0}{/}{sin}{*}{+}
  coordinate type: mapped

"T0_grid_func":
Constant grid function parameters:
  value: 1

"eN0_grid_func":
Arbitrary grid function parameters:
  function: (1.0+sin(x/2.0)*sin(x/2.0))*(1+0.001*cos(2*y))
  translated form: (1.0+sin(x'/2.0)*sin(x'/2.0))*(1+0.001*cos(2*y'))
  postfix form: {1.0}{x'[0]}{2.0}{/}{sin}{x'[0]}{2.0}{/}{sin}{*}{+}{1}{0.001}{2}{y'[0]}{*}{cos}{*}{+}{*}
  coordinate type: mapped

"eT0_grid_func":
Constant grid function parameters:
  value: 1

"ele_vpar_grid_func":
Constant grid function parameters:
  value: 0

"zero_grid_func":
Constant grid function parameters:
  value: 0

===============================================

Kinetic Function Library =========================

"maxwellian_electron_phase_func":
Maxwellian kinetic function parameters:
-- Density --
Arbitrary grid function parameters:
  function: exp(-x/(8.0*pi))+0.00001*sin(y)*sin(x/2.0)
  translated form: exp(-x'/(8.0*pi'))+0.00001*sin(y')*sin(x'/2.0)
  postfix form: {x'[0]}{-:}{8.0}{PI'}{*}{/}{exp}{0.00001}{y'[0]}{sin}{*}{x'[0]}{2.0}{/}{sin}{*}{+}
  coordinate type: mapped

-- Temperature --
Constant grid function parameters:
  value: 1

-- Vparallel --
Constant grid function parameters:
  value: 0


"maxwellian_phase_func":
Maxwellian kinetic function parameters:
-- Density --
Arbitrary grid function parameters:
  function: exp(-x/(8.0*pi))+0.00001*sin(y)*sin(x/2.0)
  translated form: exp(-x'/(8.0*pi'))+0.00001*sin(y')*sin(x'/2.0)
  postfix form: {x'[0]}{-:}{8.0}{PI'}{*}{/}{exp}{0.00001}{y'[0]}{sin}{*}{x'[0]}{2.0}{/}{sin}{*}{+}
  coordinate type: mapped

-- Temperature --
Constant grid function parameters:
  value: 1

-- Vparallel --
Constant grid function parameters:
  value: 0


==================================================

SlabPhaseBC ================================
- variable: hydrogen-------------
  radial_lower: 
Maxwellian kinetic function parameters:
-- Density --
Arbitrary grid function parameters:
  function: exp(-x/(8.0*pi))+0.00001*sin(y)*sin(x/2.0)
  translated form: exp(-x'/(8.0*pi'))+0.00001*sin(y')*sin(x'/2.0)
  postfix form: {x'[0]}{-:}{8.0}{PI'}{*}{/}{exp}{0.00001}{y'[0]}{sin}{*}{x'[0]}{2.0}{/}{sin}{*}{+}
  coordinate type: mapped

-- Temperature --
Constant grid function parameters:
  value: 1

-- Vparallel --
Constant grid function parameters:
  value: 0


  radial_upper: 
Maxwellian kinetic function parameters:
-- Density --
Arbitrary grid function parameters:
  function: exp(-x/(8.0*pi))+0.00001*sin(y)*sin(x/2.0)
  translated form: exp(-x'/(8.0*pi'))+0.00001*sin(y')*sin(x'/2.0)
  postfix form: {x'[0]}{-:}{8.0}{PI'}{*}{/}{exp}{0.00001}{y'[0]}{sin}{*}{x'[0]}{2.0}{/}{sin}{*}{+}
  coordinate type: mapped

-- Temperature --
Constant grid function parameters:
  value: 1

-- Vparallel --
Constant grid function parameters:
  value: 0


  poloidal_lower: 
Maxwellian kinetic function parameters:
-- Density --
Arbitrary grid function parameters:
  function: exp(-x/(8.0*pi))+0.00001*sin(y)*sin(x/2.0)
  translated form: exp(-x'/(8.0*pi'))+0.00001*sin(y')*sin(x'/2.0)
  postfix form: {x'[0]}{-:}{8.0}{PI'}{*}{/}{exp}{0.00001}{y'[0]}{sin}{*}{x'[0]}{2.0}{/}{sin}{*}{+}
  coordinate type: mapped

-- Temperature --
Constant grid function parameters:
  value: 1

-- Vparallel --
Constant grid function parameters:
  value: 0


  poloidal_upper: 
Maxwellian kinetic function parameters:
-- Density --
Arbitrary grid function parameters:
  function: exp(-x/(8.0*pi))+0.00001*sin(y)*sin(x/2.0)
  translated form: exp(-x'/(8.0*pi'))+0.00001*sin(y')*sin(x'/2.0)
  postfix form: {x'[0]}{-:}{8.0}{PI'}{*}{/}{exp}{0.00001}{y'[0]}{sin}{*}{x'[0]}{2.0}{/}{sin}{*}{+}
  coordinate type: mapped

-- Temperature --
Constant grid function parameters:
  value: 1

-- Vparallel --
Constant grid function parameters:
  value: 0


  toroidal_lower: 
Maxwellian kinetic function parameters:
-- Density --
Arbitrary grid function parameters:
  function: exp(-x/(8.0*pi))+0.00001*sin(y)*sin(x/2.0)
  translated form: exp(-x'/(8.0*pi'))+0.00001*sin(y')*sin(x'/2.0)
  postfix form: {x'[0]}{-:}{8.0}{PI'}{*}{/}{exp}{0.00001}{y'[0]}{sin}{*}{x'[0]}{2.0}{/}{sin}{*}{+}
  coordinate type: mapped

-- Temperature --
Constant grid function parameters:
  value: 1

-- Vparallel --
Constant grid function parameters:
  value: 0


  toroidal_upper: 
Maxwellian kinetic function parameters:
-- Density --
Arbitrary grid function parameters:
  function: exp(-x/(8.0*pi))+0.00001*sin(y)*sin(x/2.0)
  translated form: exp(-x'/(8.0*pi'))+0.00001*sin(y')*sin(x'/2.0)
  postfix form: {x'[0]}{-:}{8.0}{PI'}{*}{/}{exp}{0.00001}{y'[0]}{sin}{*}{x'[0]}{2.0}{/}{sin}{*}{+}
  coordinate type: mapped

-- Temperature --
Constant grid function parameters:
  value: 1

-- Vparallel --
Constant grid function parameters:
  value: 0


  vpar_lower: 
Maxwellian kinetic function parameters:
-- Density --
Arbitrary grid function parameters:
  function: exp(-x/(8.0*pi))+0.00001*sin(y)*sin(x/2.0)
  translated form: exp(-x'/(8.0*pi'))+0.00001*sin(y')*sin(x'/2.0)
  postfix form: {x'[0]}{-:}{8.0}{PI'}{*}{/}{exp}{0.00001}{y'[0]}{sin}{*}{x'[0]}{2.0}{/}{sin}{*}{+}
  coordinate type: mapped

-- Temperature --
Constant grid function parameters:
  value: 1

-- Vparallel --
Constant grid function parameters:
  value: 0


  vpar_upper: 
Maxwellian kinetic function parameters:
-- Density --
Arbitrary grid function parameters:
  function: exp(-x/(8.0*pi))+0.00001*sin(y)*sin(x/2.0)
  translated form: exp(-x'/(8.0*pi'))+0.00001*sin(y')*sin(x'/2.0)
  postfix form: {x'[0]}{-:}{8.0}{PI'}{*}{/}{exp}{0.00001}{y'[0]}{sin}{*}{x'[0]}{2.0}{/}{sin}{*}{+}
  coordinate type: mapped

-- Temperature --
Constant grid function parameters:
  value: 1

-- Vparallel --
Constant grid function parameters:
  value: 0


  mu_lower: 
Maxwellian kinetic function parameters:
-- Density --
Arbitrary grid function parameters:
  function: exp(-x/(8.0*pi))+0.00001*sin(y)*sin(x/2.0)
  translated form: exp(-x'/(8.0*pi'))+0.00001*sin(y')*sin(x'/2.0)
  postfix form: {x'[0]}{-:}{8.0}{PI'}{*}{/}{exp}{0.00001}{y'[0]}{sin}{*}{x'[0]}{2.0}{/}{sin}{*}{+}
  coordinate type: mapped

-- Temperature --
Constant grid function parameters:
  value: 1

-- Vparallel --
Constant grid function parameters:
  value: 0


  mu_upper: 
Maxwellian kinetic function parameters:
-- Density --
Arbitrary grid function parameters:
  function: exp(-x/(8.0*pi))+0.00001*sin(y)*sin(x/2.0)
  translated form: exp(-x'/(8.0*pi'))+0.00001*sin(y')*sin(x'/2.0)
  postfix form: {x'[0]}{-:}{8.0}{PI'}{*}{/}{exp}{0.00001}{y'[0]}{sin}{*}{x'[0]}{2.0}{/}{sin}{*}{+}
  coordinate type: mapped

-- Temperature --
Constant grid function parameters:
  value: 1

-- Vparallel --
Constant grid function parameters:
  value: 0


-----------------------------------------------
===============================================

SlabPhaseBC ================================
- variable: electron-------------
  radial_lower: 
Maxwellian kinetic function parameters:
-- Density --
Arbitrary grid function parameters:
  function: exp(-x/(8.0*pi))+0.00001*sin(y)*sin(x/2.0)
  translated form: exp(-x'/(8.0*pi'))+0.00001*sin(y')*sin(x'/2.0)
  postfix form: {x'[0]}{-:}{8.0}{PI'}{*}{/}{exp}{0.00001}{y'[0]}{sin}{*}{x'[0]}{2.0}{/}{sin}{*}{+}
  coordinate type: mapped

-- Temperature --
Constant grid function parameters:
  value: 1

-- Vparallel --
Constant grid function parameters:
  value: 0


  radial_upper: 
Maxwellian kinetic function parameters:
-- Density --
Arbitrary grid function parameters:
  function: exp(-x/(8.0*pi))+0.00001*sin(y)*sin(x/2.0)
  translated form: exp(-x'/(8.0*pi'))+0.00001*sin(y')*sin(x'/2.0)
  postfix form: {x'[0]}{-:}{8.0}{PI'}{*}{/}{exp}{0.00001}{y'[0]}{sin}{*}{x'[0]}{2.0}{/}{sin}{*}{+}
  coordinate type: mapped

-- Temperature --
Constant grid function parameters:
  value: 1

-- Vparallel --
Constant grid function parameters:
  value: 0


  poloidal_lower: 
Maxwellian kinetic function parameters:
-- Density --
Arbitrary grid function parameters:
  function: exp(-x/(8.0*pi))+0.00001*sin(y)*sin(x/2.0)
  translated form: exp(-x'/(8.0*pi'))+0.00001*sin(y')*sin(x'/2.0)
  postfix form: {x'[0]}{-:}{8.0}{PI'}{*}{/}{exp}{0.00001}{y'[0]}{sin}{*}{x'[0]}{2.0}{/}{sin}{*}{+}
  coordinate type: mapped

-- Temperature --
Constant grid function parameters:
  value: 1

-- Vparallel --
Constant grid function parameters:
  value: 0


  poloidal_upper: 
Maxwellian kinetic function parameters:
-- Density --
Arbitrary grid function parameters:
  function: exp(-x/(8.0*pi))+0.00001*sin(y)*sin(x/2.0)
  translated form: exp(-x'/(8.0*pi'))+0.00001*sin(y')*sin(x'/2.0)
  postfix form: {x'[0]}{-:}{8.0}{PI'}{*}{/}{exp}{0.00001}{y'[0]}{sin}{*}{x'[0]}{2.0}{/}{sin}{*}{+}
  coordinate type: mapped

-- Temperature --
Constant grid function parameters:
  value: 1

-- Vparallel --
Constant grid function parameters:
  value: 0


  toroidal_lower: 
Maxwellian kinetic function parameters:
-- Density --
Arbitrary grid function parameters:
  function: exp(-x/(8.0*pi))+0.00001*sin(y)*sin(x/2.0)
  translated form: exp(-x'/(8.0*pi'))+0.00001*sin(y')*sin(x'/2.0)
  postfix form: {x'[0]}{-:}{8.0}{PI'}{*}{/}{exp}{0.00001}{y'[0]}{sin}{*}{x'[0]}{2.0}{/}{sin}{*}{+}
  coordinate type: mapped

-- Temperature --
Constant grid function parameters:
  value: 1

-- Vparallel --
Constant grid function parameters:
  value: 0


  toroidal_upper: 
Maxwellian kinetic function parameters:
-- Density --
Arbitrary grid function parameters:
  function: exp(-x/(8.0*pi))+0.00001*sin(y)*sin(x/2.0)
  translated form: exp(-x'/(8.0*pi'))+0.00001*sin(y')*sin(x'/2.0)
  postfix form: {x'[0]}{-:}{8.0}{PI'}{*}{/}{exp}{0.00001}{y'[0]}{sin}{*}{x'[0]}{2.0}{/}{sin}{*}{+}
  coordinate type: mapped

-- Temperature --
Constant grid function parameters:
  value: 1

-- Vparallel --
Constant grid function parameters:
  value: 0


  vpar_lower: 
Maxwellian kinetic function parameters:
-- Density --
Arbitrary grid function parameters:
  function: exp(-x/(8.0*pi))+0.00001*sin(y)*sin(x/2.0)
  translated form: exp(-x'/(8.0*pi'))+0.00001*sin(y')*sin(x'/2.0)
  postfix form: {x'[0]}{-:}{8.0}{PI'}{*}{/}{exp}{0.00001}{y'[0]}{sin}{*}{x'[0]}{2.0}{/}{sin}{*}{+}
  coordinate type: mapped

-- Temperature --
Constant grid function parameters:
  value: 1

-- Vparallel --
Constant grid function parameters:
  value: 0


  vpar_upper: 
Maxwellian kinetic function parameters:
-- Density --
Arbitrary grid function parameters:
  function: exp(-x/(8.0*pi))+0.00001*sin(y)*sin(x/2.0)
  translated form: exp(-x'/(8.0*pi'))+0.00001*sin(y')*sin(x'/2.0)
  postfix form: {x'[0]}{-:}{8.0}{PI'}{*}{/}{exp}{0.00001}{y'[0]}{sin}{*}{x'[0]}{2.0}{/}{sin}{*}{+}
  coordinate type: mapped

-- Temperature --
Constant grid function parameters:
  value: 1

-- Vparallel --
Constant grid function parameters:
  value: 0


  mu_lower: 
Maxwellian kinetic function parameters:
-- Density --
Arbitrary grid function parameters:
  function: exp(-x/(8.0*pi))+0.00001*sin(y)*sin(x/2.0)
  translated form: exp(-x'/(8.0*pi'))+0.00001*sin(y')*sin(x'/2.0)
  postfix form: {x'[0]}{-:}{8.0}{PI'}{*}{/}{exp}{0.00001}{y'[0]}{sin}{*}{x'[0]}{2.0}{/}{sin}{*}{+}
  coordinate type: mapped

-- Temperature --
Constant grid function parameters:
  value: 1

-- Vparallel --
Constant grid function parameters:
  value: 0


  mu_upper: 
Maxwellian kinetic function parameters:
-- Density --
Arbitrary grid function parameters:
  function: exp(-x/(8.0*pi))+0.00001*sin(y)*sin(x/2.0)
  translated form: exp(-x'/(8.0*pi'))+0.00001*sin(y')*sin(x'/2.0)
  postfix form: {x'[0]}{-:}{8.0}{PI'}{*}{/}{exp}{0.00001}{y'[0]}{sin}{*}{x'[0]}{2.0}{/}{sin}{*}{+}
  coordinate type: mapped

-- Temperature --
Constant grid function parameters:
  value: 1

-- Vparallel --
Constant grid function parameters:
  value: 0


-----------------------------------------------
===============================================
No collision model specified for hydrogen.
Collision model for 0	hydrogen:	None
No collision model specified for electron.
Collision model for 1	electron:	None
Time integration method: rk (4)
      BiCGStab converged successfully
  Distribution Function Extrema:
    Species 0:	9.56362e-07 [max]	2.70827e-15 [min]
    Species 1:	3.38125e-10 [max]	9.57519e-19 [min]


Step 1
      BiCGStab converged successfully
Vlasov operator time step was limited by the velocity at (X,Y,Z,vparallel,mu) = (0.000333333,0.003375,2.175,4.92188,1.19792) and mapped coordinate = (0,13,14,31,11)
The poloidal direction makes the largest contribution to the stable dt reciprocal at that point
Vlasov operator time step was limited by the velocity at (X,Y,Z,vparallel,mu) = (0.007,0.006625,2.175,-4.92188,1.19792) and mapped coordinate = (10,26,14,-32,11)
The poloidal direction makes the largest contribution to the stable dt reciprocal at that point










































m_num_cells[i]=12
m_num_cells[i]=32
m_num_cells[i]=16
m_num_cells[i]=64
m_num_cells[i]=48
dx*nx= 0.523599 * 12 = 6.28319, dx(m)*nx= 0.000666667 * 12 = 0.008, ( 1 : 0.00127324 )
dy*ny= 0.19635 * 32 = 6.28319, dy(m)*ny= 0.00025 * 32 = 0.008, ( 1 : 0.00127324 )
dz*nz= 0.392699 * 16 = 6.28319, dz(m)*nz= 0.15 * 16 = 2.4, ( 1 : 0.381972 )
dvpar*nvpar= 0.15625 * 32 = 5, dv_parallel(m/s)*nvpar= 30584.8 * 32 = 978715, ( 1 : 1529.24 )
 [hydrogen] mass = 2
  dvpar*nvpar= 0.15625 * 32 = 5, dv_parallel(m/s)*nvpar= 21626.8 * 32 = 692056, ( 1 : 138411 )
 [electron] mass = 0.01
  dvpar*nvpar= 0.15625 * 32 = 5, dv_parallel(m/s)*nvpar= 305848 * 32 = 9.78715e+06, ( 1 : 1.95743e+06 )
dmu*nmu= 0.104167 * 48 = 2.5, dmu(J/T)*nmu= 3.33787e-18 * 48 = 1.60218e-16, ( 1 : 6.67574e-19 )

Estimated dt






















































































unit_dimension_length [hydrogen]=1
unit_dimension_speed  [hydrogen]=195743
unit_dimension_time   [hydrogen]=5.10874e-06
[hydrogen] maxvel:phy_maxvel[0]=1.15632e-16:2.26341e-11(1:195743)
[hydrogen] maxvel:phy_maxvel[1]=0.0116009:2270.8(1:195743)
[hydrogen] maxvel:phy_maxvel[2]=3.48027:681239(1:195743)
[hydrogen] maxvel:phy_maxvel[3]=4.07608e-16:1.56176e-05(1:3.83153e+10)
[hydrogen] maxvel:phy_maxvel[4]=0:0(1:-nan)

dt_zpar(s)[hydrogen]=dz(m)/vparmax_z(m/s)[hydrogen]=0.15/692052=2.16747e-07
dt_zpar(-)[hydrogen]=0.0424266
dt_ypar(s)[hydrogen]=dy(m)/vparmax_y(m/s)[hydrogen]=0.00025/2306.84=1.08373e-07
dt_ypar(-)[hydrogen]=0.0212133
dt_z(s)[hydrogen]=dz(m)/vmax_z(m/s)[hydrogen]=0.15/681239=2.20187e-07
dt_z(-)[hydrogen]=0.0431001
dt_y(s)[hydrogen]=dy(m)/vmax_y(m/s)[hydrogen]=0.00025/2270.8=1.10094e-07
dt_y(-)[hydrogen]=0.02155
dt_x(s)[hydrogen]=dx(m)/vmax_x(m/s)[hydrogen]=0.000666667/2.26341e-11=2.94541e+07
dt_x(-)[hydrogen]=5.76543e+12
dt_vpar(s)[hydrogen]=dvpar(m/s)/vmax_vpar(m/s/s)[hydrogen]=30584.8/1.56176e-05=1.95835e+09
dt_vpar(-)[hydrogen]=3.83334e+14

unit_dimension_length [electron]=1
unit_dimension_speed  [electron]=195743
unit_dimension_time   [electron]=5.10874e-06
[electron] maxvel:phy_maxvel[0]=1.15632e-16:2.26341e-11(1:195743)
[electron] maxvel:phy_maxvel[1]=0.164062:32113.9(1:195743)
[electron] maxvel:phy_maxvel[2]=49.2185:9.63417e+06(1:195743)
[electron] maxvel:phy_maxvel[3]=5.76445e-15:0.000220867(1:3.83153e+10)
[electron] maxvel:phy_maxvel[4]=0:0(1:-nan)

dt_zpar(s)[electron]=dz(m)/vparmax_z(m/s)[electron]=0.15/9.7871e+06=1.53263e-08
dt_zpar(-)[electron]=0.00300002
dt_ypar(s)[electron]=dy(m)/vparmax_y(m/s)[electron]=0.00025/32623.7=7.66315e-09
dt_ypar(-)[electron]=0.00150001
dt_z(s)[electron]=dz(m)/vmax_z(m/s)[electron]=0.15/9.63417e+06=1.55696e-08
dt_z(-)[electron]=0.00304764
dt_y(s)[electron]=dy(m)/vmax_y(m/s)[electron]=0.00025/32113.9=7.78479e-09
dt_y(-)[electron]=0.00152382
dt_x(s)[electron]=dx(m)/vmax_x(m/s)[electron]=0.000666667/2.26341e-11=2.94541e+07
dt_x(-)[electron]=5.76543e+12
dt_vpar(s)[electron]=dvpar(m/s)/vmax_vpar(m/s/s)[electron]=30584.8/0.000220867=1.38476e+08
dt_vpar(-)[electron]=2.71058e+13

      BiCGStab converged successfully
      BiCGStab converged successfully
      BiCGStab converged successfully
  ----
  dt: 0.000713624
    Vlasov    : 0.00101588 (time scale), 0.70247 (CFL)
    Collisions: 1.79769e+308 (time scale), 3.96967e-312 (CFL)
  ----
  Distribution Function Extrema:
    Species 0:	9.56362e-07 [max]	2.70827e-15 [min]
    Species 1:	3.38125e-10 [max]	9.57519e-19 [min]

Step 1 completed, simulation time is 0.000713624
----

Step 2
      BiCGStab converged successfully
Vlasov operator time step was limited by the velocity at (X,Y,Z,vparallel,mu) = (0.00766667,0.006125,2.175,-4.92188,1.19792) and mapped coordinate = (11,24,14,-32,11)
The poloidal direction makes the largest contribution to the stable dt reciprocal at that point
Vlasov operator time step was limited by the velocity at (X,Y,Z,vparallel,mu) = (0.00766667,0.006125,2.175,-4.92188,1.19792) and mapped coordinate = (11,24,14,-32,11)
The poloidal direction makes the largest contribution to the stable dt reciprocal at that point
      BiCGStab converged successfully
      BiCGStab converged successfully
      BiCGStab converged successfully
  ----
  dt: 0.000713624
    Vlasov    : 0.00101588 (time scale), 0.70247 (CFL)
    Collisions: 1.79769e+308 (time scale), 3.96967e-312 (CFL)
  ----
  Distribution Function Extrema:
    Species 0:	9.56362e-07 [max]	2.70827e-15 [min]
    Species 1:	3.38125e-10 [max]	9.57519e-19 [min]

Step 2 completed, simulation time is 0.00142725
----

Step 3
      BiCGStab converged successfully
Vlasov operator time step was limited by the velocity at (X,Y,Z,vparallel,mu) = (0.00766667,0.006125,2.175,-4.92188,1.19792) and mapped coordinate = (11,24,14,-32,11)
The poloidal direction makes the largest contribution to the stable dt reciprocal at that point
Vlasov operator time step was limited by the velocity at (X,Y,Z,vparallel,mu) = (0.00766667,0.005875,2.175,-4.92188,1.19792) and mapped coordinate = (11,23,14,-32,11)
The poloidal direction makes the largest contribution to the stable dt reciprocal at that point
      BiCGStab converged successfully
      BiCGStab converged successfully
      BiCGStab converged successfully
  ----
  dt: 0.000713624
    Vlasov    : 0.00101588 (time scale), 0.70247 (CFL)
    Collisions: 1.79769e+308 (time scale), 3.96967e-312 (CFL)
  ----
  Distribution Function Extrema:
    Species 0:	9.56362e-07 [max]	2.70827e-15 [min]
    Species 1:	3.38125e-10 [max]	9.57519e-19 [min]

Step 3 completed, simulation time is 0.00214087
----

Step 4
      BiCGStab converged successfully
Vlasov operator time step was limited by the velocity at (X,Y,Z,vparallel,mu) = (0.00766667,0.006125,2.175,-4.92188,1.19792) and mapped coordinate = (11,24,14,-32,11)
The poloidal direction makes the largest contribution to the stable dt reciprocal at that point
Vlasov operator time step was limited by the velocity at (X,Y,Z,vparallel,mu) = (0.00766667,0.005875,2.175,-4.92188,1.19792) and mapped coordinate = (11,23,14,-32,11)
The poloidal direction makes the largest contribution to the stable dt reciprocal at that point
      BiCGStab converged successfully
      BiCGStab converged successfully
      BiCGStab converged successfully
  ----
  dt: 0.000713624
    Vlasov    : 0.00101588 (time scale), 0.70247 (CFL)
    Collisions: 1.79769e+308 (time scale), 3.96967e-312 (CFL)
  ----
  Distribution Function Extrema:
    Species 0:	9.56362e-07 [max]	2.70827e-15 [min]
    Species 1:	3.38125e-10 [max]	9.57519e-19 [min]

Step 4 completed, simulation time is 0.0028545
----

Step 5
      BiCGStab converged successfully
Vlasov operator time step was limited by the velocity at (X,Y,Z,vparallel,mu) = (0.00766667,0.006125,2.175,-4.92188,1.19792) and mapped coordinate = (11,24,14,-32,11)
The poloidal direction makes the largest contribution to the stable dt reciprocal at that point
Vlasov operator time step was limited by the velocity at (X,Y,Z,vparallel,mu) = (0.00766667,0.006125,2.175,-4.92188,1.19792) and mapped coordinate = (11,24,14,-32,11)
The poloidal direction makes the largest contribution to the stable dt reciprocal at that point
      BiCGStab converged successfully
      BiCGStab converged successfully
      BiCGStab converged successfully
  ----
  dt: 0.000713624
    Vlasov    : 0.00101588 (time scale), 0.70247 (CFL)
    Collisions: 1.79769e+308 (time scale), 3.96966e-312 (CFL)
  ----
  Distribution Function Extrema:
    Species 0:	9.56362e-07 [max]	2.70827e-15 [min]
    Species 1:	3.38125e-10 [max]	9.57519e-19 [min]

Step 5 completed, simulation time is 0.00356812
----

Step 6
      BiCGStab converged successfully
Vlasov operator time step was limited by the velocity at (X,Y,Z,vparallel,mu) = (0.00766667,0.006125,2.175,-4.92188,1.19792) and mapped coordinate = (11,24,14,-32,11)
The poloidal direction makes the largest contribution to the stable dt reciprocal at that point
Vlasov operator time step was limited by the velocity at (X,Y,Z,vparallel,mu) = (0.00766667,0.006125,2.175,-4.92188,1.19792) and mapped coordinate = (11,24,14,-32,11)
The poloidal direction makes the largest contribution to the stable dt reciprocal at that point
      BiCGStab converged successfully
      BiCGStab converged successfully
      BiCGStab converged successfully
  ----
  dt: 0.000713624
    Vlasov    : 0.00101588 (time scale), 0.70247 (CFL)
    Collisions: 1.79769e+308 (time scale), 3.96966e-312 (CFL)
  ----
  Distribution Function Extrema:
    Species 0:	9.56362e-07 [max]	2.70827e-15 [min]
    Species 1:	3.38125e-10 [max]	9.57519e-19 [min]

Step 6 completed, simulation time is 0.00428174
----

Step 7
      BiCGStab converged successfully
Vlasov operator time step was limited by the velocity at (X,Y,Z,vparallel,mu) = (0.00766667,0.006125,2.175,-4.92188,1.19792) and mapped coordinate = (11,24,14,-32,11)
The poloidal direction makes the largest contribution to the stable dt reciprocal at that point
Vlasov operator time step was limited by the velocity at (X,Y,Z,vparallel,mu) = (0.00766667,0.006125,2.175,-4.92188,1.19792) and mapped coordinate = (11,24,14,-32,11)
The poloidal direction makes the largest contribution to the stable dt reciprocal at that point
      BiCGStab converged successfully
      BiCGStab converged successfully
      BiCGStab converged successfully
  ----
  dt: 0.000713624
    Vlasov    : 0.00101588 (time scale), 0.70247 (CFL)
    Collisions: 1.79769e+308 (time scale), 3.96966e-312 (CFL)
  ----
  Distribution Function Extrema:
    Species 0:	9.56362e-07 [max]	2.70827e-15 [min]
    Species 1:	3.38125e-10 [max]	9.57519e-19 [min]

Step 7 completed, simulation time is 0.00499537
----

Step 8
      BiCGStab converged successfully
Vlasov operator time step was limited by the velocity at (X,Y,Z,vparallel,mu) = (0.00766667,0.006125,2.175,-4.92188,1.19792) and mapped coordinate = (11,24,14,-32,11)
The poloidal direction makes the largest contribution to the stable dt reciprocal at that point
Vlasov operator time step was limited by the velocity at (X,Y,Z,vparallel,mu) = (0.00766667,0.006125,2.175,-4.92188,1.19792) and mapped coordinate = (11,24,14,-32,11)
The poloidal direction makes the largest contribution to the stable dt reciprocal at that point
      BiCGStab converged successfully
      BiCGStab converged successfully
      BiCGStab converged successfully
  ----
  dt: 0.000713624
    Vlasov    : 0.00101588 (time scale), 0.70247 (CFL)
    Collisions: 1.79769e+308 (time scale), 3.96966e-312 (CFL)
  ----
  Distribution Function Extrema:
    Species 0:	9.56362e-07 [max]	2.70827e-15 [min]
    Species 1:	3.38125e-10 [max]	9.57519e-19 [min]

Step 8 completed, simulation time is 0.00570899
----

Step 9
      BiCGStab converged successfully
Vlasov operator time step was limited by the velocity at (X,Y,Z,vparallel,mu) = (0.00766667,0.006125,2.175,-4.92188,1.19792) and mapped coordinate = (11,24,14,-32,11)
The poloidal direction makes the largest contribution to the stable dt reciprocal at that point
Vlasov operator time step was limited by the velocity at (X,Y,Z,vparallel,mu) = (0.00766667,0.006125,2.175,-4.92188,1.19792) and mapped coordinate = (11,24,14,-32,11)
The poloidal direction makes the largest contribution to the stable dt reciprocal at that point
      BiCGStab converged successfully
      BiCGStab converged successfully
      BiCGStab converged successfully
  ----
  dt: 0.000713624
    Vlasov    : 0.00101588 (time scale), 0.70247 (CFL)
    Collisions: 1.79769e+308 (time scale), 3.96966e-312 (CFL)
  ----
  Distribution Function Extrema:
    Species 0:	9.56362e-07 [max]	2.70827e-15 [min]
    Species 1:	3.38125e-10 [max]	9.57519e-19 [min]

Step 9 completed, simulation time is 0.00642262
----

Step 10
      BiCGStab converged successfully
Vlasov operator time step was limited by the velocity at (X,Y,Z,vparallel,mu) = (0.00766667,0.006125,2.175,-4.92188,1.19792) and mapped coordinate = (11,24,14,-32,11)
The poloidal direction makes the largest contribution to the stable dt reciprocal at that point
Vlasov operator time step was limited by the velocity at (X,Y,Z,vparallel,mu) = (0.00766667,0.006125,2.175,-4.92188,1.19792) and mapped coordinate = (11,24,14,-32,11)
The poloidal direction makes the largest contribution to the stable dt reciprocal at that point
      BiCGStab converged successfully
      BiCGStab converged successfully
      BiCGStab converged successfully
  ----
  dt: 0.000713624
    Vlasov    : 0.00101588 (time scale), 0.70247 (CFL)
    Collisions: 1.79769e+308 (time scale), 3.96966e-312 (CFL)
  ----
  Distribution Function Extrema:
    Species 0:	9.56362e-07 [max]	2.70827e-15 [min]
    Species 1:	3.38125e-10 [max]	9.57519e-19 [min]

Step 10 completed, simulation time is 0.00713624
----

Step 11
      BiCGStab converged successfully
Vlasov operator time step was limited by the velocity at (X,Y,Z,vparallel,mu) = (0.00766667,0.006125,2.175,-4.92188,1.19792) and mapped coordinate = (11,24,14,-32,11)
The poloidal direction makes the largest contribution to the stable dt reciprocal at that point
Vlasov operator time step was limited by the velocity at (X,Y,Z,vparallel,mu) = (0.00766667,0.006125,2.175,-4.92188,1.19792) and mapped coordinate = (11,24,14,-32,11)
The poloidal direction makes the largest contribution to the stable dt reciprocal at that point
      BiCGStab converged successfully
      BiCGStab converged successfully
      BiCGStab converged successfully
  ----
  dt: 0.000713624
    Vlasov    : 0.00101588 (time scale), 0.70247 (CFL)
    Collisions: 1.79769e+308 (time scale), 3.96966e-312 (CFL)
  ----
  Distribution Function Extrema:
    Species 0:	9.56362e-07 [max]	2.70827e-15 [min]
    Species 1:	3.38125e-10 [max]	9.57519e-19 [min]

Step 11 completed, simulation time is 0.00784986
----

Step 12
      BiCGStab converged successfully
Vlasov operator time step was limited by the velocity at (X,Y,Z,vparallel,mu) = (0.00766667,0.006125,2.175,-4.92188,1.19792) and mapped coordinate = (11,24,14,-32,11)
The poloidal direction makes the largest contribution to the stable dt reciprocal at that point
Vlasov operator time step was limited by the velocity at (X,Y,Z,vparallel,mu) = (0.00766667,0.006125,2.175,-4.92188,1.19792) and mapped coordinate = (11,24,14,-32,11)
The poloidal direction makes the largest contribution to the stable dt reciprocal at that point
      BiCGStab converged successfully
      BiCGStab converged successfully
      BiCGStab converged successfully
  ----
  dt: 0.000713624
    Vlasov    : 0.00101588 (time scale), 0.70247 (CFL)
    Collisions: 1.79769e+308 (time scale), 3.96966e-312 (CFL)
  ----
  Distribution Function Extrema:
    Species 0:	9.56362e-07 [max]	2.70827e-15 [min]
    Species 1:	3.38125e-10 [max]	9.57519e-19 [min]

Step 12 completed, simulation time is 0.00856349
----

Step 13
      BiCGStab converged successfully
Vlasov operator time step was limited by the velocity at (X,Y,Z,vparallel,mu) = (0.00766667,0.006125,2.175,-4.92188,1.19792) and mapped coordinate = (11,24,14,-32,11)
The poloidal direction makes the largest contribution to the stable dt reciprocal at that point
Vlasov operator time step was limited by the velocity at (X,Y,Z,vparallel,mu) = (0.00766667,0.006125,2.175,-4.92188,1.19792) and mapped coordinate = (11,24,14,-32,11)
The poloidal direction makes the largest contribution to the stable dt reciprocal at that point
      BiCGStab converged successfully
      BiCGStab converged successfully
      BiCGStab converged successfully
  ----
  dt: 0.000713624
    Vlasov    : 0.00101588 (time scale), 0.70247 (CFL)
    Collisions: 1.79769e+308 (time scale), 3.96966e-312 (CFL)
  ----
  Distribution Function Extrema:
    Species 0:	9.56362e-07 [max]	2.70827e-15 [min]
    Species 1:	3.38125e-10 [max]	9.57519e-19 [min]

Step 13 completed, simulation time is 0.00927711
----

Step 14
      BiCGStab converged successfully
Vlasov operator time step was limited by the velocity at (X,Y,Z,vparallel,mu) = (0.00766667,0.006125,2.175,-4.92188,1.19792) and mapped coordinate = (11,24,14,-32,11)
The poloidal direction makes the largest contribution to the stable dt reciprocal at that point
Vlasov operator time step was limited by the velocity at (X,Y,Z,vparallel,mu) = (0.00766667,0.006125,2.175,-4.92188,1.19792) and mapped coordinate = (11,24,14,-32,11)
The poloidal direction makes the largest contribution to the stable dt reciprocal at that point
      BiCGStab converged successfully
      BiCGStab converged successfully
      BiCGStab converged successfully
  ----
  dt: 0.000713624
    Vlasov    : 0.00101588 (time scale), 0.70247 (CFL)
    Collisions: 1.79769e+308 (time scale), 3.96966e-312 (CFL)
  ----
  Distribution Function Extrema:
    Species 0:	9.56362e-07 [max]	2.70827e-15 [min]
    Species 1:	3.38125e-10 [max]	9.57519e-19 [min]

Step 14 completed, simulation time is 0.00999073
----

Step 15
      BiCGStab converged successfully
Vlasov operator time step was limited by the velocity at (X,Y,Z,vparallel,mu) = (0.00766667,0.006125,2.175,-4.92188,1.19792) and mapped coordinate = (11,24,14,-32,11)
The poloidal direction makes the largest contribution to the stable dt reciprocal at that point
Vlasov operator time step was limited by the velocity at (X,Y,Z,vparallel,mu) = (0.00766667,0.006125,2.175,-4.92188,1.19792) and mapped coordinate = (11,24,14,-32,11)
The poloidal direction makes the largest contribution to the stable dt reciprocal at that point
      BiCGStab converged successfully
      BiCGStab converged successfully
      BiCGStab converged successfully
  ----
  dt: 0.000713624
    Vlasov    : 0.00101588 (time scale), 0.70247 (CFL)
    Collisions: 1.79769e+308 (time scale), 3.96966e-312 (CFL)
  ----
  Distribution Function Extrema:
    Species 0:	9.56362e-07 [max]	2.70827e-15 [min]
    Species 1:	3.38125e-10 [max]	9.57519e-19 [min]

Step 15 completed, simulation time is 0.0107044
----

Step 16
      BiCGStab converged successfully
Vlasov operator time step was limited by the velocity at (X,Y,Z,vparallel,mu) = (0.00766667,0.006125,2.175,-4.92188,1.19792) and mapped coordinate = (11,24,14,-32,11)
The poloidal direction makes the largest contribution to the stable dt reciprocal at that point
Vlasov operator time step was limited by the velocity at (X,Y,Z,vparallel,mu) = (0.00766667,0.006125,2.175,-4.92188,1.19792) and mapped coordinate = (11,24,14,-32,11)
The poloidal direction makes the largest contribution to the stable dt reciprocal at that point
      BiCGStab converged successfully
      BiCGStab converged successfully
      BiCGStab converged successfully
  ----
  dt: 0.000713623
    Vlasov    : 0.00101588 (time scale), 0.70247 (CFL)
    Collisions: 1.79769e+308 (time scale), 3.96966e-312 (CFL)
  ----
  Distribution Function Extrema:
    Species 0:	9.56362e-07 [max]	2.70827e-15 [min]
    Species 1:	3.38125e-10 [max]	9.57519e-19 [min]

Step 16 completed, simulation time is 0.011418
----

Step 17
      BiCGStab converged successfully
Vlasov operator time step was limited by the velocity at (X,Y,Z,vparallel,mu) = (0.00766667,0.006125,2.175,-4.92188,1.19792) and mapped coordinate = (11,24,14,-32,11)
The poloidal direction makes the largest contribution to the stable dt reciprocal at that point
Vlasov operator time step was limited by the velocity at (X,Y,Z,vparallel,mu) = (0.00766667,0.006125,2.175,-4.92188,1.19792) and mapped coordinate = (11,24,14,-32,11)
The poloidal direction makes the largest contribution to the stable dt reciprocal at that point
      BiCGStab converged successfully
      BiCGStab converged successfully
      BiCGStab converged successfully
  ----
  dt: 0.000713623
    Vlasov    : 0.00101588 (time scale), 0.70247 (CFL)
    Collisions: 1.79769e+308 (time scale), 3.96966e-312 (CFL)
  ----
  Distribution Function Extrema:
    Species 0:	9.56362e-07 [max]	2.70827e-15 [min]
    Species 1:	3.38125e-10 [max]	9.57519e-19 [min]

Step 17 completed, simulation time is 0.0121316
----

Step 18
      BiCGStab converged successfully
Vlasov operator time step was limited by the velocity at (X,Y,Z,vparallel,mu) = (0.00766667,0.006125,2.175,-4.92188,1.19792) and mapped coordinate = (11,24,14,-32,11)
The poloidal direction makes the largest contribution to the stable dt reciprocal at that point
Vlasov operator time step was limited by the velocity at (X,Y,Z,vparallel,mu) = (0.00766667,0.006125,2.175,-4.92188,1.19792) and mapped coordinate = (11,24,14,-32,11)
The poloidal direction makes the largest contribution to the stable dt reciprocal at that point
      BiCGStab converged successfully
      BiCGStab converged successfully
      BiCGStab converged successfully
  ----
  dt: 0.000713623
    Vlasov    : 0.00101588 (time scale), 0.70247 (CFL)
    Collisions: 1.79769e+308 (time scale), 3.96966e-312 (CFL)
  ----
  Distribution Function Extrema:
    Species 0:	9.56362e-07 [max]	2.70827e-15 [min]
    Species 1:	3.38125e-10 [max]	9.57519e-19 [min]

Step 18 completed, simulation time is 0.0128452
----

Step 19
      BiCGStab converged successfully
Vlasov operator time step was limited by the velocity at (X,Y,Z,vparallel,mu) = (0.00766667,0.006125,2.175,-4.92188,1.19792) and mapped coordinate = (11,24,14,-32,11)
The poloidal direction makes the largest contribution to the stable dt reciprocal at that point
Vlasov operator time step was limited by the velocity at (X,Y,Z,vparallel,mu) = (0.00766667,0.006125,2.175,-4.92188,1.19792) and mapped coordinate = (11,24,14,-32,11)
The poloidal direction makes the largest contribution to the stable dt reciprocal at that point
      BiCGStab converged successfully
      BiCGStab converged successfully
      BiCGStab converged successfully
  ----
  dt: 0.000713623
    Vlasov    : 0.00101588 (time scale), 0.70247 (CFL)
    Collisions: 1.79769e+308 (time scale), 3.96966e-312 (CFL)
  ----
  Distribution Function Extrema:
    Species 0:	9.56362e-07 [max]	2.70827e-15 [min]
    Species 1:	3.38125e-10 [max]	9.57519e-19 [min]

Step 19 completed, simulation time is 0.0135589
----

Step 20
      BiCGStab converged successfully
Vlasov operator time step was limited by the velocity at (X,Y,Z,vparallel,mu) = (0.00766667,0.006125,2.175,-4.92188,1.19792) and mapped coordinate = (11,24,14,-32,11)
The poloidal direction makes the largest contribution to the stable dt reciprocal at that point
Vlasov operator time step was limited by the velocity at (X,Y,Z,vparallel,mu) = (0.00766667,0.006125,2.175,-4.92188,1.19792) and mapped coordinate = (11,24,14,-32,11)
The poloidal direction makes the largest contribution to the stable dt reciprocal at that point
      BiCGStab converged successfully
      BiCGStab converged successfully
      BiCGStab converged successfully
  ----
  dt: 0.000713623
    Vlasov    : 0.00101588 (time scale), 0.70247 (CFL)
    Collisions: 1.79769e+308 (time scale), 3.96966e-312 (CFL)
  ----
  Distribution Function Extrema:
    Species 0:	9.56362e-07 [max]	2.70827e-15 [min]
    Species 1:	3.38125e-10 [max]	9.57519e-19 [min]

Step 20 completed, simulation time is 0.0142725
----

Step 21
      BiCGStab converged successfully
Vlasov operator time step was limited by the velocity at (X,Y,Z,vparallel,mu) = (0.00766667,0.006125,2.175,-4.92188,1.19792) and mapped coordinate = (11,24,14,-32,11)
The poloidal direction makes the largest contribution to the stable dt reciprocal at that point
Vlasov operator time step was limited by the velocity at (X,Y,Z,vparallel,mu) = (0.00766667,0.006125,2.175,-4.92188,1.19792) and mapped coordinate = (11,24,14,-32,11)
The poloidal direction makes the largest contribution to the stable dt reciprocal at that point
      BiCGStab converged successfully
      BiCGStab converged successfully
      BiCGStab converged successfully
  ----
  dt: 0.000713623
    Vlasov    : 0.00101588 (time scale), 0.70247 (CFL)
    Collisions: 1.79769e+308 (time scale), 3.96966e-312 (CFL)
  ----
  Distribution Function Extrema:
    Species 0:	9.56362e-07 [max]	2.70827e-15 [min]
    Species 1:	3.38125e-10 [max]	9.57519e-19 [min]

Step 21 completed, simulation time is 0.0149861
----

Step 22
      BiCGStab converged successfully
Vlasov operator time step was limited by the velocity at (X,Y,Z,vparallel,mu) = (0.00766667,0.006125,2.175,-4.92188,1.19792) and mapped coordinate = (11,24,14,-32,11)
The poloidal direction makes the largest contribution to the stable dt reciprocal at that point
Vlasov operator time step was limited by the velocity at (X,Y,Z,vparallel,mu) = (0.00766667,0.006125,2.175,-4.92188,1.19792) and mapped coordinate = (11,24,14,-32,11)
The poloidal direction makes the largest contribution to the stable dt reciprocal at that point
      BiCGStab converged successfully
      BiCGStab converged successfully
      BiCGStab converged successfully
  ----
  dt: 0.000713623
    Vlasov    : 0.00101588 (time scale), 0.70247 (CFL)
    Collisions: 1.79769e+308 (time scale), 3.96966e-312 (CFL)
  ----
  Distribution Function Extrema:
    Species 0:	9.56362e-07 [max]	2.70827e-15 [min]
    Species 1:	3.38125e-10 [max]	9.57519e-19 [min]

Step 22 completed, simulation time is 0.0156997
----

Step 23
      BiCGStab converged successfully
Vlasov operator time step was limited by the velocity at (X,Y,Z,vparallel,mu) = (0.00766667,0.006125,2.175,-4.92188,1.19792) and mapped coordinate = (11,24,14,-32,11)
The poloidal direction makes the largest contribution to the stable dt reciprocal at that point
Vlasov operator time step was limited by the velocity at (X,Y,Z,vparallel,mu) = (0.00766667,0.006125,2.175,-4.92188,1.19792) and mapped coordinate = (11,24,14,-32,11)
The poloidal direction makes the largest contribution to the stable dt reciprocal at that point
      BiCGStab converged successfully
      BiCGStab converged successfully
      BiCGStab converged successfully
  ----
  dt: 0.000713623
    Vlasov    : 0.00101588 (time scale), 0.70247 (CFL)
    Collisions: 1.79769e+308 (time scale), 3.96966e-312 (CFL)
  ----
  Distribution Function Extrema:
    Species 0:	9.56362e-07 [max]	2.70827e-15 [min]
    Species 1:	3.38125e-10 [max]	9.57519e-19 [min]

Step 23 completed, simulation time is 0.0164133
----

Step 24
      BiCGStab converged successfully
Vlasov operator time step was limited by the velocity at (X,Y,Z,vparallel,mu) = (0.00766667,0.006125,2.175,-4.92188,1.19792) and mapped coordinate = (11,24,14,-32,11)
The poloidal direction makes the largest contribution to the stable dt reciprocal at that point
Vlasov operator time step was limited by the velocity at (X,Y,Z,vparallel,mu) = (0.00766667,0.006125,2.175,-4.92188,1.19792) and mapped coordinate = (11,24,14,-32,11)
The poloidal direction makes the largest contribution to the stable dt reciprocal at that point
      BiCGStab converged successfully
      BiCGStab converged successfully
      BiCGStab converged successfully
  ----
  dt: 0.000713623
    Vlasov    : 0.00101588 (time scale), 0.70247 (CFL)
    Collisions: 1.79769e+308 (time scale), 3.96966e-312 (CFL)
  ----
  Distribution Function Extrema:
    Species 0:	9.56362e-07 [max]	2.70827e-15 [min]
    Species 1:	3.38125e-10 [max]	9.57519e-19 [min]

Step 24 completed, simulation time is 0.017127
----

Step 25
      BiCGStab converged successfully
Vlasov operator time step was limited by the velocity at (X,Y,Z,vparallel,mu) = (0.00766667,0.006125,2.175,-4.92188,1.19792) and mapped coordinate = (11,24,14,-32,11)
The poloidal direction makes the largest contribution to the stable dt reciprocal at that point
Vlasov operator time step was limited by the velocity at (X,Y,Z,vparallel,mu) = (0.00766667,0.006125,2.175,-4.92188,1.19792) and mapped coordinate = (11,24,14,-32,11)
The poloidal direction makes the largest contribution to the stable dt reciprocal at that point
      BiCGStab converged successfully
      BiCGStab converged successfully
      BiCGStab converged successfully
  ----
  dt: 0.000713623
    Vlasov    : 0.00101588 (time scale), 0.70247 (CFL)
    Collisions: 1.79769e+308 (time scale), 3.96966e-312 (CFL)
  ----
  Distribution Function Extrema:
    Species 0:	9.56362e-07 [max]	2.70827e-15 [min]
    Species 1:	3.38125e-10 [max]	9.57519e-19 [min]

Step 25 completed, simulation time is 0.0178406
----

Step 26
      BiCGStab converged successfully
Vlasov operator time step was limited by the velocity at (X,Y,Z,vparallel,mu) = (0.00766667,0.006125,2.175,-4.92188,1.19792) and mapped coordinate = (11,24,14,-32,11)
The poloidal direction makes the largest contribution to the stable dt reciprocal at that point
Vlasov operator time step was limited by the velocity at (X,Y,Z,vparallel,mu) = (0.00766667,0.006125,2.175,-4.92188,1.19792) and mapped coordinate = (11,24,14,-32,11)
The poloidal direction makes the largest contribution to the stable dt reciprocal at that point
      BiCGStab converged successfully
      BiCGStab converged successfully
      BiCGStab converged successfully
  ----
  dt: 0.000713623
    Vlasov    : 0.00101588 (time scale), 0.70247 (CFL)
    Collisions: 1.79769e+308 (time scale), 3.96966e-312 (CFL)
  ----
  Distribution Function Extrema:
    Species 0:	9.56362e-07 [max]	2.70827e-15 [min]
    Species 1:	3.38125e-10 [max]	9.57519e-19 [min]

Step 26 completed, simulation time is 0.0185542
----

Step 27
      BiCGStab converged successfully
Vlasov operator time step was limited by the velocity at (X,Y,Z,vparallel,mu) = (0.00766667,0.006125,2.175,-4.92188,1.19792) and mapped coordinate = (11,24,14,-32,11)
The poloidal direction makes the largest contribution to the stable dt reciprocal at that point
Vlasov operator time step was limited by the velocity at (X,Y,Z,vparallel,mu) = (0.00766667,0.006125,2.175,-4.92188,1.19792) and mapped coordinate = (11,24,14,-32,11)
The poloidal direction makes the largest contribution to the stable dt reciprocal at that point
      BiCGStab converged successfully
      BiCGStab converged successfully
      BiCGStab converged successfully
  ----
  dt: 0.000713623
    Vlasov    : 0.00101588 (time scale), 0.70247 (CFL)
    Collisions: 1.79769e+308 (time scale), 3.96966e-312 (CFL)
  ----
  Distribution Function Extrema:
    Species 0:	9.56362e-07 [max]	2.70827e-15 [min]
    Species 1:	3.38125e-10 [max]	9.57519e-19 [min]

Step 27 completed, simulation time is 0.0192678
----

Step 28
      BiCGStab converged successfully
Vlasov operator time step was limited by the velocity at (X,Y,Z,vparallel,mu) = (0.00766667,0.006125,2.175,-4.92188,1.19792) and mapped coordinate = (11,24,14,-32,11)
The poloidal direction makes the largest contribution to the stable dt reciprocal at that point
Vlasov operator time step was limited by the velocity at (X,Y,Z,vparallel,mu) = (0.00766667,0.006125,2.175,-4.92188,1.19792) and mapped coordinate = (11,24,14,-32,11)
The poloidal direction makes the largest contribution to the stable dt reciprocal at that point
      BiCGStab converged successfully
      BiCGStab converged successfully
      BiCGStab converged successfully
  ----
  dt: 0.000713622
    Vlasov    : 0.00101588 (time scale), 0.70247 (CFL)
    Collisions: 1.79769e+308 (time scale), 3.96966e-312 (CFL)
  ----
  Distribution Function Extrema:
    Species 0:	9.56362e-07 [max]	2.70827e-15 [min]
    Species 1:	3.38125e-10 [max]	9.57519e-19 [min]

Step 28 completed, simulation time is 0.0199815
----

Step 29
      BiCGStab converged successfully
Vlasov operator time step was limited by the velocity at (X,Y,Z,vparallel,mu) = (0.00766667,0.006125,2.175,-4.92188,1.19792) and mapped coordinate = (11,24,14,-32,11)
The poloidal direction makes the largest contribution to the stable dt reciprocal at that point
Vlasov operator time step was limited by the velocity at (X,Y,Z,vparallel,mu) = (0.00766667,0.006125,2.175,-4.92188,1.19792) and mapped coordinate = (11,24,14,-32,11)
The poloidal direction makes the largest contribution to the stable dt reciprocal at that point
      BiCGStab converged successfully
      BiCGStab converged successfully
      BiCGStab converged successfully
  ----
  dt: 0.000713622
    Vlasov    : 0.00101588 (time scale), 0.70247 (CFL)
    Collisions: 1.79769e+308 (time scale), 3.96966e-312 (CFL)
  ----
  Distribution Function Extrema:
    Species 0:	9.56362e-07 [max]	2.70827e-15 [min]
    Species 1:	3.38125e-10 [max]	9.57519e-19 [min]

Step 29 completed, simulation time is 0.0206951
----

Step 30
      BiCGStab converged successfully
Vlasov operator time step was limited by the velocity at (X,Y,Z,vparallel,mu) = (0.00766667,0.006125,2.175,-4.92188,1.19792) and mapped coordinate = (11,24,14,-32,11)
The poloidal direction makes the largest contribution to the stable dt reciprocal at that point
Vlasov operator time step was limited by the velocity at (X,Y,Z,vparallel,mu) = (0.00766667,0.006125,2.175,-4.92188,1.19792) and mapped coordinate = (11,24,14,-32,11)
The poloidal direction makes the largest contribution to the stable dt reciprocal at that point
      BiCGStab converged successfully
      BiCGStab converged successfully
      BiCGStab converged successfully
  ----
  dt: 0.000713622
    Vlasov    : 0.00101588 (time scale), 0.70247 (CFL)
    Collisions: 1.79769e+308 (time scale), 3.96966e-312 (CFL)
  ----
  Distribution Function Extrema:
    Species 0:	9.56362e-07 [max]	2.70827e-15 [min]
    Species 1:	3.38125e-10 [max]	9.57519e-19 [min]

Step 30 completed, simulation time is 0.0214087
----

Step 31
      BiCGStab converged successfully
Vlasov operator time step was limited by the velocity at (X,Y,Z,vparallel,mu) = (0.00766667,0.006125,2.175,-4.92188,1.19792) and mapped coordinate = (11,24,14,-32,11)
The poloidal direction makes the largest contribution to the stable dt reciprocal at that point
Vlasov operator time step was limited by the velocity at (X,Y,Z,vparallel,mu) = (0.00766667,0.006125,2.175,-4.92188,1.19792) and mapped coordinate = (11,24,14,-32,11)
The poloidal direction makes the largest contribution to the stable dt reciprocal at that point
      BiCGStab converged successfully
      BiCGStab converged successfully
      BiCGStab converged successfully
  ----
  dt: 0.000713622
    Vlasov    : 0.00101588 (time scale), 0.70247 (CFL)
    Collisions: 1.79769e+308 (time scale), 3.96965e-312 (CFL)
  ----
  Distribution Function Extrema:
    Species 0:	9.56362e-07 [max]	2.70827e-15 [min]
    Species 1:	3.38125e-10 [max]	9.57519e-19 [min]

Step 31 completed, simulation time is 0.0221223
----

Step 32
      BiCGStab converged successfully
Vlasov operator time step was limited by the velocity at (X,Y,Z,vparallel,mu) = (0.00766667,0.006125,2.175,-4.92188,1.19792) and mapped coordinate = (11,24,14,-32,11)
The poloidal direction makes the largest contribution to the stable dt reciprocal at that point
Vlasov operator time step was limited by the velocity at (X,Y,Z,vparallel,mu) = (0.00766667,0.006125,2.175,-4.92188,1.19792) and mapped coordinate = (11,24,14,-32,11)
The poloidal direction makes the largest contribution to the stable dt reciprocal at that point
      BiCGStab converged successfully
      BiCGStab converged successfully
      BiCGStab converged successfully
  ----
  dt: 0.000713622
    Vlasov    : 0.00101588 (time scale), 0.70247 (CFL)
    Collisions: 1.79769e+308 (time scale), 3.96965e-312 (CFL)
  ----
  Distribution Function Extrema:
    Species 0:	9.56362e-07 [max]	2.70827e-15 [min]
    Species 1:	3.38125e-10 [max]	9.57519e-19 [min]

Step 32 completed, simulation time is 0.0228359
----

Step 33
      BiCGStab converged successfully
Vlasov operator time step was limited by the velocity at (X,Y,Z,vparallel,mu) = (0.00766667,0.006125,2.175,-4.92188,1.19792) and mapped coordinate = (11,24,14,-32,11)
The poloidal direction makes the largest contribution to the stable dt reciprocal at that point
Vlasov operator time step was limited by the velocity at (X,Y,Z,vparallel,mu) = (0.00766667,0.006125,2.175,-4.92188,1.19792) and mapped coordinate = (11,24,14,-32,11)
The poloidal direction makes the largest contribution to the stable dt reciprocal at that point
      BiCGStab converged successfully
      BiCGStab converged successfully
      BiCGStab converged successfully
  ----
  dt: 0.000713622
    Vlasov    : 0.00101588 (time scale), 0.70247 (CFL)
    Collisions: 1.79769e+308 (time scale), 3.96965e-312 (CFL)
  ----
  Distribution Function Extrema:
    Species 0:	9.56362e-07 [max]	2.70827e-15 [min]
    Species 1:	3.38125e-10 [max]	9.57519e-19 [min]

Step 33 completed, simulation time is 0.0235496
----

Step 34
      BiCGStab converged successfully
Vlasov operator time step was limited by the velocity at (X,Y,Z,vparallel,mu) = (0.00766667,0.006125,2.175,-4.92188,1.19792) and mapped coordinate = (11,24,14,-32,11)
The poloidal direction makes the largest contribution to the stable dt reciprocal at that point
Vlasov operator time step was limited by the velocity at (X,Y,Z,vparallel,mu) = (0.00766667,0.006125,2.175,-4.92188,1.19792) and mapped coordinate = (11,24,14,-32,11)
The poloidal direction makes the largest contribution to the stable dt reciprocal at that point
      BiCGStab converged successfully
      BiCGStab converged successfully
      BiCGStab converged successfully
  ----
  dt: 0.000713622
    Vlasov    : 0.00101588 (time scale), 0.70247 (CFL)
    Collisions: 1.79769e+308 (time scale), 3.96965e-312 (CFL)
  ----
  Distribution Function Extrema:
    Species 0:	9.56362e-07 [max]	2.70827e-15 [min]
    Species 1:	3.38125e-10 [max]	9.57519e-19 [min]

Step 34 completed, simulation time is 0.0242632
----

Step 35
      BiCGStab converged successfully
Vlasov operator time step was limited by the velocity at (X,Y,Z,vparallel,mu) = (0.00766667,0.006125,2.175,-4.92188,1.19792) and mapped coordinate = (11,24,14,-32,11)
The poloidal direction makes the largest contribution to the stable dt reciprocal at that point
Vlasov operator time step was limited by the velocity at (X,Y,Z,vparallel,mu) = (0.00766667,0.006125,2.175,-4.92188,1.19792) and mapped coordinate = (11,24,14,-32,11)
The poloidal direction makes the largest contribution to the stable dt reciprocal at that point
      BiCGStab converged successfully
      BiCGStab converged successfully
      BiCGStab converged successfully
  ----
  dt: 0.000713622
    Vlasov    : 0.00101588 (time scale), 0.70247 (CFL)
    Collisions: 1.79769e+308 (time scale), 3.96965e-312 (CFL)
  ----
  Distribution Function Extrema:
    Species 0:	9.56362e-07 [max]	2.70827e-15 [min]
    Species 1:	3.38125e-10 [max]	9.57519e-19 [min]

Step 35 completed, simulation time is 0.0249768
----

Step 36
      BiCGStab converged successfully
Vlasov operator time step was limited by the velocity at (X,Y,Z,vparallel,mu) = (0.00766667,0.006125,2.175,-4.92188,1.19792) and mapped coordinate = (11,24,14,-32,11)
The poloidal direction makes the largest contribution to the stable dt reciprocal at that point
Vlasov operator time step was limited by the velocity at (X,Y,Z,vparallel,mu) = (0.00766667,0.006125,2.175,-4.92188,1.19792) and mapped coordinate = (11,24,14,-32,11)
The poloidal direction makes the largest contribution to the stable dt reciprocal at that point
      BiCGStab converged successfully
      BiCGStab converged successfully
      BiCGStab converged successfully
  ----
  dt: 0.000713622
    Vlasov    : 0.00101588 (time scale), 0.70247 (CFL)
    Collisions: 1.79769e+308 (time scale), 3.96965e-312 (CFL)
  ----
  Distribution Function Extrema:
    Species 0:	9.56362e-07 [max]	2.70827e-15 [min]
    Species 1:	3.38125e-10 [max]	9.57519e-19 [min]

Step 36 completed, simulation time is 0.0256904
----

Step 37
      BiCGStab converged successfully
Vlasov operator time step was limited by the velocity at (X,Y,Z,vparallel,mu) = (0.00766667,0.006125,2.175,-4.92188,1.19792) and mapped coordinate = (11,24,14,-32,11)
The poloidal direction makes the largest contribution to the stable dt reciprocal at that point
Vlasov operator time step was limited by the velocity at (X,Y,Z,vparallel,mu) = (0.00766667,0.006125,2.175,-4.92188,1.19792) and mapped coordinate = (11,24,14,-32,11)
The poloidal direction makes the largest contribution to the stable dt reciprocal at that point
      BiCGStab converged successfully
      BiCGStab converged successfully
      BiCGStab converged successfully
  ----
  dt: 0.000713621
    Vlasov    : 0.00101588 (time scale), 0.70247 (CFL)
    Collisions: 1.79769e+308 (time scale), 3.96965e-312 (CFL)
  ----
  Distribution Function Extrema:
    Species 0:	9.56362e-07 [max]	2.70827e-15 [min]
    Species 1:	3.38125e-10 [max]	9.57519e-19 [min]

Step 37 completed, simulation time is 0.0264041
----

Step 38
      BiCGStab converged successfully
Vlasov operator time step was limited by the velocity at (X,Y,Z,vparallel,mu) = (0.00766667,0.006125,2.175,-4.92188,1.19792) and mapped coordinate = (11,24,14,-32,11)
The poloidal direction makes the largest contribution to the stable dt reciprocal at that point
Vlasov operator time step was limited by the velocity at (X,Y,Z,vparallel,mu) = (0.00766667,0.006125,2.175,-4.92188,1.19792) and mapped coordinate = (11,24,14,-32,11)
The poloidal direction makes the largest contribution to the stable dt reciprocal at that point
      BiCGStab converged successfully
      BiCGStab converged successfully
      BiCGStab converged successfully
  ----
  dt: 0.000713621
    Vlasov    : 0.00101587 (time scale), 0.70247 (CFL)
    Collisions: 1.79769e+308 (time scale), 3.96965e-312 (CFL)
  ----
  Distribution Function Extrema:
    Species 0:	9.56362e-07 [max]	2.70827e-15 [min]
    Species 1:	3.38125e-10 [max]	9.57519e-19 [min]

Step 38 completed, simulation time is 0.0271177
----

Step 39
      BiCGStab converged successfully
Vlasov operator time step was limited by the velocity at (X,Y,Z,vparallel,mu) = (0.00766667,0.006125,2.175,-4.92188,1.19792) and mapped coordinate = (11,24,14,-32,11)
The poloidal direction makes the largest contribution to the stable dt reciprocal at that point
Vlasov operator time step was limited by the velocity at (X,Y,Z,vparallel,mu) = (0.00766667,0.006125,2.175,-4.92188,1.19792) and mapped coordinate = (11,24,14,-32,11)
The poloidal direction makes the largest contribution to the stable dt reciprocal at that point
      BiCGStab converged successfully
      BiCGStab converged successfully
      BiCGStab converged successfully
  ----
  dt: 0.000713621
    Vlasov    : 0.00101587 (time scale), 0.70247 (CFL)
    Collisions: 1.79769e+308 (time scale), 3.96965e-312 (CFL)
  ----
  Distribution Function Extrema:
    Species 0:	9.56362e-07 [max]	2.70827e-15 [min]
    Species 1:	3.38125e-10 [max]	9.57519e-19 [min]

Step 39 completed, simulation time is 0.0278313
----

Step 40
      BiCGStab converged successfully
Vlasov operator time step was limited by the velocity at (X,Y,Z,vparallel,mu) = (0.00766667,0.006125,2.175,-4.92188,1.19792) and mapped coordinate = (11,24,14,-32,11)
The poloidal direction makes the largest contribution to the stable dt reciprocal at that point
Vlasov operator time step was limited by the velocity at (X,Y,Z,vparallel,mu) = (0.00766667,0.006125,2.175,-4.92188,1.19792) and mapped coordinate = (11,24,14,-32,11)
The poloidal direction makes the largest contribution to the stable dt reciprocal at that point
      BiCGStab converged successfully
      BiCGStab converged successfully
      BiCGStab converged successfully
  ----
  dt: 0.000713621
    Vlasov    : 0.00101587 (time scale), 0.70247 (CFL)
    Collisions: 1.79769e+308 (time scale), 3.96965e-312 (CFL)
  ----
  Distribution Function Extrema:
    Species 0:	9.56362e-07 [max]	2.70827e-15 [min]
    Species 1:	3.38125e-10 [max]	9.57519e-19 [min]

Step 40 completed, simulation time is 0.0285449
----

Step 41
      BiCGStab converged successfully
Vlasov operator time step was limited by the velocity at (X,Y,Z,vparallel,mu) = (0.00766667,0.006125,2.175,-4.92188,1.19792) and mapped coordinate = (11,24,14,-32,11)
The poloidal direction makes the largest contribution to the stable dt reciprocal at that point
Vlasov operator time step was limited by the velocity at (X,Y,Z,vparallel,mu) = (0.00766667,0.006125,2.175,-4.92188,1.19792) and mapped coordinate = (11,24,14,-32,11)
The poloidal direction makes the largest contribution to the stable dt reciprocal at that point
      BiCGStab converged successfully
      BiCGStab converged successfully
      BiCGStab converged successfully
  ----
  dt: 0.000713621
    Vlasov    : 0.00101587 (time scale), 0.70247 (CFL)
    Collisions: 1.79769e+308 (time scale), 3.96965e-312 (CFL)
  ----
  Distribution Function Extrema:
    Species 0:	9.56362e-07 [max]	2.70827e-15 [min]
    Species 1:	3.38125e-10 [max]	9.57519e-19 [min]

Step 41 completed, simulation time is 0.0292585
----

Step 42
      BiCGStab converged successfully
Vlasov operator time step was limited by the velocity at (X,Y,Z,vparallel,mu) = (0.00766667,0.006125,2.175,-4.92188,1.19792) and mapped coordinate = (11,24,14,-32,11)
The poloidal direction makes the largest contribution to the stable dt reciprocal at that point
Vlasov operator time step was limited by the velocity at (X,Y,Z,vparallel,mu) = (0.00766667,0.006125,2.175,-4.92188,1.19792) and mapped coordinate = (11,24,14,-32,11)
The poloidal direction makes the largest contribution to the stable dt reciprocal at that point
      BiCGStab converged successfully
      BiCGStab converged successfully
      BiCGStab converged successfully
  ----
  dt: 0.000713621
    Vlasov    : 0.00101587 (time scale), 0.70247 (CFL)
    Collisions: 1.79769e+308 (time scale), 3.96965e-312 (CFL)
  ----
  Distribution Function Extrema:
    Species 0:	9.56362e-07 [max]	2.70827e-15 [min]
    Species 1:	3.38125e-10 [max]	9.57519e-19 [min]

Step 42 completed, simulation time is 0.0299722
----

Step 43
      BiCGStab converged successfully
Vlasov operator time step was limited by the velocity at (X,Y,Z,vparallel,mu) = (0.00766667,0.006125,2.175,-4.92188,1.19792) and mapped coordinate = (11,24,14,-32,11)
The poloidal direction makes the largest contribution to the stable dt reciprocal at that point
Vlasov operator time step was limited by the velocity at (X,Y,Z,vparallel,mu) = (0.00766667,0.006125,2.175,-4.92188,1.19792) and mapped coordinate = (11,24,14,-32,11)
The poloidal direction makes the largest contribution to the stable dt reciprocal at that point
      BiCGStab converged successfully
      BiCGStab converged successfully
      BiCGStab converged successfully
  ----
  dt: 0.000713621
    Vlasov    : 0.00101587 (time scale), 0.70247 (CFL)
    Collisions: 1.79769e+308 (time scale), 3.96965e-312 (CFL)
  ----
  Distribution Function Extrema:
    Species 0:	9.56362e-07 [max]	2.70827e-15 [min]
    Species 1:	3.38125e-10 [max]	9.57519e-19 [min]

Step 43 completed, simulation time is 0.0306858
----

Step 44
      BiCGStab converged successfully
Vlasov operator time step was limited by the velocity at (X,Y,Z,vparallel,mu) = (0.00766667,0.006125,2.175,-4.92188,1.19792) and mapped coordinate = (11,24,14,-32,11)
The poloidal direction makes the largest contribution to the stable dt reciprocal at that point
Vlasov operator time step was limited by the velocity at (X,Y,Z,vparallel,mu) = (0.00766667,0.006125,2.175,-4.92188,1.19792) and mapped coordinate = (11,24,14,-32,11)
The poloidal direction makes the largest contribution to the stable dt reciprocal at that point
      BiCGStab converged successfully
      BiCGStab converged successfully
      BiCGStab converged successfully
  ----
  dt: 0.000713621
    Vlasov    : 0.00101587 (time scale), 0.70247 (CFL)
    Collisions: 1.79769e+308 (time scale), 3.96965e-312 (CFL)
  ----
  Distribution Function Extrema:
    Species 0:	9.56362e-07 [max]	2.70827e-15 [min]
    Species 1:	3.38125e-10 [max]	9.57519e-19 [min]

Step 44 completed, simulation time is 0.0313994
----

Step 45
      BiCGStab converged successfully
Vlasov operator time step was limited by the velocity at (X,Y,Z,vparallel,mu) = (0.00766667,0.006125,2.175,-4.92188,1.19792) and mapped coordinate = (11,24,14,-32,11)
The poloidal direction makes the largest contribution to the stable dt reciprocal at that point
Vlasov operator time step was limited by the velocity at (X,Y,Z,vparallel,mu) = (0.00766667,0.006125,2.175,-4.92188,1.19792) and mapped coordinate = (11,24,14,-32,11)
The poloidal direction makes the largest contribution to the stable dt reciprocal at that point
      BiCGStab converged successfully
      BiCGStab converged successfully
      BiCGStab converged successfully
  ----
  dt: 0.000713621
    Vlasov    : 0.00101587 (time scale), 0.70247 (CFL)
    Collisions: 1.79769e+308 (time scale), 3.96965e-312 (CFL)
  ----
  Distribution Function Extrema:
    Species 0:	9.56362e-07 [max]	2.70827e-15 [min]
    Species 1:	3.38125e-10 [max]	9.57519e-19 [min]

Step 45 completed, simulation time is 0.032113
----

Step 46
      BiCGStab converged successfully
Vlasov operator time step was limited by the velocity at (X,Y,Z,vparallel,mu) = (0.00766667,0.006125,2.175,-4.92188,1.19792) and mapped coordinate = (11,24,14,-32,11)
The poloidal direction makes the largest contribution to the stable dt reciprocal at that point
Vlasov operator time step was limited by the velocity at (X,Y,Z,vparallel,mu) = (0.00766667,0.006125,2.175,-4.92188,1.19792) and mapped coordinate = (11,24,14,-32,11)
The poloidal direction makes the largest contribution to the stable dt reciprocal at that point
      BiCGStab converged successfully
      BiCGStab converged successfully
      BiCGStab converged successfully
  ----
  dt: 0.00071362
    Vlasov    : 0.00101587 (time scale), 0.70247 (CFL)
    Collisions: 1.79769e+308 (time scale), 3.96965e-312 (CFL)
  ----
  Distribution Function Extrema:
    Species 0:	9.56362e-07 [max]	2.70827e-15 [min]
    Species 1:	3.38125e-10 [max]	9.57519e-19 [min]

Step 46 completed, simulation time is 0.0328266
----

Step 47
      BiCGStab converged successfully
Vlasov operator time step was limited by the velocity at (X,Y,Z,vparallel,mu) = (0.00766667,0.006125,2.175,-4.92188,1.19792) and mapped coordinate = (11,24,14,-32,11)
The poloidal direction makes the largest contribution to the stable dt reciprocal at that point
Vlasov operator time step was limited by the velocity at (X,Y,Z,vparallel,mu) = (0.00766667,0.006125,2.175,-4.92188,1.19792) and mapped coordinate = (11,24,14,-32,11)
The poloidal direction makes the largest contribution to the stable dt reciprocal at that point
      BiCGStab converged successfully
      BiCGStab converged successfully
      BiCGStab converged successfully
  ----
  dt: 0.00071362
    Vlasov    : 0.00101587 (time scale), 0.70247 (CFL)
    Collisions: 1.79769e+308 (time scale), 3.96964e-312 (CFL)
  ----
  Distribution Function Extrema:
    Species 0:	9.56362e-07 [max]	2.70827e-15 [min]
    Species 1:	3.38125e-10 [max]	9.57519e-19 [min]

Step 47 completed, simulation time is 0.0335403
----

Step 48
      BiCGStab converged successfully
Vlasov operator time step was limited by the velocity at (X,Y,Z,vparallel,mu) = (0.00766667,0.006125,2.175,-4.92188,1.19792) and mapped coordinate = (11,24,14,-32,11)
The poloidal direction makes the largest contribution to the stable dt reciprocal at that point
Vlasov operator time step was limited by the velocity at (X,Y,Z,vparallel,mu) = (0.00766667,0.006125,2.175,-4.92188,1.19792) and mapped coordinate = (11,24,14,-32,11)
The poloidal direction makes the largest contribution to the stable dt reciprocal at that point
      BiCGStab converged successfully
      BiCGStab converged successfully
      BiCGStab converged successfully
  ----
  dt: 0.00071362
    Vlasov    : 0.00101587 (time scale), 0.70247 (CFL)
    Collisions: 1.79769e+308 (time scale), 3.96964e-312 (CFL)
  ----
  Distribution Function Extrema:
    Species 0:	9.56362e-07 [max]	2.70827e-15 [min]
    Species 1:	3.38125e-10 [max]	9.57519e-19 [min]

Step 48 completed, simulation time is 0.0342539
----

Step 49
      BiCGStab converged successfully
Vlasov operator time step was limited by the velocity at (X,Y,Z,vparallel,mu) = (0.00766667,0.006125,2.175,-4.92188,1.19792) and mapped coordinate = (11,24,14,-32,11)
The poloidal direction makes the largest contribution to the stable dt reciprocal at that point
Vlasov operator time step was limited by the velocity at (X,Y,Z,vparallel,mu) = (0.00766667,0.006125,2.175,-4.92188,1.19792) and mapped coordinate = (11,24,14,-32,11)
The poloidal direction makes the largest contribution to the stable dt reciprocal at that point
      BiCGStab converged successfully
      BiCGStab converged successfully
      BiCGStab converged successfully
  ----
  dt: 0.00071362
    Vlasov    : 0.00101587 (time scale), 0.70247 (CFL)
    Collisions: 1.79769e+308 (time scale), 3.96964e-312 (CFL)
  ----
  Distribution Function Extrema:
    Species 0:	9.56362e-07 [max]	2.70827e-15 [min]
    Species 1:	3.38125e-10 [max]	9.57519e-19 [min]

Step 49 completed, simulation time is 0.0349675
----

Step 50
      BiCGStab converged successfully
Vlasov operator time step was limited by the velocity at (X,Y,Z,vparallel,mu) = (0.00766667,0.006125,2.175,-4.92188,1.19792) and mapped coordinate = (11,24,14,-32,11)
The poloidal direction makes the largest contribution to the stable dt reciprocal at that point
Vlasov operator time step was limited by the velocity at (X,Y,Z,vparallel,mu) = (0.00766667,0.006125,2.175,-4.92188,1.19792) and mapped coordinate = (11,24,14,-32,11)
The poloidal direction makes the largest contribution to the stable dt reciprocal at that point
      BiCGStab converged successfully
      BiCGStab converged successfully
      BiCGStab converged successfully
  ----
  dt: 0.00071362
    Vlasov    : 0.00101587 (time scale), 0.70247 (CFL)
    Collisions: 1.79769e+308 (time scale), 3.96964e-312 (CFL)
  ----
  Distribution Function Extrema:
    Species 0:	9.56362e-07 [max]	2.70827e-15 [min]
    Species 1:	3.38125e-10 [max]	9.57519e-19 [min]

Step 50 completed, simulation time is 0.0356811
----

Step 51
      BiCGStab converged successfully
Vlasov operator time step was limited by the velocity at (X,Y,Z,vparallel,mu) = (0.00766667,0.006125,2.175,-4.92188,1.19792) and mapped coordinate = (11,24,14,-32,11)
The poloidal direction makes the largest contribution to the stable dt reciprocal at that point
Vlasov operator time step was limited by the velocity at (X,Y,Z,vparallel,mu) = (0.00766667,0.006125,2.175,-4.92188,1.19792) and mapped coordinate = (11,24,14,-32,11)
The poloidal direction makes the largest contribution to the stable dt reciprocal at that point
      BiCGStab converged successfully
      BiCGStab converged successfully
      BiCGStab converged successfully
  ----
  dt: 0.00071362
    Vlasov    : 0.00101587 (time scale), 0.70247 (CFL)
    Collisions: 1.79769e+308 (time scale), 3.96964e-312 (CFL)
  ----
  Distribution Function Extrema:
    Species 0:	9.56362e-07 [max]	2.70827e-15 [min]
    Species 1:	3.38125e-10 [max]	9.57519e-19 [min]

Step 51 completed, simulation time is 0.0363947
----

Step 52
      BiCGStab converged successfully
Vlasov operator time step was limited by the velocity at (X,Y,Z,vparallel,mu) = (0.00766667,0.006125,2.175,-4.92188,1.19792) and mapped coordinate = (11,24,14,-32,11)
The poloidal direction makes the largest contribution to the stable dt reciprocal at that point
Vlasov operator time step was limited by the velocity at (X,Y,Z,vparallel,mu) = (0.00766667,0.006125,2.175,-4.92188,1.19792) and mapped coordinate = (11,24,14,-32,11)
The poloidal direction makes the largest contribution to the stable dt reciprocal at that point
      BiCGStab converged successfully
      BiCGStab converged successfully
      BiCGStab converged successfully
  ----
  dt: 0.00071362
    Vlasov    : 0.00101587 (time scale), 0.70247 (CFL)
    Collisions: 1.79769e+308 (time scale), 3.96964e-312 (CFL)
  ----
  Distribution Function Extrema:
    Species 0:	9.56362e-07 [max]	2.70827e-15 [min]
    Species 1:	3.38125e-10 [max]	9.57519e-19 [min]

Step 52 completed, simulation time is 0.0371084
----

Step 53
      BiCGStab converged successfully
Vlasov operator time step was limited by the velocity at (X,Y,Z,vparallel,mu) = (0.00766667,0.006125,2.175,-4.92188,1.19792) and mapped coordinate = (11,24,14,-32,11)
The poloidal direction makes the largest contribution to the stable dt reciprocal at that point
Vlasov operator time step was limited by the velocity at (X,Y,Z,vparallel,mu) = (0.00766667,0.006125,2.175,-4.92188,1.19792) and mapped coordinate = (11,24,14,-32,11)
The poloidal direction makes the largest contribution to the stable dt reciprocal at that point
      BiCGStab converged successfully
      BiCGStab converged successfully
      BiCGStab converged successfully
  ----
  dt: 0.00071362
    Vlasov    : 0.00101587 (time scale), 0.70247 (CFL)
    Collisions: 1.79769e+308 (time scale), 3.96964e-312 (CFL)
  ----
  Distribution Function Extrema:
    Species 0:	9.56362e-07 [max]	2.70827e-15 [min]
    Species 1:	3.38125e-10 [max]	9.57518e-19 [min]

Step 53 completed, simulation time is 0.037822
----

Step 54
      BiCGStab converged successfully
