** GKUnits ***********************************************************

==== Fundamental Units ===============================================
  NUMBER DENSITY    [1/m^3]: 1e+20
  TEMPERATURE           [eV]: 200
  LENGTH                [m]: 1
  MASS                 [AMU]: 1
  MAGNETIC FIELD        [T]: 1
  CHARGE                [C]: 1.60218e-19
  BOLTZMANN CONSTANT  [J/K]: 1.38065e-23
  ELECTRIC CONSTANT   [F/m]: 8.85419e-12
  MAGNETIC CONSTANT   [H/m]: 1.25664e-06

==== Derived Units ===================================================

  THERMAL SPEED       [m/s]: 138411
  TRANSIT TIME          [s]: 7.22485e-06
  MAGNETIC MOMENT     [J/T]: 1.60218e-17
  DIST. FUNCTION [s/(Am^6)]: 12004.3
  POTENTIAL             [V]: 200
  GYROFREQUENCY       [1/s]: 9.57883e+07
  GYRORADIUS            [m]: 0.00144497
  DEBYE LENGTH          [m]: 1.05132e-05

==== Dimensionless Parameters =========================================

  LARMOR NUMBER            : 0.00144497
  DEBYE NUMBER             : 1.05132e-05

***********************************************************************
**** cellSp[0] = 0.0981748,  cellSp[1] = 0.0490874
**** dimensions = 64, 128
**** cellSp[0] = 0.0981748,  cellSp[1] = 0.0490874
**** dimensions = 64, 128
**** cellSp[0] = 0.0981748,  cellSp[1] = 0.0490874
**** dimensions = 64, 128
**** cellSp[0] = 0.0981748,  cellSp[1] = 0.0490874
**** dimensions = 64, 128
**** cellSp[0] = 0.0981748,  cellSp[1] = 0.0490874
**** dimensions = 64, 128
**** cellSp[0] = 0.0981748,  cellSp[1] = 0.0490874
**** dimensions = 64, 128
**** cellSp[0] = 0.0981748,  cellSp[1] = 0.0490874
**** dimensions = 64, 128
**** cellSp[0] = 0.0981748,  cellSp[1] = 0.0490874
**** dimensions = 64, 128
**** cellSp[0] = 0.0981748,  cellSp[1] = 0.0490874
**** dimensions = 64, 128
**** cellSp[0] = 0.0981748,  cellSp[1] = 0.0490874
**** dimensions = 64, 128
**** cellSp[0] = 0.0981748,  cellSp[1] = 0.0490874
**** dimensions = 64, 128
**** cellSp[0] = 0.0981748,  cellSp[1] = 0.0490874
**** dimensions = 64, 128
**** cellSp[0] = 0.0981748,  cellSp[1] = 0.0490874
**** dimensions = 64, 128
**** cellSp[0] = 0.0981748,  cellSp[1] = 0.0490874
**** dimensions = 64, 128
**** cellSp[0] = 0.0981748,  cellSp[1] = 0.0490874
**** dimensions = 64, 128
**** cellSp[0] = 0.0981748,  cellSp[1] = 0.0490874
**** dimensions = 64, 128
**** cellSp[0] = 0.0981748,  cellSp[1] = 0.0490874
**** dimensions = 64, 128
**** cellSp[0] = 0.0981748,  cellSp[1] = 0.0490874
**** dimensions = 64, 128
**** cellSp[0] = 0.0981748,  cellSp[1] = 0.0490874
**** dimensions = 64, 128
**** cellSp[0] = 0.0981748,  cellSp[1] = 0.0490874
**** dimensions = 64, 128
**** cellSp[0] = 0.0981748,  cellSp[1] = 0.0490874
**** dimensions = 64, 128
**** cellSp[0] = 0.0981748,  cellSp[1] = 0.0490874
**** dimensions = 64, 128
**** cellSp[0] = 0.0981748,  cellSp[1] = 0.0490874
**** dimensions = 64, 128
**** cellSp[0] = 0.0981748,  cellSp[1] = 0.0490874
**** dimensions = 64, 128
**** cellSp[0] = 0.0981748,  cellSp[1] = 0.0490874
**** dimensions = 64, 128
**** cellSp[0] = 0.0981748,  cellSp[1] = 0.0490874
**** dimensions = 64, 128
**** cellSp[0] = 0.0981748,  cellSp[1] = 0.0490874
**** dimensions = 64, 128
**** cellSp[0] = 0.0981748,  cellSp[1] = 0.0490874
**** dimensions = 64, 128
**** cellSp[0] = 0.0981748,  cellSp[1] = 0.0490874
**** dimensions = 64, 128
**** cellSp[0] = 0.0981748,  cellSp[1] = 0.0490874
**** dimensions = 64, 128
**** cellSp[0] = 0.0981748,  cellSp[1] = 0.0490874
**** dimensions = 64, 128
**** cellSp[0] = 0.0981748,  cellSp[1] = 0.0490874
**** dimensions = 64, 128
**** cellSp[0] = 0.0981748,  cellSp[1] = 0.0490874
**** dimensions = 64, 128
**** cellSp[0] = 0.0981748,  cellSp[1] = 0.0490874
**** dimensions = 64, 128
**** cellSp[0] = 0.0981748,  cellSp[1] = 0.0490874
**** dimensions = 64, 128
**** cellSp[0] = 0.0981748,  cellSp[1] = 0.0490874
**** dimensions = 64, 128
**** cellSp[0] = 0.0981748,  cellSp[1] = 0.0490874
**** dimensions = 64, 128
**** cellSp[0] = 0.0981748,  cellSp[1] = 0.0490874
**** dimensions = 64, 128
**** cellSp[0] = 0.0981748,  cellSp[1] = 0.0490874
**** dimensions = 64, 128
**** cellSp[0] = 0.0981748,  cellSp[1] = 0.0490874
**** dimensions = 64, 128
**** cellSp[0] = 0.0981748,  cellSp[1] = 0.0490874
**** dimensions = 64, 128
**** cellSp[0] = 0.0981748,  cellSp[1] = 0.0490874
**** dimensions = 64, 128
**** cellSp[0] = 0.0981748,  cellSp[1] = 0.0490874
**** dimensions = 64, 128
**** cellSp[0] = 0.0981748,  cellSp[1] = 0.0490874
**** dimensions = 64, 128
**** cellSp[0] = 0.0981748,  cellSp[1] = 0.0490874
**** dimensions = 64, 128
**** cellSp[0] = 0.0981748,  cellSp[1] = 0.0490874
**** dimensions = 64, 128
**** cellSp[0] = 0.0981748,  cellSp[1] = 0.0490874
**** dimensions = 64, 128
**** cellSp[0] = 0.0981748,  cellSp[1] = 0.0490874
**** dimensions = 64, 128
**** cellSp[0] = 0.0981748,  cellSp[1] = 0.0490874
**** dimensions = 64, 128
**** cellSp[0] = 0.0981748,  cellSp[1] = 0.0490874
**** dimensions = 64, 128
**** cellSp[0] = 0.0981748,  cellSp[1] = 0.0490874
**** dimensions = 64, 128
**** cellSp[0] = 0.0981748,  cellSp[1] = 0.0490874
**** dimensions = 64, 128
**** cellSp[0] = 0.0981748,  cellSp[1] = 0.0490874
**** dimensions = 64, 128
**** cellSp[0] = 0.0981748,  cellSp[1] = 0.0490874
**** dimensions = 64, 128
**** cellSp[0] = 0.0981748,  cellSp[1] = 0.0490874
**** dimensions = 64, 128
**** cellSp[0] = 0.0981748,  cellSp[1] = 0.0490874
**** dimensions = 64, 128
**** cellSp[0] = 0.0981748,  cellSp[1] = 0.0490874
**** dimensions = 64, 128
**** cellSp[0] = 0.0981748,  cellSp[1] = 0.0490874
**** dimensions = 64, 128
**** cellSp[0] = 0.0981748,  cellSp[1] = 0.0490874
**** dimensions = 64, 128
**** cellSp[0] = 0.0981748,  cellSp[1] = 0.0490874
**** dimensions = 64, 128
**** cellSp[0] = 0.0981748,  cellSp[1] = 0.0490874
**** dimensions = 64, 128
**** cellSp[0] = 0.0981748,  cellSp[1] = 0.0490874
**** dimensions = 64, 128
**** cellSp[0] = 0.0981748,  cellSp[1] = 0.0490874
**** dimensions = 64, 128
**** cellSp[0] = 0.0981748,  cellSp[1] = 0.0490874
**** dimensions = 64, 128
**** cellSp[0] = 0.0981748,  cellSp[1] = 0.0490874
**** dimensions = 64, 128
**** cellSp[0] = 0.0981748,  cellSp[1] = 0.0490874
**** dimensions = 64, 128
**** cellSp[0] = 0.0981748,  cellSp[1] = 0.0490874
**** dimensions = 64, 128
**** cellSp[0] = 0.0981748,  cellSp[1] = 0.0490874
**** dimensions = 64, 128
**** cellSp[0] = 0.0981748,  cellSp[1] = 0.0490874
**** dimensions = 64, 128
**** cellSp[0] = 0.0981748,  cellSp[1] = 0.0490874
**** dimensions = 64, 128
**** cellSp[0] = 0.0981748,  cellSp[1] = 0.0490874
**** dimensions = 64, 128
**** cellSp[0] = 0.0981748,  cellSp[1] = 0.0490874
**** dimensions = 64, 128
**** cellSp[0] = 0.0981748,  cellSp[1] = 0.0490874
**** dimensions = 64, 128
**** cellSp[0] = 0.0981748,  cellSp[1] = 0.0490874
**** dimensions = 64, 128
**** cellSp[0] = 0.0981748,  cellSp[1] = 0.0490874
**** dimensions = 64, 128
**** cellSp[0] = 0.0981748,  cellSp[1] = 0.0490874
**** dimensions = 64, 128
**** cellSp[0] = 0.0981748,  cellSp[1] = 0.0490874
**** dimensions = 64, 128
**** cellSp[0] = 0.0981748,  cellSp[1] = 0.0490874
**** dimensions = 64, 128
**** cellSp[0] = 0.0981748,  cellSp[1] = 0.0490874
**** dimensions = 64, 128
**** cellSp[0] = 0.0981748,  cellSp[1] = 0.0490874
**** dimensions = 64, 128
**** cellSp[0] = 0.0981748,  cellSp[1] = 0.0490874
**** dimensions = 64, 128
**** cellSp[0] = 0.0981748,  cellSp[1] = 0.0490874
**** dimensions = 64, 128
**** cellSp[0] = 0.0981748,  cellSp[1] = 0.0490874
**** dimensions = 64, 128
**** cellSp[0] = 0.0981748,  cellSp[1] = 0.0490874
**** dimensions = 64, 128
**** cellSp[0] = 0.0981748,  cellSp[1] = 0.0490874
**** dimensions = 64, 128
**** cellSp[0] = 0.0981748,  cellSp[1] = 0.0490874
**** dimensions = 64, 128
Constructing slab geometry...
xmax = 0.02, ymax = 0.02
Bz_inner = 3, Bz_outer = 3
By_inner  = 0
**** cellSp[0] = 0.0981748,  cellSp[1] = 0.0490874
**** dimensions = 64, 128
Done constructing slab geometry
**** cellSp[0] = 0.0981748,  cellSp[1] = 0.0490874
**** dimensions = 64, 128
**** cellSp[0] = 0.0981748,  cellSp[1] = 0.0490874
**** dimensions = 64, 128
**** cellSp[0] = 0.0981748,  cellSp[1] = 0.0490874
**** dimensions = 64, 128
**** cellSp[0] = 0.0981748,  cellSp[1] = 0.0490874
**** dimensions = 64, 128
**** cellSp[0] = 0.0981748,  cellSp[1] = 0.0490874
**** dimensions = 64, 128
**** cellSp[0] = 0.0981748,  cellSp[1] = 0.0490874
**** dimensions = 64, 128
**** cellSp[0] = 0.0981748,  cellSp[1] = 0.0490874
**** dimensions = 64, 128
**** cellSp[0] = 0.0981748,  cellSp[1] = 0.0490874
**** dimensions = 64, 128
**** cellSp[0] = 0.0981748,  cellSp[1] = 0.0490874
**** dimensions = 64, 128
**** cellSp[0] = 0.0981748,  cellSp[1] = 0.0490874
**** dimensions = 64, 128
   Configuration space box ((0,0) (7,15) (0,0)) is assigned to process 0
   Configuration space box ((8,0) (15,15) (0,0)) is assigned to process 1
   Configuration space box ((16,0) (23,15) (0,0)) is assigned to process 2
   Configuration space box ((24,0) (31,15) (0,0)) is assigned to process 3
   Configuration space box ((32,0) (39,15) (0,0)) is assigned to process 4
   Configuration space box ((40,0) (47,15) (0,0)) is assigned to process 5
   Configuration space box ((48,0) (55,15) (0,0)) is assigned to process 6
   Configuration space box ((56,0) (63,15) (0,0)) is assigned to process 7
   Configuration space box ((0,16) (7,31) (0,0)) is assigned to process 8
   Configuration space box ((8,16) (15,31) (0,0)) is assigned to process 9
   Configuration space box ((16,16) (23,31) (0,0)) is assigned to process 10
   Configuration space box ((24,16) (31,31) (0,0)) is assigned to process 11
   Configuration space box ((32,16) (39,31) (0,0)) is assigned to process 12
   Configuration space box ((40,16) (47,31) (0,   Phase space box ((16,112,0,0) (23,127,31,31) (0,0,0,0)) is assigned to process 117, has 131072 valid cells and 483328 ghost cells
   Phase space box ((16,48,0,0) (23,63,31,31) (0,0,0,0)) is assigned to process 53, has 131072 valid cells and 483328 ghost cells
   Phase space box ((32,48,0,0) (39,63,31,31) (0,0,0,0)) is assigned to process 57, has 131072 valid cells and 483328 ghost cells
   Phase space box ((0,96,-32,0) (7,111,-1,31) (0,0,0,0)) is assigned to process 96, has 131072 valid cells and 483328 ghost cells
   Phase space box ((40,48,0,0) (47,63,31,31) (0,0,0,0)) is assigned to process 59, has 131072 valid cells and 483328 ghost cells
   Phase space box ((0,32,-32,0) (7,47,-1,31) (0,0,0,0)) is assigned to process 32, has 131072 valid cells and 483328 ghost cells
   Phase space box ((0,96,0,0) (7,111,31,31) (0,0,0,0)) is assigned to process 97, has 131072 valid cells and 483328 ghost cells
   Phase space box ((0,32,0,0) (7,47,31,31) (0,0,0,0)) is assigned to process 33, has 131072 valid cells and 483328 ghost cells
   Phase space box ((8,96,-32,0) (15,111,-1,31) (0,0,0,0)) is assigned to process 98, has 131072 valid cells and 483328 ghost cells
   Phase space box ((8,32,-32,0) (15,47,-1,31) (0,0,0,0)) is assigned to process 34, has 131072 valid cells and 483328 ghost cells
   Phase space box ((8,96,0,0) (15,111,31,31) (0,0,0,0)) is assigned to process 99, has 131072 valid cells and 483328 ghost cells
   Phase space box ((8,32,0,0) (15,47,31,31) (0,0,0,0)) is assigned to process 35, has 131072 valid cells and 483328 ghost cells
   Phase space box ((16,96,-32,0) (23,111,-1,31) (0,0,0,0)) is assigned to process 100, has 131072 valid cells and 483328 ghost cells
   Phase space box ((16,32,-32,0) (23,47,-1,31) (0,0,0,0)) is assigned to process 36, has 131072 valid cells and 483328 ghost cells
   Phase space box ((16,96,0,0) (23,111,31,31) (0,0,0,0)) is assigned to process 101, has 131072 valid cells and 483328 ghost cells
   Phase space box ((16,32,0,0) (23,47,31,31) (0,0,0,0)) is assigned to process 37, has 131072 valid cells and 483328 ghost cells
   Phase space box ((24,32,-32,0) (31,47,-1,31) (0,0,0,0)) is assigned to process 38, has 131072 valid cells and 483328 ghost cells
   Phase space box ((24,96,0,0) (31,111,31,31) (0,0,0,0)) is assigned to process 103, has 131072 valid cells and 483328 ghost cells
   Phase space box ((32,96,0,0) (39,111,31,31) (0,0,0,0)) is assigned to process 105, has 131072 valid cells and 483328 ghost cells
   Phase space box ((24,32,0,0) (31,47,31,31) (0,0,0,0)) is assigned to process 39, has 131072 valid cells and 483328 ghost cells
   Phase space box ((40,96,-32,0) (47,111,-1,31) (0,0,0,0)) is assigned to process 106, has 131072 valid cells and 483328 ghost cells
   Phase space box ((32,32,-32,0) (39,47,-1,31) (0,0,0,0)) is assigned to process 40, has 131072 valid cells and 483328 ghost cells
   Phase space box ((32,32,0,0) (39,47,31,31) (0,0,0,0)) is assigned to process 41, has 131072 valid cells and 483328 ghost cells
   Phase space box ((40,96,0,0) (47,111,31,31) (0,0,0,0)) is assigned to process 107, has 131072 valid cells and 483328 ghost cells
   Phase space box ((40,32,-32,0) (47,47,-1,31) (0,0,0,0)) is assigned to process 42, has 131072 valid cells and 483328 ghost cells
   Phase space box ((48,96,-32,0) (55,111,-1,31) (0,0,0,0)) is assigned to process 108, has 131072 valid cells and 483328 ghost cells
   Phase space box ((0,112,0,0) (7,127,31,31) (0,0,0,0)) is assigned to process 113, has 131072 valid cells and 483328 ghost cells
   Phase space box ((40,32,0,0) (47,47,31,31) (0,0,0,0)) is assigned to process 43, has 131072 valid cells and 483328 ghost cells
   Phase space box ((24,112,-32,0) (31,127,-1,31) (0,0,0,0)) is assigned to process 118, has 131072 valid cells and 483328 ghost cells
   Phase space box ((48,32,-32,0) (55,47,-1,31) (0,0,0,0)) is assigned to process 44, has 131072 valid cells and 483328 ghost cells
   Phase space box ((48,32,0,0) (55,47,31,31) (0,0,0,0)) is assigned to process 45, has 131072 valid cells and 483328 ghost cells
   Phase space box ((24,112,0,0) (31,127,31,31) (0,0,0,0)) is assigned to process 119, has 131072 valid cells and 483328 ghost cells
   Phase space box ((56,32,-32,0) (63,47,-1,31) (0,0,0,0)) is assigned to process 46, has 131072 valid cells and 483328 ghost cells
   Phase space box ((40,112,-32,0) (47,127,-1,31) (0,0,0,0)) is assigned to process 122, has 131072 valid cells and 483328 ghost cells
   Phase space box ((56,32,0,0) (63,47,31,31) (0,0,0,0)) is assigned to process 47, has 131072 valid cells and 483328 ghost cells
   Phase space box ((0,48,-32,0) (7,63,-1,31) (0,0,0,0)) is assigned to process 48, has 131072 valid cells and 483328 ghost cells
   Phase space box ((48,112,-32,0) (55,127,-1,31) (0,0,0,0)) is assigned to process 124, has 131072 valid cells and 483328 ghost cells
   Phase space box ((0,48,0,0) (7,63,31,31) (0,0,0,0)) is assigned to process 49, has 131072 valid cells and 483328 ghost cells
   Phase space box ((48,112,0,0) (55,127,31,31) (0,0,0,0)) is assigned to process 125, has 131072 valid cells and 483328 ghost cells
   Phase space box ((56,112,0,0) (63,127,31,31) (0,0,0,0)) is assigned to process 127, has 131072 valid cells and 483328 ghost cells
   Phase space box ((8,48,-32,0) (15,63,-1,31) (0,0,0,0)) is assigned to process 50, has 131072 valid cells and 483328 ghost cells
   Phase space box ((8,48,0,0) (15,63,31,31) (0,0,0,0)) is assigned to process 51, has 131072 valid cells and 483328 ghost cells
   Phase space box ((24,96,-32,0) (31,111,-1,31) (0,0,0,0)) is assigned to process 102, has 131072 valid cells and 483328 ghost cells
   Phase space box ((16,48,-32,0) (23,63,-1,31) (0,0,0,0)) is assigned to process 52, has 131072 valid cells and 483328 ghost cells
   Phase space box ((32,96,-32,0) (39,111,-1,31) (0,0,0,0)) is assigned to process 104, has 131072 valid cells and 483328 ghost cells
   Phase space box ((24,48,-32,0) (31,63,-1,31) (0,0,0,0)) is assigned to process 54, has 131072 valid cells and 483328 ghost cells
   Phase space box ((48,96,0,0) (55,111,31,31) (0,0,0,0)) is assigned to process 109, has 131072 valid cells and 483328 ghost cells
   Phase space box ((24,48,0,0) (31,63,31,31) (0,0,0,0)) is assigned to process 55, has 131072 valid cells and 483328 ghost cells
   Phase space box ((56,96,-32,0) (63,111,-1,31) (0,0,0,0)) is assigned to process 110, has 131072 valid cells and 483328 ghost cells
   Phase space box ((32,48,-32,0) (39,63,-1,31) (0,0,0,0)) is assigned to process 56, has 131072 valid cells and 483328 ghost cells
   Phase space box ((56,96,0,0) (63,111,31,31) (0,0,0,0)) is assigned to process 111, has 131072 valid cells and 483328 ghost cells
   Phase space box ((40,48,-32,0) (47,63,-1,31) (0,0,0,0)) is assigned to process 58, has 131072 valid cells and 483328 ghost cells
   Phase space box ((0,112,-32,0) (7,127,-1,31) (0,0,0,0)) is assigned to process 112, has 131072 valid cells and 483328 ghost cells
   Phase space box ((48,48,-32,0) (55,63,-1,31) (0,0,0,0)) is assigned to process 60, has 131072 valid cells and 483328 ghost cells
   Phase space box ((8,112,-32,0) (15,127,-1,31) (0,0,0,0)) is assigned to process 114, has 131072 valid cells and 483328 ghost cells
   Phase space box ((48,48,0,0) (55,63,31,31) (0,0,0,0)) is assigned to process 61, has 131072 valid cells and 483328 ghost cells
   Phase space box ((8,112,0,0) (15,127,31,31) (0,0,0,0)) is assigned to process 115, has 131072 valid cells and 483328 ghost cells
   Phase space box ((56,48,-32,0) (63,63,-1,31) (0,0,0,0)) is assigned to process 62, has 131072 valid cells and 483328 ghost cells
   Phase space box ((16,112,-32,0) (23,127,-1,31) (0,0,0,0)) is assigned to process 116, has 131072 valid cells and 483328 ghost cells
   Phase space box ((56,48,0,0) (63,63,31,31) (0,0,0,0)) is assigned to process 63, has 131072 valid cells and 483328 ghost cells
   Phase space box ((32,112,-32,0) (39,127,-1,31) (0,0,0,0)) is assigned to process 120, has 131072 valid cells and 483328 ghost cells
   Phase space box ((32,112,0,0) (39,127,31,31) (0,0,0,0)) is assigned to process 121, has 131072 valid cells and 483328 ghost cells
   Phase space box ((40,112,0,0) (47,127,31,31) (0,0,0,0)) is assigned to process 123, has 131072 valid cells and 483328 ghost cells
   Phase space box ((56,112,-32,0) (63,127,-1,31) (0,0,0,0)) is assigned to process 126, has 131072 valid cells and 483328 ghost cells
**** cellSp[0] = 0.0981748,  cellSp[1] = 0.0490874
**** dimensions = 64, 128
**** cellSp[0] = 0.0981748,  cellSp[1] = 0.0490874
**** dimensions = 64, 128
**** cellSp[0] = 0.0981748,  cellSp[1] = 0.0490874
**** dimensions = 64, 128
**** cellSp[0] = 0.0981748,  cellSp[1] = 0.0490874
**** dimensions = 64, 128
**** cellSp[0] = 0.0981748,  cellSp[1] = 0.0490874
**** dimensions = 64, 128
**** cellSp[0] = 0.0981748,  cellSp[1] = 0.0490874
**** dimensions = 64, 128
**** cellSp[0] = 0.0981748,  cellSp[1] = 0.0490874
**** dimensions = 64, 128
**** cellSp[0] = 0.0981748,  cellSp[1] = 0.0490874
**** dimensions = 64, 128
**** cellSp[0] = 0.0981748,  cellSp[1] = 0.0490874
**** dimensions = 64, 128
**** cellSp[0] = 0.0981748,  cellSp[1] = 0.0490874
**** dimensions = 64, 128
**** cellSp[0] = 0.0981748,  cellSp[1] = 0.0490874
**** dimensions = 64, 128
**** cellSp[0] = 0.0981748,  cellSp[1] = 0.0490874
**** dimensions = 64, 128
**** cellSp[0] = 0.0981748,  cellSp[1] = 0.0490874
**** dimensions = 64, 128
**** cellSp[0] = 0.0981748,  cellSp[1] = 0.0490874
**** dimensions = 64, 128
**** cellSp[0] = 0.0981748,  cellSp[1] = 0.0490874
**** dimensions = 64, 128
**** cellSp[0] = 0.0981748,  cellSp[1] = 0.0490874
**** dimensions = 64, 128
**** cellSp[0] = 0.0981748,  cellSp[1] = 0.0490874
**** dimensions = 64, 128
**** cellSp[0] = 0.0981748,  cellSp[1] = 0.0490874
**** dimensions = 64, 128
**** cellSp[0] = 0.0981748,  cellSp[1] = 0.0490874
**** dimensions = 64, 128
**** cellSp[0] = 0.0981748,  cellSp[1] = 0.0490874
**** dimensions = 64, 128
**** cellSp[0] = 0.0981748,  cellSp[1] = 0.0490874
**** dimensions = 64, 128
**** cellSp[0] = 0.0981748,  cellSp[1] = 0.0490874
**** dimensions = 64, 128
**** cellSp[0] = 0.0981748,  cellSp[1] = 0.0490874
**** dimensions = 64, 128
**** cellSp[0] = 0.0981748,  cellSp[1] = 0.0490874
**** dimensions = 64, 128
**** cellSp[0] = 0.0981748,  cellSp[1] = 0.0490874
**** dimensions = 64, 128
**** cellSp[0] = 0.0981748,  cellSp[1] = 0.0490874
**** dimensions = 64, 128
**** cellSp[0] = 0.0981748,  cellSp[1] = 0.0490874
**** dimensions = 64, 128
**** cellSp[0] = 0.0981748,  cellSp[1] = 0.0490874
**** dimensions = 64, 128
**** cellSp[0] = 0.0981748,  cellSp[1] = 0.0490874
**** dimensions = 64, 128
**** cellSp[0] = 0.0981748,  cellSp[1] = 0.0490874
**** dimensions = 64, 128
**** cellSp[0] = 0.0981748,  cellSp[1] = 0.0490874
**** dimensions = 64, 128
   Phase space box ((8,80,-32,0) (15,95,-1,31) (0,0,0,0)) is assigned to process 82, has 131072 valid cells and 483328 ghost cells
   Phase space box ((16,80,0,0) (23,95,31,31) (0,0,0,0)) is assigned to process 85, has 131072 valid cells and 483328 ghost cells
   Phase space box ((56,80,-32,0) (63,95,-1,31) (0,0,0,0)) is assigned to process 94, has 131072 valid cells and 483328 ghost cells
   Phase space box ((0,64,-32,0) (7,79,-1,31) (0,0,0,0)) is assigned to process 64, has 131072 valid cells and 483328 ghost cells
   Phase space box ((0,64,0,0) (7,79,31,31) (0,0,0,0)) is assigned to process 65, has 131072 valid cells and 483328 ghost cells
   Phase space box ((8,64,-32,0) (15,79,-1,31) (0,0,0,0)) is assigned to process 66, has 131072 valid cells and 483328 ghost cells
   Phase space box ((16,64,0,0) (23,79,31,31) (0,0,0,0)) is assigned to process 69, has 131072 valid cells and 483328 ghost cells
   Phase space box ((24,64,-32,0) (31,79,-1,31) (0,0,0,0)) is assigned to process 70, has 131072 valid cells and 483328 ghost cells
   Phase space box ((32,64,-32,0) (39,79,-1,31) (0,0,0,0)) is assigned to process 72, has 131072 valid cells and 483328 ghost cells
   Phase space box ((32,64,0,0) (39,79,31,31) (0,0,0,0)) is assigned to process 73, has 131072 valid cells and 483328 ghost cells
   Phase space box ((40,64,-32,0) (47,79,-1,31) (0,0,0,0)) is assigned to process 74, has 131072 valid cells and 483328 ghost cells
   Phase space box ((48,64,-32,0) (55,79,-1,31) (0,0,0,0)) is assigned to process 76, has 131072 valid cells and 483328 ghost cells
   Phase space box ((48,64,0,0) (55,79,31,31) (0,0,0,0)) is assigned to process 77, has 131072 valid cells and 483328 ghost cells
   Phase space box ((0,80,-32,0) (7,95,-1,31) (0,0,0,0)) is assigned to process 80, has 131072 valid cells and 483328 ghost cells
   Phase space box ((0,80,0,0) (7,95,31,31) (0,0,0,0)) is assigned to process 81, has 131072 valid cells and 483328 ghost cells
   Phase space box ((8,80,0,0) (15,95,31,31) (0,0,0,0)) is assigned to process 83, has 131072 valid cells and 483328 ghost cells
   Phase space box ((24,80,-32,0) (31,95,-1,31) (0,0,0,0)) is assigned to process 86, has 131072 valid cells and 483328 ghost cells
   Phase space box ((32,80,-32,0) (39,95,-1,31) (0,0,0,0)) is assigned to process 88, has 131072 valid cells and 483328 ghost cells
   Phase space box ((40,80,-32,0) (47,95,-1,31) (0,0,0,0)) is assigned to process 90, has 131072 valid cells and 483328 ghost cells
   Phase space box ((40,80,0,0) (47,95,31,31) (0,0,0,0)) is assigned to process 91, has 131072 valid cells and 483328 ghost cells
   Phase space box ((48,80,0,0) (55,95,31,31) (0,0,0,0)) is assigned to process 93, has 131072 valid cells and 483328 ghost cells
   Phase space box ((56,80,0,0) (63,95,31,31) (0,0,0,0)) is assigned to process 95, has 131072 valid cells and 483328 ghost cells
   Phase space box ((8,64,0,0) (15,79,31,31) (0,0,0,0)) is assigned to process 67, has 131072 valid cells and 483328 ghost cells
   Phase space box ((16,64,-32,0) (23,79,-1,31) (0,0,0,0)) is assigned to process 68, has 131072 valid cells and 483328 ghost cells
   Phase space box ((24,64,0,0) (31,79,31,31) (0,0,0,0)) is assigned to process 71, has 131072 valid cells and 483328 ghost cells
   Phase space box ((40,64,0,0) (47,79,31,31) (0,0,0,0)) is assigned to process 75, has 131072 valid cells and 483328 ghost cells
   Phase space box ((56,64,-32,0) (63,79,-1,31) (0,0,0,0)) is assigned to process 78, has 131072 valid cells and 483328 ghost cells
   Phase space box ((56,64,0,0) (63,79,31,31) (0,0,0,0)) is assigned to process 79, has 131072 valid cells and 483328 ghost cells
   Phase space box ((16,80,-32,0) (23,95,-1,31) (0,0,0,0)) is assigned to process 84, has 131072 valid cells and 483328 ghost cells
   Phase space box ((24,80,0,0) (31,95,31,31) (0,0,0,0)) is assigned to process 87, has 131072 valid cells and 483328 ghost cells
   Phase space box ((32,80,0,0) (39,95,31,31) (0,0,0,0)) is assigned to process 89, has 131072 valid cells and 483328 ghost cells
   Phase space box ((48,80,-32,0) (55,95,-1,31) (0,0,0,0)) is assigned to process 92, has 131072 valid cells and 483328 ghost cells
0)) is assigned to process 13
   Configuration space box ((48,16) (55,31) (0,0)) is assigned to process 14
   Configuration space box ((56,16) (63,31) (0,0)) is assigned to process 15
   Configuration space box ((0,32) (7,47) (0,0)) is assigned to process 16
   Configuration space box ((8,32) (15,47) (0,0)) is assigned to process 17
   Configuration space box ((16,32) (23,47) (0,0)) is assigned to process 18
   Configuration space box ((24,32) (31,47) (0,0)) is assigned to process 19
   Configuration space box ((32,32) (39,47) (0,0)) is assigned to process 20
   Configuration space box ((40,32) (47,47) (0,0)) is assigned to process 21
   Configuration space box ((48,32) (55,47) (0,0)) is assigned to process 22
   Configuration space box ((56,32) (63,47) (0,0)) is assigned to process 23
   Configuration space box ((0,48) (7,63) (0,0)) is assigned to process 24
   Configuration space box ((8,48) (15,63) (0,0)) is assigned to process 25
   Configuration space box ((16,48) (23,63) (0,0)) is assigned to process 26
   Configuration space box ((24,48) (31,63) (0,0)) is assigned to process 27
   Configuration space box ((32,48) (39,63) (0,0)) is assigned to process 28
   Configuration space box ((40,48) (47,63) (0,0)) is assigned to process 29
   Configuration space box ((48,48) (55,63) (0,0)) is assigned to process 30
   Configuration space box ((56,48) (63,63) (0,0)) is assigned to process 31
   Configuration space box ((0,64) (7,79) (0,0)) is assigned to process 32
   Configuration space box ((8,64) (15,79) (0,0)) is assigned to process 33
   Configuration space box ((16,64) (23,79) (0,0)) is assigned to process 34
   Configuration space box ((24,64) (31,79) (0,0)) is assigned to process 35
   Configuration space box ((32,64) (39,79) (0,0)) is assigned to process 36
   Configuration space box ((40,64) (47,79) (0,0)) is assigned to process 37
   Configuration space box ((48,64) (55,79) (0,0)) is assigned to process 38
   Configuration space box ((56,64) (63,79) (0,0)) is assigned to process 39
   Configuration space box ((0,80) (7,95) (0,0)) is assigned to process 40
   Configuration space box ((8,80) (15,95) (0,0)) is assigned to process 41
   Configuration space box ((16,80) (23,95) (0,0)) is assigned to process 42
   Configuration space box ((24,80) (31,95) (0,0)) is assigned to process 43
   Configuration space box ((32,80) (39,95) (0,0)) is assigned to process 44
   Configuration space box ((40,80) (47,95) (0,0)) is assigned to process 45
   Configuration space box ((48,80) (55,95) (0,0)) is assigned to process 46
   Configuration space box ((56,80) (63,95) (0,0)) is assigned to process 47
   Configuration space box ((0,96) (7,111) (0,0)) is assigned to process 48
   Configuration space box ((8,96) (15,111) (0,0)) is assigned to process 49
   Configuration space box ((16,96) (23,111) (0,0)) is assigned to process 50
   Configuration space box ((24,96) (31,111) (0,0)) is assigned to process 51
   Configuration space box ((32,96) (39,111) (0,0)) is assigned to process 52
   Configuration space box ((40,96) (47,111) (0,0)) is assigned to process 53
   Configuration space box ((48,96) (55,111) (0,0)) is assigned to process 54
   Configuration space box ((56,96) (63,111) (0,0)) is assigned to process 55
   Configuration space box ((0,112) (7,127) (0,0)) is assigned to process 56
   Configuration space box ((8,112) (15,127) (0,0)) is assigned to process 57
   Configuration space box ((16,112) (23,127) (0,0)) is assigned to process 58
   Configuration space box ((24,112) (31,127) (0,0)) is assigned to process 59
   Configuration space box ((32,112) (39,127) (0,0)) is assigned to process 60
   Configuration space box ((40,112) (47,127) (0,0)) is assigned to process 61
   Configuration space box ((48,112) (55,127) (0,0)) is assigned to process 62
   Configuration space box ((56,112) (63,127) (0,0)) is assigned to process 63
Constructing magnetic geometry
Done constructing magnetic geometry
   Velocity space box ((-32,0) (-25,7) (0,0)) is assigned to process 0
   Velocity space box ((-24,0) (-17,7) (0,0)) is assigned to process 1
   Velocity space box ((-16,0) (-9,7) (0,0)) is assigned to process 2
   Velocity space box ((-8,0) (-1,7) (0,0)) is assigned to process 3
   Velocity space box ((0,0) (7,7) (0,0)) is assigned to process 4
   Velocity space box ((8,0) (15,7) (0,0)) is assigned to process 5
   Velocity space box ((16,0) (23,7) (0,0)) is assigned to process 6
   Velocity space box ((24,0) (31,7) (0,0)) is assigned to process 7
   Velocity space box ((-32,8) (-25,15) (0,0)) is assigned to process 8
   Velocity space box ((-24,8) (-17,15) (0,0)) is assigned to process 9
   Velocity space box ((-16,8) (-9,15) (0,0)) is assigned to process 10
   Velocity space box ((-8,8) (-1,15) (0,0)) is assigned to process 11
   Velocity space box ((0,8) (7,15) (0,0)) is assigned to process 12
   Velocity space box ((8,8) (15,15) (0,0)) is assigned to process 13
   Velocity space box ((16,8) (23,15) (0,0)) is assigned to process 14
   Velocity space box ((24,8) (31,15) (0,0)) is assigned to process 15
   Velocity space box ((-32,16) (-25,23) (0,0)) is assigned to process 16
   Velocity space box ((-24,16) (-17,23) (0,0)) is assigned to process 17
   Velocity space box ((-16,16) (-9,23) (0,0)) is assigned to process 18
   Velocity space box ((-8,16) (-1,23) (0,0)) is assigned to process 19
   Velocity space box ((0,16) (7,23) (0,0)) is assigned to process 20
   Velocity space box ((8,16) (15,23) (0,0)) is assigned to process 21
   Velocity space box ((16,16) (23,23) (0,0)) is assigned to process 22
   Velocity space box ((24,16) (31,23) (0,0)) is assigned to process 23
   Velocity space box ((-32,24) (-25,31) (0,0)) is assigned to process 24
   Velocity space box ((-24,24) (-17,31) (0,0)) is assigned to process 25
   Velocity space box ((-16,24) (-9,31) (0,0)) is assigned to process 26
   Velocity space box ((-8,24) (-1,31) (0,0)) is assigned to process 27
   Velocity space box ((0,24) (7,31) (0,0)) is assigned to process 28
   Velocity space box ((8,24) (15,31) (0,0)) is assigned to process 29
   Velocity space box ((16,24) (23,31) (0,0)) is assigned to process 30
   Velocity space box ((24,24) (31,31) (0,0)) is assigned to process 31
   Phase space box ((8,0,0,0) (15,15,31,31) (0,0,0,0)) is assigned to process 3, has 131072 valid cells and 483328 ghost cells
   Phase space box ((0,16,0,0) (7,31,31,31) (0,0,0,0)) is assigned to process 17, has 131072 valid cells and 483328 ghost cells
   Phase space box ((8,16,0,0) (15,31,31,31) (0,0,0,0)) is assigned to process 19, has 131072 valid cells and 483328 ghost cells
   Phase space box ((16,16,-32,0) (23,31,-1,31) (0,0,0,0)) is assigned to process 20, has 131072 valid cells and 483328 ghost cells
   Phase space box ((16,16,0,0) (23,31,31,31) (0,0,0,0)) is assigned to process 21, has 131072 valid cells and 483328 ghost cells
   Phase space box ((32,16,-32,0) (39,31,-1,31) (0,0,0,0)) is assigned to process 24, has 131072 valid cells and 483328 ghost cells
   Phase space box ((40,16,0,0) (47,31,31,31) (0,0,0,0)) is assigned to process 27, has 131072 valid cells and 483328 ghost cells
   Phase space box ((48,16,0,0) (55,31,31,31) (0,0,0,0)) is assigned to process 29, has 131072 valid cells and 483328 ghost cells
   Phase space box ((0,0,-32,0) (7,15,-1,31) (0,0,0,0)) is assigned to process 0, has 131072 valid cells and 483328 ghost cells
   Phase space box ((0,0,0,0) (7,15,31,31) (0,0,0,0)) is assigned to process 1, has 131072 valid cells and 483328 ghost cells
   Phase space box ((8,0,-32,0) (15,15,-1,31) (0,0,0,0)) is assigned to process 2, has 131072 valid cells and 483328 ghost cells
   Phase space box ((16,0,-32,0) (23,15,-1,31) (0,0,0,0)) is assigned to process 4, has 131072 valid cells and 483328 ghost cells
   Phase space box ((16,0,0,0) (23,15,31,31) (0,0,0,0)) is assigned to process 5, has 131072 valid cells and 483328 ghost cells
   Phase space box ((24,0,-32,0) (31,15,-1,31) (0,0,0,0)) is assigned to process 6, has 131072 valid cells and 483328 ghost cells
   Phase space box ((24,0,0,0) (31,15,31,31) (0,0,0,0)) is assigned to process 7, has 131072 valid cells and 483328 ghost cells
   Phase space box ((32,0,-32,0) (39,15,-1,31) (0,0,0,0)) is assigned to process 8, has 131072 valid cells and 483328 ghost cells
   Phase space box ((32,0,0,0) (39,15,31,31) (0,0,0,0)) is assigned to process 9, has 131072 valid cells and 483328 ghost cells
   Phase space box ((40,0,-32,0) (47,15,-1,31) (0,0,0,0)) is assigned to process 10, has 131072 valid cells and 483328 ghost cells
   Phase space box ((40,0,0,0) (47,15,31,31) (0,0,0,0)) is assigned to process 11, has 131072 valid cells and 483328 ghost cells
   Phase space box ((48,0,-32,0) (55,15,-1,31) (0,0,0,0)) is assigned to process 12, has 131072 valid cells and 483328 ghost cells
   Phase space box ((48,0,0,0) (55,15,31,31) (0,0,0,0)) is assigned to process 13, has 131072 valid cells and 483328 ghost cells
   Phase space box ((56,0,-32,0) (63,15,-1,31) (0,0,0,0)) is assigned to process 14, has 131072 valid cells and 483328 ghost cells
   Phase space box ((56,0,0,0) (63,15,31,31) (0,0,0,0)) is assigned to process 15, has 131072 valid cells and 483328 ghost cells
   Phase space box ((0,16,-32,0) (7,31,-1,31) (0,0,0,0)) is assigned to process 16, has 131072 valid cells and 483328 ghost cells
   Phase space box ((8,16,-32,0) (15,31,-1,31) (0,0,0,0)) is assigned to process 18, has 131072 valid cells and 483328 ghost cells
   Phase space box ((24,16,-32,0) (31,31,-1,31) (0,0,0,0)) is assigned to process 22, has 131072 valid cells and 483328 ghost cells
   Phase space box ((24,16,0,0) (31,31,31,31) (0,0,0,0)) is assigned to process 23, has 131072 valid cells and 483328 ghost cells
   Phase space box ((32,16,0,0) (39,31,31,31) (0,0,0,0)) is assigned to process 25, has 131072 valid cells and 483328 ghost cells
   Phase space box ((40,16,-32,0) (47,31,-1,31) (0,0,0,0)) is assigned to process 26, has 131072 valid cells and 483328 ghost cells
   Phase space box ((48,16,-32,0) (55,31,-1,31) (0,0,0,0)) is assigned to process 28, has 131072 valid cells and 483328 ghost cells
   Phase space box ((56,16,-32,0) (63,31,-1,31) (0,0,0,0)) is assigned to process 30, has 131072 valid cells and 483328 ghost cells
   Phase space box ((56,16,0,0) (63,31,31,31) (0,0,0,0)) is assigned to process 31, has 131072 valid cells and 483328 ghost cells
Adding species and constructing gyrocenter coordinates...
   hydrogen: kinetic species with mass = 2, charge = 1
Done adding species and constructing coordinates

Grid Function Library =========================

"Ion_vpar_grid_func":
Constant grid function parameters:
  value: 0

"N0_0_grid_func":
Arbitrary grid function parameters:
  function: (  1.0-0.05*tanh((x-pi)/(2*pi*5.0*0.02)) )

"N0_grid_func":
Arbitrary grid function parameters:
  function: (  1.0-0.05*tanh((x-pi)/(2*pi*5.0*0.02)) )*(1+0.00001*cos(2*y)*exp(-(x-pi)^2/(2*pi*0.001/0.02 ) )  )

"T0_0_grid_func":
Cosine grid function parameters:
  constant: 1
  amplitude: 0
  mode: (1,0)
  phase: (0,0)

"T0_grid_func":
Cosine grid function parameters:
  constant: 1
  amplitude: 0
  mode: (1,0)
  phase: (0,0)

"zero_grid_func":
Constant grid function parameters:
  value: 0

===============================================

Kinetic Function Library =========================

"maxwellian_0_phase_func":
Maxwellian kinetic function parameters:
-- Density --
Arbitrary grid function parameters:
  function: (  1.0-0.05*tanh((x-pi)/(2*pi*5.0*0.02)) )

-- Temperature --
Cosine grid function parameters:
  constant: 1
  amplitude: 0
  mode: (1,0)
  phase: (0,0)

-- Vparallel --
Constant grid function parameters:
  value: 0


"maxwellian_phase_func":
Maxwellian kinetic function parameters:
-- Density --
Arbitrary grid function parameters:
  function: (  1.0-0.05*tanh((x-pi)/(2*pi*5.0*0.02)) )*(1+0.00001*cos(2*y)*exp(-(x-pi)^2/(2*pi*0.001/0.02 ) )  )

-- Temperature --
Cosine grid function parameters:
  constant: 1
  amplitude: 0
  mode: (1,0)
  phase: (0,0)

-- Vparallel --
Constant grid function parameters:
  value: 0


==================================================

SlabPotentialBC ================================
- variable: potential-------------
  radial_lower: 
     bc_type  = 1
     bc_value = 0
  radial_upper: 
     bc_type  = 1
     bc_value = 0
  poloidal_lower: 
     bc_type  = 1
     bc_value = 0
  poloidal_upper: 
     bc_type  = 1
     bc_value = 0
-----------------------------------------------
===============================================

SlabPhaseBC ================================
- variable: hydrogen-------------
  radial_lower: 
Maxwellian kinetic function parameters:
-- Density --
Arbitrary grid function parameters:
  function: (  1.0-0.05*tanh((x-pi)/(2*pi*5.0*0.02)) )*(1+0.00001*cos(2*y)*exp(-(x-pi)^2/(2*pi*0.001/0.02 ) )  )

-- Temperature --
Cosine grid function parameters:
  constant: 1
  amplitude: 0
  mode: (1,0)
  phase: (0,0)

-- Vparallel --
Constant grid function parameters:
  value: 0


  radial_upper: 
Maxwellian kinetic function parameters:
-- Density --
Arbitrary grid function parameters:
  function: (  1.0-0.05*tanh((x-pi)/(2*pi*5.0*0.02)) )*(1+0.00001*cos(2*y)*exp(-(x-pi)^2/(2*pi*0.001/0.02 ) )  )

-- Temperature --
Cosine grid function parameters:
  constant: 1
  amplitude: 0
  mode: (1,0)
  phase: (0,0)

-- Vparallel --
Constant grid function parameters:
  value: 0


  poloidal_lower: 
Maxwellian kinetic function parameters:
-- Density --
Arbitrary grid function parameters:
  function: (  1.0-0.05*tanh((x-pi)/(2*pi*5.0*0.02)) )*(1+0.00001*cos(2*y)*exp(-(x-pi)^2/(2*pi*0.001/0.02 ) )  )

-- Temperature --
Cosine grid function parameters:
  constant: 1
  amplitude: 0
  mode: (1,0)
  phase: (0,0)

-- Vparallel --
Constant grid function parameters:
  value: 0


  poloidal_upper: 
Maxwellian kinetic function parameters:
-- Density --
Arbitrary grid function parameters:
  function: (  1.0-0.05*tanh((x-pi)/(2*pi*5.0*0.02)) )*(1+0.00001*cos(2*y)*exp(-(x-pi)^2/(2*pi*0.001/0.02 ) )  )

-- Temperature --
Cosine grid function parameters:
  constant: 1
  amplitude: 0
  mode: (1,0)
  phase: (0,0)

-- Vparallel --
Constant grid function parameters:
  value: 0


  vpar_lower: 
Maxwellian kinetic function parameters:
-- Density --
Arbitrary grid function parameters:
  function: (  1.0-0.05*tanh((x-pi)/(2*pi*5.0*0.02)) )*(1+0.00001*cos(2*y)*exp(-(x-pi)^2/(2*pi*0.001/0.02 ) )  )

-- Temperature --
Cosine grid function parameters:
  constant: 1
  amplitude: 0
  mode: (1,0)
  phase: (0,0)

-- Vparallel --
Constant grid function parameters:
  value: 0


  vpar_upper: 
Maxwellian kinetic function parameters:
-- Density --
Arbitrary grid function parameters:
  function: (  1.0-0.05*tanh((x-pi)/(2*pi*5.0*0.02)) )*(1+0.00001*cos(2*y)*exp(-(x-pi)^2/(2*pi*0.001/0.02 ) )  )

-- Temperature --
Cosine grid function parameters:
  constant: 1
  amplitude: 0
  mode: (1,0)
  phase: (0,0)

-- Vparallel --
Constant grid function parameters:
  value: 0


  mu_lower: 
Maxwellian kinetic function parameters:
-- Density --
Arbitrary grid function parameters:
  function: (  1.0-0.05*tanh((x-pi)/(2*pi*5.0*0.02)) )*(1+0.00001*cos(2*y)*exp(-(x-pi)^2/(2*pi*0.001/0.02 ) )  )

-- Temperature --
Cosine grid function parameters:
  constant: 1
  amplitude: 0
  mode: (1,0)
  phase: (0,0)

-- Vparallel --
Constant grid function parameters:
  value: 0


  mu_upper: 
Maxwellian kinetic function parameters:
-- Density --
Arbitrary grid function parameters:
  function: (  1.0-0.05*tanh((x-pi)/(2*pi*5.0*0.02)) )*(1+0.00001*cos(2*y)*exp(-(x-pi)^2/(2*pi*0.001/0.02 ) )  )

-- Temperature --
Cosine grid function parameters:
  constant: 1
  amplitude: 0
  mode: (1,0)
  phase: (0,0)

-- Vparallel --
Constant grid function parameters:
  value: 0


-----------------------------------------------
===============================================
No collision model specified for hydrogen.
Collision model for 0	hydrogen:	None
Time integration method: rk (4)
      AMG solver residual = 0.00908391 after 1 iterations
      AMG solver residual = 0.00019718 after 2 iterations
      AMG solver residual = 0.00197886 after 1 iterations
      AMG solver residual = 0.00146746 after 1 iterations
  Distribution Function Extrema:
    Species 0:	1.74077e-05 [max]	6.64015e-14 [min]


Step 1
      AMG solver residual = 0.00128271 after 1 iterations
  --
  Subiteration:1 of 1
      AMG solver residual = 0.0011866 after 1 iterations
      AMG solver residual = 0.000174773 after 2 iterations
      AMG solver residual = 0.000650209 after 2 iterations
      AMG solver residual = 0.000141054 after 2 iterations
      AMG solver residual = 0.000308993 after 2 iterations
      AMG solver residual = 0.000174173 after 2 iterations
      AMG solver residual = 0.000647499 after 2 iterations
  ----
  dt: 0.05
    Vlasov    : 357.704 (time scale), 0.00013978 (CFL)
  ----
  Distribution Function Extrema:
    Species 0:	1.74077e-05 [max]	6.64015e-14 [min]

Step 1 completed, simulation time is 0.05
----

Step 2
      AMG solver residual = 0.000223131 after 2 iterations
      AMG solver residual = 0.00583793 after 1 iterations
  --
  Subiteration:1 of 1
      AMG solver residual = 0.00381734 after 1 iterations
      AMG solver residual = 0.000173594 after 2 iterations
      AMG solver residual = 0.000644856 after 2 iterations
      AMG solver residual = 0.000142865 after 2 iterations
      AMG solver residual = 0.000326813 after 2 iterations
      AMG solver residual = 0.000172799 after 2 iterations
      AMG solver residual = 0.000640825 after 2 iterations
  ----
  dt: 0.05
    Vlasov    : 353.917 (time scale), 0.000141276 (CFL)
  ----
  Distribution Function Extrema:
    Species 0:	1.74077e-05 [max]	6.64015e-14 [min]

Step 2 completed, simulation time is 0.1
----

Step 3
      AMG solver residual = 0.000222077 after 2 iterations
      AMG solver residual = 0.00572453 after 1 iterations
  --
  Subiteration:1 of 1
      AMG solver residual = 0.00378721 after 1 iterations
      AMG solver residual = 0.000172029 after 2 iterations
      AMG solver residual = 0.00063671 after 2 iterations
      AMG solver residual = 0.000145378 after 2 iterations
      AMG solver residual = 0.000354953 after 2 iterations
      AMG solver residual = 0.000171048 after 2 iterations
      AMG solver residual = 0.0006312 after 2 iterations
  ----
  dt: 0.05
    Vlasov    : 350.196 (time scale), 0.000142777 (CFL)
  ----
  Distribution Function Extrema:
    Species 0:	1.74077e-05 [max]	6.64015e-14 [min]

Step 3 completed, simulation time is 0.15
----

Step 4
      AMG solver residual = 0.000220496 after 2 iterations
      AMG solver residual = 0.00575299 after 1 iterations
  --
  Subiteration:1 of 1
      AMG solver residual = 0.00375563 after 1 iterations
      AMG solver residual = 0.000170098 after 2 iterations
      AMG solver residual = 0.000625615 after 2 iterations
      AMG solver residual = 0.000148512 after 2 iterations
      AMG solver residual = 0.000386755 after 2 iterations
      AMG solver residual = 0.000168945 after 2 iterations
      AMG solver residual = 0.00061863 after 2 iterations
  ----
  dt: 0.05
    Vlasov    : 346.568 (time scale), 0.000144272 (CFL)
  ----
  Distribution Function Extrema:
    Species 0:	1.74077e-05 [max]	6.64015e-14 [min]

Step 4 completed, simulation time is 0.2
----

Step 5
      AMG solver residual = 0.000218408 after 2 iterations
      AMG solver residual = 0.00570292 after 1 iterations
  --
  Subiteration:1 of 1
      AMG solver residual = 0.00370646 after 1 iterations
      AMG solver residual = 0.000167829 after 2 iterations
      AMG solver residual = 0.000611574 after 2 iterations
      AMG solver residual = 0.000152171 after 2 iterations
      AMG solver residual = 0.000423648 after 2 iterations
      AMG solver residual = 0.000166521 after 2 iterations
      AMG solver residual = 0.000603109 after 2 iterations
  ----
  dt: 0.05
    Vlasov    : 342.186 (time scale), 0.00014612 (CFL)
  ----
  Distribution Function Extrema:
    Species 0:	1.74077e-05 [max]	6.64015e-14 [min]

Step 5 completed, simulation time is 0.25
----

Step 6
      AMG solver residual = 0.000215719 after 2 iterations
      AMG solver residual = 0.00548981 after 1 iterations
  --
  Subiteration:1 of 1
      AMG solver residual = 0.0035998 after 1 iterations
      AMG solver residual = 0.000165259 after 2 iterations
      AMG solver residual = 0.000594595 after 2 iterations
      AMG solver residual = 0.000156261 after 2 iterations
      AMG solver residual = 0.000462276 after 2 iterations
      AMG solver residual = 0.000163816 after 2 iterations
      AMG solver residual = 0.000584679 after 2 iterations
  ----
  dt: 0.05
    Vlasov    : 337.89 (time scale), 0.000147977 (CFL)
  ----
  Distribution Function Extrema:
    Species 0:	1.74077e-05 [max]	6.64015e-14 [min]

Step 6 completed, simulation time is 0.3
----

Step 7
      AMG solver residual = 0.000212607 after 2 iterations
      AMG solver residual = 0.00551976 after 1 iterations
  --
  Subiteration:1 of 1
      AMG solver residual = 0.00356483 after 1 iterations
      AMG solver residual = 0.000162429 after 2 iterations
      AMG solver residual = 0.000574742 after 2 iterations
      AMG solver residual = 0.000160679 after 2 iterations
      AMG solver residual = 0.000495032 after 2 iterations
      AMG solver residual = 0.000160876 after 2 iterations
      AMG solver residual = 0.000563435 after 2 iterations
  ----
  dt: 0.05
    Vlasov    : 333.787 (time scale), 0.000149796 (CFL)
  ----
  Distribution Function Extrema:
    Species 0:	1.74077e-05 [max]	6.64015e-14 [min]

Step 7 completed, simulation time is 0.35
----

Step 8
      AMG solver residual = 0.000209107 after 2 iterations
      AMG solver residual = 0.00533509 after 1 iterations
  --
  Subiteration:1 of 1
      AMG solver residual = 0.00344051 after 1 iterations
      AMG solver residual = 0.000159389 after 2 iterations
      AMG solver residual = 0.000552147 after 2 iterations
      AMG solver residual = 0.000165323 after 2 iterations
      AMG solver residual = 0.000534492 after 2 iterations
      AMG solver residual = 0.000157755 after 2 iterations
      AMG solver residual = 0.000539544 after 2 iterations
  ----
  dt: 0.05
    Vlasov    : 328.573 (time scale), 0.000152173 (CFL)
  ----
  Distribution Function Extrema:
    Species 0:	1.74077e-05 [max]	6.64015e-14 [min]

Step 8 completed, simulation time is 0.4
----

Step 9
      AMG solver residual = 0.000205047 after 2 iterations
      AMG solver residual = 0.00509685 after 1 iterations
  --
  Subiteration:1 of 1
      AMG solver residual = 0.00330896 after 1 iterations
      AMG solver residual = 0.000156198 after 2 iterations
      AMG solver residual = 0.000527015 after 2 iterations
      AMG solver residual = 0.000170097 after 2 iterations
      AMG solver residual = 0.000568994 after 2 iterations
      AMG solver residual = 0.000154515 after 2 iterations
      AMG solver residual = 0.000513244 after 2 iterations
  ----
  dt: 0.05
    Vlasov    : 322.694 (time scale), 0.000154946 (CFL)
  ----
  Distribution Function Extrema:
    Species 0:	1.74077e-05 [max]	6.64015e-14 [min]

Step 9 completed, simulation time is 0.45
----

Step 10
      AMG solver residual = 0.000200742 after 2 iterations
      AMG solver residual = 0.00514673 after 1 iterations
  --
  Subiteration:1 of 1
      AMG solver residual = 0.00327875 after 1 iterations
      AMG solver residual = 0.000152923 after 2 iterations
      AMG solver residual = 0.000499651 after 2 iterations
      AMG solver residual = 0.000174912 after 2 iterations
      AMG solver residual = 0.000591622 after 2 iterations
      AMG solver residual = 0.000151226 after 2 iterations
      AMG solver residual = 0.000484961 after 2 iterations
  ----
  dt: 0.05
    Vlasov    : 317.056 (time scale), 0.000157701 (CFL)
  ----
  Distribution Function Extrema:
    Species 0:	1.74077e-05 [max]	6.64015e-14 [min]

Step 10 completed, simulation time is 0.5
----
Writing checkpoint file
Writing history file

Step 11
      AMG solver residual = 0.000196187 after 2 iterations
      AMG solver residual = 0.00482887 after 1 iterations
  --
  Subiteration:1 of 1
      AMG solver residual = 0.00305749 after 1 iterations
      AMG solver residual = 0.000149635 after 2 iterations
      AMG solver residual = 0.000470578 after 2 iterations
      AMG solver residual = 0.000179681 after 2 iterations
      AMG solver residual = 0.000618531 after 2 iterations
      AMG solver residual = 0.000147966 after 2 iterations
      AMG solver residual = 0.000455245 after 2 iterations
  ----
  dt: 0.05
    Vlasov    : 310.947 (time scale), 0.000160799 (CFL)
  ----
  Distribution Function Extrema:
    Species 0:	1.74077e-05 [max]	6.64015e-14 [min]

Step 11 completed, simulation time is 0.55
----

Step 12
      AMG solver residual = 0.000191255 after 2 iterations
      AMG solver residual = 0.00461701 after 1 iterations
  --
  Subiteration:1 of 1
      AMG solver residual = 0.00292423 after 1 iterations
      AMG solver residual = 0.000146418 after 2 iterations
      AMG solver residual = 0.000440429 after 2 iterations
      AMG solver residual = 0.000184329 after 2 iterations
      AMG solver residual = 0.000624863 after 2 iterations
      AMG solver residual = 0.00014482 after 2 iterations
      AMG solver residual = 0.000424774 after 2 iterations
  ----
  dt: 0.05
    Vlasov    : 305.086 (time scale), 0.000163888 (CFL)
  ----
  Distribution Function Extrema:
    Species 0:	1.74077e-05 [max]	6.64015e-14 [min]

Step 12 completed, simulation time is 0.6
----

Step 13
      AMG solver residual = 0.000186267 after 2 iterations
      AMG solver residual = 0.00457389 after 1 iterations
  --
  Subiteration:1 of 1
      AMG solver residual = 0.00289892 after 1 iterations
      AMG solver residual = 0.000143359 after 2 iterations
      AMG solver residual = 0.000409961 after 2 iterations
      AMG solver residual = 0.000188787 after 2 iterations
      AMG solver residual = 0.000588841 after 2 iterations
      AMG solver residual = 0.000141877 after 2 iterations
      AMG solver residual = 0.000394152 after 2 iterations
  ----
  dt: 0.05
    Vlasov    : 299.542 (time scale), 0.000166922 (CFL)
  ----
  Distribution Function Extrema:
    Species 0:	1.74077e-05 [max]	6.64015e-14 [min]

Step 13 completed, simulation time is 0.65
----

Step 14
      AMG solver residual = 0.000181287 after 2 iterations
      AMG solver residual = 0.00439666 after 1 iterations
  --
  Subiteration:1 of 1
      AMG solver residual = 0.00274176 after 1 iterations
      AMG solver residual = 0.000140549 after 2 iterations
      AMG solver residual = 0.000379615 after 2 iterations
      AMG solver residual = 0.000192995 after 2 iterations
      AMG solver residual = 0.000479838 after 2 iterations
      AMG solver residual = 0.000139232 after 2 iterations
      AMG solver residual = 0.000362566 after 2 iterations
  ----
  dt: 0.05
    Vlasov    : 294.095 (time scale), 0.000170013 (CFL)
  ----
  Distribution Function Extrema:
    Species 0:	1.74077e-05 [max]	6.64015e-14 [min]

Step 14 completed, simulation time is 0.7
----

Step 15
      AMG solver residual = 0.000176182 after 2 iterations
      AMG solver residual = 0.00394518 after 1 iterations
  --
  Subiteration:1 of 1
      AMG solver residual = 0.00260517 after 1 iterations
      AMG solver residual = 0.000138085 after 2 iterations
      AMG solver residual = 0.000347706 after 2 iterations
      AMG solver residual = 0.000196897 after 2 iterations
      AMG solver residual = 0.000328047 after 2 iterations
      AMG solver residual = 0.000136979 after 2 iterations
      AMG solver residual = 0.000324982 after 2 iterations
  ----
  dt: 0.05
    Vlasov    : 288.412 (time scale), 0.000173363 (CFL)
  ----
  Distribution Function Extrema:
    Species 0:	1.74077e-05 [max]	6.64015e-14 [min]

Step 15 completed, simulation time is 0.75
----

Step 16
      AMG solver residual = 0.000171115 after 2 iterations
      AMG solver residual = 0.00391687 after 1 iterations
  --
  Subiteration:1 of 1
      AMG solver residual = 0.00284885 after 1 iterations
      AMG solver residual = 0.000136058 after 2 iterations
      AMG solver residual = 0.000306695 after 2 iterations
      AMG solver residual = 0.000200448 after 2 iterations
      AMG solver residual = 0.00736248 after 1 iterations
      AMG solver residual = 0.00013521 after 2 iterations
      AMG solver residual = 0.000268502 after 2 iterations
  ----
  dt: 0.05
    Vlasov    : 283.081 (time scale), 0.000176628 (CFL)
  ----
  Distribution Function Extrema:
    Species 0:	1.74077e-05 [max]	6.64015e-14 [min]

Step 16 completed, simulation time is 0.8
----

Step 17
      AMG solver residual = 0.000166143 after 2 iterations
      AMG solver residual = 0.00364896 after 1 iterations
  --
  Subiteration:1 of 1
      AMG solver residual = 0.00298819 after 1 iterations
      AMG solver residual = 0.000134559 after 2 iterations
      AMG solver residual = 0.000243331 after 2 iterations
      AMG solver residual = 0.00020358 after 2 iterations
      AMG solver residual = 0.00498568 after 1 iterations
      AMG solver residual = 0.000134009 after 2 iterations
      AMG solver residual = 0.00019022 after 2 iterations
  ----
  dt: 0.05
    Vlasov    : 278.129 (time scale), 0.000179773 (CFL)
  ----
  Distribution Function Extrema:
    Species 0:	1.74077e-05 [max]	6.64015e-14 [min]

Step 17 completed, simulation time is 0.85
----

Step 18
      AMG solver residual = 0.00016007 after 2 iterations
      AMG solver residual = 0.00357717 after 1 iterations
  --
  Subiteration:1 of 1
      AMG solver residual = 0.00314274 after 1 iterations
      AMG solver residual = 0.000133665 after 2 iterations
      AMG solver residual = 0.00930109 after 1 iterations
      AMG solver residual = 0.000206142 after 2 iterations
      AMG solver residual = 0.00396024 after 1 iterations
      AMG solver residual = 0.000133447 after 2 iterations
      AMG solver residual = 0.00693986 after 1 iterations
  ----
  dt: 0.05
    Vlasov    : 272.744 (time scale), 0.000183322 (CFL)
  ----
  Distribution Function Extrema:
    Species 0:	1.74077e-05 [max]	6.64015e-14 [min]

Step 18 completed, simulation time is 0.9
----

Step 19
      AMG solver residual = 0.000150565 after 2 iterations
      AMG solver residual = 0.00353416 after 1 iterations
  --
  Subiteration:1 of 1
      AMG solver residual = 0.00323145 after 1 iterations
      AMG solver residual = 0.000133439 after 2 iterations
      AMG solver residual = 0.0060524 after 1 iterations
      AMG solver residual = 0.000207624 after 2 iterations
      AMG solver residual = 0.00358987 after 1 iterations
      AMG solver residual = 0.000133573 after 2 iterations
      AMG solver residual = 0.00477054 after 1 iterations
  ----
  dt: 0.05
    Vlasov    : 267.764 (time scale), 0.000186732 (CFL)
  ----
  Distribution Function Extrema:
    Species 0:	1.74077e-05 [max]	6.64015e-14 [min]

Step 19 completed, simulation time is 0.95
----

Step 20
      AMG solver residual = 0.00951625 after 1 iterations
      AMG solver residual = 0.00449531 after 1 iterations
  --
  Subiteration:1 of 1
      AMG solver residual = 0.00341294 after 1 iterations
      AMG solver residual = 0.000133917 after 2 iterations
      AMG solver residual = 0.00437408 after 1 iterations
      AMG solver residual = 0.000206125 after 2 iterations
      AMG solver residual = 0.00346495 after 1 iterations
      AMG solver residual = 0.000134402 after 2 iterations
      AMG solver residual = 0.00386045 after 1 iterations
      AMG solver residual = 0.00323926 after 1 iterations
  ----
  dt: 0.05
    Vlasov    : 263.094 (time scale), 0.000190046 (CFL)
  ----
  Distribution Function Extrema:
    Species 0:	1.74077e-05 [max]	6.64015e-14 [min]

Step 20 completed, simulation time is 1
----
Writing checkpoint file
Writing history file

Step 21
      AMG solver residual = 0.00694142 after 1 iterations
      AMG solver residual = 0.00382708 after 1 iterations
  --
  Subiteration:1 of 1
      AMG solver residual = 0.0033296 after 1 iterations
      AMG solver residual = 0.000135088 after 2 iterations
      AMG solver residual = 0.00372187 after 1 iterations
      AMG solver residual = 0.00322328 after 1 iterations
      AMG solver residual = 0.000195903 after 2 iterations
      AMG solver residual = 0.00342762 after 1 iterations
      AMG solver residual = 0.000135854 after 2 iterations
      AMG solver residual = 0.00354919 after 1 iterations
      AMG solver residual = 0.00320052 after 1 iterations
  ----
  dt: 0.05
    Vlasov    : 258.093 (time scale), 0.000193729 (CFL)
  ----
  Distribution Function Extrema:
    Species 0:	1.74077e-05 [max]	6.64015e-14 [min]

Step 21 completed, simulation time is 1.05
----

Step 22
      AMG solver residual = 0.00514229 after 1 iterations
      AMG solver residual = 0.00368206 after 1 iterations
  --
  Subiteration:1 of 1
      AMG solver residual = 0.00332921 after 1 iterations
      AMG solver residual = 0.000136807 after 2 iterations
      AMG solver residual = 0.0035056 after 1 iterations
      AMG solver residual = 0.0031958 after 1 iterations
      AMG solver residual = 0.00941472 after 1 iterations
      AMG solver residual = 0.00482933 after 1 iterations
      AMG solver residual = 0.0037306 after 1 iterations
      AMG solver residual = 0.000137547 after 2 iterations
      AMG solver residual = 0.00344993 after 1 iterations
      AMG solver residual = 0.00319023 after 1 iterations
  ----
  dt: 0.05
    Vlasov    : 252.547 (time scale), 0.000197983 (CFL)
  ----
  Distribution Function Extrema:
    Species 0:	1.74077e-05 [max]	6.64015e-14 [min]

Step 22 completed, simulation time is 1.1
----

Step 23
      AMG solver residual = 0.00424374 after 1 iterations
      AMG solver residual = 0.0036201 after 1 iterations
  --
  Subiteration:1 of 1
      AMG solver residual = 0.00332086 after 1 iterations
      AMG solver residual = 0.000138461 after 2 iterations
      AMG solver residual = 0.00343606 after 1 iterations
      AMG solver residual = 0.00318931 after 1 iterations
      AMG solver residual = 0.00702379 after 1 iterations
      AMG solver residual = 0.00401654 after 1 iterations
      AMG solver residual = 0.00346524 after 1 iterations
      AMG solver residual = 0.000138027 after 2 iterations
      AMG solver residual = 0.00341685 after 1 iterations
      AMG solver residual = 0.00319006 after 1 iterations
  ----
  dt: 0.05
    Vlasov    : 247.438 (time scale), 0.000202071 (CFL)
  ----
  Distribution Function Extrema:
    Species 0:	1.74077e-05 [max]	6.64015e-14 [min]

Step 23 completed, simulation time is 1.15
----

Step 24
      AMG solver residual = 0.00393157 after 1 iterations
      AMG solver residual = 0.00360047 after 1 iterations
  --
  Subiteration:1 of 1
      AMG solver residual = 0.00332481 after 1 iterations
      AMG solver residual = 0.00999571 after 1 iterations
      AMG solver residual = 0.00610468 after 1 iterations
      AMG solver residual = 0.003568 after 1 iterations
      AMG solver residual = 0.00511273 after 1 iterations
      AMG solver residual = 0.00372369 after 1 iterations
      AMG solver residual = 0.00337307 after 1 iterations
      AMG solver residual = 0.00954685 after 1 iterations
      AMG solver residual = 0.00498016 after 1 iterations
      AMG solver residual = 0.00350395 after 1 iterations
  ----
  dt: 0.05
    Vlasov    : 241.253 (time scale), 0.000207251 (CFL)
  ----
  Distribution Function Extrema:
    Species 0:	1.74077e-05 [max]	6.64015e-14 [min]

Step 24 completed, simulation time is 1.2
----

Step 25
      AMG solver residual = 0.00382558 after 1 iterations
      AMG solver residual = 0.0035891 after 1 iterations
  --
  Subiteration:1 of 1
      AMG solver residual = 0.00332397 after 1 iterations
      AMG solver residual = 0.00919172 after 1 iterations
      AMG solver residual = 0.00461036 after 1 iterations
      AMG solver residual = 0.00347813 after 1 iterations
      AMG solver residual = 0.00279502 after 1 iterations
      AMG solver residual = 0.00421053 after 1 iterations
      AMG solver residual = 0.00362614 after 1 iterations
      AMG solver residual = 0.00334408 after 1 iterations
      AMG solver residual = 0.00810921 after 1 iterations
      AMG solver residual = 0.00409979 after 1 iterations
      AMG solver residual = 0.00341806 after 1 iterations
      AMG solver residual = 0.00294617 after 1 iterations
  ----
  dt: 0.05
    Vlasov    : 234.617 (time scale), 0.000213113 (CFL)
  ----
  Distribution Function Extrema:
    Species 0:	1.74077e-05 [max]	6.64015e-14 [min]

Step 25 completed, simulation time is 1.25
----

Step 26
      AMG solver residual = 0.00377846 after 1 iterations
      AMG solver residual = 0.00357888 after 1 iterations
  --
  Subiteration:1 of 1
      AMG solver residual = 0.00332732 after 1 iterations
      AMG solver residual = 0.00744785 after 1 iterations
      AMG solver residual = 0.00395123 after 1 iterations
      AMG solver residual = 0.00340011 after 1 iterations
      AMG solver residual = 0.0029953 after 1 iterations
      AMG solver residual = 0.00389325 after 1 iterations
      AMG solver residual = 0.00359253 after 1 iterations
      AMG solver residual = 0.00333665 after 1 iterations
      AMG solver residual = 0.00607459 after 1 iterations
      AMG solver residual = 0.00375629 after 1 iterations
      AMG solver residual = 0.0033704 after 1 iterations
      AMG solver residual = 0.00304816 after 1 iterations
  ----
  dt: 0.05
    Vlasov    : 226.305 (time scale), 0.00022094 (CFL)
  ----
  Distribution Function Extrema:
    Species 0:	1.74077e-05 [max]	6.64015e-14 [min]

Step 26 completed, simulation time is 1.3
----

Step 27
      AMG solver residual = 0.0037564 after 1 iterations
      AMG solver residual = 0.00357491 after 1 iterations
      AMG solver residual = 0.00333268 after 1 iterations
  --
  Subiteration:1 of 1
      AMG solver residual = 0.00308132 after 1 iterations
      AMG solver residual = 0.00549008 after 1 iterations
      AMG solver residual = 0.00370272 after 1 iterations
      AMG solver residual = 0.00336209 after 1 iterations
      AMG solver residual = 0.00306251 after 1 iterations
      AMG solver residual = 0.00378879 after 1 iterations
      AMG solver residual = 0.0035791 after 1 iterations
      AMG solver residual = 0.00333678 after 1 iterations
      AMG solver residual = 0.00308729 after 1 iterations
      AMG solver residual = 0.004618 after 1 iterations
      AMG solver residual = 0.00363407 after 1 iterations
      AMG solver residual = 0.00335056 after 1 iterations
      AMG solver residual = 0.00307914 after 1 iterations
  ----
  dt: 0.05
    Vlasov    : 214.23 (time scale), 0.000233394 (CFL)
  ----
  Distribution Function Extrema:
    Species 0:	1.74077e-05 [max]	6.64015e-14 [min]

Step 27 completed, simulation time is 1.35
----

Step 28
      AMG solver residual = 0.00374038 after 1 iterations
      AMG solver residual = 0.00357096 after 1 iterations
      AMG solver residual = 0.00333715 after 1 iterations
  --
  Subiteration:1 of 1
      AMG solver residual = 0.00309273 after 1 iterations
      AMG solver residual = 0.00434097 after 1 iterations
      AMG solver residual = 0.00361598 after 1 iterations
      AMG solver residual = 0.00334741 after 1 iterations
      AMG solver residual = 0.00308361 after 1 iterations
      AMG solver residual = 0.00374933 after 1 iterations
      AMG solver residual = 0.00357243 after 1 iterations
      AMG solver residual = 0.0033397 after 1 iterations
      AMG solver residual = 0.00309706 after 1 iterations
      AMG solver residual = 0.00399931 after 1 iterations
      AMG solver residual = 0.00359211 after 1 iterations
      AMG solver residual = 0.00334431 after 1 iterations
      AMG solver residual = 0.00309199 after 1 iterations
      AMG solver residual = 0.0028514 after 1 iterations
  ----
  dt: 0.05
    Vlasov    : 182.772 (time scale), 0.000273564 (CFL)
  ----
  Distribution Function Extrema:
    Species 0:	1.74077e-05 [max]	6.64015e-14 [min]

Step 28 completed, simulation time is 1.4
----

Step 29
      AMG solver residual = 0.00372751 after 1 iterations
      AMG solver residual = 0.00356769 after 1 iterations
      AMG solver residual = 0.00334166 after 1 iterations
  --
  Subiteration:1 of 1
      AMG solver residual = 0.00310384 after 1 iterations
      AMG solver residual = 0.00390736 after 1 iterations
      AMG solver residual = 0.00358583 after 1 iterations
      AMG solver residual = 0.00334353 after 1 iterations
      AMG solver residual = 0.00309449 after 1 iterations
      AMG solver residual = 0.00285918 after 1 iterations
      AMG solver residual = 0.00372957 after 1 iterations
      AMG solver residual = 0.00356837 after 1 iterations
      AMG solver residual = 0.00334375 after 1 iterations
      AMG solver residual = 0.00310752 after 1 iterations
      AMG solver residual = 0.00379979 after 1 iterations
      AMG solver residual = 0.00357656 after 1 iterations
      AMG solver residual = 0.0033441 after 1 iterations
      AMG solver residual = 0.00310174 after 1 iterations
      AMG solver residual = 0.00287411 after 1 iterations
  ----
  dt: 0.05
    Vlasov    : 144.194 (time scale), 0.000346754 (CFL)
  ----
  Distribution Function Extrema:
    Species 0:	1.74077e-05 [max]	6.64015e-14 [min]

Step 29 completed, simulation time is 1.45
----

Step 30
      AMG solver residual = 0.00371672 after 1 iterations
      AMG solver residual = 0.00356547 after 1 iterations
      AMG solver residual = 0.00334684 after 1 iterations
  --
  Subiteration:1 of 1
      AMG solver residual = 0.00311542 after 1 iterations
      AMG solver residual = 0.00377261 after 1 iterations
      AMG solver residual = 0.00357402 after 1 iterations
      AMG solver residual = 0.00334434 after 1 iterations
      AMG solver residual = 0.003104 after 1 iterations
      AMG solver residual = 0.00287855 after 1 iterations
      AMG solver residual = 0.0037163 after 1 iterations
      AMG solver residual = 0.00356541 after 1 iterations
      AMG solver residual = 0.00334811 after 1 iterations
      AMG solver residual = 0.00311796 after 1 iterations
      AMG solver residual = 0.00373821 after 1 iterations
      AMG solver residual = 0.00356961 after 1 iterations
      AMG solver residual = 0.00334652 after 1 iterations
      AMG solver residual = 0.00311139 after 1 iterations
      AMG solver residual = 0.00289051 after 1 iterations
  ----
  dt: 0.05
    Vlasov    : 104.083 (time scale), 0.000480388 (CFL)
  ----
  Distribution Function Extrema:
    Species 0:	1.74077e-05 [max]	6.64014e-14 [min]

Step 30 completed, simulation time is 1.5
----
Writing checkpoint file
Writing history file

Step 31
      AMG solver residual = 0.00370691 after 1 iterations
      AMG solver residual = 0.00356326 after 1 iterations
      AMG solver residual = 0.00335132 after 1 iterations
      AMG solver residual = 0.0031256 after 1 iterations
  --
  Subiteration:1 of 1
      AMG solver residual = 0.00291206 after 1 iterations
      AMG solver residual = 0.0037295 after 1 iterations
      AMG solver residual = 0.00356835 after 1 iterations
      AMG solver residual = 0.00334725 after 1 iterations
      AMG solver residual = 0.00311376 after 1 iterations
      AMG solver residual = 0.00289428 after 1 iterations
      AMG solver residual = 0.00370573 after 1 iterations
      AMG solver residual = 0.00356313 after 1 iterations
      AMG solver residual = 0.00335266 after 1 iterations
      AMG solver residual = 0.00312834 after 1 iterations
      AMG solver residual = 0.00291609 after 1 iterations
      AMG solver residual = 0.00371545 after 1 iterations
      AMG solver residual = 0.00356572 after 1 iterations
      AMG solver residual = 0.00335013 after 1 iterations
      AMG solver residual = 0.0031213 after 1 iterations
      AMG solver residual = 0.00290553 after 1 iterations
  ----
  dt: 0.05
    Vlasov    : 67.1782 (time scale), 0.000744289 (CFL)
  ----
  Distribution Function Extrema:
    Species 0:	1.74078e-05 [max]	6.64014e-14 [min]

Step 31 completed, simulation time is 1.55
----

Step 32
      AMG solver residual = 0.00369802 after 1 iterations
      AMG solver residual = 0.00356145 after 1 iterations
      AMG solver residual = 0.00335598 after 1 iterations
      AMG solver residual = 0.00313594 after 1 iterations
  --
  Subiteration:1 of 1
      AMG solver residual = 0.00292705 after 1 iterations
      AMG solver residual = 0.00371167 after 1 iterations
      AMG solver residual = 0.00356494 after 1 iterations
      AMG solver residual = 0.00335107 after 1 iterations
      AMG solver residual = 0.00312371 after 1 iterations
      AMG solver residual = 0.00290913 after 1 iterations
      AMG solver residual = 0.00369655 after 1 iterations
      AMG solver residual = 0.00356122 after 1 iterations
      AMG solver residual = 0.00335716 after 1 iterations
      AMG solver residual = 0.00313839 after 1 iterations
      AMG solver residual = 0.00293054 after 1 iterations
      AMG solver residual = 0.00370326 after 1 iterations
      AMG solver residual = 0.00356307 after 1 iterations
      AMG solver residual = 0.00335423 after 1 iterations
      AMG solver residual = 0.00313123 after 1 iterations
      AMG solver residual = 0.00292007 after 1 iterations
  ----
  dt: 0.05
    Vlasov    : 39.0634 (time scale), 0.00127997 (CFL)
  ----
  Distribution Function Extrema:
    Species 0:	1.74078e-05 [max]	6.64014e-14 [min]

Step 32 completed, simulation time is 1.6
----

Step 33
      AMG solver residual = 0.00368979 after 1 iterations
      AMG solver residual = 0.00355983 after 1 iterations
      AMG solver residual = 0.0033605 after 1 iterations
      AMG solver residual = 0.00314586 after 1 iterations
  --
  Subiteration:1 of 1
      AMG solver residual = 0.00294135 after 1 iterations
      AMG solver residual = 0.00370082 after 1 iterations
      AMG solver residual = 0.0035625 after 1 iterations
      AMG solver residual = 0.00335524 after 1 iterations
      AMG solver residual = 0.00313363 after 1 iterations
      AMG solver residual = 0.00292356 after 1 iterations
      AMG solver residual = 0.00368832 after 1 iterations
      AMG solver residual = 0.00355962 after 1 iterations
      AMG solver residual = 0.00336161 after 1 iterations
      AMG solver residual = 0.00314812 after 1 iterations
      AMG solver residual = 0.00294448 after 1 iterations
      AMG solver residual = 0.00369442 after 1 iterations
      AMG solver residual = 0.00707979 after 1 iterations
      AMG solver residual = 0.00338797 after 1 iterations
      AMG solver residual = 0.00324903 after 1 iterations
      AMG solver residual = 0.00305266 after 1 iterations
      AMG solver residual = 0.00284991 after 1 iterations
  ----
  dt: 0.05
    Vlasov    : 21.5944 (time scale), 0.00231542 (CFL)
  ----
  Distribution Function Extrema:
    Species 0:	1.74078e-05 [max]	6.64013e-14 [min]

Step 33 completed, simulation time is 1.65
----

Step 34
      AMG solver residual = 0.00368243 after 1 iterations
      AMG solver residual = 0.0035588 after 1 iterations
      AMG solver residual = 0.00336541 after 1 iterations
      AMG solver residual = 0.00315604 after 1 iterations
  --
  Subiteration:1 of 1
      AMG solver residual = 0.00295581 after 1 iterations
      AMG solver residual = 0.00369394 after 1 iterations
      AMG solver residual = 0.00708624 after 1 iterations
      AMG solver residual = 0.0033901 after 1 iterations
      AMG solver residual = 0.003254 after 1 iterations
      AMG solver residual = 0.00306068 after 1 iterations
      AMG solver residual = 0.00286187 after 1 iterations
      AMG solver residual = 0.00368275 after 1 iterations
      AMG solver residual = 0.00356244 after 1 iterations
      AMG solver residual = 0.00337345 after 1 iterations
      AMG solver residual = 0.00317074 after 1 iterations
      AMG solver residual = 0.00298242 after 1 iterations
      AMG solver residual = 0.00369604 after 1 iterations
      AMG solver residual = 0.0071213 after 1 iterations
      AMG solver residual = 0.00339929 after 1 iterations
      AMG solver residual = 0.00327135 after 1 iterations
      AMG solver residual = 0.0030864 after 1 iterations
      AMG solver residual = 0.00289807 after 1 iterations
  ----
  dt: 0.05
    Vlasov    : 11.5698 (time scale), 0.0043216 (CFL)
  ----
  Distribution Function Extrema:
    Species 0:	1.74078e-05 [max]	6.64011e-14 [min]

Step 34 completed, simulation time is 1.7
----

Step 35
      AMG solver residual = 0.00368599 after 1 iterations
      AMG solver residual = 0.00357369 after 1 iterations
      AMG solver residual = 0.0033926 after 1 iterations
      AMG solver residual = 0.00319934 after 1 iterations
  --
  Subiteration:1 of 1
      AMG solver residual = 0.00302559 after 1 iterations
      AMG solver residual = 0.00372254 after 1 iterations
      AMG solver residual = 0.00777351 after 1 iterations
      AMG solver residual = 0.00343143 after 1 iterations
      AMG solver residual = 0.0033261 after 1 iterations
      AMG solver residual = 0.00317054 after 1 iterations
      AMG solver residual = 0.00303248 after 1 iterations
      AMG solver residual = 0.00373303 after 1 iterations
      AMG solver residual = 0.00834712 after 1 iterations
      AMG solver residual = 0.00345409 after 1 iterations
      AMG solver residual = 0.00337361 after 1 iterations
      AMG solver residual = 0.00324227 after 1 iterations
      AMG solver residual = 0.00313674 after 1 iterations
      AMG solver residual = 0.00372457 after 1 iterations
      AMG solver residual = 0.00823105 after 1 iterations
      AMG solver residual = 0.00343737 after 1 iterations
      AMG solver residual = 0.00334932 after 1 iterations
      AMG solver residual = 0.00320628 after 1 iterations
      AMG solver residual = 0.00308289 after 1 iterations
  ----
  dt: 0.05
    Vlasov    : 6.09048 (time scale), 0.00820953 (CFL)
  ----
  Distribution Function Extrema:
    Species 0:	1.74079e-05 [max]	6.64007e-14 [min]

Step 35 completed, simulation time is 1.75
----

Step 36
      AMG solver residual = 0.00375603 after 1 iterations
      AMG solver residual = 0.00369046 after 1 iterations
      AMG solver residual = 0.0035599 after 1 iterations
      AMG solver residual = 0.00344632 after 1 iterations
  --
  Subiteration:1 of 1
      AMG solver residual = 0.00343093 after 1 iterations
      AMG solver residual = 0.00381697 after 1 iterations
      AMG solver residual = 0.00941598 after 1 iterations
      AMG solver residual = 0.00355278 after 1 iterations
      AMG solver residual = 0.00354495 after 1 iterations
      AMG solver residual = 0.00350914 after 1 iterations
      AMG solver residual = 0.00356137 after 1 iterations
      AMG solver residual = 0.00377891 after 1 iterations
      AMG solver residual = 0.00884877 after 1 iterations
      AMG solver residual = 0.00351909 after 1 iterations
      AMG solver residual = 0.00349429 after 1 iterations
      AMG solver residual = 0.00343165 after 1 iterations
      AMG solver residual = 0.00343376 after 1 iterations
      AMG solver residual = 0.00381257 after 1 iterations
      AMG solver residual = 0.00901731 after 1 iterations
      AMG solver residual = 0.00354131 after 1 iterations
      AMG solver residual = 0.00349493 after 1 iterations
      AMG solver residual = 0.00339398 after 1 iterations
      AMG solver residual = 0.00332159 after 1 iterations
  ----
  dt: 0.05
    Vlasov    : 3.17863 (time scale), 0.01573 (CFL)
  ----
  Distribution Function Extrema:
    Species 0:	1.7408e-05 [max]	6.63927e-14 [min]

Step 36 completed, simulation time is 1.8
----

Step 37
      AMG solver residual = 0.00380854 after 1 iterations
      AMG solver residual = 0.00378796 after 1 iterations
      AMG solver residual = 0.00370959 after 1 iterations
      AMG solver residual = 0.00367149 after 1 iterations
  --
  Subiteration:1 of 1
      AMG solver residual = 0.00379256 after 1 iterations
      AMG solver residual = 0.00390472 after 1 iterations
      AMG solver residual = 0.000310439 after 2 iterations
      AMG solver residual = 0.00363804 after 1 iterations
      AMG solver residual = 0.0036874 after 1 iterations
      AMG solver residual = 0.00370507 after 1 iterations
      AMG solver residual = 0.00382545 after 1 iterations
      AMG solver residual = 0.00404891 after 1 iterations
      AMG solver residual = 0.000325207 after 2 iterations
      AMG solver residual = 0.00379821 after 1 iterations
      AMG solver residual = 0.00393615 after 1 iterations
      AMG solver residual = 0.00405863 after 1 iterations
      AMG solver residual = 0.00433606 after 1 iterations
      AMG solver residual = 0.0042247 after 1 iterations
      AMG solver residual = 0.000377836 after 2 iterations
      AMG solver residual = 0.00396249 after 1 iterations
      AMG solver residual = 0.000373387 after 2 iterations
      AMG solver residual = 0.00371178 after 1 iterations
      AMG solver residual = 0.00389989 after 1 iterations
      AMG solver residual = 0.00404957 after 1 iterations
  ----
  dt: 0.05
    Vlasov    : 1.65546 (time scale), 0.030203 (CFL)
  ----
  Distribution Function Extrema:
    Species 0:	1.74093e-05 [max]	6.63593e-14 [min]

Step 37 completed, simulation time is 1.85
----

Step 38
      AMG solver residual = 0.00429076 after 1 iterations
      AMG solver residual = 0.00456154 after 1 iterations
      AMG solver residual = 0.00483018 after 1 iterations
      AMG solver residual = 0.00532144 after 1 iterations
  --
  Subiteration:1 of 1
      AMG solver residual = 0.00625241 after 1 iterations
      AMG solver residual = 0.00474746 after 1 iterations
      AMG solver residual = 0.000405411 after 2 iterations
      AMG solver residual = 0.00447172 after 1 iterations
      AMG solver residual = 0.00040928 after 2 iterations
      AMG solver residual = 0.00419412 after 1 iterations
      AMG solver residual = 0.00452899 after 1 iterations
      AMG solver residual = 0.0048099 after 1 iterations
      AMG solver residual = 0.00491477 after 1 iterations
      AMG solver residual = 0.000400552 after 2 iterations
      AMG solver residual = 0.0046469 after 1 iterations
      AMG solver residual = 0.00505432 after 1 iterations
      AMG solver residual = 0.00539198 after 1 iterations
      AMG solver residual = 0.00594207 after 1 iterations
      AMG solver residual = 0.00582657 after 1 iterations
      AMG solver residual = 0.000533152 after 2 iterations
      AMG solver residual = 0.00559384 after 1 iterations
      AMG solver residual = 0.000541677 after 2 iterations
      AMG solver residual = 0.00533753 after 1 iterations
      AMG solver residual = 0.00604692 after 1 iterations
      AMG solver residual = 0.00669923 after 1 iterations
  ----
  dt: 0.05
    Vlasov    : 0.861739 (time scale), 0.0580222 (CFL)
  ----
  Distribution Function Extrema:
    Species 0:	1.74211e-05 [max]	6.62732e-14 [min]

Step 38 completed, simulation time is 1.9
----

Step 39
      AMG solver residual = 0.00573616 after 1 iterations
      AMG solver residual = 0.000526252 after 2 iterations
      AMG solver residual = 0.00548748 after 1 iterations
      AMG solver residual = 0.00620658 after 1 iterations
      AMG solver residual = 0.00690941 after 1 iterations
  --
  Subiteration:1 of 1
      AMG solver residual = 0.00793964 after 1 iterations
      AMG solver residual = 0.00513846 after 1 iterations
      AMG solver residual = 0.000374529 after 2 iterations
      AMG solver residual = 0.00491694 after 1 iterations
      AMG solver residual = 0.000384908 after 2 iterations
      AMG solver residual = 0.00470513 after 1 iterations
      AMG solver residual = 0.0052172 after 1 iterations
      AMG solver residual = 0.00564988 after 1 iterations
      AMG solver residual = 0.00502273 after 1 iterations
      AMG solver residual = 0.000376112 after 2 iterations
      AMG solver residual = 0.00482711 after 1 iterations
      AMG solver residual = 0.000396184 after 2 iterations
      AMG solver residual = 0.0046364 after 1 iterations
      AMG solver residual = 0.00515164 after 1 iterations
      AMG solver residual = 0.00562202 after 1 iterations
      AMG solver residual = 0.00517457 after 1 iterations
      AMG solver residual = 0.000383957 after 2 iterations
      AMG solver residual = 0.00483684 after 1 iterations
      AMG solver residual = 0.000377645 after 2 iterations
      AMG solver residual = 0.00452638 after 1 iterations
      AMG solver residual = 0.00486664 after 1 iterations
      AMG solver residual = 0.00511821 after 1 iterations
  ----
  dt: 0.05
    Vlasov    : 0.454597 (time scale), 0.109988 (CFL)
  ----
  Distribution Function Extrema:
    Species 0:	1.74583e-05 [max]	6.60527e-14 [min]

Step 39 completed, simulation time is 1.95
----

Step 40
      AMG solver residual = 0.00517084 after 1 iterations
      AMG solver residual = 0.000392991 after 2 iterations
      AMG solver residual = 0.00483425 after 1 iterations
      AMG solver residual = 0.00518415 after 1 iterations
      AMG solver residual = 0.005433 after 1 iterations
  --
  Subiteration:1 of 1
      AMG solver residual = 0.00586154 after 1 iterations
      AMG solver residual = 0.00490008 after 1 iterations
      AMG solver residual = 0.000231384 after 2 iterations
      AMG solver residual = 0.00458069 after 1 iterations
      AMG solver residual = 0.000226222 after 2 iterations
      AMG solver residual = 0.00427417 after 1 iterations
      AMG solver residual = 0.00440643 after 1 iterations
      AMG solver residual = 0.00439795 after 1 iterations
      AMG solver residual = 0.00479559 after 1 iterations
      AMG solver residual = 0.00020024 after 2 iterations
      AMG solver residual = 0.00446114 after 1 iterations
      AMG solver residual = 0.000211788 after 2 iterations
      AMG solver residual = 0.00409398 after 1 iterations
      AMG solver residual = 0.0041034 after 1 iterations
      AMG solver residual = 0.00390424 after 1 iterations
      AMG solver residual = 0.00516108 after 1 iterations
      AMG solver residual = 0.000528768 after 2 iterations
      AMG solver residual = 0.00486186 after 1 iterations
      AMG solver residual = 0.000560249 after 2 iterations
      AMG solver residual = 0.0045592 after 1 iterations
      AMG solver residual = 0.00496623 after 1 iterations
      AMG solver residual = 0.00524481 after 1 iterations
  ----
  dt: 0.05
    Vlasov    : 0.246533 (time scale), 0.202812 (CFL)
  ----
  Distribution Function Extrema:
    Species 0:	1.75434e-05 [max]	6.55268e-14 [min]

Step 40 completed, simulation time is 2
----
Writing checkpoint file
Writing history file

Step 41
      AMG solver residual = 0.0051816 after 1 iterations
      AMG solver residual = 0.000550428 after 2 iterations
      AMG solver residual = 0.00489808 after 1 iterations
      AMG solver residual = 0.00536695 after 1 iterations
      AMG solver residual = 0.00575079 after 1 iterations
  --
  Subiteration:1 of 1
      AMG solver residual = 0.00638528 after 1 iterations
      AMG solver residual = 0.00505389 after 1 iterations
      AMG solver residual = 0.000438043 after 2 iterations
      AMG solver residual = 0.00476118 after 1 iterations
      AMG solver residual = 0.000483261 after 2 iterations
      AMG solver residual = 0.00444616 after 1 iterations
      AMG solver residual = 0.00476408 after 1 iterations
      AMG solver residual = 0.00492388 after 1 iterations
      AMG solver residual = 0.00478464 after 1 iterations
      AMG solver residual = 0.000351701 after 2 iterations
      AMG solver residual = 0.00425073 after 1 iterations
      AMG solver residual = 0.000401563 after 2 iterations
      AMG solver residual = 0.00369261 after 1 iterations
      AMG solver residual = 0.00365626 after 1 iterations
      AMG solver residual = 0.00348789 after 1 iterations
      AMG solver residual = 0.00503702 after 1 iterations
      AMG solver residual = 0.000239503 after 2 iterations
      AMG solver residual = 0.00465266 after 1 iterations
      AMG solver residual = 0.000250337 after 2 iterations
      AMG solver residual = 0.00423216 after 1 iterations
      AMG solver residual = 0.000267327 after 2 iterations
      AMG solver residual = 0.00375994 after 1 iterations
      AMG solver residual = 0.00369199 after 1 iterations
  ----
  dt: 0.05
    Vlasov    : 0.139677 (time scale), 0.357968 (CFL)
  ----
  Distribution Function Extrema:
    Species 0:	1.7669e-05 [max]	6.43177e-14 [min]

Step 41 completed, simulation time is 2.05
----

Step 42
      AMG solver residual = 0.00514014 after 1 iterations
      AMG solver residual = 0.000213379 after 2 iterations
      AMG solver residual = 0.00479987 after 1 iterations
      AMG solver residual = 0.00495064 after 1 iterations
      AMG solver residual = 0.00492082 after 1 iterations
  --
  Subiteration:1 of 1
      AMG solver residual = 0.00484274 after 1 iterations
      AMG solver residual = 0.00488908 after 1 iterations
      AMG solver residual = 0.000225126 after 2 iterations
      AMG solver residual = 0.00440724 after 1 iterations
      AMG solver residual = 0.000224246 after 2 iterations
      AMG solver residual = 0.00387595 after 1 iterations
      AMG solver residual = 0.000229396 after 2 iterations
      AMG solver residual = 0.00330797 after 1 iterations
      AMG solver residual = 0.00307797 after 1 iterations
      AMG solver residual = 0.00390843 after 1 iterations
      AMG solver residual = 0.00022917 after 2 iterations
      AMG solver residual = 0.00308583 after 1 iterations
      AMG solver residual = 0.000248921 after 2 iterations
      AMG solver residual = 0.00243636 after 1 iterations
      AMG solver residual = 0.00220518 after 1 iterations
      AMG solver residual = 0.00194522 after 1 iterations
      AMG solver residual = 0.00481693 after 1 iterations
      AMG solver residual = 0.000223392 after 2 iterations
      AMG solver residual = 0.00422947 after 1 iterations
      AMG solver residual = 0.000236067 after 2 iterations
      AMG solver residual = 0.00358678 after 1 iterations
      AMG solver residual = 0.000248346 after 2 iterations
      AMG solver residual = 0.00292041 after 1 iterations
      AMG solver residual = 0.00258339 after 1 iterations
  ----
  dt: 0.05
    Vlasov    : 0.0852815 (time scale), 0.586293 (CFL)
  ----
  Distribution Function Extrema:
    Species 0:	1.78135e-05 [max]	6.22767e-14 [min]

Step 42 completed, simulation time is 2.1
----
slurmstepd: *** JOB 1114168 ON nid00024 CANCELLED AT 2016-02-10T12:19:33 DUE TO TIME LIMIT ***
srun: got SIGCONT
srun: got SIGCONT
srun: forcing job termination
slurmstepd: *** STEP 1114168.0 ON nid00024 CANCELLED AT 2016-02-10T12:19:33 DUE TO TIME LIMIT ***
