**** cellSp[0] = 0.0981748,  cellSp[1] = 0.0490874
**** dimensions = 64, 128
**** cellSp[0] = 0.0981748,  cellSp[1] = 0.0490874
**** dimensions = 64, 128
**** cellSp[0] = 0.0981748,  cellSp[1] = 0.0490874
**** dimensions = 64, 128
**** cellSp[0] = 0.0981748,  cellSp[1] = 0.0490874
**** dimensions = 64, 128
**** cellSp[0] = 0.0981748,  cellSp[1] = 0.0490874
**** dimensions = 64, 128
**** cellSp[0] = 0.0981748,  cellSp[1] = 0.0490874
**** dimensions = 64, 128
**** cellSp[0] = 0.0981748,  cellSp[1] = 0.0490874
**** dimensions = 64, 128
**** cellSp[0] = 0.0981748,  cellSp[1] = 0.0490874
**** dimensions = 64, 128
**** cellSp[0] = 0.0981748,  cellSp[1] = 0.0490874
**** dimensions = 64, 128
**** cellSp[0] = 0.0981748,  cellSp[1] = 0.0490874
**** dimensions = 64, 128
**** cellSp[0] = 0.0981748,  cellSp[1] = 0.0490874
**** dimensions = 64, 128
**** cellSp[0] = 0.0981748,  cellSp[1] = 0.0490874
**** dimensions = 64, 128
**** cellSp[0] = 0.0981748,  cellSp[1] = 0.0490874
**** dimensions = 64, 128
** GKUnits ***********************************************************

==== Fundamental Units ===============================================
  NUMBER DENSITY    [1/m^3]: 1e+20
  TEMPERATURE           [eV]: 2000
  LENGTH                [m]: 1
  MASS                 [AMU]: 1
  MAGNETIC FIELD        [T]: 1
  CHARGE                [C]: 1.60218e-19
  BOLTZMANN CONSTANT  [J/K]: 1.38065e-23
  ELECTRIC CONSTANT   [F/m]: 8.85419e-12
  MAGNETIC CONSTANT   [H/m]: 1.25664e-06

==== Derived Units ===================================================

  THERMAL SPEED       [m/s]: 437695
  TRANSIT TIME          [s]: 2.2847e-06
  MAGNETIC MOMENT     [J/T]: 1.60218e-16
  DIST. FUNCTION [s/(Am^6)]: 379.609
  POTENTIAL             [V]: 2000
  GYROFREQUENCY       [1/s]: 9.57883e+07
  GYRORADIUS            [m]: 0.00456939
  DEBYE LENGTH          [m]: 3.32456e-05

==== Dimensionless Parameters =========================================

  LARMOR NUMBER            : 0.00456939
  DEBYE NUMBER             : 3.32456e-05

***********************************************************************
**** cellSp[0] = 0.0981748,  cellSp[1] = 0.0490874
**** dimensions = 64, 128
**** cellSp[0] = 0.0981748,  cellSp[1] = 0.0490874
**** dimensions = 64, 128
**** cellSp[0] = 0.0981748,  cellSp[1] = 0.0490874
**** dimensions = 64, 128
**** cellSp[0] = 0.0981748,  cellSp[1] = 0.0490874
**** dimensions = 64, 128
**** cellSp[0] = 0.0981748,  cellSp[1] = 0.0490874
**** dimensions = 64, 128
Constructing slab geometry...
xmax = 0.02, ymax = 0.02
Bz_inner = 3, Bz_outer = 3
By_inner  = 0
**** cellSp[0] = 0.0981748,  cellSp[1] = 0.0490874
**** dimensions = 64, 128
Done constructing slab geometry
   Configuration space box ((0,0) (7,15) (0,0)) is assigned to process 0
   Configuration space box ((8,0) (15,15) (0,0)) is assigned to process 1
   Configuration space box ((16,0) (23,15) (0,0)) is assigned to process 2
   Configuration space box ((24,0) (31,15) (0,0)) is assigned to process 3
   Configuration space box ((32,0) (39,15) (0,0)) is assigned to process 4
   Configuration space box ((40,0) (47,15) (0,0)) is assigned to process 5
   Configuration space box ((48,0) (55,15) (0,0)) is assigned to process 6
   Configuration space box ((56,0) (63,15) (0,0)) is assigned to process 7
   Configuration space box ((0,16) (7,31) (0,0)) is assigned to process 8
   Configuration space box ((8,16) (15,31) (0,0)) is assigned to process 9
   Configuration space box ((16,16) (23,31) (0,0)) is assigned to process 10
   Configuration space box ((24,16) (31,31) (0,0)) is assigned to process 11
   Configuration space box ((32,16) (39,31) (0,0)) is assigned to process 12
   Configuration space box ((40,16) (47,31) (0,**** cellSp[0] = 0.0981748,  cellSp[1] = 0.0490874
**** dimensions = 64, 128
**** cellSp[0] = 0.0981748,  cellSp[1] = 0.0490874
**** dimensions = 64, 128
**** cellSp[0] = 0.0981748,  cellSp[1] = 0.0490874
**** dimensions = 64, 128
**** cellSp[0] = 0.0981748,  cellSp[1] = 0.0490874
**** dimensions = 64, 128
**** cellSp[0] = 0.0981748,  cellSp[1] = 0.0490874
**** dimensions = 64, 128
**** cellSp[0] = 0.0981748,  cellSp[1] = 0.0490874
**** dimensions = 64, 128
**** cellSp[0] = 0.0981748,  cellSp[1] = 0.0490874
**** dimensions = 64, 128
**** cellSp[0] = 0.0981748,  cellSp[1] = 0.0490874
**** dimensions = 64, 128
**** cellSp[0] = 0.0981748,  cellSp[1] = 0.0490874
**** dimensions = 64, 128
**** cellSp[0] = 0.0981748,  cellSp[1] = 0.0490874
**** dimensions = 64, 128
**** cellSp[0] = 0.0981748,  cellSp[1] = 0.0490874
**** dimensions = 64, 128
**** cellSp[0] = 0.0981748,  cellSp[1] = 0.0490874
**** dimensions = 64, 128
**** cellSp[0] = 0.0981748,  cellSp[1] = 0.0490874
**** dimensions = 64, 128
**** cellSp[0] = 0.0981748,  cellSp[1] = 0.0490874
**** dimensions = 64, 128
**** cellSp[0] = 0.0981748,  cellSp[1] = 0.0490874
**** dimensions = 64, 128
**** cellSp[0] = 0.0981748,  cellSp[1] = 0.0490874
**** dimensions = 64, 128
**** cellSp[0] = 0.0981748,  cellSp[1] = 0.0490874
**** dimensions = 64, 128
**** cellSp[0] = 0.0981748,  cellSp[1] = 0.0490874
**** dimensions = 64, 128
**** cellSp[0] = 0.0981748,  cellSp[1] = 0.0490874
**** dimensions = 64, 128
**** cellSp[0] = 0.0981748,  cellSp[1] = 0.0490874
**** dimensions = 64, 128
**** cellSp[0] = 0.0981748,  cellSp[1] = 0.0490874
**** dimensions = 64, 128
**** cellSp[0] = 0.0981748,  cellSp[1] = 0.0490874
**** dimensions = 64, 128
**** cellSp[0] = 0.0981748,  cellSp[1] = 0.0490874
**** dimensions = 64, 128
**** cellSp[0] = 0.0981748,  cellSp[1] = 0.0490874
**** dimensions = 64, 128
**** cellSp[0] = 0.0981748,  cellSp[1] = 0.0490874
**** dimensions = 64, 128
**** cellSp[0] = 0.0981748,  cellSp[1] = 0.0490874
**** dimensions = 64, 128
**** cellSp[0] = 0.0981748,  cellSp[1] = 0.0490874
**** dimensions = 64, 128
**** cellSp[0] = 0.0981748,  cellSp[1] = 0.0490874
**** dimensions = 64, 128
**** cellSp[0] = 0.0981748,  cellSp[1] = 0.0490874
**** dimensions = 64, 128
**** cellSp[0] = 0.0981748,  cellSp[1] = 0.0490874
**** dimensions = 64, 128
**** cellSp[0] = 0.0981748,  cellSp[1] = 0.0490874
**** dimensions = 64, 128
**** cellSp[0] = 0.0981748,  cellSp[1] = 0.0490874
**** dimensions = 64, 128
**** cellSp[0] = 0.0981748,  cellSp[1] = 0.0490874
**** dimensions = 64, 128
**** cellSp[0] = 0.0981748,  cellSp[1] = 0.0490874
**** dimensions = 64, 128
**** cellSp[0] = 0.0981748,  cellSp[1] = 0.0490874
**** dimensions = 64, 128
**** cellSp[0] = 0.0981748,  cellSp[1] = 0.0490874
**** dimensions = 64, 128
**** cellSp[0] = 0.0981748,  cellSp[1] = 0.0490874
**** dimensions = 64, 128
**** cellSp[0] = 0.0981748,  cellSp[1] = 0.0490874
**** dimensions = 64, 128
**** cellSp[0] = 0.0981748,  cellSp[1] = 0.0490874
**** dimensions = 64, 128
**** cellSp[0] = 0.0981748,  cellSp[1] = 0.0490874
**** dimensions = 64, 128
**** cellSp[0] = 0.0981748,  cellSp[1] = 0.0490874
**** dimensions = 64, 128
**** cellSp[0] = 0.0981748,  cellSp[1] = 0.0490874
**** dimensions = 64, 128
**** cellSp[0] = 0.0981748,  cellSp[1] = 0.0490874
**** dimensions = 64, 128
**** cellSp[0] = 0.0981748,  cellSp[1] = 0.0490874
**** dimensions = 64, 128
**** cellSp[0] = 0.0981748,  cellSp[1] = 0.0490874
**** dimensions = 64, 128
**** cellSp[0] = 0.0981748,  cellSp[1] = 0.0490874
**** dimensions = 64, 128
**** cellSp[0] = 0.0981748,  cellSp[1] = 0.0490874
**** dimensions = 64, 128
**** cellSp[0] = 0.0981748,  cellSp[1] = 0.0490874
**** dimensions = 64, 128
**** cellSp[0] = 0.0981748,  cellSp[1] = 0.0490874
**** dimensions = 64, 128
**** cellSp[0] = 0.0981748,  cellSp[1] = 0.0490874
**** dimensions = 64, 128
**** cellSp[0] = 0.0981748,  cellSp[1] = 0.0490874
**** dimensions = 64, 128
**** cellSp[0] = 0.0981748,  cellSp[1] = 0.0490874
**** dimensions = 64, 128
**** cellSp[0] = 0.0981748,  cellSp[1] = 0.0490874
**** dimensions = 64, 128
**** cellSp[0] = 0.0981748,  cellSp[1] = 0.0490874
**** dimensions = 64, 128
**** cellSp[0] = 0.0981748,  cellSp[1] = 0.0490874
**** dimensions = 64, 128
**** cellSp[0] = 0.0981748,  cellSp[1] = 0.0490874
**** dimensions = 64, 128
**** cellSp[0] = 0.0981748,  cellSp[1] = 0.0490874
**** dimensions = 64, 128
**** cellSp[0] = 0.0981748,  cellSp[1] = 0.0490874
**** dimensions = 64, 128
**** cellSp[0] = 0.0981748,  cellSp[1] = 0.0490874
**** dimensions = 64, 128
**** cellSp[0] = 0.0981748,  cellSp[1] = 0.0490874
**** dimensions = 64, 128
**** cellSp[0] = 0.0981748,  cellSp[1] = 0.0490874
**** dimensions = 64, 128
**** cellSp[0] = 0.0981748,  cellSp[1] = 0.0490874
**** dimensions = 64, 128
**** cellSp[0] = 0.0981748,  cellSp[1] = 0.0490874
**** dimensions = 64, 128
**** cellSp[0] = 0.0981748,  cellSp[1] = 0.0490874
**** dimensions = 64, 128
   Phase space box ((48,32,0,0) (55,47,31,31) (0,0,0,0)) is assigned to process 45, has 131072 valid cells and 483328 ghost cells
   Phase space box ((0,96,0,0) (7,111,31,31) (0,0,0,0)) is assigned to process 97, has 131072 valid cells and 483328 ghost cells
   Phase space box ((16,48,-32,0) (23,63,-1,31) (0,0,0,0)) is assigned to process 52, has 131072 valid cells and 483328 ghost cells
   Phase space box ((24,48,0,0) (31,63,31,31) (0,0,0,0)) is assigned to process 55, has 131072 valid cells and 483328 ghost cells
   Phase space box ((16,96,-32,0) (23,111,-1,31) (0,0,0,0)) is assigned to process 100, has 131072 valid cells and 483328 ghost cells
   Phase space box ((32,48,-32,0) (39,63,-1,31) (0,0,0,0)) is assigned to process 56, has 131072 valid cells and 483328 ghost cells
   Phase space box ((32,96,-32,0) (39,111,-1,31) (0,0,0,0)) is assigned to process 104, has 131072 valid cells and 483328 ghost cells
   Phase space box ((48,48,0,0) (55,63,31,31) (0,0,0,0)) is assigned to process 61, has 131072 valid cells and 483328 ghost cells
   Phase space box ((16,112,0,0) (23,127,31,31) (0,0,0,0)) is assigned to process 117, has 131072 valid cells and 483328 ghost cells
   Phase space box ((56,48,0,0) (63,63,31,31) (0,0,0,0)) is assigned to process 63, has 131072 valid cells and 483328 ghost cells
   Phase space box ((24,112,-32,0) (31,127,-1,31) (0,0,0,0)) is assigned to process 118, has 131072 valid cells and 483328 ghost cells
   Phase space box ((0,32,-32,0) (7,47,-1,31) (0,0,0,0)) is assigned to process 32, has 131072 valid cells and 483328 ghost cells
   Phase space box ((24,112,0,0) (31,127,31,31) (0,0,0,0)) is assigned to process 119, has 131072 valid cells and 483328 ghost cells
   Phase space box ((0,32,0,0) (7,47,31,31) (0,0,0,0)) is assigned to process 33, has 131072 valid cells and 483328 ghost cells
   Phase space box ((8,32,-32,0) (15,47,-1,31) (0,0,0,0)) is assigned to process 34, has 131072 valid cells and 483328 ghost cells
   Phase space box ((32,112,-32,0) (39,127,-1,31) (0,0,0,0)) is assigned to process 120, has 131072 valid cells and 483328 ghost cells
   Phase space box ((40,112,0,0) (47,127,31,31) (0,0,0,0)) is assigned to process 123, has 131072 valid cells and 483328 ghost cells
   Phase space box ((8,32,0,0) (15,47,31,31) (0,0,0,0)) is assigned to process 35, has 131072 valid cells and 483328 ghost cells
   Phase space box ((0,96,-32,0) (7,111,-1,31) (0,0,0,0)) is assigned to process 96, has 131072 valid cells and 483328 ghost cells
   Phase space box ((16,32,-32,0) (23,47,-1,31) (0,0,0,0)) is assigned to process 36, has 131072 valid cells and 483328 ghost cells
   Phase space box ((16,32,0,0) (23,47,31,31) (0,0,0,0)) is assigned to process 37, has 131072 valid cells and 483328 ghost cells
   Phase space box ((8,96,-32,0) (15,111,-1,31) (0,0,0,0)) is assigned to process 98, has 131072 valid cells and 483328 ghost cells
   Phase space box ((24,32,-32,0) (31,47,-1,31) (0,0,0,0)) is assigned to process 38, has 131072 valid cells and 483328 ghost cells
   Phase space box ((8,96,0,0) (15,111,31,31) (0,0,0,0)) is assigned to process 99, has 131072 valid cells and 483328 ghost cells
   Phase space box ((16,96,0,0) (23,111,31,31) (0,0,0,0)) is assigned to process 101, has 131072 valid cells and 483328 ghost cells
   Phase space box ((24,32,0,0) (31,47,31,31) (0,0,0,0)) is assigned to process 39, has 131072 valid cells and 483328 ghost cells
   Phase space box ((24,96,-32,0) (31,111,-1,31) (0,0,0,0)) is assigned to process 102, has 131072 valid cells and 483328 ghost cells
   Phase space box ((32,32,-32,0) (39,47,-1,31) (0,0,0,0)) is assigned to process 40, has 131072 valid cells and 483328 ghost cells
   Phase space box ((32,32,0,0) (39,47,31,31) (0,0,0,0)) is assigned to process 41, has 131072 valid cells and 483328 ghost cells
   Phase space box ((24,96,0,0) (31,111,31,31) (0,0,0,0)) is assigned to process 103, has 131072 valid cells and 483328 ghost cells
   Phase space box ((40,32,-32,0) (47,47,-1,31) (0,0,0,0)) is assigned to process 42, has 131072 valid cells and 483328 ghost cells
   Phase space box ((32,96,0,0) (39,111,31,31) (0,0,0,0)) is assigned to process 105, has 131072 valid cells and 483328 ghost cells
   Phase space box ((40,32,0,0) (47,47,31,31) (0,0,0,0)) is assigned to process 43, has 131072 valid cells and 483328 ghost cells
   Phase space box ((40,96,-32,0) (47,111,-1,31) (0,0,0,0)) is assigned to process 106, has 131072 valid cells and 483328 ghost cells
   Phase space box ((48,32,-32,0) (55,47,-1,31) (0,0,0,0)) is assigned to process 44, has 131072 valid cells and 483328 ghost cells
   Phase space box ((40,96,0,0) (47,111,31,31) (0,0,0,0)) is assigned to process 107, has 131072 valid cells and 483328 ghost cells
   Phase space box ((48,96,-32,0) (55,111,-1,31) (0,0,0,0)) is assigned to process 108, has 131072 valid cells and 483328 ghost cells
   Phase space box ((56,32,-32,0) (63,47,-1,31) (0,0,0,0)) is assigned to process 46, has 131072 valid cells and 483328 ghost cells
   Phase space box ((0,48,-32,0) (7,63,-1,31) (0,0,0,0)) is assigned to process 48, has 131072 valid cells and 483328 ghost cells
   Phase space box ((48,96,0,0) (55,111,31,31) (0,0,0,0)) is assigned to process 109, has 131072 valid cells and 483328 ghost cells
   Phase space box ((0,48,0,0) (7,63,31,31) (0,0,0,0)) is assigned to process 49, has 131072 valid cells and 483328 ghost cells
   Phase space box ((56,96,-32,0) (63,111,-1,31) (0,0,0,0)) is assigned to process 110, has 131072 valid cells and 483328 ghost cells
   Phase space box ((8,48,-32,0) (15,63,-1,31) (0,0,0,0)) is assigned to process 50, has 131072 valid cells and 483328 ghost cells
   Phase space box ((56,96,0,0) (63,111,31,31) (0,0,0,0)) is assigned to process 111, has 131072 valid cells and 483328 ghost cells
   Phase space box ((8,48,0,0) (15,63,31,31) (0,0,0,0)) is assigned to process 51, has 131072 valid cells and 483328 ghost cells
   Phase space box ((0,112,-32,0) (7,127,-1,31) (0,0,0,0)) is assigned to process 112, has 131072 valid cells and 483328 ghost cells
   Phase space box ((16,48,0,0) (23,63,31,31) (0,0,0,0)) is assigned to process 53, has 131072 valid cells and 483328 ghost cells
   Phase space box ((0,112,0,0) (7,127,31,31) (0,0,0,0)) is assigned to process 113, has 131072 valid cells and 483328 ghost cells
   Phase space box ((24,48,-32,0) (31,63,-1,31) (0,0,0,0)) is assigned to process 54, has 131072 valid cells and 483328 ghost cells
   Phase space box ((8,112,-32,0) (15,127,-1,31) (0,0,0,0)) is assigned to process 114, has 131072 valid cells and 483328 ghost cells
   Phase space box ((32,48,0,0) (39,63,31,31) (0,0,0,0)) is assigned to process 57, has 131072 valid cells and 483328 ghost cells
   Phase space box ((8,112,0,0) (15,127,31,31) (0,0,0,0)) is assigned to process 115, has 131072 valid cells and 483328 ghost cells
   Phase space box ((40,48,-32,0) (47,63,-1,31) (0,0,0,0)) is assigned to process 58, has 131072 valid cells and 483328 ghost cells
   Phase space box ((16,112,-32,0) (23,127,-1,31) (0,0,0,0)) is assigned to process 116, has 131072 valid cells and 483328 ghost cells
   Phase space box ((40,48,0,0) (47,63,31,31) (0,0,0,0)) is assigned to process 59, has 131072 valid cells and 483328 ghost cells
   Phase space box ((32,112,0,0) (39,127,31,31) (0,0,0,0)) is assigned to process 121, has 131072 valid cells and 483328 ghost cells
   Phase space box ((48,48,-32,0) (55,63,-1,31) (0,0,0,0)) is assigned to process 60, has 131072 valid cells and 483328 ghost cells
   Phase space box ((40,112,-32,0) (47,127,-1,31) (0,0,0,0)) is assigned to process 122, has 131072 valid cells and 483328 ghost cells
   Phase space box ((56,48,-32,0) (63,63,-1,31) (0,0,0,0)) is assigned to process 62, has 131072 valid cells and 483328 ghost cells
   Phase space box ((48,112,-32,0) (55,127,-1,31) (0,0,0,0)) is assigned to process 124, has 131072 valid cells and 483328 ghost cells
   Phase space box ((56,32,0,0) (63,47,31,31) (0,0,0,0)) is assigned to process 47, has 131072 valid cells and 483328 ghost cells
   Phase space box ((48,112,0,0) (55,127,31,31) (0,0,0,0)) is assigned to process 125, has 131072 valid cells and 483328 ghost cells
   Phase space box ((56,112,-32,0) (63,127,-1,31) (0,0,0,0)) is assigned to process 126, has 131072 valid cells and 483328 ghost cells
   Phase space box ((56,112,0,0) (63,127,31,31) (0,0,0,0)) is assigned to process 127, has 131072 valid cells and 483328 ghost cells
0)) is assigned to process 13
   Configuration space box ((48,16) (55,31) (0,0)) is assigned to process 14
   Configuration space box ((56,16) (63,31) (0,0)) is assigned to process 15
   Configuration space box ((0,32) (7,47) (0,0)) is assigned to process 16
   Configuration space box ((8,32) (15,47) (0,0)) is assigned to process 17
   Configuration space box ((16,32) (23,47) (0,0)) is assigned to process 18
   Configuration space box ((24,32) (31,47) (0,0)) is assigned to process 19
   Configuration space box ((32,32) (39,47) (0,0)) is assigned to process 20
   Configuration space box ((40,32) (47,47) (0,0)) is assigned to process 21
**** cellSp[0] = 0.0981748,  cellSp[1] = 0.0490874
**** dimensions = 64, 128
   Configuration space box ((48,32) (55,47) (0,0)) is assigned to process 22
   Configuration space box ((56,32) (63,47) (0,0)) is assigned to process 23
   Configuration space box ((0,48) (7,63) (0,0)) is assigned to process 24
   Configuration space box ((8,48) (15,63) (0,0)) is assigned to process 25
   Configuration space box ((16,48) (23,63) (0,0)) is assigned to process 26
   Configuration space box ((24,48) (31,63) (0,0)) is assigned to process 27
   Configuration space box ((32,48) (39,63) (0,0)) is assigned to process 28
   Configuration space box ((40,48) (47,63) (0,0)) is assigned to process 29
   Configuration space box ((48,48) (55,63) (0,0)) is assigned to process 30
   Configuration space box ((56,48) (63,63) (0,0)) is assigned to process 31
   Configuration space box ((0,64) (7,79) (0,0)) is assigned to process 32
   Configuration space box ((8,64) (15,79) (0,0)) is assigned to process 33
   Configuration space box ((16,64) (23,79) (0,0)) is assigned to process 34
   Configuration space box ((**** cellSp[0] = 0.0981748,  cellSp[1] = 0.0490874
**** dimensions = 64, 128
24,64) (31,79) (0,0)) is assigned to process 35
   Configuration space box ((32,64) (39,79) (0,0)) is assigned to process 36
   Configuration space box ((40,64) (47,79) (0,0)) is assigned to process 37
   Configuration space box ((48,64) (55,79) (0,0)) is assigned to process 38
   Configuration space box ((56,64) (63,79) (0,0)) is assigned to process 39
   Configuration space box ((0,80) (7,95) (0,0)) is assigned to process 40
   Configuration space box ((8,80) (15,95) (0,0)) is assigned to process 41
   Configuration space box ((16,80) (23,95) (0,0)) is assigned to process 42
   Configuration space box ((24,80) (31,95) (0,0)) is assigned to process 43
   Configuration space box ((32,80) (39,95) (0,0)) is assigned to process 44
   Configuration space box ((40,80) (47,95) (0,0)) is assigned to process 45
   Configuration space box ((48,80) (55,95) (0,0)) is assigned to process 46
   Configuration space box ((56,80) (63,95) (0,0)) is assigned to process 47
   Configuration space box ((0,96) (7,111) (0,0)) is as**** cellSp[0] = 0.0981748,  cellSp[1] = 0.0490874
**** dimensions = 64, 128
signed to process 48
   Configuration space box ((8,96) (15,111) (0,0)) is assigned to process 49
   Configuration space box ((16,96) (23,111) (0,0)) is assigned to process 50
   Configuration space box ((24,96) (31,111) (0,0)) is assigned to process 51
   Configuration space box ((32,96) (39,111) (0,0)) is assigned to process 52
   Configuration space box ((40,96) (47,111) (0,0)) is assigned to process 53
   Configuration space box ((48,96) (55,111) (0,0)) is assigned to process 54
   Configuration space box ((56,96) (63,111) (0,0)) is assigned to process 55
   Configuration space box ((0,112) (7,127) (0,0)) is assigned to process 56
   Configuration space box ((8,112) (15,127) (0,0)) is assigned to process 57
**** cellSp[0] = 0.0981748,  cellSp[1] = 0.0490874
**** dimensions = 64, 128
**** cellSp[0] = 0.0981748,  cellSp[1] = 0.0490874
**** dimensions = 64, 128
**** cellSp[0] = 0.0981748,  cellSp[1] = 0.0490874
**** dimensions = 64, 128
   Configuration space box ((16,112) (23,127) (0,0)) is assigned to process 58
   Configuration space box ((24,112) (31,127) (0,0)) is assigned to process 59
   Configuration space box ((32,112) (39,127) (0,0)) is assigned to process 60
   Configuration space box ((40,112) (47,127) (0,0)) is assigned to process 61
   Configuration space box ((48,112) (55,127) (0,0)) is assigned to process 62
   Configuration space box ((56,112) (63,127) (0,0)) is assigned to process 63
Constructing magnetic geometry
**** cellSp[0] = 0.0981748,  cellSp[1] = 0.0490874
**** dimensions = 64, 128
**** cellSp[0] = 0.0981748,  cellSp[1] = 0.0490874
**** dimensions = 64, 128
**** cellSp[0] = 0.0981748,  cellSp[1] = 0.0490874
**** dimensions = 64, 128
Done constructing magnetic geometry
   Velocity space box ((-32,0) (-25,7) (0,0)) is assigned to process 0
   Velocity space box ((-24,0) (-17,7) (0,0)) is assigned to process 1
**** cellSp[0] = 0.0981748,  cellSp[1] = 0.0490874
**** dimensions = 64, 128
   Velocity space box ((-16,0) (-9,7) (0,0)) is assigned to process 2
   Velocity space box ((-8,0) (-1,7) (0,0)) is assigned to process 3
   Velocity space box ((0,0) (7,7) (0,0)) is assigned to process 4
   Velocity space box ((8,0) (15,7) (0,0)) is assigned to process 5
   Velocity space box ((16,0) (23,7) (0,0)) is assigned to process 6
   Velocity space box ((24,0) (31,7) (0,0)) is assigned to process 7
   Velocity space box ((-32,8) (-25,15) (0,0)) is assigned to process 8
   Velocity space box ((-24,8) (-17,15) (0,0)) is assigned to process 9
   Velocity space box ((-16,8) (-9,15) (0,0)) is assigned to process 10
   Velocity space box ((-8,8) (-1,15) (0,0)) is assigned to process 11
   Velocity space box ((0,8) (7,15) (0,0)) is assigned to process 12
   Velocity space box ((8,8) (15,15) (0,0)) is assigned to process 13
   Velocity space box ((16,8) (23,15) (0,0)) is assigned to process 14
   Velocity space box ((24,8) (31,15) (0,0)) is assigned to process 15
   Velocity space box ((-32,16) (-25,23) (0,**** cellSp[0] = 0.0981748,  cellSp[1] = 0.0490874
**** dimensions = 64, 128
0)) is assigned to process 16
   Velocity space box ((-24,16) (-17,23) (0,0)) is assigned to process 17
   Velocity space box ((-16,16) (-9,23) (0,0)) is assigned to process 18
   Velocity space box ((-8,16) (-1,23) (0,0)) is assigned to process 19
   Velocity space box ((0,16) (7,23) (0,0)) is assigned to process 20
   Velocity space box ((8,16) (15,23) (0,0)) is assigned to process 21
   Velocity space box ((16,16) (23,23) (0,0)) is assigned to process 22
   Velocity space box ((24,16) (31,23) (0,0)) is assigned to process 23
   Velocity space box ((-32,24) (-25,31) (0,0)) is assigned to process 24
   Velocity space box ((-24,24) (-17,31) (0,0)) is assigned to process 25
**** cellSp[0] = 0.0981748,  cellSp[1] = 0.0490874
**** dimensions = 64, 128
   Velocity space box ((-16,24) (-9,31) (0,0)) is assigned to process 26
   Velocity space box ((-8,24) (-1,31) (0,0)) is assigned to process 27
   Velocity space box ((0,24) (7,31) (0,0)) is assigned to process 28
   Velocity space box ((8,24) (15,31) (0,0)) is assigned to process 29
   Velocity space box ((16,24) (23,31) (0,0)) is assigned to process 30
   Velocity space box ((24,24) (31,31) (0,0)) is assigned to process 31
**** cellSp[0] = 0.0981748,  cellSp[1] = 0.0490874
**** dimensions = 64, 128
**** cellSp[0] = 0.0981748,  cellSp[1] = 0.0490874
**** dimensions = 64, 128
**** cellSp[0] = 0.0981748,  cellSp[1] = 0.0490874
**** dimensions = 64, 128
**** cellSp[0] = 0.0981748,  cellSp[1] = 0.0490874
**** dimensions = 64, 128
**** cellSp[0] = 0.0981748,  cellSp[1] = 0.0490874
**** dimensions = 64, 128
**** cellSp[0] = 0.0981748,  cellSp[1] = 0.0490874
**** dimensions = 64, 128
**** cellSp[0] = 0.0981748,  cellSp[1] = 0.0490874
**** dimensions = 64, 128
**** cellSp[0] = 0.0981748,  cellSp[1] = 0.0490874
**** dimensions = 64, 128
**** cellSp[0] = 0.0981748,  cellSp[1] = 0.0490874
**** dimensions = 64, 128
**** cellSp[0] = 0.0981748,  cellSp[1] = 0.0490874
**** dimensions = 64, 128
**** cellSp[0] = 0.0981748,  cellSp[1] = 0.0490874
**** dimensions = 64, 128
**** cellSp[0] = 0.0981748,  cellSp[1] = 0.0490874
**** dimensions = 64, 128
**** cellSp[0] = 0.0981748,  cellSp[1] = 0.0490874
**** dimensions = 64, 128
**** cellSp[0] = 0.0981748,  cellSp[1] = 0.0490874
**** dimensions = 64, 128
**** cellSp[0] = 0.0981748,  cellSp[1] = 0.0490874
**** dimensions = 64, 128
**** cellSp[0] = 0.0981748,  cellSp[1] = 0.0490874
**** dimensions = 64, 128
**** cellSp[0] = 0.0981748,  cellSp[1] = 0.0490874
**** dimensions = 64, 128
**** cellSp[0] = 0.0981748,  cellSp[1] = 0.0490874
**** dimensions = 64, 128
**** cellSp[0] = 0.0981748,  cellSp[1] = 0.0490874
**** dimensions = 64, 128
**** cellSp[0] = 0.0981748,  cellSp[1] = 0.0490874
**** dimensions = 64, 128
**** cellSp[0] = 0.0981748,  cellSp[1] = 0.0490874
**** dimensions = 64, 128
**** cellSp[0] = 0.0981748,  cellSp[1] = 0.0490874
**** dimensions = 64, 128
**** cellSp[0] = 0.0981748,  cellSp[1] = 0.0490874
**** dimensions = 64, 128
**** cellSp[0] = 0.0981748,  cellSp[1] = 0.0490874
**** dimensions = 64, 128
**** cellSp[0] = 0.0981748,  cellSp[1] = 0.0490874
**** dimensions = 64, 128
   Phase space box ((24,16,-32,0) (31,31,-1,31) (0,0,0,0)) is assigned to process 22, has 131072 valid cells and 483328 ghost cells
**** cellSp[0] = 0.0981748,  cellSp[1] = 0.0490874
**** dimensions = 64, 128
   Phase space box ((0,0,0,0) (7,15,31,31) (0,0,0,0)) is assigned to process 1, has 131072 valid cells and 483328 ghost cells
**** cellSp[0] = 0.0981748,  cellSp[1] = 0.0490874
**** dimensions = 64, 128
   Phase space box ((8,0,-32,0) (15,15,-1,31) (0,0,0,0)) is assigned to process 2, has 131072 valid cells and 483328 ghost cells
**** cellSp[0] = 0.0981748,  cellSp[1] = 0.0490874
**** dimensions = 64, 128
   Phase space box ((16,0,0,0) (23,15,31,31) (0,0,0,0)) is assigned to process 5, has 131072 valid cells and 483328 ghost cells
**** cellSp[0] = 0.0981748,  cellSp[1] = 0.0490874
**** dimensions = 64, 128
   Phase space box ((24,0,-32,0) (31,15,-1,31) (0,0,0,0)) is assigned to process 6, has 131072 valid cells and 483328 ghost cells
**** cellSp[0] = 0.0981748,  cellSp[1] = 0.0490874
**** dimensions = 64, 128
   Phase space box ((24,0,0,0) (31,15,31,31) (0,0,0,0)) is assigned to process 7, has 131072 valid cells and 483328 ghost cells
**** cellSp[0] = 0.0981748,  cellSp[1] = 0.0490874
**** dimensions = 64, 128
   Phase space box ((32,0,0,0) (39,15,31,31) (0,0,0,0)) is assigned to process 9, has 131072 valid cells and 483328 ghost cells
**** cellSp[0] = 0.0981748,  cellSp[1] = 0.0490874
**** dimensions = 64, 128
   Phase space box ((40,0,0,0) (47,15,31,31) (0,0,0,0)) is assigned to process 11, has 131072 valid cells and 483328 ghost cells
**** cellSp[0] = 0.0981748,  cellSp[1] = 0.0490874
**** dimensions = 64, 128
   Phase space box ((48,0,0,0) (55,15,31,31) (0,0,0,0)) is assigned to process 13, has 131072 valid cells and 483328 ghost cells
   Phase space box ((48,64,-32,0) (55,79,-1,31) (0,0,0,0)) is assigned to process 76, has 131072 valid cells and 483328 ghost cells
   Phase space box ((56,0,0,0) (63,15,31,31) (0,0,0,0)) is assigned to process 15, has 131072 valid cells and 483328 ghost cells
   Phase space box ((0,80,-32,0) (7,95,-1,31) (0,0,0,0)) is assigned to process 80, has 131072 valid cells and 483328 ghost cells
   Phase space box ((0,16,-32,0) (7,31,-1,31) (0,0,0,0)) is assigned to process 16, has 131072 valid cells and 483328 ghost cells
   Phase space box ((0,80,0,0) (7,95,31,31) (0,0,0,0)) is assigned to process 81, has 131072 valid cells and 483328 ghost cells
   Phase space box ((0,16,0,0) (7,31,31,31) (0,0,0,0)) is assigned to process 17, has 131072 valid cells and 483328 ghost cells
   Phase space box ((40,80,-32,0) (47,95,-1,31) (0,0,0,0)) is assigned to process 90, has 131072 valid cells and 483328 ghost cells
   Phase space box ((8,16,-32,0) (15,31,-1,31) (0,0,0,0)) is assigned to process 18, has 131072 valid cells and 483328 ghost cells
   Phase space box ((56,80,-32,0) (63,95,-1,31) (0,0,0,0)) is assigned to process 94, has 131072 valid cells and 483328 ghost cells
   Phase space box ((16,16,0,0) (23,31,31,31) (0,0,0,0)) is assigned to process 21, has 131072 valid cells and 483328 ghost cells
   Phase space box ((0,64,-32,0) (7,79,-1,31) (0,0,0,0)) is assigned to process 64, has 131072 valid cells and 483328 ghost cells
   Phase space box ((32,16,-32,0) (39,31,-1,31) (0,0,0,0)) is assigned to process 24, has 131072 valid cells and 483328 ghost cells
   Phase space box ((0,64,0,0) (7,79,31,31) (0,0,0,0)) is assigned to process 65, has 131072 valid cells and 483328 ghost cells
   Phase space box ((32,16,0,0) (39,31,31,31) (0,0,0,0)) is assigned to process 25, has 131072 valid cells and 483328 ghost cells
   Phase space box ((8,64,-32,0) (15,79,-1,31) (0,0,0,0)) is assigned to process 66, has 131072 valid cells and 483328 ghost cells
   Phase space box ((40,16,-32,0) (47,31,-1,31) (0,0,0,0)) is assigned to process 26, has 131072 valid cells and 483328 ghost cells
   Phase space box ((8,64,0,0) (15,79,31,31) (0,0,0,0)) is assigned to process 67, has 131072 valid cells and 483328 ghost cells
   Phase space box ((56,16,0,0) (63,31,31,31) (0,0,0,0)) is assigned to process 31, has 131072 valid cells and 483328 ghost cells
   Phase space box ((16,64,-32,0) (23,79,-1,31) (0,0,0,0)) is assigned to process 68, has 131072 valid cells and 483328 ghost cells
   Phase space box ((0,0,-32,0) (7,15,-1,31) (0,0,0,0)) is assigned to process 0, has 131072 valid cells and 483328 ghost cells
   Phase space box ((16,64,0,0) (23,79,31,31) (0,0,0,0)) is assigned to process 69, has 131072 valid cells and 483328 ghost cells
   Phase space box ((8,0,0,0) (15,15,31,31) (0,0,0,0)) is assigned to process 3, has 131072 valid cells and 483328 ghost cells
   Phase space box ((24,64,-32,0) (31,79,-1,31) (0,0,0,0)) is assigned to process 70, has 131072 valid cells and 483328 ghost cells
   Phase space box ((16,0,-32,0) (23,15,-1,31) (0,0,0,0)) is assigned to process 4, has 131072 valid cells and 483328 ghost cells
   Phase space box ((24,64,0,0) (31,79,31,31) (0,0,0,0)) is assigned to process 71, has 131072 valid cells and 483328 ghost cells
   Phase space box ((32,0,-32,0) (39,15,-1,31) (0,0,0,0)) is assigned to process 8, has 131072 valid cells and 483328 ghost cells
   Phase space box ((32,64,-32,0) (39,79,-1,31) (0,0,0,0)) is assigned to process 72, has 131072 valid cells and 483328 ghost cells
   Phase space box ((40,0,-32,0) (47,15,-1,31) (0,0,0,0)) is assigned to process 10, has 131072 valid cells and 483328 ghost cells
   Phase space box ((32,64,0,0) (39,79,31,31) (0,0,0,0)) is assigned to process 73, has 131072 valid cells and 483328 ghost cells
   Phase space box ((48,0,-32,0) (55,15,-1,31) (0,0,0,0)) is assigned to process 12, has 131072 valid cells and 483328 ghost cells
   Phase space box ((40,64,-32,0) (47,79,-1,31) (0,0,0,0)) is assigned to process 74, has 131072 valid cells and 483328 ghost cells
   Phase space box ((56,0,-32,0) (63,15,-1,31) (0,0,0,0)) is assigned to process 14, has 131072 valid cells and 483328 ghost cells
   Phase space box ((40,64,0,0) (47,79,31,31) (0,0,0,0)) is assigned to process 75, has 131072 valid cells and 483328 ghost cells
   Phase space box ((8,16,0,0) (15,31,31,31) (0,0,0,0)) is assigned to process 19, has 131072 valid cells and 483328 ghost cells
   Phase space box ((48,64,0,0) (55,79,31,31) (0,0,0,0)) is assigned to process 77, has 131072 valid cells and 483328 ghost cells
   Phase space box ((16,16,-32,0) (23,31,-1,31) (0,0,0,0)) is assigned to process 20, has 131072 valid cells and 483328 ghost cells
   Phase space box ((56,64,-32,0) (63,79,-1,31) (0,0,0,0)) is assigned to process 78, has 131072 valid cells and 483328 ghost cells
   Phase space box ((24,16,0,0) (31,31,31,31) (0,0,0,0)) is assigned to process 23, has 131072 valid cells and 483328 ghost cells
   Phase space box ((56,64,0,0) (63,79,31,31) (0,0,0,0)) is assigned to process 79, has 131072 valid cells and 483328 ghost cells
   Phase space box ((40,16,0,0) (47,31,31,31) (0,0,0,0)) is assigned to process 27, has 131072 valid cells and 483328 ghost cells
   Phase space box ((8,80,-32,0) (15,95,-1,31) (0,0,0,0)) is assigned to process 82, has 131072 valid cells and 483328 ghost cells
   Phase space box ((48,16,-32,0) (55,31,-1,31) (0,0,0,0)) is assigned to process 28, has 131072 valid cells and 483328 ghost cells
   Phase space box ((8,80,0,0) (15,95,31,31) (0,0,0,0)) is assigned to process 83, has 131072 valid cells and 483328 ghost cells
   Phase space box ((48,16,0,0) (55,31,31,31) (0,0,0,0)) is assigned to process 29, has 131072 valid cells and 483328 ghost cells
   Phase space box ((16,80,-32,0) (23,95,-1,31) (0,0,0,0)) is assigned to process 84, has 131072 valid cells and 483328 ghost cells
   Phase space box ((56,16,-32,0) (63,31,-1,31) (0,0,0,0)) is assigned to process 30, has 131072 valid cells and 483328 ghost cells
   Phase space box ((16,80,0,0) (23,95,31,31) (0,0,0,0)) is assigned to process 85, has 131072 valid cells and 483328 ghost cells
   Phase space box ((24,80,-32,0) (31,95,-1,31) (0,0,0,0)) is assigned to process 86, has 131072 valid cells and 483328 ghost cells
   Phase space box ((24,80,0,0) (31,95,31,31) (0,0,0,0)) is assigned to process 87, has 131072 valid cells and 483328 ghost cells
   Phase space box ((32,80,-32,0) (39,95,-1,31) (0,0,0,0)) is assigned to process 88, has 131072 valid cells and 483328 ghost cells
   Phase space box ((32,80,0,0) (39,95,31,31) (0,0,0,0)) is assigned to process 89, has 131072 valid cells and 483328 ghost cells
   Phase space box ((40,80,0,0) (47,95,31,31) (0,0,0,0)) is assigned to process 91, has 131072 valid cells and 483328 ghost cells
   Phase space box ((48,80,-32,0) (55,95,-1,31) (0,0,0,0)) is assigned to process 92, has 131072 valid cells and 483328 ghost cells
   Phase space box ((48,80,0,0) (55,95,31,31) (0,0,0,0)) is assigned to process 93, has 131072 valid cells and 483328 ghost cells
   Phase space box ((56,80,0,0) (63,95,31,31) (0,0,0,0)) is assigned to process 95, has 131072 valid cells and 483328 ghost cells
Adding species and constructing gyrocenter coordinates...
   hydrogen: kinetic species with mass = 2, charge = 1
Done adding species and constructing coordinates

Grid Function Library =========================

"Ion_vpar_grid_func":
Constant grid function parameters:
  value: 0

"N0_0_grid_func":
Arbitrary grid function parameters:
  function: (  1.0-0.05*tanh((x-pi)/(2*pi*5.0*0.02)) )

"N0_grid_func":
Arbitrary grid function parameters:
  function: (  1.0-0.05*tanh((x-pi)/(2*pi*5.0*0.02)) )*(1+0.00001*cos(2*y)*exp(-(x-pi)^2/(2*pi*0.001/0.02 ) )  )

"T0_0_grid_func":
Cosine grid function parameters:
  constant: 1
  amplitude: 0
  mode: (1,0)
  phase: (0,0)

"T0_grid_func":
Cosine grid function parameters:
  constant: 1
  amplitude: 0
  mode: (1,0)
  phase: (0,0)

"zero_grid_func":
Constant grid function parameters:
  value: 0

===============================================

Kinetic Function Library =========================

"maxwellian_0_phase_func":
Maxwellian kinetic function parameters:
-- Density --
Arbitrary grid function parameters:
  function: (  1.0-0.05*tanh((x-pi)/(2*pi*5.0*0.02)) )

-- Temperature --
Cosine grid function parameters:
  constant: 1
  amplitude: 0
  mode: (1,0)
  phase: (0,0)

-- Vparallel --
Constant grid function parameters:
  value: 0


"maxwellian_phase_func":
Maxwellian kinetic function parameters:
-- Density --
Arbitrary grid function parameters:
  function: (  1.0-0.05*tanh((x-pi)/(2*pi*5.0*0.02)) )*(1+0.00001*cos(2*y)*exp(-(x-pi)^2/(2*pi*0.001/0.02 ) )  )

-- Temperature --
Cosine grid function parameters:
  constant: 1
  amplitude: 0
  mode: (1,0)
  phase: (0,0)

-- Vparallel --
Constant grid function parameters:
  value: 0


==================================================

SlabPotentialBC ================================
- variable: potential-------------
  radial_lower: 
     bc_type  = 1
     bc_value = 0
  radial_upper: 
     bc_type  = 1
     bc_value = 0
  poloidal_lower: 
     bc_type  = 1
     bc_value = 0
  poloidal_upper: 
     bc_type  = 1
     bc_value = 0
-----------------------------------------------
===============================================

SlabPhaseBC ================================
- variable: hydrogen-------------
  radial_lower: 
Maxwellian kinetic function parameters:
-- Density --
Arbitrary grid function parameters:
  function: (  1.0-0.05*tanh((x-pi)/(2*pi*5.0*0.02)) )*(1+0.00001*cos(2*y)*exp(-(x-pi)^2/(2*pi*0.001/0.02 ) )  )

-- Temperature --
Cosine grid function parameters:
  constant: 1
  amplitude: 0
  mode: (1,0)
  phase: (0,0)

-- Vparallel --
Constant grid function parameters:
  value: 0


  radial_upper: 
Maxwellian kinetic function parameters:
-- Density --
Arbitrary grid function parameters:
  function: (  1.0-0.05*tanh((x-pi)/(2*pi*5.0*0.02)) )*(1+0.00001*cos(2*y)*exp(-(x-pi)^2/(2*pi*0.001/0.02 ) )  )

-- Temperature --
Cosine grid function parameters:
  constant: 1
  amplitude: 0
  mode: (1,0)
  phase: (0,0)

-- Vparallel --
Constant grid function parameters:
  value: 0


  poloidal_lower: 
Maxwellian kinetic function parameters:
-- Density --
Arbitrary grid function parameters:
  function: (  1.0-0.05*tanh((x-pi)/(2*pi*5.0*0.02)) )*(1+0.00001*cos(2*y)*exp(-(x-pi)^2/(2*pi*0.001/0.02 ) )  )

-- Temperature --
Cosine grid function parameters:
  constant: 1
  amplitude: 0
  mode: (1,0)
  phase: (0,0)

-- Vparallel --
Constant grid function parameters:
  value: 0


  poloidal_upper: 
Maxwellian kinetic function parameters:
-- Density --
Arbitrary grid function parameters:
  function: (  1.0-0.05*tanh((x-pi)/(2*pi*5.0*0.02)) )*(1+0.00001*cos(2*y)*exp(-(x-pi)^2/(2*pi*0.001/0.02 ) )  )

-- Temperature --
Cosine grid function parameters:
  constant: 1
  amplitude: 0
  mode: (1,0)
  phase: (0,0)

-- Vparallel --
Constant grid function parameters:
  value: 0


  vpar_lower: 
Maxwellian kinetic function parameters:
-- Density --
Arbitrary grid function parameters:
  function: (  1.0-0.05*tanh((x-pi)/(2*pi*5.0*0.02)) )*(1+0.00001*cos(2*y)*exp(-(x-pi)^2/(2*pi*0.001/0.02 ) )  )

-- Temperature --
Cosine grid function parameters:
  constant: 1
  amplitude: 0
  mode: (1,0)
  phase: (0,0)

-- Vparallel --
Constant grid function parameters:
  value: 0


  vpar_upper: 
Maxwellian kinetic function parameters:
-- Density --
Arbitrary grid function parameters:
  function: (  1.0-0.05*tanh((x-pi)/(2*pi*5.0*0.02)) )*(1+0.00001*cos(2*y)*exp(-(x-pi)^2/(2*pi*0.001/0.02 ) )  )

-- Temperature --
Cosine grid function parameters:
  constant: 1
  amplitude: 0
  mode: (1,0)
  phase: (0,0)

-- Vparallel --
Constant grid function parameters:
  value: 0


  mu_lower: 
Maxwellian kinetic function parameters:
-- Density --
Arbitrary grid function parameters:
  function: (  1.0-0.05*tanh((x-pi)/(2*pi*5.0*0.02)) )*(1+0.00001*cos(2*y)*exp(-(x-pi)^2/(2*pi*0.001/0.02 ) )  )

-- Temperature --
Cosine grid function parameters:
  constant: 1
  amplitude: 0
  mode: (1,0)
  phase: (0,0)

-- Vparallel --
Constant grid function parameters:
  value: 0


  mu_upper: 
Maxwellian kinetic function parameters:
-- Density --
Arbitrary grid function parameters:
  function: (  1.0-0.05*tanh((x-pi)/(2*pi*5.0*0.02)) )*(1+0.00001*cos(2*y)*exp(-(x-pi)^2/(2*pi*0.001/0.02 ) )  )

-- Temperature --
Cosine grid function parameters:
  constant: 1
  amplitude: 0
  mode: (1,0)
  phase: (0,0)

-- Vparallel --
Constant grid function parameters:
  value: 0


-----------------------------------------------
===============================================
No collision model specified for hydrogen.
Collision model for 0	hydrogen:	None
Time integration method: rk (4)
      AMG solver residual = 0.00102726 after 3 iterations
      AMG solver residual = 0.00115869 after 3 iterations
      AMG solver residual = 0.00894881 after 1 iterations
  Distribution Function Extrema:
    Species 0:	1.71437e-05 [max]	3.68295e-10 [min]


Step 1
      AMG solver residual = 0.00908413 after 1 iterations
  --
  Subiteration:1 of 1
      AMG solver residual = 0.00905031 after 1 iterations
      AMG solver residual = 0.00996916 after 2 iterations
      AMG solver residual = 0.00754297 after 2 iterations
      AMG solver residual = 0.000913969 after 2 iterations
      AMG solver residual = 0.00101364 after 3 iterations
      AMG solver residual = 0.00109548 after 3 iterations
      AMG solver residual = 0.000959296 after 3 iterations
      AMG solver residual = 0.00113836 after 3 iterations
      AMG solver residual = 0.000900063 after 2 iterations
  ----
  dt: 0.05
    Vlasov    : 115.123 (time scale), 0.000434318 (CFL)
  ----
  Distribution Function Extrema:
    Species 0:	1.71437e-05 [max]	3.68295e-10 [min]

Step 1 completed, simulation time is 0.05
----

Step 2
      AMG solver residual = 0.00984229 after 2 iterations
      AMG solver residual = 0.00743707 after 2 iterations
  --
  Subiteration:1 of 1
      AMG solver residual = 0.000905592 after 2 iterations
      AMG solver residual = 0.000976221 after 3 iterations
      AMG solver residual = 0.00115665 after 3 iterations
      AMG solver residual = 0.000889063 after 2 iterations
      AMG solver residual = 0.000975433 after 3 iterations
      AMG solver residual = 0.0010655 after 3 iterations
      AMG solver residual = 0.000993255 after 3 iterations
      AMG solver residual = 0.00116972 after 3 iterations
      AMG solver residual = 0.000873115 after 2 iterations
  ----
  dt: 0.05
    Vlasov    : 113.52 (time scale), 0.00044045 (CFL)
  ----
  Distribution Function Extrema:
    Species 0:	1.71437e-05 [max]	3.68295e-10 [min]

Step 2 completed, simulation time is 0.1
----

Step 3
      AMG solver residual = 0.000964381 after 3 iterations
      AMG solver residual = 0.00107454 after 3 iterations
  --
  Subiteration:1 of 1
      AMG solver residual = 0.00936401 after 1 iterations
      AMG solver residual = 0.00100823 after 3 iterations
      AMG solver residual = 0.0011778 after 3 iterations
      AMG solver residual = 0.000858021 after 2 iterations
      AMG solver residual = 0.00997418 after 2 iterations
      AMG solver residual = 0.00777877 after 2 iterations
      AMG solver residual = 0.00964007 after 1 iterations
      AMG solver residual = 0.00102066 after 3 iterations
      AMG solver residual = 0.00117948 after 3 iterations
      AMG solver residual = 0.00992982 after 1 iterations
  ----
  dt: 0.05
    Vlasov    : 111.692 (time scale), 0.000447662 (CFL)
  ----
  Distribution Function Extrema:
    Species 0:	1.71437e-05 [max]	3.68295e-10 [min]

Step 3 completed, simulation time is 0.15
----

Step 4
      AMG solver residual = 0.00100375 after 3 iterations
      AMG solver residual = 0.00110705 after 3 iterations
  --
  Subiteration:1 of 1
      AMG solver residual = 0.00901009 after 1 iterations
      AMG solver residual = 0.0010297 after 3 iterations
      AMG solver residual = 0.00117777 after 3 iterations
      AMG solver residual = 0.00967583 after 1 iterations
      AMG solver residual = 0.00970334 after 2 iterations
      AMG solver residual = 0.00773692 after 2 iterations
      AMG solver residual = 0.00998174 after 1 iterations
      AMG solver residual = 0.00103424 after 3 iterations
      AMG solver residual = 0.00116982 after 3 iterations
      AMG solver residual = 0.00939035 after 1 iterations
  ----
  dt: 0.05
    Vlasov    : 109.81 (time scale), 0.000455332 (CFL)
  ----
  Distribution Function Extrema:
    Species 0:	1.71437e-05 [max]	3.68295e-10 [min]

Step 4 completed, simulation time is 0.2
----

Step 5
      AMG solver residual = 0.00103525 after 3 iterations
      AMG solver residual = 0.00111691 after 3 iterations
  --
  Subiteration:1 of 1
      AMG solver residual = 0.00854858 after 1 iterations
      AMG solver residual = 0.00103507 after 3 iterations
      AMG solver residual = 0.00115999 after 3 iterations
      AMG solver residual = 0.00916782 after 1 iterations
      AMG solver residual = 0.00960382 after 2 iterations
      AMG solver residual = 0.00764703 after 2 iterations
      AMG solver residual = 0.000913036 after 2 iterations
      AMG solver residual = 0.0010304 after 3 iterations
      AMG solver residual = 0.0011445 after 3 iterations
      AMG solver residual = 0.00893865 after 1 iterations
  ----
  dt: 0.05
    Vlasov    : 108.125 (time scale), 0.000462426 (CFL)
  ----
  Distribution Function Extrema:
    Species 0:	1.71437e-05 [max]	3.68295e-10 [min]

Step 5 completed, simulation time is 0.25
----

Step 6
      AMG solver residual = 0.00105158 after 3 iterations
      AMG solver residual = 0.00110805 after 3 iterations
  --
  Subiteration:1 of 1
      AMG solver residual = 0.00809956 after 1 iterations
      AMG solver residual = 0.00102273 after 3 iterations
      AMG solver residual = 0.00112831 after 3 iterations
      AMG solver residual = 0.00878132 after 1 iterations
      AMG solver residual = 0.00970584 after 2 iterations
      AMG solver residual = 0.00756027 after 2 iterations
      AMG solver residual = 0.000915331 after 2 iterations
      AMG solver residual = 0.00100969 after 3 iterations
      AMG solver residual = 0.00110697 after 3 iterations
      AMG solver residual = 0.0086466 after 1 iterations
  ----
  dt: 0.05
    Vlasov    : 106.361 (time scale), 0.000470097 (CFL)
  ----
  Distribution Function Extrema:
    Species 0:	1.71437e-05 [max]	3.68295e-10 [min]

Step 6 completed, simulation time is 0.3
----

Step 7
      AMG solver residual = 0.00104919 after 3 iterations
      AMG solver residual = 0.00108754 after 3 iterations
  --
  Subiteration:1 of 1
      AMG solver residual = 0.00775709 after 1 iterations
      AMG solver residual = 0.000995224 after 3 iterations
      AMG solver residual = 0.00108597 after 3 iterations
      AMG solver residual = 0.00859185 after 1 iterations
      AMG solver residual = 0.00997629 after 2 iterations
      AMG solver residual = 0.00750459 after 2 iterations
      AMG solver residual = 0.000912405 after 2 iterations
      AMG solver residual = 0.000976684 after 3 iterations
      AMG solver residual = 0.00106074 after 3 iterations
      AMG solver residual = 0.00859516 after 1 iterations
  ----
  dt: 0.05
    Vlasov    : 104.852 (time scale), 0.000476863 (CFL)
  ----
  Distribution Function Extrema:
    Species 0:	1.71437e-05 [max]	3.68295e-10 [min]

Step 7 completed, simulation time is 0.35
----

Step 8
      AMG solver residual = 0.00102854 after 3 iterations
      AMG solver residual = 0.00105548 after 3 iterations
  --
  Subiteration:1 of 1
      AMG solver residual = 0.00753386 after 1 iterations
      AMG solver residual = 0.000958933 after 3 iterations
      AMG solver residual = 0.00103761 after 3 iterations
      AMG solver residual = 0.00868162 after 1 iterations
      AMG solver residual = 0.000980209 after 3 iterations
      AMG solver residual = 0.00116128 after 3 iterations
      AMG solver residual = 0.000939475 after 3 iterations
      AMG solver residual = 0.00101279 after 3 iterations
      AMG solver residual = 0.00885586 after 1 iterations
  ----
  dt: 0.05
    Vlasov    : 103.148 (time scale), 0.00048474 (CFL)
  ----
  Distribution Function Extrema:
    Species 0:	1.71437e-05 [max]	3.68295e-10 [min]

Step 8 completed, simulation time is 0.4
----

Step 9
      AMG solver residual = 0.000994155 after 3 iterations
      AMG solver residual = 0.00101608 after 3 iterations
  --
  Subiteration:1 of 1
      AMG solver residual = 0.00751637 after 1 iterations
      AMG solver residual = 0.00990862 after 2 iterations
      AMG solver residual = 0.00762851 after 2 iterations
      AMG solver residual = 0.00947326 after 1 iterations
      AMG solver residual = 0.00101601 after 3 iterations
      AMG solver residual = 0.00118619 after 3 iterations
      AMG solver residual = 0.00976164 after 2 iterations
      AMG solver residual = 0.0076183 after 2 iterations
      AMG solver residual = 0.00964865 after 1 iterations
  ----
  dt: 0.05
    Vlasov    : 101.555 (time scale), 0.000492345 (CFL)
  ----
  Distribution Function Extrema:
    Species 0:	1.71437e-05 [max]	3.68295e-10 [min]

Step 9 completed, simulation time is 0.45
----

Step 10
      AMG solver residual = 0.000954639 after 3 iterations
      AMG solver residual = 0.00483976 after 2 iterations
  --
  Subiteration:1 of 1
      AMG solver residual = 0.00586158 after 1 iterations
      AMG solver residual = 0.00965903 after 2 iterations
      AMG solver residual = 0.0076013 after 2 iterations
      AMG solver residual = 0.00984148 after 1 iterations
      AMG solver residual = 0.00104054 after 3 iterations
      AMG solver residual = 0.0011871 after 3 iterations
      AMG solver residual = 0.00959299 after 2 iterations
      AMG solver residual = 0.00756849 after 2 iterations
      AMG solver residual = 0.00089738 after 2 iterations
  ----
  dt: 0.05
    Vlasov    : 100.483 (time scale), 0.000497598 (CFL)
  ----
  Distribution Function Extrema:
    Species 0:	1.71437e-05 [max]	3.68295e-10 [min]

Step 10 completed, simulation time is 0.5
----
Writing checkpoint file
Writing history file

Step 11
      AMG solver residual = 0.00982146 after 2 iterations
      AMG solver residual = 0.00674906 after 2 iterations
  --
  Subiteration:1 of 1
      AMG solver residual = 0.00850025 after 1 iterations
      AMG solver residual = 0.00957938 after 2 iterations
      AMG solver residual = 0.00753966 after 2 iterations
      AMG solver residual = 0.000902517 after 2 iterations
      AMG solver residual = 0.00104807 after 3 iterations
      AMG solver residual = 0.001167 after 3 iterations
      AMG solver residual = 0.00961661 after 2 iterations
      AMG solver residual = 0.00750767 after 2 iterations
      AMG solver residual = 0.000906475 after 2 iterations
  ----
  dt: 0.05
    Vlasov    : 99.4964 (time scale), 0.000502531 (CFL)
  ----
  Distribution Function Extrema:
    Species 0:	1.71437e-05 [max]	3.68295e-10 [min]

Step 11 completed, simulation time is 0.55
----

Step 12
      AMG solver residual = 0.00961883 after 2 iterations
      AMG solver residual = 0.00671036 after 2 iterations
  --
  Subiteration:1 of 1
      AMG solver residual = 0.00886168 after 1 iterations
      AMG solver residual = 0.00969843 after 2 iterations
      AMG solver residual = 0.00748763 after 2 iterations
      AMG solver residual = 0.000909117 after 2 iterations
      AMG solver residual = 0.0010368 after 3 iterations
      AMG solver residual = 0.00113148 after 3 iterations
      AMG solver residual = 0.00982894 after 2 iterations
      AMG solver residual = 0.00747054 after 2 iterations
      AMG solver residual = 0.000910024 after 2 iterations
  ----
  dt: 0.05
    Vlasov    : 99.022 (time scale), 0.000504939 (CFL)
  ----
  Distribution Function Extrema:
    Species 0:	1.71437e-05 [max]	3.68295e-10 [min]

Step 12 completed, simulation time is 0.6
----

Step 13
      AMG solver residual = 0.00961142 after 2 iterations
      AMG solver residual = 0.00664387 after 2 iterations
  --
  Subiteration:1 of 1
      AMG solver residual = 0.00916625 after 1 iterations
      AMG solver residual = 0.00998267 after 2 iterations
      AMG solver residual = 0.00746289 after 2 iterations
      AMG solver residual = 0.000909735 after 2 iterations
      AMG solver residual = 0.00100901 after 3 iterations
      AMG solver residual = 0.00108484 after 3 iterations
      AMG solver residual = 0.00096209 after 3 iterations
      AMG solver residual = 0.00113466 after 3 iterations
      AMG solver residual = 0.000903217 after 2 iterations
  ----
  dt: 0.05
    Vlasov    : 98.7644 (time scale), 0.000506255 (CFL)
  ----
  Distribution Function Extrema:
    Species 0:	1.71437e-05 [max]	3.68295e-10 [min]

Step 13 completed, simulation time is 0.65
----

Step 14
      AMG solver residual = 0.00979966 after 2 iterations
      AMG solver residual = 0.00743294 after 2 iterations
  --
  Subiteration:1 of 1
      AMG solver residual = 0.000905091 after 2 iterations
      AMG solver residual = 0.000981917 after 3 iterations
      AMG solver residual = 0.00115727 after 3 iterations
      AMG solver residual = 0.0008955 after 2 iterations
      AMG solver residual = 0.000970858 after 3 iterations
      AMG solver residual = 0.00105385 after 3 iterations
      AMG solver residual = 0.00100226 after 3 iterations
      AMG solver residual = 0.00117431 after 3 iterations
      AMG solver residual = 0.000882428 after 2 iterations
  ----
  dt: 0.05
    Vlasov    : 98.8938 (time scale), 0.000505593 (CFL)
  ----
  Distribution Function Extrema:
    Species 0:	1.71437e-05 [max]	3.68295e-10 [min]

Step 14 completed, simulation time is 0.7
----

Step 15
      AMG solver residual = 0.000958868 after 3 iterations
      AMG solver residual = 0.00106802 after 3 iterations
  --
  Subiteration:1 of 1
      AMG solver residual = 0.00940255 after 1 iterations
      AMG solver residual = 0.00101941 after 3 iterations
      AMG solver residual = 0.00118512 after 3 iterations
      AMG solver residual = 0.000869231 after 2 iterations
      AMG solver residual = 0.00997148 after 2 iterations
      AMG solver residual = 0.00766049 after 2 iterations
      AMG solver residual = 0.00946612 after 1 iterations
      AMG solver residual = 0.0010346 after 3 iterations
      AMG solver residual = 0.0011896 after 3 iterations
      AMG solver residual = 0.000852256 after 2 iterations
  ----
  dt: 0.05
    Vlasov    : 99.3791 (time scale), 0.000503124 (CFL)
  ----
  Distribution Function Extrema:
    Species 0:	1.71437e-05 [max]	3.68295e-10 [min]

Step 15 completed, simulation time is 0.75
----

Step 16
      AMG solver residual = 0.000999295 after 3 iterations
      AMG solver residual = 0.00110217 after 3 iterations
  --
  Subiteration:1 of 1
      AMG solver residual = 0.00902026 after 1 iterations
      AMG solver residual = 0.00104512 after 3 iterations
      AMG solver residual = 0.00118965 after 3 iterations
      AMG solver residual = 0.00983833 after 1 iterations
      AMG solver residual = 0.0096872 after 2 iterations
      AMG solver residual = 0.00763166 after 2 iterations
      AMG solver residual = 0.00981034 after 1 iterations
      AMG solver residual = 0.00105174 after 3 iterations
      AMG solver residual = 0.00118378 after 3 iterations
      AMG solver residual = 0.00956279 after 1 iterations
  ----
  dt: 0.05
    Vlasov    : 100.106 (time scale), 0.000499471 (CFL)
  ----
  Distribution Function Extrema:
    Species 0:	1.71437e-05 [max]	3.68295e-10 [min]

Step 16 completed, simulation time is 0.8
----

Step 17
      AMG solver residual = 0.00103319 after 3 iterations
      AMG solver residual = 0.0011175 after 3 iterations
  --
  Subiteration:1 of 1
      AMG solver residual = 0.00862146 after 1 iterations
      AMG solver residual = 0.00105334 after 3 iterations
      AMG solver residual = 0.00117515 after 3 iterations
      AMG solver residual = 0.00933945 after 1 iterations
      AMG solver residual = 0.00957053 after 2 iterations
      AMG solver residual = 0.0075657 after 2 iterations
      AMG solver residual = 0.00090232 after 2 iterations
      AMG solver residual = 0.00104991 after 3 iterations
      AMG solver residual = 0.00116135 after 3 iterations
      AMG solver residual = 0.00910582 after 1 iterations
  ----
  dt: 0.05
    Vlasov    : 101.292 (time scale), 0.000493621 (CFL)
  ----
  Distribution Function Extrema:
    Species 0:	1.71437e-05 [max]	3.68295e-10 [min]

Step 17 completed, simulation time is 0.85
----

Step 18
      AMG solver residual = 0.00105261 after 3 iterations
      AMG solver residual = 0.00111239 after 3 iterations
  --
  Subiteration:1 of 1
      AMG solver residual = 0.00817939 after 1 iterations
      AMG solver residual = 0.00104215 after 3 iterations
      AMG solver residual = 0.00114601 after 3 iterations
      AMG solver residual = 0.00893214 after 1 iterations
      AMG solver residual = 0.00966037 after 2 iterations
      AMG solver residual = 0.00751191 after 2 iterations
      AMG solver residual = 0.000910335 after 2 iterations
      AMG solver residual = 0.00102928 after 3 iterations
      AMG solver residual = 0.00112602 after 3 iterations
      AMG solver residual = 0.00877562 after 1 iterations
  ----
  dt: 0.05
    Vlasov    : 101.409 (time scale), 0.000493053 (CFL)
  ----
  Distribution Function Extrema:
    Species 0:	1.71437e-05 [max]	3.68295e-10 [min]

Step 18 completed, simulation time is 0.9
----

Step 19
      AMG solver residual = 0.00105338 after 3 iterations
      AMG solver residual = 0.00109272 after 3 iterations
  --
  Subiteration:1 of 1
      AMG solver residual = 0.00781142 after 1 iterations
      AMG solver residual = 0.00101371 after 3 iterations
      AMG solver residual = 0.00110537 after 3 iterations
      AMG solver residual = 0.00868701 after 1 iterations
      AMG solver residual = 0.00993117 after 2 iterations
      AMG solver residual = 0.00749483 after 2 iterations
      AMG solver residual = 0.00091322 after 2 iterations
      AMG solver residual = 0.000994038 after 3 iterations
      AMG solver residual = 0.00108075 after 3 iterations
      AMG solver residual = 0.00864935 after 1 iterations
  ----
  dt: 0.05
    Vlasov    : 100.89 (time scale), 0.000495588 (CFL)
  ----
  Distribution Function Extrema:
    Species 0:	1.71437e-05 [max]	3.68295e-10 [min]

Step 19 completed, simulation time is 0.95
----

Step 20
      AMG solver residual = 0.00103528 after 3 iterations
      AMG solver residual = 0.0010628 after 3 iterations
  --
  Subiteration:1 of 1
      AMG solver residual = 0.00756028 after 1 iterations
      AMG solver residual = 0.000974079 after 3 iterations
      AMG solver residual = 0.00105682 after 3 iterations
      AMG solver residual = 0.00868724 after 1 iterations
      AMG solver residual = 0.000978291 after 3 iterations
      AMG solver residual = 0.00116613 after 3 iterations
      AMG solver residual = 0.000952138 after 3 iterations
      AMG solver residual = 0.0010309 after 3 iterations
      AMG solver residual = 0.00880926 after 1 iterations
  ----
  dt: 0.05
    Vlasov    : 100.663 (time scale), 0.000496708 (CFL)
  ----
  Distribution Function Extrema:
    Species 0:	1.71437e-05 [max]	3.68295e-10 [min]

Step 20 completed, simulation time is 1
----
Writing checkpoint file
Writing history file

Step 21
      AMG solver residual = 0.00100217 after 3 iterations
      AMG solver residual = 0.00102439 after 3 iterations
  --
  Subiteration:1 of 1
      AMG solver residual = 0.00748809 after 1 iterations
      AMG solver residual = 0.00999297 after 2 iterations
      AMG solver residual = 0.00762087 after 2 iterations
      AMG solver residual = 0.00939314 after 1 iterations
      AMG solver residual = 0.00101884 after 3 iterations
      AMG solver residual = 0.00120008 after 3 iterations
      AMG solver residual = 0.00981839 after 2 iterations
      AMG solver residual = 0.00761203 after 2 iterations
      AMG solver residual = 0.00954526 after 1 iterations
  ----
  dt: 0.05
    Vlasov    : 100.666 (time scale), 0.000496694 (CFL)
  ----
  Distribution Function Extrema:
    Species 0:	1.71437e-05 [max]	3.68295e-10 [min]

Step 21 completed, simulation time is 1.05
----

Step 22
      AMG solver residual = 0.000962165 after 3 iterations
      AMG solver residual = 0.00484205 after 2 iterations
  --
  Subiteration:1 of 1
      AMG solver residual = 0.00582733 after 1 iterations
      AMG solver residual = 0.00968653 after 2 iterations
      AMG solver residual = 0.00759558 after 2 iterations
      AMG solver residual = 0.00972784 after 1 iterations
      AMG solver residual = 0.00104882 after 3 iterations
      AMG solver residual = 0.00120718 after 3 iterations
      AMG solver residual = 0.00958865 after 2 iterations
      AMG solver residual = 0.00756432 after 2 iterations
      AMG solver residual = 0.00993638 after 1 iterations
  ----
  dt: 0.05
    Vlasov    : 100.931 (time scale), 0.000495385 (CFL)
  ----
  Distribution Function Extrema:
    Species 0:	1.71437e-05 [max]	3.68295e-10 [min]

Step 22 completed, simulation time is 1.1
----

Step 23
      AMG solver residual = 0.00987641 after 2 iterations
      AMG solver residual = 0.00674716 after 2 iterations
  --
  Subiteration:1 of 1
      AMG solver residual = 0.00845795 after 1 iterations
      AMG solver residual = 0.00954727 after 2 iterations
      AMG solver residual = 0.00753784 after 2 iterations
      AMG solver residual = 0.000896838 after 2 iterations
      AMG solver residual = 0.00106173 after 3 iterations
      AMG solver residual = 0.00119167 after 3 iterations
      AMG solver residual = 0.00955777 after 2 iterations
      AMG solver residual = 0.0075118 after 2 iterations
      AMG solver residual = 0.000903038 after 2 iterations
  ----
  dt: 0.05
    Vlasov    : 101.405 (time scale), 0.000493071 (CFL)
  ----
  Distribution Function Extrema:
    Species 0:	1.71437e-05 [max]	3.68295e-10 [min]

Step 23 completed, simulation time is 1.15
----

Step 24
      AMG solver residual = 0.0096373 after 2 iterations
      AMG solver residual = 0.00671395 after 2 iterations
  --
  Subiteration:1 of 1
      AMG solver residual = 0.00878361 after 1 iterations
      AMG solver residual = 0.00962183 after 2 iterations
      AMG solver residual = 0.00750109 after 2 iterations
      AMG solver residual = 0.000908458 after 2 iterations
      AMG solver residual = 0.00105494 after 3 iterations
      AMG solver residual = 0.00115945 after 3 iterations
      AMG solver residual = 0.00973946 after 2 iterations
      AMG solver residual = 0.00750025 after 2 iterations
      AMG solver residual = 0.000912788 after 2 iterations
  ----
  dt: 0.05
    Vlasov    : 101.947 (time scale), 0.000490453 (CFL)
  ----
  Distribution Function Extrema:
    Species 0:	1.71437e-05 [max]	3.68295e-10 [min]

Step 24 completed, simulation time is 1.2
----

Step 25
      AMG solver residual = 0.00959079 after 2 iterations
      AMG solver residual = 0.00665419 after 2 iterations
  --
  Subiteration:1 of 1
      AMG solver residual = 0.00911963 after 1 iterations
      AMG solver residual = 0.00989103 after 2 iterations
      AMG solver residual = 0.00751104 after 2 iterations
      AMG solver residual = 0.000915651 after 2 iterations
      AMG solver residual = 0.00102991 after 3 iterations
      AMG solver residual = 0.00111527 after 3 iterations
      AMG solver residual = 0.000954958 after 3 iterations
      AMG solver residual = 0.00114788 after 3 iterations
      AMG solver residual = 0.000914237 after 2 iterations
  ----
  dt: 0.05
    Vlasov    : 102.805 (time scale), 0.000486356 (CFL)
  ----
  Distribution Function Extrema:
    Species 0:	1.71437e-05 [max]	3.68295e-10 [min]

Step 25 completed, simulation time is 1.25
----

Step 26
      AMG solver residual = 0.00974713 after 2 iterations
      AMG solver residual = 0.00743854 after 2 iterations
  --
  Subiteration:1 of 1
      AMG solver residual = 0.000905101 after 2 iterations
      AMG solver residual = 0.000977244 after 3 iterations
      AMG solver residual = 0.00117634 after 3 iterations
      AMG solver residual = 0.00090928 after 2 iterations
      AMG solver residual = 0.000992019 after 3 iterations
      AMG solver residual = 0.00108522 after 3 iterations
      AMG solver residual = 0.00100113 after 3 iterations
      AMG solver residual = 0.00120049 after 3 iterations
      AMG solver residual = 0.000899088 after 2 iterations
  ----
  dt: 0.05
    Vlasov    : 103.872 (time scale), 0.000481363 (CFL)
  ----
  Distribution Function Extrema:
    Species 0:	1.71437e-05 [max]	3.68295e-10 [min]

Step 26 completed, simulation time is 1.3
----

Step 27
      AMG solver residual = 0.00095167 after 3 iterations
      AMG solver residual = 0.00106184 after 3 iterations
  --
  Subiteration:1 of 1
      AMG solver residual = 0.00946398 after 1 iterations
      AMG solver residual = 0.00102208 after 3 iterations
      AMG solver residual = 0.00121629 after 3 iterations
      AMG solver residual = 0.00088776 after 2 iterations
      AMG solver residual = 0.000950176 after 3 iterations
      AMG solver residual = 0.00103681 after 3 iterations
      AMG solver residual = 0.00104211 after 3 iterations
      AMG solver residual = 0.00122696 after 3 iterations
      AMG solver residual = 0.000873506 after 2 iterations
  ----
  dt: 0.05
    Vlasov    : 105.201 (time scale), 0.000475282 (CFL)
  ----
  Distribution Function Extrema:
    Species 0:	1.71437e-05 [max]	3.68295e-10 [min]

Step 27 completed, simulation time is 1.35
----

Step 28
      AMG solver residual = 0.000993287 after 3 iterations
      AMG solver residual = 0.00110237 after 3 iterations
  --
  Subiteration:1 of 1
      AMG solver residual = 0.00913985 after 1 iterations
      AMG solver residual = 0.00105705 after 3 iterations
      AMG solver residual = 0.00123058 after 3 iterations
      AMG solver residual = 0.000860347 after 2 iterations
      AMG solver residual = 0.00977497 after 2 iterations
      AMG solver residual = 0.00773253 after 2 iterations
      AMG solver residual = 0.00981111 after 1 iterations
      AMG solver residual = 0.00106907 after 3 iterations
      AMG solver residual = 0.00122974 after 3 iterations
      AMG solver residual = 0.0098155 after 1 iterations
  ----
  dt: 0.05
    Vlasov    : 106.632 (time scale), 0.000468903 (CFL)
  ----
  Distribution Function Extrema:
    Species 0:	1.71437e-05 [max]	3.68295e-10 [min]

Step 28 completed, simulation time is 1.4
----

Step 29
      AMG solver residual = 0.00103024 after 3 iterations
      AMG solver residual = 0.00112041 after 3 iterations
  --
  Subiteration:1 of 1
      AMG solver residual = 0.00872716 after 1 iterations
      AMG solver residual = 0.00107498 after 3 iterations
      AMG solver residual = 0.00122385 after 3 iterations
      AMG solver residual = 0.009604 after 1 iterations
      AMG solver residual = 0.00959838 after 2 iterations
      AMG solver residual = 0.00765268 after 2 iterations
      AMG solver residual = 0.000906791 after 2 iterations
      AMG solver residual = 0.00107676 after 3 iterations
      AMG solver residual = 0.00121453 after 3 iterations
      AMG solver residual = 0.00938766 after 1 iterations
  ----
  dt: 0.05
    Vlasov    : 108.338 (time scale), 0.000461517 (CFL)
  ----
  Distribution Function Extrema:
    Species 0:	1.71437e-05 [max]	3.68295e-10 [min]

Step 29 completed, simulation time is 1.45
----

Step 30
      AMG solver residual = 0.00105388 after 3 iterations
      AMG solver residual = 0.00111894 after 3 iterations
  --
  Subiteration:1 of 1
      AMG solver residual = 0.00829016 after 1 iterations
      AMG solver residual = 0.00107257 after 3 iterations
      AMG solver residual = 0.00120145 after 3 iterations
      AMG solver residual = 0.00922153 after 1 iterations
      AMG solver residual = 0.00962752 after 2 iterations
      AMG solver residual = 0.00756792 after 2 iterations
      AMG solver residual = 0.000913027 after 2 iterations
      AMG solver residual = 0.00106399 after 3 iterations
      AMG solver residual = 0.0011858 after 3 iterations
      AMG solver residual = 0.00907633 after 1 iterations
  ----
  dt: 0.05
    Vlasov    : 109.905 (time scale), 0.000454939 (CFL)
  ----
  Distribution Function Extrema:
    Species 0:	1.71437e-05 [max]	3.68295e-10 [min]

Step 30 completed, simulation time is 1.5
----
Writing checkpoint file
Writing history file

Step 31
      AMG solver residual = 0.0010592 after 3 iterations
      AMG solver residual = 0.00110258 after 3 iterations
  --
  Subiteration:1 of 1
      AMG solver residual = 0.00791358 after 1 iterations
      AMG solver residual = 0.00105062 after 3 iterations
      AMG solver residual = 0.00116708 after 3 iterations
      AMG solver residual = 0.00898376 after 1 iterations
      AMG solver residual = 0.00985286 after 2 iterations
      AMG solver residual = 0.00752014 after 2 iterations
      AMG solver residual = 0.00091492 after 2 iterations
      AMG solver residual = 0.00103363 after 3 iterations
      AMG solver residual = 0.00114638 after 3 iterations
      AMG solver residual = 0.008942 after 1 iterations
  ----
  dt: 0.05
    Vlasov    : 111.533 (time scale), 0.000448299 (CFL)
  ----
  Distribution Function Extrema:
    Species 0:	1.71437e-05 [max]	3.68295e-10 [min]

Step 31 completed, simulation time is 1.55
----

Step 32
      AMG solver residual = 0.00104514 after 3 iterations
      AMG solver residual = 0.00107416 after 3 iterations
  --
  Subiteration:1 of 1
      AMG solver residual = 0.00763456 after 1 iterations
      AMG solver residual = 0.00101395 after 3 iterations
      AMG solver residual = 0.00112327 after 3 iterations
      AMG solver residual = 0.00895475 after 1 iterations
      AMG solver residual = 0.000967598 after 3 iterations
      AMG solver residual = 0.00115653 after 3 iterations
      AMG solver residual = 0.00099243 after 3 iterations
      AMG solver residual = 0.00109924 after 3 iterations
      AMG solver residual = 0.00904743 after 1 iterations
  ----
  dt: 0.05
    Vlasov    : 112.634 (time scale), 0.000443917 (CFL)
  ----
  Distribution Function Extrema:
    Species 0:	1.71437e-05 [max]	3.68295e-10 [min]

Step 32 completed, simulation time is 1.6
----

Step 33
      AMG solver residual = 0.00101468 after 3 iterations
      AMG solver residual = 0.0010381 after 3 iterations
  --
  Subiteration:1 of 1
      AMG solver residual = 0.00754535 after 1 iterations
      AMG solver residual = 0.000970916 after 3 iterations
      AMG solver residual = 0.00107468 after 3 iterations
      AMG solver residual = 0.00919313 after 1 iterations
      AMG solver residual = 0.00100869 after 3 iterations
      AMG solver residual = 0.00119442 after 3 iterations
      AMG solver residual = 0.000950182 after 3 iterations
      AMG solver residual = 0.00105216 after 3 iterations
      AMG solver residual = 0.00943173 after 1 iterations
  ----
  dt: 0.05
    Vlasov    : 113.31 (time scale), 0.000441268 (CFL)
  ----
  Distribution Function Extrema:
    Species 0:	1.71437e-05 [max]	3.68295e-10 [min]

Step 33 completed, simulation time is 1.65
----

Step 34
      AMG solver residual = 0.000974673 after 3 iterations
      AMG solver residual = 0.00995809 after 2 iterations
  --
  Subiteration:1 of 1
      AMG solver residual = 0.00988656 after 1 iterations
      AMG solver residual = 0.00987836 after 2 iterations
      AMG solver residual = 0.00788536 after 2 iterations
      AMG solver residual = 0.00991716 after 1 iterations
      AMG solver residual = 0.00104158 after 3 iterations
      AMG solver residual = 0.00120806 after 3 iterations
      AMG solver residual = 0.00974532 after 2 iterations
      AMG solver residual = 0.00784402 after 2 iterations
      AMG solver residual = 0.000916967 after 2 iterations
  ----
  dt: 0.05
    Vlasov    : 112.104 (time scale), 0.000446016 (CFL)
  ----
  Distribution Function Extrema:
    Species 0:	1.71437e-05 [max]	3.68295e-10 [min]

Step 34 completed, simulation time is 1.7
----

Step 35
      AMG solver residual = 0.00995952 after 2 iterations
      AMG solver residual = 0.00677788 after 2 iterations
  --
  Subiteration:1 of 1
      AMG solver residual = 0.00841858 after 1 iterations
      AMG solver residual = 0.00965967 after 2 iterations
      AMG solver residual = 0.00778428 after 2 iterations
      AMG solver residual = 0.000918655 after 2 iterations
      AMG solver residual = 0.00105889 after 3 iterations
      AMG solver residual = 0.00119724 after 3 iterations
      AMG solver residual = 0.00962397 after 2 iterations
      AMG solver residual = 0.00771909 after 2 iterations
      AMG solver residual = 0.000920087 after 2 iterations
  ----
  dt: 0.05
    Vlasov    : 110.884 (time scale), 0.000450922 (CFL)
  ----
  Distribution Function Extrema:
    Species 0:	1.71437e-05 [max]	3.68295e-10 [min]

Step 35 completed, simulation time is 1.75
----

Step 36
      AMG solver residual = 0.0096861 after 2 iterations
      AMG solver residual = 0.00675793 after 2 iterations
  --
  Subiteration:1 of 1
      AMG solver residual = 0.00875187 after 1 iterations
      AMG solver residual = 0.00964001 after 2 iterations
      AMG solver residual = 0.00765378 after 2 iterations
      AMG solver residual = 0.000919904 after 2 iterations
      AMG solver residual = 0.00105701 after 3 iterations
      AMG solver residual = 0.00116867 after 3 iterations
      AMG solver residual = 0.00971052 after 2 iterations
      AMG solver residual = 0.00759587 after 2 iterations
      AMG solver residual = 0.000918812 after 2 iterations
  ----
  dt: 0.05
    Vlasov    : 109.383 (time scale), 0.000457109 (CFL)
  ----
  Distribution Function Extrema:
    Species 0:	1.71437e-05 [max]	3.68295e-10 [min]

Step 36 completed, simulation time is 1.8
----

Step 37
      AMG solver residual = 0.00959067 after 2 iterations
      AMG solver residual = 0.00669216 after 2 iterations
  --
  Subiteration:1 of 1
      AMG solver residual = 0.00908676 after 1 iterations
      AMG solver residual = 0.00982017 after 2 iterations
      AMG solver residual = 0.00754955 after 2 iterations
      AMG solver residual = 0.000916589 after 2 iterations
      AMG solver residual = 0.00103641 after 3 iterations
      AMG solver residual = 0.00112738 after 3 iterations
      AMG solver residual = 0.00997215 after 2 iterations
      AMG solver residual = 0.00751306 after 2 iterations
      AMG solver residual = 0.000913519 after 2 iterations
  ----
  dt: 0.05
    Vlasov    : 107.999 (time scale), 0.000462966 (CFL)
  ----
  Distribution Function Extrema:
    Species 0:	1.71437e-05 [max]	3.68295e-10 [min]

Step 37 completed, simulation time is 1.85
----

Step 38
      AMG solver residual = 0.00970232 after 2 iterations
      AMG solver residual = 0.00662318 after 2 iterations
  --
  Subiteration:1 of 1
      AMG solver residual = 0.00928535 after 1 iterations
      AMG solver residual = 0.000959486 after 3 iterations
      AMG solver residual = 0.00113949 after 3 iterations
      AMG solver residual = 0.000902988 after 2 iterations
      AMG solver residual = 0.00100161 after 3 iterations
      AMG solver residual = 0.00109704 after 3 iterations
      AMG solver residual = 0.000978998 after 3 iterations
      AMG solver residual = 0.00115993 after 3 iterations
      AMG solver residual = 0.000891513 after 2 iterations
  ----
  dt: 0.05
    Vlasov    : 106.713 (time scale), 0.000468547 (CFL)
  ----
  Distribution Function Extrema:
    Species 0:	1.71437e-05 [max]	3.68295e-10 [min]

Step 38 completed, simulation time is 1.9
----

Step 39
      AMG solver residual = 0.00998289 after 2 iterations
      AMG solver residual = 0.00741836 after 2 iterations
  --
  Subiteration:1 of 1
      AMG solver residual = 0.000904279 after 2 iterations
      AMG solver residual = 0.000997285 after 3 iterations
      AMG solver residual = 0.00117484 after 3 iterations
      AMG solver residual = 0.000879078 after 2 iterations
      AMG solver residual = 0.000960654 after 3 iterations
      AMG solver residual = 0.00104799 after 3 iterations
      AMG solver residual = 0.00101465 after 3 iterations
      AMG solver residual = 0.00118384 after 3 iterations
      AMG solver residual = 0.000863047 after 2 iterations
  ----
  dt: 0.05
    Vlasov    : 105.373 (time scale), 0.000474505 (CFL)
  ----
  Distribution Function Extrema:
    Species 0:	1.71437e-05 [max]	3.68295e-10 [min]

Step 39 completed, simulation time is 1.95
----

Step 40
      AMG solver residual = 0.000982805 after 3 iterations
      AMG solver residual = 0.0010925 after 3 iterations
  --
  Subiteration:1 of 1
      AMG solver residual = 0.00921005 after 1 iterations
      AMG solver residual = 0.00102875 after 3 iterations
      AMG solver residual = 0.00118803 after 3 iterations
      AMG solver residual = 0.000848689 after 2 iterations
      AMG solver residual = 0.00984343 after 2 iterations
      AMG solver residual = 0.00778045 after 2 iterations
      AMG solver residual = 0.00978439 after 1 iterations
      AMG solver residual = 0.0010396 after 3 iterations
      AMG solver residual = 0.00118589 after 3 iterations
      AMG solver residual = 0.00973867 after 1 iterations
  ----
  dt: 0.05
    Vlasov    : 104.245 (time scale), 0.000479641 (CFL)
  ----
  Distribution Function Extrema:
    Species 0:	1.71437e-05 [max]	3.68295e-10 [min]

Step 40 completed, simulation time is 2
----
Writing checkpoint file
Writing history file

Step 41
      AMG solver residual = 0.00102053 after 3 iterations
      AMG solver residual = 0.00111511 after 3 iterations
  --
  Subiteration:1 of 1
      AMG solver residual = 0.00880606 after 1 iterations
      AMG solver residual = 0.00104614 after 3 iterations
      AMG solver residual = 0.00118086 after 3 iterations
      AMG solver residual = 0.00950861 after 1 iterations
      AMG solver residual = 0.00963071 after 2 iterations
      AMG solver residual = 0.0077031 after 2 iterations
      AMG solver residual = 0.000909607 after 2 iterations
      AMG solver residual = 0.00104793 after 3 iterations
      AMG solver residual = 0.00116995 after 3 iterations
      AMG solver residual = 0.0092603 after 1 iterations
  ----
  dt: 0.05
    Vlasov    : 103.236 (time scale), 0.000484326 (CFL)
  ----
  Distribution Function Extrema:
    Species 0:	1.71437e-05 [max]	3.68295e-10 [min]

Step 41 completed, simulation time is 2.05
----

Step 42
      AMG solver residual = 0.0010467 after 3 iterations
      AMG solver residual = 0.00111729 after 3 iterations
  --
  Subiteration:1 of 1
      AMG solver residual = 0.00835493 after 1 iterations
      AMG solver residual = 0.00104544 after 3 iterations
      AMG solver residual = 0.00115758 after 3 iterations
      AMG solver residual = 0.0090749 after 1 iterations
      AMG solver residual = 0.00961251 after 2 iterations
      AMG solver residual = 0.00760082 after 2 iterations
      AMG solver residual = 0.000914243 after 2 iterations
      AMG solver residual = 0.00103769 after 3 iterations
      AMG solver residual = 0.00113981 after 3 iterations
      AMG solver residual = 0.00889683 after 1 iterations
  ----
  dt: 0.05
    Vlasov    : 102.355 (time scale), 0.000488498 (CFL)
  ----
  Distribution Function Extrema:
    Species 0:	1.71437e-05 [max]	3.68295e-10 [min]

Step 42 completed, simulation time is 2.1
----

Step 43
      AMG solver residual = 0.00105555 after 3 iterations
      AMG solver residual = 0.00110242 after 3 iterations
  --
  Subiteration:1 of 1
      AMG solver residual = 0.00795676 after 1 iterations
      AMG solver residual = 0.00102669 after 3 iterations
      AMG solver residual = 0.00112158 after 3 iterations
      AMG solver residual = 0.00878723 after 1 iterations
      AMG solver residual = 0.00979257 after 2 iterations
      AMG solver residual = 0.00752357 after 2 iterations
      AMG solver residual = 0.000914143 after 2 iterations
      AMG solver residual = 0.00101102 after 3 iterations
      AMG solver residual = 0.00109826 after 3 iterations
      AMG solver residual = 0.00871495 after 1 iterations
  ----
  dt: 0.05
    Vlasov    : 101.88 (time scale), 0.000490772 (CFL)
  ----
  Distribution Function Extrema:
    Species 0:	1.71437e-05 [max]	3.68295e-10 [min]

Step 43 completed, simulation time is 2.15
----

Step 44
      AMG solver residual = 0.00104522 after 3 iterations
      AMG solver residual = 0.00107628 after 3 iterations
  --
  Subiteration:1 of 1
      AMG solver residual = 0.00765213 after 1 iterations
      AMG solver residual = 0.00099397 after 3 iterations
      AMG solver residual = 0.00107557 after 3 iterations
      AMG solver residual = 0.00871501 after 1 iterations
      AMG solver residual = 0.000956392 after 3 iterations
      AMG solver residual = 0.00113108 after 3 iterations
      AMG solver residual = 0.000973924 after 3 iterations
      AMG solver residual = 0.00104854 after 3 iterations
      AMG solver residual = 0.00878179 after 1 iterations
  ----
  dt: 0.05
    Vlasov    : 101.623 (time scale), 0.000492013 (CFL)
  ----
  Distribution Function Extrema:
    Species 0:	1.71437e-05 [max]	3.68295e-10 [min]

Step 44 completed, simulation time is 2.2
----

Step 45
      AMG solver residual = 0.00101792 after 3 iterations
      AMG solver residual = 0.0010407 after 3 iterations
  --
  Subiteration:1 of 1
      AMG solver residual = 0.00751459 after 1 iterations
      AMG solver residual = 0.000954901 after 3 iterations
      AMG solver residual = 0.00102452 after 3 iterations
      AMG solver residual = 0.0089189 after 1 iterations
      AMG solver residual = 0.000995372 after 3 iterations
      AMG solver residual = 0.00116931 after 3 iterations
      AMG solver residual = 0.00998085 after 2 iterations
      AMG solver residual = 0.00772859 after 2 iterations
      AMG solver residual = 0.00954627 after 1 iterations
  ----
  dt: 0.05
    Vlasov    : 101.453 (time scale), 0.000492837 (CFL)
  ----
  Distribution Function Extrema:
    Species 0:	1.71437e-05 [max]	3.68295e-10 [min]

Step 45 completed, simulation time is 2.25
----

Step 46
      AMG solver residual = 0.000980307 after 3 iterations
      AMG solver residual = 0.00486567 after 2 iterations
  --
  Subiteration:1 of 1
      AMG solver residual = 0.00584102 after 1 iterations
      AMG solver residual = 0.00982773 after 2 iterations
      AMG solver residual = 0.00772258 after 2 iterations
      AMG solver residual = 0.00969768 after 1 iterations
      AMG solver residual = 0.0010282 after 3 iterations
      AMG solver residual = 0.00118205 after 3 iterations
      AMG solver residual = 0.00969656 after 2 iterations
      AMG solver residual = 0.00769622 after 2 iterations
      AMG solver residual = 0.00988104 after 1 iterations
  ----
  dt: 0.05
    Vlasov    : 101.628 (time scale), 0.00049199 (CFL)
  ----
  Distribution Function Extrema:
    Species 0:	1.71437e-05 [max]	3.68295e-10 [min]

Step 46 completed, simulation time is 2.3
----

Step 47
      AMG solver residual = 0.000940522 after 3 iterations
      AMG solver residual = 0.00480475 after 2 iterations
  --
  Subiteration:1 of 1
      AMG solver residual = 0.00595591 after 1 iterations
      AMG solver residual = 0.00961361 after 2 iterations
      AMG solver residual = 0.00765993 after 2 iterations
      AMG solver residual = 0.000904632 after 2 iterations
      AMG solver residual = 0.00104709 after 3 iterations
      AMG solver residual = 0.00116885 after 3 iterations
      AMG solver residual = 0.00957404 after 2 iterations
      AMG solver residual = 0.00761201 after 2 iterations
      AMG solver residual = 0.00090821 after 2 iterations
  ----
  dt: 0.05
    Vlasov    : 101.888 (time scale), 0.000490735 (CFL)
  ----
  Distribution Function Extrema:
    Species 0:	1.71437e-05 [max]	3.68295e-10 [min]

Step 47 completed, simulation time is 2.35
----

Step 48
      AMG solver residual = 0.00972075 after 2 iterations
      AMG solver residual = 0.00675086 after 2 iterations
  --
  Subiteration:1 of 1
      AMG solver residual = 0.00866425 after 1 iterations
      AMG solver residual = 0.00958696 after 2 iterations
      AMG solver residual = 0.00756842 after 2 iterations
      AMG solver residual = 0.000910665 after 2 iterations
      AMG solver residual = 0.0010478 after 3 iterations
      AMG solver residual = 0.00113307 after 3 iterations
      AMG solver residual = 0.00965096 after 2 iterations
      AMG solver residual = 0.00752576 after 2 iterations
      AMG solver residual = 0.000911783 after 2 iterations
  ----
  dt: 0.05
    Vlasov    : 102.557 (time scale), 0.000487532 (CFL)
  ----
  Distribution Function Extrema:
    Species 0:	1.71437e-05 [max]	3.68295e-10 [min]

Step 48 completed, simulation time is 2.4
----

Step 49
      AMG solver residual = 0.00959222 after 2 iterations
      AMG solver residual = 0.00669202 after 2 iterations
  --
  Subiteration:1 of 1
      AMG solver residual = 0.00901531 after 1 iterations
      AMG solver residual = 0.00975576 after 2 iterations
      AMG solver residual = 0.00749577 after 2 iterations
      AMG solver residual = 0.000911643 after 2 iterations
      AMG solver residual = 0.00103011 after 3 iterations
      AMG solver residual = 0.00107747 after 3 iterations
      AMG solver residual = 0.00990293 after 2 iterations
      AMG solver residual = 0.00746982 after 2 iterations
      AMG solver residual = 0.000910092 after 2 iterations
  ----
  dt: 0.05
    Vlasov    : 102.45 (time scale), 0.000488045 (CFL)
  ----
  Distribution Function Extrema:
    Species 0:	1.71437e-05 [max]	3.68295e-10 [min]

Step 49 completed, simulation time is 2.45
----

Step 50
      AMG solver residual = 0.00966794 after 2 iterations
      AMG solver residual = 0.00661963 after 2 iterations
  --
  Subiteration:1 of 1
      AMG solver residual = 0.00925118 after 1 iterations
      AMG solver residual = 0.00095046 after 3 iterations
      AMG solver residual = 0.00103999 after 3 iterations
      AMG solver residual = 0.000846019 after 2 iterations
      AMG solver residual = 0.000997869 after 3 iterations
      AMG solver residual = 0.00101834 after 3 iterations
      AMG solver residual = 0.000970332 after 3 iterations
      AMG solver residual = 0.00103747 after 3 iterations
      AMG solver residual = 0.000821079 after 2 iterations
  ----
  dt: 0.05
    Vlasov    : 101.151 (time scale), 0.000494311 (CFL)
  ----
  Distribution Function Extrema:
    Species 0:	1.71437e-05 [max]	3.68295e-10 [min]

Step 50 completed, simulation time is 2.5
----
Writing checkpoint file
Writing history file

Step 51
      AMG solver residual = 0.0099212 after 2 iterations
      AMG solver residual = 0.00740731 after 2 iterations
  --
  Subiteration:1 of 1
      AMG solver residual = 0.000904521 after 2 iterations
      AMG solver residual = 0.000989153 after 3 iterations
      AMG solver residual = 0.00104208 after 3 iterations
      AMG solver residual = 0.00993675 after 1 iterations
      AMG solver residual = 0.000958566 after 3 iterations
      AMG solver residual = 0.00934157 after 2 iterations
      AMG solver residual = 0.00100731 after 3 iterations
      AMG solver residual = 0.0010173 after 3 iterations
      AMG solver residual = 0.00953487 after 1 iterations
  ----
  dt: 0.05
    Vlasov    : 100.061 (time scale), 0.000499694 (CFL)
  ----
  Distribution Function Extrema:
    Species 0:	1.71437e-05 [max]	3.68295e-10 [min]

Step 51 completed, simulation time is 2.55
----

Step 52
      AMG solver residual = 0.000974877 after 3 iterations
      AMG solver residual = 0.00101262 after 3 iterations
  --
  Subiteration:1 of 1
      AMG solver residual = 0.00912361 after 1 iterations
      AMG solver residual = 0.00102231 after 3 iterations
      AMG solver residual = 0.00997705 after 2 iterations
      AMG solver residual = 0.00111121 after 2 iterations
      AMG solver residual = 0.00985933 after 2 iterations
      AMG solver residual = 0.00767848 after 2 iterations
      AMG solver residual = 0.00965885 after 1 iterations
      AMG solver residual = 0.00103432 after 3 iterations
      AMG solver residual = 0.00945869 after 2 iterations
      AMG solver residual = 0.00113055 after 2 iterations
  ----
  dt: 0.05
    Vlasov    : 99.4107 (time scale), 0.000502964 (CFL)
  ----
  Distribution Function Extrema:
    Species 0:	1.71437e-05 [max]	3.68295e-10 [min]

Step 52 completed, simulation time is 2.6
----

Step 53
      AMG solver residual = 0.00101322 after 3 iterations
      AMG solver residual = 0.00993428 after 2 iterations
  --
  Subiteration:1 of 1
      AMG solver residual = 0.000941158 after 2 iterations
      AMG solver residual = 0.00104204 after 3 iterations
      AMG solver residual = 0.00915773 after 2 iterations
      AMG solver residual = 0.00113613 after 2 iterations
      AMG solver residual = 0.00963146 after 2 iterations
      AMG solver residual = 0.00760073 after 2 iterations
      AMG solver residual = 0.000904027 after 2 iterations
      AMG solver residual = 0.00104517 after 3 iterations
      AMG solver residual = 0.00844853 after 2 iterations
      AMG solver residual = 0.00113418 after 2 iterations
  ----
  dt: 0.05
    Vlasov    : 98.9499 (time scale), 0.000505306 (CFL)
  ----
  Distribution Function Extrema:
    Species 0:	1.71437e-05 [max]	3.68295e-10 [min]

Step 53 completed, simulation time is 2.65
----
slurmstepd: *** STEP 1115704.0 ON nid00060 CANCELLED AT 2016-02-10T15:22:11 DUE TO TIME LIMIT ***
slurmstepd: *** JOB 1115704 ON nid00060 CANCELLED AT 2016-02-10T15:22:11 DUE TO TIME LIMIT ***
srun: got SIGCONT
srun: got SIGCONT
srun: forcing job termination
