**** cellSp[0] = 0.0981748,  cellSp[1] = 0.0981748, cellSp[2] = 0.19635
**** dimensions = 64, 64, 32
**** cellSp[0] = 0.0981748,  cellSp[1] = 0.0981748, cellSp[2] = 0.19635
**** dimensions = 64, 64, 32
**** cellSp[0] = 0.0981748,  cellSp[1] = 0.0981748, cellSp[2] = 0.19635
**** dimensions = 64, 64, 32
**** cellSp[0] = 0.0981748,  cellSp[1] = 0.0981748, cellSp[2] = 0.19635
**** dimensions = 64, 64, 32
**** cellSp[0] = 0.0981748,  cellSp[1] = 0.0981748, cellSp[2] = 0.19635
**** dimensions = 64, 64, 32
**** cellSp[0] = 0.0981748,  cellSp[1] = 0.0981748, cellSp[2] = 0.19635
**** dimensions = 64, 64, 32
**** cellSp[0] = 0.0981748,  cellSp[1] = 0.0981748, cellSp[2] = 0.19635
**** dimensions = 64, 64, 32
**** cellSp[0] = 0.0981748,  cellSp[1] = 0.0981748, cellSp[2] = 0.19635
**** dimensions = 64, 64, 32
**** cellSp[0] = 0.0981748,  cellSp[1] = 0.0981748, cellSp[2] = 0.19635
**** dimensions = 64, 64, 32
**** cellSp[0] = 0.0981748,  cellSp[1] = 0.0981748, cellSp[2] = 0.19635
**** dimensions = 64, 64, 32
**** cellSp[0] = 0.0981748,  cellSp[1] = 0.0981748, cellSp[2] = 0.19635
**** dimensions = 64, 64, 32
**** cellSp[0] = 0.0981748,  cellSp[1] = 0.0981748, cellSp[2] = 0.19635
**** dimensions = 64, 64, 32
**** cellSp[0] = 0.0981748,  cellSp[1] = 0.0981748, cellSp[2] = 0.19635
**** dimensions = 64, 64, 32
**** cellSp[0] = 0.0981748,  cellSp[1] = 0.0981748, cellSp[2] = 0.19635
**** dimensions = 64, 64, 32
**** cellSp[0] = 0.0981748,  cellSp[1] = 0.0981748, cellSp[2] = 0.19635
**** dimensions = 64, 64, 32
**** cellSp[0] = 0.0981748,  cellSp[1] = 0.0981748, cellSp[2] = 0.19635
**** dimensions = 64, 64, 32
**** cellSp[0] = 0.0981748,  cellSp[1] = 0.0981748, cellSp[2] = 0.19635
**** dimensions = 64, 64, 32
**** cellSp[0] = 0.0981748,  cellSp[1] = 0.0981748, cellSp[2] = 0.19635
**** dimensions = 64, 64, 32
**** cellSp[0] = 0.0981748,  cellSp[1] = 0.0981748, cellSp[2] = 0.19635
**** dimensions = 64, 64, 32
**** cellSp[0] = 0.0981748,  cellSp[1] = 0.0981748, cellSp[2] = 0.19635
**** dimensions = 64, 64, 32
**** cellSp[0] = 0.0981748,  cellSp[1] = 0.0981748, cellSp[2] = 0.19635
**** dimensions = 64, 64, 32
**** cellSp[0] = 0.0981748,  cellSp[1] = 0.0981748, cellSp[2] = 0.19635
**** dimensions = 64, 64, 32
**** cellSp[0] = 0.0981748,  cellSp[1] = 0.0981748, cellSp[2] = 0.19635
**** dimensions = 64, 64, 32
**** cellSp[0] = 0.0981748,  cellSp[1] = 0.0981748, cellSp[2] = 0.19635
**** dimensions = 64, 64, 32
**** cellSp[0] = 0.0981748,  cellSp[1] = 0.0981748, cellSp[2] = 0.19635
**** dimensions = 64, 64, 32
**** cellSp[0] = 0.0981748,  cellSp[1] = 0.0981748, cellSp[2] = 0.19635
**** dimensions = 64, 64, 32
**** cellSp[0] = 0.0981748,  cellSp[1] = 0.0981748, cellSp[2] = 0.19635
**** dimensions = 64, 64, 32
**** cellSp[0] = 0.0981748,  cellSp[1] = 0.0981748, cellSp[2] = 0.19635
**** dimensions = 64, 64, 32
**** cellSp[0] = 0.0981748,  cellSp[1] = 0.0981748, cellSp[2] = 0.19635
**** dimensions = 64, 64, 32
**** cellSp[0] = 0.0981748,  cellSp[1] = 0.0981748, cellSp[2] = 0.19635
**** dimensions = 64, 64, 32
**** cellSp[0] = 0.0981748,  cellSp[1] = 0.0981748, cellSp[2] = 0.19635
**** dimensions = 64, 64, 32
**** cellSp[0] = 0.0981748,  cellSp[1] = 0.0981748, cellSp[2] = 0.19635
**** dimensions = 64, 64, 32
**** cellSp[0] = 0.0981748,  cellSp[1] = 0.0981748, cellSp[2] = 0.19635
**** dimensions = 64, 64, 32
**** cellSp[0] = 0.0981748,  cellSp[1] = 0.0981748, cellSp[2] = 0.19635
**** dimensions = 64, 64, 32
**** cellSp[0] = 0.0981748,  cellSp[1] = 0.0981748, cellSp[2] = 0.19635
**** dimensions = 64, 64, 32
**** cellSp[0] = 0.0981748,  cellSp[1] = 0.0981748, cellSp[2] = 0.19635
**** dimensions = 64, 64, 32
**** cellSp[0] = 0.0981748,  cellSp[1] = 0.0981748, cellSp[2] = 0.19635
**** dimensions = 64, 64, 32
** GKUnits ***********************************************************

==== Fundamental Units ===============================================
  NUMBER DENSITY    [1/m^3]: 1e+20
  TEMPERATURE           [eV]: 1000
  LENGTH                [m]: 1
  MASS                 [AMU]: 1
  MAGNETIC FIELD        [T]: 1
  CHARGE                [C]: 1.60218e-19
  BOLTZMANN CONSTANT  [J/K]: 1.38065e-23
  ELECTRIC CONSTANT   [F/m]: 8.85419e-12
  MAGNETIC CONSTANT   [H/m]: 1.25664e-06

==== Derived Units ===================================================

  THERMAL SPEED       [m/s]: 309497
  TRANSIT TIME          [s]: 3.23105e-06
  MAGNETIC MOMENT     [J/T]: 8.01088e-17
  DIST. FUNCTION [s/(Am^6)]: 1073.7
  POTENTIAL             [V]: 1000
  GYROFREQUENCY       [1/s]: 9.57883e+07
  GYRORADIUS            [m]: 0.00323105
  DEBYE LENGTH          [m]: 2.35082e-05

==== Dimensionless Parameters =========================================

  LARMOR NUMBER            : 0.00323105
  DEBYE NUMBER             : 2.35082e-05

***********************************************************************
**** cellSp[0] = 0.0981748,  cellSp[1] = 0.0981748, cellSp[2] = 0.19635
**** dimensions = 64, 64, 32
**** cellSp[0] = 0.0981748,  cellSp[1] = 0.0981748, cellSp[2] = 0.19635
**** dimensions = 64, 64, 32
**** cellSp[0] = 0.0981748,  cellSp[1] = 0.0981748, cellSp[2] = 0.19635
**** dimensions = 64, 64, 32
**** cellSp[0] = 0.0981748,  cellSp[1] = 0.0981748, cellSp[2] = 0.19635
**** dimensions = 64, 64, 32
**** cellSp[0] = 0.0981748,  cellSp[1] = 0.0981748, cellSp[2] = 0.19635
**** dimensions = 64, 64, 32
**** cellSp[0] = 0.0981748,  cellSp[1] = 0.0981748, cellSp[2] = 0.19635
**** dimensions = 64, 64, 32
**** cellSp[0] = 0.0981748,  cellSp[1] = 0.0981748, cellSp[2] = 0.19635
**** dimensions = 64, 64, 32
**** cellSp[0] = 0.0981748,  cellSp[1] = 0.0981748, cellSp[2] = 0.19635
**** dimensions = 64, 64, 32
**** cellSp[0] = 0.0981748,  cellSp[1] = 0.0981748, cellSp[2] = 0.19635
**** dimensions = 64, 64, 32
Constructing slab geometry...
xmax = 0.02, ymax = 0.02, zmax = 100
Bz_inner = 3, Bz_outer = 3
By_inner  = 0
**** cellSp[0] = 0.0981748,  cellSp[1] = 0.0981748, cellSp[2] = 0.19635
**** dimensions = 64, 64, 32
Done constructing slab geometry
**** cellSp[0] = 0.0981748,  cellSp[1] = 0.0981748, cellSp[2] = 0.19635
**** dimensions = 64, 64, 32
**** cellSp[0] = 0.0981748,  cellSp[1] = 0.0981748, cellSp[2] = 0.19635
**** dimensions = 64, 64, 32
**** cellSp[0] = 0.0981748,  cellSp[1] = 0.0981748, cellSp[2] = 0.19635
**** dimensions = 64, 64, 32
   Configuration space box ((0,0,0) (7,7,7) (0,0,0)) is assigned to process 0
   Configuration space box ((8,0,0) (15,7,7) (0,0,0)) is assigned to process 0
   Configuration space box ((16,0,0) (23,7,7) (0,0,0)) is assigned to process 1
   Configuration space box ((24,0,0) (31,7,7) (0,0,0)) is assigned to process 1
   Configuration space box ((32,0,0) (39,7,7) (0,0,0)) is assigned to process 2
   Configuration space box ((40,0,0) (47,7,7) (0,0,0)) is assigned to process 2
   Configuration space box ((48,0,0) (55,7,7) (0,0,0)) is assigned to process 3
   Configuration space box ((56,0,0) (63,7,7) (0,0,0)) is assigned to process 3
   Configuration space box ((0,8,0) (7,15,7) (0,0,0)) is assigned to process 4
   Configuration space box ((8,8,0) (15,15,7) (0,0,0)) is assigned to process 4
   Configuration space box ((16,8,0) (23,15,7) (0,0,0)) is assigned to process 5
   Configuration space box ((24,8,0) (31,15,7) (0,0,0)) is assigned to process 5
   Configuration space box ((32,8,0) (39,15,7) (0,0,0)) is assigned to process 6
   Configuration space box ((40,8,0) (47,15,7) (0,0,0)) is assigned to process 6
   Configuration space box ((48,8,0) (55,15,7) (0,0,0)) is assigned to process 7
   Configuration space box ((56,8,0) (63,15,7) (0,0,0)) is assigned to process 7
   Configuration space box ((0,16,0) (7,23,7) (0,0,0)) is assigned to process 8
   Configuration space box ((8,16,0) (15,23,7) (0,0,0)) is assigned to process 8
   Configuration space box ((16,16,0) (23,23,7) (0,0,0)) is assigned to process 9
   Configuration space box ((24,16,0) (31,23,7) (0,0,0)) is assigned to process 9
   Configuration space box ((32,16,0) (39,23,7) (0,0,0)) is assigned to process 10
   Configuration space box ((40,16,0) (47,23,7) (0,0,0)) is assigned to process 10
   Configuration space box ((48,16,0) (55,23,7) (0,0,0)) is assigned to process 11
   Configuration space box ((56,16,0) (63,23,7) (0,0,0)) is assigned to process 11
   Configuration space box ((0,24,0) (7,31,7) (0,0,0)) is assigned to process 12
**** cellSp[0] = 0.0981748,  cellSp[1] = 0.0981748, cellSp[2] = 0.19635
**** dimensions = 64, 64, 32
**** cellSp[0] = 0.0981748,  cellSp[1] = 0.0981748, cellSp[2] = 0.19635
**** dimensions = 64, 64, 32
**** cellSp[0] = 0.0981748,  cellSp[1] = 0.0981748, cellSp[2] = 0.19635
**** dimensions = 64, 64, 32
   Configuration space box ((8,24,0) (15,31,7) (0,0,0)) is assigned to process 12
   Configuration space box ((16,24,0) (23,31,7) (0,0,0)) is assigned to process 13
   Configuration space box ((24,24,0) (31,31,7) (0,0,0)) is assigned to process 13
   Configuration space box ((32,24,0) (39,31,7) (0,0,0)) is assigned to process 14
   Configuration space box ((40,24,0) (47,31,7) (0,0,0)) is assigned to process 14
   Configuration space box ((48,24,0) (55,31,7) (0,0,0)) is assigned to process 15
   Configuration space box ((56,24,0) (63,31,7) (0,0,0)) is assigned to process 15
   Configuration space box ((0,32,0) (7,39,7) (0,0,0)) is assigned to process 16
   Configuration space box ((8,32,0) (15,39,7) (0,0,0)) is assigned to process 16
   Configuration space box ((16,32,0) (23,39,7) (0,0,0)) is assigned to process 17
   Configuration space box ((24,32,0) (31,39,7) (0,0,0)) is assigned to process 17
   Configuration space box ((32,32,0) (39,39,7) (0,0,0)) is assigned to process 18
   Configuration space box ((40,32,0) (47,39,7) (0,0,0)) is assigned to process 18
   Configuration space box ((48,32,0) (55,39,7) (0,0,0)) is assigned to process 19
   Configuration space box ((56,32,0) (63,39,7) (0,0,0)) is assigned to process 19
   Configuration space box ((0,40,0) (7,47,7) (0,0,0)) is assigned to process 20
   Configuration space box ((8,40,0) (15,47,7) (0,0,0)) is assigned to process 20
   Configuration space box ((16,40,0) (23,47,7) (0,0,0)) is assigned to process 21
   Configuration space box ((24,40,0) (31,47,7) (0,0,0)) is assigned to process 21
   Configuration space box ((32,40,0) (39,47,7) (0,0,0)) is assigned to process 22
   Configuration space box ((40,40,0) (47,47,7) (0,0,0)) is assigned to process 22
   Configuration space box ((48,40,0) (55,47,7) (0,0,0)) is assigned to process 23
   Configuration space box ((56,40,0) (63,47,7) (0,0,0)) is assigned to process 23
   Configuration space box ((0,48,0) (7,55,7) (0,0,0)) is assigned to process 24
   Configuration space box ((8,48,0) (15,55,7) (0,0,0)) is assigned to process 24
   Configuration space box ((16,48,0) (23,55,7) (0,0,0)) is assigned to process 25
   Configuration space box ((24,48,0) (31,55,7) (0,0,0)) is assigned to process 25
   Configuration space box ((32,48,0) (39,55,7) (0,0,0)) is assigned to process 26
   Configuration space box ((40,48,0) (47,55,7) (0,0,0)) is assigned to process 26
   Configuration space box ((48,48,0) (55,55,7) (0,0,0)) is assigned to process 27
   Configuration space box ((56,48,0) (63,55,7) (0,0,0)) is assigned to process 27
   Configuration space box ((0,56,0) (7,63,7) (0,0,0)) is assigned to process 28
   Configuration space box ((8,56,0) (15,63,7) (0,0,0)) is assigned to process 28
**** cellSp[0] = 0.0981748,  cellSp[1] = 0.0981748, cellSp[2] = 0.19635
**** dimensions = 64, 64, 32
   Configuration space box ((16,56,0) (23,63,7) (0,0,0)) is assigned to process 29
   Configuration space box ((24,56,0) (31,63,7) (0,0,0)) is assigned to process 29
   Configuration space box ((32,56,0) (39,63,7) (0,0,0)) is assigned to process 30
   Configuration space box ((40,56,0) (47,63,7) (0,0,0)) is assigned to process 30
   Configuration space box ((48,56,0) (55,63,7) (0,0,0)) is assigned to process 31
   Configuration space box ((56,56,0) (63,63,7) (0,0,0)) is assigned to process 31
   Configuration space box ((0,0,8) (7,7,15) (0,0,0)) is assigned to process 32
   Configuration space box ((8,0,8) (15,7,15) (0,0,0)) is assigned to process 32
   Configuration space box ((16,0,8) (23,7,15) (0,0,0)) is assigned to process 33
   Configuration space box ((24,0,8) (31,7,15) (0,0,0)) is assigned to process 33
   Configuration space box ((32,0,8) (39,7,15) (0,0,0)) is assigned to process 34
   Configuration space box ((40,0,8) (47,7,15) (0,0,0)) is assigned to process 34
   Configuration space box ((48,0,8) (55,7,15) (0,0,0)) is assigned to process 35
   Configuration space box ((56,0,8) (63,7,15) (0,0,0)) is assigned to process 35
   Configuration space box ((0,8,8) (7,15,15) (0,0,0)) is assigned to process 36
   Configuration space box ((8,8,8) (15,15,15) (0,0,0)) is assigned to process 36
   Configuration space box ((16,8,8) (23,15,15) (0,0,0)) is assigned to process 37
   Configuration space box ((24,8,8) (31,15,15) (0,0,0)) is assigned to process 37
   Configuration space box ((32,8,8) (39,15,15) (0,0,0)) is assigned to process 38
   Configuration space box ((40,8,8) (47,15,15) (0,0,0)) is assigned to process 38
**** cellSp[0] = 0.0981748,  cellSp[1] = 0.0981748, cellSp[2] = 0.19635
**** dimensions = 64, 64, 32
   Configuration space box ((48,8,8) (55,15,15) (0,0,0)) is assigned to process 39
   Configuration space box ((56,8,8) (63,15,15) (0,0,0)) is assigned to process 39
   Configuration space box ((0,16,8) (7,23,15) (0,0,0)) is assigned to process 40
   Configuration space box ((8,16,8) (15,23,15) (0,0,0)) is assigned to process 40
   Configuration space box ((16,16,8) (23,23,15) (0,0,0)) is assigned to process 41
   Configuration space box ((24,16,8) (31,23,15) (0,0,0)) is assigned to process 41
   Configuration space box ((32,16,8) (39,23,15) (0,0,0)) is assigned to process 42
   Configuration space box ((40,16,8) (47,23,15) (0,0,0)) is assigned to process 42
   Configuration space box ((48,16,8) (55,23,15) (0,0,0)) is assigned to process 43
   Configuration space box ((56,16,8) (63,23,15) (0,0,0)) is assigned to process 43
   Configuration space box ((0,24,8) (7,31,15) (0,0,0)) is assigned to process 44
   Configuration space box ((8,24,8) (15,31,15) (0,0,0)) is assigned to process 44
   Configuration space box ((16,24,8) (23,31,15) (0,0,0)) is assigned to process 45
   Configuration space box ((24,24,8) (31,31,15) (0,0,0)) is assigned to process 45
   Configuration space box ((32,24,8) (39,31,15) (0,0,0)) is assigned to process 46
   Configuration space box ((40,24,8) (47,31,15) (0,0,0)) is assigned to process 46
   Configuration space box ((48,24,8) (55,31,15) (0,0,0)) is assigned to process 47
   Configuration space box ((56,24,8) (63,31,15) (0,0,0)) is assigned to process 47
   Configuration space box ((0,32,8) (7,39,15) (0,0,0)) is assigned to process 48
   Configuration space box ((8,32,8) (15,39,15) (0,0,0)) is assigned to process 48
   Configuration space box ((16,32,8) (23,39,15) (0,0,0)) is assigned to process 49
   Configuration space box ((24,32,8) (31,39,15) (0,0,0)) is assigned to process 49
**** cellSp[0] = 0.0981748,  cellSp[1] = 0.0981748, cellSp[2] = 0.19635
**** dimensions = 64, 64, 32
**** cellSp[0] = 0.0981748,  cellSp[1] = 0.0981748, cellSp[2] = 0.19635
**** dimensions = 64, 64, 32
   Configuration space box ((32,32,8) (39,39,15) (0,0,0)) is assigned to process 50
   Configuration space box ((40,32,8) (47,39,15) (0,0,0)) is assigned to process 50
   Configuration space box ((48,32,8) (55,39,15) (0,0,0)) is assigned to process 51
   Configuration space box ((56,32,8) (63,39,15) (0,0,0)) is assigned to process 51
   Configuration space box ((0,40,8) (7,47,15) (0,0,0)) is assigned to process 52
   Configuration space box ((8,40,8) (15,47,15) (0,0,0)) is assigned to process 52
   Configuration space box ((16,40,8) (23,47,15) (0,0,0)) is assigned to process 53
   Configuration space box ((24,40,8) (31,47,15) (0,0,0)) is assigned to process 53
   Configuration space box ((32,40,8) (39,47,15) (0,0,0)) is assigned to process 54
   Configuration space box ((40,40,8) (47,47,15) (0,0,0)) is assigned to process 54
   Configuration space box ((48,40,8) (55,47,15) (0,0,0)) is assigned to process 55
   Configuration space box ((56,40,8) (63,47,15) (0,0,0)) is assigned to process 55
   Configuration sp**** cellSp[0] = 0.0981748,  cellSp[1] = 0.0981748, cellSp[2] = 0.19635
**** dimensions = 64, 64, 32
ace box ((0,48,8) (7,55,15) (0,0,0)) is assigned to process 56
   Configuration space box ((8,48,8) (15,55,15) (0,0,0)) is assigned to process 56
   Configuration space box ((16,48,8) (23,55,15) (0,0,0)) is assigned to process 57
   Configuration space box ((24,48,8) (31,55,15) (0,0,0)) is assigned to process 57
   Configuration space box ((32,48,8) (39,55,15) (0,0,0)) is assigned to process 58
   Configuration space box ((40,48,8) (47,55,15) (0,0,0)) is assigned to process 58
   Configuration space box ((48,48,8) (55,55,15) (0,0,0)) is assigned to process 59
   Configuration space box ((56,48,8) (63,55,15) (0,0,0)) is assigned to process 59
   Configuration space box ((0,56,8) (7,63,15) (0,0,0)) is assigned to process 60
   Configuration space box ((8,56,8) (15,63,15) (0,0,0)) is assigned to process 60
   Configuration space box ((16,56,8) (23,63,15) (0,0,0)) is assigned to process 61
   Configuration space box ((24,56,8) (31,63,15) (0,0,0)) is assigned to process 61
   Configuration space box ((32,56,8) (39,63,15) (0,0,0)) is assigned to process 62
**** cellSp[0] = 0.0981748,  cellSp[1] = 0.0981748, cellSp[2] = 0.19635
**** dimensions = 64, 64, 32
   Configuration space box ((40,56,8) (47,63,15) (0,0,0)) is assigned to process 62
   Configuration space box ((48,56,8) (55,63,15) (0,0,0)) is assigned to process 63
   Configuration space box ((56,56,8) (63,63,15) (0,0,0)) is assigned to process 63
   Configuration space box ((0,0,16) (7,7,23) (0,0,0)) is assigned to process 64
   Configuration space box ((8,0,16) (15,7,23) (0,0,0)) is assigned to process 64
   Configuration space box ((16,0,16) (23,7,23) (0,0,0)) is assigned to process 65
   Configuration space box ((24,0,16) (31,7,23) (0,0,0)) is assigned to process 65
   Configuration space box ((32,0,16) (39,7,23) (0,0,0)) is assigned to process 66
   Configuration space box ((40,0,16) (47,7,23) (0,0,0)) is assigned to process 66
   Configuration space box ((48,0,16) (55,7,23) (0,0,0)) is assigned to process 67
   Configuration space box ((56,0,16) (63,7,23) (0,0,0)) is assigned to process 67
   Configuration space box ((0,8,16) (7,15,23) (0,0,0)) is assigned to process 68
   Configuration space box ((8,8,16) (15,15,23) (0,0,0)) is assigned to process 68
   Configuration space box ((16,8,16) (23,15,23) (0,0,0)) is assigned to process 69
   Configuration space box ((24,8,16) (31,15,23) (0,0,0)) is assigned to process 69
   Configuration space box ((32,8,16) (39,15,23) (0,0,0)) is assigned to process 70
   Configuration space box ((40,8,16) (47,15,23) (0,0,0)) is assigned to process 70
   Configuration space box ((48,8,16) (55,15,23) (0,0,0)) is assigned to process 71
   Configuration space box ((56,8,16) (63,15,23) (0,0,0)) is assigned to process 71
   Configuration space box ((0,16,16) (7,23,23) (0,0,0)) is assigned to process 72
   Configuration space box ((8,16,16) (15,23,23) (0,0,0)) is assigned to process 72
   Configuration space box ((16,16,16) (23,23,23) (0,0,0)) is assigned to process 73
   Configuration space box ((24,16,16) (31,23,23) (0,0,0)) is assigned to process 73
   Configuration space box ((32,16,16) (39,23,23) (0,0,0)) is assigned to process 74
   Configuration space box ((40,16,16) (47,23,23) (0,0,0)) is assigned to process 74
   Configuration space box ((48,16,16) (55,23,23) (0,0,0)) is assigned to process 75
   Configuration space box ((56,16,16) (63,23,23) (0,0,0)) is assigned to process 75
   Configuration space box ((0,24,16) (7,31,23) (0,0,0)) is assigned to process 76
   Configuration space box ((8,24,16) (15,31,23) (0,0,0)) is assigned to process 76
   Configuration space box ((16,24,16) (23,31,23) (0,0,0)) is assigned to process 77
   Configuration space box ((24,24,16) (31,31,23) (0,0,0)) is assigned to process 77
   Configuration space box ((32,24,16) (39,31,23) (0,0,0)) is assigned to process 78
   Configuration space box ((40,24,16) (47,31,23) (0,0,0)) is assigned to process 78
   Configuration space box ((48,24,16) (55,31,23) (0,0,0)) is assigned to process 79
   Configuration space box ((56,24,16) (63,31,23) (0,0,0)) is assigned to process 79
   Configuration space box ((0,32,16) (7,39,23) (0,0,0)) is assigned to process 80
   Configuration space box ((8,32,16) (15,39,23) (0,0,0)) is assigned to process 80
   Configuration space box ((16,32,16) (23,39,23) (0,0,0)) is assigned to process 81
   Configuration space box ((24,32,16) (31,39,23) (0,0,0)) is assigned to process 81
   Configuration space box ((32,32,16) (39,39,23) (0,0,0)) is assigned to process 82
   Configuration space box ((40,32,16) (47,39,23) (0,0,0)) is assigned to process 82
   Configuration space box ((48,32,16) (55,39,23) (0,0,0)) is assigned to process 83
   Configuration space box ((56,32,16) (63,39,23) (0,0,0)) is assigned to process 83
   Configuration space box ((0,40,16) (7,47,23) (0,0,0)) is assigned to process 84
   Configuration space box ((8,40,16) (15,47,23) (0,0,0)) is assigned to process 84
   Configuration space box ((16,40,16) (23,47,23) (0,0,0)) is assigned to process 85
   Configuration space box ((24,40,16) (31,47,23) (0,0,0)) is assigned to process 85
   Configuration space box ((32,40,16) (39,47,23) (0,0,0)) is assigned to process 86
   Configuration space box ((40,40,16) (47,47,23) (0,0,0)) is assigned to process 86
   Configuration space box ((48,40,16) (55,47,23) (0,0,0)) is assigned to process 87
   Configuration space box ((56,40,16) (63,47,23) (0,0,0)) is assigned to process 87
   Configuration space box ((0,48,16) (7,55,23) (0,0,0)) is assigned to process 88
   Configuration space box ((8,48,16) (15,55,23) (0,0,0)) is assigned to process 88
   Configuration space box ((16,48,16) (23,55,23) (0,0,0)) is assigned to process 89
   Configuration space box ((24,48,16) (31,55,23) (0,0,0)) is assigned to process 89
   Configuration space box ((32,48,16) (39,55,23) (0,0,0)) is assigned to process 90
   Configuration space box ((40,48,16) (47,55,23) (0,0,0)) is assigned to process 90
   Configuration space box ((48,48,16) (55,55,23) (0,0,0)) is assigned to process 91
   Configuration space box ((56,48,16) (63,55,23) (0,0,0)) is assigned to process 91
   Configuration space box ((0,56,16) (7,63,23) (0,0,0)) is assigned to process 92
   Configuration space box ((8,56,16) (15,63,23) (0,0,0)) is assigned to process 92
   Configuration space box ((16,56,16) (23,63,23) (0,0,0)) is assigned to process 93
   Configuration space box ((24,56,16) (31,63,23) (0,0,0)) is assigned to process 93
   Configuration space box ((32,56,16) (39,63,23) (0,0,0)) is assigned to process 94
   Configuration space box ((40,56,16) (47,63,23) (0,0,0)) is assigned to process 94
   Configuration space box ((48,56,16) (55,63,23) (0,0,0)) is assigned to process 95
   Configuration space box ((56,56,16) (63,63,23) (0,0,0)) is assigned to process 95
   Configuration space box ((0,0,24) (7,7,31) (0,0,0)) is assigned to process 96
   Configuration space box ((8,0,24) (15,7,31) (0,0,0)) is assigned to process 96
   Configuration space box ((16,0,24) (23,7,31) (0,0,0)) is assigned to process 97
   Configuration space box ((24,0,24) (31,7,31) (0,0,0)) is assigned to process 97
   Configuration space box ((32,0,24) (39,7,31) (0,0,0)) is assigned to process 98
   Configuration space box ((40,0,24) (47,7,31) (0,0,0)) is assigned to process 98
   Configuration space box ((48,0,24) (55,7,31) (0,0,0)) is assigned to process 99
   Configuration space box ((56,0,24) (63,7,31) (0,0,0)) is assigned to process 99
   Configuration space box ((0,8,24) (7,15,31) (0,0,0)) is assigned to process 100
   Configuration space box ((8,8,24) (15,15,31) (0,0,0)) is assigned to process 100
   Configuration space box ((16,8,24) (23,15,31) (0,0,0)) is assigned to process 101
   Configuration space box ((24,8,24) (31,15,31) (0,0,0)) is assigned to process 101
   Configuration space box ((32,8,24) (39,15,31) (0,0,0)) is assigned to process 102
   Configuration space box ((40,8,24) (47,15,31) (0,0,0)) is assigned to process 102
   Configuration space box ((48,8,24) (55,15,31) (0,0,0)) is assigned to process 103
   Configuration space box ((56,8,24) (63,15,31) (0,0,0)) is assigned to process 103
   Configuration space box ((0,16,24) (7,23,31) (0,0,0)) is assigned to process 104
   Configuration space box ((8,16,24) (15,23,31) (0,0,0)) is assigned to process 104
**** cellSp[0] = 0.0981748,  cellSp[1] = 0.0981748, cellSp[2] = 0.19635
**** dimensions = 64, 64, 32
   Configuration space box ((16,16,24) (23,23,31) (0,0,0)) is assigned to process 105
   Configuration space box ((24,16,24) (31,23,31) (0,0,0)) is assigned to process 105
   Configuration space box ((32,16,24) (39,23,31) (0,0,0)) is assigned to process 106
   Configuration space box ((40,16,24) (47,23,31) (0,0,0)) is assigned to process 106
   Configuration space box ((48,16,24) (55,23,31) (0,0,0)) is assigned to process 107
   Configuration space box ((56,16,24) (63,23,31) (0,0,0)) is assigned to process 107
   Configuration space box ((0,24,24) (7,31,31) (0,0,0)) is assigned to process 108
   Configuration space box ((8,24,24) (15,31,31) (0,0,0)) is assigned to process 108
   Configuration space box ((16,24,24) (23,31,31) (0,0,0)) is assigned to process 109
   Configuration space box ((24,24,24) (31,31,31) (0,0,0)) is assigned to process 109
   Configuration space box ((32,24,24) (39,31,31) (0,0,0)) is assigned to process 110
   Configuration space box ((40,24,24) (47,31,31) (0,0,0)) is assigned to process 110
   Configuration space box ((48,24,24) (55,31,31) (0,0,0)) is assigned to process 111
   Configuration space box ((56,24,24) (63,31,31) (0,0,0)) is assigned to process 111
   Configuration space box ((0,32,24) (7,39,31) (0,0,0)) is assigned to process 112
   Configuration space box ((8,32,24) (15,39,31) (0,0,0)) is assigned to process 112
   Configuration space box ((16,32,24) (23,39,31) (0,0,0)) is assigned to process 113
   Configuration space box ((24,32,24) (31,39,31) (0,0,0)) is assigned to process 113
   Configuration space box ((32,32,24) (39,39,31) (0,0,0)) is assigned to process 114
   Configuration space box ((40,32,24) (47,39,31) (0,0,0)) is assigned to process 114
   Configuration space box ((48,32,24) (55,39,31) (0,0,0)) is assigned to process 115
   Configuration space box ((56,32,24) (63,39,31) (0,0,0)) is assigned to process 115
   Configuration space box ((0,40,24) (7,47,31) (0,0,0)) is assigned to process 116
**** cellSp[0] = 0.0981748,  cellSp[1] = 0.0981748, cellSp[2] = 0.19635
**** dimensions = 64, 64, 32
   Configuration space box ((8,40,24) (15,47,31) (0,0,0)) is assigned to process 116
   Configuration space box ((16,40,24) (23,47,31) (0,0,0)) is assigned to process 117
   Configuration space box ((24,40,24) (31,47,31) (0,0,0)) is assigned to process 117
   Configuration space box ((32,40,24) (39,47,31) (0,0,0)) is assigned to process 118
   Configuration space box ((40,40,24) (47,47,31) (0,0,0)) is assigned to process 118
   Configuration space box ((48,40,24) (55,47,31) (0,0,0)) is assigned to process 119
   Configuration space box ((56,40,24) (63,47,31) (0,0,0)) is assigned to process 119
   Configuration space box ((0,48,24) (7,55,31) (0,0,0)) is assigned to process 120
   Configuration space box ((8,48,24) (15,55,31) (0,0,0)) is assigned to process 120
   Configuration space box ((16,48,24) (23,55,31) (0,0,0)) is assigned to process 121
   Configuration space box ((24,48,24) (31,55,31) (0,0,0)) is assigned to process 121
   Configuration space box ((32,48,24) (39,55,31) (0,0,0)) is assigned to process 122
   Configuration space box ((40,48,24) (47,55,31) (0,0,0)) is assigned to process 122
   Configuration space box ((48,48,24) (55,55,31) (0,0,0)) is assigned to process 123
   Configuration space box ((56,48,24) (63,55,31) (0,0,0)) is assigned to process 123
   Configuration space box ((0,56,24) (7,63,31) (0,0,0)) is assigned to process 124
   Configuration space box ((8,56,24) (15,63,31) (0,0,0)) is assigned to process 124
   Configuration space box ((16,56,24) (23,63,31) (0,0,0)) is assigned to process 125
   Configuration space box ((24,56,24) (31,63,31) (0,0,0)) is assigned to process 125
   Configuration space box ((32,56,24) (39,63,31) (0,0,0)) is assigned to process 126
   Configuration space box ((40,56,24) (47,63,31) (0,0,0)) is assigned to process 126
   Configuration space box ((48,56,24) (55,63,31) (0,0,0)) is assigned to process 127
   Configuration space box ((56,56,24) (63,63,31) (0,0,0)) is assigned to process 127
Constructing magnetic geometry
**** cellSp[0] = 0.0981748,  cellSp[1] = 0.0981748, cellSp[2] = 0.19635
**** dimensions = 64, 64, 32
**** cellSp[0] = 0.0981748,  cellSp[1] = 0.0981748, cellSp[2] = 0.19635
**** dimensions = 64, 64, 32
**** cellSp[0] = 0.0981748,  cellSp[1] = 0.0981748, cellSp[2] = 0.19635
**** dimensions = 64, 64, 32
**** cellSp[0] = 0.0981748,  cellSp[1] = 0.0981748, cellSp[2] = 0.19635
**** dimensions = 64, 64, 32
**** cellSp[0] = 0.0981748,  cellSp[1] = 0.0981748, cellSp[2] = 0.19635
**** dimensions = 64, 64, 32
Done constructing magnetic geometry
   Velocity space box ((-8,0) (-5,3) (0,0)) is assigned to process 0
   Velocity space box ((-4,0) (-1,3) (0,0)) is assigned to process 1
   Velocity space box ((0,0) (3,3) (0,0)) is assigned to process 2
   Velocity space box ((4,0) (7,3) (0,0)) is assigned to process 3
   Velocity space box ((-8,4) (-5,7) (0,0)) is assigned to process 4
   Velocity space box ((-4,4) (-1,7) (0,0)) is assigned to process 5
   Velocity space box ((0,4) (3,7) (0,0)) is assigned to process 6
   Velocity space box ((4,4) (7,7) (0,0)) is assigned to process 7
   Velocity space box ((-8,8) (-5,11) (0,0)) is assigned to process 8
   Velocity space box ((-4,8) (-1,11) (0,0)) is assigned to process 9
   Velocity space box ((0,8) (3,11) (0,0)) is assigned to process 10
   Velocity space box ((4,8) (7,11) (0,0)) is assigned to process 11
   Velocity space box ((-8,12) (-5,15) (0,0)) is assigned to process 12
   Velocity space box ((-4,12) (-1,15) (0,0)) is assigned to process 13
   Velocity space box ((0,12) (3,15) (0,0)) is assigned to process 14
   Velocity space box ((4,12) (7,15) (0,0)) is assigned to process 15
   Phase space box ((16,8,0,-8,0) (23,15,7,7,15) (0,0,0,0,0)) is assigned to process 10, has 131072 valid cells and 2228224 ghost cells
   Phase space box ((16,8,16,-8,0) (23,15,23,7,15) (0,0,0,0,0)) is assigned to process 10, has 131072 valid cells and 2228224 ghost cells
   Phase space box ((16,16,0,-8,0) (23,23,7,7,15) (0,0,0,0,0)) is assigned to process 18, has 131072 valid cells and 2228224 ghost cells
   Phase space box ((16,16,16,-8,0) (23,23,23,7,15) (0,0,0,0,0)) is assigned to process 18, has 131072 valid cells and 2228224 ghost cells
   Phase space box ((40,8,8,-8,0) (47,15,15,7,15) (0,0,0,0,0)) is assigned to process 77, has 131072 valid cells and 2228224 ghost cells
   Phase space box ((40,8,24,-8,0) (47,15,31,7,15) (0,0,0,0,0)) is assigned to process 77, has 131072 valid cells and 2228224 ghost cells
   Phase space box ((48,16,0,-8,0) (55,23,7,7,15) (0,0,0,0,0)) is assigned to process 22, has 131072 valid cells and 2228224 ghost cells
   Phase space box ((48,16,16,-8,0) (55,23,23,7,15) (0,0,0,0,0)) is assigned to process 22, has 131072 valid cells and 2228224 ghost cells
   Phase space box ((8,24,0,-8,0) (15,31,7,7,15) (0,0,0,0,0)) is assigned to process 25, has 131072 valid cells and 2228224 ghost cells
   Phase space box ((8,24,16,-8,0) (15,31,23,7,15) (0,0,0,0,0)) is assigned to process 25, has 131072 valid cells and 2228224 ghost cells
   Phase space box ((0,16,8,-8,0) (7,23,15,7,15) (0,0,0,0,0)) is assigned to process 80, has 131072 valid cells and 2228224 ghost cells
   Phase space box ((0,16,24,-8,0) (7,23,31,7,15) (0,0,0,0,0)) is assigned to process 80, has 131072 valid cells and 2228224 ghost cells
   Phase space box ((24,24,0,-8,0) (31,31,7,7,15) (0,0,0,0,0)) is assigned to process 27, has 131072 valid cells and 2228224 ghost cells
   Phase space box ((24,24,16,-8,0) (31,31,23,7,15) (0,0,0,0,0)) is assigned to process 27, has 131072 valid cells and 2228224 ghost cells
   Phase space box ((32,16,8,-8,0) (39,23,15,7,15) (0,0,0,0,0)) is assigned to process 84, has 131072 valid cells and 2228224 ghost cells
   Phase space box ((32,16,24,-8,0) (39,23,31,7,15) (0,0,0,0,0)) is assigned to process 84, has 131072 valid cells and 2228224 ghost cells
   Phase space box ((40,24,0,-8,0) (47,31,7,7,15) (0,0,0,0,0)) is assigned to process 29, has 131072 valid cells and 2228224 ghost cells
   Phase space box ((40,24,16,-8,0) (47,31,23,7,15) (0,0,0,0,0)) is assigned to process 29, has 131072 valid cells and 2228224 ghost cells
   Phase space box ((0,0,8,-8,0) (7,7,15,7,15) (0,0,0,0,0)) is assigned to process 64, has 131072 valid cells and 2228224 ghost cells
   Phase space box ((0,0,24,-8,0) (7,7,31,7,15) (0,0,0,0,0)) is assigned to process 64, has 131072 valid cells and 2228224 ghost cells
   Phase space box ((0,0,0,-8,0) (7,7,7,7,15) (0,0,0,0,0)) is assigned to process 0, has 131072 valid cells and 2228224 ghost cells
   Phase space box ((0,0,16,-8,0) (7,7,23,7,15) (0,0,0,0,0)) is assigned to process 0, has 131072 valid cells and 2228224 ghost cells
   Phase space box ((8,0,8,-8,0) (15,7,15,7,15) (0,0,0,0,0)) is assigned to process 65, has 131072 valid cells and 2228224 ghost cells
   Phase space box ((8,0,24,-8,0) (15,7,31,7,15) (0,0,0,0,0)) is assigned to process 65, has 131072 valid cells and 2228224 ghost cells
   Phase space box ((8,0,0,-8,0) (15,7,7,7,15) (0,0,0,0,0)) is assigned to process 1, has 131072 valid cells and 2228224 ghost cells
   Phase space box ((8,0,16,-8,0) (15,7,23,7,15) (0,0,0,0,0)) is assigned to process 1, has 131072 valid cells and 2228224 ghost cells
   Phase space box ((16,0,8,-8,0) (23,7,15,7,15) (0,0,0,0,0)) is assigned to process 66, has 131072 valid cells and 2228224 ghost cells
   Phase space box ((16,0,24,-8,0) (23,7,31,7,15) (0,0,0,0,0)) is assigned to process 66, has 131072 valid cells and 2228224 ghost cells
   Phase space box ((16,0,0,-8,0) (23,7,7,7,15) (0,0,0,0,0)) is assigned to process 2, has 131072 valid cells and 2228224 ghost cells
   Phase space box ((16,0,16,-8,0) (23,7,23,7,15) (0,0,0,0,0)) is assigned to process 2, has 131072 valid cells and 2228224 ghost cells
   Phase space box ((24,0,8,-8,0) (31,7,15,7,15) (0,0,0,0,0)) is assigned to process 67, has 131072 valid cells and 2228224 ghost cells
   Phase space box ((24,0,24,-8,0) (31,7,31,7,15) (0,0,0,0,0)) is assigned to process 67, has 131072 valid cells and 2228224 ghost cells
   Phase space box ((24,0,0,-8,0) (31,7,7,7,15) (0,0,0,0,0)) is assigned to process 3, has 131072 valid cells and 2228224 ghost cells
   Phase space box ((24,0,16,-8,0) (31,7,23,7,15) (0,0,0,0,0)) is assigned to process 3, has 131072 valid cells and 2228224 ghost cells
   Phase space box ((32,0,8,-8,0) (39,7,15,7,15) (0,0,0,0,0)) is assigned to process 68, has 131072 valid cells and 2228224 ghost cells
   Phase space box ((32,0,24,-8,0) (39,7,31,7,15) (0,0,0,0,0)) is assigned to process 68, has 131072 valid cells and 2228224 ghost cells
   Phase space box ((32,0,0,-8,0) (39,7,7,7,15) (0,0,0,0,0)) is assigned to process 4, has 131072 valid cells and 2228224 ghost cells
   Phase space box ((32,0,16,-8,0) (39,7,23,7,15) (0,0,0,0,0)) is assigned to process 4, has 131072 valid cells and 2228224 ghost cells
   Phase space box ((40,0,8,-8,0) (47,7,15,7,15) (0,0,0,0,0)) is assigned to process 69, has 131072 valid cells and 2228224 ghost cells
   Phase space box ((40,0,24,-8,0) (47,7,31,7,15) (0,0,0,0,0)) is assigned to process 69, has 131072 valid cells and 2228224 ghost cells
   Phase space box ((40,0,0,-8,0) (47,7,7,7,15) (0,0,0,0,0)) is assigned to process 5, has 131072 valid cells and 2228224 ghost cells
   Phase space box ((40,0,16,-8,0) (47,7,23,7,15) (0,0,0,0,0)) is assigned to process 5, has 131072 valid cells and 2228224 ghost cells
   Phase space box ((48,0,8,-8,0) (55,7,15,7,15) (0,0,0,0,0)) is assigned to process 70, has 131072 valid cells and 2228224 ghost cells
   Phase space box ((48,0,24,-8,0) (55,7,31,7,15) (0,0,0,0,0)) is assigned to process 70, has 131072 valid cells and 2228224 ghost cells
   Phase space box ((48,0,0,-8,0) (55,7,7,7,15) (0,0,0,0,0)) is assigned to process 6, has 131072 valid cells and 2228224 ghost cells
   Phase space box ((48,0,16,-8,0) (55,7,23,7,15) (0,0,0,0,0)) is assigned to process 6, has 131072 valid cells and 2228224 ghost cells
   Phase space box ((56,0,8,-8,0) (63,7,15,7,15) (0,0,0,0,0)) is assigned to process 71, has 131072 valid cells and 2228224 ghost cells
   Phase space box ((56,0,24,-8,0) (63,7,31,7,15) (0,0,0,0,0)) is assigned to process 71, has 131072 valid cells and 2228224 ghost cells
   Phase space box ((56,0,0,-8,0) (63,7,7,7,15) (0,0,0,0,0)) is assigned to process 7, has 131072 valid cells and 2228224 ghost cells
   Phase space box ((56,0,16,-8,0) (63,7,23,7,15) (0,0,0,0,0)) is assigned to process 7, has 131072 valid cells and 2228224 ghost cells
   Phase space box ((0,8,8,-8,0) (7,15,15,7,15) (0,0,0,0,0)) is assigned to process 72, has 131072 valid cells and 2228224 ghost cells
   Phase space box ((0,8,24,-8,0) (7,15,31,7,15) (0,0,0,0,0)) is assigned to process 72, has 131072 valid cells and 2228224 ghost cells
   Phase space box ((0,8,0,-8,0) (7,15,7,7,15) (0,0,0,0,0)) is assigned to process 8, has 131072 valid cells and 2228224 ghost cells
   Phase space box ((0,8,16,-8,0) (7,15,23,7,15) (0,0,0,0,0)) is assigned to process 8, has 131072 valid cells and 2228224 ghost cells
   Phase space box ((8,8,8,-8,0) (15,15,15,7,15) (0,0,0,0,0)) is assigned to process 73, has 131072 valid cells and 2228224 ghost cells
   Phase space box ((8,8,24,-8,0) (15,15,31,7,15) (0,0,0,0,0)) is assigned to process 73, has 131072 valid cells and 2228224 ghost cells
   Phase space box ((8,8,0,-8,0) (15,15,7,7,15) (0,0,0,0,0)) is assigned to process 9, has 131072 valid cells and 2228224 ghost cells
   Phase space box ((8,8,16,-8,0) (15,15,23,7,15) (0,0,0,0,0)) is assigned to process 9, has 131072 valid cells and 2228224 ghost cells
   Phase space box ((16,8,8,-8,0) (23,15,15,7,15) (0,0,0,0,0)) is assigned to process 74, has 131072 valid cells and 2228224 ghost cells
   Phase space box ((16,8,24,-8,0) (23,15,31,7,15) (0,0,0,0,0)) is assigned to process 74, has 131072 valid cells and 2228224 ghost cells
   Phase space box ((24,8,0,-8,0) (31,15,7,7,15) (0,0,0,0,0)) is assigned to process 11, has 131072 valid cells and 2228224 ghost cells
   Phase space box ((24,8,16,-8,0) (31,15,23,7,15) (0,0,0,0,0)) is assigned to process 11, has 131072 valid cells and 2228224 ghost cells
   Phase space box ((24,8,8,-8,0) (31,15,15,7,15) (0,0,0,0,0)) is assigned to process 75, has 131072 valid cells and 2228224 ghost cells
   Phase space box ((24,8,24,-8,0) (31,15,31,7,15) (0,0,0,0,0)) is assigned to process 75, has 131072 valid cells and 2228224 ghost cells
   Phase space box ((32,8,0,-8,0) (39,15,7,7,15) (0,0,0,0,0)) is assigned to process 12, has 131072 valid cells and 2228224 ghost cells
   Phase space box ((32,8,16,-8,0) (39,15,23,7,15) (0,0,0,0,0)) is assigned to process 12, has 131072 valid cells and 2228224 ghost cells
   Phase space box ((32,8,8,-8,0) (39,15,15,7,15) (0,0,0,0,0)) is assigned to process 76, has 131072 valid cells and 2228224 ghost cells
   Phase space box ((32,8,24,-8,0) (39,15,31,7,15) (0,0,0,0,0)) is assigned to process 76, has 131072 valid cells and 2228224 ghost cells
   Phase space box ((40,8,0,-8,0) (47,15,7,7,15) (0,0,0,0,0)) is assigned to process 13, has 131072 valid cells and 2228224 ghost cells
   Phase space box ((40,8,16,-8,0) (47,15,23,7,15) (0,0,0,0,0)) is assigned to process 13, has 131072 valid cells and 2228224 ghost cells
   Phase space box ((48,8,8,-8,0) (55,15,15,7,15) (0,0,0,0,0)) is assigned to process 78, has 131072 valid cells and 2228224 ghost cells
   Phase space box ((48,8,24,-8,0) (55,15,31,7,15) (0,0,0,0,0)) is assigned to process 78, has 131072 valid cells and 2228224 ghost cells
   Phase space box ((48,8,0,-8,0) (55,15,7,7,15) (0,0,0,0,0)) is assigned to process 14, has 131072 valid cells and 2228224 ghost cells
   Phase space box ((48,8,16,-8,0) (55,15,23,7,15) (0,0,0,0,0)) is assigned to process 14, has 131072 valid cells and 2228224 ghost cells
   Phase space box ((56,8,8,-8,0) (63,15,15,7,15) (0,0,0,0,0)) is assigned to process 79, has 131072 valid cells and 2228224 ghost cells
   Phase space box ((56,8,24,-8,0) (63,15,31,7,15) (0,0,0,0,0)) is assigned to process 79, has 131072 valid cells and 2228224 ghost cells
   Phase space box ((56,8,0,-8,0) (63,15,7,7,15) (0,0,0,0,0)) is assigned to process 15, has 131072 valid cells and 2228224 ghost cells
   Phase space box ((56,8,16,-8,0) (63,15,23,7,15) (0,0,0,0,0)) is assigned to process 15, has 131072 valid cells and 2228224 ghost cells
   Phase space box ((8,16,8,-8,0) (15,23,15,7,15) (0,0,0,0,0)) is assigned to process 81, has 131072 valid cells and 2228224 ghost cells
   Phase space box ((8,16,24,-8,0) (15,23,31,7,15) (0,0,0,0,0)) is assigned to process 81, has 131072 valid cells and 2228224 ghost cells
   Phase space box ((0,16,0,-8,0) (7,23,7,7,15) (0,0,0,0,0)) is assigned to process 16, has 131072 valid cells and 2228224 ghost cells
   Phase space box ((0,16,16,-8,0) (7,23,23,7,15) (0,0,0,0,0)) is assigned to process 16, has 131072 valid cells and 2228224 ghost cells
   Phase space box ((16,16,8,-8,0) (23,23,15,7,15) (0,0,0,0,0)) is assigned to process 82, has 131072 valid cells and 2228224 ghost cells
   Phase space box ((16,16,24,-8,0) (23,23,31,7,15) (0,0,0,0,0)) is assigned to process 82, has 131072 valid cells and 2228224 ghost cells
   Phase space box ((8,16,0,-8,0) (15,23,7,7,15) (0,0,0,0,0)) is assigned to process 17, has 131072 valid cells and 2228224 ghost cells
   Phase space box ((8,16,16,-8,0) (15,23,23,7,15) (0,0,0,0,0)) is assigned to process 17, has 131072 valid cells and 2228224 ghost cells
   Phase space box ((24,16,8,-8,0) (31,23,15,7,15) (0,0,0,0,0)) is assigned to process 83, has 131072 valid cells and 2228224 ghost cells
   Phase space box ((24,16,24,-8,0) (31,23,31,7,15) (0,0,0,0,0)) is assigned to process 83, has 131072 valid cells and 2228224 ghost cells
   Phase space box ((24,16,0,-8,0) (31,23,7,7,15) (0,0,0,0,0)) is assigned to process 19, has 131072 valid cells and 2228224 ghost cells
   Phase space box ((24,16,16,-8,0) (31,23,23,7,15) (0,0,0,0,0)) is assigned to process 19, has 131072 valid cells and 2228224 ghost cells
   Phase space box ((40,16,8,-8,0) (47,23,15,7,15) (0,0,0,0,0)) is assigned to process 85, has 131072 valid cells and 2228224 ghost cells
   Phase space box ((40,16,24,-8,0) (47,23,31,7,15) (0,0,0,0,0)) is assigned to process 85, has 131072 valid cells and 2228224 ghost cells
   Phase space box ((48,16,8,-8,0) (55,23,15,7,15) (0,0,0,0,0)) is assigned to process 86, has 131072 valid cells and 2228224 ghost cells
   Phase space box ((48,16,24,-8,0) (55,23,31,7,15) (0,0,0,0,0)) is assigned to process 86, has 131072 valid cells and 2228224 ghost cells
   Phase space box ((56,16,8,-8,0) (63,23,15,7,15) (0,0,0,0,0)) is assigned to process 87, has 131072 valid cells and 2228224 ghost cells
   Phase space box ((56,16,24,-8,0) (63,23,31,7,15) (0,0,0,0,0)) is assigned to process 87, has 131072 valid cells and 2228224 ghost cells
   Phase space box ((0,24,8,-8,0) (7,31,15,7,15) (0,0,0,0,0)) is assigned to process 88, has 131072 valid cells and 2228224 ghost cells
   Phase space box ((0,24,24,-8,0) (7,31,31,7,15) (0,0,0,0,0)) is assigned to process 88, has 131072 valid cells and 2228224 ghost cells
   Phase space box ((8,24,8,-8,0) (15,31,15,7,15) (0,0,0,0,0)) is assigned to process 89, has 131072 valid cells and 2228224 ghost cells
   Phase space box ((8,24,24,-8,0) (15,31,31,7,15) (0,0,0,0,0)) is assigned to process 89, has 131072 valid cells and 2228224 ghost cells
   Phase space box ((16,24,8,-8,0) (23,31,15,7,15) (0,0,0,0,0)) is assigned to process 90, has 131072 valid cells and 2228224 ghost cells
   Phase space box ((16,24,24,-8,0) (23,31,31,7,15) (0,0,0,0,0)) is assigned to process 90, has 131072 valid cells and 2228224 ghost cells
   Phase space box ((24,24,8,-8,0) (31,31,15,7,15) (0,0,0,0,0)) is assigned to process 91, has 131072 valid cells and 2228224 ghost cells
   Phase space box ((24,24,24,-8,0) (31,31,31,7,15) (0,0,0,0,0)) is assigned to process 91, has 131072 valid cells and 2228224 ghost cells
   Phase space box ((32,24,8,-8,0) (39,31,15,7,15) (0,0,0,0,0)) is assigned to process 92, has 131072 valid cells and 2228224 ghost cells
   Phase space box ((32,24,24,-8,0) (39,31,31,7,15) (0,0,0,0,0)) is assigned to process 92, has 131072 valid cells and 2228224 ghost cells
   Phase space box ((40,24,8,-8,0) (47,31,15,7,15) (0,0,0,0,0)) is assigned to process 93, has 131072 valid cells and 2228224 ghost cells
   Phase space box ((40,24,24,-8,0) (47,31,31,7,15) (0,0,0,0,0)) is assigned to process 93, has 131072 valid cells and 2228224 ghost cells
   Phase space box ((48,24,8,-8,0) (55,31,15,7,15) (0,0,0,0,0)) is assigned to process 94, has 131072 valid cells and 2228224 ghost cells
   Phase space box ((48,24,24,-8,0) (55,31,31,7,15) (0,0,0,0,0)) is assigned to process 94, has 131072 valid cells and 2228224 ghost cells
   Phase space box ((56,24,8,-8,0) (63,31,15,7,15) (0,0,0,0,0)) is assigned to process 95, has 131072 valid cells and 2228224 ghost cells
   Phase space box ((56,24,24,-8,0) (63,31,31,7,15) (0,0,0,0,0)) is assigned to process 95, has 131072 valid cells and 2228224 ghost cells
**** cellSp[0] = 0.0981748,  cellSp[1] = 0.0981748, cellSp[2] = 0.19635
**** dimensions = 64, 64, 32
**** cellSp[0] = 0.0981748,  cellSp[1] = 0.0981748, cellSp[2] = 0.19635
**** dimensions = 64, 64, 32
**** cellSp[0] = 0.0981748,  cellSp[1] = 0.0981748, cellSp[2] = 0.19635
**** dimensions = 64, 64, 32
**** cellSp[0] = 0.0981748,  cellSp[1] = 0.0981748, cellSp[2] = 0.19635
**** dimensions = 64, 64, 32
**** cellSp[0] = 0.0981748,  cellSp[1] = 0.0981748, cellSp[2] = 0.19635
**** dimensions = 64, 64, 32
**** cellSp[0] = 0.0981748,  cellSp[1] = 0.0981748, cellSp[2] = 0.19635
**** dimensions = 64, 64, 32
**** cellSp[0] = 0.0981748,  cellSp[1] = 0.0981748, cellSp[2] = 0.19635
**** dimensions = 64, 64, 32
**** cellSp[0] = 0.0981748,  cellSp[1] = 0.0981748, cellSp[2] = 0.19635
**** dimensions = 64, 64, 32
**** cellSp[0] = 0.0981748,  cellSp[1] = 0.0981748, cellSp[2] = 0.19635
**** dimensions = 64, 64, 32
**** cellSp[0] = 0.0981748,  cellSp[1] = 0.0981748, cellSp[2] = 0.19635
**** dimensions = 64, 64, 32
**** cellSp[0] = 0.0981748,  cellSp[1] = 0.0981748, cellSp[2] = 0.19635
**** dimensions = 64, 64, 32
**** cellSp[0] = 0.0981748,  cellSp[1] = 0.0981748, cellSp[2] = 0.19635
**** dimensions = 64, 64, 32
**** cellSp[0] = 0.0981748,  cellSp[1] = 0.0981748, cellSp[2] = 0.19635
**** dimensions = 64, 64, 32
**** cellSp[0] = 0.0981748,  cellSp[1] = 0.0981748, cellSp[2] = 0.19635
**** dimensions = 64, 64, 32
**** cellSp[0] = 0.0981748,  cellSp[1] = 0.0981748, cellSp[2] = 0.19635
**** dimensions = 64, 64, 32
**** cellSp[0] = 0.0981748,  cellSp[1] = 0.0981748, cellSp[2] = 0.19635
**** dimensions = 64, 64, 32
**** cellSp[0] = 0.0981748,  cellSp[1] = 0.0981748, cellSp[2] = 0.19635
**** dimensions = 64, 64, 32
**** cellSp[0] = 0.0981748,  cellSp[1] = 0.0981748, cellSp[2] = 0.19635
**** dimensions = 64, 64, 32
**** cellSp[0] = 0.0981748,  cellSp[1] = 0.0981748, cellSp[2] = 0.19635
**** dimensions = 64, 64, 32
**** cellSp[0] = 0.0981748,  cellSp[1] = 0.0981748, cellSp[2] = 0.19635
**** dimensions = 64, 64, 32
**** cellSp[0] = 0.0981748,  cellSp[1] = 0.0981748, cellSp[2] = 0.19635
**** dimensions = 64, 64, 32
**** cellSp[0] = 0.0981748,  cellSp[1] = 0.0981748, cellSp[2] = 0.19635
**** dimensions = 64, 64, 32
**** cellSp[0] = 0.0981748,  cellSp[1] = 0.0981748, cellSp[2] = 0.19635
**** dimensions = 64, 64, 32
**** cellSp[0] = 0.0981748,  cellSp[1] = 0.0981748, cellSp[2] = 0.19635
**** dimensions = 64, 64, 32
**** cellSp[0] = 0.0981748,  cellSp[1] = 0.0981748, cellSp[2] = 0.19635
**** dimensions = 64, 64, 32
**** cellSp[0] = 0.0981748,  cellSp[1] = 0.0981748, cellSp[2] = 0.19635
**** dimensions = 64, 64, 32
**** cellSp[0] = 0.0981748,  cellSp[1] = 0.0981748, cellSp[2] = 0.19635
**** dimensions = 64, 64, 32
**** cellSp[0] = 0.0981748,  cellSp[1] = 0.0981748, cellSp[2] = 0.19635
**** dimensions = 64, 64, 32
**** cellSp[0] = 0.0981748,  cellSp[1] = 0.0981748, cellSp[2] = 0.19635
**** dimensions = 64, 64, 32
**** cellSp[0] = 0.0981748,  cellSp[1] = 0.0981748, cellSp[2] = 0.19635
**** dimensions = 64, 64, 32
**** cellSp[0] = 0.0981748,  cellSp[1] = 0.0981748, cellSp[2] = 0.19635
**** dimensions = 64, 64, 32
   Phase space box ((24,32,8,-8,0) (31,39,15,7,15) (0,0,0,0,0)) is assigned to process 99, has 131072 valid cells and 2228224 ghost cells
   Phase space box ((24,32,24,-8,0) (31,39,31,7,15) (0,0,0,0,0)) is assigned to process 99, has 131072 valid cells and 2228224 ghost cells
   Phase space box ((40,32,8,-8,0) (47,39,15,7,15) (0,0,0,0,0)) is assigned to process 101, has 131072 valid cells and 2228224 ghost cells
   Phase space box ((40,32,24,-8,0) (47,39,31,7,15) (0,0,0,0,0)) is assigned to process 101, has 131072 valid cells and 2228224 ghost cells
   Phase space box ((48,32,8,-8,0) (55,39,15,7,15) (0,0,0,0,0)) is assigned to process 102, has 131072 valid cells and 2228224 ghost cells
   Phase space box ((48,32,24,-8,0) (55,39,31,7,15) (0,0,0,0,0)) is assigned to process 102, has 131072 valid cells and 2228224 ghost cells
   Phase space box ((16,40,8,-8,0) (23,47,15,7,15) (0,0,0,0,0)) is assigned to process 106, has 131072 valid cells and 2228224 ghost cells
   Phase space box ((16,40,24,-8,0) (23,47,31,7,15) (0,0,0,0,0)) is assigned to process 106, has 131072 valid cells and 2228224 ghost cells
   Phase space box ((0,48,8,-8,0) (7,55,15,7,15) (0,0,0,0,0)) is assigned to process 112, has 131072 valid cells and 2228224 ghost cells
   Phase space box ((0,48,24,-8,0) (7,55,31,7,15) (0,0,0,0,0)) is assigned to process 112, has 131072 valid cells and 2228224 ghost cells
   Phase space box ((16,48,8,-8,0) (23,55,15,7,15) (0,0,0,0,0)) is assigned to process 114, has 131072 valid cells and 2228224 ghost cells
   Phase space box ((16,48,24,-8,0) (23,55,31,7,15) (0,0,0,0,0)) is assigned to process 114, has 131072 valid cells and 2228224 ghost cells
   Phase space box ((24,48,8,-8,0) (31,55,15,7,15) (0,0,0,0,0)) is assigned to process 115, has 131072 valid cells and 2228224 ghost cells
   Phase space box ((24,48,24,-8,0) (31,55,31,7,15) (0,0,0,0,0)) is assigned to process 115, has 131072 valid cells and 2228224 ghost cells
   Phase space box ((32,48,8,-8,0) (39,55,15,7,15) (0,0,0,0,0)) is assigned to process 116, has 131072 valid cells and 2228224 ghost cells
   Phase space box ((32,48,24,-8,0) (39,55,31,7,15) (0,0,0,0,0)) is assigned to process 116, has 131072 valid cells and 2228224 ghost cells
   Phase space box ((40,48,8,-8,0) (47,55,15,7,15) (0,0,0,0,0)) is assigned to process 117, has 131072 valid cells and 2228224 ghost cells
   Phase space box ((40,48,24,-8,0) (47,55,31,7,15) (0,0,0,0,0)) is assigned to process 117, has 131072 valid cells and 2228224 ghost cells
   Phase space box ((48,48,8,-8,0) (55,55,15,7,15) (0,0,0,0,0)) is assigned to process 118, has 131072 valid cells and 2228224 ghost cells
   Phase space box ((48,48,24,-8,0) (55,55,31,7,15) (0,0,0,0,0)) is assigned to process 118, has 131072 valid cells and 2228224 ghost cells
   Phase space box ((8,56,8,-8,0) (15,63,15,7,15) (0,0,0,0,0)) is assigned to process 121, has 131072 valid cells and 2228224 ghost cells
   Phase space box ((8,56,24,-8,0) (15,63,31,7,15) (0,0,0,0,0)) is assigned to process 121, has 131072 valid cells and 2228224 ghost cells
   Phase space box ((24,56,8,-8,0) (31,63,15,7,15) (0,0,0,0,0)) is assigned to process 123, has 131072 valid cells and 2228224 ghost cells
   Phase space box ((24,56,24,-8,0) (31,63,31,7,15) (0,0,0,0,0)) is assigned to process 123, has 131072 valid cells and 2228224 ghost cells
   Phase space box ((32,56,8,-8,0) (39,63,15,7,15) (0,0,0,0,0)) is assigned to process 124, has 131072 valid cells and 2228224 ghost cells
   Phase space box ((32,56,24,-8,0) (39,63,31,7,15) (0,0,0,0,0)) is assigned to process 124, has 131072 valid cells and 2228224 ghost cells
   Phase space box ((48,56,8,-8,0) (55,63,15,7,15) (0,0,0,0,0)) is assigned to process 126, has 131072 valid cells and 2228224 ghost cells
   Phase space box ((48,56,24,-8,0) (55,63,31,7,15) (0,0,0,0,0)) is assigned to process 126, has 131072 valid cells and 2228224 ghost cells
   Phase space box ((56,56,8,-8,0) (63,63,15,7,15) (0,0,0,0,0)) is assigned to process 127, has 131072 valid cells and 2228224 ghost cells
   Phase space box ((56,56,24,-8,0) (63,63,31,7,15) (0,0,0,0,0)) is assigned to process 127, has 131072 valid cells and 2228224 ghost cells
   Phase space box ((0,32,8,-8,0) (7,39,15,7,15) (0,0,0,0,0)) is assigned to process 96, has 131072 valid cells and 2228224 ghost cells
   Phase space box ((0,32,24,-8,0) (7,39,31,7,15) (0,0,0,0,0)) is assigned to process 96, has 131072 valid cells and 2228224 ghost cells
   Phase space box ((8,32,8,-8,0) (15,39,15,7,15) (0,0,0,0,0)) is assigned to process 97, has 131072 valid cells and 2228224 ghost cells
   Phase space box ((8,32,24,-8,0) (15,39,31,7,15) (0,0,0,0,0)) is assigned to process 97, has 131072 valid cells and 2228224 ghost cells
   Phase space box ((16,32,8,-8,0) (23,39,15,7,15) (0,0,0,0,0)) is assigned to process 98, has 131072 valid cells and 2228224 ghost cells
   Phase space box ((16,32,24,-8,0) (23,39,31,7,15) (0,0,0,0,0)) is assigned to process 98, has 131072 valid cells and 2228224 ghost cells
   Phase space box ((32,32,8,-8,0) (39,39,15,7,15) (0,0,0,0,0)) is assigned to process 100, has 131072 valid cells and 2228224 ghost cells
   Phase space box ((32,32,24,-8,0) (39,39,31,7,15) (0,0,0,0,0)) is assigned to process 100, has 131072 valid cells and 2228224 ghost cells
   Phase space box ((56,32,8,-8,0) (63,39,15,7,15) (0,0,0,0,0)) is assigned to process 103, has 131072 valid cells and 2228224 ghost cells
   Phase space box ((56,32,24,-8,0) (63,39,31,7,15) (0,0,0,0,0)) is assigned to process 103, has 131072 valid cells and 2228224 ghost cells
   Phase space box ((0,40,8,-8,0) (7,47,15,7,15) (0,0,0,0,0)) is assigned to process 104, has 131072 valid cells and 2228224 ghost cells
   Phase space box ((0,40,24,-8,0) (7,47,31,7,15) (0,0,0,0,0)) is assigned to process 104, has 131072 valid cells and 2228224 ghost cells
   Phase space box ((8,40,8,-8,0) (15,47,15,7,15) (0,0,0,0,0)) is assigned to process 105, has 131072 valid cells and 2228224 ghost cells
   Phase space box ((8,40,24,-8,0) (15,47,31,7,15) (0,0,0,0,0)) is assigned to process 105, has 131072 valid cells and 2228224 ghost cells
   Phase space box ((24,40,8,-8,0) (31,47,15,7,15) (0,0,0,0,0)) is assigned to process 107, has 131072 valid cells and 2228224 ghost cells
   Phase space box ((24,40,24,-8,0) (31,47,31,7,15) (0,0,0,0,0)) is assigned to process 107, has 131072 valid cells and 2228224 ghost cells
   Phase space box ((32,40,8,-8,0) (39,47,15,7,15) (0,0,0,0,0)) is assigned to process 108, has 131072 valid cells and 2228224 ghost cells
   Phase space box ((32,40,24,-8,0) (39,47,31,7,15) (0,0,0,0,0)) is assigned to process 108, has 131072 valid cells and 2228224 ghost cells
   Phase space box ((40,40,8,-8,0) (47,47,15,7,15) (0,0,0,0,0)) is assigned to process 109, has 131072 valid cells and 2228224 ghost cells
   Phase space box ((40,40,24,-8,0) (47,47,31,7,15) (0,0,0,0,0)) is assigned to process 109, has 131072 valid cells and 2228224 ghost cells
   Phase space box ((48,40,8,-8,0) (55,47,15,7,15) (0,0,0,0,0)) is assigned to process 110, has 131072 valid cells and 2228224 ghost cells
   Phase space box ((48,40,24,-8,0) (55,47,31,7,15) (0,0,0,0,0)) is assigned to process 110, has 131072 valid cells and 2228224 ghost cells
   Phase space box ((56,40,8,-8,0) (63,47,15,7,15) (0,0,0,0,0)) is assigned to process 111, has 131072 valid cells and 2228224 ghost cells
   Phase space box ((56,40,24,-8,0) (63,47,31,7,15) (0,0,0,0,0)) is assigned to process 111, has 131072 valid cells and 2228224 ghost cells
   Phase space box ((8,48,8,-8,0) (15,55,15,7,15) (0,0,0,0,0)) is assigned to process 113, has 131072 valid cells and 2228224 ghost cells
   Phase space box ((8,48,24,-8,0) (15,55,31,7,15) (0,0,0,0,0)) is assigned to process 113, has 131072 valid cells and 2228224 ghost cells
   Phase space box ((56,48,8,-8,0) (63,55,15,7,15) (0,0,0,0,0)) is assigned to process 119, has 131072 valid cells and 2228224 ghost cells
   Phase space box ((56,48,24,-8,0) (63,55,31,7,15) (0,0,0,0,0)) is assigned to process 119, has 131072 valid cells and 2228224 ghost cells
   Phase space box ((0,56,8,-8,0) (7,63,15,7,15) (0,0,0,0,0)) is assigned to process 120, has 131072 valid cells and 2228224 ghost cells
   Phase space box ((0,56,24,-8,0) (7,63,31,7,15) (0,0,0,0,0)) is assigned to process 120, has 131072 valid cells and 2228224 ghost cells
   Phase space box ((16,56,8,-8,0) (23,63,15,7,15) (0,0,0,0,0)) is assigned to process 122, has 131072 valid cells and 2228224 ghost cells
   Phase space box ((16,56,24,-8,0) (23,63,31,7,15) (0,0,0,0,0)) is assigned to process 122, has 131072 valid cells and 2228224 ghost cells
   Phase space box ((40,56,8,-8,0) (47,63,15,7,15) (0,0,0,0,0)) is assigned to process 125, has 131072 valid cells and 2228224 ghost cells
   Phase space box ((40,56,24,-8,0) (47,63,31,7,15) (0,0,0,0,0)) is assigned to process 125, has 131072 valid cells and 2228224 ghost cells
**** cellSp[0] = 0.0981748,  cellSp[1] = 0.0981748, cellSp[2] = 0.19635
**** dimensions = 64, 64, 32
**** cellSp[0] = 0.0981748,  cellSp[1] = 0.0981748, cellSp[2] = 0.19635
**** dimensions = 64, 64, 32
**** cellSp[0] = 0.0981748,  cellSp[1] = 0.0981748, cellSp[2] = 0.19635
**** dimensions = 64, 64, 32
**** cellSp[0] = 0.0981748,  cellSp[1] = 0.0981748, cellSp[2] = 0.19635
**** dimensions = 64, 64, 32
**** cellSp[0] = 0.0981748,  cellSp[1] = 0.0981748, cellSp[2] = 0.19635
**** dimensions = 64, 64, 32
**** cellSp[0] = 0.0981748,  cellSp[1] = 0.0981748, cellSp[2] = 0.19635
**** dimensions = 64, 64, 32
**** cellSp[0] = 0.0981748,  cellSp[1] = 0.0981748, cellSp[2] = 0.19635
**** dimensions = 64, 64, 32
**** cellSp[0] = 0.0981748,  cellSp[1] = 0.0981748, cellSp[2] = 0.19635
**** dimensions = 64, 64, 32
**** cellSp[0] = 0.0981748,  cellSp[1] = 0.0981748, cellSp[2] = 0.19635
**** dimensions = 64, 64, 32
**** cellSp[0] = 0.0981748,  cellSp[1] = 0.0981748, cellSp[2] = 0.19635
**** dimensions = 64, 64, 32
**** cellSp[0] = 0.0981748,  cellSp[1] = 0.0981748, cellSp[2] = 0.19635
**** dimensions = 64, 64, 32
**** cellSp[0] = 0.0981748,  cellSp[1] = 0.0981748, cellSp[2] = 0.19635
**** dimensions = 64, 64, 32
**** cellSp[0] = 0.0981748,  cellSp[1] = 0.0981748, cellSp[2] = 0.19635
**** dimensions = 64, 64, 32
**** cellSp[0] = 0.0981748,  cellSp[1] = 0.0981748, cellSp[2] = 0.19635
**** dimensions = 64, 64, 32
**** cellSp[0] = 0.0981748,  cellSp[1] = 0.0981748, cellSp[2] = 0.19635
**** dimensions = 64, 64, 32
**** cellSp[0] = 0.0981748,  cellSp[1] = 0.0981748, cellSp[2] = 0.19635
**** dimensions = 64, 64, 32
**** cellSp[0] = 0.0981748,  cellSp[1] = 0.0981748, cellSp[2] = 0.19635
**** dimensions = 64, 64, 32
**** cellSp[0] = 0.0981748,  cellSp[1] = 0.0981748, cellSp[2] = 0.19635
**** dimensions = 64, 64, 32
**** cellSp[0] = 0.0981748,  cellSp[1] = 0.0981748, cellSp[2] = 0.19635
**** dimensions = 64, 64, 32
**** cellSp[0] = 0.0981748,  cellSp[1] = 0.0981748, cellSp[2] = 0.19635
**** dimensions = 64, 64, 32
**** cellSp[0] = 0.0981748,  cellSp[1] = 0.0981748, cellSp[2] = 0.19635
**** dimensions = 64, 64, 32
**** cellSp[0] = 0.0981748,  cellSp[1] = 0.0981748, cellSp[2] = 0.19635
**** dimensions = 64, 64, 32
**** cellSp[0] = 0.0981748,  cellSp[1] = 0.0981748, cellSp[2] = 0.19635
**** dimensions = 64, 64, 32
**** cellSp[0] = 0.0981748,  cellSp[1] = 0.0981748, cellSp[2] = 0.19635
**** dimensions = 64, 64, 32
**** cellSp[0] = 0.0981748,  cellSp[1] = 0.0981748, cellSp[2] = 0.19635
**** dimensions = 64, 64, 32
**** cellSp[0] = 0.0981748,  cellSp[1] = 0.0981748, cellSp[2] = 0.19635
**** dimensions = 64, 64, 32
**** cellSp[0] = 0.0981748,  cellSp[1] = 0.0981748, cellSp[2] = 0.19635
**** dimensions = 64, 64, 32
**** cellSp[0] = 0.0981748,  cellSp[1] = 0.0981748, cellSp[2] = 0.19635
**** dimensions = 64, 64, 32
**** cellSp[0] = 0.0981748,  cellSp[1] = 0.0981748, cellSp[2] = 0.19635
**** dimensions = 64, 64, 32
**** cellSp[0] = 0.0981748,  cellSp[1] = 0.0981748, cellSp[2] = 0.19635
**** dimensions = 64, 64, 32
**** cellSp[0] = 0.0981748,  cellSp[1] = 0.0981748, cellSp[2] = 0.19635
**** dimensions = 64, 64, 32
   Phase space box ((24,40,0,-8,0) (31,47,7,7,15) (0,0,0,0,0)) is assigned to process 43, has 131072 valid cells and 2228224 ghost cells
   Phase space box ((24,40,16,-8,0) (31,47,23,7,15) (0,0,0,0,0)) is assigned to process 43, has 131072 valid cells and 2228224 ghost cells
   Phase space box ((40,40,0,-8,0) (47,47,7,7,15) (0,0,0,0,0)) is assigned to process 45, has 131072 valid cells and 2228224 ghost cells
   Phase space box ((40,40,16,-8,0) (47,47,23,7,15) (0,0,0,0,0)) is assigned to process 45, has 131072 valid cells and 2228224 ghost cells
   Phase space box ((56,48,0,-8,0) (63,55,7,7,15) (0,0,0,0,0)) is assigned to process 55, has 131072 valid cells and 2228224 ghost cells
   Phase space box ((56,48,16,-8,0) (63,55,23,7,15) (0,0,0,0,0)) is assigned to process 55, has 131072 valid cells and 2228224 ghost cells
   Phase space box ((0,56,0,-8,0) (7,63,7,7,15) (0,0,0,0,0)) is assigned to process 56, has 131072 valid cells and 2228224 ghost cells
   Phase space box ((0,56,16,-8,0) (7,63,23,7,15) (0,0,0,0,0)) is assigned to process 56, has 131072 valid cells and 2228224 ghost cells
   Phase space box ((24,56,0,-8,0) (31,63,7,7,15) (0,0,0,0,0)) is assigned to process 59, has 131072 valid cells and 2228224 ghost cells
   Phase space box ((24,56,16,-8,0) (31,63,23,7,15) (0,0,0,0,0)) is assigned to process 59, has 131072 valid cells and 2228224 ghost cells
   Phase space box ((32,56,0,-8,0) (39,63,7,7,15) (0,0,0,0,0)) is assigned to process 60, has 131072 valid cells and 2228224 ghost cells
   Phase space box ((32,56,16,-8,0) (39,63,23,7,15) (0,0,0,0,0)) is assigned to process 60, has 131072 valid cells and 2228224 ghost cells
   Phase space box ((56,56,0,-8,0) (63,63,7,7,15) (0,0,0,0,0)) is assigned to process 63, has 131072 valid cells and 2228224 ghost cells
   Phase space box ((56,56,16,-8,0) (63,63,23,7,15) (0,0,0,0,0)) is assigned to process 63, has 131072 valid cells and 2228224 ghost cells
   Phase space box ((0,32,0,-8,0) (7,39,7,7,15) (0,0,0,0,0)) is assigned to process 32, has 131072 valid cells and 2228224 ghost cells
   Phase space box ((0,32,16,-8,0) (7,39,23,7,15) (0,0,0,0,0)) is assigned to process 32, has 131072 valid cells and 2228224 ghost cells
   Phase space box ((8,32,0,-8,0) (15,39,7,7,15) (0,0,0,0,0)) is assigned to process 33, has 131072 valid cells and 2228224 ghost cells
   Phase space box ((8,32,16,-8,0) (15,39,23,7,15) (0,0,0,0,0)) is assigned to process 33, has 131072 valid cells and 2228224 ghost cells
   Phase space box ((16,32,0,-8,0) (23,39,7,7,15) (0,0,0,0,0)) is assigned to process 34, has 131072 valid cells and 2228224 ghost cells
   Phase space box ((16,32,16,-8,0) (23,39,23,7,15) (0,0,0,0,0)) is assigned to process 34, has 131072 valid cells and 2228224 ghost cells
   Phase space box ((24,32,0,-8,0) (31,39,7,7,15) (0,0,0,0,0)) is assigned to process 35, has 131072 valid cells and 2228224 ghost cells
   Phase space box ((24,32,16,-8,0) (31,39,23,7,15) (0,0,0,0,0)) is assigned to process 35, has 131072 valid cells and 2228224 ghost cells
   Phase space box ((32,32,0,-8,0) (39,39,7,7,15) (0,0,0,0,0)) is assigned to process 36, has 131072 valid cells and 2228224 ghost cells
   Phase space box ((32,32,16,-8,0) (39,39,23,7,15) (0,0,0,0,0)) is assigned to process 36, has 131072 valid cells and 2228224 ghost cells
   Phase space box ((40,32,0,-8,0) (47,39,7,7,15) (0,0,0,0,0)) is assigned to process 37, has 131072 valid cells and 2228224 ghost cells
   Phase space box ((40,32,16,-8,0) (47,39,23,7,15) (0,0,0,0,0)) is assigned to process 37, has 131072 valid cells and 2228224 ghost cells
   Phase space box ((48,32,0,-8,0) (55,39,7,7,15) (0,0,0,0,0)) is assigned to process 38, has 131072 valid cells and 2228224 ghost cells
   Phase space box ((48,32,16,-8,0) (55,39,23,7,15) (0,0,0,0,0)) is assigned to process 38, has 131072 valid cells and 2228224 ghost cells
   Phase space box ((56,32,0,-8,0) (63,39,7,7,15) (0,0,0,0,0)) is assigned to process 39, has 131072 valid cells and 2228224 ghost cells
   Phase space box ((56,32,16,-8,0) (63,39,23,7,15) (0,0,0,0,0)) is assigned to process 39, has 131072 valid cells and 2228224 ghost cells
   Phase space box ((0,40,0,-8,0) (7,47,7,7,15) (0,0,0,0,0)) is assigned to process 40, has 131072 valid cells and 2228224 ghost cells
   Phase space box ((0,40,16,-8,0) (7,47,23,7,15) (0,0,0,0,0)) is assigned to process 40, has 131072 valid cells and 2228224 ghost cells
   Phase space box ((8,40,0,-8,0) (15,47,7,7,15) (0,0,0,0,0)) is assigned to process 41, has 131072 valid cells and 2228224 ghost cells
   Phase space box ((8,40,16,-8,0) (15,47,23,7,15) (0,0,0,0,0)) is assigned to process 41, has 131072 valid cells and 2228224 ghost cells
   Phase space box ((16,40,0,-8,0) (23,47,7,7,15) (0,0,0,0,0)) is assigned to process 42, has 131072 valid cells and 2228224 ghost cells
   Phase space box ((16,40,16,-8,0) (23,47,23,7,15) (0,0,0,0,0)) is assigned to process 42, has 131072 valid cells and 2228224 ghost cells
   Phase space box ((32,40,0,-8,0) (39,47,7,7,15) (0,0,0,0,0)) is assigned to process 44, has 131072 valid cells and 2228224 ghost cells
   Phase space box ((32,40,16,-8,0) (39,47,23,7,15) (0,0,0,0,0)) is assigned to process 44, has 131072 valid cells and 2228224 ghost cells
   Phase space box ((48,40,0,-8,0) (55,47,7,7,15) (0,0,0,0,0)) is assigned to process 46, has 131072 valid cells and 2228224 ghost cells
   Phase space box ((48,40,16,-8,0) (55,47,23,7,15) (0,0,0,0,0)) is assigned to process 46, has 131072 valid cells and 2228224 ghost cells
   Phase space box ((56,40,0,-8,0) (63,47,7,7,15) (0,0,0,0,0)) is assigned to process 47, has 131072 valid cells and 2228224 ghost cells
   Phase space box ((56,40,16,-8,0) (63,47,23,7,15) (0,0,0,0,0)) is assigned to process 47, has 131072 valid cells and 2228224 ghost cells
   Phase space box ((0,48,0,-8,0) (7,55,7,7,15) (0,0,0,0,0)) is assigned to process 48, has 131072 valid cells and 2228224 ghost cells
   Phase space box ((0,48,16,-8,0) (7,55,23,7,15) (0,0,0,0,0)) is assigned to process 48, has 131072 valid cells and 2228224 ghost cells
   Phase space box ((8,48,0,-8,0) (15,55,7,7,15) (0,0,0,0,0)) is assigned to process 49, has 131072 valid cells and 2228224 ghost cells
   Phase space box ((8,48,16,-8,0) (15,55,23,7,15) (0,0,0,0,0)) is assigned to process 49, has 131072 valid cells and 2228224 ghost cells
   Phase space box ((16,48,0,-8,0) (23,55,7,7,15) (0,0,0,0,0)) is assigned to process 50, has 131072 valid cells and 2228224 ghost cells
   Phase space box ((16,48,16,-8,0) (23,55,23,7,15) (0,0,0,0,0)) is assigned to process 50, has 131072 valid cells and 2228224 ghost cells
   Phase space box ((24,48,0,-8,0) (31,55,7,7,15) (0,0,0,0,0)) is assigned to process 51, has 131072 valid cells and 2228224 ghost cells
   Phase space box ((24,48,16,-8,0) (31,55,23,7,15) (0,0,0,0,0)) is assigned to process 51, has 131072 valid cells and 2228224 ghost cells
   Phase space box ((32,48,0,-8,0) (39,55,7,7,15) (0,0,0,0,0)) is assigned to process 52, has 131072 valid cells and 2228224 ghost cells
   Phase space box ((32,48,16,-8,0) (39,55,23,7,15) (0,0,0,0,0)) is assigned to process 52, has 131072 valid cells and 2228224 ghost cells
   Phase space box ((40,48,0,-8,0) (47,55,7,7,15) (0,0,0,0,0)) is assigned to process 53, has 131072 valid cells and 2228224 ghost cells
   Phase space box ((40,48,16,-8,0) (47,55,23,7,15) (0,0,0,0,0)) is assigned to process 53, has 131072 valid cells and 2228224 ghost cells
   Phase space box ((48,48,0,-8,0) (55,55,7,7,15) (0,0,0,0,0)) is assigned to process 54, has 131072 valid cells and 2228224 ghost cells
   Phase space box ((48,48,16,-8,0) (55,55,23,7,15) (0,0,0,0,0)) is assigned to process 54, has 131072 valid cells and 2228224 ghost cells
   Phase space box ((8,56,0,-8,0) (15,63,7,7,15) (0,0,0,0,0)) is assigned to process 57, has 131072 valid cells and 2228224 ghost cells
   Phase space box ((8,56,16,-8,0) (15,63,23,7,15) (0,0,0,0,0)) is assigned to process 57, has 131072 valid cells and 2228224 ghost cells
   Phase space box ((16,56,0,-8,0) (23,63,7,7,15) (0,0,0,0,0)) is assigned to process 58, has 131072 valid cells and 2228224 ghost cells
   Phase space box ((16,56,16,-8,0) (23,63,23,7,15) (0,0,0,0,0)) is assigned to process 58, has 131072 valid cells and 2228224 ghost cells
   Phase space box ((40,56,0,-8,0) (47,63,7,7,15) (0,0,0,0,0)) is assigned to process 61, has 131072 valid cells and 2228224 ghost cells
   Phase space box ((40,56,16,-8,0) (47,63,23,7,15) (0,0,0,0,0)) is assigned to process 61, has 131072 valid cells and 2228224 ghost cells
   Phase space box ((48,56,0,-8,0) (55,63,7,7,15) (0,0,0,0,0)) is assigned to process 62, has 131072 valid cells and 2228224 ghost cells
   Phase space box ((48,56,16,-8,0) (55,63,23,7,15) (0,0,0,0,0)) is assigned to process 62, has 131072 valid cells and 2228224 ghost cells
   Phase space box ((32,16,0,-8,0) (39,23,7,7,15) (0,0,0,0,0)) is assigned to process 20, has 131072 valid cells and 2228224 ghost cells
   Phase space box ((32,16,16,-8,0) (39,23,23,7,15) (0,0,0,0,0)) is assigned to process 20, has 131072 valid cells and 2228224 ghost cells
   Phase space box ((40,16,0,-8,0) (47,23,7,7,15) (0,0,0,0,0)) is assigned to process 21, has 131072 valid cells and 2228224 ghost cells
   Phase space box ((40,16,16,-8,0) (47,23,23,7,15) (0,0,0,0,0)) is assigned to process 21, has 131072 valid cells and 2228224 ghost cells
   Phase space box ((56,16,0,-8,0) (63,23,7,7,15) (0,0,0,0,0)) is assigned to process 23, has 131072 valid cells and 2228224 ghost cells
   Phase space box ((56,16,16,-8,0) (63,23,23,7,15) (0,0,0,0,0)) is assigned to process 23, has 131072 valid cells and 2228224 ghost cells
   Phase space box ((0,24,0,-8,0) (7,31,7,7,15) (0,0,0,0,0)) is assigned to process 24, has 131072 valid cells and 2228224 ghost cells
   Phase space box ((0,24,16,-8,0) (7,31,23,7,15) (0,0,0,0,0)) is assigned to process 24, has 131072 valid cells and 2228224 ghost cells
   Phase space box ((16,24,0,-8,0) (23,31,7,7,15) (0,0,0,0,0)) is assigned to process 26, has 131072 valid cells and 2228224 ghost cells
   Phase space box ((16,24,16,-8,0) (23,31,23,7,15) (0,0,0,0,0)) is assigned to process 26, has 131072 valid cells and 2228224 ghost cells
   Phase space box ((32,24,0,-8,0) (39,31,7,7,15) (0,0,0,0,0)) is assigned to process 28, has 131072 valid cells and 2228224 ghost cells
   Phase space box ((32,24,16,-8,0) (39,31,23,7,15) (0,0,0,0,0)) is assigned to process 28, has 131072 valid cells and 2228224 ghost cells
   Phase space box ((48,24,0,-8,0) (55,31,7,7,15) (0,0,0,0,0)) is assigned to process 30, has 131072 valid cells and 2228224 ghost cells
   Phase space box ((48,24,16,-8,0) (55,31,23,7,15) (0,0,0,0,0)) is assigned to process 30, has 131072 valid cells and 2228224 ghost cells
   Phase space box ((56,24,0,-8,0) (63,31,7,7,15) (0,0,0,0,0)) is assigned to process 31, has 131072 valid cells and 2228224 ghost cells
   Phase space box ((56,24,16,-8,0) (63,31,23,7,15) (0,0,0,0,0)) is assigned to process 31, has 131072 valid cells and 2228224 ghost cells
Adding species and constructing gyrocenter coordinates...
   hydrogen: kinetic species with mass = 2, charge = 1
Done adding species and constructing coordinates

Grid Function Library =========================

"Ion_vpar_grid_func":
Constant grid function parameters:
  value: 0

"N0_grid_func":
Arbitrary grid function parameters:
  function: (1.00+exp(-(x-pi)^2/(2*pi*0.01/0.02)-(y-pi)^2/(2*pi*0.01/0.02))*exp(-(z-pi/2)^2/(2*pi*0.001/0.02))    )

"T0_grid_func":
Cosine grid function parameters:
  constant: 1
  amplitude: 0
  mode: (1,0,0)
  phase: (0,0,0)

"zero_grid_func":
Constant grid function parameters:
  value: 0

===============================================

Kinetic Function Library =========================

"maxwellian_phase_func":
Maxwellian kinetic function parameters:
-- Density --
Arbitrary grid function parameters:
  function: (1.00+exp(-(x-pi)^2/(2*pi*0.01/0.02)-(y-pi)^2/(2*pi*0.01/0.02))*exp(-(z-pi/2)^2/(2*pi*0.001/0.02))    )

-- Temperature --
Cosine grid function parameters:
  constant: 1
  amplitude: 0
  mode: (1,0,0)
  phase: (0,0,0)

-- Vparallel --
Constant grid function parameters:
  value: 0


==================================================

SlabPotentialBC ================================
- variable: potential-------------
  radial_lower: 
     bc_type  = 1
     bc_value = 0
  radial_upper: 
     bc_type  = 1
     bc_value = 0
  poloidal_lower: 
     bc_type  = 1
     bc_value = 0
  poloidal_upper: 
     bc_type  = 1
     bc_value = 0
  toroidal_lower: 
     bc_type  = 1
     bc_value = 0
  toroidal_upper: 
     bc_type  = 1
     bc_value = 0
-----------------------------------------------
===============================================

SlabPhaseBC ================================
- variable: hydrogen-------------
  radial_lower: 
Maxwellian kinetic function parameters:
-- Density --
Arbitrary grid function parameters:
  function: (1.00+exp(-(x-pi)^2/(2*pi*0.01/0.02)-(y-pi)^2/(2*pi*0.01/0.02))*exp(-(z-pi/2)^2/(2*pi*0.001/0.02))    )

-- Temperature --
Cosine grid function parameters:
  constant: 1
  amplitude: 0
  mode: (1,0,0)
  phase: (0,0,0)

-- Vparallel --
Constant grid function parameters:
  value: 0


  radial_upper: 
Maxwellian kinetic function parameters:
-- Density --
Arbitrary grid function parameters:
  function: (1.00+exp(-(x-pi)^2/(2*pi*0.01/0.02)-(y-pi)^2/(2*pi*0.01/0.02))*exp(-(z-pi/2)^2/(2*pi*0.001/0.02))    )

-- Temperature --
Cosine grid function parameters:
  constant: 1
  amplitude: 0
  mode: (1,0,0)
  phase: (0,0,0)

-- Vparallel --
Constant grid function parameters:
  value: 0


  poloidal_lower: 
Maxwellian kinetic function parameters:
-- Density --
Arbitrary grid function parameters:
  function: (1.00+exp(-(x-pi)^2/(2*pi*0.01/0.02)-(y-pi)^2/(2*pi*0.01/0.02))*exp(-(z-pi/2)^2/(2*pi*0.001/0.02))    )

-- Temperature --
Cosine grid function parameters:
  constant: 1
  amplitude: 0
  mode: (1,0,0)
  phase: (0,0,0)

-- Vparallel --
Constant grid function parameters:
  value: 0


  poloidal_upper: 
Maxwellian kinetic function parameters:
-- Density --
Arbitrary grid function parameters:
  function: (1.00+exp(-(x-pi)^2/(2*pi*0.01/0.02)-(y-pi)^2/(2*pi*0.01/0.02))*exp(-(z-pi/2)^2/(2*pi*0.001/0.02))    )

-- Temperature --
Cosine grid function parameters:
  constant: 1
  amplitude: 0
  mode: (1,0,0)
  phase: (0,0,0)

-- Vparallel --
Constant grid function parameters:
  value: 0


  toroidal_lower: 
Maxwellian kinetic function parameters:
-- Density --
Arbitrary grid function parameters:
  function: (1.00+exp(-(x-pi)^2/(2*pi*0.01/0.02)-(y-pi)^2/(2*pi*0.01/0.02))*exp(-(z-pi/2)^2/(2*pi*0.001/0.02))    )

-- Temperature --
Cosine grid function parameters:
  constant: 1
  amplitude: 0
  mode: (1,0,0)
  phase: (0,0,0)

-- Vparallel --
Constant grid function parameters:
  value: 0


  toroidal_upper: 
Maxwellian kinetic function parameters:
-- Density --
Arbitrary grid function parameters:
  function: (1.00+exp(-(x-pi)^2/(2*pi*0.01/0.02)-(y-pi)^2/(2*pi*0.01/0.02))*exp(-(z-pi/2)^2/(2*pi*0.001/0.02))    )

-- Temperature --
Cosine grid function parameters:
  constant: 1
  amplitude: 0
  mode: (1,0,0)
  phase: (0,0,0)

-- Vparallel --
Constant grid function parameters:
  value: 0


  vpar_lower: 
Maxwellian kinetic function parameters:
-- Density --
Arbitrary grid function parameters:
  function: (1.00+exp(-(x-pi)^2/(2*pi*0.01/0.02)-(y-pi)^2/(2*pi*0.01/0.02))*exp(-(z-pi/2)^2/(2*pi*0.001/0.02))    )

-- Temperature --
Cosine grid function parameters:
  constant: 1
  amplitude: 0
  mode: (1,0,0)
  phase: (0,0,0)

-- Vparallel --
Constant grid function parameters:
  value: 0


  vpar_upper: 
Maxwellian kinetic function parameters:
-- Density --
Arbitrary grid function parameters:
  function: (1.00+exp(-(x-pi)^2/(2*pi*0.01/0.02)-(y-pi)^2/(2*pi*0.01/0.02))*exp(-(z-pi/2)^2/(2*pi*0.001/0.02))    )

-- Temperature --
Cosine grid function parameters:
  constant: 1
  amplitude: 0
  mode: (1,0,0)
  phase: (0,0,0)

-- Vparallel --
Constant grid function parameters:
  value: 0


  mu_lower: 
Maxwellian kinetic function parameters:
-- Density --
Arbitrary grid function parameters:
  function: (1.00+exp(-(x-pi)^2/(2*pi*0.01/0.02)-(y-pi)^2/(2*pi*0.01/0.02))*exp(-(z-pi/2)^2/(2*pi*0.001/0.02))    )

-- Temperature --
Cosine grid function parameters:
  constant: 1
  amplitude: 0
  mode: (1,0,0)
  phase: (0,0,0)

-- Vparallel --
Constant grid function parameters:
  value: 0


  mu_upper: 
Maxwellian kinetic function parameters:
-- Density --
Arbitrary grid function parameters:
  function: (1.00+exp(-(x-pi)^2/(2*pi*0.01/0.02)-(y-pi)^2/(2*pi*0.01/0.02))*exp(-(z-pi/2)^2/(2*pi*0.001/0.02))    )

-- Temperature --
Cosine grid function parameters:
  constant: 1
  amplitude: 0
  mode: (1,0,0)
  phase: (0,0,0)

-- Vparallel --
Constant grid function parameters:
  value: 0


-----------------------------------------------
===============================================
Using electrons with fixed E field !!!
Using electrons with fixed E field !!!
Using electrons with fixed E field !!!
Using electrons with fixed E field !!!
Using electrons with fixed E field !!!
Using electrons with fixed E field !!!
Using electrons with fixed E field !!!
Using electrons with fixed E field !!!
Using electrons with fixed E field !!!
Using electrons with fixed E field !!!
Using electrons with fixed E field !!!
Using electrons with fixed E field !!!
Using electrons with fixed E field !!!
Using electrons with fixed E field !!!
Using electrons with fixed E field !!!
Using electrons with fixed E field !!!
Using electrons with fixed E field !!!
Using electrons with fixed E field !!!
Using electrons with fixed E field !!!
Using electrons with fixed E field !!!
Using electrons with fixed E field !!!
Using electrons with fixed E field !!!
Using electrons with fixed E field !!!
Using electrons with fixed E field !!!
Using electrons with fixed E field !!!
Using electrons with fixed E field !!!
Using electrons with fixed E field !!!
Using electrons with fixed E field !!!
Using electrons with fixed E field !!!
Using electrons with fixed E field !!!
Using electrons with fixed E field !!!
Using electrons with fixed E field !!!
Using electrons with fixed E field !!!
Using electrons with fixed E field !!!
Using electrons with fixed E field !!!
Using electrons with fixed E field !!!
Using electrons with fixed E field !!!
Using electrons with fixed E field !!!
Using electrons with fixed E field !!!
Using electrons with fixed E field !!!
Using electrons with fixed E field !!!
Using electrons with fixed E field !!!
Using electrons with fixed E field !!!
Using electrons with fixed E field !!!
Using electrons with fixed E field !!!
Using electrons with fixed E field !!!
Using electrons with fixed E field !!!
Using electrons with fixed E field !!!
Using electrons with fixed E field !!!
Using electrons with fixed E field !!!
Using electrons with fixed E field !!!
Using electrons with fixed E field !!!
Using electrons with fixed E field !!!
Using electrons with fixed E field !!!
Using electrons with fixed E field !!!
Using electrons with fixed E field !!!
Using electrons with fixed E field !!!
Using electrons with fixed E field !!!
Using electrons with fixed E field !!!
Using electrons with fixed E field !!!
No collision model specified for hydrogen.
Collision model for 0	hydrogen:	None
Time integration method: rk (4)
Using electrons with fixed E field !!!
Using electrons with fixed E field !!!
Using electrons with fixed E field !!!
Using electrons with fixed E field !!!
Using electrons with fixed E field !!!
Using electrons with fixed E field !!!
Using electrons with fixed E field !!!
Using electrons with fixed E field !!!
Using electrons with fixed E field !!!
Using electrons with fixed E field !!!
Using electrons with fixed E field !!!
Using electrons with fixed E field !!!
Using electrons with fixed E field !!!
Using electrons with fixed E field !!!
Using electrons with fixed E field !!!
Using electrons with fixed E field !!!
Using electrons with fixed E field !!!
Using electrons with fixed E field !!!
Using electrons with fixed E field !!!
Using electrons with fixed E field !!!
Using electrons with fixed E field !!!
Using electrons with fixed E field !!!
Using electrons with fixed E field !!!
Using electrons with fixed E field !!!
Using electrons with fixed E field !!!
Using electrons with fixed E field !!!
Using electrons with fixed E field !!!
Using electrons with fixed E field !!!
Using electrons with fixed E field !!!
Using electrons with fixed E field !!!
Using electrons with fixed E field !!!
Using electrons with fixed E field !!!
Using electrons with fixed E field !!!
Using electrons with fixed E field !!!
Using electrons with fixed E field !!!
Using electrons with fixed E field !!!
Using electrons with fixed E field !!!
Using electrons with fixed E field !!!
Using electrons with fixed E field !!!
Using electrons with fixed E field !!!
Using electrons with fixed E field !!!
Using electrons with fixed E field !!!
Using electrons with fixed E field !!!
Using electrons with fixed E field !!!
Using electrons with fixed E field !!!
Using electrons with fixed E field !!!
Using electrons with fixed E field !!!
Using electrons with fixed E field !!!
Using electrons with fixed E field !!!
Using electrons with fixed E field !!!
Using electrons with fixed E field !!!
Using electrons with fixed E field !!!
Using electrons with fixed E field !!!
Using electrons with fixed E field !!!
Using electrons with fixed E field !!!
Using electrons with fixed E field !!!
Using electrons with fixed E field !!!
Using electrons with fixed E field !!!
Using electrons with fixed E field !!!
Using electrons with fixed E field !!!
Using electrons with fixed E field !!!
Using electrons with fixed E field !!!
Using electrons with fixed E field !!!
Using electrons with fixed E field !!!
Using electrons with fixed E field !!!
Using electrons with fixed E field !!!
Using electrons with fixed E field !!!
Using electrons with fixed E field !!!
GKPoissonAdiabaticElectron parameters:
   Debye number squared = 5.52635e-10
   Larmor number squared = 1.04397e-05
   prefactor_strategy = 3
   nonlinear_relative_tolerance = 1e-05
   nonlinear_maximum_iterations = 20
  Distribution Function Extrema:
    Species 0:	0.000475543 [max]	5.71554e-09 [min]


Step 1
  --
  Specified time step is higher than stable time step. Using subiterations.
  2 subiterations will be made with sub_dt = 5e-05
  You may disable this by setting simulation.fixed_dt_subiteration = false.
  --
  --
  Subiteration:1 of 2
  --
  Subiteration:2 of 2
  ----
  dt: 5e-05
    Vlasov    : 0.000117851 (time scale), 0.424264 (CFL)
  ----
  Distribution Function Extrema:
    Species 0:	0.00047554 [max]	5.62754e-09 [min]

Step 2 completed, simulation time is 0.0001
----

Step 3
  --
  Specified time step is higher than stable time step. Using subiterations.
  2 subiterations will be made with sub_dt = 5e-05
  You may disable this by setting simulation.fixed_dt_subiteration = false.
  --
  --
  Subiteration:1 of 2
  --
  Subiteration:2 of 2
  ----
  dt: 5e-05
    Vlasov    : 0.000117851 (time scale), 0.424264 (CFL)
  ----
  Distribution Function Extrema:
    Species 0:	0.000475531 [max]	5.64001e-09 [min]

Step 4 completed, simulation time is 0.0002
----

Step 5
  --
  Specified time step is higher than stable time step. Using subiterations.
  2 subiterations will be made with sub_dt = 5e-05
  You may disable this by setting simulation.fixed_dt_subiteration = false.
  --
  --
  Subiteration:1 of 2
  --
  Subiteration:2 of 2
  ----
  dt: 5e-05
    Vlasov    : 0.000117851 (time scale), 0.424264 (CFL)
  ----
  Distribution Function Extrema:
    Species 0:	0.000475517 [max]	5.64149e-09 [min]

Step 6 completed, simulation time is 0.0003
----

Step 7
  --
  Specified time step is higher than stable time step. Using subiterations.
  2 subiterations will be made with sub_dt = 5e-05
  You may disable this by setting simulation.fixed_dt_subiteration = false.
  --
  --
  Subiteration:1 of 2
  --
  Subiteration:2 of 2
  ----
  dt: 5e-05
    Vlasov    : 0.000117851 (time scale), 0.424264 (CFL)
  ----
  Distribution Function Extrema:
    Species 0:	0.000475496 [max]	5.63706e-09 [min]

Step 8 completed, simulation time is 0.0004
----

Step 9
  --
  Specified time step is higher than stable time step. Using subiterations.
  2 subiterations will be made with sub_dt = 5e-05
  You may disable this by setting simulation.fixed_dt_subiteration = false.
  --
  --
  Subiteration:1 of 2
  --
  Subiteration:2 of 2
  ----
  dt: 5e-05
    Vlasov    : 0.000117851 (time scale), 0.424264 (CFL)
  ----
  Distribution Function Extrema:
    Species 0:	0.00047547 [max]	5.63035e-09 [min]

Step 10 completed, simulation time is 0.0005
----
Writing checkpoint file
Writing history file

Step 11
  --
  Specified time step is higher than stable time step. Using subiterations.
  2 subiterations will be made with sub_dt = 5e-05
  You may disable this by setting simulation.fixed_dt_subiteration = false.
  --
  --
  Subiteration:1 of 2
  --
  Subiteration:2 of 2
  ----
  dt: 5e-05
    Vlasov    : 0.000117851 (time scale), 0.424264 (CFL)
  ----
  Distribution Function Extrema:
    Species 0:	0.000475438 [max]	5.62304e-09 [min]

Step 12 completed, simulation time is 0.0006
----

Step 13
  --
  Specified time step is higher than stable time step. Using subiterations.
  2 subiterations will be made with sub_dt = 5e-05
  You may disable this by setting simulation.fixed_dt_subiteration = false.
  --
  --
  Subiteration:1 of 2
  --
  Subiteration:2 of 2
  ----
  dt: 5e-05
    Vlasov    : 0.000117851 (time scale), 0.424264 (CFL)
  ----
  Distribution Function Extrema:
    Species 0:	0.0004754 [max]	5.61734e-09 [min]

Step 14 completed, simulation time is 0.0007
----

Step 15
  --
  Specified time step is higher than stable time step. Using subiterations.
  2 subiterations will be made with sub_dt = 5e-05
  You may disable this by setting simulation.fixed_dt_subiteration = false.
  --
  --
  Subiteration:1 of 2
  --
  Subiteration:2 of 2
  ----
  dt: 5e-05
    Vlasov    : 0.000117851 (time scale), 0.424264 (CFL)
  ----
  Distribution Function Extrema:
    Species 0:	0.000475357 [max]	5.61386e-09 [min]

Step 16 completed, simulation time is 0.0008
----

Step 17
  --
  Specified time step is higher than stable time step. Using subiterations.
  2 subiterations will be made with sub_dt = 5e-05
  You may disable this by setting simulation.fixed_dt_subiteration = false.
  --
  --
  Subiteration:1 of 2
  --
  Subiteration:2 of 2
  ----
  dt: 5e-05
    Vlasov    : 0.000117851 (time scale), 0.424264 (CFL)
  ----
  Distribution Function Extrema:
    Species 0:	0.000475307 [max]	5.61052e-09 [min]

Step 18 completed, simulation time is 0.0009
----

Step 19
  --
  Specified time step is higher than stable time step. Using subiterations.
  2 subiterations will be made with sub_dt = 5e-05
  You may disable this by setting simulation.fixed_dt_subiteration = false.
  --
  --
  Subiteration:1 of 2
  --
  Subiteration:2 of 2
  ----
  dt: 5e-05
    Vlasov    : 0.000117851 (time scale), 0.424264 (CFL)
  ----
  Distribution Function Extrema:
    Species 0:	0.000475332 [max]	5.60805e-09 [min]

Step 20 completed, simulation time is 0.001
----
Writing checkpoint file
Writing history file

Step 21
  --
  Specified time step is higher than stable time step. Using subiterations.
  2 subiterations will be made with sub_dt = 5e-05
  You may disable this by setting simulation.fixed_dt_subiteration = false.
  --
  --
  Subiteration:1 of 2
  --
  Subiteration:2 of 2
  ----
  dt: 5e-05
    Vlasov    : 0.000117851 (time scale), 0.424264 (CFL)
  ----
  Distribution Function Extrema:
    Species 0:	0.000475352 [max]	5.60685e-09 [min]

Step 22 completed, simulation time is 0.0011
----

Step 23
  --
  Specified time step is higher than stable time step. Using subiterations.
  2 subiterations will be made with sub_dt = 5e-05
  You may disable this by setting simulation.fixed_dt_subiteration = false.
  --
  --
  Subiteration:1 of 2
  --
  Subiteration:2 of 2
  ----
  dt: 5e-05
    Vlasov    : 0.000117851 (time scale), 0.424264 (CFL)
  ----
  Distribution Function Extrema:
    Species 0:	0.000475365 [max]	5.60692e-09 [min]

Step 24 completed, simulation time is 0.0012
----

Step 25
slurmstepd: *** STEP 1116872.0 ON nid01402 CANCELLED AT 2016-02-10T19:12:22 DUE TO TIME LIMIT ***
slurmstepd: *** JOB 1116872 ON nid01402 CANCELLED AT 2016-02-10T19:12:22 DUE TO TIME LIMIT ***
srun: got SIGCONT
srun: forcing job termination
