ModuleCmd_Switch.c(172):ERROR:152: Module 'PrgEnv-intel' is currently not loaded
**** cellSp[0] = 0.785398,  cellSp[1] = 0.785398, cellSp[2] = 0.0981748
**** dimensions = 8, 8, 64
**** cellSp[0] = 0.785398,  cellSp[1] = 0.785398, cellSp[2] = 0.0981748
**** dimensions = 8, 8, 64
**** cellSp[0] = 0.785398,  cellSp[1] = 0.785398, cellSp[2] = 0.0981748
**** dimensions = 8, 8, 64
**** cellSp[0] = 0.785398,  cellSp[1] = 0.785398, cellSp[2] = 0.0981748
**** dimensions = 8, 8, 64
**** cellSp[0] = 0.785398,  cellSp[1] = 0.785398, cellSp[2] = 0.0981748
**** dimensions = 8, 8, 64
**** cellSp[0] = 0.785398,  cellSp[1] = 0.785398, cellSp[2] = 0.0981748
**** dimensions = 8, 8, 64
**** cellSp[0] = 0.785398,  cellSp[1] = 0.785398, cellSp[2] = 0.0981748
**** dimensions = 8, 8, 64
**** cellSp[0] = 0.785398,  cellSp[1] = 0.785398, cellSp[2] = 0.0981748
**** dimensions = 8, 8, 64
**** cellSp[0] = 0.785398,  cellSp[1] = 0.785398, cellSp[2] = 0.0981748
**** dimensions = 8, 8, 64
**** cellSp[0] = 0.785398,  cellSp[1] = 0.785398, cellSp[2] = 0.0981748
**** dimensions = 8, 8, 64
**** cellSp[0] = 0.785398,  cellSp[1] = 0.785398, cellSp[2] = 0.0981748
**** dimensions = 8, 8, 64
**** cellSp[0] = 0.785398,  cellSp[1] = 0.785398, cellSp[2] = 0.0981748
**** dimensions = 8, 8, 64
**** cellSp[0] = 0.785398,  cellSp[1] = 0.785398, cellSp[2] = 0.0981748
**** dimensions = 8, 8, 64
**** cellSp[0] = 0.785398,  cellSp[1] = 0.785398, cellSp[2] = 0.0981748
**** dimensions = 8, 8, 64
**** cellSp[0] = 0.785398,  cellSp[1] = 0.785398, cellSp[2] = 0.0981748
**** dimensions = 8, 8, 64
**** cellSp[0] = 0.785398,  cellSp[1] = 0.785398, cellSp[2] = 0.0981748
**** dimensions = 8, 8, 64
**** cellSp[0] = 0.785398,  cellSp[1] = 0.785398, cellSp[2] = 0.0981748
**** dimensions = 8, 8, 64
**** cellSp[0] = 0.785398,  cellSp[1] = 0.785398, cellSp[2] = 0.0981748
**** dimensions = 8, 8, 64
**** cellSp[0] = 0.785398,  cellSp[1] = 0.785398, cellSp[2] = 0.0981748
**** dimensions = 8, 8, 64
**** cellSp[0] = 0.785398,  cellSp[1] = 0.785398, cellSp[2] = 0.0981748
**** dimensions = 8, 8, 64
**** cellSp[0] = 0.785398,  cellSp[1] = 0.785398, cellSp[2] = 0.0981748
**** dimensions = 8, 8, 64
**** cellSp[0] = 0.785398,  cellSp[1] = 0.785398, cellSp[2] = 0.0981748
**** dimensions = 8, 8, 64
**** cellSp[0] = 0.785398,  cellSp[1] = 0.785398, cellSp[2] = 0.0981748
**** dimensions = 8, 8, 64
**** cellSp[0] = 0.785398,  cellSp[1] = 0.785398, cellSp[2] = 0.0981748
**** dimensions = 8, 8, 64
**** cellSp[0] = 0.785398,  cellSp[1] = 0.785398, cellSp[2] = 0.0981748
**** dimensions = 8, 8, 64
**** cellSp[0] = 0.785398,  cellSp[1] = 0.785398, cellSp[2] = 0.0981748
**** dimensions = 8, 8, 64
**** cellSp[0] = 0.785398,  cellSp[1] = 0.785398, cellSp[2] = 0.0981748
**** dimensions = 8, 8, 64
**** cellSp[0] = 0.785398,  cellSp[1] = 0.785398, cellSp[2] = 0.0981748
**** dimensions = 8, 8, 64
**** cellSp[0] = 0.785398,  cellSp[1] = 0.785398, cellSp[2] = 0.0981748
**** dimensions = 8, 8, 64
**** cellSp[0] = 0.785398,  cellSp[1] = 0.785398, cellSp[2] = 0.0981748
**** dimensions = 8, 8, 64
**** cellSp[0] = 0.785398,  cellSp[1] = 0.785398, cellSp[2] = 0.0981748
**** dimensions = 8, 8, 64
** GKUnits ***********************************************************

==== Fundamental Units ===============================================
  NUMBER DENSITY    [1/m^3]: 1e+20
  TEMPERATURE           [eV]: 10
**** cellSp[0] = 0.785398,  cellSp[1] = 0.785398, cellSp[2] = 0.0981748
**** dimensions = 8, 8, 64
**** cellSp[0] = 0.785398,  cellSp[1] = 0.785398, cellSp[2] = 0.0981748
**** dimensions = 8, 8, 64
**** cellSp[0] = 0.785398,  cellSp[1] = 0.785398, cellSp[2] = 0.0981748
**** dimensions = 8, 8, 64
  LENGTH                [m]: 1
  MASS                 [AMU]: 1
  MAGNETIC FIELD        [T]: 1
  CHARGE                [C]: 1.60218e-19
  BOLTZMANN CONSTANT  [J/K]: 1.38065e-23
  ELECTRIC CONSTANT   [F/m]: 8.85419e-12
  MAGNETIC CONSTANT   [H/m]: 1.25664e-06

==== Derived Units ===================================================

  THERMAL SPEED       [m/s]: 30949.7
  TRANSIT TIME          [s]: 3.23105e-05
  MAGNETIC MOMENT     [J/T]: 8.01088e-19
  DIST. FUNCTION [s/(Am^6)]: 1.0737e+06
  POTENTIAL             [V]: 10
  GYROFREQUENCY       [1/s]: 9.57883e+07
  GYRORADIUS            [m]: 0.000323105
  DEBYE LENGTH          [m]: 2.35082e-06

==== Dimensionless Parameters =========================================

  LARMOR NUMBER            : 0.000323105
  DEBYE NUMBER             : 2.35082e-06
**** cellSp[0] = 0.785398,  cellSp[1] = 0.785398, cellSp[2] = 0.0981748
**** dimensions = 8, 8, 64
**** cellSp[0] = 0.785398,  cellSp[1] = 0.785398, cellSp[2] = 0.0981748
**** dimensions = 8, 8, 64
**** cellSp[0] = 0.785398,  cellSp[1] = 0.785398, cellSp[2] = 0.0981748
**** dimensions = 8, 8, 64

***********************************************************************
**** cellSp[0] = 0.785398,  cellSp[1] = 0.785398, cellSp[2] = 0.0981748
**** dimensions = 8, 8, 64
**** cellSp[0] = 0.785398,  cellSp[1] = 0.785398, cellSp[2] = 0.0981748
**** dimensions = 8, 8, 64
**** cellSp[0] = 0.785398,  cellSp[1] = 0.785398, cellSp[2] = 0.0981748
**** dimensions = 8, 8, 64
**** cellSp[0] = 0.785398,  cellSp[1] = 0.785398, cellSp[2] = 0.0981748
**** dimensions = 8, 8, 64
**** cellSp[0] = 0.785398,  cellSp[1] = 0.785398, cellSp[2] = 0.0981748
**** dimensions = 8, 8, 64
**** cellSp[0] = 0.785398,  cellSp[1] = 0.785398, cellSp[2] = 0.0981748
**** dimensions = 8, 8, 64
**** cellSp[0] = 0.785398,  cellSp[1] = 0.785398, cellSp[2] = 0.0981748
**** dimensions = 8, 8, 64
**** cellSp[0] = 0.785398,  cellSp[1] = 0.785398, cellSp[2] = 0.0981748
**** dimensions = 8, 8, 64
**** cellSp[0] = 0.785398,  cellSp[1] = 0.785398, cellSp[2] = 0.0981748
**** dimensions = 8, 8, 64
**** cellSp[0] = 0.785398,  cellSp[1] = 0.785398, cellSp[2] = 0.0981748
**** dimensions = 8, 8, 64
**** cellSp[0] = 0.785398,  cellSp[1] = 0.785398, cellSp[2] = 0.0981748
**** dimensions = 8, 8, 64
**** cellSp[0] = 0.785398,  cellSp[1] = 0.785398, cellSp[2] = 0.0981748
**** dimensions = 8, 8, 64
**** cellSp[0] = 0.785398,  cellSp[1] = 0.785398, cellSp[2] = 0.0981748
**** dimensions = 8, 8, 64
**** cellSp[0] = 0.785398,  cellSp[1] = 0.785398, cellSp[2] = 0.0981748
**** dimensions = 8, 8, 64
**** cellSp[0] = 0.785398,  cellSp[1] = 0.785398, cellSp[2] = 0.0981748
**** dimensions = 8, 8, 64
**** cellSp[0] = 0.785398,  cellSp[1] = 0.785398, cellSp[2] = 0.0981748
**** dimensions = 8, 8, 64
**** cellSp[0] = 0.785398,  cellSp[1] = 0.785398, cellSp[2] = 0.0981748
**** dimensions = 8, 8, 64
**** cellSp[0] = 0.785398,  cellSp[1] = 0.785398, cellSp[2] = 0.0981748
**** dimensions = 8, 8, 64
**** cellSp[0] = 0.785398,  cellSp[1] = 0.785398, cellSp[2] = 0.0981748
**** dimensions = 8, 8, 64
**** cellSp[0] = 0.785398,  cellSp[1] = 0.785398, cellSp[2] = 0.0981748
**** dimensions = 8, 8, 64
**** cellSp[0] = 0.785398,  cellSp[1] = 0.785398, cellSp[2] = 0.0981748
**** dimensions = 8, 8, 64
**** cellSp[0] = 0.785398,  cellSp[1] = 0.785398, cellSp[2] = 0.0981748
**** dimensions = 8, 8, 64
**** cellSp[0] = 0.785398,  cellSp[1] = 0.785398, cellSp[2] = 0.0981748
**** dimensions = 8, 8, 64
Constructing slab geometry...
xmax = 0.02, ymax = 0.02, zmax = 0.25
Bz_inner = 3, Bz_outer = 3
By_inner  = 0
**** cellSp[0] = 0.785398,  cellSp[1] = 0.785398, cellSp[2] = 0.0981748
**** dimensions = 8, 8, 64
Done constructing slab geometry
**** cellSp[0] = 0.785398,  cellSp[1] = 0.785398, cellSp[2] = 0.0981748
**** dimensions = 8, 8, 64
**** cellSp[0] = 0.785398,  cellSp[1] = 0.785398, cellSp[2] = 0.0981748
**** dimensions = 8, 8, 64
**** cellSp[0] = 0.785398,  cellSp[1] = 0.785398, cellSp[2] = 0.0981748
**** dimensions = 8, 8, 64
**** cellSp[0] = 0.785398,  cellSp[1] = 0.785398, cellSp[2] = 0.0981748
**** dimensions = 8, 8, 64
**** cellSp[0] = 0.785398,  cellSp[1] = 0.785398, cellSp[2] = 0.0981748
**** dimensions = 8, 8, 64
**** cellSp[0] = 0.785398,  cellSp[1] = 0.785398, cellSp[2] = 0.0981748
**** dimensions = 8, 8, 64
**** cellSp[0] = 0.785398,  cellSp[1] = 0.785398, cellSp[2] = 0.0981748
**** dimensions = 8, 8, 64
   Configuration space box ((0,0,0) (7,7,7) (0,0,0)) is assigned to process 0
   Configuration space box ((0,0,8) (7,7,15) (0,0,0)) is assigned to process 1
   Configuration space box ((0,0,16) (7,7,23) (0,0,0)) is assigned to process 2
   Configuration space box ((0,0,24) (7,7,31) (0,0,0)) is assigned to process 3
   Configuration space box ((0,0,32) (7,7,39) (0,0,0)) is assigned to process 4
**** cellSp[0] = 0.785398,  cellSp[1] = 0.785398, cellSp[2] = 0.0981748
**** dimensions = 8, 8, 64
**** cellSp[0] = 0.785398,  cellSp[1] = 0.785398, cellSp[2] = 0.0981748
**** dimensions = 8, 8, 64
**** cellSp[0] = 0.785398,  cellSp[1] = 0.785398, cellSp[2] = 0.0981748
**** dimensions = 8, 8, 64
   Configuration space box ((0,0,40) (7,7,47) (0,0,0)) is assigned to process 5
   Configuration space box ((0,0,48) (7,7,55) (0,0,0)) is assigned to process 6
   Configuration space box ((0,0,56) (7,7,63) (0,0,0)) is assigned to process 7
Constructing magnetic geometry
**** cellSp[0] = 0.785398,  cellSp[1] = 0.785398, cellSp[2] = 0.0981748
**** dimensions = 8, 8, 64
**** cellSp[0] = 0.785398,  cellSp[1] = 0.785398, cellSp[2] = 0.0981748
**** dimensions = 8, 8, 64
**** cellSp[0] = 0.785398,  cellSp[1] = 0.785398, cellSp[2] = 0.0981748
**** dimensions = 8, 8, 64
**** cellSp[0] = 0.785398,  cellSp[1] = 0.785398, cellSp[2] = 0.0981748
**** dimensions = 8, 8, 64
**** cellSp[0] = 0.785398,  cellSp[1] = 0.785398, cellSp[2] = 0.0981748
**** dimensions = 8, 8, 64
**** cellSp[0] = 0.785398,  cellSp[1] = 0.785398, cellSp[2] = 0.0981748
**** dimensions = 8, 8, 64
**** cellSp[0] = 0.785398,  cellSp[1] = 0.785398, cellSp[2] = 0.0981748
**** dimensions = 8, 8, 64
**** cellSp[0] = 0.785398,  cellSp[1] = 0.785398, cellSp[2] = 0.0981748
**** dimensions = 8, 8, 64
**** cellSp[0] = 0.785398,  cellSp[1] = 0.785398, cellSp[2] = 0.0981748
**** dimensions = 8, 8, 64
**** cellSp[0] = 0.785398,  cellSp[1] = 0.785398, cellSp[2] = 0.0981748
**** dimensions = 8, 8, 64
**** cellSp[0] = 0.785398,  cellSp[1] = 0.785398, cellSp[2] = 0.0981748
**** dimensions = 8, 8, 64
**** cellSp[0] = 0.785398,  cellSp[1] = 0.785398, cellSp[2] = 0.0981748
**** dimensions = 8, 8, 64
**** cellSp[0] = 0.785398,  cellSp[1] = 0.785398, cellSp[2] = 0.0981748
**** dimensions = 8, 8, 64
**** cellSp[0] = 0.785398,  cellSp[1] = 0.785398, cellSp[2] = 0.0981748
**** dimensions = 8, 8, 64
**** cellSp[0] = 0.785398,  cellSp[1] = 0.785398, cellSp[2] = 0.0981748
**** dimensions = 8, 8, 64
**** cellSp[0] = 0.785398,  cellSp[1] = 0.785398, cellSp[2] = 0.0981748
**** dimensions = 8, 8, 64
**** cellSp[0] = 0.785398,  cellSp[1] = 0.785398, cellSp[2] = 0.0981748
**** dimensions = 8, 8, 64
**** cellSp[0] = 0.785398,  cellSp[1] = 0.785398, cellSp[2] = 0.0981748
**** dimensions = 8, 8, 64
**** cellSp[0] = 0.785398,  cellSp[1] = 0.785398, cellSp[2] = 0.0981748
**** dimensions = 8, 8, 64
**** cellSp[0] = 0.785398,  cellSp[1] = 0.785398, cellSp[2] = 0.0981748
**** dimensions = 8, 8, 64
**** cellSp[0] = 0.785398,  cellSp[1] = 0.785398, cellSp[2] = 0.0981748
**** dimensions = 8, 8, 64
**** cellSp[0] = 0.785398,  cellSp[1] = 0.785398, cellSp[2] = 0.0981748
**** dimensions = 8, 8, 64
**** cellSp[0] = 0.785398,  cellSp[1] = 0.785398, cellSp[2] = 0.0981748
**** dimensions = 8, 8, 64
**** cellSp[0] = 0.785398,  cellSp[1] = 0.785398, cellSp[2] = 0.0981748
**** dimensions = 8, 8, 64
**** cellSp[0] = 0.785398,  cellSp[1] = 0.785398, cellSp[2] = 0.0981748
**** dimensions = 8, 8, 64
**** cellSp[0] = 0.785398,  cellSp[1] = 0.785398, cellSp[2] = 0.0981748
**** dimensions = 8, 8, 64
**** cellSp[0] = 0.785398,  cellSp[1] = 0.785398, cellSp[2] = 0.0981748
**** dimensions = 8, 8, 64
**** cellSp[0] = 0.785398,  cellSp[1] = 0.785398, cellSp[2] = 0.0981748
**** dimensions = 8, 8, 64
**** cellSp[0] = 0.785398,  cellSp[1] = 0.785398, cellSp[2] = 0.0981748
**** dimensions = 8, 8, 64
**** cellSp[0] = 0.785398,  cellSp[1] = 0.785398, cellSp[2] = 0.0981748
**** dimensions = 8, 8, 64
**** cellSp[0] = 0.785398,  cellSp[1] = 0.785398, cellSp[2] = 0.0981748
**** dimensions = 8, 8, 64
**** cellSp[0] = 0.785398,  cellSp[1] = 0.785398, cellSp[2] = 0.0981748
**** dimensions = 8, 8, 64
**** cellSp[0] = 0.785398,  cellSp[1] = 0.785398, cellSp[2] = 0.0981748
**** dimensions = 8, 8, 64
**** cellSp[0] = 0.785398,  cellSp[1] = 0.785398, cellSp[2] = 0.0981748
**** dimensions = 8, 8, 64
**** cellSp[0] = 0.785398,  cellSp[1] = 0.785398, cellSp[2] = 0.0981748
**** dimensions = 8, 8, 64
**** cellSp[0] = 0.785398,  cellSp[1] = 0.785398, cellSp[2] = 0.0981748
**** dimensions = 8, 8, 64
**** cellSp[0] = 0.785398,  cellSp[1] = 0.785398, cellSp[2] = 0.0981748
**** dimensions = 8, 8, 64
**** cellSp[0] = 0.785398,  cellSp[1] = 0.785398, cellSp[2] = 0.0981748
**** dimensions = 8, 8, 64
**** cellSp[0] = 0.785398,  cellSp[1] = 0.785398, cellSp[2] = 0.0981748
**** dimensions = 8, 8, 64
**** cellSp[0] = 0.785398,  cellSp[1] = 0.785398, cellSp[2] = 0.0981748
**** dimensions = 8, 8, 64
**** cellSp[0] = 0.785398,  cellSp[1] = 0.785398, cellSp[2] = 0.0981748
**** dimensions = 8, 8, 64
**** cellSp[0] = 0.785398,  cellSp[1] = 0.785398, cellSp[2] = 0.0981748
**** dimensions = 8, 8, 64
**** cellSp[0] = 0.785398,  cellSp[1] = 0.785398, cellSp[2] = 0.0981748
**** dimensions = 8, 8, 64
**** cellSp[0] = 0.785398,  cellSp[1] = 0.785398, cellSp[2] = 0.0981748
**** dimensions = 8, 8, 64
**** cellSp[0] = 0.785398,  cellSp[1] = 0.785398, cellSp[2] = 0.0981748
**** dimensions = 8, 8, 64
**** cellSp[0] = 0.785398,  cellSp[1] = 0.785398, cellSp[2] = 0.0981748
**** dimensions = 8, 8, 64
**** cellSp[0] = 0.785398,  cellSp[1] = 0.785398, cellSp[2] = 0.0981748
**** dimensions = 8, 8, 64
**** cellSp[0] = 0.785398,  cellSp[1] = 0.785398, cellSp[2] = 0.0981748
**** dimensions = 8, 8, 64
**** cellSp[0] = 0.785398,  cellSp[1] = 0.785398, cellSp[2] = 0.0981748
**** dimensions = 8, 8, 64
**** cellSp[0] = 0.785398,  cellSp[1] = 0.785398, cellSp[2] = 0.0981748
**** dimensions = 8, 8, 64
**** cellSp[0] = 0.785398,  cellSp[1] = 0.785398, cellSp[2] = 0.0981748
**** dimensions = 8, 8, 64
**** cellSp[0] = 0.785398,  cellSp[1] = 0.785398, cellSp[2] = 0.0981748
**** dimensions = 8, 8, 64
**** cellSp[0] = 0.785398,  cellSp[1] = 0.785398, cellSp[2] = 0.0981748
**** dimensions = 8, 8, 64
**** cellSp[0] = 0.785398,  cellSp[1] = 0.785398, cellSp[2] = 0.0981748
**** dimensions = 8, 8, 64
**** cellSp[0] = 0.785398,  cellSp[1] = 0.785398, cellSp[2] = 0.0981748
**** dimensions = 8, 8, 64
**** cellSp[0] = 0.785398,  cellSp[1] = 0.785398, cellSp[2] = 0.0981748
**** dimensions = 8, 8, 64
**** cellSp[0] = 0.785398,  cellSp[1] = 0.785398, cellSp[2] = 0.0981748
**** dimensions = 8, 8, 64
Done constructing magnetic geometry
   Velocity space box ((-18,0) (-10,5) (0,0)) is assigned to process 0
   Velocity space box ((-9,0) (-1,5) (0,0)) is assigned to process 1
   Velocity space box ((0,0) (8,5) (0,0)) is assigned to process 2
   Velocity space box ((9,0) (17,5) (0,0)) is assigned to process 3
   Velocity space box ((-18,6) (-10,11) (0,0)) is assigned to process 4
   Velocity space box ((-9,6) (-1,11) (0,0)) is assigned to process 5
   Velocity space box ((0,6) (8,11) (0,0)) is assigned to process 6
   Velocity space box ((9,6) (17,11) (0,0)) is assigned to process 7
   Velocity space box ((-18,12) (-10,17) (0,0)) is assigned to process 8
   Velocity space box ((-9,12) (-1,17) (0,0)) is assigned to process 9
   Velocity space box ((0,12) (8,17) (0,0)) is assigned to process 10
   Velocity space box ((9,12) (17,17) (0,0)) is assigned to process 11
   Velocity space box ((-18,18) (-10,23) (0,0)) is assigned to process 12
   Velocity space box ((-9,18) (-1,23) (0,0)) is assigned to process 13
   Velocity space box ((0,18) (8,23) (0,0)) is assigned to process 14
   Velocity space box ((9,18) (17,23) (0,0)) is assigned to process 15
   Phase space box ((0,0,32,-18,0) (7,7,39,-10,5) (0,0,0,0,0)) is assigned to process 64, has 27648 valid cells and 947200 ghost cells
   Phase space box ((0,0,8,-18,0) (7,7,15,-10,5) (0,0,0,0,0)) is assigned to process 16, has 27648 valid cells and 947200 ghost cells
   Phase space box ((0,0,48,-9,0) (7,7,55,-1,5) (0,0,0,0,0)) is assigned to process 97, has 27648 valid cells and 947200 ghost cells
   Phase space box ((0,0,16,9,0) (7,7,23,17,5) (0,0,0,0,0)) is assigned to process 35, has 27648 valid cells and 947200 ghost cells
   Phase space box ((0,0,32,0,0) (7,7,39,8,5) (0,0,0,0,0)) is assigned to process 66, has 27648 valid cells and 947200 ghost cells
   Phase space box ((0,0,8,-9,0) (7,7,15,-1,5) (0,0,0,0,0)) is assigned to process 17, has 27648 valid cells and 947200 ghost cells
   Phase space box ((0,0,48,0,0) (7,7,55,8,5) (0,0,0,0,0)) is assigned to process 98, has 27648 valid cells and 947200 ghost cells
   Phase space box ((0,0,16,-18,6) (7,7,23,-10,11) (0,0,0,0,0)) is assigned to process 36, has 27648 valid cells and 947200 ghost cells
   Phase space box ((0,0,32,-18,6) (7,7,39,-10,11) (0,0,0,0,0)) is assigned to process 68, has 27648 valid cells and 947200 ghost cells
   Phase space box ((0,0,8,9,0) (7,7,15,17,5) (0,0,0,0,0)) is assigned to process 19, has 27648 valid cells and 947200 ghost cells
   Phase space box ((0,0,48,-18,6) (7,7,55,-10,11) (0,0,0,0,0)) is assigned to process 100, has 27648 valid cells and 947200 ghost cells
   Phase space box ((0,0,16,9,12) (7,7,23,17,17) (0,0,0,0,0)) is assigned to process 43, has 27648 valid cells and 947200 ghost cells
   Phase space box ((0,0,32,0,6) (7,7,39,8,11) (0,0,0,0,0)) is assigned to process 70, has 27648 valid cells and 947200 ghost cells
   Phase space box ((0,0,8,-18,6) (7,7,15,-10,11) (0,0,0,0,0)) is assigned to process 20, has 27648 valid cells and 947200 ghost cells
   Phase space box ((0,0,48,-9,6) (7,7,55,-1,11) (0,0,0,0,0)) is assigned to process 101, has 27648 valid cells and 947200 ghost cells
   Phase space box ((0,0,16,-18,18) (7,7,23,-10,23) (0,0,0,0,0)) is assigned to process 44, has 27648 valid cells and 947200 ghost cells
   Phase space box ((0,0,32,-18,12) (7,7,39,-10,17) (0,0,0,0,0)) is assigned to process 72, has 27648 valid cells and 947200 ghost cells
   Phase space box ((0,0,8,-9,6) (7,7,15,-1,11) (0,0,0,0,0)) is assigned to process 21, has 27648 valid cells and 947200 ghost cells
   Phase space box ((0,0,48,-18,12) (7,7,55,-10,17) (0,0,0,0,0)) is assigned to process 104, has 27648 valid cells and 947200 ghost cells
   Phase space box ((0,0,24,-18,0) (7,7,31,-10,5) (0,0,0,0,0)) is assigned to process 48, has 27648 valid cells and 947200 ghost cells
   Phase space box ((0,0,32,0,12) (7,7,39,8,17) (0,0,0,0,0)) is assigned to process 74, has 27648 valid cells and 947200 ghost cells
   Phase space box ((0,0,8,0,18) (7,7,15,8,23) (0,0,0,0,0)) is assigned to process 30, has 27648 valid cells and 947200 ghost cells
   Phase space box ((0,0,48,-9,12) (7,7,55,-1,17) (0,0,0,0,0)) is assigned to process 105, has 27648 valid cells and 947200 ghost cells
   Phase space box ((0,0,24,-9,0) (7,7,31,-1,5) (0,0,0,0,0)) is assigned to process 49, has 27648 valid cells and 947200 ghost cells
   Phase space box ((0,0,32,-9,18) (7,7,39,-1,23) (0,0,0,0,0)) is assigned to process 77, has 27648 valid cells and 947200 ghost cells
   Phase space box ((0,0,0,-9,0) (7,7,7,-1,5) (0,0,0,0,0)) is assigned to process 1, has 27648 valid cells and 947200 ghost cells
   Phase space box ((0,0,48,0,12) (7,7,55,8,17) (0,0,0,0,0)) is assigned to process 106, has 27648 valid cells and 947200 ghost cells
   Phase space box ((0,0,24,-9,6) (7,7,31,-1,11) (0,0,0,0,0)) is assigned to process 53, has 27648 valid cells and 947200 ghost cells
   Phase space box ((0,0,40,-9,0) (7,7,47,-1,5) (0,0,0,0,0)) is assigned to process 81, has 27648 valid cells and 947200 ghost cells
   Phase space box ((0,0,0,0,0) (7,7,7,8,5) (0,0,0,0,0)) is assigned to process 2, has 27648 valid cells and 947200 ghost cells
   Phase space box ((0,0,48,9,12) (7,7,55,17,17) (0,0,0,0,0)) is assigned to process 107, has 27648 valid cells and 947200 ghost cells
   Phase space box ((0,0,24,0,6) (7,7,31,8,11) (0,0,0,0,0)) is assigned to process 54, has 27648 valid cells and 947200 ghost cells
   Phase space box ((0,0,40,-18,12) (7,7,47,-10,17) (0,0,0,0,0)) is assigned to process 88, has 27648 valid cells and 947200 ghost cells
   Phase space box ((0,0,0,9,0) (7,7,7,17,5) (0,0,0,0,0)) is assigned to process 3, has 27648 valid cells and 947200 ghost cells
   Phase space box ((0,0,48,-18,18) (7,7,55,-10,23) (0,0,0,0,0)) is assigned to process 108, has 27648 valid cells and 947200 ghost cells
   Phase space box ((0,0,24,9,6) (7,7,31,17,11) (0,0,0,0,0)) is assigned to process 55, has 27648 valid cells and 947200 ghost cells
   Phase space box ((0,0,40,0,18) (7,7,47,8,23) (0,0,0,0,0)) is assigned to process 94, has 27648 valid cells and 947200 ghost cells
   Phase space box ((0,0,0,-9,6) (7,7,7,-1,11) (0,0,0,0,0)) is assigned to process 5, has 27648 valid cells and 947200 ghost cells
   Phase space box ((0,0,48,-9,18) (7,7,55,-1,23) (0,0,0,0,0)) is assigned to process 109, has 27648 valid cells and 947200 ghost cells
   Phase space box ((0,0,24,-9,18) (7,7,31,-1,23) (0,0,0,0,0)) is assigned to process 61, has 27648 valid cells and 947200 ghost cells
   Phase space box ((0,0,32,-9,0) (7,7,39,-1,5) (0,0,0,0,0)) is assigned to process 65, has 27648 valid cells and 947200 ghost cells
   Phase space box ((0,0,0,-18,12) (7,7,7,-10,17) (0,0,0,0,0)) is assigned to process 8, has 27648 valid cells and 947200 ghost cells
   Phase space box ((0,0,48,0,18) (7,7,55,8,23) (0,0,0,0,0)) is assigned to process 110, has 27648 valid cells and 947200 ghost cells
   Phase space box ((0,0,16,-18,0) (7,7,23,-10,5) (0,0,0,0,0)) is assigned to process 32, has 27648 valid cells and 947200 ghost cells
   Phase space box ((0,0,32,9,0) (7,7,39,17,5) (0,0,0,0,0)) is assigned to process 67, has 27648 valid cells and 947200 ghost cells
   Phase space box ((0,0,0,-9,12) (7,7,7,-1,17) (0,0,0,0,0)) is assigned to process 9, has 27648 valid cells and 947200 ghost cells
   Phase space box ((0,0,48,9,18) (7,7,55,17,23) (0,0,0,0,0)) is assigned to process 111, has 27648 valid cells and 947200 ghost cells
   Phase space box ((0,0,16,-9,0) (7,7,23,-1,5) (0,0,0,0,0)) is assigned to process 33, has 27648 valid cells and 947200 ghost cells
   Phase space box ((0,0,32,-9,6) (7,7,39,-1,11) (0,0,0,0,0)) is assigned to process 69, has 27648 valid cells and 947200 ghost cells
   Phase space box ((0,0,0,0,12) (7,7,7,8,17) (0,0,0,0,0)) is assigned to process 10, has 27648 valid cells and 947200 ghost cells
   Phase space box ((0,0,48,-18,0) (7,7,55,-10,5) (0,0,0,0,0)) is assigned to process 96, has 27648 valid cells and 947200 ghost cells
   Phase space box ((0,0,16,0,0) (7,7,23,8,5) (0,0,0,0,0)) is assigned to process 34, has 27648 valid cells and 947200 ghost cells
   Phase space box ((0,0,32,9,6) (7,7,39,17,11) (0,0,0,0,0)) is assigned to process 71, has 27648 valid cells and 947200 ghost cells
   Phase space box ((0,0,0,9,12) (7,7,7,17,17) (0,0,0,0,0)) is assigned to process 11, has 27648 valid cells and 947200 ghost cells
   Phase space box ((0,0,48,9,0) (7,7,55,17,5) (0,0,0,0,0)) is assigned to process 99, has 27648 valid cells and 947200 ghost cells
   Phase space box ((0,0,16,-9,6) (7,7,23,-1,11) (0,0,0,0,0)) is assigned to process 37, has 27648 valid cells and 947200 ghost cells
   Phase space box ((0,0,32,-9,12) (7,7,39,-1,17) (0,0,0,0,0)) is assigned to process 73, has 27648 valid cells and 947200 ghost cells
   Phase space box ((0,0,0,-18,18) (7,7,7,-10,23) (0,0,0,0,0)) is assigned to process 12, has 27648 valid cells and 947200 ghost cells
   Phase space box ((0,0,48,0,6) (7,7,55,8,11) (0,0,0,0,0)) is assigned to process 102, has 27648 valid cells and 947200 ghost cells
   Phase space box ((0,0,16,0,6) (7,7,23,8,11) (0,0,0,0,0)) is assigned to process 38, has 27648 valid cells and 947200 ghost cells
   Phase space box ((0,0,32,9,12) (7,7,39,17,17) (0,0,0,0,0)) is assigned to process 75, has 27648 valid cells and 947200 ghost cells
   Phase space box ((0,0,0,-9,18) (7,7,7,-1,23) (0,0,0,0,0)) is assigned to process 13, has 27648 valid cells and 947200 ghost cells
   Phase space box ((0,0,32,-18,18) (7,7,39,-10,23) (0,0,0,0,0)) is assigned to process 76, has 27648 valid cells and 947200 ghost cells
   Phase space box ((0,0,0,0,18) (7,7,7,8,23) (0,0,0,0,0)) is assigned to process 14, has 27648 valid cells and 947200 ghost cells
   Phase space box ((0,0,48,9,6) (7,7,55,17,11) (0,0,0,0,0)) is assigned to process 103, has 27648 valid cells and 947200 ghost cells
   Phase space box ((0,0,16,9,6) (7,7,23,17,11) (0,0,0,0,0)) is assigned to process 39, has 27648 valid cells and 947200 ghost cells
   Phase space box ((0,0,32,0,18) (7,7,39,8,23) (0,0,0,0,0)) is assigned to process 78, has 27648 valid cells and 947200 ghost cells
   Phase space box ((0,0,0,9,18) (7,7,7,17,23) (0,0,0,0,0)) is assigned to process 15, has 27648 valid cells and 947200 ghost cells
   Phase space box ((0,0,56,-18,0) (7,7,63,-10,5) (0,0,0,0,0)) is assigned to process 112, has 27648 valid cells and 947200 ghost cells
   Phase space box ((0,0,16,-18,12) (7,7,23,-10,17) (0,0,0,0,0)) is assigned to process 40, has 27648 valid cells and 947200 ghost cells
   Phase space box ((0,0,32,9,18) (7,7,39,17,23) (0,0,0,0,0)) is assigned to process 79, has 27648 valid cells and 947200 ghost cells
   Phase space box ((0,0,8,0,0) (7,7,15,8,5) (0,0,0,0,0)) is assigned to process 18, has 27648 valid cells and 947200 ghost cells
   Phase space box ((0,0,56,-9,0) (7,7,63,-1,5) (0,0,0,0,0)) is assigned to process 113, has 27648 valid cells and 947200 ghost cells
   Phase space box ((0,0,16,-9,12) (7,7,23,-1,17) (0,0,0,0,0)) is assigned to process 41, has 27648 valid cells and 947200 ghost cells
   Phase space box ((0,0,40,-18,0) (7,7,47,-10,5) (0,0,0,0,0)) is assigned to process 80, has 27648 valid cells and 947200 ghost cells
   Phase space box ((0,0,8,0,6) (7,7,15,8,11) (0,0,0,0,0)) is assigned to process 22, has 27648 valid cells and 947200 ghost cells
   Phase space box ((0,0,56,0,0) (7,7,63,8,5) (0,0,0,0,0)) is assigned to process 114, has 27648 valid cells and 947200 ghost cells
   Phase space box ((0,0,16,0,12) (7,7,23,8,17) (0,0,0,0,0)) is assigned to process 42, has 27648 valid cells and 947200 ghost cells
   Phase space box ((0,0,40,0,0) (7,7,47,8,5) (0,0,0,0,0)) is assigned to process 82, has 27648 valid cells and 947200 ghost cells
   Phase space box ((0,0,8,9,6) (7,7,15,17,11) (0,0,0,0,0)) is assigned to process 23, has 27648 valid cells and 947200 ghost cells
   Phase space box ((0,0,56,9,0) (7,7,63,17,5) (0,0,0,0,0)) is assigned to process 115, has 27648 valid cells and 947200 ghost cells
   Phase space box ((0,0,16,-9,18) (7,7,23,-1,23) (0,0,0,0,0)) is assigned to process 45, has 27648 valid cells and 947200 ghost cells
   Phase space box ((0,0,40,9,0) (7,7,47,17,5) (0,0,0,0,0)) is assigned to process 83, has 27648 valid cells and 947200 ghost cells
   Phase space box ((0,0,8,-9,12) (7,7,15,-1,17) (0,0,0,0,0)) is assigned to process 25, has 27648 valid cells and 947200 ghost cells
   Phase space box ((0,0,56,-18,6) (7,7,63,-10,11) (0,0,0,0,0)) is assigned to process 116, has 27648 valid cells and 947200 ghost cells
   Phase space box ((0,0,16,0,18) (7,7,23,8,23) (0,0,0,0,0)) is assigned to process 46, has 27648 valid cells and 947200 ghost cells
   Phase space box ((0,0,40,-18,6) (7,7,47,-10,11) (0,0,0,0,0)) is assigned to process 84, has 27648 valid cells and 947200 ghost cells
   Phase space box ((0,0,8,0,12) (7,7,15,8,17) (0,0,0,0,0)) is assigned to process 26, has 27648 valid cells and 947200 ghost cells
   Phase space box ((0,0,56,9,6) (7,7,63,17,11) (0,0,0,0,0)) is assigned to process 119, has 27648 valid cells and 947200 ghost cells
   Phase space box ((0,0,16,9,18) (7,7,23,17,23) (0,0,0,0,0)) is assigned to process 47, has 27648 valid cells and 947200 ghost cells
   Phase space box ((0,0,40,-9,6) (7,7,47,-1,11) (0,0,0,0,0)) is assigned to process 85, has 27648 valid cells and 947200 ghost cells
   Phase space box ((0,0,8,9,12) (7,7,15,17,17) (0,0,0,0,0)) is assigned to process 27, has 27648 valid cells and 947200 ghost cells
   Phase space box ((0,0,56,-18,12) (7,7,63,-10,17) (0,0,0,0,0)) is assigned to process 120, has 27648 valid cells and 947200 ghost cells
   Phase space box ((0,0,24,0,0) (7,7,31,8,5) (0,0,0,0,0)) is assigned to process 50, has 27648 valid cells and 947200 ghost cells
   Phase space box ((0,0,40,0,6) (7,7,47,8,11) (0,0,0,0,0)) is assigned to process 86, has 27648 valid cells and 947200 ghost cells
   Phase space box ((0,0,8,-9,18) (7,7,15,-1,23) (0,0,0,0,0)) is assigned to process 29, has 27648 valid cells and 947200 ghost cells
   Phase space box ((0,0,56,-9,12) (7,7,63,-1,17) (0,0,0,0,0)) is assigned to process 121, has 27648 valid cells and 947200 ghost cells
   Phase space box ((0,0,24,9,0) (7,7,31,17,5) (0,0,0,0,0)) is assigned to process 51, has 27648 valid cells and 947200 ghost cells
   Phase space box ((0,0,40,9,6) (7,7,47,17,11) (0,0,0,0,0)) is assigned to process 87, has 27648 valid cells and 947200 ghost cells
   Phase space box ((0,0,8,9,18) (7,7,15,17,23) (0,0,0,0,0)) is assigned to process 31, has 27648 valid cells and 947200 ghost cells
   Phase space box ((0,0,56,9,12) (7,7,63,17,17) (0,0,0,0,0)) is assigned to process 123, has 27648 valid cells and 947200 ghost cells
   Phase space box ((0,0,24,-18,6) (7,7,31,-10,11) (0,0,0,0,0)) is assigned to process 52, has 27648 valid cells and 947200 ghost cells
   Phase space box ((0,0,40,-9,12) (7,7,47,-1,17) (0,0,0,0,0)) is assigned to process 89, has 27648 valid cells and 947200 ghost cells
   Phase space box ((0,0,0,-18,0) (7,7,7,-10,5) (0,0,0,0,0)) is assigned to process 0, has 27648 valid cells and 947200 ghost cells
   Phase space box ((0,0,56,-18,18) (7,7,63,-10,23) (0,0,0,0,0)) is assigned to process 124, has 27648 valid cells and 947200 ghost cells
   Phase space box ((0,0,24,-18,12) (7,7,31,-10,17) (0,0,0,0,0)) is assigned to process 56, has 27648 valid cells and 947200 ghost cells
   Phase space box ((0,0,40,0,12) (7,7,47,8,17) (0,0,0,0,0)) is assigned to process 90, has 27648 valid cells and 947200 ghost cells
   Phase space box ((0,0,0,-18,6) (7,7,7,-10,11) (0,0,0,0,0)) is assigned to process 4, has 27648 valid cells and 947200 ghost cells
   Phase space box ((0,0,56,-9,18) (7,7,63,-1,23) (0,0,0,0,0)) is assigned to process 125, has 27648 valid cells and 947200 ghost cells
   Phase space box ((0,0,24,-9,12) (7,7,31,-1,17) (0,0,0,0,0)) is assigned to process 57, has 27648 valid cells and 947200 ghost cells
   Phase space box ((0,0,40,9,12) (7,7,47,17,17) (0,0,0,0,0)) is assigned to process 91, has 27648 valid cells and 947200 ghost cells
   Phase space box ((0,0,0,0,6) (7,7,7,8,11) (0,0,0,0,0)) is assigned to process 6, has 27648 valid cells and 947200 ghost cells
   Phase space box ((0,0,56,0,18) (7,7,63,8,23) (0,0,0,0,0)) is assigned to process 126, has 27648 valid cells and 947200 ghost cells
   Phase space box ((0,0,24,0,12) (7,7,31,8,17) (0,0,0,0,0)) is assigned to process 58, has 27648 valid cells and 947200 ghost cells
   Phase space box ((0,0,40,-18,18) (7,7,47,-10,23) (0,0,0,0,0)) is assigned to process 92, has 27648 valid cells and 947200 ghost cells
   Phase space box ((0,0,0,9,6) (7,7,7,17,11) (0,0,0,0,0)) is assigned to process 7, has 27648 valid cells and 947200 ghost cells
   Phase space box ((0,0,56,9,18) (7,7,63,17,23) (0,0,0,0,0)) is assigned to process 127, has 27648 valid cells and 947200 ghost cells
   Phase space box ((0,0,24,9,12) (7,7,31,17,17) (0,0,0,0,0)) is assigned to process 59, has 27648 valid cells and 947200 ghost cells
   Phase space box ((0,0,40,-9,18) (7,7,47,-1,23) (0,0,0,0,0)) is assigned to process 93, has 27648 valid cells and 947200 ghost cells
   Phase space box ((0,0,8,-18,12) (7,7,15,-10,17) (0,0,0,0,0)) is assigned to process 24, has 27648 valid cells and 947200 ghost cells
   Phase space box ((0,0,56,-9,6) (7,7,63,-1,11) (0,0,0,0,0)) is assigned to process 117, has 27648 valid cells and 947200 ghost cells
   Phase space box ((0,0,24,-18,18) (7,7,31,-10,23) (0,0,0,0,0)) is assigned to process 60, has 27648 valid cells and 947200 ghost cells
   Phase space box ((0,0,40,9,18) (7,7,47,17,23) (0,0,0,0,0)) is assigned to process 95, has 27648 valid cells and 947200 ghost cells
   Phase space box ((0,0,8,-18,18) (7,7,15,-10,23) (0,0,0,0,0)) is assigned to process 28, has 27648 valid cells and 947200 ghost cells
   Phase space box ((0,0,56,0,6) (7,7,63,8,11) (0,0,0,0,0)) is assigned to process 118, has 27648 valid cells and 947200 ghost cells
   Phase space box ((0,0,24,0,18) (7,7,31,8,23) (0,0,0,0,0)) is assigned to process 62, has 27648 valid cells and 947200 ghost cells
   Phase space box ((0,0,56,0,12) (7,7,63,8,17) (0,0,0,0,0)) is assigned to process 122, has 27648 valid cells and 947200 ghost cells
   Phase space box ((0,0,24,9,18) (7,7,31,17,23) (0,0,0,0,0)) is assigned to process 63, has 27648 valid cells and 947200 ghost cells
Adding species and constructing gyrocenter coordinates...
   hydrogen: kinetic species with mass = 2, charge = 1
   electron: kinetic species with mass = 0.1, charge = -1
Done adding species and constructing coordinates
Adding fluid species...
Done adding congiration space variables
Adding configuration space field variables...
Done adding configuration space variables

SlabPotentialBC ================================
- variable: potential-------------
  radial_lower: 
     bc_type  = 1
     bc_value = 0
  radial_upper: 
     bc_type  = 1
     bc_value = 0
  poloidal_lower: 
     bc_type  = 1
     bc_value = 0
  poloidal_upper: 
     bc_type  = 1
     bc_value = 0
  toroidal_lower: 
     bc_type  = 0
     bc_value = 0
  toroidal_upper: 
     bc_type  = 0
     bc_value = 0
-----------------------------------------------
===============================================

Grid Function Library =========================

"Ion_vpar_grid_func":
Constant grid function parameters:
  value: 0

"N0_grid_func":
Arbitrary grid function parameters:
  function: (  1.0+0.1*cos(2*z) )
  translated form: (1.0+0.1*cos(2*z'))
  postfix form: {1.0}{0.1}{2}{z'[0]}{*}{cos}{*}{+}
  coordinate type: mapped

"T0_grid_func":
Arbitrary grid function parameters:
  function: 1.0
  translated form: 1.0
  postfix form: {1.0}
  coordinate type: mapped

"eN0_grid_func":
Arbitrary grid function parameters:
  function: (1.0+sin(x/2.0)*sin(x/2.0))*(1+0.001*cos(2*y))
  translated form: (1.0+sin(x'/2.0)*sin(x'/2.0))*(1+0.001*cos(2*y'))
  postfix form: {1.0}{x'[0]}{2.0}{/}{sin}{x'[0]}{2.0}{/}{sin}{*}{+}{1}{0.001}{2}{y'[0]}{*}{cos}{*}{+}{*}
  coordinate type: mapped

"eT0_grid_func":
Arbitrary grid function parameters:
  function: 1.0
  translated form: 1.0
  postfix form: {1.0}
  coordinate type: mapped

"ele_vpar_grid_func":
Constant grid function parameters:
  value: 0

"zero_grid_func":
Constant grid function parameters:
  value: 0

===============================================

Kinetic Function Library =========================

"maxwellian_electron_phase_func":
Maxwellian kinetic function parameters:
-- Density --
Arbitrary grid function parameters:
  function: (  1.0+0.1*cos(2*z) )
  translated form: (1.0+0.1*cos(2*z'))
  postfix form: {1.0}{0.1}{2}{z'[0]}{*}{cos}{*}{+}
  coordinate type: mapped

-- Temperature --
Arbitrary grid function parameters:
  function: 1.0
  translated form: 1.0
  postfix form: {1.0}
  coordinate type: mapped

-- Vparallel --
Constant grid function parameters:
  value: 0


"maxwellian_phase_func":
Maxwellian kinetic function parameters:
-- Density --
Arbitrary grid function parameters:
  function: (  1.0+0.1*cos(2*z) )
  translated form: (1.0+0.1*cos(2*z'))
  postfix form: {1.0}{0.1}{2}{z'[0]}{*}{cos}{*}{+}
  coordinate type: mapped

-- Temperature --
Arbitrary grid function parameters:
  function: 1.0
  translated form: 1.0
  postfix form: {1.0}
  coordinate type: mapped

-- Vparallel --
Constant grid function parameters:
  value: 0


==================================================

SlabPhaseBC ================================
- variable: hydrogen-------------
  radial_lower: 
Maxwellian kinetic function parameters:
-- Density --
Arbitrary grid function parameters:
  function: (  1.0+0.1*cos(2*z) )
  translated form: (1.0+0.1*cos(2*z'))
  postfix form: {1.0}{0.1}{2}{z'[0]}{*}{cos}{*}{+}
  coordinate type: mapped

-- Temperature --
Arbitrary grid function parameters:
  function: 1.0
  translated form: 1.0
  postfix form: {1.0}
  coordinate type: mapped

-- Vparallel --
Constant grid function parameters:
  value: 0


  radial_upper: 
Maxwellian kinetic function parameters:
-- Density --
Arbitrary grid function parameters:
  function: (  1.0+0.1*cos(2*z) )
  translated form: (1.0+0.1*cos(2*z'))
  postfix form: {1.0}{0.1}{2}{z'[0]}{*}{cos}{*}{+}
  coordinate type: mapped

-- Temperature --
Arbitrary grid function parameters:
  function: 1.0
  translated form: 1.0
  postfix form: {1.0}
  coordinate type: mapped

-- Vparallel --
Constant grid function parameters:
  value: 0


  poloidal_lower: 
Maxwellian kinetic function parameters:
-- Density --
Arbitrary grid function parameters:
  function: (  1.0+0.1*cos(2*z) )
  translated form: (1.0+0.1*cos(2*z'))
  postfix form: {1.0}{0.1}{2}{z'[0]}{*}{cos}{*}{+}
  coordinate type: mapped

-- Temperature --
Arbitrary grid function parameters:
  function: 1.0
  translated form: 1.0
  postfix form: {1.0}
  coordinate type: mapped

-- Vparallel --
Constant grid function parameters:
  value: 0


  poloidal_upper: 
Maxwellian kinetic function parameters:
-- Density --
Arbitrary grid function parameters:
  function: (  1.0+0.1*cos(2*z) )
  translated form: (1.0+0.1*cos(2*z'))
  postfix form: {1.0}{0.1}{2}{z'[0]}{*}{cos}{*}{+}
  coordinate type: mapped

-- Temperature --
Arbitrary grid function parameters:
  function: 1.0
  translated form: 1.0
  postfix form: {1.0}
  coordinate type: mapped

-- Vparallel --
Constant grid function parameters:
  value: 0


  toroidal_lower: 
Maxwellian kinetic function parameters:
-- Density --
Arbitrary grid function parameters:
  function: (  1.0+0.1*cos(2*z) )
  translated form: (1.0+0.1*cos(2*z'))
  postfix form: {1.0}{0.1}{2}{z'[0]}{*}{cos}{*}{+}
  coordinate type: mapped

-- Temperature --
Arbitrary grid function parameters:
  function: 1.0
  translated form: 1.0
  postfix form: {1.0}
  coordinate type: mapped

-- Vparallel --
Constant grid function parameters:
  value: 0


  toroidal_upper: 
Maxwellian kinetic function parameters:
-- Density --
Arbitrary grid function parameters:
  function: (  1.0+0.1*cos(2*z) )
  translated form: (1.0+0.1*cos(2*z'))
  postfix form: {1.0}{0.1}{2}{z'[0]}{*}{cos}{*}{+}
  coordinate type: mapped

-- Temperature --
Arbitrary grid function parameters:
  function: 1.0
  translated form: 1.0
  postfix form: {1.0}
  coordinate type: mapped

-- Vparallel --
Constant grid function parameters:
  value: 0


  vpar_lower: 
Maxwellian kinetic function parameters:
-- Density --
Arbitrary grid function parameters:
  function: (  1.0+0.1*cos(2*z) )
  translated form: (1.0+0.1*cos(2*z'))
  postfix form: {1.0}{0.1}{2}{z'[0]}{*}{cos}{*}{+}
  coordinate type: mapped

-- Temperature --
Arbitrary grid function parameters:
  function: 1.0
  translated form: 1.0
  postfix form: {1.0}
  coordinate type: mapped

-- Vparallel --
Constant grid function parameters:
  value: 0


  vpar_upper: 
Maxwellian kinetic function parameters:
-- Density --
Arbitrary grid function parameters:
  function: (  1.0+0.1*cos(2*z) )
  translated form: (1.0+0.1*cos(2*z'))
  postfix form: {1.0}{0.1}{2}{z'[0]}{*}{cos}{*}{+}
  coordinate type: mapped

-- Temperature --
Arbitrary grid function parameters:
  function: 1.0
  translated form: 1.0
  postfix form: {1.0}
  coordinate type: mapped

-- Vparallel --
Constant grid function parameters:
  value: 0


  mu_lower: 
Maxwellian kinetic function parameters:
-- Density --
Arbitrary grid function parameters:
  function: (  1.0+0.1*cos(2*z) )
  translated form: (1.0+0.1*cos(2*z'))
  postfix form: {1.0}{0.1}{2}{z'[0]}{*}{cos}{*}{+}
  coordinate type: mapped

-- Temperature --
Arbitrary grid function parameters:
  function: 1.0
  translated form: 1.0
  postfix form: {1.0}
  coordinate type: mapped

-- Vparallel --
Constant grid function parameters:
  value: 0


  mu_upper: 
Maxwellian kinetic function parameters:
-- Density --
Arbitrary grid function parameters:
  function: (  1.0+0.1*cos(2*z) )
  translated form: (1.0+0.1*cos(2*z'))
  postfix form: {1.0}{0.1}{2}{z'[0]}{*}{cos}{*}{+}
  coordinate type: mapped

-- Temperature --
Arbitrary grid function parameters:
  function: 1.0
  translated form: 1.0
  postfix form: {1.0}
  coordinate type: mapped

-- Vparallel --
Constant grid function parameters:
  value: 0


-----------------------------------------------
===============================================

SlabPhaseBC ================================
- variable: electron-------------
  radial_lower: 
Maxwellian kinetic function parameters:
-- Density --
Arbitrary grid function parameters:
  function: (  1.0+0.1*cos(2*z) )
  translated form: (1.0+0.1*cos(2*z'))
  postfix form: {1.0}{0.1}{2}{z'[0]}{*}{cos}{*}{+}
  coordinate type: mapped

-- Temperature --
Arbitrary grid function parameters:
  function: 1.0
  translated form: 1.0
  postfix form: {1.0}
  coordinate type: mapped

-- Vparallel --
Constant grid function parameters:
  value: 0


  radial_upper: 
Maxwellian kinetic function parameters:
-- Density --
Arbitrary grid function parameters:
  function: (  1.0+0.1*cos(2*z) )
  translated form: (1.0+0.1*cos(2*z'))
  postfix form: {1.0}{0.1}{2}{z'[0]}{*}{cos}{*}{+}
  coordinate type: mapped

-- Temperature --
Arbitrary grid function parameters:
  function: 1.0
  translated form: 1.0
  postfix form: {1.0}
  coordinate type: mapped

-- Vparallel --
Constant grid function parameters:
  value: 0


  poloidal_lower: 
Maxwellian kinetic function parameters:
-- Density --
Arbitrary grid function parameters:
  function: (  1.0+0.1*cos(2*z) )
  translated form: (1.0+0.1*cos(2*z'))
  postfix form: {1.0}{0.1}{2}{z'[0]}{*}{cos}{*}{+}
  coordinate type: mapped

-- Temperature --
Arbitrary grid function parameters:
  function: 1.0
  translated form: 1.0
  postfix form: {1.0}
  coordinate type: mapped

-- Vparallel --
Constant grid function parameters:
  value: 0


  poloidal_upper: 
Maxwellian kinetic function parameters:
-- Density --
Arbitrary grid function parameters:
  function: (  1.0+0.1*cos(2*z) )
  translated form: (1.0+0.1*cos(2*z'))
  postfix form: {1.0}{0.1}{2}{z'[0]}{*}{cos}{*}{+}
  coordinate type: mapped

-- Temperature --
Arbitrary grid function parameters:
  function: 1.0
  translated form: 1.0
  postfix form: {1.0}
  coordinate type: mapped

-- Vparallel --
Constant grid function parameters:
  value: 0


  toroidal_lower: 
Maxwellian kinetic function parameters:
-- Density --
Arbitrary grid function parameters:
  function: (  1.0+0.1*cos(2*z) )
  translated form: (1.0+0.1*cos(2*z'))
  postfix form: {1.0}{0.1}{2}{z'[0]}{*}{cos}{*}{+}
  coordinate type: mapped

-- Temperature --
Arbitrary grid function parameters:
  function: 1.0
  translated form: 1.0
  postfix form: {1.0}
  coordinate type: mapped

-- Vparallel --
Constant grid function parameters:
  value: 0


  toroidal_upper: 
Maxwellian kinetic function parameters:
-- Density --
Arbitrary grid function parameters:
  function: (  1.0+0.1*cos(2*z) )
  translated form: (1.0+0.1*cos(2*z'))
  postfix form: {1.0}{0.1}{2}{z'[0]}{*}{cos}{*}{+}
  coordinate type: mapped

-- Temperature --
Arbitrary grid function parameters:
  function: 1.0
  translated form: 1.0
  postfix form: {1.0}
  coordinate type: mapped

-- Vparallel --
Constant grid function parameters:
  value: 0


  vpar_lower: 
Maxwellian kinetic function parameters:
-- Density --
Arbitrary grid function parameters:
  function: (  1.0+0.1*cos(2*z) )
  translated form: (1.0+0.1*cos(2*z'))
  postfix form: {1.0}{0.1}{2}{z'[0]}{*}{cos}{*}{+}
  coordinate type: mapped

-- Temperature --
Arbitrary grid function parameters:
  function: 1.0
  translated form: 1.0
  postfix form: {1.0}
  coordinate type: mapped

-- Vparallel --
Constant grid function parameters:
  value: 0


  vpar_upper: 
Maxwellian kinetic function parameters:
-- Density --
Arbitrary grid function parameters:
  function: (  1.0+0.1*cos(2*z) )
  translated form: (1.0+0.1*cos(2*z'))
  postfix form: {1.0}{0.1}{2}{z'[0]}{*}{cos}{*}{+}
  coordinate type: mapped

-- Temperature --
Arbitrary grid function parameters:
  function: 1.0
  translated form: 1.0
  postfix form: {1.0}
  coordinate type: mapped

-- Vparallel --
Constant grid function parameters:
  value: 0


  mu_lower: 
Maxwellian kinetic function parameters:
-- Density --
Arbitrary grid function parameters:
  function: (  1.0+0.1*cos(2*z) )
  translated form: (1.0+0.1*cos(2*z'))
  postfix form: {1.0}{0.1}{2}{z'[0]}{*}{cos}{*}{+}
  coordinate type: mapped

-- Temperature --
Arbitrary grid function parameters:
  function: 1.0
  translated form: 1.0
  postfix form: {1.0}
  coordinate type: mapped

-- Vparallel --
Constant grid function parameters:
  value: 0


  mu_upper: 
Maxwellian kinetic function parameters:
-- Density --
Arbitrary grid function parameters:
  function: (  1.0+0.1*cos(2*z) )
  translated form: (1.0+0.1*cos(2*z'))
  postfix form: {1.0}{0.1}{2}{z'[0]}{*}{cos}{*}{+}
  coordinate type: mapped

-- Temperature --
Arbitrary grid function parameters:
  function: 1.0
  translated form: 1.0
  postfix form: {1.0}
  coordinate type: mapped

-- Vparallel --
Constant grid function parameters:
  value: 0


-----------------------------------------------
===============================================
No collision model specified for hydrogen.
Collision model for 0	hydrogen:	None
No collision model specified for electron.
Collision model for 1	electron:	None
Time integration method: rk (4)
      BiCGStab converged successfully
  Distribution Function Extrema:
    Species 0:	5.73358e-07 [max]	4.24834e-22 [min]
    Species 1:	6.41033e-09 [max]	4.74979e-24 [min]


Step 1
      BiCGStab converged successfully
Vlasov operator time step was limited by the velocity at (R,phi,Z,vparallel,mu) = (0.01875,0.01875,0.212891,-6.80556,5.5) and mapped coordinate = (7,7,54,-18,16)
The toroidal direction makes the largest contribution to the stable dt reciprocal at that point
Vlasov operator time step was limited by the velocity at (R,phi,Z,vparallel,mu) = (0.01875,0.01875,0.212891,-6.80556,5.5) and mapped coordinate = (7,7,54,-18,16)
The toroidal direction makes the largest contribution to the stable dt reciprocal at that point
      BiCGStab converged successfully
      BiCGStab converged successfully
      BiCGStab converged successfully
  ----
  dt: 1.29189e-09
    Vlasov    : 1.83906e-09 (time scale), 0.70247 (CFL)
    Collisions: 1.79769e+308 (time scale), 0 (CFL)
  ----
  Distribution Function Extrema:
    Species 0:	5.73358e-07 [max]	4.24834e-22 [min]
    Species 1:	6.41033e-09 [max]	4.74979e-24 [min]

Step 1 completed, simulation time is 1.29189e-09
----

Step 2
      BiCGStab converged successfully
Vlasov operator time step was limited by the velocity at (R,phi,Z,vparallel,mu) = (0.01875,0.01875,0.212891,-6.80556,5.5) and mapped coordinate = (7,7,54,-18,16)
The toroidal direction makes the largest contribution to the stable dt reciprocal at that point
Vlasov operator time step was limited by the velocity at (R,phi,Z,vparallel,mu) = (0.01875,0.01875,0.212891,-6.80556,5.5) and mapped coordinate = (7,7,54,-18,16)
The toroidal direction makes the largest contribution to the stable dt reciprocal at that point
      BiCGStab converged successfully
      BiCGStab converged successfully
      BiCGStab converged successfully
  ----
  dt: 1.29189e-09
    Vlasov    : 1.83906e-09 (time scale), 0.70247 (CFL)
    Collisions: 1.79769e+308 (time scale), 0 (CFL)
  ----
  Distribution Function Extrema:
    Species 0:	5.73358e-07 [max]	4.24834e-22 [min]
    Species 1:	6.41033e-09 [max]	4.74979e-24 [min]

Step 2 completed, simulation time is 2.58377e-09
----

Step 3
      BiCGStab converged successfully
Vlasov operator time step was limited by the velocity at (R,phi,Z,vparallel,mu) = (0.01875,0.01875,0.212891,-6.80556,5.5) and mapped coordinate = (7,7,54,-18,16)
The toroidal direction makes the largest contribution to the stable dt reciprocal at that point
Vlasov operator time step was limited by the velocity at (R,phi,Z,vparallel,mu) = (0.01875,0.01875,0.212891,-6.80556,5.5) and mapped coordinate = (7,7,54,-18,16)
The toroidal direction makes the largest contribution to the stable dt reciprocal at that point
      BiCGStab converged successfully
      BiCGStab converged successfully
      BiCGStab converged successfully
  ----
  dt: 1.29189e-09
    Vlasov    : 1.83906e-09 (time scale), 0.70247 (CFL)
    Collisions: 1.79769e+308 (time scale), 0 (CFL)
  ----
  Distribution Function Extrema:
    Species 0:	5.73358e-07 [max]	4.24834e-22 [min]
    Species 1:	6.41033e-09 [max]	4.74979e-24 [min]

Step 3 completed, simulation time is 3.87566e-09
----

Step 4
      BiCGStab converged successfully
Vlasov operator time step was limited by the velocity at (R,phi,Z,vparallel,mu) = (0.01875,0.01875,0.212891,-6.80556,5.5) and mapped coordinate = (7,7,54,-18,16)
The toroidal direction makes the largest contribution to the stable dt reciprocal at that point
Vlasov operator time step was limited by the velocity at (R,phi,Z,vparallel,mu) = (0.01875,0.01875,0.212891,-6.80556,5.5) and mapped coordinate = (7,7,54,-18,16)
The toroidal direction makes the largest contribution to the stable dt reciprocal at that point
      BiCGStab converged successfully
      BiCGStab converged successfully
      BiCGStab converged successfully
  ----
  dt: 1.29189e-09
    Vlasov    : 1.83906e-09 (time scale), 0.70247 (CFL)
    Collisions: 1.79769e+308 (time scale), 0 (CFL)
  ----
  Distribution Function Extrema:
    Species 0:	5.73358e-07 [max]	4.24834e-22 [min]
    Species 1:	6.41033e-09 [max]	4.74979e-24 [min]

Step 4 completed, simulation time is 5.16755e-09
----

Step 5
      BiCGStab converged successfully
Vlasov operator time step was limited by the velocity at (R,phi,Z,vparallel,mu) = (0.01875,0.01875,0.212891,-6.80556,5.5) and mapped coordinate = (7,7,54,-18,16)
The toroidal direction makes the largest contribution to the stable dt reciprocal at that point
Vlasov operator time step was limited by the velocity at (R,phi,Z,vparallel,mu) = (0.01875,0.01875,0.212891,-6.80556,5.5) and mapped coordinate = (7,7,54,-18,16)
The toroidal direction makes the largest contribution to the stable dt reciprocal at that point
      BiCGStab converged successfully
      BiCGStab converged successfully
      BiCGStab converged successfully
  ----
  dt: 1.29189e-09
    Vlasov    : 1.83906e-09 (time scale), 0.70247 (CFL)
    Collisions: 1.79769e+308 (time scale), 0 (CFL)
  ----
  Distribution Function Extrema:
    Species 0:	5.73358e-07 [max]	4.24834e-22 [min]
    Species 1:	6.41033e-09 [max]	4.74979e-24 [min]

Step 5 completed, simulation time is 6.45943e-09
----

Step 6
      BiCGStab converged successfully
Vlasov operator time step was limited by the velocity at (R,phi,Z,vparallel,mu) = (0.01875,0.01875,0.212891,-6.80556,5.5) and mapped coordinate = (7,7,54,-18,16)
The toroidal direction makes the largest contribution to the stable dt reciprocal at that point
Vlasov operator time step was limited by the velocity at (R,phi,Z,vparallel,mu) = (0.01875,0.01875,0.212891,-6.80556,5.5) and mapped coordinate = (7,7,54,-18,16)
The toroidal direction makes the largest contribution to the stable dt reciprocal at that point
      BiCGStab converged successfully
      BiCGStab converged successfully
      BiCGStab converged successfully
  ----
  dt: 1.29189e-09
    Vlasov    : 1.83906e-09 (time scale), 0.70247 (CFL)
    Collisions: 1.79769e+308 (time scale), 0 (CFL)
  ----
  Distribution Function Extrema:
    Species 0:	5.73358e-07 [max]	4.24834e-22 [min]
    Species 1:	6.41033e-09 [max]	4.74979e-24 [min]

Step 6 completed, simulation time is 7.75132e-09
----

Step 7
      BiCGStab converged successfully
Vlasov operator time step was limited by the velocity at (R,phi,Z,vparallel,mu) = (0.01875,0.01875,0.212891,-6.80556,5.5) and mapped coordinate = (7,7,54,-18,16)
The toroidal direction makes the largest contribution to the stable dt reciprocal at that point
Vlasov operator time step was limited by the velocity at (R,phi,Z,vparallel,mu) = (0.01875,0.01875,0.212891,-6.80556,5.5) and mapped coordinate = (7,7,54,-18,16)
The toroidal direction makes the largest contribution to the stable dt reciprocal at that point
      BiCGStab converged successfully
      BiCGStab converged successfully
      BiCGStab converged successfully
  ----
  dt: 1.29189e-09
    Vlasov    : 1.83906e-09 (time scale), 0.70247 (CFL)
    Collisions: 1.79769e+308 (time scale), 0 (CFL)
  ----
  Distribution Function Extrema:
    Species 0:	5.73358e-07 [max]	4.24834e-22 [min]
    Species 1:	6.41033e-09 [max]	4.74979e-24 [min]

Step 7 completed, simulation time is 9.0432e-09
----

Step 8
      BiCGStab converged successfully
Vlasov operator time step was limited by the velocity at (R,phi,Z,vparallel,mu) = (0.01875,0.01875,0.212891,-6.80556,5.5) and mapped coordinate = (7,7,54,-18,16)
The toroidal direction makes the largest contribution to the stable dt reciprocal at that point
Vlasov operator time step was limited by the velocity at (R,phi,Z,vparallel,mu) = (0.01875,0.01875,0.212891,-6.80556,5.5) and mapped coordinate = (7,7,54,-18,16)
The toroidal direction makes the largest contribution to the stable dt reciprocal at that point
      BiCGStab converged successfully
      BiCGStab converged successfully
      BiCGStab converged successfully
  ----
  dt: 1.29189e-09
    Vlasov    : 1.83906e-09 (time scale), 0.70247 (CFL)
    Collisions: 1.79769e+308 (time scale), 0 (CFL)
  ----
  Distribution Function Extrema:
    Species 0:	5.73358e-07 [max]	4.24834e-22 [min]
    Species 1:	6.41033e-09 [max]	4.74979e-24 [min]

Step 8 completed, simulation time is 1.03351e-08
----

Step 9
      BiCGStab converged successfully
Vlasov operator time step was limited by the velocity at (R,phi,Z,vparallel,mu) = (0.01875,0.01875,0.212891,-6.80556,5.5) and mapped coordinate = (7,7,54,-18,16)
The toroidal direction makes the largest contribution to the stable dt reciprocal at that point
Vlasov operator time step was limited by the velocity at (R,phi,Z,vparallel,mu) = (0.01875,0.01875,0.212891,-6.80556,5.5) and mapped coordinate = (7,7,54,-18,16)
The toroidal direction makes the largest contribution to the stable dt reciprocal at that point
      BiCGStab converged successfully
      BiCGStab converged successfully
      BiCGStab converged successfully
  ----
  dt: 1.29189e-09
    Vlasov    : 1.83906e-09 (time scale), 0.70247 (CFL)
    Collisions: 1.79769e+308 (time scale), 0 (CFL)
  ----
  Distribution Function Extrema:
    Species 0:	5.73358e-07 [max]	4.24834e-22 [min]
    Species 1:	6.41033e-09 [max]	4.74979e-24 [min]

Step 9 completed, simulation time is 1.1627e-08
----

Step 10
      BiCGStab converged successfully
Vlasov operator time step was limited by the velocity at (R,phi,Z,vparallel,mu) = (0.01875,0.01875,0.212891,-6.80556,5.5) and mapped coordinate = (7,7,54,-18,16)
The toroidal direction makes the largest contribution to the stable dt reciprocal at that point
Vlasov operator time step was limited by the velocity at (R,phi,Z,vparallel,mu) = (0.01875,0.01875,0.212891,-6.80556,5.5) and mapped coordinate = (7,7,54,-18,16)
The toroidal direction makes the largest contribution to the stable dt reciprocal at that point
      BiCGStab converged successfully
      BiCGStab converged successfully
      BiCGStab converged successfully
  ----
  dt: 1.29189e-09
    Vlasov    : 1.83906e-09 (time scale), 0.70247 (CFL)
    Collisions: 1.79769e+308 (time scale), 0 (CFL)
  ----
  Distribution Function Extrema:
    Species 0:	5.73358e-07 [max]	4.24834e-22 [min]
    Species 1:	6.41033e-09 [max]	4.74979e-24 [min]

Step 10 completed, simulation time is 1.29189e-08
----

Step 11
      BiCGStab converged successfully
Vlasov operator time step was limited by the velocity at (R,phi,Z,vparallel,mu) = (0.01875,0.01875,0.212891,-6.80556,5.5) and mapped coordinate = (7,7,54,-18,16)
The toroidal direction makes the largest contribution to the stable dt reciprocal at that point
Vlasov operator time step was limited by the velocity at (R,phi,Z,vparallel,mu) = (0.01875,0.01875,0.212891,-6.80556,5.5) and mapped coordinate = (7,7,54,-18,16)
The toroidal direction makes the largest contribution to the stable dt reciprocal at that point
      BiCGStab converged successfully
      BiCGStab converged successfully
      BiCGStab converged successfully
  ----
  dt: 1.29189e-09
    Vlasov    : 1.83906e-09 (time scale), 0.70247 (CFL)
    Collisions: 1.79769e+308 (time scale), 0 (CFL)
  ----
  Distribution Function Extrema:
    Species 0:	5.73358e-07 [max]	4.24834e-22 [min]
    Species 1:	6.41033e-09 [max]	4.74979e-24 [min]

Step 11 completed, simulation time is 1.42107e-08
----

Step 12
      BiCGStab converged successfully
Vlasov operator time step was limited by the velocity at (R,phi,Z,vparallel,mu) = (0.01875,0.01875,0.212891,-6.80556,5.5) and mapped coordinate = (7,7,54,-18,16)
The toroidal direction makes the largest contribution to the stable dt reciprocal at that point
Vlasov operator time step was limited by the velocity at (R,phi,Z,vparallel,mu) = (0.01875,0.01875,0.212891,-6.80556,5.5) and mapped coordinate = (7,7,54,-18,16)
The toroidal direction makes the largest contribution to the stable dt reciprocal at that point
      BiCGStab converged successfully
      BiCGStab converged successfully
      BiCGStab converged successfully
  ----
  dt: 1.29189e-09
    Vlasov    : 1.83906e-09 (time scale), 0.70247 (CFL)
    Collisions: 1.79769e+308 (time scale), 0 (CFL)
  ----
  Distribution Function Extrema:
    Species 0:	5.73358e-07 [max]	4.24834e-22 [min]
    Species 1:	6.41033e-09 [max]	4.74979e-24 [min]

Step 12 completed, simulation time is 1.55026e-08
----

Step 13
      BiCGStab converged successfully
Vlasov operator time step was limited by the velocity at (R,phi,Z,vparallel,mu) = (0.01875,0.01875,0.212891,-6.80556,5.5) and mapped coordinate = (7,7,54,-18,16)
The toroidal direction makes the largest contribution to the stable dt reciprocal at that point
Vlasov operator time step was limited by the velocity at (R,phi,Z,vparallel,mu) = (0.01875,0.01875,0.212891,-6.80556,5.5) and mapped coordinate = (7,7,54,-18,16)
The toroidal direction makes the largest contribution to the stable dt reciprocal at that point
      BiCGStab converged successfully
      BiCGStab converged successfully
      BiCGStab converged successfully
  ----
  dt: 1.29189e-09
    Vlasov    : 1.83906e-09 (time scale), 0.70247 (CFL)
    Collisions: 1.79769e+308 (time scale), 0 (CFL)
  ----
  Distribution Function Extrema:
    Species 0:	5.73358e-07 [max]	4.24834e-22 [min]
    Species 1:	6.41033e-09 [max]	4.74979e-24 [min]

Step 13 completed, simulation time is 1.67945e-08
----

Step 14
      BiCGStab converged successfully
Vlasov operator time step was limited by the velocity at (R,phi,Z,vparallel,mu) = (0.01875,0.01875,0.212891,-6.80556,5.5) and mapped coordinate = (7,7,54,-18,16)
The toroidal direction makes the largest contribution to the stable dt reciprocal at that point
Vlasov operator time step was limited by the velocity at (R,phi,Z,vparallel,mu) = (0.01875,0.01875,0.212891,-6.80556,5.5) and mapped coordinate = (7,7,54,-18,16)
The toroidal direction makes the largest contribution to the stable dt reciprocal at that point
      BiCGStab converged successfully
      BiCGStab converged successfully
      BiCGStab converged successfully
  ----
  dt: 1.29189e-09
    Vlasov    : 1.83906e-09 (time scale), 0.70247 (CFL)
    Collisions: 1.79769e+308 (time scale), 0 (CFL)
  ----
  Distribution Function Extrema:
    Species 0:	5.73358e-07 [max]	4.24834e-22 [min]
    Species 1:	6.41033e-09 [max]	4.74979e-24 [min]

Step 14 completed, simulation time is 1.80864e-08
----

Step 15
      BiCGStab converged successfully
Vlasov operator time step was limited by the velocity at (R,phi,Z,vparallel,mu) = (0.01875,0.01875,0.212891,-6.80556,5.5) and mapped coordinate = (7,7,54,-18,16)
The toroidal direction makes the largest contribution to the stable dt reciprocal at that point
Vlasov operator time step was limited by the velocity at (R,phi,Z,vparallel,mu) = (0.01875,0.01875,0.212891,-6.80556,5.5) and mapped coordinate = (7,7,54,-18,16)
The toroidal direction makes the largest contribution to the stable dt reciprocal at that point
      BiCGStab converged successfully
      BiCGStab converged successfully
      BiCGStab converged successfully
  ----
  dt: 1.29189e-09
    Vlasov    : 1.83906e-09 (time scale), 0.70247 (CFL)
    Collisions: 1.79769e+308 (time scale), 0 (CFL)
  ----
  Distribution Function Extrema:
    Species 0:	5.73358e-07 [max]	4.24834e-22 [min]
    Species 1:	6.41033e-09 [max]	4.74979e-24 [min]

Step 15 completed, simulation time is 1.93783e-08
----

Step 16
      BiCGStab converged successfully
Vlasov operator time step was limited by the velocity at (R,phi,Z,vparallel,mu) = (0.01875,0.01875,0.212891,-6.80556,5.5) and mapped coordinate = (7,7,54,-18,16)
The toroidal direction makes the largest contribution to the stable dt reciprocal at that point
Vlasov operator time step was limited by the velocity at (R,phi,Z,vparallel,mu) = (0.01875,0.01875,0.212891,-6.80556,5.5) and mapped coordinate = (7,7,54,-18,16)
The toroidal direction makes the largest contribution to the stable dt reciprocal at that point
      BiCGStab converged successfully
      BiCGStab converged successfully
      BiCGStab converged successfully
  ----
  dt: 1.29189e-09
    Vlasov    : 1.83906e-09 (time scale), 0.70247 (CFL)
    Collisions: 1.79769e+308 (time scale), 0 (CFL)
  ----
  Distribution Function Extrema:
    Species 0:	5.73358e-07 [max]	4.24834e-22 [min]
    Species 1:	6.41033e-09 [max]	4.74979e-24 [min]

Step 16 completed, simulation time is 2.06702e-08
----

Step 17
      BiCGStab converged successfully
Vlasov operator time step was limited by the velocity at (R,phi,Z,vparallel,mu) = (0.01875,0.01875,0.212891,-6.80556,5.5) and mapped coordinate = (7,7,54,-18,16)
The toroidal direction makes the largest contribution to the stable dt reciprocal at that point
Vlasov operator time step was limited by the velocity at (R,phi,Z,vparallel,mu) = (0.01875,0.01875,0.212891,-6.80556,5.5) and mapped coordinate = (7,7,54,-18,16)
The toroidal direction makes the largest contribution to the stable dt reciprocal at that point
      BiCGStab converged successfully
      BiCGStab converged successfully
      BiCGStab converged successfully
  ----
  dt: 1.29189e-09
    Vlasov    : 1.83906e-09 (time scale), 0.70247 (CFL)
    Collisions: 1.79769e+308 (time scale), 0 (CFL)
  ----
  Distribution Function Extrema:
    Species 0:	5.73358e-07 [max]	4.24834e-22 [min]
    Species 1:	6.41033e-09 [max]	4.74979e-24 [min]

Step 17 completed, simulation time is 2.19621e-08
----

Step 18
      BiCGStab converged successfully
Vlasov operator time step was limited by the velocity at (R,phi,Z,vparallel,mu) = (0.01875,0.01875,0.212891,-6.80556,5.5) and mapped coordinate = (7,7,54,-18,16)
The toroidal direction makes the largest contribution to the stable dt reciprocal at that point
Vlasov operator time step was limited by the velocity at (R,phi,Z,vparallel,mu) = (0.01875,0.01875,0.212891,-6.80556,5.5) and mapped coordinate = (7,7,54,-18,16)
The toroidal direction makes the largest contribution to the stable dt reciprocal at that point
      BiCGStab converged successfully
      BiCGStab converged successfully
      BiCGStab converged successfully
  ----
  dt: 1.29189e-09
    Vlasov    : 1.83906e-09 (time scale), 0.70247 (CFL)
    Collisions: 1.79769e+308 (time scale), 0 (CFL)
  ----
  Distribution Function Extrema:
    Species 0:	5.73358e-07 [max]	4.24834e-22 [min]
    Species 1:	6.41033e-09 [max]	4.74979e-24 [min]

Step 18 completed, simulation time is 2.3254e-08
----

Step 19
      BiCGStab converged successfully
Vlasov operator time step was limited by the velocity at (R,phi,Z,vparallel,mu) = (0.01875,0.01875,0.212891,-6.80556,5.5) and mapped coordinate = (7,7,54,-18,16)
The toroidal direction makes the largest contribution to the stable dt reciprocal at that point
Vlasov operator time step was limited by the velocity at (R,phi,Z,vparallel,mu) = (0.01875,0.01875,0.212891,-6.80556,5.5) and mapped coordinate = (7,7,54,-18,16)
The toroidal direction makes the largest contribution to the stable dt reciprocal at that point
      BiCGStab converged successfully
      BiCGStab converged successfully
      BiCGStab converged successfully
  ----
  dt: 1.29189e-09
    Vlasov    : 1.83906e-09 (time scale), 0.70247 (CFL)
    Collisions: 1.79769e+308 (time scale), 0 (CFL)
  ----
  Distribution Function Extrema:
    Species 0:	5.73358e-07 [max]	4.24834e-22 [min]
    Species 1:	6.41033e-09 [max]	4.74979e-24 [min]

Step 19 completed, simulation time is 2.45458e-08
----

Step 20
      BiCGStab converged successfully
Vlasov operator time step was limited by the velocity at (R,phi,Z,vparallel,mu) = (0.01875,0.01875,0.212891,-6.80556,5.5) and mapped coordinate = (7,7,54,-18,16)
The toroidal direction makes the largest contribution to the stable dt reciprocal at that point
Vlasov operator time step was limited by the velocity at (R,phi,Z,vparallel,mu) = (0.01875,0.01875,0.212891,-6.80556,5.5) and mapped coordinate = (7,7,54,-18,16)
The toroidal direction makes the largest contribution to the stable dt reciprocal at that point
      BiCGStab converged successfully
      BiCGStab converged successfully
      BiCGStab converged successfully
  ----
  dt: 1.29189e-09
    Vlasov    : 1.83906e-09 (time scale), 0.70247 (CFL)
    Collisions: 1.79769e+308 (time scale), 0 (CFL)
  ----
  Distribution Function Extrema:
    Species 0:	5.73358e-07 [max]	4.24834e-22 [min]
    Species 1:	6.41033e-09 [max]	4.74979e-24 [min]

Step 20 completed, simulation time is 2.58377e-08
----

Step 21
      BiCGStab converged successfully
Vlasov operator time step was limited by the velocity at (R,phi,Z,vparallel,mu) = (0.01875,0.01875,0.212891,-6.80556,5.5) and mapped coordinate = (7,7,54,-18,16)
The toroidal direction makes the largest contribution to the stable dt reciprocal at that point
Vlasov operator time step was limited by the velocity at (R,phi,Z,vparallel,mu) = (0.01875,0.01875,0.212891,-6.80556,5.5) and mapped coordinate = (7,7,54,-18,16)
The toroidal direction makes the largest contribution to the stable dt reciprocal at that point
      BiCGStab converged successfully
      BiCGStab converged successfully
      BiCGStab converged successfully
  ----
  dt: 1.29189e-09
    Vlasov    : 1.83906e-09 (time scale), 0.70247 (CFL)
    Collisions: 1.79769e+308 (time scale), 0 (CFL)
  ----
  Distribution Function Extrema:
    Species 0:	5.73358e-07 [max]	4.24834e-22 [min]
    Species 1:	6.41033e-09 [max]	4.74979e-24 [min]

Step 21 completed, simulation time is 2.71296e-08
----

Step 22
      BiCGStab converged successfully
Vlasov operator time step was limited by the velocity at (R,phi,Z,vparallel,mu) = (0.01875,0.01875,0.212891,-6.80556,5.5) and mapped coordinate = (7,7,54,-18,16)
The toroidal direction makes the largest contribution to the stable dt reciprocal at that point
Vlasov operator time step was limited by the velocity at (R,phi,Z,vparallel,mu) = (0.01875,0.01875,0.212891,-6.80556,5.5) and mapped coordinate = (7,7,54,-18,16)
The toroidal direction makes the largest contribution to the stable dt reciprocal at that point
      BiCGStab converged successfully
      BiCGStab converged successfully
      BiCGStab converged successfully
  ----
  dt: 1.29189e-09
    Vlasov    : 1.83906e-09 (time scale), 0.70247 (CFL)
    Collisions: 1.79769e+308 (time scale), 0 (CFL)
  ----
  Distribution Function Extrema:
    Species 0:	5.73358e-07 [max]	4.24834e-22 [min]
    Species 1:	6.41033e-09 [max]	4.74979e-24 [min]

Step 22 completed, simulation time is 2.84215e-08
----

Step 23
      BiCGStab converged successfully
Vlasov operator time step was limited by the velocity at (R,phi,Z,vparallel,mu) = (0.01875,0.01875,0.212891,-6.80556,5.5) and mapped coordinate = (7,7,54,-18,16)
The toroidal direction makes the largest contribution to the stable dt reciprocal at that point
Vlasov operator time step was limited by the velocity at (R,phi,Z,vparallel,mu) = (0.01875,0.01875,0.212891,-6.80556,5.5) and mapped coordinate = (7,7,54,-18,16)
The toroidal direction makes the largest contribution to the stable dt reciprocal at that point
      BiCGStab converged successfully
      BiCGStab converged successfully
      BiCGStab converged successfully
  ----
  dt: 1.29189e-09
    Vlasov    : 1.83906e-09 (time scale), 0.70247 (CFL)
    Collisions: 1.79769e+308 (time scale), 0 (CFL)
  ----
  Distribution Function Extrema:
    Species 0:	5.73358e-07 [max]	4.24834e-22 [min]
    Species 1:	6.41033e-09 [max]	4.74979e-24 [min]

Step 23 completed, simulation time is 2.97134e-08
----

Step 24
      BiCGStab converged successfully
Vlasov operator time step was limited by the velocity at (R,phi,Z,vparallel,mu) = (0.01875,0.01875,0.212891,-6.80556,5.5) and mapped coordinate = (7,7,54,-18,16)
The toroidal direction makes the largest contribution to the stable dt reciprocal at that point
Vlasov operator time step was limited by the velocity at (R,phi,Z,vparallel,mu) = (0.01875,0.01875,0.212891,-6.80556,5.5) and mapped coordinate = (7,7,54,-18,16)
The toroidal direction makes the largest contribution to the stable dt reciprocal at that point
      BiCGStab converged successfully
      BiCGStab converged successfully
      BiCGStab converged successfully
  ----
  dt: 1.29189e-09
    Vlasov    : 1.83906e-09 (time scale), 0.70247 (CFL)
    Collisions: 1.79769e+308 (time scale), 0 (CFL)
  ----
  Distribution Function Extrema:
    Species 0:	5.73358e-07 [max]	4.24834e-22 [min]
    Species 1:	6.41033e-09 [max]	4.74979e-24 [min]

Step 24 completed, simulation time is 3.10053e-08
----

Step 25
      BiCGStab converged successfully
Vlasov operator time step was limited by the velocity at (R,phi,Z,vparallel,mu) = (0.01875,0.01875,0.212891,-6.80556,5.5) and mapped coordinate = (7,7,54,-18,16)
The toroidal direction makes the largest contribution to the stable dt reciprocal at that point
Vlasov operator time step was limited by the velocity at (R,phi,Z,vparallel,mu) = (0.01875,0.01875,0.212891,-6.80556,5.5) and mapped coordinate = (7,7,54,-18,16)
The toroidal direction makes the largest contribution to the stable dt reciprocal at that point
      BiCGStab converged successfully
      BiCGStab converged successfully
      BiCGStab converged successfully
  ----
  dt: 1.29189e-09
    Vlasov    : 1.83906e-09 (time scale), 0.70247 (CFL)
    Collisions: 1.79769e+308 (time scale), 0 (CFL)
  ----
  Distribution Function Extrema:
    Species 0:	5.73358e-07 [max]	4.24834e-22 [min]
    Species 1:	6.41033e-09 [max]	4.74979e-24 [min]

Step 25 completed, simulation time is 3.22972e-08
----

Step 26
      BiCGStab converged successfully
Vlasov operator time step was limited by the velocity at (R,phi,Z,vparallel,mu) = (0.01875,0.01875,0.212891,-6.80556,5.5) and mapped coordinate = (7,7,54,-18,16)
The toroidal direction makes the largest contribution to the stable dt reciprocal at that point
Vlasov operator time step was limited by the velocity at (R,phi,Z,vparallel,mu) = (0.01875,0.01875,0.212891,-6.80556,5.5) and mapped coordinate = (7,7,54,-18,16)
The toroidal direction makes the largest contribution to the stable dt reciprocal at that point
      BiCGStab converged successfully
      BiCGStab converged successfully
      BiCGStab converged successfully
  ----
  dt: 1.29189e-09
    Vlasov    : 1.83906e-09 (time scale), 0.70247 (CFL)
    Collisions: 1.79769e+308 (time scale), 0 (CFL)
  ----
  Distribution Function Extrema:
    Species 0:	5.73358e-07 [max]	4.24834e-22 [min]
    Species 1:	6.41033e-09 [max]	4.74979e-24 [min]

Step 26 completed, simulation time is 3.3589e-08
----

Step 27
      BiCGStab converged successfully
Vlasov operator time step was limited by the velocity at (R,phi,Z,vparallel,mu) = (0.01875,0.01875,0.212891,-6.80556,5.5) and mapped coordinate = (7,7,54,-18,16)
The toroidal direction makes the largest contribution to the stable dt reciprocal at that point
Vlasov operator time step was limited by the velocity at (R,phi,Z,vparallel,mu) = (0.01875,0.01875,0.212891,-6.80556,5.5) and mapped coordinate = (7,7,54,-18,16)
The toroidal direction makes the largest contribution to the stable dt reciprocal at that point
      BiCGStab converged successfully
      BiCGStab converged successfully
      BiCGStab converged successfully
  ----
  dt: 1.29189e-09
    Vlasov    : 1.83906e-09 (time scale), 0.70247 (CFL)
    Collisions: 1.79769e+308 (time scale), 0 (CFL)
  ----
  Distribution Function Extrema:
    Species 0:	5.73358e-07 [max]	4.24834e-22 [min]
    Species 1:	6.41033e-09 [max]	4.74979e-24 [min]

Step 27 completed, simulation time is 3.48809e-08
----

Step 28
      BiCGStab converged successfully
Vlasov operator time step was limited by the velocity at (R,phi,Z,vparallel,mu) = (0.01875,0.01875,0.212891,-6.80556,5.5) and mapped coordinate = (7,7,54,-18,16)
The toroidal direction makes the largest contribution to the stable dt reciprocal at that point
Vlasov operator time step was limited by the velocity at (R,phi,Z,vparallel,mu) = (0.01875,0.01875,0.212891,-6.80556,5.5) and mapped coordinate = (7,7,54,-18,16)
The toroidal direction makes the largest contribution to the stable dt reciprocal at that point
      BiCGStab converged successfully
      BiCGStab converged successfully
      BiCGStab converged successfully
  ----
  dt: 1.29189e-09
    Vlasov    : 1.83906e-09 (time scale), 0.70247 (CFL)
    Collisions: 1.79769e+308 (time scale), 0 (CFL)
  ----
  Distribution Function Extrema:
    Species 0:	5.73358e-07 [max]	4.24834e-22 [min]
    Species 1:	6.41033e-09 [max]	4.74979e-24 [min]

Step 28 completed, simulation time is 3.61728e-08
----

Step 29
      BiCGStab converged successfully
Vlasov operator time step was limited by the velocity at (R,phi,Z,vparallel,mu) = (0.01875,0.01875,0.212891,-6.80556,5.5) and mapped coordinate = (7,7,54,-18,16)
The toroidal direction makes the largest contribution to the stable dt reciprocal at that point
Vlasov operator time step was limited by the velocity at (R,phi,Z,vparallel,mu) = (0.01875,0.01875,0.212891,-6.80556,5.5) and mapped coordinate = (7,7,54,-18,16)
The toroidal direction makes the largest contribution to the stable dt reciprocal at that point
      BiCGStab converged successfully
      BiCGStab converged successfully
      BiCGStab converged successfully
  ----
  dt: 1.29189e-09
    Vlasov    : 1.83906e-09 (time scale), 0.70247 (CFL)
    Collisions: 1.79769e+308 (time scale), 0 (CFL)
  ----
  Distribution Function Extrema:
    Species 0:	5.73358e-07 [max]	4.24834e-22 [min]
    Species 1:	6.41033e-09 [max]	4.74979e-24 [min]

Step 29 completed, simulation time is 3.74647e-08
----

Step 30
      BiCGStab converged successfully
Vlasov operator time step was limited by the velocity at (R,phi,Z,vparallel,mu) = (0.01875,0.01875,0.212891,-6.80556,5.5) and mapped coordinate = (7,7,54,-18,16)
The toroidal direction makes the largest contribution to the stable dt reciprocal at that point
Vlasov operator time step was limited by the velocity at (R,phi,Z,vparallel,mu) = (0.01875,0.01875,0.212891,-6.80556,5.5) and mapped coordinate = (7,7,54,-18,16)
The toroidal direction makes the largest contribution to the stable dt reciprocal at that point
      BiCGStab converged successfully
      BiCGStab converged successfully
      BiCGStab converged successfully
  ----
  dt: 1.29189e-09
    Vlasov    : 1.83906e-09 (time scale), 0.70247 (CFL)
    Collisions: 1.79769e+308 (time scale), 0 (CFL)
  ----
  Distribution Function Extrema:
    Species 0:	5.73358e-07 [max]	4.24834e-22 [min]
    Species 1:	6.41033e-09 [max]	4.74979e-24 [min]

Step 30 completed, simulation time is 3.87566e-08
----

Step 31
      BiCGStab converged successfully
Vlasov operator time step was limited by the velocity at (R,phi,Z,vparallel,mu) = (0.01875,0.01875,0.212891,-6.80556,5.5) and mapped coordinate = (7,7,54,-18,16)
The toroidal direction makes the largest contribution to the stable dt reciprocal at that point
Vlasov operator time step was limited by the velocity at (R,phi,Z,vparallel,mu) = (0.01875,0.01875,0.212891,-6.80556,5.5) and mapped coordinate = (7,7,54,-18,16)
The toroidal direction makes the largest contribution to the stable dt reciprocal at that point
      BiCGStab converged successfully
      BiCGStab converged successfully
      BiCGStab converged successfully
  ----
  dt: 1.29189e-09
    Vlasov    : 1.83906e-09 (time scale), 0.70247 (CFL)
    Collisions: 1.79769e+308 (time scale), 0 (CFL)
  ----
  Distribution Function Extrema:
    Species 0:	5.73358e-07 [max]	4.24834e-22 [min]
    Species 1:	6.41033e-09 [max]	4.74979e-24 [min]

Step 31 completed, simulation time is 4.00485e-08
----

Step 32
      BiCGStab converged successfully
Vlasov operator time step was limited by the velocity at (R,phi,Z,vparallel,mu) = (0.01875,0.01875,0.212891,-6.80556,5.5) and mapped coordinate = (7,7,54,-18,16)
The toroidal direction makes the largest contribution to the stable dt reciprocal at that point
Vlasov operator time step was limited by the velocity at (R,phi,Z,vparallel,mu) = (0.01875,0.01875,0.212891,-6.80556,5.5) and mapped coordinate = (7,7,54,-18,16)
The toroidal direction makes the largest contribution to the stable dt reciprocal at that point
      BiCGStab converged successfully
      BiCGStab converged successfully
      BiCGStab converged successfully
  ----
  dt: 1.29189e-09
    Vlasov    : 1.83906e-09 (time scale), 0.70247 (CFL)
    Collisions: 1.79769e+308 (time scale), 0 (CFL)
  ----
  Distribution Function Extrema:
    Species 0:	5.73358e-07 [max]	4.24834e-22 [min]
    Species 1:	6.41033e-09 [max]	4.74979e-24 [min]

Step 32 completed, simulation time is 4.13404e-08
----

Step 33
      BiCGStab converged successfully
Vlasov operator time step was limited by the velocity at (R,phi,Z,vparallel,mu) = (0.01875,0.01875,0.212891,-6.80556,5.5) and mapped coordinate = (7,7,54,-18,16)
The toroidal direction makes the largest contribution to the stable dt reciprocal at that point
Vlasov operator time step was limited by the velocity at (R,phi,Z,vparallel,mu) = (0.01875,0.01875,0.212891,-6.80556,5.5) and mapped coordinate = (7,7,54,-18,16)
The toroidal direction makes the largest contribution to the stable dt reciprocal at that point
      BiCGStab converged successfully
      BiCGStab converged successfully
      BiCGStab converged successfully
  ----
  dt: 1.29189e-09
    Vlasov    : 1.83906e-09 (time scale), 0.70247 (CFL)
    Collisions: 1.79769e+308 (time scale), 0 (CFL)
  ----
  Distribution Function Extrema:
    Species 0:	5.73358e-07 [max]	4.24834e-22 [min]
    Species 1:	6.41033e-09 [max]	4.74979e-24 [min]

Step 33 completed, simulation time is 4.26322e-08
----

Step 34
      BiCGStab converged successfully
Vlasov operator time step was limited by the velocity at (R,phi,Z,vparallel,mu) = (0.01875,0.01875,0.212891,-6.80556,5.5) and mapped coordinate = (7,7,54,-18,16)
The toroidal direction makes the largest contribution to the stable dt reciprocal at that point
Vlasov operator time step was limited by the velocity at (R,phi,Z,vparallel,mu) = (0.01875,0.01875,0.212891,-6.80556,5.5) and mapped coordinate = (7,7,54,-18,16)
The toroidal direction makes the largest contribution to the stable dt reciprocal at that point
      BiCGStab converged successfully
      BiCGStab converged successfully
      BiCGStab converged successfully
  ----
  dt: 1.29189e-09
    Vlasov    : 1.83906e-09 (time scale), 0.70247 (CFL)
    Collisions: 1.79769e+308 (time scale), 0 (CFL)
  ----
  Distribution Function Extrema:
    Species 0:	5.73358e-07 [max]	4.24834e-22 [min]
    Species 1:	6.41033e-09 [max]	4.74979e-24 [min]

Step 34 completed, simulation time is 4.39241e-08
----

Step 35
      BiCGStab converged successfully
Vlasov operator time step was limited by the velocity at (R,phi,Z,vparallel,mu) = (0.01875,0.01875,0.212891,-6.80556,5.5) and mapped coordinate = (7,7,54,-18,16)
The toroidal direction makes the largest contribution to the stable dt reciprocal at that point
Vlasov operator time step was limited by the velocity at (R,phi,Z,vparallel,mu) = (0.01875,0.01875,0.212891,-6.80556,5.5) and mapped coordinate = (7,7,54,-18,16)
The toroidal direction makes the largest contribution to the stable dt reciprocal at that point
      BiCGStab converged successfully
      BiCGStab converged successfully
      BiCGStab converged successfully
  ----
  dt: 1.29189e-09
    Vlasov    : 1.83906e-09 (time scale), 0.70247 (CFL)
    Collisions: 1.79769e+308 (time scale), 0 (CFL)
  ----
  Distribution Function Extrema:
    Species 0:	5.73358e-07 [max]	4.24834e-22 [min]
    Species 1:	6.41033e-09 [max]	4.74979e-24 [min]

Step 35 completed, simulation time is 4.5216e-08
----

Step 36
      BiCGStab converged successfully
Vlasov operator time step was limited by the velocity at (R,phi,Z,vparallel,mu) = (0.01875,0.01875,0.212891,-6.80556,5.5) and mapped coordinate = (7,7,54,-18,16)
The toroidal direction makes the largest contribution to the stable dt reciprocal at that point
Vlasov operator time step was limited by the velocity at (R,phi,Z,vparallel,mu) = (0.01875,0.01875,0.212891,-6.80556,5.5) and mapped coordinate = (7,7,54,-18,16)
The toroidal direction makes the largest contribution to the stable dt reciprocal at that point
      BiCGStab converged successfully
      BiCGStab converged successfully
      BiCGStab converged successfully
  ----
  dt: 1.29189e-09
    Vlasov    : 1.83906e-09 (time scale), 0.70247 (CFL)
    Collisions: 1.79769e+308 (time scale), 0 (CFL)
  ----
  Distribution Function Extrema:
    Species 0:	5.73358e-07 [max]	4.24834e-22 [min]
    Species 1:	6.41033e-09 [max]	4.74979e-24 [min]

Step 36 completed, simulation time is 4.65079e-08
----

Step 37
      BiCGStab converged successfully
Vlasov operator time step was limited by the velocity at (R,phi,Z,vparallel,mu) = (0.01875,0.01875,0.212891,-6.80556,5.5) and mapped coordinate = (7,7,54,-18,16)
The toroidal direction makes the largest contribution to the stable dt reciprocal at that point
Vlasov operator time step was limited by the velocity at (R,phi,Z,vparallel,mu) = (0.01875,0.01875,0.212891,-6.80556,5.5) and mapped coordinate = (7,7,54,-18,16)
The toroidal direction makes the largest contribution to the stable dt reciprocal at that point
      BiCGStab converged successfully
      BiCGStab converged successfully
      BiCGStab converged successfully
  ----
  dt: 1.29189e-09
    Vlasov    : 1.83906e-09 (time scale), 0.70247 (CFL)
    Collisions: 1.79769e+308 (time scale), 0 (CFL)
  ----
  Distribution Function Extrema:
    Species 0:	5.73358e-07 [max]	4.24834e-22 [min]
    Species 1:	6.41033e-09 [max]	4.74979e-24 [min]

Step 37 completed, simulation time is 4.77998e-08
----

Step 38
      BiCGStab converged successfully
Vlasov operator time step was limited by the velocity at (R,phi,Z,vparallel,mu) = (0.01875,0.01875,0.212891,-6.80556,5.5) and mapped coordinate = (7,7,54,-18,16)
The toroidal direction makes the largest contribution to the stable dt reciprocal at that point
Vlasov operator time step was limited by the velocity at (R,phi,Z,vparallel,mu) = (0.01875,0.01875,0.212891,-6.80556,5.5) and mapped coordinate = (7,7,54,-18,16)
The toroidal direction makes the largest contribution to the stable dt reciprocal at that point
      BiCGStab converged successfully
      BiCGStab converged successfully
      BiCGStab converged successfully
  ----
  dt: 1.29189e-09
    Vlasov    : 1.83906e-09 (time scale), 0.70247 (CFL)
    Collisions: 1.79769e+308 (time scale), 0 (CFL)
  ----
  Distribution Function Extrema:
    Species 0:	5.73358e-07 [max]	4.24834e-22 [min]
    Species 1:	6.41033e-09 [max]	4.74979e-24 [min]

Step 38 completed, simulation time is 4.90917e-08
----

Step 39
      BiCGStab converged successfully
Vlasov operator time step was limited by the velocity at (R,phi,Z,vparallel,mu) = (0.01875,0.01875,0.212891,-6.80556,5.5) and mapped coordinate = (7,7,54,-18,16)
The toroidal direction makes the largest contribution to the stable dt reciprocal at that point
Vlasov operator time step was limited by the velocity at (R,phi,Z,vparallel,mu) = (0.01875,0.01875,0.212891,-6.80556,5.5) and mapped coordinate = (7,7,54,-18,16)
The toroidal direction makes the largest contribution to the stable dt reciprocal at that point
      BiCGStab converged successfully
      BiCGStab converged successfully
      BiCGStab converged successfully
  ----
  dt: 1.29189e-09
    Vlasov    : 1.83906e-09 (time scale), 0.70247 (CFL)
    Collisions: 1.79769e+308 (time scale), 0 (CFL)
  ----
  Distribution Function Extrema:
    Species 0:	5.73358e-07 [max]	4.24834e-22 [min]
    Species 1:	6.41033e-09 [max]	4.74979e-24 [min]

Step 39 completed, simulation time is 5.03836e-08
----

Step 40
      BiCGStab converged successfully
Vlasov operator time step was limited by the velocity at (R,phi,Z,vparallel,mu) = (0.01875,0.01875,0.212891,-6.80556,5.5) and mapped coordinate = (7,7,54,-18,16)
The toroidal direction makes the largest contribution to the stable dt reciprocal at that point
Vlasov operator time step was limited by the velocity at (R,phi,Z,vparallel,mu) = (0.01875,0.01875,0.212891,-6.80556,5.5) and mapped coordinate = (7,7,54,-18,16)
The toroidal direction makes the largest contribution to the stable dt reciprocal at that point
      BiCGStab converged successfully
      BiCGStab converged successfully
      BiCGStab converged successfully
  ----
  dt: 1.29189e-09
    Vlasov    : 1.83906e-09 (time scale), 0.70247 (CFL)
    Collisions: 1.79769e+308 (time scale), 0 (CFL)
  ----
  Distribution Function Extrema:
    Species 0:	5.73358e-07 [max]	4.24834e-22 [min]
    Species 1:	6.41033e-09 [max]	4.74979e-24 [min]

Step 40 completed, simulation time is 5.16755e-08
----

Step 41
      BiCGStab converged successfully
Vlasov operator time step was limited by the velocity at (R,phi,Z,vparallel,mu) = (0.01875,0.01875,0.212891,-6.80556,5.5) and mapped coordinate = (7,7,54,-18,16)
The toroidal direction makes the largest contribution to the stable dt reciprocal at that point
Vlasov operator time step was limited by the velocity at (R,phi,Z,vparallel,mu) = (0.01875,0.01875,0.212891,-6.80556,5.5) and mapped coordinate = (7,7,54,-18,16)
The toroidal direction makes the largest contribution to the stable dt reciprocal at that point
      BiCGStab converged successfully
      BiCGStab converged successfully
      BiCGStab converged successfully
  ----
  dt: 1.29189e-09
    Vlasov    : 1.83906e-09 (time scale), 0.70247 (CFL)
    Collisions: 1.79769e+308 (time scale), 0 (CFL)
  ----
  Distribution Function Extrema:
    Species 0:	5.73358e-07 [max]	4.24834e-22 [min]
    Species 1:	6.41033e-09 [max]	4.74979e-24 [min]

Step 41 completed, simulation time is 5.29673e-08
----

Step 42
      BiCGStab converged successfully
Vlasov operator time step was limited by the velocity at (R,phi,Z,vparallel,mu) = (0.01875,0.01875,0.212891,-6.80556,5.5) and mapped coordinate = (7,7,54,-18,16)
The toroidal direction makes the largest contribution to the stable dt reciprocal at that point
Vlasov operator time step was limited by the velocity at (R,phi,Z,vparallel,mu) = (0.01875,0.01875,0.212891,-6.80556,5.5) and mapped coordinate = (7,7,54,-18,16)
The toroidal direction makes the largest contribution to the stable dt reciprocal at that point
      BiCGStab converged successfully
      BiCGStab converged successfully
      BiCGStab converged successfully
  ----
  dt: 1.29189e-09
    Vlasov    : 1.83906e-09 (time scale), 0.70247 (CFL)
    Collisions: 1.79769e+308 (time scale), 0 (CFL)
  ----
  Distribution Function Extrema:
    Species 0:	5.73358e-07 [max]	4.24834e-22 [min]
    Species 1:	6.41033e-09 [max]	4.74979e-24 [min]

Step 42 completed, simulation time is 5.42592e-08
----

Step 43
      BiCGStab converged successfully
Vlasov operator time step was limited by the velocity at (R,phi,Z,vparallel,mu) = (0.01875,0.01875,0.212891,-6.80556,5.5) and mapped coordinate = (7,7,54,-18,16)
The toroidal direction makes the largest contribution to the stable dt reciprocal at that point
Vlasov operator time step was limited by the velocity at (R,phi,Z,vparallel,mu) = (0.01875,0.01875,0.212891,-6.80556,5.5) and mapped coordinate = (7,7,54,-18,16)
The toroidal direction makes the largest contribution to the stable dt reciprocal at that point
      BiCGStab converged successfully
      BiCGStab converged successfully
      BiCGStab converged successfully
  ----
  dt: 1.29189e-09
    Vlasov    : 1.83906e-09 (time scale), 0.70247 (CFL)
    Collisions: 1.79769e+308 (time scale), 0 (CFL)
  ----
  Distribution Function Extrema:
    Species 0:	5.73358e-07 [max]	4.24834e-22 [min]
    Species 1:	6.41033e-09 [max]	4.74979e-24 [min]

Step 43 completed, simulation time is 5.55511e-08
----

Step 44
      BiCGStab converged successfully
Vlasov operator time step was limited by the velocity at (R,phi,Z,vparallel,mu) = (0.01875,0.01875,0.212891,-6.80556,5.5) and mapped coordinate = (7,7,54,-18,16)
The toroidal direction makes the largest contribution to the stable dt reciprocal at that point
Vlasov operator time step was limited by the velocity at (R,phi,Z,vparallel,mu) = (0.01875,0.01875,0.212891,-6.80556,5.5) and mapped coordinate = (7,7,54,-18,16)
The toroidal direction makes the largest contribution to the stable dt reciprocal at that point
      BiCGStab converged successfully
      BiCGStab converged successfully
      BiCGStab converged successfully
  ----
  dt: 1.29189e-09
    Vlasov    : 1.83906e-09 (time scale), 0.70247 (CFL)
    Collisions: 1.79769e+308 (time scale), 0 (CFL)
  ----
  Distribution Function Extrema:
    Species 0:	5.73358e-07 [max]	4.24834e-22 [min]
    Species 1:	6.41033e-09 [max]	4.74979e-24 [min]

Step 44 completed, simulation time is 5.6843e-08
----

Step 45
      BiCGStab converged successfully
Vlasov operator time step was limited by the velocity at (R,phi,Z,vparallel,mu) = (0.01875,0.01875,0.212891,-6.80556,5.5) and mapped coordinate = (7,7,54,-18,16)
The toroidal direction makes the largest contribution to the stable dt reciprocal at that point
Vlasov operator time step was limited by the velocity at (R,phi,Z,vparallel,mu) = (0.01875,0.01875,0.212891,-6.80556,5.5) and mapped coordinate = (7,7,54,-18,16)
The toroidal direction makes the largest contribution to the stable dt reciprocal at that point
      BiCGStab converged successfully
      BiCGStab converged successfully
      BiCGStab converged successfully
  ----
  dt: 1.29189e-09
    Vlasov    : 1.83906e-09 (time scale), 0.70247 (CFL)
    Collisions: 1.79769e+308 (time scale), 0 (CFL)
  ----
  Distribution Function Extrema:
    Species 0:	5.73358e-07 [max]	4.24834e-22 [min]
    Species 1:	6.41033e-09 [max]	4.74979e-24 [min]

Step 45 completed, simulation time is 5.81349e-08
----

Step 46
      BiCGStab converged successfully
Vlasov operator time step was limited by the velocity at (R,phi,Z,vparallel,mu) = (0.01875,0.01875,0.212891,-6.80556,5.5) and mapped coordinate = (7,7,54,-18,16)
The toroidal direction makes the largest contribution to the stable dt reciprocal at that point
Vlasov operator time step was limited by the velocity at (R,phi,Z,vparallel,mu) = (0.01875,0.01875,0.212891,-6.80556,5.5) and mapped coordinate = (7,7,54,-18,16)
The toroidal direction makes the largest contribution to the stable dt reciprocal at that point
      BiCGStab converged successfully
      BiCGStab converged successfully
      BiCGStab converged successfully
  ----
  dt: 1.29189e-09
    Vlasov    : 1.83906e-09 (time scale), 0.70247 (CFL)
    Collisions: 1.79769e+308 (time scale), 0 (CFL)
  ----
  Distribution Function Extrema:
    Species 0:	5.73358e-07 [max]	4.24834e-22 [min]
    Species 1:	6.41033e-09 [max]	4.74979e-24 [min]

Step 46 completed, simulation time is 5.94268e-08
----

Step 47
      BiCGStab converged successfully
Vlasov operator time step was limited by the velocity at (R,phi,Z,vparallel,mu) = (0.01875,0.01875,0.212891,-6.80556,5.5) and mapped coordinate = (7,7,54,-18,16)
The toroidal direction makes the largest contribution to the stable dt reciprocal at that point
Vlasov operator time step was limited by the velocity at (R,phi,Z,vparallel,mu) = (0.01875,0.01875,0.212891,-6.80556,5.5) and mapped coordinate = (7,7,54,-18,16)
The toroidal direction makes the largest contribution to the stable dt reciprocal at that point
      BiCGStab converged successfully
      BiCGStab converged successfully
      BiCGStab converged successfully
  ----
  dt: 1.29189e-09
    Vlasov    : 1.83906e-09 (time scale), 0.70247 (CFL)
    Collisions: 1.79769e+308 (time scale), 0 (CFL)
  ----
  Distribution Function Extrema:
    Species 0:	5.73358e-07 [max]	4.24834e-22 [min]
    Species 1:	6.41033e-09 [max]	4.74979e-24 [min]

Step 47 completed, simulation time is 6.07187e-08
----

Step 48
      BiCGStab converged successfully
Vlasov operator time step was limited by the velocity at (R,phi,Z,vparallel,mu) = (0.01875,0.01875,0.212891,-6.80556,5.5) and mapped coordinate = (7,7,54,-18,16)
The toroidal direction makes the largest contribution to the stable dt reciprocal at that point
Vlasov operator time step was limited by the velocity at (R,phi,Z,vparallel,mu) = (0.01875,0.01875,0.212891,-6.80556,5.5) and mapped coordinate = (7,7,54,-18,16)
The toroidal direction makes the largest contribution to the stable dt reciprocal at that point
      BiCGStab converged successfully
      BiCGStab converged successfully
      BiCGStab converged successfully
  ----
  dt: 1.29189e-09
    Vlasov    : 1.83906e-09 (time scale), 0.70247 (CFL)
    Collisions: 1.79769e+308 (time scale), 0 (CFL)
  ----
  Distribution Function Extrema:
    Species 0:	5.73358e-07 [max]	4.24834e-22 [min]
    Species 1:	6.41033e-09 [max]	4.74979e-24 [min]

Step 48 completed, simulation time is 6.20105e-08
----

Step 49
      BiCGStab converged successfully
Vlasov operator time step was limited by the velocity at (R,phi,Z,vparallel,mu) = (0.01875,0.01875,0.212891,-6.80556,5.5) and mapped coordinate = (7,7,54,-18,16)
The toroidal direction makes the largest contribution to the stable dt reciprocal at that point
Vlasov operator time step was limited by the velocity at (R,phi,Z,vparallel,mu) = (0.01875,0.01875,0.212891,-6.80556,5.5) and mapped coordinate = (7,7,54,-18,16)
The toroidal direction makes the largest contribution to the stable dt reciprocal at that point
      BiCGStab converged successfully
      BiCGStab converged successfully
      BiCGStab converged successfully
  ----
  dt: 1.29189e-09
    Vlasov    : 1.83906e-09 (time scale), 0.70247 (CFL)
    Collisions: 1.79769e+308 (time scale), 0 (CFL)
  ----
  Distribution Function Extrema:
    Species 0:	5.73358e-07 [max]	4.24834e-22 [min]
    Species 1:	6.41033e-09 [max]	4.74979e-24 [min]

Step 49 completed, simulation time is 6.33024e-08
----

Step 50
      BiCGStab converged successfully
Vlasov operator time step was limited by the velocity at (R,phi,Z,vparallel,mu) = (0.01875,0.01875,0.212891,-6.80556,5.5) and mapped coordinate = (7,7,54,-18,16)
The toroidal direction makes the largest contribution to the stable dt reciprocal at that point
Vlasov operator time step was limited by the velocity at (R,phi,Z,vparallel,mu) = (0.01875,0.01875,0.212891,-6.80556,5.5) and mapped coordinate = (7,7,54,-18,16)
The toroidal direction makes the largest contribution to the stable dt reciprocal at that point
      BiCGStab converged successfully
      BiCGStab converged successfully
      BiCGStab converged successfully
  ----
  dt: 1.29189e-09
    Vlasov    : 1.83906e-09 (time scale), 0.70247 (CFL)
    Collisions: 1.79769e+308 (time scale), 0 (CFL)
  ----
  Distribution Function Extrema:
    Species 0:	5.73358e-07 [max]	4.24834e-22 [min]
    Species 1:	6.41033e-09 [max]	4.74979e-24 [min]

Step 50 completed, simulation time is 6.45943e-08
----

Step 51
      BiCGStab converged successfully
Vlasov operator time step was limited by the velocity at (R,phi,Z,vparallel,mu) = (0.01875,0.01875,0.212891,-6.80556,5.5) and mapped coordinate = (7,7,54,-18,16)
The toroidal direction makes the largest contribution to the stable dt reciprocal at that point
Vlasov operator time step was limited by the velocity at (R,phi,Z,vparallel,mu) = (0.01875,0.01875,0.212891,-6.80556,5.5) and mapped coordinate = (7,7,54,-18,16)
The toroidal direction makes the largest contribution to the stable dt reciprocal at that point
      BiCGStab converged successfully
      BiCGStab converged successfully
      BiCGStab converged successfully
  ----
  dt: 1.29189e-09
    Vlasov    : 1.83906e-09 (time scale), 0.70247 (CFL)
    Collisions: 1.79769e+308 (time scale), 0 (CFL)
  ----
  Distribution Function Extrema:
srun: Job step aborted: Waiting up to 32 seconds for job step to finish.
srun: got SIGCONT
slurmstepd: error: *** STEP 2634889.0 ON nid00121 CANCELLED AT 2016-07-05T12:03:13 ***
slurmstepd: error: *** JOB 2634889 ON nid00121 CANCELLED AT 2016-07-05T12:03:13 ***
srun: forcing job termination
