** GKUnits ***********************************************************

==== Fundamental Units ===============================================
  NUMBER DENSITY    [1/m^3]: 1e+20
  TEMPERATURE           [eV]: 1000
  LENGTH                [m]: 1
  MASS                 [AMU]: 1
  MAGNETIC FIELD        [T]: 1
  CHARGE                [C]: 1.60218e-19
  BOLTZMANN CONSTANT  [J/K]: 1.38065e-23
  ELECTRIC CONSTANT   [F/m]: 8.85419e-12
  MAGNETIC CONSTANT   [H/m]: 1.25664e-06

==== Derived Units ===================================================

  THERMAL SPEED       [m/s]: 309497
  TRANSIT TIME          [s]: 3.23105e-06
  MAGNETIC MOMENT     [J/T]: 8.01088e-17
  DIST. FUNCTION [s/(Am^6)]: 1073.7
  POTENTIAL             [V]: 1000
  GYROFREQUENCY       [1/s]: 9.57883e+07
  GYRORADIUS            [m]: 0.00323105
  DEBYE LENGTH          [m]: 2.35082e-05

==== Dimensionless Parameters =========================================

  LARMOR NUMBER            : 0.00323105
  DEBYE NUMBER             : 2.35082e-05

***********************************************************************
**** cellSp[0] = 0.0981748,  cellSp[1] = 0.0981748
**** dimensions = 64, 64
**** cellSp[0] = 0.0981748,  cellSp[1] = 0.0981748
**** dimensions = 64, 64
**** cellSp[0] = 0.0981748,  cellSp[1] = 0.0981748
**** dimensions = 64, 64
**** cellSp[0] = 0.0981748,  cellSp[1] = 0.0981748
**** dimensions = 64, 64
**** cellSp[0] = 0.0981748,  cellSp[1] = 0.0981748
**** dimensions = 64, 64
**** cellSp[0] = 0.0981748,  cellSp[1] = 0.0981748
**** dimensions = 64, 64
**** cellSp[0] = 0.0981748,  cellSp[1] = 0.0981748
**** dimensions = 64, 64
**** cellSp[0] = 0.0981748,  cellSp[1] = 0.0981748
**** dimensions = 64, 64
**** cellSp[0] = 0.0981748,  cellSp[1] = 0.0981748
**** dimensions = 64, 64
**** cellSp[0] = 0.0981748,  cellSp[1] = 0.0981748
**** dimensions = 64, 64
**** cellSp[0] = 0.0981748,  cellSp[1] = 0.0981748
**** dimensions = 64, 64
**** cellSp[0] = 0.0981748,  cellSp[1] = 0.0981748
**** dimensions = 64, 64
**** cellSp[0] = 0.0981748,  cellSp[1] = 0.0981748
**** dimensions = 64, 64
**** cellSp[0] = 0.0981748,  cellSp[1] = 0.0981748
**** dimensions = 64, 64
**** cellSp[0] = 0.0981748,  cellSp[1] = 0.0981748
**** dimensions = 64, 64
**** cellSp[0] = 0.0981748,  cellSp[1] = 0.0981748
**** dimensions = 64, 64
**** cellSp[0] = 0.0981748,  cellSp[1] = 0.0981748
**** dimensions = 64, 64
**** cellSp[0] = 0.0981748,  cellSp[1] = 0.0981748
**** dimensions = 64, 64
**** cellSp[0] = 0.0981748,  cellSp[1] = 0.0981748
**** dimensions = 64, 64
**** cellSp[0] = 0.0981748,  cellSp[1] = 0.0981748
**** dimensions = 64, 64
**** cellSp[0] = 0.0981748,  cellSp[1] = 0.0981748
**** dimensions = 64, 64
**** cellSp[0] = 0.0981748,  cellSp[1] = 0.0981748
**** dimensions = 64, 64
**** cellSp[0] = 0.0981748,  cellSp[1] = 0.0981748
**** dimensions = 64, 64
**** cellSp[0] = 0.0981748,  cellSp[1] = 0.0981748
**** dimensions = 64, 64
**** cellSp[0] = 0.0981748,  cellSp[1] = 0.0981748
**** dimensions = 64, 64
**** cellSp[0] = 0.0981748,  cellSp[1] = 0.0981748
**** dimensions = 64, 64
**** cellSp[0] = 0.0981748,  cellSp[1] = 0.0981748
**** dimensions = 64, 64
**** cellSp[0] = 0.0981748,  cellSp[1] = 0.0981748
**** dimensions = 64, 64
**** cellSp[0] = 0.0981748,  cellSp[1] = 0.0981748
**** dimensions = 64, 64
**** cellSp[0] = 0.0981748,  cellSp[1] = 0.0981748
**** dimensions = 64, 64
**** cellSp[0] = 0.0981748,  cellSp[1] = 0.0981748
**** dimensions = 64, 64
**** cellSp[0] = 0.0981748,  cellSp[1] = 0.0981748
**** dimensions = 64, 64
Constructing slab geometry...
xmax = 0.02, ymax = 0.02
Bz_inner = 4, Bz_outer = 4
By_inner  = 0
**** cellSp[0] = 0.0981748,  cellSp[1] = 0.0981748
**** dimensions = 64, 64
Done constructing slab geometry
   Configuration space box ((0,0) (7,7) (0,0)) is assigned to process 0
   Configuration space box ((8,0) (15,7) (0,0)) is assigned to process 1
   Configuration space box ((16,0) (23,7) (0,0)) is assigned to process 2
   Configuration space box ((24,0) (31,7) (0,0)) is assigned to process 3
   Configuration space box ((32,0) (39,7) (0,0)) is assigned to process 4
   Configuration space box ((40,0) (47,7) (0,0)) is assigned to process 5
   Configuration space box ((48,0) (55,7) (0,0)) is assigned to process 6
   Configuration space box ((56,0) (63,7) (0,0)) is assigned to process 7
   Configuration space box ((0,8) (7,15) (0,0)) is assigned to process 8
   Configuration space box ((8,8) (15,15) (0,0)) is assigned to process 9
   Configuration space box ((16,8) (23,15) (0,0)) is assigned to process 10
   Configuration space box ((24,8) (31,15) (0,0)) is assigned to process 11
   Configuration space box ((32,8) (39,15) (0,0)) is assigned to process 12
   Configuration space box ((40,8) (47,15) (0,0)) is assigned to process 13
   Configuration space box ((48,8) (55,15) (0,0)) is assigned to process 14
   Configuration space box ((56,8) (63,15) (0,0)) is assigned to process 15
   Configuration space box ((0,16) (7,23) (0,0)) is assigned to process 16
   Configuration space box ((8,16) (15,23) (0,0)) is assigned to process 17
   Configuration space box ((16,16) (23,23) (0,0)) is assigned to process 18
   Configuration space box ((24,16) (31,23) (0,0)) is assigned to process 19
   Configuration space box ((32,16) (39,23) (0,0)) is assigned to process 20
   Configuration space box ((40,16) (47,23) (0,0)) is assigned to process 21
   Configuration space box ((48,16) (55,23) (0,0)) is assigned to process 22
   Configuration space box ((56,16) (63,23) (0,0)) is assigned to process 23
   Configuration space box ((0,24) (7,31) (0,0)) is assigned to process 24
   Configuration space box ((8,24) (15,31) (0,0)) is assigned to process 25
   Configuration space box ((16,24) (23,31) (0,0)) is assigned to process 26
   Configuration space box ((24,24) (31,31) (0,0)) is assigned to process 27
   Configuration space box ((32,24) (39,31) (0,0)) is assigned to process 28
   Configuration space box ((40,24) (47,31) (0,0)) is assigned to process 29
   Configuration space box ((48,24) (55,31) (0,0)) is assigned to process 30
**** cellSp[0] = 0.0981748,  cellSp[1] = 0.0981748
**** dimensions = 64, 64
   Configuration space box ((56,24) (63,31) (0,0)) is assigned to process 31
   Configuration space box ((0,32) (7,39) (0,0)) is assigned to process 32
   Configuration space box ((8,32) (15,39) (0,0)) is assigned to process 33
   Configuration space box ((16,32) (23,39) (0,0)) is assigned to process 34
   Configuration space box ((24,32) (31,39) (0,0)) is assigned to process 35
   Configuration space box ((32,32) (39,39) (0,0)) is assigned to process 36
   Configuration space box ((40,32) (47,39) (0,0)) is assigned to process 37
   Configuration space box ((48,32) (55,39) (0,0)) is assigned to process 38
   Configuration space box ((56,32) (63,39) (0,0)) is assigned to process 39
   Configuration space box ((0,40) (7,47) (0,0)) is assigned to process 40
   Configuration space box ((8,40) (15,47) (0,0)) is assigned to process 41
   Configuration space box ((16,40) (23,47) (0,0)) is assigned to process 42
   Configuration space box ((24,40) (31,47) (0,0)) is assigned to process 43
**** cellSp[0] = 0.0981748,  cellSp[1] = 0.0981748
**** dimensions = 64, 64
   Configuration space box ((32,40) (39,47) (0,0)) is assigned to process 44
   Configuration space box ((40,40) (47,47) (0,0)) is assigned to process 45
   Configuration space box ((48,40) (55,47) (0,0)) is assigned to process 46
   Configuration space box ((56,40) (63,47) (0,0)) is assigned to process 47
   Configuration space box ((0,48) (7,55) (0,0)) is assigned to process 48
   Configuration space box ((8,48) (15,55) (0,0)) is assigned to process 49
   Configuration space box ((16,48) (23,55) (0,0)) is assigned to process 50
   Configuration space box ((24,48) (31,55) (0,0)) is assigned to process 51
   Configuration space box ((32,48) (39,55) (0,0)) is assigned to process 52
**** cellSp[0] = 0.0981748,  cellSp[1] = 0.0981748
**** dimensions = 64, 64
   Configuration space box ((40,48) (47,55) (0,0)) is assigned to process 53
   Configuration space box ((48,48) (55,55) (0,0)) is assigned to process 54
   Configuration space box ((56,48) (63,55) (0,0)) is assigned to process 55
   Configuration space box ((0,56) (7,63) (0,0)) is assigned to process 56
   Configuration space box ((8,56) (15,63) (0,0)) is assigned to process 57
   Configuration space box ((16,56) (23,63) (0,0)) is assigned to process 58
   Configuration space box ((24,56) (31,63) (0,0)) is assigned to process 59
   Configuration space box ((32,56) (39,63) (0,0)) is assigned to process 60
   Configuration space box ((40,56) (47,63) (0,0)) is assigned to process 61
   Configuration space box ((48,56) (55,63) (0,0)) is assigned to process 62
**** cellSp[0] = 0.0981748,  cellSp[1] = 0.0981748
**** dimensions = 64, 64
   Configuration space box ((56,56) (63,63) (0,0)) is assigned to process 63
Constructing magnetic geometry
**** cellSp[0] = 0.0981748,  cellSp[1] = 0.0981748
**** dimensions = 64, 64
Done constructing magnetic geometry
   Velocity space box ((-8,0) (7,15) (0,0)) is assigned to process 0
**** cellSp[0] = 0.0981748,  cellSp[1] = 0.0981748
**** dimensions = 64, 64
   Phase space box ((48,0,-8,0) (55,7,7,15) (0,0,0,0)) is assigned to process 6, has 16384 valid cells and 131072 ghost cells
**** cellSp[0] = 0.0981748,  cellSp[1] = 0.0981748
**** dimensions = 64, 64
   Phase space box ((0,0,-8,0) (7,7,7,15) (0,0,0,0)) is assigned to process 0, has 16384 valid cells and 131072 ghost cells
**** cellSp[0] = 0.0981748,  cellSp[1] = 0.0981748
**** dimensions = 64, 64
   Phase space box ((8,0,-8,0) (15,7,7,15) (0,0,0,0)) is assigned to process 1, has 16384 valid cells and 131072 ghost cells
**** cellSp[0] = 0.0981748,  cellSp[1] = 0.0981748
**** dimensions = 64, 64
   Phase space box ((24,0,-8,0) (31,7,7,15) (0,0,0,0)) is assigned to process 3, has 16384 valid cells and 131072 ghost cells
**** cellSp[0] = 0.0981748,  cellSp[1] = 0.0981748
**** dimensions = 64, 64
   Phase space box ((0,8,-8,0) (7,15,7,15) (0,0,0,0)) is assigned to process 8, has 16384 valid cells and 131072 ghost cells
**** cellSp[0] = 0.0981748,  cellSp[1] = 0.0981748
**** dimensions = 64, 64
   Phase space box ((8,8,-8,0) (15,15,7,15) (0,0,0,0)) is assigned to process 9, has 16384 valid cells and 131072 ghost cells
**** cellSp[0] = 0.0981748,  cellSp[1] = 0.0981748
**** dimensions = 64, 64
   Phase space box ((16,8,-8,0) (23,15,7,15) (0,0,0,0)) is assigned to process 10, has 16384 valid cells and 131072 ghost cells
**** cellSp[0] = 0.0981748,  cellSp[1] = 0.0981748
**** dimensions = 64, 64
   Phase space box ((32,8,-8,0) (39,15,7,15) (0,0,0,0)) is assigned to process 12, has 16384 valid cells and 131072 ghost cells
**** cellSp[0] = 0.0981748,  cellSp[1] = 0.0981748
**** dimensions = 64, 64
   Phase space box ((40,8,-8,0) (47,15,7,15) (0,0,0,0)) is assigned to process 13, has 16384 valid cells and 131072 ghost cells
**** cellSp[0] = 0.0981748,  cellSp[1] = 0.0981748
**** dimensions = 64, 64
   Phase space box ((48,8,-8,0) (55,15,7,15) (0,0,0,0)) is assigned to process 14, has 16384 valid cells and 131072 ghost cells
**** cellSp[0] = 0.0981748,  cellSp[1] = 0.0981748
**** dimensions = 64, 64
   Phase space box ((0,16,-8,0) (7,23,7,15) (0,0,0,0)) is assigned to process 16, has 16384 valid cells and 131072 ghost cells
**** cellSp[0] = 0.0981748,  cellSp[1] = 0.0981748
**** dimensions = 64, 64
   Phase space box ((8,16,-8,0) (15,23,7,15) (0,0,0,0)) is assigned to process 17, has 16384 valid cells and 131072 ghost cells
**** cellSp[0] = 0.0981748,  cellSp[1] = 0.0981748
**** dimensions = 64, 64
   Phase space box ((16,16,-8,0) (23,23,7,15) (0,0,0,0)) is assigned to process 18, has 16384 valid cells and 131072 ghost cells
**** cellSp[0] = 0.0981748,  cellSp[1] = 0.0981748
**** dimensions = 64, 64
   Phase space box ((24,16,-8,0) (31,23,7,15) (0,0,0,0)) is assigned to process 19, has 16384 valid cells and 131072 ghost cells
**** cellSp[0] = 0.0981748,  cellSp[1] = 0.0981748
**** dimensions = 64, 64
   Phase space box ((32,16,-8,0) (39,23,7,15) (0,0,0,0)) is assigned to process 20, has 16384 valid cells and 131072 ghost cells
**** cellSp[0] = 0.0981748,  cellSp[1] = 0.0981748
**** dimensions = 64, 64
   Phase space box ((40,16,-8,0) (47,23,7,15) (0,0,0,0)) is assigned to process 21, has 16384 valid cells and 131072 ghost cells
**** cellSp[0] = 0.0981748,  cellSp[1] = 0.0981748
**** dimensions = 64, 64
   Phase space box ((48,16,-8,0) (55,23,7,15) (0,0,0,0)) is assigned to process 22, has 16384 valid cells and 131072 ghost cells
**** cellSp[0] = 0.0981748,  cellSp[1] = 0.0981748
**** dimensions = 64, 64
   Phase space box ((0,24,-8,0) (7,31,7,15) (0,0,0,0)) is assigned to process 24, has 16384 valid cells and 131072 ghost cells
**** cellSp[0] = 0.0981748,  cellSp[1] = 0.0981748
**** dimensions = 64, 64
   Phase space box ((8,24,-8,0) (15,31,7,15) (0,0,0,0)) is assigned to process 25, has 16384 valid cells and 131072 ghost cells
**** cellSp[0] = 0.0981748,  cellSp[1] = 0.0981748
**** dimensions = 64, 64
   Phase space box ((16,24,-8,0) (23,31,7,15) (0,0,0,0)) is assigned to process 26, has 16384 valid cells and 131072 ghost cells
**** cellSp[0] = 0.0981748,  cellSp[1] = 0.0981748
**** dimensions = 64, 64
   Phase space box ((24,24,-8,0) (31,31,7,15) (0,0,0,0)) is assigned to process 27, has 16384 valid cells and 131072 ghost cells
**** cellSp[0] = 0.0981748,  cellSp[1] = 0.0981748
**** dimensions = 64, 64
   Phase space box ((48,24,-8,0) (55,31,7,15) (0,0,0,0)) is assigned to process 30, has 16384 valid cells and 131072 ghost cells
**** cellSp[0] = 0.0981748,  cellSp[1] = 0.0981748
**** dimensions = 64, 64
   Phase space box ((56,24,-8,0) (63,31,7,15) (0,0,0,0)) is assigned to process 31, has 16384 valid cells and 131072 ghost cells
**** cellSp[0] = 0.0981748,  cellSp[1] = 0.0981748
**** dimensions = 64, 64
   Phase space box ((16,0,-8,0) (23,7,7,15) (0,0,0,0)) is assigned to process 2, has 16384 valid cells and 131072 ghost cells
**** cellSp[0] = 0.0981748,  cellSp[1] = 0.0981748
**** dimensions = 64, 64
   Phase space box ((32,0,-8,0) (39,7,7,15) (0,0,0,0)) is assigned to process 4, has 16384 valid cells and 131072 ghost cells
**** cellSp[0] = 0.0981748,  cellSp[1] = 0.0981748
**** dimensions = 64, 64
   Phase space box ((40,0,-8,0) (47,7,7,15) (0,0,0,0)) is assigned to process 5, has 16384 valid cells and 131072 ghost cells
   Phase space box ((48,32,-8,0) (55,39,7,15) (0,0,0,0)) is assigned to process 38, has 16384 valid cells and 131072 ghost cells
   Phase space box ((56,0,-8,0) (63,7,7,15) (0,0,0,0)) is assigned to process 7, has 16384 valid cells and 131072 ghost cells
   Phase space box ((48,40,-8,0) (55,47,7,15) (0,0,0,0)) is assigned to process 46, has 16384 valid cells and 131072 ghost cells
   Phase space box ((24,8,-8,0) (31,15,7,15) (0,0,0,0)) is assigned to process 11, has 16384 valid cells and 131072 ghost cells
   Phase space box ((16,48,-8,0) (23,55,7,15) (0,0,0,0)) is assigned to process 50, has 16384 valid cells and 131072 ghost cells
   Phase space box ((56,8,-8,0) (63,15,7,15) (0,0,0,0)) is assigned to process 15, has 16384 valid cells and 131072 ghost cells
   Phase space box ((56,56,-8,0) (63,63,7,15) (0,0,0,0)) is assigned to process 63, has 16384 valid cells and 131072 ghost cells
   Phase space box ((56,16,-8,0) (63,23,7,15) (0,0,0,0)) is assigned to process 23, has 16384 valid cells and 131072 ghost cells
   Phase space box ((0,32,-8,0) (7,39,7,15) (0,0,0,0)) is assigned to process 32, has 16384 valid cells and 131072 ghost cells
   Phase space box ((32,24,-8,0) (39,31,7,15) (0,0,0,0)) is assigned to process 28, has 16384 valid cells and 131072 ghost cells
   Phase space box ((8,32,-8,0) (15,39,7,15) (0,0,0,0)) is assigned to process 33, has 16384 valid cells and 131072 ghost cells
   Phase space box ((40,24,-8,0) (47,31,7,15) (0,0,0,0)) is assigned to process 29, has 16384 valid cells and 131072 ghost cells
   Phase space box ((16,32,-8,0) (23,39,7,15) (0,0,0,0)) is assigned to process 34, has 16384 valid cells and 131072 ghost cells
   Phase space box ((24,32,-8,0) (31,39,7,15) (0,0,0,0)) is assigned to process 35, has 16384 valid cells and 131072 ghost cells
   Phase space box ((32,32,-8,0) (39,39,7,15) (0,0,0,0)) is assigned to process 36, has 16384 valid cells and 131072 ghost cells
   Phase space box ((56,32,-8,0) (63,39,7,15) (0,0,0,0)) is assigned to process 39, has 16384 valid cells and 131072 ghost cells
   Phase space box ((0,40,-8,0) (7,47,7,15) (0,0,0,0)) is assigned to process 40, has 16384 valid cells and 131072 ghost cells
   Phase space box ((8,40,-8,0) (15,47,7,15) (0,0,0,0)) is assigned to process 41, has 16384 valid cells and 131072 ghost cells
   Phase space box ((16,40,-8,0) (23,47,7,15) (0,0,0,0)) is assigned to process 42, has 16384 valid cells and 131072 ghost cells
   Phase space box ((24,40,-8,0) (31,47,7,15) (0,0,0,0)) is assigned to process 43, has 16384 valid cells and 131072 ghost cells
   Phase space box ((32,40,-8,0) (39,47,7,15) (0,0,0,0)) is assigned to process 44, has 16384 valid cells and 131072 ghost cells
   Phase space box ((40,40,-8,0) (47,47,7,15) (0,0,0,0)) is assigned to process 45, has 16384 valid cells and 131072 ghost cells
   Phase space box ((56,40,-8,0) (63,47,7,15) (0,0,0,0)) is assigned to process 47, has 16384 valid cells and 131072 ghost cells
   Phase space box ((0,48,-8,0) (7,55,7,15) (0,0,0,0)) is assigned to process 48, has 16384 valid cells and 131072 ghost cells
   Phase space box ((8,48,-8,0) (15,55,7,15) (0,0,0,0)) is assigned to process 49, has 16384 valid cells and 131072 ghost cells
   Phase space box ((24,48,-8,0) (31,55,7,15) (0,0,0,0)) is assigned to process 51, has 16384 valid cells and 131072 ghost cells
   Phase space box ((32,48,-8,0) (39,55,7,15) (0,0,0,0)) is assigned to process 52, has 16384 valid cells and 131072 ghost cells
   Phase space box ((40,48,-8,0) (47,55,7,15) (0,0,0,0)) is assigned to process 53, has 16384 valid cells and 131072 ghost cells
   Phase space box ((48,48,-8,0) (55,55,7,15) (0,0,0,0)) is assigned to process 54, has 16384 valid cells and 131072 ghost cells
   Phase space box ((56,48,-8,0) (63,55,7,15) (0,0,0,0)) is assigned to process 55, has 16384 valid cells and 131072 ghost cells
   Phase space box ((0,56,-8,0) (7,63,7,15) (0,0,0,0)) is assigned to process 56, has 16384 valid cells and 131072 ghost cells
   Phase space box ((8,56,-8,0) (15,63,7,15) (0,0,0,0)) is assigned to process 57, has 16384 valid cells and 131072 ghost cells
   Phase space box ((16,56,-8,0) (23,63,7,15) (0,0,0,0)) is assigned to process 58, has 16384 valid cells and 131072 ghost cells
   Phase space box ((24,56,-8,0) (31,63,7,15) (0,0,0,0)) is assigned to process 59, has 16384 valid cells and 131072 ghost cells
   Phase space box ((32,56,-8,0) (39,63,7,15) (0,0,0,0)) is assigned to process 60, has 16384 valid cells and 131072 ghost cells
   Phase space box ((40,56,-8,0) (47,63,7,15) (0,0,0,0)) is assigned to process 61, has 16384 valid cells and 131072 ghost cells
   Phase space box ((48,56,-8,0) (55,63,7,15) (0,0,0,0)) is assigned to process 62, has 16384 valid cells and 131072 ghost cells
   Phase space box ((40,32,-8,0) (47,39,7,15) (0,0,0,0)) is assigned to process 37, has 16384 valid cells and 131072 ghost cells
Adding species and constructing gyrocenter coordinates...
   hydrogen: kinetic species with mass = 2, charge = 1
Done adding species and constructing coordinates

Grid Function Library =========================

"Ion_vpar_grid_func":
Constant grid function parameters:
  value: 1

"N0_grid_func":
Arbitrary grid function parameters:
  function: 1.0+0.5*exp(-(x-pi)/(2*pi*0.01/0.02))+0.001*exp(-(x-pi)^2/(2*pi*0.001/0.02))*cos(2*y)

"T0_grid_func":
Cosine grid function parameters:
  constant: 0.2
  amplitude: 0
  mode: (1,0)
  phase: (0,0)

"eN0_grid_func":
Arbitrary grid function parameters:
  function: 1.0+0.5*exp(-(x-pi)/(2*pi*0.01/0.02))

"eT0_grid_func":
Cosine grid function parameters:
  constant: 0.2
  amplitude: 0
  mode: (1,0)
  phase: (0,0)

"ele_vpar_grid_func":
Constant grid function parameters:
  value: 1

"zero_grid_func":
Constant grid function parameters:
  value: 0

===============================================

Kinetic Function Library =========================

"maxwellian_electron_phase_func":
Maxwellian kinetic function parameters:
-- Density --
Arbitrary grid function parameters:
  function: 1.0+0.5*exp(-(x-pi)/(2*pi*0.01/0.02))

-- Temperature --
Cosine grid function parameters:
  constant: 0.2
  amplitude: 0
  mode: (1,0)
  phase: (0,0)

-- Vparallel --
Constant grid function parameters:
  value: 1


"maxwellian_phase_func":
Maxwellian kinetic function parameters:
-- Density --
Arbitrary grid function parameters:
  function: 1.0+0.5*exp(-(x-pi)/(2*pi*0.01/0.02))+0.001*exp(-(x-pi)^2/(2*pi*0.001/0.02))*cos(2*y)

-- Temperature --
Cosine grid function parameters:
  constant: 0.2
  amplitude: 0
  mode: (1,0)
  phase: (0,0)

-- Vparallel --
Constant grid function parameters:
  value: 1


==================================================

SlabPotentialBC ================================
- variable: potential-------------
  radial_lower: 
     bc_type  = 0
     bc_value = 0
  radial_upper: 
     bc_type  = 0
     bc_value = 0
  poloidal_lower: 
     bc_type  = 1
     bc_value = 0
  poloidal_upper: 
     bc_type  = 1
     bc_value = 0
-----------------------------------------------
===============================================

SlabPhaseBC ================================
- variable: hydrogen-------------
  radial_lower: 
Maxwellian kinetic function parameters:
-- Density --
Arbitrary grid function parameters:
  function: 1.0+0.5*exp(-(x-pi)/(2*pi*0.01/0.02))+0.001*exp(-(x-pi)^2/(2*pi*0.001/0.02))*cos(2*y)

-- Temperature --
Cosine grid function parameters:
  constant: 0.2
  amplitude: 0
  mode: (1,0)
  phase: (0,0)

-- Vparallel --
Constant grid function parameters:
  value: 1


  radial_upper: 
Maxwellian kinetic function parameters:
-- Density --
Arbitrary grid function parameters:
  function: 1.0+0.5*exp(-(x-pi)/(2*pi*0.01/0.02))+0.001*exp(-(x-pi)^2/(2*pi*0.001/0.02))*cos(2*y)

-- Temperature --
Cosine grid function parameters:
  constant: 0.2
  amplitude: 0
  mode: (1,0)
  phase: (0,0)

-- Vparallel --
Constant grid function parameters:
  value: 1


  poloidal_lower: 
Maxwellian kinetic function parameters:
-- Density --
Arbitrary grid function parameters:
  function: 1.0+0.5*exp(-(x-pi)/(2*pi*0.01/0.02))+0.001*exp(-(x-pi)^2/(2*pi*0.001/0.02))*cos(2*y)

-- Temperature --
Cosine grid function parameters:
  constant: 0.2
  amplitude: 0
  mode: (1,0)
  phase: (0,0)

-- Vparallel --
Constant grid function parameters:
  value: 1


  poloidal_upper: 
Maxwellian kinetic function parameters:
-- Density --
Arbitrary grid function parameters:
  function: 1.0+0.5*exp(-(x-pi)/(2*pi*0.01/0.02))+0.001*exp(-(x-pi)^2/(2*pi*0.001/0.02))*cos(2*y)

-- Temperature --
Cosine grid function parameters:
  constant: 0.2
  amplitude: 0
  mode: (1,0)
  phase: (0,0)

-- Vparallel --
Constant grid function parameters:
  value: 1


  vpar_lower: 
Maxwellian kinetic function parameters:
-- Density --
Arbitrary grid function parameters:
  function: 1.0+0.5*exp(-(x-pi)/(2*pi*0.01/0.02))+0.001*exp(-(x-pi)^2/(2*pi*0.001/0.02))*cos(2*y)

-- Temperature --
Cosine grid function parameters:
  constant: 0.2
  amplitude: 0
  mode: (1,0)
  phase: (0,0)

-- Vparallel --
Constant grid function parameters:
  value: 1


  vpar_upper: 
Maxwellian kinetic function parameters:
-- Density --
Arbitrary grid function parameters:
  function: 1.0+0.5*exp(-(x-pi)/(2*pi*0.01/0.02))+0.001*exp(-(x-pi)^2/(2*pi*0.001/0.02))*cos(2*y)

-- Temperature --
Cosine grid function parameters:
  constant: 0.2
  amplitude: 0
  mode: (1,0)
  phase: (0,0)

-- Vparallel --
Constant grid function parameters:
  value: 1


  mu_lower: 
Maxwellian kinetic function parameters:
-- Density --
Arbitrary grid function parameters:
  function: 1.0+0.5*exp(-(x-pi)/(2*pi*0.01/0.02))+0.001*exp(-(x-pi)^2/(2*pi*0.001/0.02))*cos(2*y)

-- Temperature --
Cosine grid function parameters:
  constant: 0.2
  amplitude: 0
  mode: (1,0)
  phase: (0,0)

-- Vparallel --
Constant grid function parameters:
  value: 1


  mu_upper: 
Maxwellian kinetic function parameters:
-- Density --
Arbitrary grid function parameters:
  function: 1.0+0.5*exp(-(x-pi)/(2*pi*0.01/0.02))+0.001*exp(-(x-pi)^2/(2*pi*0.001/0.02))*cos(2*y)

-- Temperature --
Cosine grid function parameters:
  constant: 0.2
  amplitude: 0
  mode: (1,0)
  phase: (0,0)

-- Vparallel --
Constant grid function parameters:
  value: 1


-----------------------------------------------
===============================================
Unrecognized collision model; setting model to NULL
      AMG solver residual = 0.000166784 after 2 iterations
      AMG solver residual = 0.000155621 after 2 iterations
      AMG solver residual = 0.000173523 after 2 iterations
      AMG solver residual = 0.000211638 after 2 iterations
  Distribution Function Extrema:
    Species 0:	0.000381535 [max]	-1.29728e-11 [min]

      AMG solver residual = 0.00408583 after 1 iterations
dtStable = 4.96187
      AMG solver residual = 0.000187063 after 2 iterations
      AMG solver residual = 0.000223225 after 2 iterations
      AMG solver residual = 0.000218848 after 2 iterations
      AMG solver residual = 0.000290794 after 2 iterations
      AMG solver residual = 0.000167311 after 2 iterations
      AMG solver residual = 0.000194213 after 2 iterations
      AMG solver residual = 0.000190416 after 2 iterations
      AMG solver residual = 0.000224624 after 2 iterations
      AMG solver residual = 0.000220685 after 2 iterations
      AMG solver residual = 0.000283513 after 2 iterations
 subiteration:1/1
 subiteration:1/1
 subiteration:1/1
 subiteration:1/1
 subiteration:1/1
 subiteration:1/1
 subiteration:1/1
 subiteration:1/1
 subiteration:1/1
 subiteration:1/1
 subiteration:1/1
 subiteration:1/1
 subiteration:1/1
 subiteration:1/1
 subiteration:1/1
 subiteration:1/1
 subiteration:1/1
 subiteration:1/1
 subiteration:1/1
 subiteration:1/1
 subiteration:1/1
 subiteration:1/1
 subiteration:1/1
 subiteration:1/1
 subiteration:1/1
 subiteration:1/1
 subiteration:1/1
 subiteration:1/1
 subiteration:1/1
 subiteration:1/1
 subiteration:1/1
 subiteration:1/1
 subiteration:1/1
 subiteration:1/1
 subiteration:1/1
 subiteration:1/1
 subiteration:1/1
 subiteration:1/1
 subiteration:1/1
 subiteration:1/1
 subiteration:1/1
 subiteration:1/1
 subiteration:1/1
 subiteration:1/1
 subiteration:1/1
 subiteration:1/1
 subiteration:1/1
 subiteration:1/1
  Distribution Function Extrema:
 subiteration:1/1
 subiteration:1/1
 subiteration:1/1
 subiteration:1/1
 subiteration:1/1
 subiteration:1/1
 subiteration:1/1
 subiteration:1/1
 subiteration:1/1
 subiteration:1/1
 subiteration:1/1
 subiteration:1/1
 subiteration:1/1
 subiteration:1/1
 subiteration:1/1
 subiteration:1/1
    Species 0:	0.000381535 [max]	-1.29728e-11 [min]

Step 1 completed, simulation time is 0.1
      AMG solver residual = 0.000181252 after 2 iterations
      AMG solver residual = 0.000215849 after 2 iterations
      AMG solver residual = 0.000192382 after 2 iterations
      AMG solver residual = 0.000223903 after 2 iterations
      AMG solver residual = 0.00022092 after 2 iterations
      AMG solver residual = 0.000290013 after 2 iterations
      AMG solver residual = 0.000160792 after 2 iterations
      AMG solver residual = 0.000183686 after 2 iterations
      AMG solver residual = 0.000193319 after 2 iterations
      AMG solver residual = 0.000221826 after 2 iterations
      AMG solver residual = 0.000220943 after 2 iterations
      AMG solver residual = 0.000280643 after 2 iterations
 subiteration:1/1
 subiteration:1/1
 subiteration:1/1
 subiteration:1/1
 subiteration:1/1
 subiteration:1/1
 subiteration:1/1
 subiteration:1/1
 subiteration:1/1
 subiteration:1/1
 subiteration:1/1
 subiteration:1/1
 subiteration:1/1
 subiteration:1/1
 subiteration:1/1
 subiteration:1/1
 subiteration:1/1
 subiteration:1/1
 subiteration:1/1
 subiteration:1/1
 subiteration:1/1
 subiteration:1/1
 subiteration:1/1
 subiteration:1/1
 subiteration:1/1
 subiteration:1/1
 subiteration:1/1
 subiteration:1/1
 subiteration:1/1
 subiteration:1/1
 subiteration:1/1
 subiteration:1/1
 subiteration:1/1
 subiteration:1/1
 subiteration:1/1
 subiteration:1/1
 subiteration:1/1
 subiteration:1/1
 subiteration:1/1
 subiteration:1/1
 subiteration:1/1
 subiteration:1/1
 subiteration:1/1
 subiteration:1/1
 subiteration:1/1
 subiteration:1/1
 subiteration:1/1
 subiteration:1/1
 subiteration:1/1
 subiteration:1/1
 subiteration:1/1
 subiteration:1/1
 subiteration:1/1
 subiteration:1/1
 subiteration:1/1
 subiteration:1/1
 subiteration:1/1
 subiteration:1/1
 subiteration:1/1
 subiteration:1/1
 subiteration:1/1
 subiteration:1/1
 subiteration:1/1
 subiteration:1/1
  Distribution Function Extrema:
    Species 0:	0.000381535 [max]	-1.29728e-11 [min]

Step 2 completed, simulation time is 0.2
      AMG solver residual = 0.000189229 after 2 iterations
      AMG solver residual = 0.000225052 after 2 iterations
      AMG solver residual = 0.000192871 after 2 iterations
      AMG solver residual = 0.000218208 after 2 iterations
      AMG solver residual = 0.000219503 after 2 iterations
      AMG solver residual = 0.000283052 after 2 iterations
      AMG solver residual = 0.000160039 after 2 iterations
      AMG solver residual = 0.000181337 after 2 iterations
      AMG solver residual = 0.0029364 after 1 iterations
      AMG solver residual = 0.000191125 after 2 iterations
      AMG solver residual = 0.00021329 after 2 iterations
      AMG solver residual = 0.000217596 after 2 iterations
      AMG solver residual = 0.00027769 after 2 iterations
 subiteration:1/1
 subiteration:1/1
 subiteration:1/1
 subiteration:1/1
 subiteration:1/1
 subiteration:1/1
 subiteration:1/1
 subiteration:1/1
 subiteration:1/1
 subiteration:1/1
 subiteration:1/1
 subiteration:1/1
 subiteration:1/1
 subiteration:1/1
 subiteration:1/1
 subiteration:1/1
 subiteration:1/1
 subiteration:1/1
 subiteration:1/1
 subiteration:1/1
 subiteration:1/1
 subiteration:1/1
 subiteration:1/1
 subiteration:1/1
 subiteration:1/1
 subiteration:1/1
 subiteration:1/1
 subiteration:1/1
 subiteration:1/1
 subiteration:1/1
 subiteration:1/1
 subiteration:1/1
 subiteration:1/1
 subiteration:1/1
 subiteration:1/1
 subiteration:1/1
 subiteration:1/1
 subiteration:1/1
 subiteration:1/1
 subiteration:1/1
 subiteration:1/1
 subiteration:1/1
 subiteration:1/1
 subiteration:1/1
 subiteration:1/1
 subiteration:1/1
 subiteration:1/1
 subiteration:1/1
 subiteration:1/1
 subiteration:1/1
 subiteration:1/1
  Distribution Function Extrema:
 subiteration:1/1
 subiteration:1/1
 subiteration:1/1
 subiteration:1/1
 subiteration:1/1
 subiteration:1/1
 subiteration:1/1
 subiteration:1/1
 subiteration:1/1
 subiteration:1/1
 subiteration:1/1
 subiteration:1/1
 subiteration:1/1
    Species 0:	0.000381535 [max]	-1.29728e-11 [min]

Step 3 completed, simulation time is 0.3
      AMG solver residual = 0.000192667 after 2 iterations
      AMG solver residual = 0.000229701 after 2 iterations
      AMG solver residual = 0.000188338 after 2 iterations
      AMG solver residual = 0.000207098 after 2 iterations
      AMG solver residual = 0.000214523 after 2 iterations
      AMG solver residual = 0.000271095 after 2 iterations
      AMG solver residual = 0.000165406 after 2 iterations
      AMG solver residual = 0.000189184 after 2 iterations
      AMG solver residual = 0.00298156 after 1 iterations
      AMG solver residual = 0.00018438 after 2 iterations
      AMG solver residual = 0.000199391 after 2 iterations
      AMG solver residual = 0.000210658 after 2 iterations
      AMG solver residual = 0.000263916 after 2 iterations
 subiteration:1/1
 subiteration:1/1
 subiteration:1/1
 subiteration:1/1
 subiteration:1/1
 subiteration:1/1
 subiteration:1/1
 subiteration:1/1
 subiteration:1/1
 subiteration:1/1
 subiteration:1/1
 subiteration:1/1
 subiteration:1/1
 subiteration:1/1
 subiteration:1/1
 subiteration:1/1
 subiteration:1/1
 subiteration:1/1
 subiteration:1/1
 subiteration:1/1
 subiteration:1/1
 subiteration:1/1
 subiteration:1/1
 subiteration:1/1
 subiteration:1/1
 subiteration:1/1
 subiteration:1/1
 subiteration:1/1
 subiteration:1/1
 subiteration:1/1
 subiteration:1/1
 subiteration:1/1
 subiteration:1/1
 subiteration:1/1
 subiteration:1/1
 subiteration:1/1
 subiteration:1/1
 subiteration:1/1
 subiteration:1/1
 subiteration:1/1
 subiteration:1/1
 subiteration:1/1
 subiteration:1/1
 subiteration:1/1
 subiteration:1/1
 subiteration:1/1
 subiteration:1/1
 subiteration:1/1
 subiteration:1/1
 subiteration:1/1
 subiteration:1/1
 subiteration:1/1
 subiteration:1/1
 subiteration:1/1
 subiteration:1/1
 subiteration:1/1
 subiteration:1/1
 subiteration:1/1
 subiteration:1/1
 subiteration:1/1
 subiteration:1/1
 subiteration:1/1
  Distribution Function Extrema:
 subiteration:1/1
 subiteration:1/1
    Species 0:	0.000381535 [max]	-1.29728e-11 [min]

Step 4 completed, simulation time is 0.4
      AMG solver residual = 0.000190611 after 2 iterations
      AMG solver residual = 0.000229675 after 2 iterations
      AMG solver residual = 0.000180009 after 2 iterations
      AMG solver residual = 0.000190687 after 2 iterations
      AMG solver residual = 0.000206077 after 2 iterations
      AMG solver residual = 0.000256121 after 2 iterations
      AMG solver residual = 0.000174594 after 2 iterations
      AMG solver residual = 0.000203404 after 2 iterations
      AMG solver residual = 0.00303938 after 1 iterations
      AMG solver residual = 0.000174995 after 2 iterations
      AMG solver residual = 0.00018052 after 2 iterations
      AMG solver residual = 0.000200522 after 2 iterations
      AMG solver residual = 0.000247978 after 2 iterations
 subiteration:1/1
 subiteration:1/1
 subiteration:1/1
 subiteration:1/1
 subiteration:1/1
 subiteration:1/1
 subiteration:1/1
 subiteration:1/1
 subiteration:1/1
 subiteration:1/1
 subiteration:1/1
 subiteration:1/1
 subiteration:1/1
 subiteration:1/1
 subiteration:1/1
 subiteration:1/1
 subiteration:1/1
 subiteration:1/1
 subiteration:1/1
 subiteration:1/1
 subiteration:1/1
 subiteration:1/1
 subiteration:1/1
 subiteration:1/1
 subiteration:1/1
 subiteration:1/1
 subiteration:1/1
 subiteration:1/1
 subiteration:1/1
 subiteration:1/1
 subiteration:1/1
 subiteration:1/1
 subiteration:1/1
 subiteration:1/1
 subiteration:1/1
 subiteration:1/1
 subiteration:1/1
 subiteration:1/1
 subiteration:1/1
 subiteration:1/1
 subiteration:1/1
 subiteration:1/1
 subiteration:1/1
 subiteration:1/1
 subiteration:1/1
 subiteration:1/1
 subiteration:1/1
 subiteration:1/1
 subiteration:1/1
 subiteration:1/1
 subiteration:1/1
 subiteration:1/1
 subiteration:1/1
 subiteration:1/1
 subiteration:1/1
 subiteration:1/1
 subiteration:1/1
 subiteration:1/1
 subiteration:1/1
  Distribution Function Extrema:
 subiteration:1/1
 subiteration:1/1
 subiteration:1/1
 subiteration:1/1
 subiteration:1/1
    Species 0:	0.000381535 [max]	-1.29728e-11 [min]

Step 5 completed, simulation time is 0.5
      AMG solver residual = 0.000183749 after 2 iterations
      AMG solver residual = 0.00022487 after 2 iterations
      AMG solver residual = 0.000170377 after 2 iterations
      AMG solver residual = 0.000170468 after 2 iterations
      AMG solver residual = 0.000194865 after 2 iterations
      AMG solver residual = 0.000239995 after 2 iterations
      AMG solver residual = 0.000184123 after 2 iterations
      AMG solver residual = 0.00021836 after 2 iterations
      AMG solver residual = 0.00308776 after 1 iterations
      AMG solver residual = 0.00016596 after 2 iterations
      AMG solver residual = 0.000160602 after 2 iterations
      AMG solver residual = 0.000188472 after 2 iterations
      AMG solver residual = 0.000231733 after 2 iterations
 subiteration:1/1
 subiteration:1/1
 subiteration:1/1
 subiteration:1/1
 subiteration:1/1
 subiteration:1/1
 subiteration:1/1
 subiteration:1/1
 subiteration:1/1
 subiteration:1/1
 subiteration:1/1
 subiteration:1/1
 subiteration:1/1
 subiteration:1/1
 subiteration:1/1
 subiteration:1/1
 subiteration:1/1
 subiteration:1/1
 subiteration:1/1
 subiteration:1/1
 subiteration:1/1
 subiteration:1/1
 subiteration:1/1
 subiteration:1/1
 subiteration:1/1
 subiteration:1/1
 subiteration:1/1
 subiteration:1/1
 subiteration:1/1
 subiteration:1/1
 subiteration:1/1
 subiteration:1/1
 subiteration:1/1
 subiteration:1/1
 subiteration:1/1
 subiteration:1/1
 subiteration:1/1
 subiteration:1/1
 subiteration:1/1
 subiteration:1/1
 subiteration:1/1
 subiteration:1/1
 subiteration:1/1
 subiteration:1/1
 subiteration:1/1
 subiteration:1/1
 subiteration:1/1
 subiteration:1/1
 subiteration:1/1
 subiteration:1/1
 subiteration:1/1
 subiteration:1/1
 subiteration:1/1
 subiteration:1/1
 subiteration:1/1
 subiteration:1/1
 subiteration:1/1
 subiteration:1/1
 subiteration:1/1
 subiteration:1/1
  Distribution Function Extrema:
 subiteration:1/1
 subiteration:1/1
 subiteration:1/1
 subiteration:1/1
    Species 0:	0.000381535 [max]	-1.29728e-11 [min]

Step 6 completed, simulation time is 0.6
      AMG solver residual = 0.000174274 after 2 iterations
      AMG solver residual = 0.000215422 after 2 iterations
      AMG solver residual = 0.000162722 after 2 iterations
      AMG solver residual = 0.000153799 after 2 iterations
      AMG solver residual = 0.000182735 after 2 iterations
      AMG solver residual = 0.000224551 after 2 iterations
      AMG solver residual = 0.000190926 after 2 iterations
      AMG solver residual = 0.000230297 after 2 iterations
      AMG solver residual = 0.00312089 after 1 iterations
      AMG solver residual = 0.000160563 after 2 iterations
      AMG solver residual = 0.000151039 after 2 iterations
      AMG solver residual = 0.000177061 after 2 iterations
      AMG solver residual = 0.000217338 after 2 iterations
 subiteration:1/1
 subiteration:1/1
 subiteration:1/1
 subiteration:1/1
 subiteration:1/1
 subiteration:1/1
 subiteration:1/1
 subiteration:1/1
 subiteration:1/1
 subiteration:1/1
 subiteration:1/1
 subiteration:1/1
 subiteration:1/1
 subiteration:1/1
 subiteration:1/1
 subiteration:1/1
 subiteration:1/1
  Distribution Function Extrema:
 subiteration:1/1
 subiteration:1/1
 subiteration:1/1
 subiteration:1/1
 subiteration:1/1
 subiteration:1/1
 subiteration:1/1
 subiteration:1/1
 subiteration:1/1
 subiteration:1/1
 subiteration:1/1
 subiteration:1/1
 subiteration:1/1
 subiteration:1/1
 subiteration:1/1
 subiteration:1/1
 subiteration:1/1
 subiteration:1/1
 subiteration:1/1
 subiteration:1/1
 subiteration:1/1
 subiteration:1/1
 subiteration:1/1
 subiteration:1/1
 subiteration:1/1
 subiteration:1/1
 subiteration:1/1
 subiteration:1/1
 subiteration:1/1
 subiteration:1/1
 subiteration:1/1
 subiteration:1/1
 subiteration:1/1
 subiteration:1/1
 subiteration:1/1
 subiteration:1/1
 subiteration:1/1
 subiteration:1/1
 subiteration:1/1
 subiteration:1/1
 subiteration:1/1
 subiteration:1/1
 subiteration:1/1
 subiteration:1/1
 subiteration:1/1
 subiteration:1/1
 subiteration:1/1
    Species 0:	0.000381535 [max]	-1.29728e-11 [min]

Step 7 completed, simulation time is 0.7
      AMG solver residual = 0.000165462 after 2 iterations
      AMG solver residual = 0.000202777 after 2 iterations
      AMG solver residual = 0.000159996 after 2 iterations
      AMG solver residual = 0.00015387 after 2 iterations
      AMG solver residual = 0.000172803 after 2 iterations
      AMG solver residual = 0.000212157 after 2 iterations
      AMG solver residual = 0.000193151 after 2 iterations
      AMG solver residual = 0.000237486 after 2 iterations
      AMG solver residual = 0.00314113 after 1 iterations
      AMG solver residual = 0.000160969 after 2 iterations
      AMG solver residual = 0.000162009 after 2 iterations
      AMG solver residual = 0.000169757 after 2 iterations
      AMG solver residual = 0.000207608 after 2 iterations
 subiteration:1/1
 subiteration:1/1
 subiteration:1/1
 subiteration:1/1
 subiteration:1/1
 subiteration:1/1
 subiteration:1/1
 subiteration:1/1
 subiteration:1/1
 subiteration:1/1
 subiteration:1/1
 subiteration:1/1
 subiteration:1/1
 subiteration:1/1
 subiteration:1/1
 subiteration:1/1
 subiteration:1/1
 subiteration:1/1
 subiteration:1/1
 subiteration:1/1
 subiteration:1/1
 subiteration:1/1
 subiteration:1/1
 subiteration:1/1
 subiteration:1/1
 subiteration:1/1
 subiteration:1/1
 subiteration:1/1
 subiteration:1/1
 subiteration:1/1
 subiteration:1/1
 subiteration:1/1
 subiteration:1/1
 subiteration:1/1
 subiteration:1/1
 subiteration:1/1
 subiteration:1/1
 subiteration:1/1
 subiteration:1/1
 subiteration:1/1
 subiteration:1/1
 subiteration:1/1
 subiteration:1/1
 subiteration:1/1
 subiteration:1/1
 subiteration:1/1
 subiteration:1/1
 subiteration:1/1
 subiteration:1/1
 subiteration:1/1
 subiteration:1/1
 subiteration:1/1
 subiteration:1/1
 subiteration:1/1
 subiteration:1/1
 subiteration:1/1
  Distribution Function Extrema:
 subiteration:1/1
 subiteration:1/1
 subiteration:1/1
 subiteration:1/1
 subiteration:1/1
 subiteration:1/1
 subiteration:1/1
 subiteration:1/1
    Species 0:	0.000381535 [max]	-1.29728e-11 [min]

Step 8 completed, simulation time is 0.8
      AMG solver residual = 0.000160691 after 2 iterations
      AMG solver residual = 0.000190634 after 2 iterations
      AMG solver residual = 0.000163291 after 2 iterations
      AMG solver residual = 0.000172752 after 2 iterations
      AMG solver residual = 0.000168547 after 2 iterations
      AMG solver residual = 0.00020576 after 2 iterations
      AMG solver residual = 0.000190353 after 2 iterations
      AMG solver residual = 0.000239271 after 2 iterations
      AMG solver residual = 0.00315185 after 1 iterations
      AMG solver residual = 0.000166961 after 2 iterations
      AMG solver residual = 0.000185381 after 2 iterations
      AMG solver residual = 0.000169357 after 2 iterations
      AMG solver residual = 0.00020525 after 2 iterations
 subiteration:1/1
 subiteration:1/1
 subiteration:1/1
 subiteration:1/1
 subiteration:1/1
 subiteration:1/1
 subiteration:1/1
 subiteration:1/1
 subiteration:1/1
 subiteration:1/1
 subiteration:1/1
 subiteration:1/1
 subiteration:1/1
 subiteration:1/1
 subiteration:1/1
 subiteration:1/1
 subiteration:1/1
 subiteration:1/1
 subiteration:1/1
 subiteration:1/1
 subiteration:1/1
 subiteration:1/1
 subiteration:1/1
 subiteration:1/1
 subiteration:1/1
 subiteration:1/1
 subiteration:1/1
 subiteration:1/1
 subiteration:1/1
 subiteration:1/1
 subiteration:1/1
 subiteration:1/1
 subiteration:1/1
 subiteration:1/1
 subiteration:1/1
 subiteration:1/1
 subiteration:1/1
 subiteration:1/1
 subiteration:1/1
 subiteration:1/1
 subiteration:1/1
 subiteration:1/1
 subiteration:1/1
 subiteration:1/1
 subiteration:1/1
 subiteration:1/1
 subiteration:1/1
 subiteration:1/1
 subiteration:1/1
 subiteration:1/1
 subiteration:1/1
 subiteration:1/1
 subiteration:1/1
 subiteration:1/1
 subiteration:1/1
 subiteration:1/1
 subiteration:1/1
 subiteration:1/1
 subiteration:1/1
 subiteration:1/1
 subiteration:1/1
 subiteration:1/1
 subiteration:1/1
 subiteration:1/1
  Distribution Function Extrema:
    Species 0:	0.000381535 [max]	-1.29728e-11 [min]

Step 9 completed, simulation time is 0.9
      AMG solver residual = 0.000161843 after 2 iterations
      AMG solver residual = 0.000183936 after 2 iterations
      AMG solver residual = 0.000171199 after 2 iterations
      AMG solver residual = 0.000196423 after 2 iterations
      AMG solver residual = 0.000171693 after 2 iterations
      AMG solver residual = 0.000207285 after 2 iterations
      AMG solver residual = 0.000183479 after 2 iterations
      AMG solver residual = 0.000235282 after 2 iterations
      AMG solver residual = 0.00315496 after 1 iterations
      AMG solver residual = 0.000176136 after 2 iterations
      AMG solver residual = 0.000206736 after 2 iterations
      AMG solver residual = 0.000175938 after 2 iterations
      AMG solver residual = 0.000210482 after 2 iterations
 subiteration:1/1
 subiteration:1/1
 subiteration:1/1
 subiteration:1/1
 subiteration:1/1
 subiteration:1/1
 subiteration:1/1
 subiteration:1/1
 subiteration:1/1
 subiteration:1/1
 subiteration:1/1
 subiteration:1/1
 subiteration:1/1
 subiteration:1/1
 subiteration:1/1
 subiteration:1/1
 subiteration:1/1
 subiteration:1/1
 subiteration:1/1
 subiteration:1/1
 subiteration:1/1
 subiteration:1/1
 subiteration:1/1
 subiteration:1/1
 subiteration:1/1
 subiteration:1/1
 subiteration:1/1
 subiteration:1/1
 subiteration:1/1
 subiteration:1/1
 subiteration:1/1
 subiteration:1/1
 subiteration:1/1
 subiteration:1/1
 subiteration:1/1
 subiteration:1/1
 subiteration:1/1
 subiteration:1/1
 subiteration:1/1
 subiteration:1/1
 subiteration:1/1
 subiteration:1/1
 subiteration:1/1
 subiteration:1/1
 subiteration:1/1
 subiteration:1/1
 subiteration:1/1
 subiteration:1/1
 subiteration:1/1
 subiteration:1/1
 subiteration:1/1
 subiteration:1/1
 subiteration:1/1
 subiteration:1/1
 subiteration:1/1
 subiteration:1/1
 subiteration:1/1
 subiteration:1/1
 subiteration:1/1
  Distribution Function Extrema:
 subiteration:1/1
 subiteration:1/1
 subiteration:1/1
 subiteration:1/1
 subiteration:1/1
    Species 0:	0.000381535 [max]	-1.29728e-11 [min]

Step 10 completed, simulation time is 1
Writing checkpoint file
Writing history file
      AMG solver residual = 0.000168195 after 2 iterations
      AMG solver residual = 0.000185508 after 2 iterations
      AMG solver residual = 0.000180742 after 2 iterations
      AMG solver residual = 0.00021406 after 2 iterations
      AMG solver residual = 0.000180764 after 2 iterations
      AMG solver residual = 0.000215214 after 2 iterations
      AMG solver residual = 0.000174663 after 2 iterations
      AMG solver residual = 0.000225735 after 2 iterations
      AMG solver residual = 0.000185314 after 2 iterations
      AMG solver residual = 0.00022002 after 2 iterations
      AMG solver residual = 0.000186642 after 2 iterations
      AMG solver residual = 0.000214654 after 2 iterations
 subiteration:1/1
 subiteration:1/1
 subiteration:1/1
 subiteration:1/1
 subiteration:1/1
 subiteration:1/1
 subiteration:1/1
 subiteration:1/1
 subiteration:1/1
 subiteration:1/1
 subiteration:1/1
 subiteration:1/1
 subiteration:1/1
 subiteration:1/1
 subiteration:1/1
 subiteration:1/1
 subiteration:1/1
 subiteration:1/1
 subiteration:1/1
 subiteration:1/1
 subiteration:1/1
 subiteration:1/1
 subiteration:1/1
 subiteration:1/1
 subiteration:1/1
 subiteration:1/1
 subiteration:1/1
 subiteration:1/1
 subiteration:1/1
 subiteration:1/1
 subiteration:1/1
 subiteration:1/1
 subiteration:1/1
 subiteration:1/1
 subiteration:1/1
 subiteration:1/1
 subiteration:1/1
 subiteration:1/1
 subiteration:1/1
 subiteration:1/1
 subiteration:1/1
 subiteration:1/1
 subiteration:1/1
 subiteration:1/1
 subiteration:1/1
 subiteration:1/1
 subiteration:1/1
 subiteration:1/1
 subiteration:1/1
 subiteration:1/1
 subiteration:1/1
 subiteration:1/1
 subiteration:1/1
 subiteration:1/1
 subiteration:1/1
 subiteration:1/1
  Distribution Function Extrema:
 subiteration:1/1
 subiteration:1/1
 subiteration:1/1
 subiteration:1/1
 subiteration:1/1
 subiteration:1/1
 subiteration:1/1
 subiteration:1/1
    Species 0:	0.000381535 [max]	-1.29728e-11 [min]

Step 11 completed, simulation time is 1.1
      AMG solver residual = 0.00017698 after 2 iterations
      AMG solver residual = 0.000194069 after 2 iterations
      AMG solver residual = 0.00018887 after 2 iterations
      AMG solver residual = 0.000223285 after 2 iterations
      AMG solver residual = 0.000192055 after 2 iterations
      AMG solver residual = 0.000224068 after 2 iterations
      AMG solver residual = 0.000166794 after 2 iterations
      AMG solver residual = 0.000212063 after 2 iterations
      AMG solver residual = 0.000191823 after 2 iterations
      AMG solver residual = 0.000225305 after 2 iterations
      AMG solver residual = 0.000197509 after 2 iterations
      AMG solver residual = 0.000220465 after 2 iterations
 subiteration:1/1
 subiteration:1/1
  Distribution Function Extrema:
 subiteration:1/1
 subiteration:1/1
 subiteration:1/1
 subiteration:1/1
 subiteration:1/1
 subiteration:1/1
 subiteration:1/1
 subiteration:1/1
 subiteration:1/1
 subiteration:1/1
 subiteration:1/1
 subiteration:1/1
 subiteration:1/1
 subiteration:1/1
 subiteration:1/1
 subiteration:1/1
 subiteration:1/1
 subiteration:1/1
 subiteration:1/1
 subiteration:1/1
 subiteration:1/1
 subiteration:1/1
 subiteration:1/1
 subiteration:1/1
 subiteration:1/1
 subiteration:1/1
 subiteration:1/1
 subiteration:1/1
 subiteration:1/1
 subiteration:1/1
 subiteration:1/1
 subiteration:1/1
 subiteration:1/1
 subiteration:1/1
 subiteration:1/1
 subiteration:1/1
 subiteration:1/1
 subiteration:1/1
 subiteration:1/1
 subiteration:1/1
 subiteration:1/1
 subiteration:1/1
 subiteration:1/1
 subiteration:1/1
 subiteration:1/1
 subiteration:1/1
 subiteration:1/1
 subiteration:1/1
 subiteration:1/1
 subiteration:1/1
 subiteration:1/1
 subiteration:1/1
 subiteration:1/1
 subiteration:1/1
 subiteration:1/1
 subiteration:1/1
 subiteration:1/1
 subiteration:1/1
 subiteration:1/1
 subiteration:1/1
 subiteration:1/1
 subiteration:1/1
    Species 0:	0.000381535 [max]	-1.29728e-11 [min]

Step 12 completed, simulation time is 1.2
      AMG solver residual = 0.000185009 after 2 iterations
      AMG solver residual = 0.000206085 after 2 iterations
      AMG solver residual = 0.000193409 after 2 iterations
      AMG solver residual = 0.000225277 after 2 iterations
      AMG solver residual = 0.000201777 after 2 iterations
      AMG solver residual = 0.000224963 after 2 iterations
      AMG solver residual = 0.000162635 after 2 iterations
      AMG solver residual = 0.000197484 after 2 iterations
      AMG solver residual = 0.000194081 after 2 iterations
      AMG solver residual = 0.000224109 after 2 iterations
      AMG solver residual = 0.000205304 after 2 iterations
      AMG solver residual = 0.000210719 after 2 iterations
 subiteration:1/1
 subiteration:1/1
 subiteration:1/1
 subiteration:1/1
 subiteration:1/1
 subiteration:1/1
 subiteration:1/1
 subiteration:1/1
 subiteration:1/1
 subiteration:1/1
 subiteration:1/1
 subiteration:1/1
 subiteration:1/1
 subiteration:1/1
 subiteration:1/1
 subiteration:1/1
 subiteration:1/1
 subiteration:1/1
 subiteration:1/1
 subiteration:1/1
 subiteration:1/1
 subiteration:1/1
 subiteration:1/1
 subiteration:1/1
 subiteration:1/1
 subiteration:1/1
 subiteration:1/1
 subiteration:1/1
 subiteration:1/1
 subiteration:1/1
 subiteration:1/1
 subiteration:1/1
 subiteration:1/1
 subiteration:1/1
 subiteration:1/1
 subiteration:1/1
 subiteration:1/1
 subiteration:1/1
 subiteration:1/1
 subiteration:1/1
 subiteration:1/1
 subiteration:1/1
 subiteration:1/1
 subiteration:1/1
 subiteration:1/1
 subiteration:1/1
 subiteration:1/1
 subiteration:1/1
 subiteration:1/1
 subiteration:1/1
 subiteration:1/1
 subiteration:1/1
 subiteration:1/1
 subiteration:1/1
 subiteration:1/1
 subiteration:1/1
 subiteration:1/1
  Distribution Function Extrema:
 subiteration:1/1
 subiteration:1/1
 subiteration:1/1
 subiteration:1/1
 subiteration:1/1
 subiteration:1/1
 subiteration:1/1
    Species 0:	0.000381535 [max]	-1.29728e-11 [min]

Step 13 completed, simulation time is 1.3
      AMG solver residual = 0.000189904 after 2 iterations
      AMG solver residual = 0.000218249 after 2 iterations
      AMG solver residual = 0.000193378 after 2 iterations
      AMG solver residual = 0.000221364 after 2 iterations
      AMG solver residual = 0.000207341 after 2 iterations
      AMG solver residual = 0.000205573 after 2 iterations
      AMG solver residual = 0.000163605 after 2 iterations
      AMG solver residual = 0.000186618 after 2 iterations
      AMG solver residual = 0.00307641 after 1 iterations
      AMG solver residual = 0.000191722 after 2 iterations
      AMG solver residual = 0.000217361 after 2 iterations
      AMG solver residual = 0.000208185 after 2 iterations
      AMG solver residual = 0.000175111 after 2 iterations
 subiteration:1/1
 subiteration:1/1
 subiteration:1/1
 subiteration:1/1
 subiteration:1/1
 subiteration:1/1
 subiteration:1/1
 subiteration:1/1
 subiteration:1/1
 subiteration:1/1
 subiteration:1/1
 subiteration:1/1
 subiteration:1/1
 subiteration:1/1
 subiteration:1/1
 subiteration:1/1
 subiteration:1/1
 subiteration:1/1
 subiteration:1/1
 subiteration:1/1
 subiteration:1/1
 subiteration:1/1
 subiteration:1/1
 subiteration:1/1
 subiteration:1/1
 subiteration:1/1
 subiteration:1/1
 subiteration:1/1
 subiteration:1/1
 subiteration:1/1
 subiteration:1/1
 subiteration:1/1
 subiteration:1/1
 subiteration:1/1
 subiteration:1/1
 subiteration:1/1
 subiteration:1/1
 subiteration:1/1
 subiteration:1/1
 subiteration:1/1
  Distribution Function Extrema:
 subiteration:1/1
 subiteration:1/1
 subiteration:1/1
 subiteration:1/1
 subiteration:1/1
 subiteration:1/1
 subiteration:1/1
 subiteration:1/1
 subiteration:1/1
 subiteration:1/1
 subiteration:1/1
 subiteration:1/1
 subiteration:1/1
 subiteration:1/1
 subiteration:1/1
 subiteration:1/1
 subiteration:1/1
 subiteration:1/1
 subiteration:1/1
 subiteration:1/1
 subiteration:1/1
 subiteration:1/1
 subiteration:1/1
 subiteration:1/1
    Species 0:	0.000381535 [max]	-1.29728e-11 [min]

Step 14 completed, simulation time is 1.4
      AMG solver residual = 0.000190574 after 2 iterations
      AMG solver residual = 0.000228138 after 2 iterations
      AMG solver residual = 0.000188997 after 2 iterations
      AMG solver residual = 0.000212046 after 2 iterations
      AMG solver residual = 0.000207612 after 2 iterations
      AMG solver residual = 0.000158708 after 2 iterations
      AMG solver residual = 0.000169057 after 2 iterations
      AMG solver residual = 0.000183516 after 2 iterations
      AMG solver residual = 0.00305443 after 1 iterations
      AMG solver residual = 0.000185538 after 2 iterations
      AMG solver residual = 0.000205263 after 2 iterations
      AMG solver residual = 0.000205677 after 2 iterations
      AMG solver residual = 0.00811361 after 1 iterations
 subiteration:1/1
 subiteration:1/1
 subiteration:1/1
 subiteration:1/1
 subiteration:1/1
 subiteration:1/1
 subiteration:1/1
 subiteration:1/1
 subiteration:1/1
 subiteration:1/1
 subiteration:1/1
 subiteration:1/1
 subiteration:1/1
 subiteration:1/1
 subiteration:1/1
 subiteration:1/1
 subiteration:1/1
 subiteration:1/1
  Distribution Function Extrema:
 subiteration:1/1
 subiteration:1/1
 subiteration:1/1
 subiteration:1/1
 subiteration:1/1
 subiteration:1/1
 subiteration:1/1
 subiteration:1/1
 subiteration:1/1
 subiteration:1/1
 subiteration:1/1
 subiteration:1/1
 subiteration:1/1
 subiteration:1/1
 subiteration:1/1
 subiteration:1/1
 subiteration:1/1
 subiteration:1/1
 subiteration:1/1
 subiteration:1/1
 subiteration:1/1
 subiteration:1/1
 subiteration:1/1
 subiteration:1/1
 subiteration:1/1
 subiteration:1/1
 subiteration:1/1
 subiteration:1/1
 subiteration:1/1
 subiteration:1/1
 subiteration:1/1
 subiteration:1/1
 subiteration:1/1
 subiteration:1/1
 subiteration:1/1
 subiteration:1/1
 subiteration:1/1
 subiteration:1/1
 subiteration:1/1
 subiteration:1/1
 subiteration:1/1
 subiteration:1/1
 subiteration:1/1
 subiteration:1/1
 subiteration:1/1
 subiteration:1/1
    Species 0:	0.000381535 [max]	-1.29728e-11 [min]

Step 15 completed, simulation time is 1.5
      AMG solver residual = 0.000187241 after 2 iterations
      AMG solver residual = 0.000233925 after 2 iterations
      AMG solver residual = 0.000181571 after 2 iterations
      AMG solver residual = 0.000197516 after 2 iterations
      AMG solver residual = 0.000202676 after 2 iterations
      AMG solver residual = 0.00697713 after 1 iterations
      AMG solver residual = 0.000176783 after 2 iterations
      AMG solver residual = 0.000189039 after 2 iterations
      AMG solver residual = 0.00304853 after 1 iterations
      AMG solver residual = 0.000177302 after 2 iterations
      AMG solver residual = 0.000188509 after 2 iterations
      AMG solver residual = 0.000198334 after 2 iterations
      AMG solver residual = 0.00475962 after 1 iterations
 subiteration:1/1
 subiteration:1/1
 subiteration:1/1
 subiteration:1/1
 subiteration:1/1
 subiteration:1/1
 subiteration:1/1
 subiteration:1/1
 subiteration:1/1
 subiteration:1/1
 subiteration:1/1
 subiteration:1/1
 subiteration:1/1
 subiteration:1/1
 subiteration:1/1
 subiteration:1/1
 subiteration:1/1
 subiteration:1/1
 subiteration:1/1
 subiteration:1/1
 subiteration:1/1
 subiteration:1/1
 subiteration:1/1
 subiteration:1/1
 subiteration:1/1
 subiteration:1/1
 subiteration:1/1
 subiteration:1/1
 subiteration:1/1
 subiteration:1/1
 subiteration:1/1
 subiteration:1/1
 subiteration:1/1
 subiteration:1/1
 subiteration:1/1
 subiteration:1/1
 subiteration:1/1
 subiteration:1/1
 subiteration:1/1
 subiteration:1/1
 subiteration:1/1
 subiteration:1/1
 subiteration:1/1
 subiteration:1/1
 subiteration:1/1
 subiteration:1/1
 subiteration:1/1
 subiteration:1/1
 subiteration:1/1
 subiteration:1/1
 subiteration:1/1
 subiteration:1/1
  Distribution Function Extrema:
 subiteration:1/1
 subiteration:1/1
 subiteration:1/1
 subiteration:1/1
 subiteration:1/1
 subiteration:1/1
 subiteration:1/1
 subiteration:1/1
 subiteration:1/1
 subiteration:1/1
 subiteration:1/1
 subiteration:1/1
    Species 0:	0.000381535 [max]	-1.29728e-11 [min]

Step 16 completed, simulation time is 1.6
      AMG solver residual = 0.000181242 after 2 iterations
      AMG solver residual = 0.000233999 after 2 iterations
      AMG solver residual = 0.000173253 after 2 iterations
      AMG solver residual = 0.0001796 after 2 iterations
      AMG solver residual = 0.00019351 after 2 iterations
      AMG solver residual = 0.00397183 after 1 iterations
      AMG solver residual = 0.000184228 after 2 iterations
      AMG solver residual = 0.000200063 after 2 iterations
      AMG solver residual = 0.00305137 after 1 iterations
      AMG solver residual = 0.000169454 after 2 iterations
      AMG solver residual = 0.000170956 after 2 iterations
      AMG solver residual = 0.000187425 after 2 iterations
      AMG solver residual = 0.00260754 after 1 iterations
 subiteration:1/1
 subiteration:1/1
 subiteration:1/1
 subiteration:1/1
 subiteration:1/1
 subiteration:1/1
 subiteration:1/1
 subiteration:1/1
 subiteration:1/1
 subiteration:1/1
 subiteration:1/1
 subiteration:1/1
 subiteration:1/1
 subiteration:1/1
 subiteration:1/1
 subiteration:1/1
 subiteration:1/1
 subiteration:1/1
 subiteration:1/1
 subiteration:1/1
 subiteration:1/1
 subiteration:1/1
 subiteration:1/1
 subiteration:1/1
 subiteration:1/1
 subiteration:1/1
 subiteration:1/1
 subiteration:1/1
 subiteration:1/1
  Distribution Function Extrema:
 subiteration:1/1
 subiteration:1/1
 subiteration:1/1
 subiteration:1/1
 subiteration:1/1
 subiteration:1/1
 subiteration:1/1
 subiteration:1/1
 subiteration:1/1
 subiteration:1/1
 subiteration:1/1
 subiteration:1/1
 subiteration:1/1
 subiteration:1/1
 subiteration:1/1
 subiteration:1/1
 subiteration:1/1
 subiteration:1/1
 subiteration:1/1
 subiteration:1/1
 subiteration:1/1
 subiteration:1/1
 subiteration:1/1
 subiteration:1/1
 subiteration:1/1
 subiteration:1/1
 subiteration:1/1
 subiteration:1/1
 subiteration:1/1
 subiteration:1/1
 subiteration:1/1
 subiteration:1/1
 subiteration:1/1
 subiteration:1/1
 subiteration:1/1
    Species 0:	0.000381535 [max]	-1.29728e-11 [min]

Step 17 completed, simulation time is 1.7
      AMG solver residual = 0.000174624 after 2 iterations
      AMG solver residual = 0.000226484 after 2 iterations
      AMG solver residual = 0.00016659 after 2 iterations
      AMG solver residual = 0.000164741 after 2 iterations
      AMG solver residual = 0.00018163 after 2 iterations
      AMG solver residual = 0.00215996 after 1 iterations
      AMG solver residual = 0.000189415 after 2 iterations
      AMG solver residual = 0.000210501 after 2 iterations
      AMG solver residual = 0.0030254 after 1 iterations
      AMG solver residual = 0.000164481 after 2 iterations
      AMG solver residual = 0.00016179 after 2 iterations
      AMG solver residual = 0.000174431 after 2 iterations
      AMG solver residual = 0.00143344 after 1 iterations
 subiteration:1/1
 subiteration:1/1
 subiteration:1/1
 subiteration:1/1
 subiteration:1/1
 subiteration:1/1
 subiteration:1/1
 subiteration:1/1
 subiteration:1/1
 subiteration:1/1
 subiteration:1/1
 subiteration:1/1
 subiteration:1/1
 subiteration:1/1
 subiteration:1/1
 subiteration:1/1
 subiteration:1/1
 subiteration:1/1
 subiteration:1/1
 subiteration:1/1
 subiteration:1/1
 subiteration:1/1
 subiteration:1/1
 subiteration:1/1
 subiteration:1/1
 subiteration:1/1
 subiteration:1/1
 subiteration:1/1
 subiteration:1/1
 subiteration:1/1
 subiteration:1/1
 subiteration:1/1
 subiteration:1/1
 subiteration:1/1
 subiteration:1/1
 subiteration:1/1
 subiteration:1/1
 subiteration:1/1
 subiteration:1/1
 subiteration:1/1
 subiteration:1/1
 subiteration:1/1
 subiteration:1/1
 subiteration:1/1
 subiteration:1/1
 subiteration:1/1
 subiteration:1/1
  Distribution Function Extrema:
 subiteration:1/1
 subiteration:1/1
 subiteration:1/1
 subiteration:1/1
 subiteration:1/1
 subiteration:1/1
 subiteration:1/1
 subiteration:1/1
 subiteration:1/1
 subiteration:1/1
 subiteration:1/1
 subiteration:1/1
 subiteration:1/1
 subiteration:1/1
 subiteration:1/1
 subiteration:1/1
 subiteration:1/1
    Species 0:	0.000381535 [max]	-1.29728e-11 [min]

Step 18 completed, simulation time is 1.8
      AMG solver residual = 0.000169527 after 2 iterations
      AMG solver residual = 0.000208025 after 2 iterations
      AMG solver residual = 0.000163745 after 2 iterations
      AMG solver residual = 0.000163205 after 2 iterations
      AMG solver residual = 0.000168489 after 2 iterations
      AMG solver residual = 0.00121043 after 1 iterations
      AMG solver residual = 0.000191303 after 2 iterations
      AMG solver residual = 0.00021093 after 2 iterations
      AMG solver residual = 0.00285968 after 1 iterations
      AMG solver residual = 0.000164018 after 2 iterations
      AMG solver residual = 0.00016929 after 2 iterations
      AMG solver residual = 0.000159929 after 2 iterations
      AMG solver residual = 0.000872251 after 1 iterations
 subiteration:1/1
 subiteration:1/1
 subiteration:1/1
 subiteration:1/1
 subiteration:1/1
 subiteration:1/1
 subiteration:1/1
 subiteration:1/1
 subiteration:1/1
 subiteration:1/1
 subiteration:1/1
 subiteration:1/1
 subiteration:1/1
 subiteration:1/1
 subiteration:1/1
 subiteration:1/1
 subiteration:1/1
 subiteration:1/1
 subiteration:1/1
 subiteration:1/1
 subiteration:1/1
 subiteration:1/1
 subiteration:1/1
 subiteration:1/1
 subiteration:1/1
 subiteration:1/1
 subiteration:1/1
 subiteration:1/1
 subiteration:1/1
 subiteration:1/1
 subiteration:1/1
 subiteration:1/1
 subiteration:1/1
 subiteration:1/1
 subiteration:1/1
 subiteration:1/1
 subiteration:1/1
  Distribution Function Extrema:
 subiteration:1/1
 subiteration:1/1
 subiteration:1/1
 subiteration:1/1
 subiteration:1/1
 subiteration:1/1
 subiteration:1/1
 subiteration:1/1
 subiteration:1/1
 subiteration:1/1
 subiteration:1/1
 subiteration:1/1
 subiteration:1/1
 subiteration:1/1
 subiteration:1/1
 subiteration:1/1
 subiteration:1/1
 subiteration:1/1
 subiteration:1/1
 subiteration:1/1
 subiteration:1/1
 subiteration:1/1
 subiteration:1/1
 subiteration:1/1
 subiteration:1/1
 subiteration:1/1
 subiteration:1/1
    Species 0:	0.000381535 [max]	-1.29728e-11 [min]

Step 19 completed, simulation time is 1.9
      AMG solver residual = 0.000167423 after 2 iterations
      AMG solver residual = 0.000172998 after 2 iterations
      AMG solver residual = 0.000165606 after 2 iterations
      AMG solver residual = 0.000177885 after 2 iterations
      AMG solver residual = 0.00015398 after 2 iterations
      AMG solver residual = 0.000779616 after 1 iterations
      AMG solver residual = 0.000189779 after 2 iterations
      AMG solver residual = 0.000187748 after 2 iterations
      AMG solver residual = 0.00236571 after 1 iterations
      AMG solver residual = 0.000168118 after 2 iterations
      AMG solver residual = 0.000189103 after 2 iterations
      AMG solver residual = 0.000141299 after 2 iterations
      AMG solver residual = 0.00065097 after 1 iterations
 subiteration:1/1
 subiteration:1/1
 subiteration:1/1
 subiteration:1/1
 subiteration:1/1
 subiteration:1/1
 subiteration:1/1
 subiteration:1/1
 subiteration:1/1
 subiteration:1/1
 subiteration:1/1
 subiteration:1/1
 subiteration:1/1
 subiteration:1/1
 subiteration:1/1
 subiteration:1/1
 subiteration:1/1
 subiteration:1/1
 subiteration:1/1
 subiteration:1/1
 subiteration:1/1
 subiteration:1/1
 subiteration:1/1
 subiteration:1/1
 subiteration:1/1
 subiteration:1/1
 subiteration:1/1
 subiteration:1/1
 subiteration:1/1
 subiteration:1/1
 subiteration:1/1
 subiteration:1/1
 subiteration:1/1
 subiteration:1/1
 subiteration:1/1
 subiteration:1/1
 subiteration:1/1
 subiteration:1/1
 subiteration:1/1
 subiteration:1/1
 subiteration:1/1
 subiteration:1/1
 subiteration:1/1
 subiteration:1/1
 subiteration:1/1
 subiteration:1/1
 subiteration:1/1
 subiteration:1/1
 subiteration:1/1
 subiteration:1/1
 subiteration:1/1
 subiteration:1/1
 subiteration:1/1
 subiteration:1/1
 subiteration:1/1
 subiteration:1/1
 subiteration:1/1
 subiteration:1/1
 subiteration:1/1
 subiteration:1/1
  Distribution Function Extrema:
 subiteration:1/1
 subiteration:1/1
 subiteration:1/1
 subiteration:1/1
    Species 0:	0.000381535 [max]	-1.29728e-11 [min]

Step 20 completed, simulation time is 2
Writing checkpoint file
Writing history file
      AMG solver residual = 0.000168579 after 2 iterations
      AMG solver residual = 0.00948694 after 1 iterations
      AMG solver residual = 0.000171409 after 2 iterations
      AMG solver residual = 0.000199268 after 2 iterations
      AMG solver residual = 0.00013397 after 2 iterations
      AMG solver residual = 0.000620946 after 1 iterations
      AMG solver residual = 0.000185494 after 2 iterations
      AMG solver residual = 0.00947011 after 1 iterations
      AMG solver residual = 0.00334386 after 1 iterations
      AMG solver residual = 0.000175306 after 2 iterations
      AMG solver residual = 0.000209728 after 2 iterations
      AMG solver residual = 0.0094227 after 1 iterations
      AMG solver residual = 0.0025337 after 1 iterations
 subiteration:1/1
 subiteration:1/1
 subiteration:1/1
 subiteration:1/1
 subiteration:1/1
 subiteration:1/1
 subiteration:1/1
 subiteration:1/1
 subiteration:1/1
 subiteration:1/1
 subiteration:1/1
 subiteration:1/1
 subiteration:1/1
 subiteration:1/1
 subiteration:1/1
 subiteration:1/1
 subiteration:1/1
 subiteration:1/1
 subiteration:1/1
 subiteration:1/1
 subiteration:1/1
 subiteration:1/1
 subiteration:1/1
 subiteration:1/1
 subiteration:1/1
 subiteration:1/1
 subiteration:1/1
 subiteration:1/1
 subiteration:1/1
 subiteration:1/1
 subiteration:1/1
 subiteration:1/1
 subiteration:1/1
 subiteration:1/1
 subiteration:1/1
 subiteration:1/1
 subiteration:1/1
 subiteration:1/1
 subiteration:1/1
 subiteration:1/1
 subiteration:1/1
 subiteration:1/1
 subiteration:1/1
 subiteration:1/1
 subiteration:1/1
  Distribution Function Extrema:
 subiteration:1/1
 subiteration:1/1
 subiteration:1/1
 subiteration:1/1
 subiteration:1/1
 subiteration:1/1
 subiteration:1/1
 subiteration:1/1
 subiteration:1/1
 subiteration:1/1
 subiteration:1/1
 subiteration:1/1
 subiteration:1/1
 subiteration:1/1
 subiteration:1/1
 subiteration:1/1
 subiteration:1/1
 subiteration:1/1
 subiteration:1/1
    Species 0:	0.000381535 [max]	-1.29728e-11 [min]

Step 21 completed, simulation time is 2.1
      AMG solver residual = 0.000172133 after 2 iterations
      AMG solver residual = 0.00582769 after 1 iterations
      AMG solver residual = 0.000179222 after 2 iterations
      AMG solver residual = 0.000217295 after 2 iterations
      AMG solver residual = 0.00854795 after 1 iterations
      AMG solver residual = 0.00221789 after 1 iterations
      AMG solver residual = 0.000179633 after 2 iterations
      AMG solver residual = 0.0057856 after 1 iterations
      AMG solver residual = 0.0021085 after 1 iterations
      AMG solver residual = 0.000183369 after 2 iterations
      AMG solver residual = 0.000224078 after 2 iterations
      AMG solver residual = 0.0063408 after 1 iterations
      AMG solver residual = 0.00158799 after 1 iterations
 subiteration:1/1
 subiteration:1/1
 subiteration:1/1
 subiteration:1/1
 subiteration:1/1
 subiteration:1/1
 subiteration:1/1
 subiteration:1/1
 subiteration:1/1
 subiteration:1/1
 subiteration:1/1
 subiteration:1/1
 subiteration:1/1
 subiteration:1/1
 subiteration:1/1
 subiteration:1/1
 subiteration:1/1
 subiteration:1/1
 subiteration:1/1
 subiteration:1/1
 subiteration:1/1
 subiteration:1/1
 subiteration:1/1
 subiteration:1/1
 subiteration:1/1
 subiteration:1/1
 subiteration:1/1
 subiteration:1/1
 subiteration:1/1
 subiteration:1/1
 subiteration:1/1
 subiteration:1/1
 subiteration:1/1
 subiteration:1/1
 subiteration:1/1
 subiteration:1/1
 subiteration:1/1
 subiteration:1/1
 subiteration:1/1
 subiteration:1/1
 subiteration:1/1
 subiteration:1/1
 subiteration:1/1
 subiteration:1/1
 subiteration:1/1
  Distribution Function Extrema:
 subiteration:1/1
 subiteration:1/1
 subiteration:1/1
 subiteration:1/1
 subiteration:1/1
 subiteration:1/1
 subiteration:1/1
 subiteration:1/1
 subiteration:1/1
 subiteration:1/1
 subiteration:1/1
 subiteration:1/1
 subiteration:1/1
 subiteration:1/1
 subiteration:1/1
 subiteration:1/1
 subiteration:1/1
 subiteration:1/1
 subiteration:1/1
    Species 0:	0.000381535 [max]	-1.29728e-11 [min]

Step 22 completed, simulation time is 2.2
      AMG solver residual = 0.000176686 after 2 iterations
      AMG solver residual = 0.00328145 after 1 iterations
      AMG solver residual = 0.000186799 after 2 iterations
      AMG solver residual = 0.000227776 after 2 iterations
      AMG solver residual = 0.00552278 after 1 iterations
      AMG solver residual = 0.00140173 after 1 iterations
      AMG solver residual = 0.000173639 after 2 iterations
      AMG solver residual = 0.00317898 after 1 iterations
      AMG solver residual = 0.000190142 after 2 iterations
      AMG solver residual = 0.000230424 after 2 iterations
      AMG solver residual = 0.00378872 after 1 iterations
      AMG solver residual = 0.00103097 after 1 iterations
 subiteration:1/1
 subiteration:1/1
 subiteration:1/1
 subiteration:1/1
 subiteration:1/1
 subiteration:1/1
 subiteration:1/1
 subiteration:1/1
 subiteration:1/1
 subiteration:1/1
 subiteration:1/1
 subiteration:1/1
 subiteration:1/1
 subiteration:1/1
 subiteration:1/1
 subiteration:1/1
 subiteration:1/1
 subiteration:1/1
 subiteration:1/1
 subiteration:1/1
 subiteration:1/1
 subiteration:1/1
 subiteration:1/1
 subiteration:1/1
 subiteration:1/1
 subiteration:1/1
 subiteration:1/1
 subiteration:1/1
 subiteration:1/1
  Distribution Function Extrema:
 subiteration:1/1
 subiteration:1/1
 subiteration:1/1
 subiteration:1/1
 subiteration:1/1
 subiteration:1/1
 subiteration:1/1
 subiteration:1/1
 subiteration:1/1
 subiteration:1/1
 subiteration:1/1
 subiteration:1/1
 subiteration:1/1
 subiteration:1/1
 subiteration:1/1
 subiteration:1/1
 subiteration:1/1
 subiteration:1/1
 subiteration:1/1
 subiteration:1/1
 subiteration:1/1
 subiteration:1/1
 subiteration:1/1
 subiteration:1/1
 subiteration:1/1
 subiteration:1/1
 subiteration:1/1
 subiteration:1/1
 subiteration:1/1
 subiteration:1/1
 subiteration:1/1
 subiteration:1/1
 subiteration:1/1
 subiteration:1/1
 subiteration:1/1
    Species 0:	0.000381535 [max]	-1.29728e-11 [min]

Step 23 completed, simulation time is 2.3
      AMG solver residual = 0.000180871 after 2 iterations
      AMG solver residual = 0.00185478 after 1 iterations
      AMG solver residual = 0.000192289 after 2 iterations
      AMG solver residual = 0.000230578 after 2 iterations
      AMG solver residual = 0.00324403 after 1 iterations
      AMG solver residual = 0.000929276 after 1 iterations
      AMG solver residual = 0.00016883 after 2 iterations
      AMG solver residual = 0.00170072 after 1 iterations
      AMG solver residual = 0.000749219 after 1 iterations
      AMG solver residual = 0.000193995 after 2 iterations
      AMG solver residual = 0.00022956 after 2 iterations
      AMG solver residual = 0.0021741 after 1 iterations
      AMG solver residual = 0.000737213 after 1 iterations
 subiteration:1/1
 subiteration:1/1
 subiteration:1/1
 subiteration:1/1
 subiteration:1/1
 subiteration:1/1
 subiteration:1/1
 subiteration:1/1
 subiteration:1/1
 subiteration:1/1
 subiteration:1/1
 subiteration:1/1
 subiteration:1/1
 subiteration:1/1
 subiteration:1/1
 subiteration:1/1
 subiteration:1/1
 subiteration:1/1
 subiteration:1/1
 subiteration:1/1
 subiteration:1/1
 subiteration:1/1
 subiteration:1/1
 subiteration:1/1
 subiteration:1/1
 subiteration:1/1
 subiteration:1/1
 subiteration:1/1
 subiteration:1/1
 subiteration:1/1
 subiteration:1/1
 subiteration:1/1
 subiteration:1/1
 subiteration:1/1
 subiteration:1/1
 subiteration:1/1
 subiteration:1/1
  Distribution Function Extrema:
 subiteration:1/1
 subiteration:1/1
 subiteration:1/1
 subiteration:1/1
 subiteration:1/1
 subiteration:1/1
 subiteration:1/1
 subiteration:1/1
 subiteration:1/1
 subiteration:1/1
 subiteration:1/1
 subiteration:1/1
 subiteration:1/1
 subiteration:1/1
 subiteration:1/1
 subiteration:1/1
 subiteration:1/1
 subiteration:1/1
 subiteration:1/1
 subiteration:1/1
 subiteration:1/1
 subiteration:1/1
 subiteration:1/1
 subiteration:1/1
 subiteration:1/1
 subiteration:1/1
 subiteration:1/1
    Species 0:	0.000381535 [max]	-1.29728e-11 [min]

Step 24 completed, simulation time is 2.4
      AMG solver residual = 0.000183377 after 2 iterations
      AMG solver residual = 0.00108255 after 1 iterations
      AMG solver residual = 0.000194317 after 2 iterations
      AMG solver residual = 0.000226658 after 2 iterations
      AMG solver residual = 0.00185963 after 1 iterations
      AMG solver residual = 0.000688048 after 1 iterations
      AMG solver residual = 0.000165711 after 2 iterations
      AMG solver residual = 0.000957195 after 1 iterations
      AMG solver residual = 0.000575928 after 1 iterations
      AMG solver residual = 0.000193683 after 2 iterations
      AMG solver residual = 0.000222606 after 2 iterations
      AMG solver residual = 0.00126515 after 1 iterations
      AMG solver residual = 0.000599362 after 1 iterations
 subiteration:1/1
 subiteration:1/1
 subiteration:1/1
 subiteration:1/1
 subiteration:1/1
 subiteration:1/1
 subiteration:1/1
 subiteration:1/1
 subiteration:1/1
 subiteration:1/1
 subiteration:1/1
 subiteration:1/1
 subiteration:1/1
 subiteration:1/1
 subiteration:1/1
 subiteration:1/1
 subiteration:1/1
  Distribution Function Extrema:
 subiteration:1/1
 subiteration:1/1
 subiteration:1/1
 subiteration:1/1
 subiteration:1/1
 subiteration:1/1
 subiteration:1/1
 subiteration:1/1
 subiteration:1/1
 subiteration:1/1
 subiteration:1/1
 subiteration:1/1
 subiteration:1/1
 subiteration:1/1
 subiteration:1/1
 subiteration:1/1
 subiteration:1/1
 subiteration:1/1
 subiteration:1/1
 subiteration:1/1
 subiteration:1/1
 subiteration:1/1
 subiteration:1/1
 subiteration:1/1
 subiteration:1/1
 subiteration:1/1
 subiteration:1/1
 subiteration:1/1
 subiteration:1/1
 subiteration:1/1
 subiteration:1/1
 subiteration:1/1
 subiteration:1/1
 subiteration:1/1
 subiteration:1/1
 subiteration:1/1
 subiteration:1/1
 subiteration:1/1
 subiteration:1/1
 subiteration:1/1
 subiteration:1/1
 subiteration:1/1
 subiteration:1/1
 subiteration:1/1
 subiteration:1/1
 subiteration:1/1
 subiteration:1/1
    Species 0:	0.000381535 [max]	-1.29729e-11 [min]

Step 25 completed, simulation time is 2.5
      AMG solver residual = 0.000182214 after 2 iterations
      AMG solver residual = 0.000699746 after 1 iterations
      AMG solver residual = 0.000191874 after 2 iterations
      AMG solver residual = 0.00021713 after 2 iterations
      AMG solver residual = 0.00109642 after 1 iterations
      AMG solver residual = 0.000577053 after 1 iterations
      AMG solver residual = 0.000162524 after 2 iterations
      AMG solver residual = 0.000620357 after 1 iterations
      AMG solver residual = 0.000511985 after 1 iterations
      AMG solver residual = 0.000187835 after 2 iterations
      AMG solver residual = 0.000210801 after 2 iterations
      AMG solver residual = 0.000789976 after 1 iterations
      AMG solver residual = 0.000535064 after 1 iterations
 subiteration:1/1
 subiteration:1/1
 subiteration:1/1
 subiteration:1/1
 subiteration:1/1
 subiteration:1/1
 subiteration:1/1
 subiteration:1/1
 subiteration:1/1
 subiteration:1/1
 subiteration:1/1
 subiteration:1/1
 subiteration:1/1
 subiteration:1/1
 subiteration:1/1
 subiteration:1/1
 subiteration:1/1
 subiteration:1/1
 subiteration:1/1
 subiteration:1/1
 subiteration:1/1
 subiteration:1/1
 subiteration:1/1
 subiteration:1/1
 subiteration:1/1
 subiteration:1/1
 subiteration:1/1
 subiteration:1/1
 subiteration:1/1
 subiteration:1/1
 subiteration:1/1
 subiteration:1/1
  Distribution Function Extrema:
 subiteration:1/1
 subiteration:1/1
 subiteration:1/1
 subiteration:1/1
 subiteration:1/1
 subiteration:1/1
 subiteration:1/1
 subiteration:1/1
 subiteration:1/1
 subiteration:1/1
 subiteration:1/1
 subiteration:1/1
 subiteration:1/1
 subiteration:1/1
 subiteration:1/1
 subiteration:1/1
 subiteration:1/1
 subiteration:1/1
 subiteration:1/1
 subiteration:1/1
 subiteration:1/1
 subiteration:1/1
 subiteration:1/1
 subiteration:1/1
 subiteration:1/1
 subiteration:1/1
 subiteration:1/1
 subiteration:1/1
 subiteration:1/1
 subiteration:1/1
 subiteration:1/1
 subiteration:1/1
    Species 0:	0.000381536 [max]	-1.29729e-11 [min]

Step 26 completed, simulation time is 2.6
      AMG solver residual = 0.000172295 after 2 iterations
      AMG solver residual = 0.000512638 after 1 iterations
      AMG solver residual = 0.000183456 after 2 iterations
      AMG solver residual = 0.000203361 after 2 iterations
      AMG solver residual = 0.000706244 after 1 iterations
      AMG solver residual = 0.000523574 after 1 iterations
      AMG solver residual = 0.000561383 after 1 iterations
      AMG solver residual = 0.000152365 after 2 iterations
      AMG solver residual = 0.000479005 after 1 iterations
      AMG solver residual = 0.000478606 after 1 iterations
      AMG solver residual = 0.000173311 after 2 iterations
      AMG solver residual = 0.000196147 after 2 iterations
      AMG solver residual = 0.000561022 after 1 iterations
      AMG solver residual = 0.000498449 after 1 iterations
      AMG solver residual = 0.000543209 after 1 iterations
 subiteration:1/1
 subiteration:1/1
 subiteration:1/1
 subiteration:1/1
 subiteration:1/1
 subiteration:1/1
 subiteration:1/1
 subiteration:1/1
 subiteration:1/1
 subiteration:1/1
 subiteration:1/1
 subiteration:1/1
 subiteration:1/1
 subiteration:1/1
 subiteration:1/1
 subiteration:1/1
 subiteration:1/1
 subiteration:1/1
 subiteration:1/1
 subiteration:1/1
 subiteration:1/1
 subiteration:1/1
 subiteration:1/1
 subiteration:1/1
 subiteration:1/1
 subiteration:1/1
 subiteration:1/1
 subiteration:1/1
 subiteration:1/1
 subiteration:1/1
 subiteration:1/1
 subiteration:1/1
 subiteration:1/1
 subiteration:1/1
 subiteration:1/1
 subiteration:1/1
 subiteration:1/1
  Distribution Function Extrema:
 subiteration:1/1
 subiteration:1/1
 subiteration:1/1
 subiteration:1/1
 subiteration:1/1
 subiteration:1/1
 subiteration:1/1
 subiteration:1/1
 subiteration:1/1
 subiteration:1/1
 subiteration:1/1
 subiteration:1/1
 subiteration:1/1
 subiteration:1/1
 subiteration:1/1
 subiteration:1/1
 subiteration:1/1
 subiteration:1/1
 subiteration:1/1
 subiteration:1/1
 subiteration:1/1
 subiteration:1/1
 subiteration:1/1
 subiteration:1/1
 subiteration:1/1
 subiteration:1/1
 subiteration:1/1
    Species 0:	0.000381536 [max]	-1.29729e-11 [min]

Step 27 completed, simulation time is 2.7
      AMG solver residual = 0.000144226 after 2 iterations
      AMG solver residual = 0.000426726 after 1 iterations
      AMG solver residual = 0.000165173 after 2 iterations
      AMG solver residual = 0.000188164 after 2 iterations
      AMG solver residual = 0.000522734 after 1 iterations
      AMG solver residual = 0.000490842 after 1 iterations
      AMG solver residual = 0.000537199 after 1 iterations
      AMG solver residual = 0.00989493 after 1 iterations
      AMG solver residual = 0.0028768 after 1 iterations
      AMG solver residual = 0.00147098 after 1 iterations
      AMG solver residual = 0.000143872 after 2 iterations
      AMG solver residual = 0.000182924 after 2 iterations
      AMG solver residual = 0.000456703 after 1 iterations
      AMG solver residual = 0.000471857 after 1 iterations
      AMG solver residual = 0.000520593 after 1 iterations
 subiteration:1/1
 subiteration:1/1
 subiteration:1/1
 subiteration:1/1
 subiteration:1/1
 subiteration:1/1
 subiteration:1/1
 subiteration:1/1
 subiteration:1/1
 subiteration:1/1
 subiteration:1/1
 subiteration:1/1
 subiteration:1/1
 subiteration:1/1
 subiteration:1/1
 subiteration:1/1
 subiteration:1/1
 subiteration:1/1
 subiteration:1/1
 subiteration:1/1
 subiteration:1/1
 subiteration:1/1
 subiteration:1/1
 subiteration:1/1
 subiteration:1/1
 subiteration:1/1
 subiteration:1/1
 subiteration:1/1
 subiteration:1/1
 subiteration:1/1
 subiteration:1/1
 subiteration:1/1
 subiteration:1/1
 subiteration:1/1
 subiteration:1/1
 subiteration:1/1
 subiteration:1/1
 subiteration:1/1
 subiteration:1/1
 subiteration:1/1
 subiteration:1/1
 subiteration:1/1
 subiteration:1/1
 subiteration:1/1
 subiteration:1/1
 subiteration:1/1
 subiteration:1/1
 subiteration:1/1
 subiteration:1/1
 subiteration:1/1
 subiteration:1/1
 subiteration:1/1
 subiteration:1/1
 subiteration:1/1
 subiteration:1/1
  Distribution Function Extrema:
 subiteration:1/1
 subiteration:1/1
 subiteration:1/1
 subiteration:1/1
 subiteration:1/1
 subiteration:1/1
 subiteration:1/1
 subiteration:1/1
 subiteration:1/1
    Species 0:	0.000381538 [max]	-1.29729e-11 [min]

Step 28 completed, simulation time is 2.8
      AMG solver residual = 0.00743256 after 1 iterations
      AMG solver residual = 0.00213308 after 1 iterations
      AMG solver residual = 0.00116814 after 1 iterations
      AMG solver residual = 0.00013094 after 2 iterations
      AMG solver residual = 0.000177188 after 2 iterations
      AMG solver residual = 0.000439257 after 1 iterations
      AMG solver residual = 0.000466011 after 1 iterations
      AMG solver residual = 0.000515506 after 1 iterations
      AMG solver residual = 0.00639316 after 1 iterations
      AMG solver residual = 0.00168972 after 1 iterations
      AMG solver residual = 0.000922183 after 1 iterations
      AMG solver residual = 0.00110549 after 1 iterations
      AMG solver residual = 0.00807952 after 1 iterations
      AMG solver residual = 0.000149217 after 2 iterations
      AMG solver residual = 0.000406227 after 1 iterations
      AMG solver residual = 0.000449482 after 1 iterations
      AMG solver residual = 0.000499556 after 1 iterations
 subiteration:1/1
 subiteration:1/1
 subiteration:1/1
 subiteration:1/1
 subiteration:1/1
 subiteration:1/1
 subiteration:1/1
 subiteration:1/1
 subiteration:1/1
 subiteration:1/1
 subiteration:1/1
 subiteration:1/1
 subiteration:1/1
 subiteration:1/1
 subiteration:1/1
 subiteration:1/1
 subiteration:1/1
 subiteration:1/1
 subiteration:1/1
 subiteration:1/1
 subiteration:1/1
 subiteration:1/1
 subiteration:1/1
 subiteration:1/1
 subiteration:1/1
 subiteration:1/1
 subiteration:1/1
 subiteration:1/1
 subiteration:1/1
 subiteration:1/1
 subiteration:1/1
 subiteration:1/1
 subiteration:1/1
 subiteration:1/1
 subiteration:1/1
 subiteration:1/1
 subiteration:1/1
 subiteration:1/1
 subiteration:1/1
 subiteration:1/1
 subiteration:1/1
 subiteration:1/1
 subiteration:1/1
 subiteration:1/1
 subiteration:1/1
 subiteration:1/1
 subiteration:1/1
  Distribution Function Extrema:
 subiteration:1/1
 subiteration:1/1
 subiteration:1/1
 subiteration:1/1
 subiteration:1/1
 subiteration:1/1
 subiteration:1/1
 subiteration:1/1
 subiteration:1/1
 subiteration:1/1
 subiteration:1/1
 subiteration:1/1
 subiteration:1/1
 subiteration:1/1
 subiteration:1/1
 subiteration:1/1
 subiteration:1/1
    Species 0:	0.000381541 [max]	-1.2973e-11 [min]

Step 29 completed, simulation time is 2.9
      AMG solver residual = 0.00435785 after 1 iterations
      AMG solver residual = 0.0011733 after 1 iterations
      AMG solver residual = 0.000721387 after 1 iterations
      AMG solver residual = 0.00706934 after 1 iterations
      AMG solver residual = 0.000148782 after 2 iterations
      AMG solver residual = 0.00039691 after 1 iterations
      AMG solver residual = 0.000444058 after 1 iterations
      AMG solver residual = 0.0004942 after 1 iterations
      AMG solver residual = 0.00358116 after 1 iterations
      AMG solver residual = 0.00020222 after 2 iterations
      AMG solver residual = 0.000358594 after 1 iterations
      AMG solver residual = 0.000415468 after 1 iterations
      AMG solver residual = 0.000468437 after 1 iterations
      AMG solver residual = 0.00483545 after 1 iterations
      AMG solver residual = 0.000152379 after 2 iterations
      AMG solver residual = 0.000377292 after 1 iterations
      AMG solver residual = 0.000430449 after 1 iterations
      AMG solver residual = 0.000481781 after 1 iterations
 subiteration:1/1
 subiteration:1/1
 subiteration:1/1
 subiteration:1/1
 subiteration:1/1
 subiteration:1/1
 subiteration:1/1
 subiteration:1/1
 subiteration:1/1
 subiteration:1/1
 subiteration:1/1
 subiteration:1/1
 subiteration:1/1
 subiteration:1/1
 subiteration:1/1
 subiteration:1/1
 subiteration:1/1
 subiteration:1/1
 subiteration:1/1
  Distribution Function Extrema:
 subiteration:1/1
 subiteration:1/1
 subiteration:1/1
 subiteration:1/1
 subiteration:1/1
 subiteration:1/1
 subiteration:1/1
 subiteration:1/1
 subiteration:1/1
 subiteration:1/1
 subiteration:1/1
 subiteration:1/1
 subiteration:1/1
 subiteration:1/1
 subiteration:1/1
 subiteration:1/1
 subiteration:1/1
 subiteration:1/1
 subiteration:1/1
 subiteration:1/1
 subiteration:1/1
 subiteration:1/1
 subiteration:1/1
 subiteration:1/1
 subiteration:1/1
 subiteration:1/1
 subiteration:1/1
 subiteration:1/1
 subiteration:1/1
 subiteration:1/1
 subiteration:1/1
 subiteration:1/1
 subiteration:1/1
 subiteration:1/1
 subiteration:1/1
 subiteration:1/1
 subiteration:1/1
 subiteration:1/1
 subiteration:1/1
 subiteration:1/1
 subiteration:1/1
 subiteration:1/1
 subiteration:1/1
 subiteration:1/1
 subiteration:1/1
    Species 0:	0.000381547 [max]	-1.29732e-11 [min]

Step 30 completed, simulation time is 3
Writing checkpoint file
Writing history file
