** GKUnits ***********************************************************

==== Fundamental Units ===============================================
  NUMBER DENSITY    [1/m^3]: 1e+20
  TEMPERATURE           [eV]: 200
  LENGTH                [m]: 1
  MASS                 [AMU]: 1
  MAGNETIC FIELD        [T]: 1
  CHARGE                [C]: 1.60218e-19
  BOLTZMANN CONSTANT  [J/K]: 1.38065e-23
  ELECTRIC CONSTANT   [F/m]: 8.85419e-12
  MAGNETIC CONSTANT   [H/m]: 1.25664e-06

==== Derived Units ===================================================

  THERMAL SPEED       [m/s]: 138411
  TRANSIT TIME          [s]: 7.22485e-06
  MAGNETIC MOMENT     [J/T]: 1.60218e-17
  DIST. FUNCTION [s/(Am^6)]: 12004.3
  POTENTIAL             [V]: 200
  GYROFREQUENCY       [1/s]: 9.57883e+07
  GYRORADIUS            [m]: 0.00144497
  DEBYE LENGTH          [m]: 1.05132e-05

==== Dimensionless Parameters =========================================

  LARMOR NUMBER            : 0.00144497
  DEBYE NUMBER             : 1.05132e-05

***********************************************************************
**** cellSp[0] = 0.0981748,  cellSp[1] = 0.0490874
**** dimensions = 64, 128
**** cellSp[0] = 0.0981748,  cellSp[1] = 0.0490874
**** dimensions = 64, 128
**** cellSp[0] = 0.0981748,  cellSp[1] = 0.0490874
**** dimensions = 64, 128
**** cellSp[0] = 0.0981748,  cellSp[1] = 0.0490874
**** dimensions = 64, 128
**** cellSp[0] = 0.0981748,  cellSp[1] = 0.0490874
**** dimensions = 64, 128
**** cellSp[0] = 0.0981748,  cellSp[1] = 0.0490874
**** dimensions = 64, 128
**** cellSp[0] = 0.0981748,  cellSp[1] = 0.0490874
**** dimensions = 64, 128
**** cellSp[0] = 0.0981748,  cellSp[1] = 0.0490874
**** dimensions = 64, 128
**** cellSp[0] = 0.0981748,  cellSp[1] = 0.0490874
**** dimensions = 64, 128
**** cellSp[0] = 0.0981748,  cellSp[1] = 0.0490874
**** dimensions = 64, 128
**** cellSp[0] = 0.0981748,  cellSp[1] = 0.0490874
**** dimensions = 64, 128
**** cellSp[0] = 0.0981748,  cellSp[1] = 0.0490874
**** dimensions = 64, 128
**** cellSp[0] = 0.0981748,  cellSp[1] = 0.0490874
**** dimensions = 64, 128
Constructing slab geometry...
xmax = 0.02, ymax = 0.02
Bz_inner = 3, Bz_outer = 3
By_inner  = 0
**** cellSp[0] = 0.0981748,  cellSp[1] = 0.0490874
**** dimensions = 64, 128
Done constructing slab geometry
**** cellSp[0] = 0.0981748,  cellSp[1] = 0.0490874
**** dimensions = 64, 128
**** cellSp[0] = 0.0981748,  cellSp[1] = 0.0490874
**** dimensions = 64, 128
**** cellSp[0] = 0.0981748,  cellSp[1] = 0.0490874
**** dimensions = 64, 128
**** cellSp[0] = 0.0981748,  cellSp[1] = 0.0490874
**** dimensions = 64, 128
**** cellSp[0] = 0.0981748,  cellSp[1] = 0.0490874
**** dimensions = 64, 128
**** cellSp[0] = 0.0981748,  cellSp[1] = 0.0490874
**** dimensions = 64, 128
**** cellSp[0] = 0.0981748,  cellSp[1] = 0.0490874
**** dimensions = 64, 128
**** cellSp[0] = 0.0981748,  cellSp[1] = 0.0490874
**** dimensions = 64, 128
**** cellSp[0] = 0.0981748,  cellSp[1] = 0.0490874
**** dimensions = 64, 128
**** cellSp[0] = 0.0981748,  cellSp[1] = 0.0490874
**** dimensions = 64, 128
**** cellSp[0] = 0.0981748,  cellSp[1] = 0.0490874
**** dimensions = 64, 128
**** cellSp[0] = 0.0981748,  cellSp[1] = 0.0490874
**** dimensions = 64, 128
**** cellSp[0] = 0.0981748,  cellSp[1] = 0.0490874
**** dimensions = 64, 128
**** cellSp[0] = 0.0981748,  cellSp[1] = 0.0490874
**** dimensions = 64, 128
**** cellSp[0] = 0.0981748,  cellSp[1] = 0.0490874
**** dimensions = 64, 128
**** cellSp[0] = 0.0981748,  cellSp[1] = 0.0490874
**** dimensions = 64, 128
**** cellSp[0] = 0.0981748,  cellSp[1] = 0.0490874
**** dimensions = 64, 128
**** cellSp[0] = 0.0981748,  cellSp[1] = 0.0490874
**** dimensions = 64, 128
**** cellSp[0] = 0.0981748,  cellSp[1] = 0.0490874
**** dimensions = 64, 128
   Configuration space box ((0,0) (7,15) (0,0)) is assigned to process 0
   Configuration space box ((8,0) (15,15) (0,0)) is assigned to process 1
   Configuration space box ((16,0) (23,15) (0,0)) is assigned to process 2
   Configuration space box ((24,0) (31,15) (0,0)) is assigned to process 3
   Configuration space box ((32,0) (39,15) (0,0)) is assigned to process 4
   Configuration space box ((40,0) (47,15) (0,0)) is assigned to process 5
   Configuration space box ((48,0) (55,15) (0,0)) is assigned to process 6
   Configuration space box ((56,0) (63,15) (0,0)) is assigned to process 7
   Configuration space box ((0,16) (7,31) (0,0)) is assigned to process 8
   Configuration space box ((8,16) (15,31) (0,0)) is assigned to process 9
   Configuration space box ((16,16) (23,31) (0,0)) is assigned to process 10
   Configuration space box ((24,16) (31,31) (0,0)) is assigned to process 11
   Configuration space box ((32,16) (39,31) (0,0)) is assigned to process 12
   Configuration space box ((40,16) (47,31) (0,0)) is assigned to process 13
   Configuration space box ((48,16) (55,31) (0,0)) is assigned to process 14
   Configuration space box ((56,16) (63,31) (0,0)) is assigned to process 15
   Configuration space box ((0,32) (7,47) (0,0)) is assigned to process 16
   Configuration space box ((8,32) (15,47) (0,0)) is assigned to process 17
   Configuration space box ((16,32) (23,47) (0,0)) is assigned to process 18
   Configuration space box ((24,32) (31,47) (0,0)) is assigned to process 19
   Configuration space box ((32,32) (39,47) (0,0)) is assigned to process 20
   Configuration space box ((40,32) (47,47) (0,0)) is assigned to process 21
   Configuration space box ((48,32) (55,47) (0,0)) is assigned to process 22
   Configuration space box ((56,32) (63,47) (0,0)) is assigned to process 23
   Configuration space box ((0,48) (7,63) (0,0)) is assigned to process 24
   Configuration space box ((8,48) (15,63) (0,0)) is assigned to process 25
   Configuration space box ((**** cellSp[0] = 0.0981748,  cellSp[1] = 0.0490874
**** dimensions = 64, 128
**** cellSp[0] = 0.0981748,  cellSp[1] = 0.0490874
**** dimensions = 64, 128
**** cellSp[0] = 0.0981748,  cellSp[1] = 0.0490874
**** dimensions = 64, 128
**** cellSp[0] = 0.0981748,  cellSp[1] = 0.0490874
**** dimensions = 64, 128
**** cellSp[0] = 0.0981748,  cellSp[1] = 0.0490874
**** dimensions = 64, 128
**** cellSp[0] = 0.0981748,  cellSp[1] = 0.0490874
**** dimensions = 64, 128
**** cellSp[0] = 0.0981748,  cellSp[1] = 0.0490874
**** dimensions = 64, 128
**** cellSp[0] = 0.0981748,  cellSp[1] = 0.0490874
**** dimensions = 64, 128
**** cellSp[0] = 0.0981748,  cellSp[1] = 0.0490874
**** dimensions = 64, 128
**** cellSp[0] = 0.0981748,  cellSp[1] = 0.0490874
**** dimensions = 64, 128
**** cellSp[0] = 0.0981748,  cellSp[1] = 0.0490874
**** dimensions = 64, 128
**** cellSp[0] = 0.0981748,  cellSp[1] = 0.0490874
**** dimensions = 64, 128
**** cellSp[0] = 0.0981748,  cellSp[1] = 0.0490874
**** dimensions = 64, 128
**** cellSp[0] = 0.0981748,  cellSp[1] = 0.0490874
**** dimensions = 64, 128
**** cellSp[0] = 0.0981748,  cellSp[1] = 0.0490874
**** dimensions = 64, 128
**** cellSp[0] = 0.0981748,  cellSp[1] = 0.0490874
**** dimensions = 64, 128
**** cellSp[0] = 0.0981748,  cellSp[1] = 0.0490874
**** dimensions = 64, 128
**** cellSp[0] = 0.0981748,  cellSp[1] = 0.0490874
**** dimensions = 64, 128
**** cellSp[0] = 0.0981748,  cellSp[1] = 0.0490874
**** dimensions = 64, 128
**** cellSp[0] = 0.0981748,  cellSp[1] = 0.0490874
**** dimensions = 64, 128
**** cellSp[0] = 0.0981748,  cellSp[1] = 0.0490874
**** dimensions = 64, 128
**** cellSp[0] = 0.0981748,  cellSp[1] = 0.0490874
**** dimensions = 64, 128
**** cellSp[0] = 0.0981748,  cellSp[1] = 0.0490874
**** dimensions = 64, 128
**** cellSp[0] = 0.0981748,  cellSp[1] = 0.0490874
**** dimensions = 64, 128
**** cellSp[0] = 0.0981748,  cellSp[1] = 0.0490874
**** dimensions = 64, 128
**** cellSp[0] = 0.0981748,  cellSp[1] = 0.0490874
**** dimensions = 64, 128
**** cellSp[0] = 0.0981748,  cellSp[1] = 0.0490874
**** dimensions = 64, 128
**** cellSp[0] = 0.0981748,  cellSp[1] = 0.0490874
**** dimensions = 64, 128
**** cellSp[0] = 0.0981748,  cellSp[1] = 0.0490874
**** dimensions = 64, 128
**** cellSp[0] = 0.0981748,  cellSp[1] = 0.0490874
**** dimensions = 64, 128
**** cellSp[0] = 0.0981748,  cellSp[1] = 0.0490874
**** dimensions = 64, 128
   Phase space box ((32,64,-32,0) (39,79,-1,31) (0,0,0,0)) is assigned to process 36, has 131072 valid cells and 483328 ghost cells
   Phase space box ((32,64,0,0) (39,79,31,31) (0,0,0,0)) is assigned to process 36, has 131072 valid cells and 483328 ghost cells
   Phase space box ((56,64,-32,0) (63,79,-1,31) (0,0,0,0)) is assigned to process 39, has 131072 valid cells and 483328 ghost cells
   Phase space box ((56,64,0,0) (63,79,31,31) (0,0,0,0)) is assigned to process 39, has 131072 valid cells and 483328 ghost cells
   Phase space box ((16,96,-32,0) (23,111,-1,31) (0,0,0,0)) is assigned to process 50, has 131072 valid cells and 483328 ghost cells
   Phase space box ((16,96,0,0) (23,111,31,31) (0,0,0,0)) is assigned to process 50, has 131072 valid cells and 483328 ghost cells
   Phase space box ((24,96,-32,0) (31,111,-1,31) (0,0,0,0)) is assigned to process 51, has 131072 valid cells and 483328 ghost cells
   Phase space box ((24,96,0,0) (31,111,31,31) (0,0,0,0)) is assigned to process 51, has 131072 valid cells and 483328 ghost cells
   Phase space box ((40,96,-32,0) (47,111,-1,31) (0,0,0,0)) is assigned to process 53, has 131072 valid cells and 483328 ghost cells
   Phase space box ((40,96,0,0) (47,111,31,31) (0,0,0,0)) is assigned to process 53, has 131072 valid cells and 483328 ghost cells
   Phase space box ((0,112,-32,0) (7,127,-1,31) (0,0,0,0)) is assigned to process 56, has 131072 valid cells and 483328 ghost cells
   Phase space box ((0,112,0,0) (7,127,31,31) (0,0,0,0)) is assigned to process 56, has 131072 valid cells and 483328 ghost cells
   Phase space box ((0,64,-32,0) (7,79,-1,31) (0,0,0,0)) is assigned to process 32, has 131072 valid cells and 483328 ghost cells
   Phase space box ((0,64,0,0) (7,79,31,31) (0,0,0,0)) is assigned to process 32, has 131072 valid cells and 483328 ghost cells
   Phase space box ((8,64,-32,0) (15,79,-1,31) (0,0,0,0)) is assigned to process 33, has 131072 valid cells and 483328 ghost cells
   Phase space box ((8,64,0,0) (15,79,31,31) (0,0,0,0)) is assigned to process 33, has 131072 valid cells and 483328 ghost cells
   Phase space box ((16,64,-32,0) (23,79,-1,31) (0,0,0,0)) is assigned to process 34, has 131072 valid cells and 483328 ghost cells
   Phase space box ((16,64,0,0) (23,79,31,31) (0,0,0,0)) is assigned to process 34, has 131072 valid cells and 483328 ghost cells
   Phase space box ((24,64,-32,0) (31,79,-1,31) (0,0,0,0)) is assigned to process 35, has 131072 valid cells and 483328 ghost cells
   Phase space box ((24,64,0,0) (31,79,31,31) (0,0,0,0)) is assigned to process 35, has 131072 valid cells and 483328 ghost cells
   Phase space box ((40,64,-32,0) (47,79,-1,31) (0,0,0,0)) is assigned to process 37, has 131072 valid cells and 483328 ghost cells
   Phase space box ((40,64,0,0) (47,79,31,31) (0,0,0,0)) is assigned to process 37, has 131072 valid cells and 483328 ghost cells
   Phase space box ((48,64,-32,0) (55,79,-1,31) (0,0,0,0)) is assigned to process 38, has 131072 valid cells and 483328 ghost cells
   Phase space box ((48,64,0,0) (55,79,31,31) (0,0,0,0)) is assigned to process 38, has 131072 valid cells and 483328 ghost cells
   Phase space box ((0,80,-32,0) (7,95,-1,31) (0,0,0,0)) is assigned to process 40, has 131072 valid cells and 483328 ghost cells
   Phase space box ((0,80,0,0) (7,95,31,31) (0,0,0,0)) is assigned to process 40, has 131072 valid cells and 483328 ghost cells
   Phase space box ((8,80,-32,0) (15,95,-1,31) (0,0,0,0)) is assigned to process 41, has 131072 valid cells and 483328 ghost cells
   Phase space box ((8,80,0,0) (15,95,31,31) (0,0,0,0)) is assigned to process 41, has 131072 valid cells and 483328 ghost cells
   Phase space box ((16,80,-32,0) (23,95,-1,31) (0,0,0,0)) is assigned to process 42, has 131072 valid cells and 483328 ghost cells
   Phase space box ((16,80,0,0) (23,95,31,31) (0,0,0,0)) is assigned to process 42, has 131072 valid cells and 483328 ghost cells
   Phase space box ((24,80,-32,0) (31,95,-1,31) (0,0,0,0)) is assigned to process 43, has 131072 valid cells and 483328 ghost cells
   Phase space box ((24,80,0,0) (31,95,31,31) (0,0,0,0)) is assigned to process 43, has 131072 valid cells and 483328 ghost cells
   Phase space box ((32,80,-32,0) (39,95,-1,31) (0,0,0,0)) is assigned to process 44, has 131072 valid cells and 483328 ghost cells
   Phase space box ((32,80,0,0) (39,95,31,31) (0,0,0,0)) is assigned to process 44, has 131072 valid cells and 483328 ghost cells
   Phase space box ((40,80,-32,0) (47,95,-1,31) (0,0,0,0)) is assigned to process 45, has 131072 valid cells and 483328 ghost cells
   Phase space box ((40,80,0,0) (47,95,31,31) (0,0,0,0)) is assigned to process 45, has 131072 valid cells and 483328 ghost cells
   Phase space box ((48,80,-32,0) (55,95,-1,31) (0,0,0,0)) is assigned to process 46, has 131072 valid cells and 483328 ghost cells
   Phase space box ((48,80,0,0) (55,95,31,31) (0,0,0,0)) is assigned to process 46, has 131072 valid cells and 483328 ghost cells
   Phase space box ((56,80,-32,0) (63,95,-1,31) (0,0,0,0)) is assigned to process 47, has 131072 valid cells and 483328 ghost cells
   Phase space box ((56,80,0,0) (63,95,31,31) (0,0,0,0)) is assigned to process 47, has 131072 valid cells and 483328 ghost cells
   Phase space box ((0,96,-32,0) (7,111,-1,31) (0,0,0,0)) is assigned to process 48, has 131072 valid cells and 483328 ghost cells
   Phase space box ((0,96,0,0) (7,111,31,31) (0,0,0,0)) is assigned to process 48, has 131072 valid cells and 483328 ghost cells
   Phase space box ((8,96,-32,0) (15,111,-1,31) (0,0,0,0)) is assigned to process 49, has 131072 valid cells and 483328 ghost cells
   Phase space box ((8,96,0,0) (15,111,31,31) (0,0,0,0)) is assigned to process 49, has 131072 valid cells and 483328 ghost cells
   Phase space box ((32,96,-32,0) (39,111,-1,31) (0,0,0,0)) is assigned to process 52, has 131072 valid cells and 483328 ghost cells
   Phase space box ((32,96,0,0) (39,111,31,31) (0,0,0,0)) is assigned to process 52, has 131072 valid cells and 483328 ghost cells
   Phase space box ((48,96,-32,0) (55,111,-1,31) (0,0,0,0)) is assigned to process 54, has 131072 valid cells and 483328 ghost cells
   Phase space box ((48,96,0,0) (55,111,31,31) (0,0,0,0)) is assigned to process 54, has 131072 valid cells and 483328 ghost cells
   Phase space box ((56,96,-32,0) (63,111,-1,31) (0,0,0,0)) is assigned to process 55, has 131072 valid cells and 483328 ghost cells
   Phase space box ((56,96,0,0) (63,111,31,31) (0,0,0,0)) is assigned to process 55, has 131072 valid cells and 483328 ghost cells
   Phase space box ((8,112,-32,0) (15,127,-1,31) (0,0,0,0)) is assigned to process 57, has 131072 valid cells and 483328 ghost cells
   Phase space box ((8,112,0,0) (15,127,31,31) (0,0,0,0)) is assigned to process 57, has 131072 valid cells and 483328 ghost cells
   Phase space box ((16,112,-32,0) (23,127,-1,31) (0,0,0,0)) is assigned to process 58, has 131072 valid cells and 483328 ghost cells
   Phase space box ((16,112,0,0) (23,127,31,31) (0,0,0,0)) is assigned to process 58, has 131072 valid cells and 483328 ghost cells
   Phase space box ((24,112,-32,0) (31,127,-1,31) (0,0,0,0)) is assigned to process 59, has 131072 valid cells and 483328 ghost cells
   Phase space box ((24,112,0,0) (31,127,31,31) (0,0,0,0)) is assigned to process 59, has 131072 valid cells and 483328 ghost cells
   Phase space box ((32,112,-32,0) (39,127,-1,31) (0,0,0,0)) is assigned to process 60, has 131072 valid cells and 483328 ghost cells
   Phase space box ((32,112,0,0) (39,127,31,31) (0,0,0,0)) is assigned to process 60, has 131072 valid cells and 483328 ghost cells
   Phase space box ((40,112,-32,0) (47,127,-1,31) (0,0,0,0)) is assigned to process 61, has 131072 valid cells and 483328 ghost cells
   Phase space box ((40,112,0,0) (47,127,31,31) (0,0,0,0)) is assigned to process 61, has 131072 valid cells and 483328 ghost cells
   Phase space box ((48,112,-32,0) (55,127,-1,31) (0,0,0,0)) is assigned to process 62, has 131072 valid cells and 483328 ghost cells
   Phase space box ((48,112,0,0) (55,127,31,31) (0,0,0,0)) is assigned to process 62, has 131072 valid cells and 483328 ghost cells
   Phase space box ((56,112,-32,0) (63,127,-1,31) (0,0,0,0)) is assigned to process 63, has 131072 valid cells and 483328 ghost cells
   Phase space box ((56,112,0,0) (63,127,31,31) (0,0,0,0)) is assigned to process 63, has 131072 valid cells and 483328 ghost cells
16,48) (23,63) (0,0)) is assigned to process 26
   Configuration space box ((24,48) (31,63) (0,0)) is assigned to process 27
   Configuration space box ((32,48) (39,63) (0,0)) is assigned to process 28
   Configuration space box ((40,48) (47,63) (0,0)) is assigned to process 29
   Configuration space box ((48,48) (55,63) (0,0)) is assigned to process 30
   Configuration space box ((56,48) (63,63) (0,0)) is assigned to process 31
   Configuration space box ((0,64) (7,79) (0,0)) is assigned to process 32
   Configuration space box ((8,64) (15,79) (0,0)) is assigned to process 33
   Configuration space box ((16,64) (23,79) (0,0)) is assigned to process 34
   Configuration space box ((24,64) (31,79) (0,0)) is assigned to process 35
   Configuration space box ((32,64) (39,79) (0,0)) is assigned to process 36
   Configuration space box ((40,64) (47,79) (0,0)) is assigned to process 37
   Configuration space box ((48,64) (55,79) (0,0)) is assigned to process 38
   Configuration space box ((56,64) (63,79) (0,0)) is assigned to process 39
   Configuration space box ((0,80) (7,95) (0,0)) is assigned to process 40
   Configuration space box ((8,80) (15,95) (0,0)) is assigned to process 41
   Configuration space box ((16,80) (23,95) (0,0)) is assigned to process 42
   Configuration space box ((24,80) (31,95) (0,0)) is assigned to process 43
   Configuration space box ((32,80) (39,95) (0,0)) is assigned to process 44
   Configuration space box ((40,80) (47,95) (0,0)) is assigned to process 45
   Configuration space box ((48,80) (55,95) (0,0)) is assigned to process 46
   Configuration space box ((56,80) (63,95) (0,0)) is assigned to process 47
   Configuration space box ((0,96) (7,111) (0,0)) is assigned to process 48
   Configuration space box ((8,96) (15,111) (0,0)) is assigned to process 49
   Configuration space box ((16,96) (23,111) (0,0)) is assigned to process 50
   Configuration space box ((24,96) (31,111) (0,0)) is assigned to process 51
   Configuration space box ((32,96) (39,111) (0,0)) is assigned to process 52
   Configuration space box ((40,96) (47,111) (0,0)) is assigned to process 53
   Configuration space box ((48,96) (55,111) (0,0)) is assigned to process 54
   Configuration space box ((56,96) (63,111) (0,0)) is assigned to process 55
   Configuration space box ((0,112) (7,127) (0,0)) is assigned to process 56
   Configuration space box ((8,112) (15,127) (0,0)) is assigned to process 57
   Configuration space box ((16,112) (23,127) (0,0)) is assigned to process 58
   Configuration space box ((24,112) (31,127) (0,0)) is assigned to process 59
   Configuration space box ((32,112) (39,127) (0,0)) is assigned to process 60
   Configuration space box ((40,112) (47,127) (0,0)) is assigned to process 61
   Configuration space box ((48,112) (55,127) (0,0)) is assigned to process 62
   Configuration space box ((56,112) (63,127) (0,0)) is assigned to process 63
Constructing magnetic geometry
Done constructing magnetic geometry
   Velocity space box ((-32,0) (-25,7) (0,0)) is assigned to process 0
   Velocity space box ((-24,0) (-17,7) (0,0)) is assigned to process 1
   Velocity space box ((-16,0) (-9,7) (0,0)) is assigned to process 2
   Velocity space box ((-8,0) (-1,7) (0,0)) is assigned to process 3
   Velocity space box ((0,0) (7,7) (0,0)) is assigned to process 4
   Velocity space box ((8,0) (15,7) (0,0)) is assigned to process 5
   Velocity space box ((16,0) (23,7) (0,0)) is assigned to process 6
   Velocity space box ((24,0) (31,7) (0,0)) is assigned to process 7
   Velocity space box ((-32,8) (-25,15) (0,0)) is assigned to process 8
   Velocity space box ((-24,8) (-17,15) (0,0)) is assigned to process 9
   Velocity space box ((-16,8) (-9,15) (0,0)) is assigned to process 10
   Velocity space box ((-8,8) (-1,15) (0,0)) is assigned to process 11
   Velocity space box ((0,8) (7,15) (0,0)) is assigned to process 12
   Velocity space box ((8,8) (15,15) (0,0)) is assigned to process 13
   Velocity space box ((16,8) (23,15) (0,0)) is assigned to process 14
   Velocity space box ((24,8) (31,15) (0,0)) is assigned to process 15
   Velocity space box ((-32,16) (-25,23) (0,0)) is assigned to process 16
   Velocity space box ((-24,16) (-17,23) (0,0)) is assigned to process 17
   Velocity space box ((-16,16) (-9,23) (0,0)) is assigned to process 18
   Velocity space box ((-8,16) (-1,23) (0,0)) is assigned to process 19
   Velocity space box ((0,16) (7,23) (0,0)) is assigned to process 20
   Velocity space box ((8,16) (15,23) (0,0)) is assigned to process 21
   Velocity space box ((16,16) (23,23) (0,0)) is assigned to process 22
   Velocity space box ((24,16) (31,23) (0,0)) is assigned to process 23
   Velocity space box ((-32,24) (-25,31) (0,0)) is assigned to process 24
   Velocity space box ((-24,24) (-17,31) (0,0)) is assigned to process 25
   Velocity space box ((-16,24) (-9,31) (0,0)) is assigned to process 26
   Velocity space box ((-8,24) (-1,31) (0,0)) is assigned to process 27
   Velocity space box ((0,24) (7,31) (0,0)) is assigned to process 28
   Velocity space box ((8,24) (15,31) (0,0)) is assigned to process 29
   Velocity space box ((16,24) (23,31) (0,0)) is assigned to process 30
   Velocity space box ((24,24) (31,31) (0,0)) is assigned to process 31
   Phase space box ((16,16,-32,0) (23,31,-1,31) (0,0,0,0)) is assigned to process 10, has 131072 valid cells and 483328 ghost cells
   Phase space box ((16,16,0,0) (23,31,31,31) (0,0,0,0)) is assigned to process 10, has 131072 valid cells and 483328 ghost cells
   Phase space box ((32,16,-32,0) (39,31,-1,31) (0,0,0,0)) is assigned to process 12, has 131072 valid cells and 483328 ghost cells
   Phase space box ((32,16,0,0) (39,31,31,31) (0,0,0,0)) is assigned to process 12, has 131072 valid cells and 483328 ghost cells
   Phase space box ((8,32,-32,0) (15,47,-1,31) (0,0,0,0)) is assigned to process 17, has 131072 valid cells and 483328 ghost cells
   Phase space box ((8,32,0,0) (15,47,31,31) (0,0,0,0)) is assigned to process 17, has 131072 valid cells and 483328 ghost cells
   Phase space box ((40,32,-32,0) (47,47,-1,31) (0,0,0,0)) is assigned to process 21, has 131072 valid cells and 483328 ghost cells
   Phase space box ((40,32,0,0) (47,47,31,31) (0,0,0,0)) is assigned to process 21, has 131072 valid cells and 483328 ghost cells
   Phase space box ((48,32,-32,0) (55,47,-1,31) (0,0,0,0)) is assigned to process 22, has 131072 valid cells and 483328 ghost cells
   Phase space box ((48,32,0,0) (55,47,31,31) (0,0,0,0)) is assigned to process 22, has 131072 valid cells and 483328 ghost cells
   Phase space box ((8,48,-32,0) (15,63,-1,31) (0,0,0,0)) is assigned to process 25, has 131072 valid cells and 483328 ghost cells
   Phase space box ((8,48,0,0) (15,63,31,31) (0,0,0,0)) is assigned to process 25, has 131072 valid cells and 483328 ghost cells
   Phase space box ((16,48,-32,0) (23,63,-1,31) (0,0,0,0)) is assigned to process 26, has 131072 valid cells and 483328 ghost cells
   Phase space box ((16,48,0,0) (23,63,31,31) (0,0,0,0)) is assigned to process 26, has 131072 valid cells and 483328 ghost cells
   Phase space box ((24,48,-32,0) (31,63,-1,31) (0,0,0,0)) is assigned to process 27, has 131072 valid cells and 483328 ghost cells
   Phase space box ((24,48,0,0) (31,63,31,31) (0,0,0,0)) is assigned to process 27, has 131072 valid cells and 483328 ghost cells
   Phase space box ((48,48,-32,0) (55,63,-1,31) (0,0,0,0)) is assigned to process 30, has 131072 valid cells and 483328 ghost cells
   Phase space box ((48,48,0,0) (55,63,31,31) (0,0,0,0)) is assigned to process 30, has 131072 valid cells and 483328 ghost cells
   Phase space box ((0,0,-32,0) (7,15,-1,31) (0,0,0,0)) is assigned to process 0, has 131072 valid cells and 483328 ghost cells
   Phase space box ((0,0,0,0) (7,15,31,31) (0,0,0,0)) is assigned to process 0, has 131072 valid cells and 483328 ghost cells
   Phase space box ((8,0,-32,0) (15,15,-1,31) (0,0,0,0)) is assigned to process 1, has 131072 valid cells and 483328 ghost cells
   Phase space box ((8,0,0,0) (15,15,31,31) (0,0,0,0)) is assigned to process 1, has 131072 valid cells and 483328 ghost cells
   Phase space box ((16,0,-32,0) (23,15,-1,31) (0,0,0,0)) is assigned to process 2, has 131072 valid cells and 483328 ghost cells
   Phase space box ((16,0,0,0) (23,15,31,31) (0,0,0,0)) is assigned to process 2, has 131072 valid cells and 483328 ghost cells
   Phase space box ((24,0,-32,0) (31,15,-1,31) (0,0,0,0)) is assigned to process 3, has 131072 valid cells and 483328 ghost cells
   Phase space box ((24,0,0,0) (31,15,31,31) (0,0,0,0)) is assigned to process 3, has 131072 valid cells and 483328 ghost cells
   Phase space box ((32,0,-32,0) (39,15,-1,31) (0,0,0,0)) is assigned to process 4, has 131072 valid cells and 483328 ghost cells
   Phase space box ((32,0,0,0) (39,15,31,31) (0,0,0,0)) is assigned to process 4, has 131072 valid cells and 483328 ghost cells
   Phase space box ((40,0,-32,0) (47,15,-1,31) (0,0,0,0)) is assigned to process 5, has 131072 valid cells and 483328 ghost cells
   Phase space box ((40,0,0,0) (47,15,31,31) (0,0,0,0)) is assigned to process 5, has 131072 valid cells and 483328 ghost cells
   Phase space box ((48,0,-32,0) (55,15,-1,31) (0,0,0,0)) is assigned to process 6, has 131072 valid cells and 483328 ghost cells
   Phase space box ((48,0,0,0) (55,15,31,31) (0,0,0,0)) is assigned to process 6, has 131072 valid cells and 483328 ghost cells
   Phase space box ((56,0,-32,0) (63,15,-1,31) (0,0,0,0)) is assigned to process 7, has 131072 valid cells and 483328 ghost cells
   Phase space box ((56,0,0,0) (63,15,31,31) (0,0,0,0)) is assigned to process 7, has 131072 valid cells and 483328 ghost cells
   Phase space box ((0,16,-32,0) (7,31,-1,31) (0,0,0,0)) is assigned to process 8, has 131072 valid cells and 483328 ghost cells
   Phase space box ((0,16,0,0) (7,31,31,31) (0,0,0,0)) is assigned to process 8, has 131072 valid cells and 483328 ghost cells
   Phase space box ((8,16,-32,0) (15,31,-1,31) (0,0,0,0)) is assigned to process 9, has 131072 valid cells and 483328 ghost cells
   Phase space box ((8,16,0,0) (15,31,31,31) (0,0,0,0)) is assigned to process 9, has 131072 valid cells and 483328 ghost cells
   Phase space box ((24,16,-32,0) (31,31,-1,31) (0,0,0,0)) is assigned to process 11, has 131072 valid cells and 483328 ghost cells
   Phase space box ((24,16,0,0) (31,31,31,31) (0,0,0,0)) is assigned to process 11, has 131072 valid cells and 483328 ghost cells
   Phase space box ((40,16,-32,0) (47,31,-1,31) (0,0,0,0)) is assigned to process 13, has 131072 valid cells and 483328 ghost cells
   Phase space box ((40,16,0,0) (47,31,31,31) (0,0,0,0)) is assigned to process 13, has 131072 valid cells and 483328 ghost cells
   Phase space box ((48,16,-32,0) (55,31,-1,31) (0,0,0,0)) is assigned to process 14, has 131072 valid cells and 483328 ghost cells
   Phase space box ((48,16,0,0) (55,31,31,31) (0,0,0,0)) is assigned to process 14, has 131072 valid cells and 483328 ghost cells
   Phase space box ((56,16,-32,0) (63,31,-1,31) (0,0,0,0)) is assigned to process 15, has 131072 valid cells and 483328 ghost cells
   Phase space box ((56,16,0,0) (63,31,31,31) (0,0,0,0)) is assigned to process 15, has 131072 valid cells and 483328 ghost cells
   Phase space box ((0,32,-32,0) (7,47,-1,31) (0,0,0,0)) is assigned to process 16, has 131072 valid cells and 483328 ghost cells
   Phase space box ((0,32,0,0) (7,47,31,31) (0,0,0,0)) is assigned to process 16, has 131072 valid cells and 483328 ghost cells
   Phase space box ((16,32,-32,0) (23,47,-1,31) (0,0,0,0)) is assigned to process 18, has 131072 valid cells and 483328 ghost cells
   Phase space box ((16,32,0,0) (23,47,31,31) (0,0,0,0)) is assigned to process 18, has 131072 valid cells and 483328 ghost cells
   Phase space box ((24,32,-32,0) (31,47,-1,31) (0,0,0,0)) is assigned to process 19, has 131072 valid cells and 483328 ghost cells
   Phase space box ((24,32,0,0) (31,47,31,31) (0,0,0,0)) is assigned to process 19, has 131072 valid cells and 483328 ghost cells
   Phase space box ((32,32,-32,0) (39,47,-1,31) (0,0,0,0)) is assigned to process 20, has 131072 valid cells and 483328 ghost cells
   Phase space box ((32,32,0,0) (39,47,31,31) (0,0,0,0)) is assigned to process 20, has 131072 valid cells and 483328 ghost cells
   Phase space box ((56,32,-32,0) (63,47,-1,31) (0,0,0,0)) is assigned to process 23, has 131072 valid cells and 483328 ghost cells
   Phase space box ((56,32,0,0) (63,47,31,31) (0,0,0,0)) is assigned to process 23, has 131072 valid cells and 483328 ghost cells
   Phase space box ((0,48,-32,0) (7,63,-1,31) (0,0,0,0)) is assigned to process 24, has 131072 valid cells and 483328 ghost cells
   Phase space box ((0,48,0,0) (7,63,31,31) (0,0,0,0)) is assigned to process 24, has 131072 valid cells and 483328 ghost cells
   Phase space box ((32,48,-32,0) (39,63,-1,31) (0,0,0,0)) is assigned to process 28, has 131072 valid cells and 483328 ghost cells
   Phase space box ((32,48,0,0) (39,63,31,31) (0,0,0,0)) is assigned to process 28, has 131072 valid cells and 483328 ghost cells
   Phase space box ((40,48,-32,0) (47,63,-1,31) (0,0,0,0)) is assigned to process 29, has 131072 valid cells and 483328 ghost cells
   Phase space box ((40,48,0,0) (47,63,31,31) (0,0,0,0)) is assigned to process 29, has 131072 valid cells and 483328 ghost cells
   Phase space box ((56,48,-32,0) (63,63,-1,31) (0,0,0,0)) is assigned to process 31, has 131072 valid cells and 483328 ghost cells
   Phase space box ((56,48,0,0) (63,63,31,31) (0,0,0,0)) is assigned to process 31, has 131072 valid cells and 483328 ghost cells
Adding species and constructing gyrocenter coordinates...
   hydrogen: kinetic species with mass = 2, charge = 1
Done adding species and constructing coordinates

Grid Function Library =========================

"Ion_vpar_grid_func":
Constant grid function parameters:
  value: 0

"N0_0_grid_func":
Arbitrary grid function parameters:
  function: (  1.0-0.05*tanh((x-pi)/(2*pi*5.0*0.02)) )

"N0_grid_func":
Arbitrary grid function parameters:
  function: (  1.0-0.05*tanh((x-pi)/(2*pi*5.0*0.02)) )*(1+0.00001*cos(2*y))

"T0_0_grid_func":
Cosine grid function parameters:
  constant: 1
  amplitude: 0
  mode: (1,0)
  phase: (0,0)

"T0_grid_func":
Cosine grid function parameters:
  constant: 1
  amplitude: 0
  mode: (1,0)
  phase: (0,0)

"zero_grid_func":
Constant grid function parameters:
  value: 0

===============================================

Kinetic Function Library =========================

"maxwellian_0_phase_func":
Maxwellian kinetic function parameters:
-- Density --
Arbitrary grid function parameters:
  function: (  1.0-0.05*tanh((x-pi)/(2*pi*5.0*0.02)) )

-- Temperature --
Cosine grid function parameters:
  constant: 1
  amplitude: 0
  mode: (1,0)
  phase: (0,0)

-- Vparallel --
Constant grid function parameters:
  value: 0


"maxwellian_phase_func":
Maxwellian kinetic function parameters:
-- Density --
Arbitrary grid function parameters:
  function: (  1.0-0.05*tanh((x-pi)/(2*pi*5.0*0.02)) )*(1+0.00001*cos(2*y))

-- Temperature --
Cosine grid function parameters:
  constant: 1
  amplitude: 0
  mode: (1,0)
  phase: (0,0)

-- Vparallel --
Constant grid function parameters:
  value: 0


==================================================

SlabPotentialBC ================================
- variable: potential-------------
  radial_lower: 
     bc_type  = 1
     bc_value = 0
  radial_upper: 
     bc_type  = 1
     bc_value = 0
  poloidal_lower: 
     bc_type  = 1
     bc_value = 0
  poloidal_upper: 
     bc_type  = 1
     bc_value = 0
-----------------------------------------------
===============================================

SlabPhaseBC ================================
- variable: hydrogen-------------
  radial_lower: 
Maxwellian kinetic function parameters:
-- Density --
Arbitrary grid function parameters:
  function: (  1.0-0.05*tanh((x-pi)/(2*pi*5.0*0.02)) )*(1+0.00001*cos(2*y))

-- Temperature --
Cosine grid function parameters:
  constant: 1
  amplitude: 0
  mode: (1,0)
  phase: (0,0)

-- Vparallel --
Constant grid function parameters:
  value: 0


  radial_upper: 
Maxwellian kinetic function parameters:
-- Density --
Arbitrary grid function parameters:
  function: (  1.0-0.05*tanh((x-pi)/(2*pi*5.0*0.02)) )*(1+0.00001*cos(2*y))

-- Temperature --
Cosine grid function parameters:
  constant: 1
  amplitude: 0
  mode: (1,0)
  phase: (0,0)

-- Vparallel --
Constant grid function parameters:
  value: 0


  poloidal_lower: 
Maxwellian kinetic function parameters:
-- Density --
Arbitrary grid function parameters:
  function: (  1.0-0.05*tanh((x-pi)/(2*pi*5.0*0.02)) )*(1+0.00001*cos(2*y))

-- Temperature --
Cosine grid function parameters:
  constant: 1
  amplitude: 0
  mode: (1,0)
  phase: (0,0)

-- Vparallel --
Constant grid function parameters:
  value: 0


  poloidal_upper: 
Maxwellian kinetic function parameters:
-- Density --
Arbitrary grid function parameters:
  function: (  1.0-0.05*tanh((x-pi)/(2*pi*5.0*0.02)) )*(1+0.00001*cos(2*y))

-- Temperature --
Cosine grid function parameters:
  constant: 1
  amplitude: 0
  mode: (1,0)
  phase: (0,0)

-- Vparallel --
Constant grid function parameters:
  value: 0


  vpar_lower: 
Maxwellian kinetic function parameters:
-- Density --
Arbitrary grid function parameters:
  function: (  1.0-0.05*tanh((x-pi)/(2*pi*5.0*0.02)) )*(1+0.00001*cos(2*y))

-- Temperature --
Cosine grid function parameters:
  constant: 1
  amplitude: 0
  mode: (1,0)
  phase: (0,0)

-- Vparallel --
Constant grid function parameters:
  value: 0


  vpar_upper: 
Maxwellian kinetic function parameters:
-- Density --
Arbitrary grid function parameters:
  function: (  1.0-0.05*tanh((x-pi)/(2*pi*5.0*0.02)) )*(1+0.00001*cos(2*y))

-- Temperature --
Cosine grid function parameters:
  constant: 1
  amplitude: 0
  mode: (1,0)
  phase: (0,0)

-- Vparallel --
Constant grid function parameters:
  value: 0


  mu_lower: 
Maxwellian kinetic function parameters:
-- Density --
Arbitrary grid function parameters:
  function: (  1.0-0.05*tanh((x-pi)/(2*pi*5.0*0.02)) )*(1+0.00001*cos(2*y))

-- Temperature --
Cosine grid function parameters:
  constant: 1
  amplitude: 0
  mode: (1,0)
  phase: (0,0)

-- Vparallel --
Constant grid function parameters:
  value: 0


  mu_upper: 
Maxwellian kinetic function parameters:
-- Density --
Arbitrary grid function parameters:
  function: (  1.0-0.05*tanh((x-pi)/(2*pi*5.0*0.02)) )*(1+0.00001*cos(2*y))

-- Temperature --
Cosine grid function parameters:
  constant: 1
  amplitude: 0
  mode: (1,0)
  phase: (0,0)

-- Vparallel --
Constant grid function parameters:
  value: 0


-----------------------------------------------
===============================================
No collision model specified for hydrogen.
Collision model for 0	hydrogen:	None
Time integration method: rk (4)
      AMG solver residual = 0.00832106 after 1 iterations
      AMG solver residual = 0.000211292 after 2 iterations
      AMG solver residual = 0.00250039 after 1 iterations
      AMG solver residual = 0.00171681 after 1 iterations
  Distribution Function Extrema:
    Species 0:	1.74079e-05 [max]	6.64008e-14 [min]


Step 1
      AMG solver residual = 0.00142366 after 1 iterations
  --
  Subiteration:1 of 1
      AMG solver residual = 0.00128253 after 1 iterations
      AMG solver residual = 0.00938936 after 1 iterations
      AMG solver residual = 0.000329412 after 2 iterations
      AMG solver residual = 0.00273463 after 1 iterations
      AMG solver residual = 0.00960614 after 1 iterations
      AMG solver residual = 0.000198314 after 2 iterations
      AMG solver residual = 0.00937693 after 1 iterations
      AMG solver residual = 0.000328229 after 2 iterations
      AMG solver residual = 0.00272756 after 1 iterations
  ----
  dt: 0.05
    Vlasov    : 535.631 (time scale), 9.33478e-05 (CFL)
  ----
  Distribution Function Extrema:
    Species 0:	1.74079e-05 [max]	6.64008e-14 [min]

Step 1 completed, simulation time is 0.05
----

Step 2
      AMG solver residual = 0.000197538 after 2 iterations
  --
  Subiteration:1 of 1
      AMG solver residual = 0.00162534 after 1 iterations
      AMG solver residual = 0.00936719 after 1 iterations
      AMG solver residual = 0.000326982 after 2 iterations
      AMG solver residual = 0.00271944 after 1 iterations
      AMG solver residual = 0.00963078 after 1 iterations
      AMG solver residual = 0.000206905 after 2 iterations
      AMG solver residual = 0.00935336 after 1 iterations
      AMG solver residual = 0.000325319 after 2 iterations
      AMG solver residual = 0.00270986 after 1 iterations
  ----
  dt: 0.05
    Vlasov    : 495.587 (time scale), 0.00010089 (CFL)
  ----
  Distribution Function Extrema:
    Species 0:	1.74079e-05 [max]	6.64008e-14 [min]

Step 2 completed, simulation time is 0.1
----

Step 3
      AMG solver residual = 0.000196475 after 2 iterations
  --
  Subiteration:1 of 1
      AMG solver residual = 0.00162008 after 1 iterations
      AMG solver residual = 0.00934232 after 1 iterations
      AMG solver residual = 0.000323589 after 2 iterations
      AMG solver residual = 0.00269921 after 1 iterations
      AMG solver residual = 0.0096643 after 1 iterations
      AMG solver residual = 0.000218525 after 2 iterations
      AMG solver residual = 0.00932729 after 1 iterations
      AMG solver residual = 0.000321456 after 2 iterations
      AMG solver residual = 0.00268711 after 1 iterations
  ----
  dt: 0.05
    Vlasov    : 460.382 (time scale), 0.000108606 (CFL)
  ----
  Distribution Function Extrema:
    Species 0:	1.74079e-05 [max]	6.64008e-14 [min]

Step 3 completed, simulation time is 0.15
----

Step 4
      AMG solver residual = 0.000194911 after 2 iterations
  --
  Subiteration:1 of 1
      AMG solver residual = 0.00161109 after 1 iterations
      AMG solver residual = 0.00931516 after 1 iterations
      AMG solver residual = 0.000319262 after 2 iterations
      AMG solver residual = 0.00267406 after 1 iterations
      AMG solver residual = 0.00970626 after 1 iterations
      AMG solver residual = 0.000232318 after 2 iterations
      AMG solver residual = 0.00929917 after 1 iterations
      AMG solver residual = 0.000316686 after 2 iterations
      AMG solver residual = 0.00265962 after 1 iterations
  ----
  dt: 0.05
    Vlasov    : 430.431 (time scale), 0.000116163 (CFL)
  ----
  Distribution Function Extrema:
    Species 0:	1.74079e-05 [max]	6.64007e-14 [min]

Step 4 completed, simulation time is 0.2
----

Step 5
      AMG solver residual = 0.000192909 after 2 iterations
  --
  Subiteration:1 of 1
      AMG solver residual = 0.00160009 after 1 iterations
      AMG solver residual = 0.0092862 after 1 iterations
      AMG solver residual = 0.000314057 after 2 iterations
      AMG solver residual = 0.00264436 after 1 iterations
      AMG solver residual = 0.00975598 after 1 iterations
      AMG solver residual = 0.000247474 after 2 iterations
      AMG solver residual = 0.00926955 after 1 iterations
      AMG solver residual = 0.000311076 after 2 iterations
      AMG solver residual = 0.00262782 after 1 iterations
  ----
  dt: 0.05
    Vlasov    : 403.949 (time scale), 0.000123778 (CFL)
  ----
  Distribution Function Extrema:
    Species 0:	1.74079e-05 [max]	6.64005e-14 [min]

Step 5 completed, simulation time is 0.25
----

Step 6
      AMG solver residual = 0.000190409 after 2 iterations
  --
  Subiteration:1 of 1
      AMG solver residual = 0.00158518 after 1 iterations
      AMG solver residual = 0.00925603 after 1 iterations
      AMG solver residual = 0.000308054 after 2 iterations
      AMG solver residual = 0.00261059 after 1 iterations
      AMG solver residual = 0.00981224 after 1 iterations
      AMG solver residual = 0.000263357 after 2 iterations
      AMG solver residual = 0.00923903 after 1 iterations
      AMG solver residual = 0.000304723 after 2 iterations
      AMG solver residual = 0.00259219 after 1 iterations
  ----
  dt: 0.05
    Vlasov    : 380.651 (time scale), 0.000131354 (CFL)
  ----
  Distribution Function Extrema:
    Species 0:	1.74079e-05 [max]	6.64004e-14 [min]

Step 6 completed, simulation time is 0.3
----

Step 7
      AMG solver residual = 0.000187465 after 2 iterations
  --
  Subiteration:1 of 1
      AMG solver residual = 0.00156809 after 1 iterations
      AMG solver residual = 0.00922532 after 1 iterations
      AMG solver residual = 0.000301363 after 2 iterations
      AMG solver residual = 0.00257327 after 1 iterations
      AMG solver residual = 0.00987466 after 1 iterations
      AMG solver residual = 0.000279333 after 2 iterations
      AMG solver residual = 0.00920834 after 1 iterations
      AMG solver residual = 0.000297748 after 2 iterations
      AMG solver residual = 0.00255336 after 1 iterations
  ----
  dt: 0.05
    Vlasov    : 360.138 (time scale), 0.000138836 (CFL)
  ----
  Distribution Function Extrema:
    Species 0:	1.74079e-05 [max]	6.64002e-14 [min]

Step 7 completed, simulation time is 0.35
----

Step 8
      AMG solver residual = 0.000184295 after 2 iterations
  --
  Subiteration:1 of 1
      AMG solver residual = 0.00154918 after 1 iterations
      AMG solver residual = 0.00919479 after 1 iterations
      AMG solver residual = 0.000294123 after 2 iterations
      AMG solver residual = 0.00253308 after 1 iterations
      AMG solver residual = 0.00994198 after 1 iterations
      AMG solver residual = 0.000295005 after 2 iterations
      AMG solver residual = 0.00917823 after 1 iterations
      AMG solver residual = 0.000290313 after 2 iterations
      AMG solver residual = 0.00251201 after 1 iterations
  ----
  dt: 0.05
    Vlasov    : 341.448 (time scale), 0.000146435 (CFL)
  ----
  Distribution Function Extrema:
    Species 0:	1.74079e-05 [max]	6.64001e-14 [min]

Step 8 completed, simulation time is 0.4
----

Step 9
      AMG solver residual = 0.00018065 after 2 iterations
  --
  Subiteration:1 of 1
      AMG solver residual = 0.00153032 after 1 iterations
      AMG solver residual = 0.00916524 after 1 iterations
      AMG solver residual = 0.000286516 after 2 iterations
      AMG solver residual = 0.00249076 after 1 iterations
      AMG solver residual = 0.000148008 after 2 iterations
      AMG solver residual = 0.00682971 after 1 iterations
      AMG solver residual = 0.00914952 after 1 iterations
      AMG solver residual = 0.000282629 after 2 iterations
      AMG solver residual = 0.00246924 after 1 iterations
  ----
  dt: 0.05
    Vlasov    : 325.042 (time scale), 0.000153826 (CFL)
  ----
  Distribution Function Extrema:
    Species 0:	1.74079e-05 [max]	6.63999e-14 [min]

Step 9 completed, simulation time is 0.45
----

Step 10
      AMG solver residual = 0.000176708 after 2 iterations
  --
  Subiteration:1 of 1
      AMG solver residual = 0.00150654 after 1 iterations
      AMG solver residual = 0.0091375 after 1 iterations
      AMG solver residual = 0.000278762 after 2 iterations
      AMG solver residual = 0.00244716 after 1 iterations
      AMG solver residual = 0.000151976 after 2 iterations
      AMG solver residual = 0.00703007 after 1 iterations
      AMG solver residual = 0.00912305 after 1 iterations
      AMG solver residual = 0.000274919 after 2 iterations
      AMG solver residual = 0.00242539 after 1 iterations
  ----
  dt: 0.05
    Vlasov    : 309.836 (time scale), 0.000161376 (CFL)
  ----
  Distribution Function Extrema:
    Species 0:	1.74079e-05 [max]	6.63997e-14 [min]

Step 10 completed, simulation time is 0.5
----
Writing checkpoint file
Writing history file

Step 11
      AMG solver residual = 0.000172717 after 2 iterations
  --
  Subiteration:1 of 1
      AMG solver residual = 0.00148589 after 1 iterations
      AMG solver residual = 0.00911244 after 1 iterations
      AMG solver residual = 0.000271129 after 2 iterations
      AMG solver residual = 0.00240322 after 1 iterations
      AMG solver residual = 0.000155876 after 2 iterations
      AMG solver residual = 0.00696829 after 1 iterations
      AMG solver residual = 0.00909968 after 1 iterations
      AMG solver residual = 0.000267485 after 2 iterations
      AMG solver residual = 0.00238166 after 1 iterations
  ----
  dt: 0.05
    Vlasov    : 296.209 (time scale), 0.0001688 (CFL)
  ----
  Distribution Function Extrema:
    Species 0:	1.74079e-05 [max]	6.63996e-14 [min]

Step 11 completed, simulation time is 0.55
----

Step 12
      AMG solver residual = 0.000168533 after 2 iterations
  --
  Subiteration:1 of 1
      AMG solver residual = 0.00147288 after 1 iterations
      AMG solver residual = 0.00909092 after 1 iterations
      AMG solver residual = 0.000263931 after 2 iterations
      AMG solver residual = 0.00235991 after 1 iterations
      AMG solver residual = 0.000159647 after 2 iterations
      AMG solver residual = 0.00632053 after 1 iterations
      AMG solver residual = 0.0090803 after 1 iterations
      AMG solver residual = 0.000260663 after 2 iterations
      AMG solver residual = 0.00233914 after 1 iterations
  ----
  dt: 0.05
    Vlasov    : 283.752 (time scale), 0.00017621 (CFL)
  ----
  Distribution Function Extrema:
    Species 0:	1.74079e-05 [max]	6.63994e-14 [min]

Step 12 completed, simulation time is 0.6
----

Step 13
      AMG solver residual = 0.000164132 after 2 iterations
  --
  Subiteration:1 of 1
      AMG solver residual = 0.00147161 after 1 iterations
      AMG solver residual = 0.0090738 after 1 iterations
      AMG solver residual = 0.000257526 after 2 iterations
      AMG solver residual = 0.00231838 after 1 iterations
      AMG solver residual = 0.000163235 after 2 iterations
      AMG solver residual = 0.00499686 after 1 iterations
      AMG solver residual = 0.00906572 after 1 iterations
      AMG solver residual = 0.00025483 after 2 iterations
      AMG solver residual = 0.00229892 after 1 iterations
  ----
  dt: 0.05
    Vlasov    : 272.187 (time scale), 0.000183697 (CFL)
  ----
  Distribution Function Extrema:
    Species 0:	1.74079e-05 [max]	6.63992e-14 [min]

Step 13 completed, simulation time is 0.65
----

Step 14
      AMG solver residual = 0.000159497 after 2 iterations
  --
  Subiteration:1 of 1
      AMG solver residual = 0.00151953 after 1 iterations
      AMG solver residual = 0.00906189 after 1 iterations
      AMG solver residual = 0.000252298 after 2 iterations
      AMG solver residual = 0.00227967 after 1 iterations
      AMG solver residual = 0.000166578 after 2 iterations
      AMG solver residual = 0.00377093 after 1 iterations
      AMG solver residual = 0.00905671 after 1 iterations
      AMG solver residual = 0.000250366 after 2 iterations
      AMG solver residual = 0.00226211 after 1 iterations
  ----
  dt: 0.05
    Vlasov    : 261.628 (time scale), 0.000191111 (CFL)
  ----
  Distribution Function Extrema:
    Species 0:	1.74079e-05 [max]	6.63991e-14 [min]

Step 14 completed, simulation time is 0.7
----

Step 15
      AMG solver residual = 0.00015401 after 2 iterations
  --
  Subiteration:1 of 1
      AMG solver residual = 0.001715 after 1 iterations
      AMG solver residual = 0.00905591 after 1 iterations
      AMG solver residual = 0.000248617 after 2 iterations
      AMG solver residual = 0.00224502 after 1 iterations
      AMG solver residual = 0.000169573 after 2 iterations
      AMG solver residual = 0.00312365 after 1 iterations
      AMG solver residual = 0.00905391 after 1 iterations
      AMG solver residual = 0.000247568 after 2 iterations
      AMG solver residual = 0.00223018 after 1 iterations
  ----
  dt: 0.05
    Vlasov    : 251.879 (time scale), 0.000198508 (CFL)
  ----
  Distribution Function Extrema:
    Species 0:	1.74079e-05 [max]	6.63989e-14 [min]

Step 15 completed, simulation time is 0.75
----

Step 16
      AMG solver residual = 0.000144672 after 2 iterations
  --
  Subiteration:1 of 1
      AMG solver residual = 0.00209606 after 1 iterations
      AMG solver residual = 0.00905641 after 1 iterations
      AMG solver residual = 0.000246685 after 2 iterations
      AMG solver residual = 0.002216 after 1 iterations
      AMG solver residual = 0.000171905 after 2 iterations
      AMG solver residual = 0.00288572 after 1 iterations
      AMG solver residual = 0.00905761 after 1 iterations
      AMG solver residual = 0.000246283 after 2 iterations
      AMG solver residual = 0.00220528 after 1 iterations
  ----
  dt: 0.05
    Vlasov    : 242.799 (time scale), 0.000205932 (CFL)
  ----
  Distribution Function Extrema:
    Species 0:	1.74079e-05 [max]	6.63987e-14 [min]

Step 16 completed, simulation time is 0.8
----

Step 17
      AMG solver residual = 0.00909727 after 1 iterations
  --
  Subiteration:1 of 1
      AMG solver residual = 0.00337066 after 1 iterations
      AMG solver residual = 0.00906346 after 1 iterations
      AMG solver residual = 0.000245981 after 2 iterations
      AMG solver residual = 0.00219546 after 1 iterations
      AMG solver residual = 0.000172445 after 2 iterations
      AMG solver residual = 0.00281643 after 1 iterations
      AMG solver residual = 0.00906716 after 1 iterations
      AMG solver residual = 0.000244601 after 2 iterations
      AMG solver residual = 0.0021931 after 1 iterations
  ----
  dt: 0.05
    Vlasov    : 234.465 (time scale), 0.000213251 (CFL)
  ----
  Distribution Function Extrema:
    Species 0:	1.74079e-05 [max]	6.63986e-14 [min]

Step 17 completed, simulation time is 0.85
----

Step 18
      AMG solver residual = 0.00702914 after 1 iterations
  --
  Subiteration:1 of 1
      AMG solver residual = 0.00313665 after 1 iterations
      AMG solver residual = 0.00907575 after 1 iterations
      AMG solver residual = 0.000243294 after 2 iterations
      AMG solver residual = 0.00219158 after 1 iterations
      AMG solver residual = 0.000167332 after 2 iterations
      AMG solver residual = 0.00280445 after 1 iterations
      AMG solver residual = 0.00907875 after 1 iterations
      AMG solver residual = 0.000234993 after 2 iterations
      AMG solver residual = 0.00221021 after 1 iterations
  ----
  dt: 0.05
    Vlasov    : 226.54 (time scale), 0.000220712 (CFL)
  ----
  Distribution Function Extrema:
    Species 0:	1.74079e-05 [max]	6.63984e-14 [min]

Step 18 completed, simulation time is 0.9
----

Step 19
      AMG solver residual = 0.00496116 after 1 iterations
  --
  Subiteration:1 of 1
      AMG solver residual = 0.00302455 after 1 iterations
      AMG solver residual = 0.00908709 after 1 iterations
      AMG solver residual = 0.00022797 after 2 iterations
      AMG solver residual = 0.00222673 after 1 iterations
      AMG solver residual = 0.00898262 after 1 iterations
      AMG solver residual = 0.00418578 after 1 iterations
      AMG solver residual = 0.00907702 after 1 iterations
      AMG solver residual = 0.00957181 after 1 iterations
      AMG solver residual = 0.00357702 after 1 iterations
  ----
  dt: 0.05
    Vlasov    : 218.807 (time scale), 0.000228512 (CFL)
  ----
  Distribution Function Extrema:
    Species 0:	1.74079e-05 [max]	6.63982e-14 [min]

Step 19 completed, simulation time is 0.95
----

Step 20
      AMG solver residual = 0.0038142 after 1 iterations
  --
  Subiteration:1 of 1
      AMG solver residual = 0.00299461 after 1 iterations
      AMG solver residual = 0.00907356 after 1 iterations
      AMG solver residual = 0.00874269 after 1 iterations
      AMG solver residual = 0.00356045 after 1 iterations
      AMG solver residual = 0.00686893 after 1 iterations
      AMG solver residual = 0.00340627 after 1 iterations
      AMG solver residual = 0.00900521 after 1 iterations
      AMG solver residual = 0.00691609 after 1 iterations
      AMG solver residual = 0.0034136 after 1 iterations
  ----
  dt: 0.05
    Vlasov    : 211.29 (time scale), 0.000236641 (CFL)
  ----
  Distribution Function Extrema:
    Species 0:	1.74079e-05 [max]	6.63981e-14 [min]

Step 20 completed, simulation time is 1
----
Writing checkpoint file
Writing history file

Step 21
      AMG solver residual = 0.00338952 after 1 iterations
      AMG solver residual = 0.00299769 after 1 iterations
  --
  Subiteration:1 of 1
      AMG solver residual = 0.00273697 after 1 iterations
      AMG solver residual = 0.0089489 after 1 iterations
      AMG solver residual = 0.00609183 after 1 iterations
      AMG solver residual = 0.00331428 after 1 iterations
      AMG solver residual = 0.00486015 after 1 iterations
      AMG solver residual = 0.00312946 after 1 iterations
      AMG solver residual = 0.00279302 after 1 iterations
      AMG solver residual = 0.00867687 after 1 iterations
      AMG solver residual = 0.00475975 after 1 iterations
      AMG solver residual = 0.003105 after 1 iterations
  ----
  dt: 0.05
    Vlasov    : 203.856 (time scale), 0.000245272 (CFL)
  ----
  Distribution Function Extrema:
    Species 0:	1.74079e-05 [max]	6.63979e-14 [min]

Step 21 completed, simulation time is 1.05
----

Step 22
      AMG solver residual = 0.0032539 after 1 iterations
      AMG solver residual = 0.00300305 after 1 iterations
  --
  Subiteration:1 of 1
      AMG solver residual = 0.00276341 after 1 iterations
      AMG solver residual = 0.00845203 after 1 iterations
      AMG solver residual = 0.00429658 after 1 iterations
      AMG solver residual = 0.00302562 after 1 iterations
      AMG solver residual = 0.00378468 after 1 iterations
      AMG solver residual = 0.00304753 after 1 iterations
      AMG solver residual = 0.00278673 after 1 iterations
      AMG solver residual = 0.00768135 after 1 iterations
      AMG solver residual = 0.00367053 after 1 iterations
      AMG solver residual = 0.00291444 after 1 iterations
  ----
  dt: 0.05
    Vlasov    : 195.454 (time scale), 0.000255815 (CFL)
  ----
  Distribution Function Extrema:
    Species 0:	1.74079e-05 [max]	6.63977e-14 [min]

Step 22 completed, simulation time is 1.1
----

Step 23
      AMG solver residual = 0.00322012 after 1 iterations
      AMG solver residual = 0.00301747 after 1 iterations
  --
  Subiteration:1 of 1
      AMG solver residual = 0.00279079 after 1 iterations
      AMG solver residual = 0.00715776 after 1 iterations
      AMG solver residual = 0.00348242 after 1 iterations
      AMG solver residual = 0.00288107 after 1 iterations
      AMG solver residual = 0.0033856 after 1 iterations
      AMG solver residual = 0.00303068 after 1 iterations
      AMG solver residual = 0.00279928 after 1 iterations
      AMG solver residual = 0.00591627 after 1 iterations
      AMG solver residual = 0.00324859 after 1 iterations
      AMG solver residual = 0.00284437 after 1 iterations
      AMG solver residual = 0.0025684 after 1 iterations
  ----
  dt: 0.05
    Vlasov    : 185.914 (time scale), 0.000268942 (CFL)
  ----
  Distribution Function Extrema:
    Species 0:	1.74079e-05 [max]	6.63975e-14 [min]

Step 23 completed, simulation time is 1.15
----

Step 24
      AMG solver residual = 0.00320642 after 1 iterations
      AMG solver residual = 0.00302552 after 1 iterations
  --
  Subiteration:1 of 1
      AMG solver residual = 0.00280982 after 1 iterations
      AMG solver residual = 0.00532055 after 1 iterations
      AMG solver residual = 0.00318249 after 1 iterations
      AMG solver residual = 0.00283416 after 1 iterations
      AMG solver residual = 0.00257595 after 1 iterations
      AMG solver residual = 0.00326124 after 1 iterations
      AMG solver residual = 0.00303422 after 1 iterations
      AMG solver residual = 0.0028183 after 1 iterations
      AMG solver residual = 0.00434186 after 1 iterations
      AMG solver residual = 0.00310598 after 1 iterations
      AMG solver residual = 0.00282922 after 1 iterations
      AMG solver residual = 0.00259442 after 1 iterations
  ----
  dt: 0.05
    Vlasov    : 173.859 (time scale), 0.00028759 (CFL)
  ----
  Distribution Function Extrema:
    Species 0:	1.74079e-05 [max]	6.63974e-14 [min]

Step 24 completed, simulation time is 1.2
----

Step 25
      AMG solver residual = 0.00320595 after 1 iterations
      AMG solver residual = 0.00303921 after 1 iterations
      AMG solver residual = 0.00283316 after 1 iterations
  --
  Subiteration:1 of 1
      AMG solver residual = 0.00262384 after 1 iterations
      AMG solver residual = 0.00400342 after 1 iterations
      AMG solver residual = 0.00308517 after 1 iterations
      AMG solver residual = 0.0028281 after 1 iterations
      AMG solver residual = 0.00259986 after 1 iterations
      AMG solver residual = 0.00322391 after 1 iterations
      AMG solver residual = 0.00304339 after 1 iterations
      AMG solver residual = 0.00283876 after 1 iterations
      AMG solver residual = 0.00263139 after 1 iterations
      AMG solver residual = 0.0035685 after 1 iterations
      AMG solver residual = 0.00306483 after 1 iterations
      AMG solver residual = 0.00283541 after 1 iterations
      AMG solver residual = 0.00261803 after 1 iterations
  ----
  dt: 0.05
    Vlasov    : 157.377 (time scale), 0.000317708 (CFL)
  ----
  Distribution Function Extrema:
    Species 0:	1.74079e-05 [max]	6.63972e-14 [min]

Step 25 completed, simulation time is 1.25
----

Step 26
      AMG solver residual = 0.00320602 after 1 iterations
      AMG solver residual = 0.00305093 after 1 iterations
      AMG solver residual = 0.00285425 after 1 iterations
  --
  Subiteration:1 of 1
      AMG solver residual = 0.00265241 after 1 iterations
      AMG solver residual = 0.00344655 after 1 iterations
      AMG solver residual = 0.00305947 after 1 iterations
      AMG solver residual = 0.00283785 after 1 iterations
      AMG solver residual = 0.00262371 after 1 iterations
      AMG solver residual = 0.00321286 after 1 iterations
      AMG solver residual = 0.00305423 after 1 iterations
      AMG solver residual = 0.00285946 after 1 iterations
      AMG solver residual = 0.00265951 after 1 iterations
      AMG solver residual = 0.00330776 after 1 iterations
      AMG solver residual = 0.00305787 after 1 iterations
      AMG solver residual = 0.00284988 after 1 iterations
      AMG solver residual = 0.00264292 after 1 iterations
  ----
  dt: 0.05
    Vlasov    : 134.737 (time scale), 0.000371092 (CFL)
  ----
  Distribution Function Extrema:
    Species 0:	1.74079e-05 [max]	6.6397e-14 [min]

Step 26 completed, simulation time is 1.3
----

Step 27
      AMG solver residual = 0.00320728 after 1 iterations
      AMG solver residual = 0.00306277 after 1 iterations
      AMG solver residual = 0.00287513 after 1 iterations
  --
  Subiteration:1 of 1
      AMG solver residual = 0.0026806 after 1 iterations
      AMG solver residual = 0.00327251 after 1 iterations
      AMG solver residual = 0.00305765 after 1 iterations
      AMG solver residual = 0.00285376 after 1 iterations
      AMG solver residual = 0.00264906 after 1 iterations
      AMG solver residual = 0.00320982 after 1 iterations
      AMG solver residual = 0.00306532 after 1 iterations
      AMG solver residual = 0.00287981 after 1 iterations
      AMG solver residual = 0.00268724 after 1 iterations
      AMG solver residual = 0.00323421 after 1 iterations
      AMG solver residual = 0.00306226 after 1 iterations
      AMG solver residual = 0.00286753 after 1 iterations
      AMG solver residual = 0.00266891 after 1 iterations
      AMG solver residual = 0.00247935 after 1 iterations
  ----
  dt: 0.05
    Vlasov    : 105.912 (time scale), 0.000472091 (CFL)
  ----
  Distribution Function Extrema:
    Species 0:	1.74079e-05 [max]	6.63969e-14 [min]

Step 27 completed, simulation time is 1.35
----

Step 28
      AMG solver residual = 0.00320803 after 1 iterations
      AMG solver residual = 0.00307348 after 1 iterations
      AMG solver residual = 0.00289471 after 1 iterations
  --
  Subiteration:1 of 1
      AMG solver residual = 0.00270761 after 1 iterations
      AMG solver residual = 0.0032249 after 1 iterations
      AMG solver residual = 0.00306379 after 1 iterations
      AMG solver residual = 0.00287196 after 1 iterations
      AMG solver residual = 0.00267529 after 1 iterations
      AMG solver residual = 0.00248704 after 1 iterations
      AMG solver residual = 0.00320939 after 1 iterations
      AMG solver residual = 0.00307618 after 1 iterations
      AMG solver residual = 0.00289955 after 1 iterations
      AMG solver residual = 0.00271427 after 1 iterations
      AMG solver residual = 0.00321512 after 1 iterations
      AMG solver residual = 0.00307048 after 1 iterations
      AMG solver residual = 0.00288623 after 1 iterations
      AMG solver residual = 0.00269527 after 1 iterations
      AMG solver residual = 0.00251089 after 1 iterations
  ----
  dt: 0.05
    Vlasov    : 69.3749 (time scale), 0.000720722 (CFL)
  ----
  Distribution Function Extrema:
    Species 0:	1.74079e-05 [max]	6.63967e-14 [min]

Step 28 completed, simulation time is 1.4
----

Step 29
      AMG solver residual = 0.00320916 after 1 iterations
      AMG solver residual = 0.00308412 after 1 iterations
      AMG solver residual = 0.00291393 after 1 iterations
      AMG solver residual = 0.00273405 after 1 iterations
  --
  Subiteration:1 of 1
      AMG solver residual = 0.00255737 after 1 iterations
      AMG solver residual = 0.00321284 after 1 iterations
      AMG solver residual = 0.00307263 after 1 iterations
      AMG solver residual = 0.00289081 after 1 iterations
      AMG solver residual = 0.00270171 after 1 iterations
      AMG solver residual = 0.00251861 after 1 iterations
      AMG solver residual = 0.00320984 after 1 iterations
      AMG solver residual = 0.00308665 after 1 iterations
      AMG solver residual = 0.0029186 after 1 iterations
      AMG solver residual = 0.00274057 after 1 iterations
      AMG solver residual = 0.00256532 after 1 iterations
      AMG solver residual = 0.00321074 after 1 iterations
      AMG solver residual = 0.00307995 after 1 iterations
      AMG solver residual = 0.00290504 after 1 iterations
      AMG solver residual = 0.00272149 after 1 iterations
      AMG solver residual = 0.00254233 after 1 iterations
  ----
  dt: 0.05
    Vlasov    : 40.396 (time scale), 0.00123775 (CFL)
  ----
  Distribution Function Extrema:
    Species 0:	1.74079e-05 [max]	6.63965e-14 [min]

Step 29 completed, simulation time is 1.45
----

Step 30
      AMG solver residual = 0.00321014 after 1 iterations
      AMG solver residual = 0.0030942 after 1 iterations
      AMG solver residual = 0.00293235 after 1 iterations
      AMG solver residual = 0.00275964 after 1 iterations
  --
  Subiteration:1 of 1
      AMG solver residual = 0.00258848 after 1 iterations
      AMG solver residual = 0.00321069 after 1 iterations
      AMG solver residual = 0.00308275 after 1 iterations
      AMG solver residual = 0.00291009 after 1 iterations
      AMG solver residual = 0.00272835 after 1 iterations
      AMG solver residual = 0.00255048 after 1 iterations
      AMG solver residual = 0.00321114 after 1 iterations
      AMG solver residual = 0.00309738 after 1 iterations
      AMG solver residual = 0.00293769 after 1 iterations
      AMG solver residual = 0.00276682 after 1 iterations
      AMG solver residual = 0.00259706 after 1 iterations
      AMG solver residual = 0.00321285 after 1 iterations
      AMG solver residual = 0.00763889 after 1 iterations
      AMG solver residual = 0.00294864 after 1 iterations
      AMG solver residual = 0.00284039 after 1 iterations
      AMG solver residual = 0.00268261 after 1 iterations
      AMG solver residual = 0.00251049 after 1 iterations
  ----
  dt: 0.05
    Vlasov    : 21.9674 (time scale), 0.0022761 (CFL)
  ----
  Distribution Function Extrema:
    Species 0:	1.74079e-05 [max]	6.63962e-14 [min]

Step 30 completed, simulation time is 1.5
----
Writing checkpoint file
Writing history file

Step 31
      AMG solver residual = 0.00321403 after 1 iterations
      AMG solver residual = 0.00310749 after 1 iterations
      AMG solver residual = 0.00295396 after 1 iterations
      AMG solver residual = 0.00278841 after 1 iterations
  --
  Subiteration:1 of 1
      AMG solver residual = 0.00262286 after 1 iterations
      AMG solver residual = 0.00321775 after 1 iterations
      AMG solver residual = 0.00774174 after 1 iterations
      AMG solver residual = 0.00295787 after 1 iterations
      AMG solver residual = 0.00285688 after 1 iterations
      AMG solver residual = 0.00270646 after 1 iterations
      AMG solver residual = 0.00254455 after 1 iterations
      AMG solver residual = 0.00322434 after 1 iterations
      AMG solver residual = 0.00312863 after 1 iterations
      AMG solver residual = 0.00298697 after 1 iterations
      AMG solver residual = 0.00283898 after 1 iterations
      AMG solver residual = 0.0027058 after 1 iterations
      AMG solver residual = 0.00331455 after 1 iterations
      AMG solver residual = 0.00980455 after 1 iterations
      AMG solver residual = 0.00306878 after 1 iterations
      AMG solver residual = 0.00304504 after 1 iterations
      AMG solver residual = 0.00300864 after 1 iterations
      AMG solver residual = 0.00304216 after 1 iterations
  ----
  dt: 0.05
    Vlasov    : 11.2638 (time scale), 0.004439 (CFL)
  ----
  Distribution Function Extrema:
    Species 0:	1.7408e-05 [max]	6.63959e-14 [min]

Step 31 completed, simulation time is 1.55
----

Step 32
      AMG solver residual = 0.00331801 after 1 iterations
      AMG solver residual = 0.00329157 after 1 iterations
      AMG solver residual = 0.0032607 after 1 iterations
      AMG solver residual = 0.00331348 after 1 iterations
  --
  Subiteration:1 of 1
      AMG solver residual = 0.00355958 after 1 iterations
      AMG solver residual = 0.0033605 after 1 iterations
      AMG solver residual = 0.00991776 after 1 iterations
      AMG solver residual = 0.00311643 after 1 iterations
      AMG solver residual = 0.00310145 after 1 iterations
      AMG solver residual = 0.00306378 after 1 iterations
      AMG solver residual = 0.00308642 after 1 iterations
      AMG solver residual = 0.00331029 after 1 iterations
      AMG solver residual = 0.0084473 after 1 iterations
      AMG solver residual = 0.00307807 after 1 iterations
      AMG solver residual = 0.00303523 after 1 iterations
      AMG solver residual = 0.00296209 after 1 iterations
      AMG solver residual = 0.00292206 after 1 iterations
      AMG solver residual = 0.00330637 after 1 iterations
      AMG solver residual = 0.00814628 after 1 iterations
      AMG solver residual = 0.00306061 after 1 iterations
      AMG solver residual = 0.00299717 after 1 iterations
      AMG solver residual = 0.00287219 after 1 iterations
      AMG solver residual = 0.00273058 after 1 iterations
  ----
  dt: 0.05
    Vlasov    : 5.76758 (time scale), 0.00866915 (CFL)
  ----
  Distribution Function Extrema:
    Species 0:	1.7408e-05 [max]	6.63955e-14 [min]

Step 32 completed, simulation time is 1.6
----

Step 33
      AMG solver residual = 0.00331374 after 1 iterations
      AMG solver residual = 0.003256 after 1 iterations
      AMG solver residual = 0.00314002 after 1 iterations
      AMG solver residual = 0.00301177 after 1 iterations
  --
  Subiteration:1 of 1
      AMG solver residual = 0.00289403 after 1 iterations
      AMG solver residual = 0.00330836 after 1 iterations
      AMG solver residual = 0.00752142 after 1 iterations
      AMG solver residual = 0.00308006 after 1 iterations
      AMG solver residual = 0.00302565 after 1 iterations
      AMG solver residual = 0.00291343 after 1 iterations
      AMG solver residual = 0.00279114 after 1 iterations
      AMG solver residual = 0.00340823 after 1 iterations
      AMG solver residual = 0.0093628 after 1 iterations
      AMG solver residual = 0.00318257 after 1 iterations
      AMG solver residual = 0.0031692 after 1 iterations
      AMG solver residual = 0.00309224 after 1 iterations
      AMG solver residual = 0.00302071 after 1 iterations
      AMG solver residual = 0.00372933 after 1 iterations
      AMG solver residual = 0.00032584 after 2 iterations
      AMG solver residual = 0.00349889 after 1 iterations
      AMG solver residual = 0.00361575 after 1 iterations
      AMG solver residual = 0.00369195 after 1 iterations
      AMG solver residual = 0.00386152 after 1 iterations
  ----
  dt: 0.05
    Vlasov    : 2.9652 (time scale), 0.0168623 (CFL)
  ----
  Distribution Function Extrema:
    Species 0:	1.74083e-05 [max]	6.63827e-14 [min]

Step 33 completed, simulation time is 1.65
----

Step 34
      AMG solver residual = 0.00375936 after 1 iterations
      AMG solver residual = 0.00389526 after 1 iterations
      AMG solver residual = 0.00400086 after 1 iterations
      AMG solver residual = 0.00422509 after 1 iterations
  --
  Subiteration:1 of 1
      AMG solver residual = 0.00473457 after 1 iterations
      AMG solver residual = 0.00401077 after 1 iterations
      AMG solver residual = 0.000364997 after 2 iterations
      AMG solver residual = 0.00375898 after 1 iterations
      AMG solver residual = 0.000374229 after 2 iterations
      AMG solver residual = 0.0035329 after 1 iterations
      AMG solver residual = 0.00373847 after 1 iterations
      AMG solver residual = 0.00390621 after 1 iterations
      AMG solver residual = 0.00424424 after 1 iterations
      AMG solver residual = 0.00038174 after 2 iterations
      AMG solver residual = 0.00401275 after 1 iterations
      AMG solver residual = 0.00433993 after 1 iterations
      AMG solver residual = 0.00466689 after 1 iterations
      AMG solver residual = 0.00519957 after 1 iterations
      AMG solver residual = 0.00438307 after 1 iterations
      AMG solver residual = 0.000360545 after 2 iterations
      AMG solver residual = 0.00416725 after 1 iterations
      AMG solver residual = 0.000373896 after 2 iterations
      AMG solver residual = 0.00397263 after 1 iterations
      AMG solver residual = 0.00431423 after 1 iterations
      AMG solver residual = 0.00462134 after 1 iterations
  ----
  dt: 0.05
    Vlasov    : 1.53013 (time scale), 0.032677 (CFL)
  ----
  Distribution Function Extrema:
    Species 0:	1.74114e-05 [max]	6.63316e-14 [min]

Step 34 completed, simulation time is 1.7
----

Step 35
      AMG solver residual = 0.00439659 after 1 iterations
      AMG solver residual = 0.00474283 after 1 iterations
      AMG solver residual = 0.00508169 after 1 iterations
      AMG solver residual = 0.00563825 after 1 iterations
  --
  Subiteration:1 of 1
      AMG solver residual = 0.00660041 after 1 iterations
      AMG solver residual = 0.00474692 after 1 iterations
      AMG solver residual = 0.000488493 after 2 iterations
      AMG solver residual = 0.00454242 after 1 iterations
      AMG solver residual = 0.000493592 after 2 iterations
      AMG solver residual = 0.00434112 after 1 iterations
      AMG solver residual = 0.00483997 after 1 iterations
      AMG solver residual = 0.00526343 after 1 iterations
      AMG solver residual = 0.00481462 after 1 iterations
      AMG solver residual = 0.00044844 after 2 iterations
      AMG solver residual = 0.00461361 after 1 iterations
      AMG solver residual = 0.00512777 after 1 iterations
      AMG solver residual = 0.00556975 after 1 iterations
      AMG solver residual = 0.00620149 after 1 iterations
      AMG solver residual = 0.00477175 after 1 iterations
      AMG solver residual = 0.000469565 after 2 iterations
      AMG solver residual = 0.004565 after 1 iterations
      AMG solver residual = 0.000483684 after 2 iterations
      AMG solver residual = 0.00436857 after 1 iterations
      AMG solver residual = 0.00484882 after 1 iterations
      AMG solver residual = 0.00525314 after 1 iterations
  ----
  dt: 0.05
    Vlasov    : 0.790129 (time scale), 0.0632808 (CFL)
  ----
  Distribution Function Extrema:
    Species 0:	1.74292e-05 [max]	6.61855e-14 [min]

Step 35 completed, simulation time is 1.75
----

Step 36
      AMG solver residual = 0.00487514 after 1 iterations
      AMG solver residual = 0.000498129 after 2 iterations
      AMG solver residual = 0.00469471 after 1 iterations
      AMG solver residual = 0.00526883 after 1 iterations
      AMG solver residual = 0.0057928 after 1 iterations
  --
  Subiteration:1 of 1
      AMG solver residual = 0.00653754 after 1 iterations
      AMG solver residual = 0.00468157 after 1 iterations
      AMG solver residual = 0.000306148 after 2 iterations
      AMG solver residual = 0.00445634 after 1 iterations
      AMG solver residual = 0.000305331 after 2 iterations
      AMG solver residual = 0.00423652 after 1 iterations
      AMG solver residual = 0.00452445 after 1 iterations
      AMG solver residual = 0.0046391 after 1 iterations
      AMG solver residual = 0.00488483 after 1 iterations
      AMG solver residual = 0.000410092 after 2 iterations
      AMG solver residual = 0.00462687 after 1 iterations
      AMG solver residual = 0.000405724 after 2 iterations
      AMG solver residual = 0.00436013 after 1 iterations
      AMG solver residual = 0.00468041 after 1 iterations
      AMG solver residual = 0.00480262 after 1 iterations
      AMG solver residual = 0.00477266 after 1 iterations
      AMG solver residual = 0.000405851 after 2 iterations
      AMG solver residual = 0.00448364 after 1 iterations
      AMG solver residual = 0.000402315 after 2 iterations
      AMG solver residual = 0.00420911 after 1 iterations
      AMG solver residual = 0.00447951 after 1 iterations
      AMG solver residual = 0.0045581 after 1 iterations
  ----
  dt: 0.05
    Vlasov    : 0.414698 (time scale), 0.12057 (CFL)
  ----
  Distribution Function Extrema:
    Species 0:	1.74741e-05 [max]	6.58727e-14 [min]

Step 36 completed, simulation time is 1.8
----

Step 37
      AMG solver residual = 0.00476734 after 1 iterations
      AMG solver residual = 0.000417227 after 2 iterations
      AMG solver residual = 0.0045114 after 1 iterations
      AMG solver residual = 0.00489903 after 1 iterations
      AMG solver residual = 0.00514314 after 1 iterations
  --
  Subiteration:1 of 1
      AMG solver residual = 0.00549307 after 1 iterations
      AMG solver residual = 0.00448371 after 1 iterations
      AMG solver residual = 0.000279054 after 2 iterations
      AMG solver residual = 0.00419993 after 1 iterations
      AMG solver residual = 0.000266809 after 2 iterations
      AMG solver residual = 0.00394596 after 1 iterations
      AMG solver residual = 0.00411731 after 1 iterations
      AMG solver residual = 0.00413051 after 1 iterations
      AMG solver residual = 0.00440708 after 1 iterations
      AMG solver residual = 0.000289375 after 2 iterations
      AMG solver residual = 0.00410504 after 1 iterations
      AMG solver residual = 0.000295177 after 2 iterations
      AMG solver residual = 0.00379921 after 1 iterations
      AMG solver residual = 0.00390063 after 1 iterations
      AMG solver residual = 0.00380666 after 1 iterations
      AMG solver residual = 0.00423857 after 1 iterations
      AMG solver residual = 0.000262763 after 2 iterations
      AMG solver residual = 0.00401386 after 1 iterations
      AMG solver residual = 0.000266077 after 2 iterations
      AMG solver residual = 0.00381046 after 1 iterations
      AMG solver residual = 0.00402288 after 1 iterations
      AMG solver residual = 0.00407058 after 1 iterations
  ----
  dt: 0.05
    Vlasov    : 0.224995 (time scale), 0.222227 (CFL)
  ----
  Distribution Function Extrema:
    Species 0:	1.75643e-05 [max]	6.50656e-14 [min]

Step 37 completed, simulation time is 1.85
----
slurmstepd: *** STEP 1114138.0 ON nid00048 CANCELLED AT 2016-02-10T11:48:31 DUE TO TIME LIMIT ***
slurmstepd: *** JOB 1114138 ON nid00048 CANCELLED AT 2016-02-10T11:48:31 DUE TO TIME LIMIT ***
srun: Job step aborted: Waiting up to 32 seconds for job step to finish.
srun: got SIGCONT
srun: got SIGCONT
srun: forcing job termination
