ModuleCmd_Switch.c(172):ERROR:152: Module 'PrgEnv-intel' is currently not loaded
** GKUnits ***********************************************************

==== Fundamental Units ===============================================
  NUMBER DENSITY    [1/m^3]: 1e+20
  TEMPERATURE           [eV]: 1000
  LENGTH                [m]: 1
  MASS                 [AMU]: 1
  MAGNETIC FIELD        [T]: 1
  CHARGE                [C]: 1.60218e-19
  BOLTZMANN CONSTANT  [J/K]: 1.38065e-23
  ELECTRIC CONSTANT   [F/m]: 8.85419e-12
  MAGNETIC CONSTANT   [H/m]: 1.25664e-06

==== Derived Units ===================================================

  THERMAL SPEED       [m/s]: 309497
  TRANSIT TIME          [s]: 3.23105e-06
  MAGNETIC MOMENT     [J/T]: 8.01088e-17
  DIST. FUNCTION [s/(Am^6)]: 1073.7
  POTENTIAL             [V]: 1000
  GYROFREQUENCY       [1/s]: 9.57883e+07
  GYRORADIUS            [m]: 0.00323105
  DEBYE LENGTH          [m]: 2.35082e-05

==== Dimensionless Parameters =========================================

  LARMOR NUMBER            : 0.00323105
  DEBYE NUMBER             : 2.35082e-05

***********************************************************************
**** cellSp[0] = 0.19635,  cellSp[1] = 0.19635, cellSp[2] = 0.19635
**** dimensions = 32, 32, 32
**** cellSp[0] = 0.19635,  cellSp[1] = 0.19635, cellSp[2] = 0.19635
**** dimensions = 32, 32, 32
**** cellSp[0] = 0.19635,  cellSp[1] = 0.19635, cellSp[2] = 0.19635
**** dimensions = 32, 32, 32
**** cellSp[0] = 0.19635,  cellSp[1] = 0.19635, cellSp[2] = 0.19635
**** dimensions = 32, 32, 32
**** cellSp[0] = 0.19635,  cellSp[1] = 0.19635, cellSp[2] = 0.19635
**** dimensions = 32, 32, 32
**** cellSp[0] = 0.19635,  cellSp[1] = 0.19635, cellSp[2] = 0.19635
**** dimensions = 32, 32, 32
**** cellSp[0] = 0.19635,  cellSp[1] = 0.19635, cellSp[2] = 0.19635
**** dimensions = 32, 32, 32
**** cellSp[0] = 0.19635,  cellSp[1] = 0.19635, cellSp[2] = 0.19635
**** dimensions = 32, 32, 32
**** cellSp[0] = 0.19635,  cellSp[1] = 0.19635, cellSp[2] = 0.19635
**** dimensions = 32, 32, 32
**** cellSp[0] = 0.19635,  cellSp[1] = 0.19635, cellSp[2] = 0.19635
**** dimensions = 32, 32, 32
**** cellSp[0] = 0.19635,  cellSp[1] = 0.19635, cellSp[2] = 0.19635
**** dimensions = 32, 32, 32
**** cellSp[0] = 0.19635,  cellSp[1] = 0.19635, cellSp[2] = 0.19635
**** dimensions = 32, 32, 32
**** cellSp[0] = 0.19635,  cellSp[1] = 0.19635, cellSp[2] = 0.19635
**** dimensions = 32, 32, 32
**** cellSp[0] = 0.19635,  cellSp[1] = 0.19635, cellSp[2] = 0.19635
**** dimensions = 32, 32, 32
**** cellSp[0] = 0.19635,  cellSp[1] = 0.19635, cellSp[2] = 0.19635
**** dimensions = 32, 32, 32
**** cellSp[0] = 0.19635,  cellSp[1] = 0.19635, cellSp[2] = 0.19635
**** dimensions = 32, 32, 32
**** cellSp[0] = 0.19635,  cellSp[1] = 0.19635, cellSp[2] = 0.19635
**** dimensions = 32, 32, 32
**** cellSp[0] = 0.19635,  cellSp[1] = 0.19635, cellSp[2] = 0.19635
**** dimensions = 32, 32, 32
**** cellSp[0] = 0.19635,  cellSp[1] = 0.19635, cellSp[2] = 0.19635
**** dimensions = 32, 32, 32
**** cellSp[0] = 0.19635,  cellSp[1] = 0.19635, cellSp[2] = 0.19635
**** dimensions = 32, 32, 32
**** cellSp[0] = 0.19635,  cellSp[1] = 0.19635, cellSp[2] = 0.19635
**** dimensions = 32, 32, 32
**** cellSp[0] = 0.19635,  cellSp[1] = 0.19635, cellSp[2] = 0.19635
**** dimensions = 32, 32, 32
**** cellSp[0] = 0.19635,  cellSp[1] = 0.19635, cellSp[2] = 0.19635
**** dimensions = 32, 32, 32
**** cellSp[0] = 0.19635,  cellSp[1] = 0.19635, cellSp[2] = 0.19635
**** dimensions = 32, 32, 32
**** cellSp[0] = 0.19635,  cellSp[1] = 0.19635, cellSp[2] = 0.19635
**** dimensions = 32, 32, 32
**** cellSp[0] = 0.19635,  cellSp[1] = 0.19635, cellSp[2] = 0.19635
**** dimensions = 32, 32, 32
**** cellSp[0] = 0.19635,  cellSp[1] = 0.19635, cellSp[2] = 0.19635
**** dimensions = 32, 32, 32
**** cellSp[0] = 0.19635,  cellSp[1] = 0.19635, cellSp[2] = 0.19635
**** dimensions = 32, 32, 32
**** cellSp[0] = 0.19635,  cellSp[1] = 0.19635, cellSp[2] = 0.19635
**** dimensions = 32, 32, 32
**** cellSp[0] = 0.19635,  cellSp[1] = 0.19635, cellSp[2] = 0.19635
**** dimensions = 32, 32, 32
**** cellSp[0] = 0.19635,  cellSp[1] = 0.19635, cellSp[2] = 0.19635
**** dimensions = 32, 32, 32
**** cellSp[0] = 0.19635,  cellSp[1] = 0.19635, cellSp[2] = 0.19635
**** dimensions = 32, 32, 32
**** cellSp[0] = 0.19635,  cellSp[1] = 0.19635, cellSp[2] = 0.19635
**** dimensions = 32, 32, 32
**** cellSp[0] = 0.19635,  cellSp[1] = 0.19635, cellSp[2] = 0.19635
**** dimensions = 32, 32, 32
**** cellSp[0] = 0.19635,  cellSp[1] = 0.19635, cellSp[2] = 0.19635
**** dimensions = 32, 32, 32
**** cellSp[0] = 0.19635,  cellSp[1] = 0.19635, cellSp[2] = 0.19635
**** dimensions = 32, 32, 32
**** cellSp[0] = 0.19635,  cellSp[1] = 0.19635, cellSp[2] = 0.19635
**** dimensions = 32, 32, 32
**** cellSp[0] = 0.19635,  cellSp[1] = 0.19635, cellSp[2] = 0.19635
**** dimensions = 32, 32, 32
**** cellSp[0] = 0.19635,  cellSp[1] = 0.19635, cellSp[2] = 0.19635
**** dimensions = 32, 32, 32
**** cellSp[0] = 0.19635,  cellSp[1] = 0.19635, cellSp[2] = 0.19635
**** dimensions = 32, 32, 32
**** cellSp[0] = 0.19635,  cellSp[1] = 0.19635, cellSp[2] = 0.19635
**** dimensions = 32, 32, 32
**** cellSp[0] = 0.19635,  cellSp[1] = 0.19635, cellSp[2] = 0.19635
**** dimensions = 32, 32, 32
**** cellSp[0] = 0.19635,  cellSp[1] = 0.19635, cellSp[2] = 0.19635
**** dimensions = 32, 32, 32
**** cellSp[0] = 0.19635,  cellSp[1] = 0.19635, cellSp[2] = 0.19635
**** dimensions = 32, 32, 32
**** cellSp[0] = 0.19635,  cellSp[1] = 0.19635, cellSp[2] = 0.19635
**** dimensions = 32, 32, 32
**** cellSp[0] = 0.19635,  cellSp[1] = 0.19635, cellSp[2] = 0.19635
**** dimensions = 32, 32, 32
**** cellSp[0] = 0.19635,  cellSp[1] = 0.19635, cellSp[2] = 0.19635
**** dimensions = 32, 32, 32
**** cellSp[0] = 0.19635,  cellSp[1] = 0.19635, cellSp[2] = 0.19635
**** dimensions = 32, 32, 32
**** cellSp[0] = 0.19635,  cellSp[1] = 0.19635, cellSp[2] = 0.19635
**** dimensions = 32, 32, 32
**** cellSp[0] = 0.19635,  cellSp[1] = 0.19635, cellSp[2] = 0.19635
**** dimensions = 32, 32, 32
**** cellSp[0] = 0.19635,  cellSp[1] = 0.19635, cellSp[2] = 0.19635
**** dimensions = 32, 32, 32
**** cellSp[0] = 0.19635,  cellSp[1] = 0.19635, cellSp[2] = 0.19635
**** dimensions = 32, 32, 32
**** cellSp[0] = 0.19635,  cellSp[1] = 0.19635, cellSp[2] = 0.19635
**** dimensions = 32, 32, 32
**** cellSp[0] = 0.19635,  cellSp[1] = 0.19635, cellSp[2] = 0.19635
**** dimensions = 32, 32, 32
**** cellSp[0] = 0.19635,  cellSp[1] = 0.19635, cellSp[2] = 0.19635
**** dimensions = 32, 32, 32
**** cellSp[0] = 0.19635,  cellSp[1] = 0.19635, cellSp[2] = 0.19635
**** dimensions = 32, 32, 32
**** cellSp[0] = 0.19635,  cellSp[1] = 0.19635, cellSp[2] = 0.19635
**** dimensions = 32, 32, 32
**** cellSp[0] = 0.19635,  cellSp[1] = 0.19635, cellSp[2] = 0.19635
**** dimensions = 32, 32, 32
**** cellSp[0] = 0.19635,  cellSp[1] = 0.19635, cellSp[2] = 0.19635
**** dimensions = 32, 32, 32
**** cellSp[0] = 0.19635,  cellSp[1] = 0.19635, cellSp[2] = 0.19635
**** dimensions = 32, 32, 32
**** cellSp[0] = 0.19635,  cellSp[1] = 0.19635, cellSp[2] = 0.19635
**** dimensions = 32, 32, 32
**** cellSp[0] = 0.19635,  cellSp[1] = 0.19635, cellSp[2] = 0.19635
**** dimensions = 32, 32, 32
**** cellSp[0] = 0.19635,  cellSp[1] = 0.19635, cellSp[2] = 0.19635
**** dimensions = 32, 32, 32
**** cellSp[0] = 0.19635,  cellSp[1] = 0.19635, cellSp[2] = 0.19635
**** dimensions = 32, 32, 32
**** cellSp[0] = 0.19635,  cellSp[1] = 0.19635, cellSp[2] = 0.19635
**** dimensions = 32, 32, 32
**** cellSp[0] = 0.19635,  cellSp[1] = 0.19635, cellSp[2] = 0.19635
**** dimensions = 32, 32, 32
**** cellSp[0] = 0.19635,  cellSp[1] = 0.19635, cellSp[2] = 0.19635
**** dimensions = 32, 32, 32
**** cellSp[0] = 0.19635,  cellSp[1] = 0.19635, cellSp[2] = 0.19635
**** dimensions = 32, 32, 32
**** cellSp[0] = 0.19635,  cellSp[1] = 0.19635, cellSp[2] = 0.19635
**** dimensions = 32, 32, 32
**** cellSp[0] = 0.19635,  cellSp[1] = 0.19635, cellSp[2] = 0.19635
**** dimensions = 32, 32, 32
**** cellSp[0] = 0.19635,  cellSp[1] = 0.19635, cellSp[2] = 0.19635
**** dimensions = 32, 32, 32
**** cellSp[0] = 0.19635,  cellSp[1] = 0.19635, cellSp[2] = 0.19635
**** dimensions = 32, 32, 32
**** cellSp[0] = 0.19635,  cellSp[1] = 0.19635, cellSp[2] = 0.19635
**** dimensions = 32, 32, 32
**** cellSp[0] = 0.19635,  cellSp[1] = 0.19635, cellSp[2] = 0.19635
**** dimensions = 32, 32, 32
**** cellSp[0] = 0.19635,  cellSp[1] = 0.19635, cellSp[2] = 0.19635
**** dimensions = 32, 32, 32
**** cellSp[0] = 0.19635,  cellSp[1] = 0.19635, cellSp[2] = 0.19635
**** dimensions = 32, 32, 32
**** cellSp[0] = 0.19635,  cellSp[1] = 0.19635, cellSp[2] = 0.19635
**** dimensions = 32, 32, 32
**** cellSp[0] = 0.19635,  cellSp[1] = 0.19635, cellSp[2] = 0.19635
**** dimensions = 32, 32, 32
**** cellSp[0] = 0.19635,  cellSp[1] = 0.19635, cellSp[2] = 0.19635
**** dimensions = 32, 32, 32
**** cellSp[0] = 0.19635,  cellSp[1] = 0.19635, cellSp[2] = 0.19635
**** dimensions = 32, 32, 32
**** cellSp[0] = 0.19635,  cellSp[1] = 0.19635, cellSp[2] = 0.19635
**** dimensions = 32, 32, 32
**** cellSp[0] = 0.19635,  cellSp[1] = 0.19635, cellSp[2] = 0.19635
**** dimensions = 32, 32, 32
**** cellSp[0] = 0.19635,  cellSp[1] = 0.19635, cellSp[2] = 0.19635
**** dimensions = 32, 32, 32
**** cellSp[0] = 0.19635,  cellSp[1] = 0.19635, cellSp[2] = 0.19635
**** dimensions = 32, 32, 32
**** cellSp[0] = 0.19635,  cellSp[1] = 0.19635, cellSp[2] = 0.19635
**** dimensions = 32, 32, 32
**** cellSp[0] = 0.19635,  cellSp[1] = 0.19635, cellSp[2] = 0.19635
**** dimensions = 32, 32, 32
**** cellSp[0] = 0.19635,  cellSp[1] = 0.19635, cellSp[2] = 0.19635
**** dimensions = 32, 32, 32
**** cellSp[0] = 0.19635,  cellSp[1] = 0.19635, cellSp[2] = 0.19635
**** dimensions = 32, 32, 32
**** cellSp[0] = 0.19635,  cellSp[1] = 0.19635, cellSp[2] = 0.19635
**** dimensions = 32, 32, 32
**** cellSp[0] = 0.19635,  cellSp[1] = 0.19635, cellSp[2] = 0.19635
**** dimensions = 32, 32, 32
Constructing slab geometry...
xmax = 0.04, ymax = 0.04, zmax = 40
Bz_inner = 3, Bz_outer = 3
By_inner  = 0
**** cellSp[0] = 0.19635,  cellSp[1] = 0.19635, cellSp[2] = 0.19635
**** dimensions = 32, 32, 32
Done constructing slab geometry
**** cellSp[0] = 0.19635,  cellSp[1] = 0.19635, cellSp[2] = 0.19635
**** dimensions = 32, 32, 32
**** cellSp[0] = 0.19635,  cellSp[1] = 0.19635, cellSp[2] = 0.19635
**** dimensions = 32, 32, 32
**** cellSp[0] = 0.19635,  cellSp[1] = 0.19635, cellSp[2] = 0.19635
**** dimensions = 32, 32, 32
**** cellSp[0] = 0.19635,  cellSp[1] = 0.19635, cellSp[2] = 0.19635
**** dimensions = 32, 32, 32
**** cellSp[0] = 0.19635,  cellSp[1] = 0.19635, cellSp[2] = 0.19635
**** dimensions = 32, 32, 32
**** cellSp[0] = 0.19635,  cellSp[1] = 0.19635, cellSp[2] = 0.19635
**** dimensions = 32, 32, 32
   Configuration space box ((0,0,0) (7,7,7) (0,0,0)) is assigned to process 0
   Configuration space box ((8,0,0) (15,7,7) (0,0,0)) is assigned to process 1
   Configuration space box ((16,0,0) (23,7,7) (0,0,0)) is assigned to process 2
   Configuration space box ((24,0,0) (31,7,7) (0,0,0)) is assigned to process 3
   Configuration space box ((0,8,0) (7,15,7) (0,0,0)) is assigned to process 4
   Configuration space box ((8,8,0) (15,15,7) (0,0,0)) is assigned to process 5
   Configuration space box ((16,8,0) (23,15,7) (0,0,0)) is assigned to process 6
   Configuration space box ((24,8,0) (31,15,7) (0,0,0)) is assigned to process 7
   Configuration space box ((0,16,0) (7,23,7) (0,0,0)) is assigned to process 8
   Configuration space box ((8,16,0) (15,23,7) (0,0,0)) is assigned to process 9
   Configuration space box ((16,16,0) (23,23,7) (0,0,0)) is assigned to process 10
   Configuration space box ((24,16,0) (31,23,7) (0,0,0)) is assigned to process 11
   Configuration space box ((0,24,0) (7,31,7) (0,0,0)) is assigned to process 12
   Configuration space box ((8,24,0) (15,31,7) (0,0,0)) is assigned to process 13
   Configuration space box ((16,24,0) (23,31,7) (0,0,0)) is assigned to process 14
   Configuration space box ((24,24,0) (31,31,7) (0,0,0)) is assigned to process 15
   Configuration space box ((0,0,8) (7,7,15) (0,0,0)) is assigned to process 16
   Configuration space box ((8,0,8) (15,7,15) (0,0,0)) is assigned to process 17
   Configuration space box ((16,0,8) (23,7,15) (0,0,0)) is assigned to process 18
   Configuration space box ((24,0,8) (31,7,15) (0,0,0)) is assigned to process 19
   Configuration space box ((0,8,8) (7,15,15) (0,0,0)) is assigned to process 20
   Configuration space box ((8,8,8) (15,15,15) (0,0,0)) is assigned to process 21
   Configuration space box ((16,8,8) (23,15,15) (0,0,0)) is assigned to process 22
   Configuration space box ((24,8,8) (31,15,15) (0,0,0)) is assigned to process 23
   Configuration space box ((0,16,8) (7,23,15) (0,0,0)) is assigned to process 24
   Configuration space box ((8,16,8) (15,23,15) (0,0,0)) is assigned to process 25
   Configuration space box ((16,16,8) (23,23,15) (0,0,0)) is assigned to process 26
   Configuration space box ((24,16,8) (31,23,15) (0,0,0)) is assigned to process 27
   Configuration space box ((0,24,8) (7,31,15) (0,0,0)) is assigned to process 28
   Configuration space box ((8,24,8) (15,31,15) (0,0,0)) is assigned to process 29
   Configuration space box ((16,24,8) (23,31,15) (0,0,0)) is assigned to process 30
   Configuration space box ((24,24,8) (31,31,15) (0,0,0)) is assigned to process 31
   Configuration space box ((0,0,16) (7,7,23) (0,0,0)) is assigned to process 32
   Configuration space box ((8,0,16) (15,7,23) (0,0,0)) is assigned to process 33
   Configuration space box ((16,0,16) (23,7,23) (0,0,0)) is assigned to process 34
   Configuration space box ((24,0,16) (31,7,23) (0,0,0)) is assigned to process 35
**** cellSp[0] = 0.19635,  cellSp[1] = 0.19635, cellSp[2] = 0.19635
**** dimensions = 32, 32, 32
   Configuration space box ((0,8,16) (7,15,23) (0,0,0)) is assigned to process 36
   Configuration space box ((8,8,16) (15,15,23) (0,0,0)) is assigned to process 37
   Configuration space box ((16,8,16) (23,15,23) (0,0,0)) is assigned to process 38
   Configuration space box ((24,8,16) (31,15,23) (0,0,0)) is assigned to process 39
   Configuration space box ((0,16,16) (7,23,23) (0,0,0)) is assigned to process 40
   Configuration space box ((8,16,16) (15,23,23) (0,0,0)) is assigned to process 41
   Configuration space box ((16,16,16) (23,23,23) (0,0,0)) is assigned to process 42
**** cellSp[0] = 0.19635,  cellSp[1] = 0.19635, cellSp[2] = 0.19635
**** dimensions = 32, 32, 32
   Configuration space box ((24,16,16) (31,23,23) (0,0,0)) is assigned to process 43
   Configuration space box ((0,24,16) (7,31,23) (0,0,0)) is assigned to process 44
   Configuration space box ((8,24,16) (15,31,23) (0,0,0)) is assigned to process 45
   Configuration space box ((16,24,16) (23,31,23) (0,0,0)) is assigned to process 46
   Configuration space box ((24,24,16) (31,31,23) (0,0,0)) is assigned to process 47
   Configuration space box ((0,0,24) (7,7,31) (0,0,0)) is assigned to process 48
   Configuration space box ((8,0,24) (15,7,31) (0,0,0)) is assigned to process 49
**** cellSp[0] = 0.19635,  cellSp[1] = 0.19635, cellSp[2] = 0.19635
**** dimensions = 32, 32, 32
   Configuration space box ((16,0,24) (23,7,31) (0,0,0)) is assigned to process 50
   Configuration space box ((24,0,24) (31,7,31) (0,0,0)) is assigned to process 51
   Configuration space box ((0,8,24) (7,15,31) (0,0,0)) is assigned to process 52
   Configuration space box ((8,8,24) (15,15,31) (0,0,0)) is assigned to process 53
   Configuration space box ((16,8,24) (23,15,31) (0,0,0)) is assigned to process 54
   Configuration space box ((24,8,24) (31,15,31) (0,0,0)) is assigned to process 55
   Configuration space box ((0,16,24) (7,23,31) (0,0,0)) is assigned to process 56
**** cellSp[0] = 0.19635,  cellSp[1] = 0.19635, cellSp[2] = 0.19635
**** dimensions = 32, 32, 32
   Configuration space box ((8,16,24) (15,23,31) (0,0,0)) is assigned to process 57
   Configuration space box ((16,16,24) (23,23,31) (0,0,0)) is assigned to process 58
   Configuration space box ((24,16,24) (31,23,31) (0,0,0)) is assigned to process 59
   Configuration space box ((0,24,24) (7,31,31) (0,0,0)) is assigned to process 60
   Configuration space box ((8,24,24) (15,31,31) (0,0,0)) is assigned to process 61
   Configuration space box ((16,24,24) (23,31,31) (0,0,0)) is assigned to process 62
**** cellSp[0] = 0.19635,  cellSp[1] = 0.19635, cellSp[2] = 0.19635
**** dimensions = 32, 32, 32
   Configuration space box ((24,24,24) (31,31,31) (0,0,0)) is assigned to process 63
Constructing magnetic geometry
**** cellSp[0] = 0.19635,  cellSp[1] = 0.19635, cellSp[2] = 0.19635
**** dimensions = 32, 32, 32
**** cellSp[0] = 0.19635,  cellSp[1] = 0.19635, cellSp[2] = 0.19635
**** dimensions = 32, 32, 32
**** cellSp[0] = 0.19635,  cellSp[1] = 0.19635, cellSp[2] = 0.19635
**** dimensions = 32, 32, 32
**** cellSp[0] = 0.19635,  cellSp[1] = 0.19635, cellSp[2] = 0.19635
**** dimensions = 32, 32, 32
**** cellSp[0] = 0.19635,  cellSp[1] = 0.19635, cellSp[2] = 0.19635
**** dimensions = 32, 32, 32
**** cellSp[0] = 0.19635,  cellSp[1] = 0.19635, cellSp[2] = 0.19635
**** dimensions = 32, 32, 32
**** cellSp[0] = 0.19635,  cellSp[1] = 0.19635, cellSp[2] = 0.19635
**** dimensions = 32, 32, 32
**** cellSp[0] = 0.19635,  cellSp[1] = 0.19635, cellSp[2] = 0.19635
**** dimensions = 32, 32, 32
**** cellSp[0] = 0.19635,  cellSp[1] = 0.19635, cellSp[2] = 0.19635
**** dimensions = 32, 32, 32
**** cellSp[0] = 0.19635,  cellSp[1] = 0.19635, cellSp[2] = 0.19635
**** dimensions = 32, 32, 32
**** cellSp[0] = 0.19635,  cellSp[1] = 0.19635, cellSp[2] = 0.19635
**** dimensions = 32, 32, 32
**** cellSp[0] = 0.19635,  cellSp[1] = 0.19635, cellSp[2] = 0.19635
**** dimensions = 32, 32, 32
**** cellSp[0] = 0.19635,  cellSp[1] = 0.19635, cellSp[2] = 0.19635
**** dimensions = 32, 32, 32
**** cellSp[0] = 0.19635,  cellSp[1] = 0.19635, cellSp[2] = 0.19635
**** dimensions = 32, 32, 32
**** cellSp[0] = 0.19635,  cellSp[1] = 0.19635, cellSp[2] = 0.19635
**** dimensions = 32, 32, 32
**** cellSp[0] = 0.19635,  cellSp[1] = 0.19635, cellSp[2] = 0.19635
**** dimensions = 32, 32, 32
**** cellSp[0] = 0.19635,  cellSp[1] = 0.19635, cellSp[2] = 0.19635
**** dimensions = 32, 32, 32
**** cellSp[0] = 0.19635,  cellSp[1] = 0.19635, cellSp[2] = 0.19635
**** dimensions = 32, 32, 32
**** cellSp[0] = 0.19635,  cellSp[1] = 0.19635, cellSp[2] = 0.19635
**** dimensions = 32, 32, 32
**** cellSp[0] = 0.19635,  cellSp[1] = 0.19635, cellSp[2] = 0.19635
**** dimensions = 32, 32, 32
**** cellSp[0] = 0.19635,  cellSp[1] = 0.19635, cellSp[2] = 0.19635
**** dimensions = 32, 32, 32
**** cellSp[0] = 0.19635,  cellSp[1] = 0.19635, cellSp[2] = 0.19635
**** dimensions = 32, 32, 32
**** cellSp[0] = 0.19635,  cellSp[1] = 0.19635, cellSp[2] = 0.19635
**** dimensions = 32, 32, 32
**** cellSp[0] = 0.19635,  cellSp[1] = 0.19635, cellSp[2] = 0.19635
**** dimensions = 32, 32, 32
**** cellSp[0] = 0.19635,  cellSp[1] = 0.19635, cellSp[2] = 0.19635
**** dimensions = 32, 32, 32
**** cellSp[0] = 0.19635,  cellSp[1] = 0.19635, cellSp[2] = 0.19635
**** dimensions = 32, 32, 32
Done constructing magnetic geometry
   Velocity space box ((-8,0) (-1,7) (0,0)) is assigned to process 0
   Velocity space box ((0,0) (7,7) (0,0)) is assigned to process 1
   Velocity space box ((-8,8) (-1,15) (0,0)) is assigned to process 2
   Velocity space box ((0,8) (7,15) (0,0)) is assigned to process 3
   Phase space box ((24,0,0,-8,0) (31,7,7,-1,15) (0,0,0,0,0)) is assigned to process 6, has 65536 valid cells and 1507328 ghost cells
   Phase space box ((8,0,8,-8,0) (15,7,15,-1,15) (0,0,0,0,0)) is assigned to process 34, has 65536 valid cells and 1507328 ghost cells
   Phase space box ((8,0,16,-8,0) (15,7,23,-1,15) (0,0,0,0,0)) is assigned to process 66, has 65536 valid cells and 1507328 ghost cells
   Phase space box ((16,8,24,0,0) (23,15,31,7,15) (0,0,0,0,0)) is assigned to process 109, has 65536 valid cells and 1507328 ghost cells
   Phase space box ((16,8,0,-8,0) (23,15,7,-1,15) (0,0,0,0,0)) is assigned to process 12, has 65536 valid cells and 1507328 ghost cells
   Phase space box ((16,0,8,-8,0) (23,7,15,-1,15) (0,0,0,0,0)) is assigned to process 36, has 65536 valid cells and 1507328 ghost cells
   Phase space box ((8,0,16,0,0) (15,7,23,7,15) (0,0,0,0,0)) is assigned to process 67, has 65536 valid cells and 1507328 ghost cells
   Phase space box ((0,16,24,-8,0) (7,23,31,-1,15) (0,0,0,0,0)) is assigned to process 112, has 65536 valid cells and 1507328 ghost cells
   Phase space box ((0,24,0,-8,0) (7,31,7,-1,15) (0,0,0,0,0)) is assigned to process 24, has 65536 valid cells and 1507328 ghost cells
   Phase space box ((16,0,8,0,0) (23,7,15,7,15) (0,0,0,0,0)) is assigned to process 37, has 65536 valid cells and 1507328 ghost cells
   Phase space box ((16,0,16,-8,0) (23,7,23,-1,15) (0,0,0,0,0)) is assigned to process 68, has 65536 valid cells and 1507328 ghost cells
   Phase space box ((8,16,24,-8,0) (15,23,31,-1,15) (0,0,0,0,0)) is assigned to process 114, has 65536 valid cells and 1507328 ghost cells
   Phase space box ((8,24,0,0,0) (15,31,7,7,15) (0,0,0,0,0)) is assigned to process 27, has 65536 valid cells and 1507328 ghost cells
   Phase space box ((24,0,8,-8,0) (31,7,15,-1,15) (0,0,0,0,0)) is assigned to process 38, has 65536 valid cells and 1507328 ghost cells
   Phase space box ((16,0,16,0,0) (23,7,23,7,15) (0,0,0,0,0)) is assigned to process 69, has 65536 valid cells and 1507328 ghost cells
   Phase space box ((16,16,24,-8,0) (23,23,31,-1,15) (0,0,0,0,0)) is assigned to process 116, has 65536 valid cells and 1507328 ghost cells
   Phase space box ((8,0,0,0,0) (15,7,7,7,15) (0,0,0,0,0)) is assigned to process 3, has 65536 valid cells and 1507328 ghost cells
   Phase space box ((24,8,8,0,0) (31,15,15,7,15) (0,0,0,0,0)) is assigned to process 47, has 65536 valid cells and 1507328 ghost cells
   Phase space box ((24,0,16,-8,0) (31,7,23,-1,15) (0,0,0,0,0)) is assigned to process 70, has 65536 valid cells and 1507328 ghost cells
   Phase space box ((16,16,24,0,0) (23,23,31,7,15) (0,0,0,0,0)) is assigned to process 117, has 65536 valid cells and 1507328 ghost cells
   Phase space box ((16,0,0,0,0) (23,7,7,7,15) (0,0,0,0,0)) is assigned to process 5, has 65536 valid cells and 1507328 ghost cells
   Phase space box ((0,16,8,-8,0) (7,23,15,-1,15) (0,0,0,0,0)) is assigned to process 48, has 65536 valid cells and 1507328 ghost cells
   Phase space box ((0,8,16,0,0) (7,15,23,7,15) (0,0,0,0,0)) is assigned to process 73, has 65536 valid cells and 1507328 ghost cells
   Phase space box ((0,24,24,-8,0) (7,31,31,-1,15) (0,0,0,0,0)) is assigned to process 120, has 65536 valid cells and 1507328 ghost cells
   Phase space box ((24,0,0,0,0) (31,7,7,7,15) (0,0,0,0,0)) is assigned to process 7, has 65536 valid cells and 1507328 ghost cells
   Phase space box ((0,8,0,-8,0) (7,15,7,-1,15) (0,0,0,0,0)) is assigned to process 8, has 65536 valid cells and 1507328 ghost cells
   Phase space box ((16,16,8,0,0) (23,23,15,7,15) (0,0,0,0,0)) is assigned to process 53, has 65536 valid cells and 1507328 ghost cells
   Phase space box ((8,8,16,0,0) (15,15,23,7,15) (0,0,0,0,0)) is assigned to process 75, has 65536 valid cells and 1507328 ghost cells
   Phase space box ((8,24,24,-8,0) (15,31,31,-1,15) (0,0,0,0,0)) is assigned to process 122, has 65536 valid cells and 1507328 ghost cells
   Phase space box ((0,8,0,0,0) (7,15,7,7,15) (0,0,0,0,0)) is assigned to process 9, has 65536 valid cells and 1507328 ghost cells
   Phase space box ((24,16,8,-8,0) (31,23,15,-1,15) (0,0,0,0,0)) is assigned to process 54, has 65536 valid cells and 1507328 ghost cells
   Phase space box ((24,8,16,0,0) (31,15,23,7,15) (0,0,0,0,0)) is assigned to process 79, has 65536 valid cells and 1507328 ghost cells
   Phase space box ((8,24,24,0,0) (15,31,31,7,15) (0,0,0,0,0)) is assigned to process 123, has 65536 valid cells and 1507328 ghost cells
   Phase space box ((8,8,0,-8,0) (15,15,7,-1,15) (0,0,0,0,0)) is assigned to process 10, has 65536 valid cells and 1507328 ghost cells
   Phase space box ((0,24,8,-8,0) (7,31,15,-1,15) (0,0,0,0,0)) is assigned to process 56, has 65536 valid cells and 1507328 ghost cells
   Phase space box ((8,16,16,-8,0) (15,23,23,-1,15) (0,0,0,0,0)) is assigned to process 82, has 65536 valid cells and 1507328 ghost cells
   Phase space box ((16,24,24,-8,0) (23,31,31,-1,15) (0,0,0,0,0)) is assigned to process 124, has 65536 valid cells and 1507328 ghost cells
   Phase space box ((8,8,0,0,0) (15,15,7,7,15) (0,0,0,0,0)) is assigned to process 11, has 65536 valid cells and 1507328 ghost cells
   Phase space box ((8,24,8,-8,0) (15,31,15,-1,15) (0,0,0,0,0)) is assigned to process 58, has 65536 valid cells and 1507328 ghost cells
   Phase space box ((8,16,16,0,0) (15,23,23,7,15) (0,0,0,0,0)) is assigned to process 83, has 65536 valid cells and 1507328 ghost cells
   Phase space box ((24,24,24,-8,0) (31,31,31,-1,15) (0,0,0,0,0)) is assigned to process 126, has 65536 valid cells and 1507328 ghost cells
   Phase space box ((16,8,0,0,0) (23,15,7,7,15) (0,0,0,0,0)) is assigned to process 13, has 65536 valid cells and 1507328 ghost cells
   Phase space box ((8,24,8,0,0) (15,31,15,7,15) (0,0,0,0,0)) is assigned to process 59, has 65536 valid cells and 1507328 ghost cells
   Phase space box ((16,16,16,0,0) (23,23,23,7,15) (0,0,0,0,0)) is assigned to process 85, has 65536 valid cells and 1507328 ghost cells
   Phase space box ((0,0,24,-8,0) (7,7,31,-1,15) (0,0,0,0,0)) is assigned to process 96, has 65536 valid cells and 1507328 ghost cells
   Phase space box ((24,8,0,-8,0) (31,15,7,-1,15) (0,0,0,0,0)) is assigned to process 14, has 65536 valid cells and 1507328 ghost cells
   Phase space box ((16,24,8,-8,0) (23,31,15,-1,15) (0,0,0,0,0)) is assigned to process 60, has 65536 valid cells and 1507328 ghost cells
   Phase space box ((24,16,16,-8,0) (31,23,23,-1,15) (0,0,0,0,0)) is assigned to process 86, has 65536 valid cells and 1507328 ghost cells
   Phase space box ((0,0,24,0,0) (7,7,31,7,15) (0,0,0,0,0)) is assigned to process 97, has 65536 valid cells and 1507328 ghost cells
   Phase space box ((24,8,0,0,0) (31,15,7,7,15) (0,0,0,0,0)) is assigned to process 15, has 65536 valid cells and 1507328 ghost cells
   Phase space box ((16,24,8,0,0) (23,31,15,7,15) (0,0,0,0,0)) is assigned to process 61, has 65536 valid cells and 1507328 ghost cells
   Phase space box ((8,24,16,-8,0) (15,31,23,-1,15) (0,0,0,0,0)) is assigned to process 90, has 65536 valid cells and 1507328 ghost cells
   Phase space box ((8,0,24,-8,0) (15,7,31,-1,15) (0,0,0,0,0)) is assigned to process 98, has 65536 valid cells and 1507328 ghost cells
   Phase space box ((0,16,0,-8,0) (7,23,7,-1,15) (0,0,0,0,0)) is assigned to process 16, has 65536 valid cells and 1507328 ghost cells
   Phase space box ((24,24,8,0,0) (31,31,15,7,15) (0,0,0,0,0)) is assigned to process 63, has 65536 valid cells and 1507328 ghost cells
   Phase space box ((16,24,16,-8,0) (23,31,23,-1,15) (0,0,0,0,0)) is assigned to process 92, has 65536 valid cells and 1507328 ghost cells
   Phase space box ((8,0,24,0,0) (15,7,31,7,15) (0,0,0,0,0)) is assigned to process 99, has 65536 valid cells and 1507328 ghost cells
   Phase space box ((0,16,0,0,0) (7,23,7,7,15) (0,0,0,0,0)) is assigned to process 17, has 65536 valid cells and 1507328 ghost cells
   Phase space box ((0,0,8,-8,0) (7,7,15,-1,15) (0,0,0,0,0)) is assigned to process 32, has 65536 valid cells and 1507328 ghost cells
   Phase space box ((16,24,16,0,0) (23,31,23,7,15) (0,0,0,0,0)) is assigned to process 93, has 65536 valid cells and 1507328 ghost cells
   Phase space box ((16,0,24,-8,0) (23,7,31,-1,15) (0,0,0,0,0)) is assigned to process 100, has 65536 valid cells and 1507328 ghost cells
   Phase space box ((8,16,0,-8,0) (15,23,7,-1,15) (0,0,0,0,0)) is assigned to process 18, has 65536 valid cells and 1507328 ghost cells
   Phase space box ((0,0,8,0,0) (7,7,15,7,15) (0,0,0,0,0)) is assigned to process 33, has 65536 valid cells and 1507328 ghost cells
   Phase space box ((24,24,16,-8,0) (31,31,23,-1,15) (0,0,0,0,0)) is assigned to process 94, has 65536 valid cells and 1507328 ghost cells
   Phase space box ((16,0,24,0,0) (23,7,31,7,15) (0,0,0,0,0)) is assigned to process 101, has 65536 valid cells and 1507328 ghost cells
   Phase space box ((16,16,0,-8,0) (23,23,7,-1,15) (0,0,0,0,0)) is assigned to process 20, has 65536 valid cells and 1507328 ghost cells
   Phase space box ((8,0,8,0,0) (15,7,15,7,15) (0,0,0,0,0)) is assigned to process 35, has 65536 valid cells and 1507328 ghost cells
   Phase space box ((0,0,16,-8,0) (7,7,23,-1,15) (0,0,0,0,0)) is assigned to process 64, has 65536 valid cells and 1507328 ghost cells
   Phase space box ((24,0,24,0,0) (31,7,31,7,15) (0,0,0,0,0)) is assigned to process 103, has 65536 valid cells and 1507328 ghost cells
   Phase space box ((16,16,0,0,0) (23,23,7,7,15) (0,0,0,0,0)) is assigned to process 21, has 65536 valid cells and 1507328 ghost cells
   Phase space box ((24,0,8,0,0) (31,7,15,7,15) (0,0,0,0,0)) is assigned to process 39, has 65536 valid cells and 1507328 ghost cells
   Phase space box ((0,0,16,0,0) (7,7,23,7,15) (0,0,0,0,0)) is assigned to process 65, has 65536 valid cells and 1507328 ghost cells
   Phase space box ((0,8,24,-8,0) (7,15,31,-1,15) (0,0,0,0,0)) is assigned to process 104, has 65536 valid cells and 1507328 ghost cells
   Phase space box ((0,24,0,0,0) (7,31,7,7,15) (0,0,0,0,0)) is assigned to process 25, has 65536 valid cells and 1507328 ghost cells
   Phase space box ((0,8,8,0,0) (7,15,15,7,15) (0,0,0,0,0)) is assigned to process 41, has 65536 valid cells and 1507328 ghost cells
   Phase space box ((24,0,16,0,0) (31,7,23,7,15) (0,0,0,0,0)) is assigned to process 71, has 65536 valid cells and 1507328 ghost cells
   Phase space box ((0,8,24,0,0) (7,15,31,7,15) (0,0,0,0,0)) is assigned to process 105, has 65536 valid cells and 1507328 ghost cells
   Phase space box ((8,24,0,-8,0) (15,31,7,-1,15) (0,0,0,0,0)) is assigned to process 26, has 65536 valid cells and 1507328 ghost cells
   Phase space box ((8,8,8,-8,0) (15,15,15,-1,15) (0,0,0,0,0)) is assigned to process 42, has 65536 valid cells and 1507328 ghost cells
   Phase space box ((0,8,16,-8,0) (7,15,23,-1,15) (0,0,0,0,0)) is assigned to process 72, has 65536 valid cells and 1507328 ghost cells
   Phase space box ((8,8,24,-8,0) (15,15,31,-1,15) (0,0,0,0,0)) is assigned to process 106, has 65536 valid cells and 1507328 ghost cells
   Phase space box ((16,24,0,-8,0) (23,31,7,-1,15) (0,0,0,0,0)) is assigned to process 28, has 65536 valid cells and 1507328 ghost cells
   Phase space box ((8,8,8,0,0) (15,15,15,7,15) (0,0,0,0,0)) is assigned to process 43, has 65536 valid cells and 1507328 ghost cells
   Phase space box ((16,8,16,-8,0) (23,15,23,-1,15) (0,0,0,0,0)) is assigned to process 76, has 65536 valid cells and 1507328 ghost cells
   Phase space box ((8,8,24,0,0) (15,15,31,7,15) (0,0,0,0,0)) is assigned to process 107, has 65536 valid cells and 1507328 ghost cells
   Phase space box ((16,24,0,0,0) (23,31,7,7,15) (0,0,0,0,0)) is assigned to process 29, has 65536 valid cells and 1507328 ghost cells
   Phase space box ((16,8,8,-8,0) (23,15,15,-1,15) (0,0,0,0,0)) is assigned to process 44, has 65536 valid cells and 1507328 ghost cells
   Phase space box ((16,8,16,0,0) (23,15,23,7,15) (0,0,0,0,0)) is assigned to process 77, has 65536 valid cells and 1507328 ghost cells
   Phase space box ((16,8,24,-8,0) (23,15,31,-1,15) (0,0,0,0,0)) is assigned to process 108, has 65536 valid cells and 1507328 ghost cells
   Phase space box ((24,24,0,-8,0) (31,31,7,-1,15) (0,0,0,0,0)) is assigned to process 30, has 65536 valid cells and 1507328 ghost cells
   Phase space box ((16,8,8,0,0) (23,15,15,7,15) (0,0,0,0,0)) is assigned to process 45, has 65536 valid cells and 1507328 ghost cells
   Phase space box ((24,8,16,-8,0) (31,15,23,-1,15) (0,0,0,0,0)) is assigned to process 78, has 65536 valid cells and 1507328 ghost cells
   Phase space box ((24,8,24,-8,0) (31,15,31,-1,15) (0,0,0,0,0)) is assigned to process 110, has 65536 valid cells and 1507328 ghost cells
   Phase space box ((24,24,0,0,0) (31,31,7,7,15) (0,0,0,0,0)) is assigned to process 31, has 65536 valid cells and 1507328 ghost cells
   Phase space box ((24,8,8,-8,0) (31,15,15,-1,15) (0,0,0,0,0)) is assigned to process 46, has 65536 valid cells and 1507328 ghost cells
   Phase space box ((0,16,16,-8,0) (7,23,23,-1,15) (0,0,0,0,0)) is assigned to process 80, has 65536 valid cells and 1507328 ghost cells
   Phase space box ((24,8,24,0,0) (31,15,31,7,15) (0,0,0,0,0)) is assigned to process 111, has 65536 valid cells and 1507328 ghost cells
   Phase space box ((0,0,0,-8,0) (7,7,7,-1,15) (0,0,0,0,0)) is assigned to process 0, has 65536 valid cells and 1507328 ghost cells
   Phase space box ((0,16,8,0,0) (7,23,15,7,15) (0,0,0,0,0)) is assigned to process 49, has 65536 valid cells and 1507328 ghost cells
   Phase space box ((0,16,16,0,0) (7,23,23,7,15) (0,0,0,0,0)) is assigned to process 81, has 65536 valid cells and 1507328 ghost cells
   Phase space box ((0,16,24,0,0) (7,23,31,7,15) (0,0,0,0,0)) is assigned to process 113, has 65536 valid cells and 1507328 ghost cells
   Phase space box ((0,0,0,0,0) (7,7,7,7,15) (0,0,0,0,0)) is assigned to process 1, has 65536 valid cells and 1507328 ghost cells
   Phase space box ((8,16,8,-8,0) (15,23,15,-1,15) (0,0,0,0,0)) is assigned to process 50, has 65536 valid cells and 1507328 ghost cells
   Phase space box ((16,16,16,-8,0) (23,23,23,-1,15) (0,0,0,0,0)) is assigned to process 84, has 65536 valid cells and 1507328 ghost cells
   Phase space box ((8,16,24,0,0) (15,23,31,7,15) (0,0,0,0,0)) is assigned to process 115, has 65536 valid cells and 1507328 ghost cells
   Phase space box ((8,0,0,-8,0) (15,7,7,-1,15) (0,0,0,0,0)) is assigned to process 2, has 65536 valid cells and 1507328 ghost cells
   Phase space box ((8,16,8,0,0) (15,23,15,7,15) (0,0,0,0,0)) is assigned to process 51, has 65536 valid cells and 1507328 ghost cells
   Phase space box ((24,16,16,0,0) (31,23,23,7,15) (0,0,0,0,0)) is assigned to process 87, has 65536 valid cells and 1507328 ghost cells
   Phase space box ((24,16,24,-8,0) (31,23,31,-1,15) (0,0,0,0,0)) is assigned to process 118, has 65536 valid cells and 1507328 ghost cells
   Phase space box ((16,0,0,-8,0) (23,7,7,-1,15) (0,0,0,0,0)) is assigned to process 4, has 65536 valid cells and 1507328 ghost cells
   Phase space box ((16,16,8,-8,0) (23,23,15,-1,15) (0,0,0,0,0)) is assigned to process 52, has 65536 valid cells and 1507328 ghost cells
   Phase space box ((0,24,16,-8,0) (7,31,23,-1,15) (0,0,0,0,0)) is assigned to process 88, has 65536 valid cells and 1507328 ghost cells
   Phase space box ((24,16,24,0,0) (31,23,31,7,15) (0,0,0,0,0)) is assigned to process 119, has 65536 valid cells and 1507328 ghost cells
   Phase space box ((8,16,0,0,0) (15,23,7,7,15) (0,0,0,0,0)) is assigned to process 19, has 65536 valid cells and 1507328 ghost cells
   Phase space box ((24,16,8,0,0) (31,23,15,7,15) (0,0,0,0,0)) is assigned to process 55, has 65536 valid cells and 1507328 ghost cells
   Phase space box ((0,24,16,0,0) (7,31,23,7,15) (0,0,0,0,0)) is assigned to process 89, has 65536 valid cells and 1507328 ghost cells
   Phase space box ((0,24,24,0,0) (7,31,31,7,15) (0,0,0,0,0)) is assigned to process 121, has 65536 valid cells and 1507328 ghost cells
   Phase space box ((24,16,0,-8,0) (31,23,7,-1,15) (0,0,0,0,0)) is assigned to process 22, has 65536 valid cells and 1507328 ghost cells
   Phase space box ((0,24,8,0,0) (7,31,15,7,15) (0,0,0,0,0)) is assigned to process 57, has 65536 valid cells and 1507328 ghost cells
   Phase space box ((8,24,16,0,0) (15,31,23,7,15) (0,0,0,0,0)) is assigned to process 91, has 65536 valid cells and 1507328 ghost cells
   Phase space box ((16,24,24,0,0) (23,31,31,7,15) (0,0,0,0,0)) is assigned to process 125, has 65536 valid cells and 1507328 ghost cells
   Phase space box ((24,16,0,0,0) (31,23,7,7,15) (0,0,0,0,0)) is assigned to process 23, has 65536 valid cells and 1507328 ghost cells
   Phase space box ((24,24,8,-8,0) (31,31,15,-1,15) (0,0,0,0,0)) is assigned to process 62, has 65536 valid cells and 1507328 ghost cells
   Phase space box ((24,24,16,0,0) (31,31,23,7,15) (0,0,0,0,0)) is assigned to process 95, has 65536 valid cells and 1507328 ghost cells
   Phase space box ((24,24,24,0,0) (31,31,31,7,15) (0,0,0,0,0)) is assigned to process 127, has 65536 valid cells and 1507328 ghost cells
   Phase space box ((0,8,8,-8,0) (7,15,15,-1,15) (0,0,0,0,0)) is assigned to process 40, has 65536 valid cells and 1507328 ghost cells
   Phase space box ((8,8,16,-8,0) (15,15,23,-1,15) (0,0,0,0,0)) is assigned to process 74, has 65536 valid cells and 1507328 ghost cells
   Phase space box ((24,0,24,-8,0) (31,7,31,-1,15) (0,0,0,0,0)) is assigned to process 102, has 65536 valid cells and 1507328 ghost cells
Adding species and constructing gyrocenter coordinates...
   hydrogen: kinetic species with mass = 2, charge = 1
   electron: kinetic species with mass = 2, charge = -1
Done adding species and constructing coordinates
Adding fluid species...
Done adding congiration space variables
Adding configuration space field variables...
Done adding congiration space variables

SlabPotentialBC ================================
- variable: potential-------------
  radial_lower: 
     bc_type  = 0
     bc_value = 0
  radial_upper: 
     bc_type  = 0
     bc_value = 0
  poloidal_lower: 
     bc_type  = 0
     bc_value = 0
  poloidal_upper: 
     bc_type  = 0
     bc_value = 0
  toroidal_lower: 
     bc_type  = 0
     bc_value = 0
  toroidal_upper: 
     bc_type  = 0
     bc_value = 0
-----------------------------------------------
===============================================

Grid Function Library =========================

"Ion_vpar_grid_func":
Constant grid function parameters:
  value: 0

"N0_grid_func":
Arbitrary grid function parameters:
  function: ( 1.00-0.01*cos(x)  )
  coordinate type: mapped

"T0_grid_func":
Arbitrary grid function parameters:
  function: 1.0
  coordinate type: mapped

"eN0_grid_func":
Arbitrary grid function parameters:
  function: ( ( 1.00-0.01*cos(x) )*(1.0+0.0000001*sin(y)*sin(x)*sin(z) )  )
  coordinate type: mapped

"eT0_grid_func":
Arbitrary grid function parameters:
  function: 1.0
  coordinate type: mapped

"ele_vpar_grid_func":
Constant grid function parameters:
  value: 0

"potential_grid_func":
Arbitrary grid function parameters:
  function: 0.0000001
  coordinate type: mapped

===============================================

Kinetic Function Library =========================

"maxwellian_electron_phase_func":
Maxwellian kinetic function parameters:
-- Density --
Arbitrary grid function parameters:
  function: ( ( 1.00-0.01*cos(x) )*(1.0+0.0000001*sin(y)*sin(x)*sin(z) )  )
  coordinate type: mapped

-- Temperature --
Arbitrary grid function parameters:
  function: 1.0
  coordinate type: mapped

-- Vparallel --
Constant grid function parameters:
  value: 0


"maxwellian_phase_func":
Maxwellian kinetic function parameters:
-- Density --
Arbitrary grid function parameters:
  function: ( 1.00-0.01*cos(x)  )
  coordinate type: mapped

-- Temperature --
Arbitrary grid function parameters:
  function: 1.0
  coordinate type: mapped

-- Vparallel --
Constant grid function parameters:
  value: 0


==================================================

SlabPhaseBC ================================
- variable: hydrogen-------------
  radial_lower: 
Maxwellian kinetic function parameters:
-- Density --
Arbitrary grid function parameters:
  function: ( 1.00-0.01*cos(x)  )
  coordinate type: mapped

-- Temperature --
Arbitrary grid function parameters:
  function: 1.0
  coordinate type: mapped

-- Vparallel --
Constant grid function parameters:
  value: 0


  radial_upper: 
Maxwellian kinetic function parameters:
-- Density --
Arbitrary grid function parameters:
  function: ( 1.00-0.01*cos(x)  )
  coordinate type: mapped

-- Temperature --
Arbitrary grid function parameters:
  function: 1.0
  coordinate type: mapped

-- Vparallel --
Constant grid function parameters:
  value: 0


  poloidal_lower: 
Maxwellian kinetic function parameters:
-- Density --
Arbitrary grid function parameters:
  function: ( 1.00-0.01*cos(x)  )
  coordinate type: mapped

-- Temperature --
Arbitrary grid function parameters:
  function: 1.0
  coordinate type: mapped

-- Vparallel --
Constant grid function parameters:
  value: 0


  poloidal_upper: 
Maxwellian kinetic function parameters:
-- Density --
Arbitrary grid function parameters:
  function: ( 1.00-0.01*cos(x)  )
  coordinate type: mapped

-- Temperature --
Arbitrary grid function parameters:
  function: 1.0
  coordinate type: mapped

-- Vparallel --
Constant grid function parameters:
  value: 0


  toroidal_lower: 
Maxwellian kinetic function parameters:
-- Density --
Arbitrary grid function parameters:
  function: ( 1.00-0.01*cos(x)  )
  coordinate type: mapped

-- Temperature --
Arbitrary grid function parameters:
  function: 1.0
  coordinate type: mapped

-- Vparallel --
Constant grid function parameters:
  value: 0


  toroidal_upper: 
Maxwellian kinetic function parameters:
-- Density --
Arbitrary grid function parameters:
  function: ( 1.00-0.01*cos(x)  )
  coordinate type: mapped

-- Temperature --
Arbitrary grid function parameters:
  function: 1.0
  coordinate type: mapped

-- Vparallel --
Constant grid function parameters:
  value: 0


  vpar_lower: 
Maxwellian kinetic function parameters:
-- Density --
Arbitrary grid function parameters:
  function: ( 1.00-0.01*cos(x)  )
  coordinate type: mapped

-- Temperature --
Arbitrary grid function parameters:
  function: 1.0
  coordinate type: mapped

-- Vparallel --
Constant grid function parameters:
  value: 0


  vpar_upper: 
Maxwellian kinetic function parameters:
-- Density --
Arbitrary grid function parameters:
  function: ( 1.00-0.01*cos(x)  )
  coordinate type: mapped

-- Temperature --
Arbitrary grid function parameters:
  function: 1.0
  coordinate type: mapped

-- Vparallel --
Constant grid function parameters:
  value: 0


  mu_lower: 
Maxwellian kinetic function parameters:
-- Density --
Arbitrary grid function parameters:
  function: ( 1.00-0.01*cos(x)  )
  coordinate type: mapped

-- Temperature --
Arbitrary grid function parameters:
  function: 1.0
  coordinate type: mapped

-- Vparallel --
Constant grid function parameters:
  value: 0


  mu_upper: 
Maxwellian kinetic function parameters:
-- Density --
Arbitrary grid function parameters:
  function: ( 1.00-0.01*cos(x)  )
  coordinate type: mapped

-- Temperature --
Arbitrary grid function parameters:
  function: 1.0
  coordinate type: mapped

-- Vparallel --
Constant grid function parameters:
  value: 0


-----------------------------------------------
===============================================

SlabPhaseBC ================================
- variable: electron-------------
  radial_lower: 
Maxwellian kinetic function parameters:
-- Density --
Arbitrary grid function parameters:
  function: ( ( 1.00-0.01*cos(x) )*(1.0+0.0000001*sin(y)*sin(x)*sin(z) )  )
  coordinate type: mapped

-- Temperature --
Arbitrary grid function parameters:
  function: 1.0
  coordinate type: mapped

-- Vparallel --
Constant grid function parameters:
  value: 0


  radial_upper: 
Maxwellian kinetic function parameters:
-- Density --
Arbitrary grid function parameters:
  function: ( ( 1.00-0.01*cos(x) )*(1.0+0.0000001*sin(y)*sin(x)*sin(z) )  )
  coordinate type: mapped

-- Temperature --
Arbitrary grid function parameters:
  function: 1.0
  coordinate type: mapped

-- Vparallel --
Constant grid function parameters:
  value: 0


  poloidal_lower: 
Maxwellian kinetic function parameters:
-- Density --
Arbitrary grid function parameters:
  function: ( ( 1.00-0.01*cos(x) )*(1.0+0.0000001*sin(y)*sin(x)*sin(z) )  )
  coordinate type: mapped

-- Temperature --
Arbitrary grid function parameters:
  function: 1.0
  coordinate type: mapped

-- Vparallel --
Constant grid function parameters:
  value: 0


  poloidal_upper: 
Maxwellian kinetic function parameters:
-- Density --
Arbitrary grid function parameters:
  function: ( ( 1.00-0.01*cos(x) )*(1.0+0.0000001*sin(y)*sin(x)*sin(z) )  )
  coordinate type: mapped

-- Temperature --
Arbitrary grid function parameters:
  function: 1.0
  coordinate type: mapped

-- Vparallel --
Constant grid function parameters:
  value: 0


  toroidal_lower: 
Maxwellian kinetic function parameters:
-- Density --
Arbitrary grid function parameters:
  function: ( ( 1.00-0.01*cos(x) )*(1.0+0.0000001*sin(y)*sin(x)*sin(z) )  )
  coordinate type: mapped

-- Temperature --
Arbitrary grid function parameters:
  function: 1.0
  coordinate type: mapped

-- Vparallel --
Constant grid function parameters:
  value: 0


  toroidal_upper: 
Maxwellian kinetic function parameters:
-- Density --
Arbitrary grid function parameters:
  function: ( ( 1.00-0.01*cos(x) )*(1.0+0.0000001*sin(y)*sin(x)*sin(z) )  )
  coordinate type: mapped

-- Temperature --
Arbitrary grid function parameters:
  function: 1.0
  coordinate type: mapped

-- Vparallel --
Constant grid function parameters:
  value: 0


  vpar_lower: 
Maxwellian kinetic function parameters:
-- Density --
Arbitrary grid function parameters:
  function: ( ( 1.00-0.01*cos(x) )*(1.0+0.0000001*sin(y)*sin(x)*sin(z) )  )
  coordinate type: mapped

-- Temperature --
Arbitrary grid function parameters:
  function: 1.0
  coordinate type: mapped

-- Vparallel --
Constant grid function parameters:
  value: 0


  vpar_upper: 
Maxwellian kinetic function parameters:
-- Density --
Arbitrary grid function parameters:
  function: ( ( 1.00-0.01*cos(x) )*(1.0+0.0000001*sin(y)*sin(x)*sin(z) )  )
  coordinate type: mapped

-- Temperature --
Arbitrary grid function parameters:
  function: 1.0
  coordinate type: mapped

-- Vparallel --
Constant grid function parameters:
  value: 0


  mu_lower: 
Maxwellian kinetic function parameters:
-- Density --
Arbitrary grid function parameters:
  function: ( ( 1.00-0.01*cos(x) )*(1.0+0.0000001*sin(y)*sin(x)*sin(z) )  )
  coordinate type: mapped

-- Temperature --
Arbitrary grid function parameters:
  function: 1.0
  coordinate type: mapped

-- Vparallel --
Constant grid function parameters:
  value: 0


  mu_upper: 
Maxwellian kinetic function parameters:
-- Density --
Arbitrary grid function parameters:
  function: ( ( 1.00-0.01*cos(x) )*(1.0+0.0000001*sin(y)*sin(x)*sin(z) )  )
  coordinate type: mapped

-- Temperature --
Arbitrary grid function parameters:
  function: 1.0
  coordinate type: mapped

-- Vparallel --
Constant grid function parameters:
  value: 0


-----------------------------------------------
===============================================
No collision model specified for hydrogen.
Collision model for 0	hydrogen:	None
No collision model specified for electron.
Collision model for 1	electron:	None
Time integration method: rk (4)
      BiCGStab converged successfully
  Distribution Function Extrema:
    Species 0:	0.000371401 [max]	4.88604e-09 [min]
    Species 1:	0.000371401 [max]	4.88604e-09 [min]


Step 1
      BiCGStab converged successfully
  --
  Warning: fixed time step may be higher than the stable time step.
  Stable time step = 1.49121e-05.
  You may reduce the specified dt or enable subiteration by setting
  simulation.fixed_dt_subiteration = true (default:false).
  --
      BiCGStab converged successfully
      BiCGStab converged successfully
      BiCGStab converged successfully
      BiCGStab converged successfully
  ----
  dt: 0.005
    Vlasov    : 1.91053e-05 (time scale), 261.707 (CFL)
    Collisions: 1.79769e+308 (time scale), 0 (CFL)
  ----
  Distribution Function Extrema:
    Species 0:	0.000371401 [max]	4.88603e-09 [min]
    Species 1:	0.000371401 [max]	4.88603e-09 [min]

Step 1 completed, simulation time is 0.005
----

Step 2
      BiCGStab converged successfully
  --
  Warning: fixed time step may be higher than the stable time step.
  Stable time step = 1.49121e-05.
  You may reduce the specified dt or enable subiteration by setting
  simulation.fixed_dt_subiteration = true (default:false).
  --
      BiCGStab converged successfully
      BiCGStab converged successfully
      BiCGStab converged successfully
      BiCGStab converged successfully
  ----
  dt: 0.005
    Vlasov    : 1.91053e-05 (time scale), 261.707 (CFL)
    Collisions: 1.79769e+308 (time scale), 0 (CFL)
  ----
  Distribution Function Extrema:
    Species 0:	2.55958 [max]	-5.03362 [min]
    Species 1:	2.5596 [max]	-5.03364 [min]

Step 2 completed, simulation time is 0.01
----

Step 3
      BiCGStab converged successfully
  --
  Warning: fixed time step may be higher than the stable time step.
  Stable time step = 5.19529e-06.
  You may reduce the specified dt or enable subiteration by setting
  simulation.fixed_dt_subiteration = true (default:false).
  --
      BiCGStab converged successfully
      BiCGStab solver returned 3
      BiCGStab solver returned 3
      BiCGStab solver returned 3
  ----
  dt: 0.005
    Vlasov    : 6.65617e-06 (time scale), 751.182 (CFL)
    Collisions: 1.79769e+308 (time scale), 0 (CFL)
  ----
  Distribution Function Extrema:
    Species 0:	1.43513e+51 [max]	-1.22071e+51 [min]
    Species 1:	1.43512e+51 [max]	-1.2207e+51 [min]

Step 3 completed, simulation time is 0.015
----

Step 4
      BiCGStab solver returned 3
  --
  Warning: fixed time step may be higher than the stable time step.
  Stable time step = 3.79366e-15.
  You may reduce the specified dt or enable subiteration by setting
  simulation.fixed_dt_subiteration = true (default:false).
  --
      BiCGStab solver returned 3
      BiCGStab solver returned 3
      BiCGStab solver returned 3
      BiCGStab solver returned 2
  ----
  dt: 0.005
    Vlasov    : 4.86041e-15 (time scale), 1.02872e+12 (CFL)
    Collisions: 1.79769e+308 (time scale), 0 (CFL)
  ----
  Distribution Function Extrema:
    Species 0:	-1e+99 [max]	1e+99 [min]
    Species 1:	-1e+99 [max]	1e+99 [min]

Step 4 completed, simulation time is 0.02
----

Step 5
      BiCGStab solver returned 2
  --
  Warning: fixed time step may be higher than the stable time step.
  Stable time step = 1.49121e-05.
  You may reduce the specified dt or enable subiteration by setting
  simulation.fixed_dt_subiteration = true (default:false).
  --
      BiCGStab solver returned 2
      BiCGStab solver returned 2
      BiCGStab solver returned 2
      BiCGStab solver returned 2
  ----
  dt: 0.005
    Vlasov    : 1.91053e-05 (time scale), 261.707 (CFL)
    Collisions: 1.79769e+308 (time scale), 0 (CFL)
  ----
  Distribution Function Extrema:
    Species 0:	-1e+99 [max]	1e+99 [min]
    Species 1:	-1e+99 [max]	1e+99 [min]

Step 5 completed, simulation time is 0.025
----

Step 6
      BiCGStab solver returned 2
  --
  Warning: fixed time step may be higher than the stable time step.
  Stable time step = 1.49121e-05.
  You may reduce the specified dt or enable subiteration by setting
  simulation.fixed_dt_subiteration = true (default:false).
  --
      BiCGStab solver returned 2
      BiCGStab solver returned 2
srun: got SIGCONT
srun: Job step aborted: Waiting up to 32 seconds for job step to finish.
slurmstepd: *** STEP 2470117.0 ON nid01212 CANCELLED AT 2016-06-06T11:04:51 ***
slurmstepd: *** JOB 2470117 ON nid01212 CANCELLED AT 2016-06-06T11:04:51 ***
srun: forcing job termination
srun: forcing job termination
