**** cellSp[0] = 0.0981748,  cellSp[1] = 0.0490874
**** dimensions = 64, 128
**** cellSp[0] = 0.0981748,  cellSp[1] = 0.0490874
**** dimensions = 64, 128
**** cellSp[0] = 0.0981748,  cellSp[1] = 0.0490874
**** dimensions = 64, 128
**** cellSp[0] = 0.0981748,  cellSp[1] = 0.0490874
**** dimensions = 64, 128
**** cellSp[0] = 0.0981748,  cellSp[1] = 0.0490874
**** dimensions = 64, 128
**** cellSp[0] = 0.0981748,  cellSp[1] = 0.0490874
**** dimensions = 64, 128
**** cellSp[0] = 0.0981748,  cellSp[1] = 0.0490874
**** dimensions = 64, 128
**** cellSp[0] = 0.0981748,  cellSp[1] = 0.0490874
**** dimensions = 64, 128
**** cellSp[0] = 0.0981748,  cellSp[1] = 0.0490874
**** dimensions = 64, 128
**** cellSp[0] = 0.0981748,  cellSp[1] = 0.0490874
**** dimensions = 64, 128
**** cellSp[0] = 0.0981748,  cellSp[1] = 0.0490874
**** dimensions = 64, 128
**** cellSp[0] = 0.0981748,  cellSp[1] = 0.0490874
**** dimensions = 64, 128
**** cellSp[0] = 0.0981748,  cellSp[1] = 0.0490874
**** dimensions = 64, 128
**** cellSp[0] = 0.0981748,  cellSp[1] = 0.0490874
**** dimensions = 64, 128
**** cellSp[0] = 0.0981748,  cellSp[1] = 0.0490874
**** dimensions = 64, 128
**** cellSp[0] = 0.0981748,  cellSp[1] = 0.0490874
**** dimensions = 64, 128
**** cellSp[0] = 0.0981748,  cellSp[1] = 0.0490874
**** dimensions = 64, 128
**** cellSp[0] = 0.0981748,  cellSp[1] = 0.0490874
**** dimensions = 64, 128
**** cellSp[0] = 0.0981748,  cellSp[1] = 0.0490874
**** dimensions = 64, 128
**** cellSp[0] = 0.0981748,  cellSp[1] = 0.0490874
**** dimensions = 64, 128
**** cellSp[0] = 0.0981748,  cellSp[1] = 0.0490874
**** dimensions = 64, 128
**** cellSp[0] = 0.0981748,  cellSp[1] = 0.0490874
**** dimensions = 64, 128
**** cellSp[0] = 0.0981748,  cellSp[1] = 0.0490874
**** dimensions = 64, 128
**** cellSp[0] = 0.0981748,  cellSp[1] = 0.0490874
**** dimensions = 64, 128
**** cellSp[0] = 0.0981748,  cellSp[1] = 0.0490874
**** dimensions = 64, 128
**** cellSp[0] = 0.0981748,  cellSp[1] = 0.0490874
**** dimensions = 64, 128
**** cellSp[0] = 0.0981748,  cellSp[1] = 0.0490874
**** dimensions = 64, 128
**** cellSp[0] = 0.0981748,  cellSp[1] = 0.0490874
**** dimensions = 64, 128
**** cellSp[0] = 0.0981748,  cellSp[1] = 0.0490874
**** dimensions = 64, 128
**** cellSp[0] = 0.0981748,  cellSp[1] = 0.0490874
**** dimensions = 64, 128
** GKUnits ***********************************************************

==== Fundamental Units ===============================================
  NUMBER DENSITY    [1/m^3]: 1e+20
  TEMPERATURE           [eV]: 1000
  LENGTH                [m]: 1
  MASS                 [AMU]: 1
  MAGNETIC FIELD        [T]: 1
  CHARGE                [C]: 1.60218e-19
  BOLTZMANN CONSTANT  [J/K]: 1.38065e-23
  ELECTRIC CONSTANT   [F/m]: 8.85419e-12
  MAGNETIC CONSTANT   [H/m]: 1.25664e-06

==== Derived Units ===================================================

  THERMAL SPEED       [m/s]: 309497
  TRANSIT TIME          [s]: 3.23105e-06
  MAGNETIC MOMENT     [J/T]: 8.01088e-17
  DIST. FUNCTION [s/(Am^6)]: 1073.7
  POTENTIAL             [V]: 1000
  GYROFREQUENCY       [1/s]: 9.57883e+07
  GYRORADIUS            [m]: 0.00323105
  DEBYE LENGTH          [m]: 2.35082e-05

==== Dimensionless Parameters =========================================
**** cellSp[0] = 0.0981748,  cellSp[1] = 0.0490874
**** dimensions = 64, 128

  LARMOR NUMBER            : 0.00323105
  DEBYE NUMBER             : 2.35082e-05

***********************************************************************
**** cellSp[0] = 0.0981748,  cellSp[1] = 0.0490874
**** dimensions = 64, 128
Constructing slab geometry...
xmax = 0.02, ymax = 0.02
Bz_inner = 3, Bz_outer = 3
By_inner  = 0
**** cellSp[0] = 0.0981748,  cellSp[1] = 0.0490874
**** dimensions = 64, 128
Done constructing slab geometry
   Configuration space box ((0,0) (7,15) (0,0)) is assigned to process 0
   Configuration space box ((8,0) (15,15) (0,0)) is assigned to process 1
   Configuration space box ((16,0) (23,15) (0,0)) is assigned to process 2
   Configuration space box ((24,0) (31,15) (0,0)) is assigned to process 3
   Configuration space box ((32,0) (39,15) (0,0)) is assigned to process 4
   Configuration space box ((40,0) (47,15) (0,0)) is assigned to process 5
   Configuration space box ((48,0) (55,15) (0,0)) is assigned to process 6
   Configuration space box ((56,0) (63,15) (0,0)) is assigned to process 7
   Configuration space box ((0,16) (7,31) (0,0)) is assigned to process 8
   Configuration space box ((8,16) (15,31) (0,0)) is assigned to process 9
   Configuration space box ((16,16) (23,31) (0,0)) is assigned to process 10
   Configuration space box ((24,16) (31,31) (0,0)) is assigned to process 11
   Configuration space box ((32,16) (39,31) (0,0)) is assigned to process 12
   Configuration space box ((40,16) (47,31) (0,0)) is assigned to process 13
   Configuration space box ((48,16) (55,31) (0,0)) is assigned to process 14
   Configuration space box ((56,16) (63,31) (0,0)) is assigned to process 15
   Configuration space box ((0,32) (7,47) (0,0)) is assigned to process 16
   Configuration space box ((8,32) (15,47) (0,0)) is assigned to process 17
   Configuration space box ((16,32) (23,47) (0,0)) is assigned to process 18
   Configuration space box ((24,32) (31,47) (0,0)) is assigned to process 19
   Configuration space box ((32,32) (39,47) (0,0)) is assigned to process 20
   Configuration space box ((40,32) (47,47) (0,0)) is assigned to process 21
   Configuration space box ((48,32) (55,47) (0,0)) is assigned to process 22
   Configuration space box ((56,32) (63,47) (0,0)) is assigned to process 23
   Configuration space box ((0,48) (7,63) (0,0)) is assigned to process 24
   Configuration space box ((8,48) (15,63) (0,0)) is assigned to process 25
   Configuration space box ((16,48) (23,63) (0,0)) is assigned to process 26
   Configuration space box ((24,48) (31,63) (0,0)) is assigned to process 27
   Configuration space box ((32,48) (39,63) (0,0)) is assigned to process 28
   Configuration space box ((40,48) (47,63) (0,0)) is assigned to process 29
   Configuration space box ((48,48) (55,63) (0,0)) is assigned to process 30
   Configuration space box ((56,48) (63,63) (0,0)) is assigned to process 31
   Configuration space box ((0,64) (7,79) (0,0)) is assigned to process 32
   Configuration space box ((8,64) (15,79) (0,0)) is assigned to process 33
   Configuration space box ((16,64) (23,79) (0,0)) is assigned to process 34
   Configuration space box ((24,64) (31,79) (0,0)) is assigned to process 35
   Configuration space box ((32,64) (39,79) (0,0)) is assigned to process 36
   Configuration space box ((40,64) (47,79) (0,0)) is assigned to process 37
   Configuration space box ((48,64) (55,79) (0,0)) is assigned to process 38
   Configuration space box ((56,64) (63,79) (0,0)) is assigned to process 39
   Configuration space box ((0,80) (7,95) (0,0)) is assigned to process 40
   Configuration space box ((8,80) (15,95) (0,0)) is assigned to process 41
   Configuration space box ((16,80) (23,95) (0,0)) is assigned to process 42
   Configuration space box ((24,80) (31,95) (0,0)) is assigned to process 43
   Configuration space box ((32,80) (39,95) (0,0)) is assigned to process 44
   Configuration space box ((40,80) (47,95) (0,0)) is assigned to process 45
   Configuration space box ((48,80) (55,95) (0,0)) is assigned to process 46
   Configuration space box ((56,80) (63,95) (0,0)) is assigned to process 47
   Configuration space box ((0,96) (7,111) (0,0)) is assigned to process 48
   Configuration space box ((8,96) (15,111) (0,0)) is assigned to process 49
   Configuration space box ((16,96) (23,111) (0,0)) is assigned to process 50
   Configuration space box ((24,96) (31,111) (0,0)) is assigned to process 51
   Configuration space box ((32,96) (39,111) (0,0)) is assigned to process 52
   Configuration space box ((40,96) (47,111) (0,0)) is assigned to process 53
   Configuration space box ((48,96) (55,111) (0,0)) is assigned to process 54
   Configuration space box ((56,96) (63,111) (0,0)) is assigned to process 55
   Configuration space box ((0,112) (7,127) (0,0)) is assigned to process 56
**** cellSp[0] = 0.0981748,  cellSp[1] = 0.0490874
**** dimensions = 64, 128
**** cellSp[0] = 0.0981748,  cellSp[1] = 0.0490874
**** dimensions = 64, 128
**** cellSp[0] = 0.0981748,  cellSp[1] = 0.0490874
**** dimensions = 64, 128
**** cellSp[0] = 0.0981748,  cellSp[1] = 0.0490874
**** dimensions = 64, 128
**** cellSp[0] = 0.0981748,  cellSp[1] = 0.0490874
**** dimensions = 64, 128
**** cellSp[0] = 0.0981748,  cellSp[1] = 0.0490874
**** dimensions = 64, 128
**** cellSp[0] = 0.0981748,  cellSp[1] = 0.0490874
**** dimensions = 64, 128
**** cellSp[0] = 0.0981748,  cellSp[1] = 0.0490874
**** dimensions = 64, 128
**** cellSp[0] = 0.0981748,  cellSp[1] = 0.0490874
**** dimensions = 64, 128
**** cellSp[0] = 0.0981748,  cellSp[1] = 0.0490874
**** dimensions = 64, 128
**** cellSp[0] = 0.0981748,  cellSp[1] = 0.0490874
**** dimensions = 64, 128
**** cellSp[0] = 0.0981748,  cellSp[1] = 0.0490874
**** dimensions = 64, 128
**** cellSp[0] = 0.0981748,  cellSp[1] = 0.0490874
**** dimensions = 64, 128
**** cellSp[0] = 0.0981748,  cellSp[1] = 0.0490874
**** dimensions = 64, 128
**** cellSp[0] = 0.0981748,  cellSp[1] = 0.0490874
**** dimensions = 64, 128
**** cellSp[0] = 0.0981748,  cellSp[1] = 0.0490874
**** dimensions = 64, 128
**** cellSp[0] = 0.0981748,  cellSp[1] = 0.0490874
**** dimensions = 64, 128
**** cellSp[0] = 0.0981748,  cellSp[1] = 0.0490874
**** dimensions = 64, 128
**** cellSp[0] = 0.0981748,  cellSp[1] = 0.0490874
**** dimensions = 64, 128
**** cellSp[0] = 0.0981748,  cellSp[1] = 0.0490874
**** dimensions = 64, 128
**** cellSp[0] = 0.0981748,  cellSp[1] = 0.0490874
**** dimensions = 64, 128
**** cellSp[0] = 0.0981748,  cellSp[1] = 0.0490874
**** dimensions = 64, 128
**** cellSp[0] = 0.0981748,  cellSp[1] = 0.0490874
**** dimensions = 64, 128
**** cellSp[0] = 0.0981748,  cellSp[1] = 0.0490874
**** dimensions = 64, 128
**** cellSp[0] = 0.0981748,  cellSp[1] = 0.0490874
**** dimensions = 64, 128
**** cellSp[0] = 0.0981748,  cellSp[1] = 0.0490874
**** dimensions = 64, 128
**** cellSp[0] = 0.0981748,  cellSp[1] = 0.0490874
**** dimensions = 64, 128
**** cellSp[0] = 0.0981748,  cellSp[1] = 0.0490874
**** dimensions = 64, 128
**** cellSp[0] = 0.0981748,  cellSp[1] = 0.0490874
**** dimensions = 64, 128
**** cellSp[0] = 0.0981748,  cellSp[1] = 0.0490874
**** dimensions = 64, 128
**** cellSp[0] = 0.0981748,  cellSp[1] = 0.0490874
**** dimensions = 64, 128
   Phase space box ((48,64,-32,0) (55,79,31,31) (0,0,0,0)) is assigned to process 38, has 262144 valid cells and 843776 ghost cells
   Phase space box ((40,112,-32,0) (47,127,31,31) (0,0,0,0)) is assigned to process 61, has 262144 valid cells and 843776 ghost cells
   Phase space box ((0,64,-32,0) (7,79,31,31) (0,0,0,0)) is assigned to process 32, has 262144 valid cells and 843776 ghost cells
   Phase space box ((8,64,-32,0) (15,79,31,31) (0,0,0,0)) is assigned to process 33, has 262144 valid cells and 843776 ghost cells
   Phase space box ((16,64,-32,0) (23,79,31,31) (0,0,0,0)) is assigned to process 34, has 262144 valid cells and 843776 ghost cells
   Phase space box ((40,64,-32,0) (47,79,31,31) (0,0,0,0)) is assigned to process 37, has 262144 valid cells and 843776 ghost cells
   Phase space box ((56,64,-32,0) (63,79,31,31) (0,0,0,0)) is assigned to process 39, has 262144 valid cells and 843776 ghost cells
   Phase space box ((0,80,-32,0) (7,95,31,31) (0,0,0,0)) is assigned to process 40, has 262144 valid cells and 843776 ghost cells
   Phase space box ((8,80,-32,0) (15,95,31,31) (0,0,0,0)) is assigned to process 41, has 262144 valid cells and 843776 ghost cells
   Phase space box ((16,80,-32,0) (23,95,31,31) (0,0,0,0)) is assigned to process 42, has 262144 valid cells and 843776 ghost cells
   Phase space box ((24,80,-32,0) (31,95,31,31) (0,0,0,0)) is assigned to process 43, has 262144 valid cells and 843776 ghost cells
   Phase space box ((40,80,-32,0) (47,95,31,31) (0,0,0,0)) is assigned to process 45, has 262144 valid cells and 843776 ghost cells
   Phase space box ((48,80,-32,0) (55,95,31,31) (0,0,0,0)) is assigned to process 46, has 262144 valid cells and 843776 ghost cells
   Phase space box ((16,96,-32,0) (23,111,31,31) (0,0,0,0)) is assigned to process 50, has 262144 valid cells and 843776 ghost cells
   Phase space box ((24,96,-32,0) (31,111,31,31) (0,0,0,0)) is assigned to process 51, has 262144 valid cells and 843776 ghost cells
   Phase space box ((32,96,-32,0) (39,111,31,31) (0,0,0,0)) is assigned to process 52, has 262144 valid cells and 843776 ghost cells
   Phase space box ((40,96,-32,0) (47,111,31,31) (0,0,0,0)) is assigned to process 53, has 262144 valid cells and 843776 ghost cells
   Phase space box ((48,96,-32,0) (55,111,31,31) (0,0,0,0)) is assigned to process 54, has 262144 valid cells and 843776 ghost cells
   Phase space box ((56,96,-32,0) (63,111,31,31) (0,0,0,0)) is assigned to process 55, has 262144 valid cells and 843776 ghost cells
   Phase space box ((24,112,-32,0) (31,127,31,31) (0,0,0,0)) is assigned to process 59, has 262144 valid cells and 843776 ghost cells
   Phase space box ((32,112,-32,0) (39,127,31,31) (0,0,0,0)) is assigned to process 60, has 262144 valid cells and 843776 ghost cells
   Configuration space box ((8,112) (15,127) (0,0)) is assigned to process 57
   Configuration space box ((16,112) (23,127) (0,0)) is assigned to process 58
   Configuration space box ((24,112) (31,127) (0,0)) is assigned to process 59
   Configuration space box ((32,112) (39,127) (0,0)) is assigned to process 60
   Configuration space box ((40,112) (47,127) (0,0)) is assigned to process 61
   Configuration space box ((48,112) (55,127) (0,0)) is assigned to process 62
   Configuration space box ((56,112) (63,127) (0,0)) is assigned to process 63
Constructing magnetic geometry
   Phase space box ((48,112,-32,0) (55,127,31,31) (0,0,0,0)) is assigned to process 62, has 262144 valid cells and 843776 ghost cells
Done constructing magnetic geometry
   Velocity space box ((-32,0) (-25,7) (0,0)) is assigned to process 0
   Velocity space box ((-24,0) (-17,7) (0,0)) is assigned to process 1
   Velocity space box ((-16,0) (-9,7) (0,0)) is assigned to process 2
   Velocity space box ((-8,0) (-1,7) (0,0)) is assigned to process 3
   Velocity space box ((0,0) (7,7) (0,0)) is assigned to process 4
   Velocity space box ((8,0) (15,7) (0,0)) is assigned to process 5
   Velocity space box ((16,0) (23,7) (0,0)) is assigned to process 6
   Velocity space box ((24,0) (31,7) (0,0)) is assigned to process 7
   Velocity space box ((-32,8) (-25,15) (0,0)) is assigned to process 8
   Phase space box ((56,112,-32,0) (63,127,31,31) (0,0,0,0)) is assigned to process 63, has 262144 valid cells and 843776 ghost cells
   Velocity space box ((-24,8) (-17,15) (0,0)) is assigned to process 9
   Velocity space box ((-16,8) (-9,15) (0,0)) is assigned to process 10
   Velocity space box ((-8,8) (-1,15) (0,0)) is assigned to process 11
   Velocity space box ((0,8) (7,15) (0,0)) is assigned to process 12
   Velocity space box ((8,8) (15,15) (0,0)) is assigned to process 13
   Velocity space box ((16,8) (23,15) (0,0)) is assigned to process 14
   Velocity space box ((24,8) (31,15) (0,0)) is assigned to process 15
   Velocity space box ((-32,16) (-25,23) (0,0)) is assigned to process 16
   Velocity space box ((-24,16) (-17,23) (0,0)) is assigned to process 17
   Velocity space box ((-16,16) (-9,23) (0,0)) is assigned to process 18
   Velocity space box ((-8,16) (-1,23) (0,0)) is assigned to process 19
   Velocity space box ((0,16) (7,23) (0,0)) is assigned to process 20
   Velocity space box ((8,16) (15,23) (0,0)) is assigned to process 21
   Velocity space box ((16,16) (23,23) (0,0)) is assigned to process 22
   Velocity space box    Phase space box ((24,64,-32,0) (31,79,31,31) (0,0,0,0)) is assigned to process 35, has 262144 valid cells and 843776 ghost cells
((24,16) (31,23) (0,0)) is assigned to process 23
   Velocity space box ((-32,24) (-25,31) (0,0)) is assigned to process 24
   Velocity space box ((-24,24) (-17,31) (0,0)) is assigned to process 25
   Velocity space box ((-16,24) (-9,31) (0,0)) is assigned to process 26
   Velocity space box ((-8,24) (-1,31) (0,0)) is assigned to process 27
   Velocity space box ((0,24) (7,31) (0,0)) is assigned to process 28
   Velocity space box ((8,24) (15,31) (0,0)) is assigned to process 29
   Velocity space box ((16,24) (23,31) (0,0)) is assigned to process 30
   Velocity space box ((24,24) (31,31) (0,0)) is assigned to process 31
   Phase space box ((32,64,-32,0) (39,79,31,31) (0,0,0,0)) is assigned to process 36, has 262144 valid cells and 843776 ghost cells
   Phase space box ((48,0,-32,0) (55,15,31,31) (0,0,0,0)) is assigned to process 6, has 262144 valid cells and 843776 ghost cells
   Phase space box ((32,80,-32,0) (39,95,31,31) (0,0,0,0)) is assigned to process 44, has 262144 valid cells and 843776 ghost cells
   Phase space box ((40,32,-32,0) (47,47,31,31) (0,0,0,0)) is assigned to process 21, has 262144 valid cells and 843776 ghost cells
   Phase space box ((56,80,-32,0) (63,95,31,31) (0,0,0,0)) is assigned to process 47, has 262144 valid cells and 843776 ghost cells
   Phase space box ((8,0,-32,0) (15,15,31,31) (0,0,0,0)) is assigned to process 1, has 262144 valid cells and 843776 ghost cells
   Phase space box ((0,96,-32,0) (7,111,31,31) (0,0,0,0)) is assigned to process 48, has 262144 valid cells and 843776 ghost cells
   Phase space box ((24,0,-32,0) (31,15,31,31) (0,0,0,0)) is assigned to process 3, has 262144 valid cells and 843776 ghost cells
   Phase space box ((8,96,-32,0) (15,111,31,31) (0,0,0,0)) is assigned to process 49, has 262144 valid cells and 843776 ghost cells
   Phase space box ((32,0,-32,0) (39,15,31,31) (0,0,0,0)) is assigned to process 4, has 262144 valid cells and 843776 ghost cells
   Phase space box ((0,112,-32,0) (7,127,31,31) (0,0,0,0)) is assigned to process 56, has 262144 valid cells and 843776 ghost cells
   Phase space box ((40,0,-32,0) (47,15,31,31) (0,0,0,0)) is assigned to process 5, has 262144 valid cells and 843776 ghost cells
   Phase space box ((8,112,-32,0) (15,127,31,31) (0,0,0,0)) is assigned to process 57, has 262144 valid cells and 843776 ghost cells
   Phase space box ((56,0,-32,0) (63,15,31,31) (0,0,0,0)) is assigned to process 7, has 262144 valid cells and 843776 ghost cells
   Phase space box ((16,112,-32,0) (23,127,31,31) (0,0,0,0)) is assigned to process 58, has 262144 valid cells and 843776 ghost cells
   Phase space box ((8,16,-32,0) (15,31,31,31) (0,0,0,0)) is assigned to process 9, has 262144 valid cells and 843776 ghost cells
   Phase space box ((16,16,-32,0) (23,31,31,31) (0,0,0,0)) is assigned to process 10, has 262144 valid cells and 843776 ghost cells
   Phase space box ((24,16,-32,0) (31,31,31,31) (0,0,0,0)) is assigned to process 11, has 262144 valid cells and 843776 ghost cells
   Phase space box ((40,16,-32,0) (47,31,31,31) (0,0,0,0)) is assigned to process 13, has 262144 valid cells and 843776 ghost cells
   Phase space box ((56,16,-32,0) (63,31,31,31) (0,0,0,0)) is assigned to process 15, has 262144 valid cells and 843776 ghost cells
   Phase space box ((0,32,-32,0) (7,47,31,31) (0,0,0,0)) is assigned to process 16, has 262144 valid cells and 843776 ghost cells
   Phase space box ((8,32,-32,0) (15,47,31,31) (0,0,0,0)) is assigned to process 17, has 262144 valid cells and 843776 ghost cells
   Phase space box ((16,32,-32,0) (23,47,31,31) (0,0,0,0)) is assigned to process 18, has 262144 valid cells and 843776 ghost cells
   Phase space box ((48,32,-32,0) (55,47,31,31) (0,0,0,0)) is assigned to process 22, has 262144 valid cells and 843776 ghost cells
   Phase space box ((56,32,-32,0) (63,47,31,31) (0,0,0,0)) is assigned to process 23, has 262144 valid cells and 843776 ghost cells
   Phase space box ((0,48,-32,0) (7,63,31,31) (0,0,0,0)) is assigned to process 24, has 262144 valid cells and 843776 ghost cells
   Phase space box ((8,48,-32,0) (15,63,31,31) (0,0,0,0)) is assigned to process 25, has 262144 valid cells and 843776 ghost cells
   Phase space box ((16,48,-32,0) (23,63,31,31) (0,0,0,0)) is assigned to process 26, has 262144 valid cells and 843776 ghost cells
   Phase space box ((24,48,-32,0) (31,63,31,31) (0,0,0,0)) is assigned to process 27, has 262144 valid cells and 843776 ghost cells
   Phase space box ((32,48,-32,0) (39,63,31,31) (0,0,0,0)) is assigned to process 28, has 262144 valid cells and 843776 ghost cells
   Phase space box ((40,48,-32,0) (47,63,31,31) (0,0,0,0)) is assigned to process 29, has 262144 valid cells and 843776 ghost cells
   Phase space box ((48,48,-32,0) (55,63,31,31) (0,0,0,0)) is assigned to process 30, has 262144 valid cells and 843776 ghost cells
   Phase space box ((0,0,-32,0) (7,15,31,31) (0,0,0,0)) is assigned to process 0, has 262144 valid cells and 843776 ghost cells
   Phase space box ((16,0,-32,0) (23,15,31,31) (0,0,0,0)) is assigned to process 2, has 262144 valid cells and 843776 ghost cells
   Phase space box ((0,16,-32,0) (7,31,31,31) (0,0,0,0)) is assigned to process 8, has 262144 valid cells and 843776 ghost cells
   Phase space box ((32,16,-32,0) (39,31,31,31) (0,0,0,0)) is assigned to process 12, has 262144 valid cells and 843776 ghost cells
   Phase space box ((48,16,-32,0) (55,31,31,31) (0,0,0,0)) is assigned to process 14, has 262144 valid cells and 843776 ghost cells
   Phase space box ((24,32,-32,0) (31,47,31,31) (0,0,0,0)) is assigned to process 19, has 262144 valid cells and 843776 ghost cells
   Phase space box ((32,32,-32,0) (39,47,31,31) (0,0,0,0)) is assigned to process 20, has 262144 valid cells and 843776 ghost cells
   Phase space box ((56,48,-32,0) (63,63,31,31) (0,0,0,0)) is assigned to process 31, has 262144 valid cells and 843776 ghost cells
Adding species and constructing gyrocenter coordinates...
   hydrogen: kinetic species with mass = 2, charge = 1
Done adding species and constructing coordinates

Grid Function Library =========================

"Ion_vpar_grid_func":
Constant grid function parameters:
  value: 0

"N0_grid_func":
Arbitrary grid function parameters:
  function: 1.0*exp(-(x-pi)/(2*pi*0.01/0.02))+0.001*cos(2*y)*exp(-(x-pi)/(2*pi*0.01/0.02))

"T0_grid_func":
Cosine grid function parameters:
  constant: 0.2
  amplitude: 0
  mode: (1,0)
  phase: (0,0)

"eN0_grid_func":
Arbitrary grid function parameters:
  function: 1.0*exp(-(x-pi)/(2*pi*0.01/0.02))

"eT0_grid_func":
Cosine grid function parameters:
  constant: 0.2
  amplitude: 0
  mode: (1,0)
  phase: (0,0)

"ele_vpar_grid_func":
Constant grid function parameters:
  value: 0

"zero_grid_func":
Constant grid function parameters:
  value: 0

===============================================

Kinetic Function Library =========================

"maxwellian_electron_phase_func":
Maxwellian kinetic function parameters:
-- Density --
Arbitrary grid function parameters:
  function: 1.0*exp(-(x-pi)/(2*pi*0.01/0.02))

-- Temperature --
Cosine grid function parameters:
  constant: 0.2
  amplitude: 0
  mode: (1,0)
  phase: (0,0)

-- Vparallel --
Constant grid function parameters:
  value: 0


"maxwellian_phase_func":
Maxwellian kinetic function parameters:
-- Density --
Arbitrary grid function parameters:
  function: 1.0*exp(-(x-pi)/(2*pi*0.01/0.02))+0.001*cos(2*y)*exp(-(x-pi)/(2*pi*0.01/0.02))

-- Temperature --
Cosine grid function parameters:
  constant: 0.2
  amplitude: 0
  mode: (1,0)
  phase: (0,0)

-- Vparallel --
Constant grid function parameters:
  value: 0


==================================================

SlabPotentialBC ================================
- variable: potential-------------
  radial_lower: 
     bc_type  = 1
     bc_value = 0
  radial_upper: 
     bc_type  = 1
     bc_value = 0
  poloidal_lower: 
     bc_type  = 1
     bc_value = 0
  poloidal_upper: 
     bc_type  = 1
     bc_value = 0
-----------------------------------------------
===============================================

SlabPhaseBC ================================
- variable: hydrogen-------------
  radial_lower: 
Maxwellian kinetic function parameters:
-- Density --
Arbitrary grid function parameters:
  function: 1.0*exp(-(x-pi)/(2*pi*0.01/0.02))+0.001*cos(2*y)*exp(-(x-pi)/(2*pi*0.01/0.02))

-- Temperature --
Cosine grid function parameters:
  constant: 0.2
  amplitude: 0
  mode: (1,0)
  phase: (0,0)

-- Vparallel --
Constant grid function parameters:
  value: 0


  radial_upper: 
Maxwellian kinetic function parameters:
-- Density --
Arbitrary grid function parameters:
  function: 1.0*exp(-(x-pi)/(2*pi*0.01/0.02))+0.001*cos(2*y)*exp(-(x-pi)/(2*pi*0.01/0.02))

-- Temperature --
Cosine grid function parameters:
  constant: 0.2
  amplitude: 0
  mode: (1,0)
  phase: (0,0)

-- Vparallel --
Constant grid function parameters:
  value: 0


  poloidal_lower: 
Maxwellian kinetic function parameters:
-- Density --
Arbitrary grid function parameters:
  function: 1.0*exp(-(x-pi)/(2*pi*0.01/0.02))+0.001*cos(2*y)*exp(-(x-pi)/(2*pi*0.01/0.02))

-- Temperature --
Cosine grid function parameters:
  constant: 0.2
  amplitude: 0
  mode: (1,0)
  phase: (0,0)

-- Vparallel --
Constant grid function parameters:
  value: 0


  poloidal_upper: 
Maxwellian kinetic function parameters:
-- Density --
Arbitrary grid function parameters:
  function: 1.0*exp(-(x-pi)/(2*pi*0.01/0.02))+0.001*cos(2*y)*exp(-(x-pi)/(2*pi*0.01/0.02))

-- Temperature --
Cosine grid function parameters:
  constant: 0.2
  amplitude: 0
  mode: (1,0)
  phase: (0,0)

-- Vparallel --
Constant grid function parameters:
  value: 0


  vpar_lower: 
Maxwellian kinetic function parameters:
-- Density --
Arbitrary grid function parameters:
  function: 1.0*exp(-(x-pi)/(2*pi*0.01/0.02))+0.001*cos(2*y)*exp(-(x-pi)/(2*pi*0.01/0.02))

-- Temperature --
Cosine grid function parameters:
  constant: 0.2
  amplitude: 0
  mode: (1,0)
  phase: (0,0)

-- Vparallel --
Constant grid function parameters:
  value: 0


  vpar_upper: 
Maxwellian kinetic function parameters:
-- Density --
Arbitrary grid function parameters:
  function: 1.0*exp(-(x-pi)/(2*pi*0.01/0.02))+0.001*cos(2*y)*exp(-(x-pi)/(2*pi*0.01/0.02))

-- Temperature --
Cosine grid function parameters:
  constant: 0.2
  amplitude: 0
  mode: (1,0)
  phase: (0,0)

-- Vparallel --
Constant grid function parameters:
  value: 0


  mu_lower: 
Maxwellian kinetic function parameters:
-- Density --
Arbitrary grid function parameters:
  function: 1.0*exp(-(x-pi)/(2*pi*0.01/0.02))+0.001*cos(2*y)*exp(-(x-pi)/(2*pi*0.01/0.02))

-- Temperature --
Cosine grid function parameters:
  constant: 0.2
  amplitude: 0
  mode: (1,0)
  phase: (0,0)

-- Vparallel --
Constant grid function parameters:
  value: 0


  mu_upper: 
Maxwellian kinetic function parameters:
-- Density --
Arbitrary grid function parameters:
  function: 1.0*exp(-(x-pi)/(2*pi*0.01/0.02))+0.001*cos(2*y)*exp(-(x-pi)/(2*pi*0.01/0.02))

-- Temperature --
Cosine grid function parameters:
  constant: 0.2
  amplitude: 0
  mode: (1,0)
  phase: (0,0)

-- Vparallel --
Constant grid function parameters:
  value: 0


-----------------------------------------------
===============================================
No collision model specified for hydrogen.
Collision model for 0	hydrogen:	None
Time integration method: rk (4)
      AMG solver residual = 0.000809191 after 2 iterations
      AMG solver residual = 0.00196236 after 2 iterations
      AMG solver residual = 0.000819574 after 2 iterations
      AMG solver residual = 0.0013515 after 2 iterations
  Distribution Function Extrema:
    Species 0:	0.000441842 [max]	-1.8262e-36 [min]


Step 1
      AMG solver residual = 0.00622208 after 1 iterations
  --
  Subiteration:1 of 1
      AMG solver residual = 0.000744834 after 2 iterations
      AMG solver residual = 0.0016304 after 2 iterations
      AMG solver residual = 0.000813295 after 2 iterations
      AMG solver residual = 0.000808903 after 2 iterations
      AMG solver residual = 0.00196231 after 2 iterations
      AMG solver residual = 0.000864556 after 2 iterations
      AMG solver residual = 0.000755208 after 2 iterations
      AMG solver residual = 0.0015611 after 2 iterations
      AMG solver residual = 0.000761633 after 2 iterations
  ----
  dt: 0.05
    dt scales:  2.73382 (Vlasov)  1.79769e+308 (Collisions)  
    CFL:  0.0182894 (Vlasov)  0 (Collisions)
  ----
  Distribution Function Extrema:
    Species 0:	0.000441842 [max]	-1.82591e-36 [min]

Step 1 completed, simulation time is 0.05
----

Step 2
      AMG solver residual = 0.000746844 after 2 iterations
      AMG solver residual = 0.00175717 after 2 iterations
      AMG solver residual = 0.000883088 after 2 iterations
  --
  Subiteration:1 of 1
      AMG solver residual = 0.000769131 after 2 iterations
      AMG solver residual = 0.00158829 after 2 iterations
      AMG solver residual = 0.000689249 after 2 iterations
      AMG solver residual = 0.000786046 after 2 iterations
      AMG solver residual = 0.0020141 after 2 iterations
      AMG solver residual = 0.000714904 after 2 iterations
      AMG solver residual = 0.000790179 after 2 iterations
      AMG solver residual = 0.00170228 after 2 iterations
      AMG solver residual = 0.000668924 after 2 iterations
  ----
  dt: 0.05
    dt scales:  2.72173 (Vlasov)  1.79769e+308 (Collisions)  
    CFL:  0.0183706 (Vlasov)  0 (Collisions)
  ----
  Distribution Function Extrema:
    Species 0:	0.000441841 [max]	-1.82513e-36 [min]

Step 2 completed, simulation time is 0.1
----

Step 3
      AMG solver residual = 0.000753369 after 2 iterations
      AMG solver residual = 0.00156233 after 2 iterations
      AMG solver residual = 0.000365891 after 2 iterations
  --
  Subiteration:1 of 1
      AMG solver residual = 0.00080246 after 2 iterations
      AMG solver residual = 0.0018065 after 2 iterations
      AMG solver residual = 0.000726954 after 2 iterations
      AMG solver residual = 0.000752166 after 2 iterations
      AMG solver residual = 0.00183056 after 2 iterations
      AMG solver residual = 0.000675679 after 2 iterations
      AMG solver residual = 0.00080979 after 2 iterations
      AMG solver residual = 0.00193279 after 2 iterations
      AMG solver residual = 0.000804699 after 2 iterations
  ----
  dt: 0.05
    dt scales:  2.70555 (Vlasov)  1.79769e+308 (Collisions)  
    CFL:  0.0184806 (Vlasov)  0 (Collisions)
  ----
  Distribution Function Extrema:
    Species 0:	0.000441839 [max]	-1.82411e-36 [min]

Step 3 completed, simulation time is 0.15
----

Step 4
      AMG solver residual = 0.000787784 after 2 iterations
      AMG solver residual = 0.00168637 after 2 iterations
      AMG solver residual = 0.000324723 after 2 iterations
  --
  Subiteration:1 of 1
      AMG solver residual = 0.000806692 after 2 iterations
      AMG solver residual = 0.0019955 after 2 iterations
      AMG solver residual = 0.000798961 after 2 iterations
      AMG solver residual = 0.000747806 after 2 iterations
      AMG solver residual = 0.00158552 after 2 iterations
      AMG solver residual = 0.000565473 after 2 iterations
      AMG solver residual = 0.000792324 after 2 iterations
      AMG solver residual = 0.00202116 after 2 iterations
      AMG solver residual = 0.000715993 after 2 iterations
  ----
  dt: 0.05
    dt scales:  2.70008 (Vlasov)  1.79769e+308 (Collisions)  
    CFL:  0.018518 (Vlasov)  0 (Collisions)
  ----
  Distribution Function Extrema:
    Species 0:	0.000441835 [max]	-1.82318e-36 [min]

Step 4 completed, simulation time is 0.2
----

Step 5
      AMG solver residual = 0.000809504 after 2 iterations
      AMG solver residual = 0.00192115 after 2 iterations
      AMG solver residual = 0.000243201 after 2 iterations
  --
  Subiteration:1 of 1
      AMG solver residual = 0.000777181 after 2 iterations
      AMG solver residual = 0.00198886 after 2 iterations
      AMG solver residual = 0.00066142 after 2 iterations
      AMG solver residual = 0.00077857 after 2 iterations
      AMG solver residual = 0.00163116 after 2 iterations
      AMG solver residual = 0.000422946 after 2 iterations
      AMG solver residual = 0.000757151 after 2 iterations
      AMG solver residual = 0.00187589 after 2 iterations
      AMG solver residual = 0.000705493 after 2 iterations
  ----
  dt: 0.05
    dt scales:  2.68377 (Vlasov)  1.79769e+308 (Collisions)  
    CFL:  0.0186305 (Vlasov)  0 (Collisions)
  ----
  Distribution Function Extrema:
    Species 0:	0.00044183 [max]	-1.82262e-36 [min]

Step 5 completed, simulation time is 0.25
----

Step 6
      AMG solver residual = 0.000794209 after 2 iterations
      AMG solver residual = 0.00202301 after 2 iterations
      AMG solver residual = 0.000225689 after 2 iterations
  --
  Subiteration:1 of 1
      AMG solver residual = 0.000747355 after 2 iterations
      AMG solver residual = 0.00175967 after 2 iterations
      AMG solver residual = 0.000775281 after 2 iterations
      AMG solver residual = 0.000807314 after 2 iterations
      AMG solver residual = 0.00186664 after 2 iterations
      AMG solver residual = 0.000505297 after 2 iterations
      AMG solver residual = 0.000745704 after 2 iterations
      AMG solver residual = 0.00161436 after 2 iterations
      AMG solver residual = 0.000812041 after 2 iterations
  ----
  dt: 0.05
    dt scales:  2.69019 (Vlasov)  1.79769e+308 (Collisions)  
    CFL:  0.0185861 (Vlasov)  0 (Collisions)
  ----
  Distribution Function Extrema:
    Species 0:	0.000441826 [max]	-1.82172e-36 [min]

Step 6 completed, simulation time is 0.3
----

Step 7
      AMG solver residual = 0.000758782 after 2 iterations
      AMG solver residual = 0.00189248 after 2 iterations
      AMG solver residual = 0.000323321 after 2 iterations
  --
  Subiteration:1 of 1
      AMG solver residual = 0.000753362 after 2 iterations
      AMG solver residual = 0.00156381 after 2 iterations
      AMG solver residual = 0.000767065 after 2 iterations
      AMG solver residual = 0.00080228 after 2 iterations
      AMG solver residual = 0.00201728 after 2 iterations
      AMG solver residual = 0.000494898 after 2 iterations
      AMG solver residual = 0.000772309 after 2 iterations
      AMG solver residual = 0.00160131 after 2 iterations
      AMG solver residual = 0.000675301 after 2 iterations
  ----
  dt: 0.05
    dt scales:  2.62698 (Vlasov)  1.79769e+308 (Collisions)  
    CFL:  0.0190333 (Vlasov)  0 (Collisions)
  ----
  Distribution Function Extrema:
    Species 0:	0.000441826 [max]	-1.81662e-36 [min]

Step 7 completed, simulation time is 0.35
----

Step 8
      AMG solver residual = 0.000744958 after 2 iterations
      AMG solver residual = 0.00162751 after 2 iterations
      AMG solver residual = 0.000207606 after 2 iterations
  --
  Subiteration:1 of 1
      AMG solver residual = 0.000787931 after 2 iterations
      AMG solver residual = 0.00168659 after 2 iterations
      AMG solver residual = 0.000667483 after 2 iterations
      AMG solver residual = 0.000768257 after 2 iterations
      AMG solver residual = 0.00194973 after 2 iterations
      AMG solver residual = 0.000469988 after 2 iterations
      AMG solver residual = 0.000804639 after 2 iterations
      AMG solver residual = 0.00182764 after 2 iterations
      AMG solver residual = 0.000770682 after 2 iterations
  ----
  dt: 0.05
    dt scales:  2.56874 (Vlasov)  1.79769e+308 (Collisions)  
    CFL:  0.0194648 (Vlasov)  0 (Collisions)
  ----
  Distribution Function Extrema:
    Species 0:	0.000441831 [max]	-1.80684e-36 [min]

Step 8 completed, simulation time is 0.4
----

Step 9
      AMG solver residual = 0.000769695 after 2 iterations
      AMG solver residual = 0.00159118 after 2 iterations
      AMG solver residual = 0.000255062 after 2 iterations
  --
  Subiteration:1 of 1
      AMG solver residual = 0.000810006 after 2 iterations
      AMG solver residual = 0.00192074 after 2 iterations
      AMG solver residual = 0.000833653 after 2 iterations
      AMG solver residual = 0.000744717 after 2 iterations
      AMG solver residual = 0.00169108 after 2 iterations
      AMG solver residual = 0.000624661 after 2 iterations
      AMG solver residual = 0.000805668 after 2 iterations
      AMG solver residual = 0.00200541 after 2 iterations
      AMG solver residual = 0.00082402 after 2 iterations
  ----
  dt: 0.05
    dt scales:  2.54202 (Vlasov)  1.79769e+308 (Collisions)  
    CFL:  0.0196694 (Vlasov)  0 (Collisions)
  ----
  Distribution Function Extrema:
    Species 0:	0.000441838 [max]	-1.79323e-36 [min]

Step 9 completed, simulation time is 0.45
----

Step 10
      AMG solver residual = 0.000803411 after 2 iterations
      AMG solver residual = 0.00181196 after 2 iterations
      AMG solver residual = 0.000432732 after 2 iterations
  --
  Subiteration:1 of 1
      AMG solver residual = 0.000794863 after 2 iterations
      AMG solver residual = 0.00202441 after 2 iterations
      AMG solver residual = 0.000743679 after 2 iterations
      AMG solver residual = 0.000761043 after 2 iterations
      AMG solver residual = 0.00156746 after 2 iterations
      AMG solver residual = 0.000761126 after 2 iterations
      AMG solver residual = 0.00077434 after 2 iterations
      AMG solver residual = 0.00198018 after 2 iterations
      AMG solver residual = 0.00065854 after 2 iterations
  ----
  dt: 0.05
    dt scales:  2.54305 (Vlasov)  1.79769e+308 (Collisions)  
    CFL:  0.0196614 (Vlasov)  0 (Collisions)
  ----
  Distribution Function Extrema:
    Species 0:	0.000441846 [max]	-1.77843e-36 [min]

Step 10 completed, simulation time is 0.5
----
Writing checkpoint file
Writing history file

Step 11
      AMG solver residual = 0.000806848 after 2 iterations
      AMG solver residual = 0.001999 after 2 iterations
      AMG solver residual = 0.000597486 after 2 iterations
  --
  Subiteration:1 of 1
      AMG solver residual = 0.000759419 after 2 iterations
      AMG solver residual = 0.00189658 after 2 iterations
      AMG solver residual = 0.000681429 after 2 iterations
      AMG solver residual = 0.000796365 after 2 iterations
      AMG solver residual = 0.00174805 after 2 iterations
      AMG solver residual = 0.000848472 after 2 iterations
      AMG solver residual = 0.00074642 after 2 iterations
      AMG solver residual = 0.00173958 after 2 iterations
      AMG solver residual = 0.000786257 after 2 iterations
  ----
  dt: 0.05
    dt scales:  2.58055 (Vlasov)  1.79769e+308 (Collisions)  
    CFL:  0.0193757 (Vlasov)  0 (Collisions)
  ----
  Distribution Function Extrema:
    Species 0:	0.000441852 [max]	-1.77847e-36 [min]

Step 11 completed, simulation time is 0.55
----

Step 12
      AMG solver residual = 0.000776546 after 2 iterations
      AMG solver residual = 0.00198942 after 2 iterations
      AMG solver residual = 0.000923885 after 2 iterations
  --
  Subiteration:1 of 1
      AMG solver residual = 0.000745303 after 2 iterations
      AMG solver residual = 0.00163154 after 2 iterations
      AMG solver residual = 0.000827093 after 2 iterations
      AMG solver residual = 0.000809572 after 2 iterations
      AMG solver residual = 0.00196575 after 2 iterations
      AMG solver residual = 0.000941431 after 2 iterations
      AMG solver residual = 0.000755944 after 2 iterations
      AMG solver residual = 0.00156431 after 2 iterations
      AMG solver residual = 0.000796575 after 2 iterations
  ----
  dt: 0.05
    dt scales:  2.65069 (Vlasov)  1.79769e+308 (Collisions)  
    CFL:  0.018863 (Vlasov)  0 (Collisions)
  ----
  Distribution Function Extrema:
    Species 0:	0.000441855 [max]	-1.78038e-36 [min]

Step 12 completed, simulation time is 0.6
----

Step 13
      AMG solver residual = 0.000747152 after 2 iterations
      AMG solver residual = 0.00175728 after 2 iterations
      AMG solver residual = 0.000858554 after 2 iterations
  --
  Subiteration:1 of 1
      AMG solver residual = 0.000770012 after 2 iterations
      AMG solver residual = 0.0015926 after 2 iterations
      AMG solver residual = 0.000726553 after 2 iterations
      AMG solver residual = 0.000786353 after 2 iterations
      AMG solver residual = 0.00201692 after 2 iterations
      AMG solver residual = 0.000796457 after 2 iterations
      AMG solver residual = 0.000791189 after 2 iterations
      AMG solver residual = 0.00170833 after 2 iterations
      AMG solver residual = 0.000726479 after 2 iterations
  ----
  dt: 0.05
    dt scales:  2.6564 (Vlasov)  1.79769e+308 (Collisions)  
    CFL:  0.0188224 (Vlasov)  0 (Collisions)
  ----
  Distribution Function Extrema:
    Species 0:	0.000441854 [max]	-1.78245e-36 [min]

Step 13 completed, simulation time is 0.65
----

Step 14
      AMG solver residual = 0.000753928 after 2 iterations
      AMG solver residual = 0.00156253 after 2 iterations
      AMG solver residual = 0.000401744 after 2 iterations
  --
  Subiteration:1 of 1
      AMG solver residual = 0.000803431 after 2 iterations
      AMG solver residual = 0.00181256 after 2 iterations
      AMG solver residual = 0.000764708 after 2 iterations
      AMG solver residual = 0.000752255 after 2 iterations
      AMG solver residual = 0.00183149 after 2 iterations
      AMG solver residual = 0.00072992 after 2 iterations
      AMG solver residual = 0.000810609 after 2 iterations
      AMG solver residual = 0.00193918 after 2 iterations
      AMG solver residual = 0.000846653 after 2 iterations
  ----
  dt: 0.05
    dt scales:  2.56344 (Vlasov)  1.79769e+308 (Collisions)  
    CFL:  0.019505 (Vlasov)  0 (Collisions)
  ----
  Distribution Function Extrema:
    Species 0:	0.000441849 [max]	-1.78405e-36 [min]

Step 14 completed, simulation time is 0.7
----

Step 15
      AMG solver residual = 0.000788601 after 2 iterations
      AMG solver residual = 0.00168898 after 2 iterations
      AMG solver residual = 0.000385572 after 2 iterations
  --
  Subiteration:1 of 1
      AMG solver residual = 0.000807304 after 2 iterations
      AMG solver residual = 0.00200128 after 2 iterations
      AMG solver residual = 0.000827379 after 2 iterations
      AMG solver residual = 0.000748117 after 2 iterations
      AMG solver residual = 0.00158599 after 2 iterations
      AMG solver residual = 0.000588111 after 2 iterations
      AMG solver residual = 0.000792618 after 2 iterations
      AMG solver residual = 0.00202632 after 2 iterations
      AMG solver residual = 0.000755357 after 2 iterations
  ----
  dt: 0.05
    dt scales:  2.52119 (Vlasov)  1.79769e+308 (Collisions)  
    CFL:  0.0198319 (Vlasov)  0 (Collisions)
  ----
  Distribution Function Extrema:
    Species 0:	0.00044184 [max]	-1.78509e-36 [min]

Step 15 completed, simulation time is 0.75
----

Step 16
      AMG solver residual = 0.000810232 after 2 iterations
      AMG solver residual = 0.00192516 after 2 iterations
      AMG solver residual = 0.000313215 after 2 iterations
  --
  Subiteration:1 of 1
      AMG solver residual = 0.000777267 after 2 iterations
      AMG solver residual = 0.00199285 after 2 iterations
      AMG solver residual = 0.000690095 after 2 iterations
      AMG solver residual = 0.000779229 after 2 iterations
      AMG solver residual = 0.0016344 after 2 iterations
      AMG solver residual = 0.000491767 after 2 iterations
      AMG solver residual = 0.000757031 after 2 iterations
      AMG solver residual = 0.00187829 after 2 iterations
      AMG solver residual = 0.000730929 after 2 iterations
  ----
  dt: 0.05
    dt scales:  2.50799 (Vlasov)  1.79769e+308 (Collisions)  
    CFL:  0.0199362 (Vlasov)  0 (Collisions)
  ----
  Distribution Function Extrema:
    Species 0:	0.000441831 [max]	-1.78555e-36 [min]

Step 16 completed, simulation time is 0.8
----

Step 17
      AMG solver residual = 0.000794513 after 2 iterations
      AMG solver residual = 0.00202671 after 2 iterations
      AMG solver residual = 0.000272986 after 2 iterations
  --
  Subiteration:1 of 1
      AMG solver residual = 0.000747221 after 2 iterations
      AMG solver residual = 0.00176069 after 2 iterations
      AMG solver residual = 0.00078495 after 2 iterations
      AMG solver residual = 0.000807957 after 2 iterations
      AMG solver residual = 0.0018716 after 2 iterations
      AMG solver residual = 0.00061399 after 2 iterations
      AMG solver residual = 0.000745652 after 2 iterations
      AMG solver residual = 0.00161464 after 2 iterations
      AMG solver residual = 0.000817743 after 2 iterations
  ----
  dt: 0.05
    dt scales:  2.55833 (Vlasov)  1.79769e+308 (Collisions)  
    CFL:  0.019544 (Vlasov)  0 (Collisions)
  ----
  Distribution Function Extrema:
    Species 0:	0.000441823 [max]	-1.78552e-36 [min]

Step 17 completed, simulation time is 0.85
----

Step 18
      AMG solver residual = 0.000758728 after 2 iterations
      AMG solver residual = 0.00189399 after 2 iterations
      AMG solver residual = 0.000325594 after 2 iterations
  --
  Subiteration:1 of 1
      AMG solver residual = 0.000753479 after 2 iterations
      AMG solver residual = 0.0015645 after 2 iterations
      AMG solver residual = 0.000768838 after 2 iterations
      AMG solver residual = 0.000802465 after 2 iterations
      AMG solver residual = 0.00202194 after 2 iterations
      AMG solver residual = 0.000601774 after 2 iterations
      AMG solver residual = 0.000772594 after 2 iterations
      AMG solver residual = 0.0016037 after 2 iterations
      AMG solver residual = 0.000693561 after 2 iterations
  ----
  dt: 0.05
    dt scales:  2.60909 (Vlasov)  1.79769e+308 (Collisions)  
    CFL:  0.0191638 (Vlasov)  0 (Collisions)
  ----
  Distribution Function Extrema:
    Species 0:	0.000441822 [max]	-1.78535e-36 [min]

Step 18 completed, simulation time is 0.9
----

Step 19
      AMG solver residual = 0.000744962 after 2 iterations
      AMG solver residual = 0.00162688 after 2 iterations
      AMG solver residual = 0.000245028 after 2 iterations
  --
  Subiteration:1 of 1
      AMG solver residual = 0.000788319 after 2 iterations
      AMG solver residual = 0.00169012 after 2 iterations
      AMG solver residual = 0.000686673 after 2 iterations
      AMG solver residual = 0.000767927 after 2 iterations
      AMG solver residual = 0.00195218 after 2 iterations
      AMG solver residual = 0.000590341 after 2 iterations
      AMG solver residual = 0.000804973 after 2 iterations
      AMG solver residual = 0.00183228 after 2 iterations
      AMG solver residual = 0.000805892 after 2 iterations
  ----
  dt: 0.05
    dt scales:  2.53209 (Vlasov)  1.79769e+308 (Collisions)  
    CFL:  0.0197465 (Vlasov)  0 (Collisions)
  ----
  Distribution Function Extrema:
    Species 0:	0.000441827 [max]	-1.78518e-36 [min]

Step 19 completed, simulation time is 0.95
----

Step 20
      AMG solver residual = 0.000770029 after 2 iterations
      AMG solver residual = 0.0015925 after 2 iterations
      AMG solver residual = 0.000313144 after 2 iterations
  --
  Subiteration:1 of 1
      AMG solver residual = 0.000810235 after 2 iterations
      AMG solver residual = 0.00192564 after 2 iterations
      AMG solver residual = 0.000861471 after 2 iterations
      AMG solver residual = 0.000744248 after 2 iterations
      AMG solver residual = 0.0016902 after 2 iterations
      AMG solver residual = 0.000712691 after 2 iterations
      AMG solver residual = 0.000805556 after 2 iterations
      AMG solver residual = 0.00201018 after 2 iterations
      AMG solver residual = 0.000867874 after 2 iterations
  ----
  dt: 0.05
    dt scales:  2.4328 (Vlasov)  1.79769e+308 (Collisions)  
    CFL:  0.0205524 (Vlasov)  0 (Collisions)
  ----
  Distribution Function Extrema:
    Species 0:	0.000441837 [max]	-1.78519e-36 [min]

Step 20 completed, simulation time is 1
----
Writing checkpoint file
Writing history file

Step 21
      AMG solver residual = 0.000803856 after 2 iterations
      AMG solver residual = 0.00181588 after 2 iterations
      AMG solver residual = 0.000592679 after 2 iterations
  --
  Subiteration:1 of 1
      AMG solver residual = 0.000794511 after 2 iterations
      AMG solver residual = 0.00202858 after 2 iterations
      AMG solver residual = 0.000784057 after 2 iterations
      AMG solver residual = 0.000760839 after 2 iterations
      AMG solver residual = 0.00156688 after 2 iterations
      AMG solver residual = 0.000866185 after 2 iterations
      AMG solver residual = 0.000773518 after 2 iterations
      AMG solver residual = 0.00198278 after 2 iterations
      AMG solver residual = 0.000727627 after 2 iterations
  ----
  dt: 0.05
    dt scales:  2.39564 (Vlasov)  1.79769e+308 (Collisions)  
    CFL:  0.0208713 (Vlasov)  0 (Collisions)
  ----
  Distribution Function Extrema:
    Species 0:	0.000441848 [max]	-1.78535e-36 [min]

Step 21 completed, simulation time is 1.05
----

Step 22
      AMG solver residual = 0.00080707 after 2 iterations
      AMG solver residual = 0.00200342 after 2 iterations
      AMG solver residual = 0.000926993 after 2 iterations
  --
  Subiteration:1 of 1
      AMG solver residual = 0.000758429 after 2 iterations
      AMG solver residual = 0.00189747 after 2 iterations
      AMG solver residual = 0.000736342 after 2 iterations
      AMG solver residual = 0.000796478 after 2 iterations
      AMG solver residual = 0.00175059 after 2 iterations
      AMG solver residual = 0.000986761 after 2 iterations
      AMG solver residual = 0.000745157 after 2 iterations
      AMG solver residual = 0.00173756 after 2 iterations
      AMG solver residual = 0.000842636 after 2 iterations
  ----
  dt: 0.05
    dt scales:  2.42062 (Vlasov)  1.79769e+308 (Collisions)  
    CFL:  0.0206559 (Vlasov)  0 (Collisions)
  ----
  Distribution Function Extrema:
    Species 0:	0.000441856 [max]	-1.78568e-36 [min]

Step 22 completed, simulation time is 1.1
----

Step 23
      AMG solver residual = 0.000776355 after 2 iterations
      AMG solver residual = 0.00199207 after 2 iterations
      AMG solver residual = 0.00115922 after 2 iterations
  --
  Subiteration:1 of 1
      AMG solver residual = 0.000744152 after 2 iterations
      AMG solver residual = 0.00162812 after 2 iterations
      AMG solver residual = 0.00086646 after 2 iterations
      AMG solver residual = 0.000809677 after 2 iterations
      AMG solver residual = 0.00196929 after 2 iterations
      AMG solver residual = 0.00106623 after 2 iterations
      AMG solver residual = 0.000754921 after 2 iterations
      AMG solver residual = 0.00156028 after 2 iterations
      AMG solver residual = 0.000828906 after 2 iterations
  ----
  dt: 0.05
    dt scales:  2.5082 (Vlasov)  1.79769e+308 (Collisions)  
    CFL:  0.0199347 (Vlasov)  0 (Collisions)
  ----
  Distribution Function Extrema:
    Species 0:	0.00044186 [max]	-1.78756e-36 [min]

Step 23 completed, simulation time is 1.15
----

Step 24
      AMG solver residual = 0.000746633 after 2 iterations
      AMG solver residual = 0.00175654 after 2 iterations
      AMG solver residual = 0.000974021 after 2 iterations
  --
  Subiteration:1 of 1
      AMG solver residual = 0.000769309 after 2 iterations
      AMG solver residual = 0.00159005 after 2 iterations
      AMG solver residual = 0.000749448 after 2 iterations
      AMG solver residual = 0.000786061 after 2 iterations
      AMG solver residual = 0.00201898 after 2 iterations
      AMG solver residual = 0.000912789 after 2 iterations
      AMG solver residual = 0.000790771 after 2 iterations
      AMG solver residual = 0.00170721 after 2 iterations
      AMG solver residual = 0.000735705 after 2 iterations
  ----
  dt: 0.05
    dt scales:  2.59418 (Vlasov)  1.79769e+308 (Collisions)  
    CFL:  0.0192739 (Vlasov)  0 (Collisions)
  ----
  Distribution Function Extrema:
    Species 0:	0.000441858 [max]	-1.78921e-36 [min]

Step 24 completed, simulation time is 1.2
----

Step 25
      AMG solver residual = 0.000753497 after 2 iterations
      AMG solver residual = 0.00156146 after 2 iterations
      AMG solver residual = 0.000483023 after 2 iterations
  --
  Subiteration:1 of 1
      AMG solver residual = 0.000803253 after 2 iterations
      AMG solver residual = 0.00181283 after 2 iterations
      AMG solver residual = 0.000767573 after 2 iterations
      AMG solver residual = 0.000751493 after 2 iterations
      AMG solver residual = 0.00183022 after 2 iterations
      AMG solver residual = 0.000783983 after 2 iterations
      AMG solver residual = 0.000810532 after 2 iterations
      AMG solver residual = 0.00193936 after 2 iterations
      AMG solver residual = 0.000834924 after 2 iterations
  ----
  dt: 0.05
    dt scales:  2.5089 (Vlasov)  1.79769e+308 (Collisions)  
    CFL:  0.019929 (Vlasov)  0 (Collisions)
  ----
  Distribution Function Extrema:
    Species 0:	0.000441854 [max]	-1.79049e-36 [min]

Step 25 completed, simulation time is 1.25
----

Step 26
      AMG solver residual = 0.000788528 after 2 iterations
      AMG solver residual = 0.00169179 after 2 iterations
      AMG solver residual = 0.00043078 after 2 iterations
  --
  Subiteration:1 of 1
      AMG solver residual = 0.00080723 after 2 iterations
      AMG solver residual = 0.00200165 after 2 iterations
      AMG solver residual = 0.0008199 after 2 iterations
      AMG solver residual = 0.000747371 after 2 iterations
      AMG solver residual = 0.00158326 after 2 iterations
      AMG solver residual = 0.000591436 after 2 iterations
      AMG solver residual = 0.000792393 after 2 iterations
      AMG solver residual = 0.00202524 after 2 iterations
      AMG solver residual = 0.000736586 after 2 iterations
  ----
  dt: 0.05
    dt scales:  2.40947 (Vlasov)  1.79769e+308 (Collisions)  
    CFL:  0.0207515 (Vlasov)  0 (Collisions)
  ----
  Distribution Function Extrema:
    Species 0:	0.000441844 [max]	-1.79119e-36 [min]

Step 26 completed, simulation time is 1.3
----

Step 27
      AMG solver residual = 0.000810324 after 2 iterations
      AMG solver residual = 0.00192963 after 2 iterations
      AMG solver residual = 0.000368471 after 2 iterations
  --
  Subiteration:1 of 1
      AMG solver residual = 0.000776884 after 2 iterations
      AMG solver residual = 0.00199118 after 2 iterations
      AMG solver residual = 0.000673537 after 2 iterations
      AMG solver residual = 0.000778966 after 2 iterations
      AMG solver residual = 0.00163551 after 2 iterations
      AMG solver residual = 0.000498948 after 2 iterations
      AMG solver residual = 0.000756471 after 2 iterations
      AMG solver residual = 0.00187458 after 2 iterations
      AMG solver residual = 0.000676813 after 2 iterations
  ----
  dt: 0.05
    dt scales:  2.38037 (Vlasov)  1.79769e+308 (Collisions)  
    CFL:  0.0210052 (Vlasov)  0 (Collisions)
  ----
  Distribution Function Extrema:
    Species 0:	0.000441832 [max]	-1.79147e-36 [min]

Step 27 completed, simulation time is 1.35
----

Step 28
      AMG solver residual = 0.000794327 after 2 iterations
      AMG solver residual = 0.00202994 after 2 iterations
      AMG solver residual = 0.000324757 after 2 iterations
  --
  Subiteration:1 of 1
      AMG solver residual = 0.000746582 after 2 iterations
      AMG solver residual = 0.0017565 after 2 iterations
      AMG solver residual = 0.000727236 after 2 iterations
      AMG solver residual = 0.000808073 after 2 iterations
      AMG solver residual = 0.00187518 after 2 iterations
      AMG solver residual = 0.000621584 after 2 iterations
      AMG solver residual = 0.000745127 after 2 iterations
      AMG solver residual = 0.00161046 after 2 iterations
      AMG solver residual = 0.000703373 after 2 iterations
  ----
  dt: 0.05
    dt scales:  2.41684 (Vlasov)  1.79769e+308 (Collisions)  
    CFL:  0.0206882 (Vlasov)  0 (Collisions)
  ----
  Distribution Function Extrema:
    Species 0:	0.000441822 [max]	-1.7915e-36 [min]

Step 28 completed, simulation time is 1.4
----

Step 29
      AMG solver residual = 0.00075805 after 2 iterations
      AMG solver residual = 0.00189424 after 2 iterations
      AMG solver residual = 0.00032784 after 2 iterations
  --
  Subiteration:1 of 1
      AMG solver residual = 0.000753097 after 2 iterations
      AMG solver residual = 0.00156227 after 2 iterations
      AMG solver residual = 0.000677957 after 2 iterations
      AMG solver residual = 0.00080249 after 2 iterations
      AMG solver residual = 0.00202491 after 2 iterations
      AMG solver residual = 0.00062613 after 2 iterations
      AMG solver residual = 0.000772581 after 2 iterations
      AMG solver residual = 0.00160481 after 2 iterations
      AMG solver residual = 0.000548549 after 2 iterations
  ----
  dt: 0.05
    dt scales:  2.54537 (Vlasov)  1.79769e+308 (Collisions)  
    CFL:  0.0196435 (Vlasov)  0 (Collisions)
  ----
  Distribution Function Extrema:
    Species 0:	0.000441819 [max]	-1.79147e-36 [min]

Step 29 completed, simulation time is 1.45
----

Step 30
      AMG solver residual = 0.000744162 after 2 iterations
      AMG solver residual = 0.00162523 after 2 iterations
      AMG solver residual = 0.000277935 after 2 iterations
  --
  Subiteration:1 of 1
      AMG solver residual = 0.000788501 after 2 iterations
      AMG solver residual = 0.00169337 after 2 iterations
      AMG solver residual = 0.00056963 after 2 iterations
      AMG solver residual = 0.000767535 after 2 iterations
      AMG solver residual = 0.00195283 after 2 iterations
      AMG solver residual = 0.000592913 after 2 iterations
      AMG solver residual = 0.000805436 after 2 iterations
      AMG solver residual = 0.0018372 after 2 iterations
      AMG solver residual = 0.000569698 after 2 iterations
  ----
  dt: 0.05
    dt scales:  2.52652 (Vlasov)  1.79769e+308 (Collisions)  
    CFL:  0.01979 (Vlasov)  0 (Collisions)
  ----
  Distribution Function Extrema:
    Species 0:	0.000441826 [max]	-1.79137e-36 [min]

Step 30 completed, simulation time is 1.5
----
Writing checkpoint file
Writing history file

Step 31
      AMG solver residual = 0.000769624 after 2 iterations
      AMG solver residual = 0.00159408 after 2 iterations
      AMG solver residual = 0.000354738 after 2 iterations
  --
  Subiteration:1 of 1
      AMG solver residual = 0.00081072 after 2 iterations
      AMG solver residual = 0.00193081 after 2 iterations
      AMG solver residual = 0.000648269 after 2 iterations
      AMG solver residual = 0.000743606 after 2 iterations
      AMG solver residual = 0.00168851 after 2 iterations
      AMG solver residual = 0.000548658 after 2 iterations
      AMG solver residual = 0.000806031 after 2 iterations
      AMG solver residual = 0.00201511 after 2 iterations
      AMG solver residual = 0.000528435 after 2 iterations
  ----
  dt: 0.05
    dt scales:  2.35975 (Vlasov)  1.79769e+308 (Collisions)  
    CFL:  0.0211887 (Vlasov)  0 (Collisions)
  ----
  Distribution Function Extrema:
    Species 0:	0.000441839 [max]	-1.79123e-36 [min]

Step 31 completed, simulation time is 1.55
----

Step 32
      AMG solver residual = 0.000803898 after 2 iterations
      AMG solver residual = 0.00182049 after 2 iterations
      AMG solver residual = 0.000681385 after 2 iterations
  --
  Subiteration:1 of 1
      AMG solver residual = 0.000794793 after 2 iterations
      AMG solver residual = 0.00203272 after 2 iterations
      AMG solver residual = 0.000520592 after 2 iterations
      AMG solver residual = 0.000760467 after 2 iterations
      AMG solver residual = 0.00156744 after 2 iterations
      AMG solver residual = 0.000454051 after 2 iterations
      AMG solver residual = 0.000773571 after 2 iterations
      AMG solver residual = 0.00198561 after 2 iterations
      AMG solver residual = 0.000365721 after 2 iterations
  ----
  dt: 0.05
    dt scales:  2.28546 (Vlasov)  1.79769e+308 (Collisions)  
    CFL:  0.0218774 (Vlasov)  0 (Collisions)
  ----
  Distribution Function Extrema:
    Species 0:	0.000441853 [max]	-1.79114e-36 [min]

Step 32 completed, simulation time is 1.6
----

Step 33
      AMG solver residual = 0.000807139 after 2 iterations
      AMG solver residual = 0.0020081 after 2 iterations
      AMG solver residual = 0.00102013 after 2 iterations
  --
  Subiteration:1 of 1
      AMG solver residual = 0.000758229 after 2 iterations
      AMG solver residual = 0.00189896 after 2 iterations
      AMG solver residual = 0.000395561 after 2 iterations
      AMG solver residual = 0.000796594 after 2 iterations
      AMG solver residual = 0.0017555 after 2 iterations
      AMG solver residual = 0.000397095 after 2 iterations
      AMG solver residual = 0.000744819 after 2 iterations
      AMG solver residual = 0.00173752 after 2 iterations
      AMG solver residual = 0.000311255 after 2 iterations
  ----
  dt: 0.05
    dt scales:  2.29432 (Vlasov)  1.79769e+308 (Collisions)  
    CFL:  0.0217929 (Vlasov)  0 (Collisions)
  ----
  Distribution Function Extrema:
    Species 0:	0.000441864 [max]	-1.79213e-36 [min]

Step 33 completed, simulation time is 1.65
----

Step 34
      AMG solver residual = 0.000776003 after 2 iterations
      AMG solver residual = 0.00199526 after 2 iterations
      AMG solver residual = 0.00105129 after 2 iterations
  --
  Subiteration:1 of 1
      AMG solver residual = 0.000743746 after 2 iterations
      AMG solver residual = 0.0016277 after 2 iterations
      AMG solver residual = 0.000350063 after 2 iterations
      AMG solver residual = 0.000809918 after 2 iterations
      AMG solver residual = 0.00197587 after 2 iterations
      AMG solver residual = 0.00952884 after 1 iterations
      AMG solver residual = 0.000754675 after 2 iterations
      AMG solver residual = 0.0015615 after 2 iterations
      AMG solver residual = 0.00857507 after 1 iterations
  ----
  dt: 0.05
    dt scales:  2.40028 (Vlasov)  1.79769e+308 (Collisions)  
    CFL:  0.0208309 (Vlasov)  0 (Collisions)
  ----
  Distribution Function Extrema:
    Species 0:	0.000441867 [max]	-1.79382e-36 [min]

Step 34 completed, simulation time is 1.7
----

Step 35
      AMG solver residual = 0.000745874 after 2 iterations
      AMG solver residual = 0.00175724 after 2 iterations
      AMG solver residual = 0.00080388 after 2 iterations
  --
  Subiteration:1 of 1
      AMG solver residual = 0.000769188 after 2 iterations
      AMG solver residual = 0.00159339 after 2 iterations
      AMG solver residual = 0.00888003 after 1 iterations
      AMG solver residual = 0.000785913 after 2 iterations
      AMG solver residual = 0.00202537 after 2 iterations
      AMG solver residual = 0.00733539 after 1 iterations
      AMG solver residual = 0.000790881 after 2 iterations
      AMG solver residual = 0.00171426 after 2 iterations
      AMG solver residual = 0.00629119 after 1 iterations
  ----
  dt: 0.05
    dt scales:  2.53967 (Vlasov)  1.79769e+308 (Collisions)  
    CFL:  0.0196876 (Vlasov)  0 (Collisions)
  ----
  Distribution Function Extrema:
    Species 0:	0.000441867 [max]	-1.79506e-36 [min]

Step 35 completed, simulation time is 1.75
----

Step 36
      AMG solver residual = 0.000752903 after 2 iterations
      AMG solver residual = 0.00156149 after 2 iterations
      AMG solver residual = 0.000470028 after 2 iterations
  --
  Subiteration:1 of 1
      AMG solver residual = 0.00080344 after 2 iterations
      AMG solver residual = 0.0018214 after 2 iterations
      AMG solver residual = 0.00713353 after 1 iterations
      AMG solver residual = 0.000750848 after 2 iterations
      AMG solver residual = 0.00183438 after 2 iterations
      AMG solver residual = 0.00614022 after 1 iterations
      AMG solver residual = 0.000810711 after 2 iterations
      AMG solver residual = 0.00195083 after 2 iterations
      AMG solver residual = 0.00546258 after 1 iterations
  ----
  dt: 0.05
    dt scales:  2.47951 (Vlasov)  1.79769e+308 (Collisions)  
    CFL:  0.0201653 (Vlasov)  0 (Collisions)
  ----
  Distribution Function Extrema:
    Species 0:	0.000441864 [max]	-1.79611e-36 [min]

Step 36 completed, simulation time is 1.8
----

Step 37
      AMG solver residual = 0.000788431 after 2 iterations
      AMG solver residual = 0.00169379 after 2 iterations
      AMG solver residual = 0.000416799 after 2 iterations
  --
  Subiteration:1 of 1
      AMG solver residual = 0.000807287 after 2 iterations
      AMG solver residual = 0.00201344 after 2 iterations
      AMG solver residual = 0.00588651 after 1 iterations
      AMG solver residual = 0.00303812 after 1 iterations
      AMG solver residual = 0.000746712 after 2 iterations
      AMG solver residual = 0.0015838 after 2 iterations
      AMG solver residual = 0.00508646 after 1 iterations
      AMG solver residual = 0.00079216 after 2 iterations
      AMG solver residual = 0.00203911 after 2 iterations
      AMG solver residual = 0.00419804 after 1 iterations
  ----
  dt: 0.05
    dt scales:  2.31522 (Vlasov)  1.79769e+308 (Collisions)  
    CFL:  0.0215962 (Vlasov)  0 (Collisions)
  ----
  Distribution Function Extrema:
    Species 0:	0.000441856 [max]	-1.7966e-36 [min]

Step 37 completed, simulation time is 1.85
----

Step 38
      AMG solver residual = 0.000810431 after 2 iterations
      AMG solver residual = 0.00193269 after 2 iterations
      AMG solver residual = 0.000380166 after 2 iterations
  --
  Subiteration:1 of 1
      AMG solver residual = 0.000776402 after 2 iterations
      AMG solver residual = 0.00200404 after 2 iterations
      AMG solver residual = 0.00431034 after 1 iterations
      AMG solver residual = 0.00263074 after 1 iterations
      AMG solver residual = 0.000778711 after 2 iterations
      AMG solver residual = 0.00163532 after 2 iterations
      AMG solver residual = 0.00416712 after 1 iterations
      AMG solver residual = 0.000755644 after 2 iterations
      AMG solver residual = 0.00188698 after 2 iterations
      AMG solver residual = 0.00346598 after 1 iterations
  ----
  dt: 0.05
    dt scales:  2.2724 (Vlasov)  1.79769e+308 (Collisions)  
    CFL:  0.0220032 (Vlasov)  0 (Collisions)
  ----
  Distribution Function Extrema:
    Species 0:	0.000441841 [max]	-1.79674e-36 [min]

Step 38 completed, simulation time is 1.9
----

Step 39
      AMG solver residual = 0.000794135 after 2 iterations
      AMG solver residual = 0.00203357 after 2 iterations
      AMG solver residual = 0.000332181 after 2 iterations
  --
  Subiteration:1 of 1
      AMG solver residual = 0.000745619 after 2 iterations
      AMG solver residual = 0.00176526 after 2 iterations
      AMG solver residual = 0.00372204 after 1 iterations
      AMG solver residual = 0.00249073 after 1 iterations
      AMG solver residual = 0.00080808 after 2 iterations
      AMG solver residual = 0.0018767 after 2 iterations
      AMG solver residual = 0.00375775 after 1 iterations
      AMG solver residual = 0.000744055 after 2 iterations
      AMG solver residual = 0.001614 after 2 iterations
      AMG solver residual = 0.00312103 after 1 iterations
      AMG solver residual = 0.00242 after 1 iterations
  ----
  dt: 0.05
    dt scales:  2.31608 (Vlasov)  1.79769e+308 (Collisions)  
    CFL:  0.0215882 (Vlasov)  0 (Collisions)
  ----
  Distribution Function Extrema:
    Species 0:	0.000441826 [max]	-1.79693e-36 [min]

Step 39 completed, simulation time is 1.95
----

Step 40
      AMG solver residual = 0.000757444 after 2 iterations
      AMG solver residual = 0.00189807 after 2 iterations
      AMG solver residual = 0.00724542 after 1 iterations
  --
  Subiteration:1 of 1
      AMG solver residual = 0.000752153 after 2 iterations
      AMG solver residual = 0.00156128 after 2 iterations
      AMG solver residual = 0.0031854 after 1 iterations
      AMG solver residual = 0.00241689 after 1 iterations
      AMG solver residual = 0.000802404 after 2 iterations
      AMG solver residual = 0.00202927 after 2 iterations
      AMG solver residual = 0.00313198 after 1 iterations
      AMG solver residual = 0.000771769 after 2 iterations
      AMG solver residual = 0.00159953 after 2 iterations
      AMG solver residual = 0.00276439 after 1 iterations
      AMG solver residual = 0.00237826 after 1 iterations
  ----
  dt: 0.05
    dt scales:  2.36972 (Vlasov)  1.79769e+308 (Collisions)  
    CFL:  0.0210996 (Vlasov)  0 (Collisions)
  ----
  Distribution Function Extrema:
    Species 0:	0.000441821 [max]	-1.79708e-36 [min]

Step 40 completed, simulation time is 2
----
Writing checkpoint file
Writing history file

Step 41
      AMG solver residual = 0.000743589 after 2 iterations
      AMG solver residual = 0.00162721 after 2 iterations
      AMG solver residual = 0.00549699 after 1 iterations
  --
  Subiteration:1 of 1
      AMG solver residual = 0.000787933 after 2 iterations
      AMG solver residual = 0.00168779 after 2 iterations
      AMG solver residual = 0.00282068 after 1 iterations
      AMG solver residual = 0.00238499 after 1 iterations
      AMG solver residual = 0.000767184 after 2 iterations
      AMG solver residual = 0.00196002 after 2 iterations
      AMG solver residual = 0.00277642 after 1 iterations
      AMG solver residual = 0.000805008 after 2 iterations
      AMG solver residual = 0.00183229 after 2 iterations
      AMG solver residual = 0.00266715 after 1 iterations
      AMG solver residual = 0.00237867 after 1 iterations
  ----
  dt: 0.05
    dt scales:  2.44454 (Vlasov)  1.79769e+308 (Collisions)  
    CFL:  0.0204537 (Vlasov)  0 (Collisions)
  ----
  Distribution Function Extrema:
    Species 0:	0.000441828 [max]	-1.79728e-36 [min]

Step 41 completed, simulation time is 2.05
----

Step 42
      AMG solver residual = 0.000769407 after 2 iterations
      AMG solver residual = 0.0015924 after 2 iterations
      AMG solver residual = 0.00403228 after 1 iterations
  --
  Subiteration:1 of 1
      AMG solver residual = 0.000810458 after 2 iterations
      AMG solver residual = 0.00192808 after 2 iterations
      AMG solver residual = 0.00273419 after 1 iterations
      AMG solver residual = 0.00238938 after 1 iterations
      AMG solver residual = 0.000743155 after 2 iterations
      AMG solver residual = 0.00169456 after 2 iterations
      AMG solver residual = 0.00261259 after 1 iterations
      AMG solver residual = 0.000805794 after 2 iterations
      AMG solver residual = 0.00201573 after 2 iterations
      AMG solver residual = 0.00259568 after 1 iterations
      AMG solver residual = 0.00237227 after 1 iterations
  ----
  dt: 0.05
    dt scales:  2.30864 (Vlasov)  1.79769e+308 (Collisions)  
    CFL:  0.0216577 (Vlasov)  0 (Collisions)
  ----
  Distribution Function Extrema:
    Species 0:	0.000441846 [max]	-1.79743e-36 [min]

Step 42 completed, simulation time is 2.1
----

Step 43
      AMG solver residual = 0.000803922 after 2 iterations
      AMG solver residual = 0.00181706 after 2 iterations
      AMG solver residual = 0.00322967 after 1 iterations
  --
  Subiteration:1 of 1
      AMG solver residual = 0.000794606 after 2 iterations
      AMG solver residual = 0.00203611 after 2 iterations
      AMG solver residual = 0.0026036 after 1 iterations
      AMG solver residual = 0.00237228 after 1 iterations
      AMG solver residual = 0.000760159 after 2 iterations
      AMG solver residual = 0.0015656 after 2 iterations
      AMG solver residual = 0.00252512 after 1 iterations
      AMG solver residual = 0.000773304 after 2 iterations
      AMG solver residual = 0.00199329 after 2 iterations
      AMG solver residual = 0.00251978 after 1 iterations
      AMG solver residual = 0.00235649 after 1 iterations
  ----
  dt: 0.05
    dt scales:  2.16606 (Vlasov)  1.79769e+308 (Collisions)  
    CFL:  0.0230834 (Vlasov)  0 (Collisions)
  ----
  Distribution Function Extrema:
    Species 0:	0.000441868 [max]	-1.79755e-36 [min]

Step 43 completed, simulation time is 2.15
----

Step 44
      AMG solver residual = 0.000807115 after 2 iterations
      AMG solver residual = 0.00200613 after 2 iterations
      AMG solver residual = 0.00289948 after 1 iterations
  --
  Subiteration:1 of 1
      AMG solver residual = 0.000757952 after 2 iterations
      AMG solver residual = 0.00190832 after 2 iterations
      AMG solver residual = 0.00252626 after 1 iterations
      AMG solver residual = 0.00235425 after 1 iterations
      AMG solver residual = 0.000796435 after 2 iterations
      AMG solver residual = 0.00174794 after 2 iterations
      AMG solver residual = 0.00251074 after 1 iterations
      AMG solver residual = 0.000744353 after 2 iterations
      AMG solver residual = 0.00174829 after 2 iterations
      AMG solver residual = 0.00249256 after 1 iterations
      AMG solver residual = 0.0023494 after 1 iterations
  ----
  dt: 0.05
    dt scales:  2.17033 (Vlasov)  1.79769e+308 (Collisions)  
    CFL:  0.0230379 (Vlasov)  0 (Collisions)
  ----
  Distribution Function Extrema:
    Species 0:	0.000441883 [max]	-1.79859e-36 [min]

Step 44 completed, simulation time is 2.2
----

Step 45
      AMG solver residual = 0.000775809 after 2 iterations
      AMG solver residual = 0.00199686 after 2 iterations
      AMG solver residual = 0.00276887 after 1 iterations
  --
  Subiteration:1 of 1
      AMG solver residual = 0.000743262 after 2 iterations
      AMG solver residual = 0.00163556 after 2 iterations
      AMG solver residual = 0.00249909 after 1 iterations
      AMG solver residual = 0.00234985 after 1 iterations
      AMG solver residual = 0.000809701 after 2 iterations
      AMG solver residual = 0.00196884 after 2 iterations
      AMG solver residual = 0.00251929 after 1 iterations
      AMG solver residual = 0.000753733 after 2 iterations
      AMG solver residual = 0.0015629 after 2 iterations
      AMG solver residual = 0.00247932 after 1 iterations
      AMG solver residual = 0.00235141 after 1 iterations
  ----
  dt: 0.05
    dt scales:  2.16436 (Vlasov)  1.79769e+308 (Collisions)  
    CFL:  0.0231015 (Vlasov)  0 (Collisions)
  ----
  Distribution Function Extrema:
    Species 0:	0.000441896 [max]	-1.80006e-36 [min]

Step 45 completed, simulation time is 2.25
----

Step 46
      AMG solver residual = 0.000745613 after 2 iterations
      AMG solver residual = 0.00176117 after 2 iterations
      AMG solver residual = 0.0026806 after 1 iterations
  --
  Subiteration:1 of 1
      AMG solver residual = 0.000768194 after 2 iterations
      AMG solver residual = 0.00158867 after 2 iterations
      AMG solver residual = 0.00248359 after 1 iterations
      AMG solver residual = 0.00235456 after 1 iterations
      AMG solver residual = 0.000785426 after 2 iterations
      AMG solver residual = 0.00202273 after 2 iterations
      AMG solver residual = 0.00252389 after 1 iterations
      AMG solver residual = 0.00078881 after 2 iterations
      AMG solver residual = 0.00170286 after 2 iterations
      AMG solver residual = 0.00247795 after 1 iterations
      AMG solver residual = 0.00235642 after 1 iterations
  ----
  dt: 0.05
    dt scales:  2.29097 (Vlasov)  1.79769e+308 (Collisions)  
    CFL:  0.0218248 (Vlasov)  0 (Collisions)
  ----
  Distribution Function Extrema:
    Species 0:	0.000441916 [max]	-1.80127e-36 [min]

Step 46 completed, simulation time is 2.3
----

Step 47
      AMG solver residual = 0.000752692 after 2 iterations
      AMG solver residual = 0.00156176 after 2 iterations
      AMG solver residual = 0.00260623 after 1 iterations
  --
  Subiteration:1 of 1
      AMG solver residual = 0.000801254 after 2 iterations
      AMG solver residual = 0.00180803 after 2 iterations
      AMG solver residual = 0.00248511 after 1 iterations
      AMG solver residual = 0.00235985 after 1 iterations
      AMG solver residual = 0.000749974 after 2 iterations
      AMG solver residual = 0.00183703 after 2 iterations
      AMG solver residual = 0.00252373 after 1 iterations
      AMG solver residual = 0.00237305 after 1 iterations
      AMG solver residual = 0.000806403 after 2 iterations
      AMG solver residual = 0.00193601 after 2 iterations
      AMG solver residual = 0.0024807 after 1 iterations
      AMG solver residual = 0.0023574 after 1 iterations
  ----
  dt: 0.05
    dt scales:  2.32651 (Vlasov)  1.79769e+308 (Collisions)  
    CFL:  0.0214914 (Vlasov)  0 (Collisions)
  ----
  Distribution Function Extrema:
    Species 0:	0.000441914 [max]	-1.80221e-36 [min]

Step 47 completed, simulation time is 2.35
----

Step 48
      AMG solver residual = 0.000788136 after 2 iterations
      AMG solver residual = 0.00168735 after 2 iterations
      AMG solver residual = 0.00255687 after 1 iterations
  --
  Subiteration:1 of 1
      AMG solver residual = 0.000802854 after 2 iterations
      AMG solver residual = 0.00200027 after 2 iterations
      AMG solver residual = 0.00248458 after 1 iterations
      AMG solver residual = 0.0023581 after 1 iterations
      AMG solver residual = 0.000745097 after 2 iterations
      AMG solver residual = 0.00158633 after 2 iterations
      AMG solver residual = 0.00250662 after 1 iterations
      AMG solver residual = 0.00235153 after 1 iterations
      AMG solver residual = 0.00078395 after 2 iterations
      AMG solver residual = 0.00202862 after 2 iterations
      AMG solver residual = 0.00247756 after 1 iterations
      AMG solver residual = 0.00235144 after 1 iterations
      AMG solver residual = 0.00230682 after 1 iterations
  ----
  dt: 0.05
    dt scales:  2.15308 (Vlasov)  1.79769e+308 (Collisions)  
    CFL:  0.0232225 (Vlasov)  0 (Collisions)
  ----
  Distribution Function Extrema:
    Species 0:	0.000441931 [max]	-1.80322e-36 [min]

Step 48 completed, simulation time is 2.4
----

Step 49
      AMG solver residual = 0.000809748 after 2 iterations
      AMG solver residual = 0.00192364 after 2 iterations
      AMG solver residual = 0.00246893 after 1 iterations
  --
  Subiteration:1 of 1
      AMG solver residual = 0.000768139 after 2 iterations
      AMG solver residual = 0.00199723 after 2 iterations
      AMG solver residual = 0.002479 after 1 iterations
      AMG solver residual = 0.00234996 after 1 iterations
      AMG solver residual = 0.00230384 after 1 iterations
      AMG solver residual = 0.00077547 after 2 iterations
      AMG solver residual = 0.00162945 after 2 iterations
      AMG solver residual = 0.00248055 after 1 iterations
      AMG solver residual = 0.0023278 after 1 iterations
      AMG solver residual = 0.000740651 after 2 iterations
      AMG solver residual = 0.00188602 after 2 iterations
      AMG solver residual = 0.00247212 after 1 iterations
      AMG solver residual = 0.00234191 after 1 iterations
      AMG solver residual = 0.0022943 after 1 iterations
  ----
  dt: 0.05
    dt scales:  1.89481 (Vlasov)  1.79769e+308 (Collisions)  
    CFL:  0.0263879 (Vlasov)  0 (Collisions)
  ----
  Distribution Function Extrema:
    Species 0:	0.000441946 [max]	-1.80417e-36 [min]

Step 49 completed, simulation time is 2.45
----

Step 50
      AMG solver residual = 0.00079306 after 2 iterations
      AMG solver residual = 0.00202564 after 2 iterations
      AMG solver residual = 0.00243772 after 1 iterations
  --
  Subiteration:1 of 1
      AMG solver residual = 0.000730449 after 2 iterations
      AMG solver residual = 0.0017679 after 2 iterations
      AMG solver residual = 0.00247184 after 1 iterations
      AMG solver residual = 0.00233885 after 1 iterations
      AMG solver residual = 0.00228984 after 1 iterations
      AMG solver residual = 0.000801735 after 2 iterations
      AMG solver residual = 0.00186418 after 2 iterations
      AMG solver residual = 0.0024514 after 1 iterations
      AMG solver residual = 0.00230635 after 1 iterations
      AMG solver residual = 0.000716213 after 2 iterations
      AMG solver residual = 0.00162107 after 2 iterations
      AMG solver residual = 0.00246533 after 1 iterations
      AMG solver residual = 0.00233135 after 1 iterations
      AMG solver residual = 0.00228103 after 1 iterations
  ----
  dt: 0.05
    dt scales:  1.73617 (Vlasov)  1.79769e+308 (Collisions)  
    CFL:  0.028799 (Vlasov)  0 (Collisions)
  ----
  Distribution Function Extrema:
    Species 0:	0.000441947 [max]	-1.80557e-36 [min]

Step 50 completed, simulation time is 2.5
----
Writing checkpoint file
Writing history file

Step 51
      AMG solver residual = 0.000756077 after 2 iterations
      AMG solver residual = 0.0018936 after 2 iterations
      AMG solver residual = 0.00243062 after 1 iterations
  --
  Subiteration:1 of 1
      AMG solver residual = 0.000723403 after 2 iterations
      AMG solver residual = 0.00156663 after 2 iterations
      AMG solver residual = 0.00246355 after 1 iterations
      AMG solver residual = 0.00232774 after 1 iterations
      AMG solver residual = 0.00227638 after 1 iterations
      AMG solver residual = 0.00079104 after 2 iterations
      AMG solver residual = 0.00201479 after 2 iterations
      AMG solver residual = 0.00243403 after 1 iterations
      AMG solver residual = 0.00229754 after 1 iterations
      AMG solver residual = 0.000719147 after 2 iterations
      AMG solver residual = 0.00160198 after 2 iterations
      AMG solver residual = 0.00245875 after 1 iterations
      AMG solver residual = 0.00232269 after 1 iterations
      AMG solver residual = 0.00227032 after 1 iterations
  ----
  dt: 0.05
    dt scales:  1.68159 (Vlasov)  1.79769e+308 (Collisions)  
    CFL:  0.0297337 (Vlasov)  0 (Collisions)
  ----
  Distribution Function Extrema:
    Species 0:	0.000441972 [max]	-1.80746e-36 [min]

Step 51 completed, simulation time is 2.55
----

Step 52
      AMG solver residual = 0.000741659 after 2 iterations
      AMG solver residual = 0.00162648 after 2 iterations
      AMG solver residual = 0.00244908 after 1 iterations
  --
  Subiteration:1 of 1
      AMG solver residual = 0.00073341 after 2 iterations
      AMG solver residual = 0.00168522 after 2 iterations
      AMG solver residual = 0.00245653 after 1 iterations
      AMG solver residual = 0.00231989 after 1 iterations
      AMG solver residual = 0.00226696 after 1 iterations
      AMG solver residual = 0.000748263 after 2 iterations
      AMG solver residual = 0.00194706 after 2 iterations
      AMG solver residual = 0.00243543 after 1 iterations
      AMG solver residual = 0.00230733 after 1 iterations
      AMG solver residual = 0.000709714 after 2 iterations
      AMG solver residual = 0.00182609 after 2 iterations
      AMG solver residual = 0.00245506 after 1 iterations
      AMG solver residual = 0.000436171 after 2 iterations
      AMG solver residual = 0.00216252 after 1 iterations
      AMG solver residual = 0.0021737 after 1 iterations
  ----
  dt: 0.05
    dt scales:  1.60829 (Vlasov)  1.79769e+308 (Collisions)  
    CFL:  0.031089 (Vlasov)  0 (Collisions)
  ----
  Distribution Function Extrema:
    Species 0:	0.000442015 [max]	-1.81019e-36 [min]

Step 52 completed, simulation time is 2.6
----

Step 53
      AMG solver residual = 0.000765859 after 2 iterations
      AMG solver residual = 0.00159262 after 2 iterations
      AMG solver residual = 0.00248984 after 1 iterations
  --
  Subiteration:1 of 1
      AMG solver residual = 0.000713587 after 2 iterations
      AMG solver residual = 0.0019187 after 2 iterations
      AMG solver residual = 0.00245354 after 1 iterations
      AMG solver residual = 0.000434153 after 2 iterations
      AMG solver residual = 0.00216195 after 1 iterations
      AMG solver residual = 0.00217287 after 1 iterations
      AMG solver residual = 0.000711053 after 2 iterations
      AMG solver residual = 0.00168952 after 2 iterations
      AMG solver residual = 0.00244916 after 1 iterations
      AMG solver residual = 0.00232815 after 1 iterations
      AMG solver residual = 0.000649909 after 2 iterations
      AMG solver residual = 0.00200295 after 2 iterations
      AMG solver residual = 0.00245542 after 1 iterations
      AMG solver residual = 0.00042703 after 2 iterations
      AMG solver residual = 0.00216517 after 1 iterations
      AMG solver residual = 0.00217544 after 1 iterations
  ----
  dt: 0.05
    dt scales:  1.26142 (Vlasov)  1.79769e+308 (Collisions)  
    CFL:  0.0396379 (Vlasov)  0 (Collisions)
  ----
  Distribution Function Extrema:
    Species 0:	0.00044208 [max]	-1.81368e-36 [min]

Step 53 completed, simulation time is 2.65
----

Step 54
      AMG solver residual = 0.000796299 after 2 iterations
      AMG solver residual = 0.0018163 after 2 iterations
      AMG solver residual = 0.00253 after 1 iterations
  --
  Subiteration:1 of 1
      AMG solver residual = 0.00063995 after 2 iterations
      AMG solver residual = 0.00202148 after 2 iterations
      AMG solver residual = 0.00245519 after 1 iterations
      AMG solver residual = 0.0004241 after 2 iterations
      AMG solver residual = 0.00216655 after 1 iterations
      AMG solver residual = 0.00217694 after 1 iterations
      AMG solver residual = 0.000701612 after 2 iterations
      AMG solver residual = 0.00157521 after 2 iterations
      AMG solver residual = 0.00246682 after 1 iterations
      AMG solver residual = 0.00234841 after 1 iterations
      AMG solver residual = 0.000546558 after 2 iterations
      AMG solver residual = 0.00197407 after 2 iterations
      AMG solver residual = 0.00245949 after 1 iterations
      AMG solver residual = 0.000416296 after 2 iterations
      AMG solver residual = 0.00217163 after 1 iterations
      AMG solver residual = 0.0021814 after 1 iterations
  ----
  dt: 0.05
    dt scales:  0.957365 (Vlasov)  1.79769e+308 (Collisions)  
    CFL:  0.0522267 (Vlasov)  0 (Collisions)
  ----
  Distribution Function Extrema:
    Species 0:	0.000442211 [max]	-1.81793e-36 [min]

Step 54 completed, simulation time is 2.7
----

Step 55
      AMG solver residual = 0.000792124 after 2 iterations
      AMG solver residual = 0.00200549 after 2 iterations
      AMG solver residual = 0.00256732 after 1 iterations
  --
  Subiteration:1 of 1
      AMG solver residual = 0.000535335 after 2 iterations
      AMG solver residual = 0.00188823 after 2 iterations
      AMG solver residual = 0.00246044 after 1 iterations
      AMG solver residual = 0.000412632 after 2 iterations
      AMG solver residual = 0.00217432 after 1 iterations
      AMG solver residual = 0.00218436 after 1 iterations
      AMG solver residual = 0.000690065 after 2 iterations
      AMG solver residual = 0.00177041 after 2 iterations
      AMG solver residual = 0.00248284 after 1 iterations
      AMG solver residual = 0.00236083 after 1 iterations
      AMG solver residual = 0.0023039 after 1 iterations
      AMG solver residual = 0.00044063 after 2 iterations
      AMG solver residual = 0.00173378 after 2 iterations
      AMG solver residual = 0.00246543 after 1 iterations
      AMG solver residual = 0.0004063 after 2 iterations
      AMG solver residual = 0.00217927 after 1 iterations
      AMG solver residual = 0.00218854 after 1 iterations
  ----
  dt: 0.05
    dt scales:  0.725056 (Vlasov)  1.79769e+308 (Collisions)  
    CFL:  0.0689602 (Vlasov)  0 (Collisions)
  ----
  Distribution Function Extrema:
    Species 0:	0.000442274 [max]	-1.8238e-36 [min]

Step 55 completed, simulation time is 2.75
----

Step 56
      AMG solver residual = 0.000749346 after 2 iterations
      AMG solver residual = 0.00200092 after 2 iterations
      AMG solver residual = 0.00259312 after 1 iterations
      AMG solver residual = 0.00240328 after 1 iterations
  --
  Subiteration:1 of 1
      AMG solver residual = 0.000439014 after 2 iterations
      AMG solver residual = 0.00163818 after 2 iterations
      AMG solver residual = 0.00246681 after 1 iterations
      AMG solver residual = 0.00040315 after 2 iterations
      AMG solver residual = 0.00218203 after 1 iterations
      AMG solver residual = 0.00219147 after 1 iterations
      AMG solver residual = 0.000634233 after 2 iterations
      AMG solver residual = 0.00200269 after 2 iterations
      AMG solver residual = 0.00249383 after 1 iterations
      AMG solver residual = 0.00236209 after 1 iterations
      AMG solver residual = 0.00229778 after 1 iterations
      AMG solver residual = 0.000357786 after 2 iterations
      AMG solver residual = 0.00159308 after 2 iterations
      AMG solver residual = 0.00247053 after 1 iterations
      AMG solver residual = 0.000400043 after 2 iterations
      AMG solver residual = 0.00218497 after 1 iterations
      AMG solver residual = 0.0021934 after 1 iterations
      AMG solver residual = 0.00219805 after 1 iterations
  ----
  dt: 0.05
    dt scales:  0.595098 (Vlasov)  1.79769e+308 (Collisions)  
    CFL:  0.0840198 (Vlasov)  0 (Collisions)
  ----
  Distribution Function Extrema:
    Species 0:	0.000442509 [max]	-1.83166e-36 [min]

Step 56 completed, simulation time is 2.8
----

Step 57
      AMG solver residual = 0.000698513 after 2 iterations
      AMG solver residual = 0.00177546 after 2 iterations
      AMG solver residual = 0.00258361 after 1 iterations
      AMG solver residual = 0.00239605 after 1 iterations
  --
  Subiteration:1 of 1
      AMG solver residual = 0.000363153 after 2 iterations
      AMG solver residual = 0.00163809 after 2 iterations
      AMG solver residual = 0.00247193 after 1 iterations
      AMG solver residual = 0.000398434 after 2 iterations
      AMG solver residual = 0.00218672 after 1 iterations
      AMG solver residual = 0.00219493 after 1 iterations
      AMG solver residual = 0.00219902 after 1 iterations
      AMG solver residual = 0.000533763 after 2 iterations
      AMG solver residual = 0.00207344 after 2 iterations
      AMG solver residual = 0.00250152 after 1 iterations
      AMG solver residual = 0.00235266 after 1 iterations
      AMG solver residual = 0.00227544 after 1 iterations
      AMG solver residual = 0.000290655 after 2 iterations
      AMG solver residual = 0.00177681 after 2 iterations
      AMG solver residual = 0.00247387 after 1 iterations
      AMG solver residual = 0.000399442 after 2 iterations
      AMG solver residual = 0.00218649 after 1 iterations
      AMG solver residual = 0.00219304 after 1 iterations
      AMG solver residual = 0.00219555 after 1 iterations
  ----
  dt: 0.05
    dt scales:  0.482743 (Vlasov)  1.79769e+308 (Collisions)  
    CFL:  0.103575 (Vlasov)  0 (Collisions)
  ----
  Distribution Function Extrema:
    Species 0:	0.000442787 [max]	-1.84273e-36 [min]

Step 57 completed, simulation time is 2.85
----

Step 58
      AMG solver residual = 0.000671801 after 2 iterations
      AMG solver residual = 0.00158657 after 2 iterations
      AMG solver residual = 0.00255936 after 1 iterations
      AMG solver residual = 0.00239134 after 1 iterations
  --
  Subiteration:1 of 1
      AMG solver residual = 0.000295885 after 2 iterations
      AMG solver residual = 0.00188132 after 2 iterations
      AMG solver residual = 0.00260205 after 1 iterations
      AMG solver residual = 0.000444343 after 2 iterations
      AMG solver residual = 0.00226655 after 1 iterations
      AMG solver residual = 0.00227583 after 1 iterations
      AMG solver residual = 0.00226956 after 1 iterations
      AMG solver residual = 0.000428453 after 2 iterations
      AMG solver residual = 0.00191431 after 2 iterations
      AMG solver residual = 0.00264508 after 1 iterations
      AMG solver residual = 0.0024763 after 1 iterations
      AMG solver residual = 0.00235364 after 1 iterations
      AMG solver residual = 0.00851555 after 1 iterations
      AMG solver residual = 0.00102404 after 2 iterations
      AMG solver residual = 0.00281056 after 1 iterations
      AMG solver residual = 0.000419637 after 2 iterations
      AMG solver residual = 0.00241317 after 1 iterations
      AMG solver residual = 0.0024173 after 1 iterations
      AMG solver residual = 0.00239028 after 1 iterations
  ----
  dt: 0.05
    dt scales:  0.384558 (Vlasov)  1.79769e+308 (Collisions)  
    CFL:  0.130019 (Vlasov)  0 (Collisions)
  ----
  Distribution Function Extrema:
    Species 0:	0.000443011 [max]	-1.85809e-36 [min]

Step 58 completed, simulation time is 2.9
----
slurmstepd: *** STEP 989423.0 ON nid00056 CANCELLED AT 2016-01-24T00:43:47 DUE TO TIME LIMIT ***
slurmstepd: *** JOB 989423 ON nid00056 CANCELLED AT 2016-01-24T00:43:47 DUE TO TIME LIMIT ***
srun: got SIGCONT
srun: got SIGCONT
srun: forcing job termination
