**** cellSp[0] = 0.0981748,  cellSp[1] = 0.0981748
**** dimensions = 64, 64
**** cellSp[0] = 0.0981748,  cellSp[1] = 0.0981748
**** dimensions = 64, 64
**** cellSp[0] = 0.0981748,  cellSp[1] = 0.0981748
**** dimensions = 64, 64
**** cellSp[0] = 0.0981748,  cellSp[1] = 0.0981748
**** dimensions = 64, 64
**** cellSp[0] = 0.0981748,  cellSp[1] = 0.0981748
**** dimensions = 64, 64
**** cellSp[0] = 0.0981748,  cellSp[1] = 0.0981748
**** dimensions = 64, 64
**** cellSp[0] = 0.0981748,  cellSp[1] = 0.0981748
**** dimensions = 64, 64
**** cellSp[0] = 0.0981748,  cellSp[1] = 0.0981748
**** dimensions = 64, 64
**** cellSp[0] = 0.0981748,  cellSp[1] = 0.0981748
**** dimensions = 64, 64
**** cellSp[0] = 0.0981748,  cellSp[1] = 0.0981748
**** dimensions = 64, 64
**** cellSp[0] = 0.0981748,  cellSp[1] = 0.0981748
**** dimensions = 64, 64
**** cellSp[0] = 0.0981748,  cellSp[1] = 0.0981748
**** dimensions = 64, 64
**** cellSp[0] = 0.0981748,  cellSp[1] = 0.0981748
**** dimensions = 64, 64
**** cellSp[0] = 0.0981748,  cellSp[1] = 0.0981748
**** dimensions = 64, 64
**** cellSp[0] = 0.0981748,  cellSp[1] = 0.0981748
**** dimensions = 64, 64
**** cellSp[0] = 0.0981748,  cellSp[1] = 0.0981748
**** dimensions = 64, 64
**** cellSp[0] = 0.0981748,  cellSp[1] = 0.0981748
**** dimensions = 64, 64
**** cellSp[0] = 0.0981748,  cellSp[1] = 0.0981748
**** dimensions = 64, 64
**** cellSp[0] = 0.0981748,  cellSp[1] = 0.0981748
**** dimensions = 64, 64
**** cellSp[0] = 0.0981748,  cellSp[1] = 0.0981748
**** dimensions = 64, 64
**** cellSp[0] = 0.0981748,  cellSp[1] = 0.0981748
**** dimensions = 64, 64
**** cellSp[0] = 0.0981748,  cellSp[1] = 0.0981748
**** dimensions = 64, 64
**** cellSp[0] = 0.0981748,  cellSp[1] = 0.0981748
**** dimensions = 64, 64
**** cellSp[0] = 0.0981748,  cellSp[1] = 0.0981748
**** dimensions = 64, 64
**** cellSp[0] = 0.0981748,  cellSp[1] = 0.0981748
**** dimensions = 64, 64
**** cellSp[0] = 0.0981748,  cellSp[1] = 0.0981748
**** dimensions = 64, 64
**** cellSp[0] = 0.0981748,  cellSp[1] = 0.0981748
**** dimensions = 64, 64
**** cellSp[0] = 0.0981748,  cellSp[1] = 0.0981748
**** dimensions = 64, 64
**** cellSp[0] = 0.0981748,  cellSp[1] = 0.0981748
**** dimensions = 64, 64
**** cellSp[0] = 0.0981748,  cellSp[1] = 0.0981748
**** dimensions = 64, 64
** GKUnits ***********************************************************

==== Fundamental Units ===============================================
  NUMBER DENSITY    [1/m^3]: 1e+20
  TEMPERATURE           [eV]: 1000
  LENGTH                [m]: 1
  MASS                 [AMU]: 1
  MAGNETIC FIELD        [T]: 1
  CHARGE                [C]: 1.60218e-19
  BOLTZMANN CONSTANT  [J/K]: 1.38065e-23
  ELECTRIC CONSTANT   [F/m]: 8.85419e-12
  MAGNETIC CONSTANT   [H/m]: 1.25664e-06

==== Derived Units ===================================================

  THERMAL SPEED       [m/s]: 309497
  TRANSIT TIME          [s]: 3.23105e-06
  MAGNETIC MOMENT     [J/T]: 8.01088e-17
  DIST. FUNCTION [s/(Am^6)]: 1073.7
  POTENTIAL             [V]: 1000
  GYROFREQUENCY       [1/s]: 9.57883e+07
  GYRORADIUS            [m]: 0.00323105
  DEBYE LENGTH          [m]: 2.35082e-05

==== Dimensionless Parameters =========================================

  LARMOR NUMBER            : 0.00323105
  DEBYE NUMBER             : 2.35082e-05

***********************************************************************
**** cellSp[0] = 0.0981748,  cellSp[1] = 0.0981748
**** dimensions = 64, 64
**** cellSp[0] = 0.0981748,  cellSp[1] = 0.0981748
**** dimensions = 64, 64
Constructing slab geometry...
xmax = 0.02, ymax = 0.02
Bz_inner = 1.5, Bz_outer = 1.5
By_inner  = 0
**** cellSp[0] = 0.0981748,  cellSp[1] = 0.0981748
**** dimensions = 64, 64
Done constructing slab geometry
   Configuration space box ((0,0) (7,7) (0,0)) is assigned to process 0
   Configuration space box ((8,0) (15,7) (0,0)) is assigned to process 1
   Configuration space box ((16,0) (23,7) (0,0)) is assigned to process 2
   Configuration space box ((24,0) (31,7) (0,0)) is assigned to process 3
   Configuration space box ((32,0) (39,7) (0,0)) is assigned to process 4
   Configuration space box ((40,0) (47,7) (0,0)) is assigned to process 5
   Configuration space box ((48,0) (55,7) (0,0)) is assigned to process 6
   Configuration space box ((56,0) (63,7) (0,0)) is assigned to process 7
   Configuration space box ((0,8) (7,15) (0,0)) is assigned to process 8
   Configuration space box ((8,8) (15,15) (0,0)) is assigned to process 9
   Configuration space box ((16,8) (23,15) (0,0)) is assigned to process 10
   Configuration space box ((24,8) (31,15) (0,0)) is assigned to process 11
   Configuration space box ((32,8) (39,15) (0,0)) is assigned to process 12
   Configuration space box ((40,8) (47,15) (0,0)) is assigned to process 13
   Configuration space box ((48,8) (55,15) (0,0)) is assigned to process 14
   Configuration space box ((56,8) (63,15) (0,0)) is assigned to process 15
   Configuration space box ((0,16) (7,23) (0,0)) is assigned to process 16
   Configuration space box ((8,16) (15,23) (0,0)) is assigned to process 17
   Configuration space box ((16,16) (23,23) (0,0)) is assigned to process 18
   Configuration space box ((24,16) (31,23) (0,0)) is assigned to process 19
   Configuration space box ((32,16) (39,23) (0,0)) is assigned to process 20
   Configuration space box ((40,16) (47,23) (0,0)) is assigned to process 21
   Configuration space box ((48,16) (55,23) (0,0)) is assigned to process 22
   Configuration space box ((56,16) (63,23) (0,0)) is assigned to process 23
   Configuration space box ((0,24) (7,31) (0,0)) is assigned to process 24
   Configuration space box ((8,24) (15,31) (0,0)) is assigned to process 25
   Configuration space box ((16,24) (23,31) (0,0)) is assigned to process 26
   Configuration space box ((24,24) (31,31) (0,0)) is assigned to process 27
   Configuration space box ((32,24) (39,31) (0,0)) is assigned to process 28
   Configuration space box ((40,24) (47,31) (0,0)) is assigned to process 29
   Configuration space box ((48,24) (55,31) (0,0)) is assigned to process 30
   Configuration space box ((56,24) (63,31) (0,0)) is assigned to process 31
**** cellSp[0] = 0.0981748,  cellSp[1] = 0.0981748
**** dimensions = 64, 64
**** cellSp[0] = 0.0981748,  cellSp[1] = 0.0981748
**** dimensions = 64, 64
**** cellSp[0] = 0.0981748,  cellSp[1] = 0.0981748
**** dimensions = 64, 64
**** cellSp[0] = 0.0981748,  cellSp[1] = 0.0981748
**** dimensions = 64, 64
**** cellSp[0] = 0.0981748,  cellSp[1] = 0.0981748
**** dimensions = 64, 64
**** cellSp[0] = 0.0981748,  cellSp[1] = 0.0981748
**** dimensions = 64, 64
**** cellSp[0] = 0.0981748,  cellSp[1] = 0.0981748
**** dimensions = 64, 64
**** cellSp[0] = 0.0981748,  cellSp[1] = 0.0981748
**** dimensions = 64, 64
**** cellSp[0] = 0.0981748,  cellSp[1] = 0.0981748
**** dimensions = 64, 64
**** cellSp[0] = 0.0981748,  cellSp[1] = 0.0981748
**** dimensions = 64, 64
**** cellSp[0] = 0.0981748,  cellSp[1] = 0.0981748
**** dimensions = 64, 64
**** cellSp[0] = 0.0981748,  cellSp[1] = 0.0981748
**** dimensions = 64, 64
**** cellSp[0] = 0.0981748,  cellSp[1] = 0.0981748
**** dimensions = 64, 64
**** cellSp[0] = 0.0981748,  cellSp[1] = 0.0981748
**** dimensions = 64, 64
**** cellSp[0] = 0.0981748,  cellSp[1] = 0.0981748
**** dimensions = 64, 64
**** cellSp[0] = 0.0981748,  cellSp[1] = 0.0981748
**** dimensions = 64, 64
**** cellSp[0] = 0.0981748,  cellSp[1] = 0.0981748
**** dimensions = 64, 64
**** cellSp[0] = 0.0981748,  cellSp[1] = 0.0981748
**** dimensions = 64, 64
**** cellSp[0] = 0.0981748,  cellSp[1] = 0.0981748
**** dimensions = 64, 64
**** cellSp[0] = 0.0981748,  cellSp[1] = 0.0981748
**** dimensions = 64, 64
**** cellSp[0] = 0.0981748,  cellSp[1] = 0.0981748
**** dimensions = 64, 64
**** cellSp[0] = 0.0981748,  cellSp[1] = 0.0981748
**** dimensions = 64, 64
**** cellSp[0] = 0.0981748,  cellSp[1] = 0.0981748
**** dimensions = 64, 64
**** cellSp[0] = 0.0981748,  cellSp[1] = 0.0981748
**** dimensions = 64, 64
**** cellSp[0] = 0.0981748,  cellSp[1] = 0.0981748
**** dimensions = 64, 64
**** cellSp[0] = 0.0981748,  cellSp[1] = 0.0981748
**** dimensions = 64, 64
**** cellSp[0] = 0.0981748,  cellSp[1] = 0.0981748
**** dimensions = 64, 64
**** cellSp[0] = 0.0981748,  cellSp[1] = 0.0981748
**** dimensions = 64, 64
**** cellSp[0] = 0.0981748,  cellSp[1] = 0.0981748
**** dimensions = 64, 64
   Configuration space box ((0,32) (7,39) (0,0)) is assigned to process 32
   Configuration space box ((8,32) (15,39) (0,0)) is assigned to process 33
   Configuration space box ((16,32) (23,39) (0,0)) is assigned to process 34
   Configuration space box ((24,32) (31,39) (0,0)) is assigned to process 35
   Configuration space box ((32,32) (39,39) (0,0)) is assigned to process 36
   Configuration space box ((40,32) (47,39) (0,0)) is assigned to process 37
   Configuration space box ((48,32) (55,39) (0,0)) is assigned to process 38
   Configuration space box ((56,32) (63,39) (0,0)) is assigned to process 39
   Configuration space box ((0,40) (7,47) (0,0)) is assigned to process 40
   Configuration space box ((8,40) (15,47) (0,0)) is assigned to process 41
   Configuration space box ((16,40) (23,47) (0,0)) is assigned to process 42
   Configuration space box ((24,40) (31,47) (0,0)) is assigned to process 43
   Configuration space box ((32,40) (39,47) (0,0)) is assigned to process 44
   Configuration space box ((**** cellSp[0] = 0.0981748,  cellSp[1] = 0.0981748
**** dimensions = 64, 64
40,40) (47,47) (0,0)) is assigned to process 45
   Configuration space box ((48,40) (55,47) (0,0)) is assigned to process 46
   Configuration space box ((56,40) (63,47) (0,0)) is assigned to process 47
**** cellSp[0] = 0.0981748,  cellSp[1] = 0.0981748
**** dimensions = 64, 64
   Configuration space box ((0,48) (7,55) (0,0)) is assigned to process 48
   Configuration space box ((8,48) (15,55) (0,0)) is assigned to process 49
   Configuration space box ((16,48) (23,55) (0,0)) is assigned to process 50
   Configuration space box ((24,48) (31,55) (0,0)) is assigned to process 51
   Configuration space box ((32,48) (39,55) (0,0)) is assigned to process 52
   Configuration space box ((40,48) (47,55) (0,0)) is assigned to process 53
   Configuration space box ((48,48) (55,55) (0,0)) is assigned to process 54
   Configuration space box ((56,48) (63,55) (0,0)) is assigned to process 55
   Configuration space box ((0,56) (7,63) (0,0)) is assigned to process 56
   Configuration space box ((8,56) (15,63) (0,0)) is assigned to process 57
   Configuration space box ((16,56) (23,63) (0,0)) is assigned to process 58
   Configuration space box ((24,56) (31,63) (0,0)) is assigned to process 59
   Configuration space box ((32,56) (39,63) (0,0)) is assigned to process 60
   Phase space box ((0,32,-32,0) (7,39,31,31) (0,0,0,0)) is assigned to process 32, has 131072 valid cells and 606208 ghost cells
   Configuration space box ((40,56) (47,63) (0,0)) is assigned to process 61
   Configuration space box ((48,56) (55,63) (0,0)) is assigned to process 62
   Configuration space box ((56,56) (63,63) (0,0)) is assigned to process 63
Constructing magnetic geometry
   Phase space box ((40,32,-32,0) (47,39,31,31) (0,0,0,0)) is assigned to process 37, has 131072 valid cells and 606208 ghost cells
Done constructing magnetic geometry
   Phase space box ((32,40,-32,0) (39,47,31,31) (0,0,0,0)) is assigned to process 44, has 131072 valid cells and 606208 ghost cells
   Velocity space box ((-32,0) (-25,7) (0,0)) is assigned to process 0
   Velocity space box ((-24,0) (-17,7) (0,0)) is assigned to process 1
   Velocity space box ((-16,0) (-9,7) (0,0)) is assigned to process 2
   Velocity space box ((-8,0) (-1,7) (0,0)) is assigned to process 3
   Velocity space box ((0,0) (7,7) (0,0)) is assigned to process 4
   Velocity space box ((8,0) (15,7) (0,0)) is assigned to process 5
   Velocity space box ((16,0) (23,7) (0,0)) is assigned to process 6
   Velocity space box ((24,0) (31,7) (0,0)) is assigned to process 7
   Velocity space box ((-32,8) (-25,15) (0,0)) is assigned to process 8
   Phase space box ((56,40,-32,0) (63,47,31,31) (0,0,0,0)) is assigned to process 47, has 131072 valid cells and 606208 ghost cells
   Velocity space box ((-24,8) (-17,15) (0,0)) is assigned to process 9
   Velocity space box ((-16,8) (-9,15) (0,0)) is assigned to process 10
   Velocity space box ((-8,8) (-1,15) (0,0)) is assigned to process 11
   Velocity space box ((0,8) (7,15) (0,0)) is assigned to process 12
   Velocity space box ((8,8) (15,15) (0,0)) is assigned to process 13
   Velocity space box ((16,8) (23,15) (0,0)) is assigned to process 14
   Velocity space box ((24,8) (31,15) (0,0)) is assigned to process 15
   Velocity space box ((-32,16) (-25,23) (0,0)) is assigned to process 16
   Velocity space box ((-24,16) (-17,23) (0,0)) is assigned to process 17
   Velocity space box ((-16,16) (-9,23) (0,0)) is assigned to process 18
   Velocity space box ((-8,16) (-1,23) (0,0)) is assigned to process 19
   Velocity space box ((0,16) (7,23) (0,0)) is assigned to process 20
   Velocity space box ((8,16) (15,23) (0,0)) is assigned to process 21
   Velocity space box ((16,16) (23,23) (0,0)) is assigned to process 22
   Velocity space box    Phase space box ((32,48,-32,0) (39,55,31,31) (0,0,0,0)) is assigned to process 52, has 131072 valid cells and 606208 ghost cells
((24,16) (31,23) (0,0)) is assigned to process 23
   Velocity space box ((-32,24) (-25,31) (0,0)) is assigned to process 24
   Velocity space box ((-24,24) (-17,31) (0,0)) is assigned to process 25
   Velocity space box ((-16,24) (-9,31) (0,0)) is assigned to process 26
   Velocity space box ((-8,24) (-1,31) (0,0)) is assigned to process 27
   Velocity space box ((0,24) (7,31) (0,0)) is assigned to process 28
   Velocity space box ((8,24) (15,31) (0,0)) is assigned to process 29
   Velocity space box ((16,24) (23,31) (0,0)) is assigned to process 30
   Velocity space box ((24,24) (31,31) (0,0)) is assigned to process 31
   Phase space box ((24,56,-32,0) (31,63,31,31) (0,0,0,0)) is assigned to process 59, has 131072 valid cells and 606208 ghost cells
   Phase space box ((56,8,-32,0) (63,15,31,31) (0,0,0,0)) is assigned to process 15, has 131072 valid cells and 606208 ghost cells
   Phase space box ((8,32,-32,0) (15,39,31,31) (0,0,0,0)) is assigned to process 33, has 131072 valid cells and 606208 ghost cells
   Phase space box ((16,16,-32,0) (23,23,31,31) (0,0,0,0)) is assigned to process 18, has 131072 valid cells and 606208 ghost cells
   Phase space box ((16,32,-32,0) (23,39,31,31) (0,0,0,0)) is assigned to process 34, has 131072 valid cells and 606208 ghost cells
   Phase space box ((48,16,-32,0) (55,23,31,31) (0,0,0,0)) is assigned to process 22, has 131072 valid cells and 606208 ghost cells
   Phase space box ((24,32,-32,0) (31,39,31,31) (0,0,0,0)) is assigned to process 35, has 131072 valid cells and 606208 ghost cells
   Phase space box ((40,24,-32,0) (47,31,31,31) (0,0,0,0)) is assigned to process 29, has 131072 valid cells and 606208 ghost cells
   Phase space box ((32,32,-32,0) (39,39,31,31) (0,0,0,0)) is assigned to process 36, has 131072 valid cells and 606208 ghost cells
   Phase space box ((0,0,-32,0) (7,7,31,31) (0,0,0,0)) is assigned to process 0, has 131072 valid cells and 606208 ghost cells
   Phase space box ((48,32,-32,0) (55,39,31,31) (0,0,0,0)) is assigned to process 38, has 131072 valid cells and 606208 ghost cells
   Phase space box ((8,0,-32,0) (15,7,31,31) (0,0,0,0)) is assigned to process 1, has 131072 valid cells and 606208 ghost cells
   Phase space box ((56,32,-32,0) (63,39,31,31) (0,0,0,0)) is assigned to process 39, has 131072 valid cells and 606208 ghost cells
   Phase space box ((16,0,-32,0) (23,7,31,31) (0,0,0,0)) is assigned to process 2, has 131072 valid cells and 606208 ghost cells
   Phase space box ((0,40,-32,0) (7,47,31,31) (0,0,0,0)) is assigned to process 40, has 131072 valid cells and 606208 ghost cells
   Phase space box ((24,0,-32,0) (31,7,31,31) (0,0,0,0)) is assigned to process 3, has 131072 valid cells and 606208 ghost cells
   Phase space box ((8,40,-32,0) (15,47,31,31) (0,0,0,0)) is assigned to process 41, has 131072 valid cells and 606208 ghost cells
   Phase space box ((32,0,-32,0) (39,7,31,31) (0,0,0,0)) is assigned to process 4, has 131072 valid cells and 606208 ghost cells
   Phase space box ((16,40,-32,0) (23,47,31,31) (0,0,0,0)) is assigned to process 42, has 131072 valid cells and 606208 ghost cells
   Phase space box ((40,0,-32,0) (47,7,31,31) (0,0,0,0)) is assigned to process 5, has 131072 valid cells and 606208 ghost cells
   Phase space box ((24,40,-32,0) (31,47,31,31) (0,0,0,0)) is assigned to process 43, has 131072 valid cells and 606208 ghost cells
   Phase space box ((56,0,-32,0) (63,7,31,31) (0,0,0,0)) is assigned to process 7, has 131072 valid cells and 606208 ghost cells
   Phase space box ((40,40,-32,0) (47,47,31,31) (0,0,0,0)) is assigned to process 45, has 131072 valid cells and 606208 ghost cells
   Phase space box ((0,8,-32,0) (7,15,31,31) (0,0,0,0)) is assigned to process 8, has 131072 valid cells and 606208 ghost cells
   Phase space box ((48,40,-32,0) (55,47,31,31) (0,0,0,0)) is assigned to process 46, has 131072 valid cells and 606208 ghost cells
   Phase space box ((8,8,-32,0) (15,15,31,31) (0,0,0,0)) is assigned to process 9, has 131072 valid cells and 606208 ghost cells
   Phase space box ((0,48,-32,0) (7,55,31,31) (0,0,0,0)) is assigned to process 48, has 131072 valid cells and 606208 ghost cells
   Phase space box ((16,8,-32,0) (23,15,31,31) (0,0,0,0)) is assigned to process 10, has 131072 valid cells and 606208 ghost cells
   Phase space box ((8,48,-32,0) (15,55,31,31) (0,0,0,0)) is assigned to process 49, has 131072 valid cells and 606208 ghost cells
   Phase space box ((24,8,-32,0) (31,15,31,31) (0,0,0,0)) is assigned to process 11, has 131072 valid cells and 606208 ghost cells
   Phase space box ((16,48,-32,0) (23,55,31,31) (0,0,0,0)) is assigned to process 50, has 131072 valid cells and 606208 ghost cells
   Phase space box ((32,8,-32,0) (39,15,31,31) (0,0,0,0)) is assigned to process 12, has 131072 valid cells and 606208 ghost cells
   Phase space box ((24,48,-32,0) (31,55,31,31) (0,0,0,0)) is assigned to process 51, has 131072 valid cells and 606208 ghost cells
   Phase space box ((48,8,-32,0) (55,15,31,31) (0,0,0,0)) is assigned to process 14, has 131072 valid cells and 606208 ghost cells
   Phase space box ((40,48,-32,0) (47,55,31,31) (0,0,0,0)) is assigned to process 53, has 131072 valid cells and 606208 ghost cells
   Phase space box ((0,16,-32,0) (7,23,31,31) (0,0,0,0)) is assigned to process 16, has 131072 valid cells and 606208 ghost cells
   Phase space box ((48,48,-32,0) (55,55,31,31) (0,0,0,0)) is assigned to process 54, has 131072 valid cells and 606208 ghost cells
   Phase space box ((8,16,-32,0) (15,23,31,31) (0,0,0,0)) is assigned to process 17, has 131072 valid cells and 606208 ghost cells
   Phase space box ((56,48,-32,0) (63,55,31,31) (0,0,0,0)) is assigned to process 55, has 131072 valid cells and 606208 ghost cells
   Phase space box ((24,16,-32,0) (31,23,31,31) (0,0,0,0)) is assigned to process 19, has 131072 valid cells and 606208 ghost cells
   Phase space box ((0,56,-32,0) (7,63,31,31) (0,0,0,0)) is assigned to process 56, has 131072 valid cells and 606208 ghost cells
   Phase space box ((32,16,-32,0) (39,23,31,31) (0,0,0,0)) is assigned to process 20, has 131072 valid cells and 606208 ghost cells
   Phase space box ((8,56,-32,0) (15,63,31,31) (0,0,0,0)) is assigned to process 57, has 131072 valid cells and 606208 ghost cells
   Phase space box ((40,16,-32,0) (47,23,31,31) (0,0,0,0)) is assigned to process 21, has 131072 valid cells and 606208 ghost cells
   Phase space box ((16,56,-32,0) (23,63,31,31) (0,0,0,0)) is assigned to process 58, has 131072 valid cells and 606208 ghost cells
   Phase space box ((56,16,-32,0) (63,23,31,31) (0,0,0,0)) is assigned to process 23, has 131072 valid cells and 606208 ghost cells
   Phase space box ((32,56,-32,0) (39,63,31,31) (0,0,0,0)) is assigned to process 60, has 131072 valid cells and 606208 ghost cells
   Phase space box ((0,24,-32,0) (7,31,31,31) (0,0,0,0)) is assigned to process 24, has 131072 valid cells and 606208 ghost cells
   Phase space box ((40,56,-32,0) (47,63,31,31) (0,0,0,0)) is assigned to process 61, has 131072 valid cells and 606208 ghost cells
   Phase space box ((8,24,-32,0) (15,31,31,31) (0,0,0,0)) is assigned to process 25, has 131072 valid cells and 606208 ghost cells
   Phase space box ((48,56,-32,0) (55,63,31,31) (0,0,0,0)) is assigned to process 62, has 131072 valid cells and 606208 ghost cells
   Phase space box ((16,24,-32,0) (23,31,31,31) (0,0,0,0)) is assigned to process 26, has 131072 valid cells and 606208 ghost cells
   Phase space box ((56,56,-32,0) (63,63,31,31) (0,0,0,0)) is assigned to process 63, has 131072 valid cells and 606208 ghost cells
   Phase space box ((24,24,-32,0) (31,31,31,31) (0,0,0,0)) is assigned to process 27, has 131072 valid cells and 606208 ghost cells
   Phase space box ((32,24,-32,0) (39,31,31,31) (0,0,0,0)) is assigned to process 28, has 131072 valid cells and 606208 ghost cells
   Phase space box ((48,24,-32,0) (55,31,31,31) (0,0,0,0)) is assigned to process 30, has 131072 valid cells and 606208 ghost cells
   Phase space box ((56,24,-32,0) (63,31,31,31) (0,0,0,0)) is assigned to process 31, has 131072 valid cells and 606208 ghost cells
   Phase space box ((48,0,-32,0) (55,7,31,31) (0,0,0,0)) is assigned to process 6, has 131072 valid cells and 606208 ghost cells
   Phase space box ((40,8,-32,0) (47,15,31,31) (0,0,0,0)) is assigned to process 13, has 131072 valid cells and 606208 ghost cells
Adding species and constructing gyrocenter coordinates...
   hydrogen: kinetic species with mass = 2, charge = 1
Done adding species and constructing coordinates

Grid Function Library =========================

"Ion_vpar_grid_func":
Constant grid function parameters:
  value: 1

"N0_grid_func":
Arbitrary grid function parameters:
  function: 1.0+0.5*exp(-(x-pi)/(2*pi*0.01/0.02))+0.001*exp(-(x-pi)^2/(2*pi*0.001/0.02))*cos(2*y)

"T0_grid_func":
Cosine grid function parameters:
  constant: 0.2
  amplitude: 0
  mode: (1,0)
  phase: (0,0)

"eN0_grid_func":
Arbitrary grid function parameters:
  function: 1.0+0.5*exp(-(x-pi)/(2*pi*0.01/0.02))

"eT0_grid_func":
Cosine grid function parameters:
  constant: 0.2
  amplitude: 0
  mode: (1,0)
  phase: (0,0)

"ele_vpar_grid_func":
Constant grid function parameters:
  value: 1

"zero_grid_func":
Constant grid function parameters:
  value: 0

===============================================

Kinetic Function Library =========================

"maxwellian_electron_phase_func":
Maxwellian kinetic function parameters:
-- Density --
Arbitrary grid function parameters:
  function: 1.0+0.5*exp(-(x-pi)/(2*pi*0.01/0.02))

-- Temperature --
Cosine grid function parameters:
  constant: 0.2
  amplitude: 0
  mode: (1,0)
  phase: (0,0)

-- Vparallel --
Constant grid function parameters:
  value: 1


"maxwellian_phase_func":
Maxwellian kinetic function parameters:
-- Density --
Arbitrary grid function parameters:
  function: 1.0+0.5*exp(-(x-pi)/(2*pi*0.01/0.02))+0.001*exp(-(x-pi)^2/(2*pi*0.001/0.02))*cos(2*y)

-- Temperature --
Cosine grid function parameters:
  constant: 0.2
  amplitude: 0
  mode: (1,0)
  phase: (0,0)

-- Vparallel --
Constant grid function parameters:
  value: 1


==================================================

SlabPotentialBC ================================
- variable: potential-------------
  radial_lower: 
     bc_type  = 0
     bc_value = 0
  radial_upper: 
     bc_type  = 0
     bc_value = 0
  poloidal_lower: 
     bc_type  = 1
     bc_value = 0
  poloidal_upper: 
     bc_type  = 1
     bc_value = 0
-----------------------------------------------
===============================================

SlabPhaseBC ================================
- variable: hydrogen-------------
  radial_lower: 
Maxwellian kinetic function parameters:
-- Density --
Arbitrary grid function parameters:
  function: 1.0+0.5*exp(-(x-pi)/(2*pi*0.01/0.02))+0.001*exp(-(x-pi)^2/(2*pi*0.001/0.02))*cos(2*y)

-- Temperature --
Cosine grid function parameters:
  constant: 0.2
  amplitude: 0
  mode: (1,0)
  phase: (0,0)

-- Vparallel --
Constant grid function parameters:
  value: 1


  radial_upper: 
Maxwellian kinetic function parameters:
-- Density --
Arbitrary grid function parameters:
  function: 1.0+0.5*exp(-(x-pi)/(2*pi*0.01/0.02))+0.001*exp(-(x-pi)^2/(2*pi*0.001/0.02))*cos(2*y)

-- Temperature --
Cosine grid function parameters:
  constant: 0.2
  amplitude: 0
  mode: (1,0)
  phase: (0,0)

-- Vparallel --
Constant grid function parameters:
  value: 1


  poloidal_lower: 
Maxwellian kinetic function parameters:
-- Density --
Arbitrary grid function parameters:
  function: 1.0+0.5*exp(-(x-pi)/(2*pi*0.01/0.02))+0.001*exp(-(x-pi)^2/(2*pi*0.001/0.02))*cos(2*y)

-- Temperature --
Cosine grid function parameters:
  constant: 0.2
  amplitude: 0
  mode: (1,0)
  phase: (0,0)

-- Vparallel --
Constant grid function parameters:
  value: 1


  poloidal_upper: 
Maxwellian kinetic function parameters:
-- Density --
Arbitrary grid function parameters:
  function: 1.0+0.5*exp(-(x-pi)/(2*pi*0.01/0.02))+0.001*exp(-(x-pi)^2/(2*pi*0.001/0.02))*cos(2*y)

-- Temperature --
Cosine grid function parameters:
  constant: 0.2
  amplitude: 0
  mode: (1,0)
  phase: (0,0)

-- Vparallel --
Constant grid function parameters:
  value: 1


  vpar_lower: 
Maxwellian kinetic function parameters:
-- Density --
Arbitrary grid function parameters:
  function: 1.0+0.5*exp(-(x-pi)/(2*pi*0.01/0.02))+0.001*exp(-(x-pi)^2/(2*pi*0.001/0.02))*cos(2*y)

-- Temperature --
Cosine grid function parameters:
  constant: 0.2
  amplitude: 0
  mode: (1,0)
  phase: (0,0)

-- Vparallel --
Constant grid function parameters:
  value: 1


  vpar_upper: 
Maxwellian kinetic function parameters:
-- Density --
Arbitrary grid function parameters:
  function: 1.0+0.5*exp(-(x-pi)/(2*pi*0.01/0.02))+0.001*exp(-(x-pi)^2/(2*pi*0.001/0.02))*cos(2*y)

-- Temperature --
Cosine grid function parameters:
  constant: 0.2
  amplitude: 0
  mode: (1,0)
  phase: (0,0)

-- Vparallel --
Constant grid function parameters:
  value: 1


  mu_lower: 
Maxwellian kinetic function parameters:
-- Density --
Arbitrary grid function parameters:
  function: 1.0+0.5*exp(-(x-pi)/(2*pi*0.01/0.02))+0.001*exp(-(x-pi)^2/(2*pi*0.001/0.02))*cos(2*y)

-- Temperature --
Cosine grid function parameters:
  constant: 0.2
  amplitude: 0
  mode: (1,0)
  phase: (0,0)

-- Vparallel --
Constant grid function parameters:
  value: 1


  mu_upper: 
Maxwellian kinetic function parameters:
-- Density --
Arbitrary grid function parameters:
  function: 1.0+0.5*exp(-(x-pi)/(2*pi*0.01/0.02))+0.001*exp(-(x-pi)^2/(2*pi*0.001/0.02))*cos(2*y)

-- Temperature --
Cosine grid function parameters:
  constant: 0.2
  amplitude: 0
  mode: (1,0)
  phase: (0,0)

-- Vparallel --
Constant grid function parameters:
  value: 1


-----------------------------------------------
===============================================
Unrecognized collision model; setting model to NULL
      AMG solver residual = 0.00221703 after 2 iterations
      AMG solver residual = 0.00123014 after 2 iterations
      AMG solver residual = 0.00218138 after 2 iterations
      AMG solver residual = 0.00188201 after 2 iterations
  Distribution Function Extrema:
    Species 0:	0.000209003 [max]	-2.69329e-26 [min]

      AMG solver residual = 0.00445074 after 1 iterations
dtStable = 3.68679
      AMG solver residual = 0.00216085 after 2 iterations
      AMG solver residual = 0.00129901 after 2 iterations
      AMG solver residual = 0.00194831 after 2 iterations
      AMG solver residual = 0.00176884 after 2 iterations
      AMG solver residual = 0.00201528 after 2 iterations
      AMG solver residual = 0.00169493 after 2 iterations
      AMG solver residual = 0.0045505 after 1 iterations
      AMG solver residual = 0.00222504 after 2 iterations
      AMG solver residual = 0.0013865 after 2 iterations
      AMG solver residual = 0.00196983 after 2 iterations
      AMG solver residual = 0.0017349 after 2 iterations
 subiteration:1/1
 subiteration:1/1
 subiteration:1/1
  Distribution Function Extrema:
 subiteration:1/1
 subiteration:1/1
 subiteration:1/1
 subiteration:1/1
 subiteration:1/1
 subiteration:1/1
 subiteration:1/1
 subiteration:1/1
 subiteration:1/1
 subiteration:1/1
 subiteration:1/1
 subiteration:1/1
 subiteration:1/1
 subiteration:1/1
 subiteration:1/1
 subiteration:1/1
 subiteration:1/1
 subiteration:1/1
 subiteration:1/1
 subiteration:1/1
 subiteration:1/1
 subiteration:1/1
 subiteration:1/1
 subiteration:1/1
 subiteration:1/1
 subiteration:1/1
 subiteration:1/1
 subiteration:1/1
 subiteration:1/1
 subiteration:1/1
 subiteration:1/1
 subiteration:1/1
 subiteration:1/1
 subiteration:1/1
 subiteration:1/1
 subiteration:1/1
 subiteration:1/1
 subiteration:1/1
 subiteration:1/1
 subiteration:1/1
 subiteration:1/1
 subiteration:1/1
 subiteration:1/1
 subiteration:1/1
 subiteration:1/1
 subiteration:1/1
 subiteration:1/1
 subiteration:1/1
 subiteration:1/1
 subiteration:1/1
 subiteration:1/1
 subiteration:1/1
 subiteration:1/1
 subiteration:1/1
 subiteration:1/1
 subiteration:1/1
 subiteration:1/1
 subiteration:1/1
 subiteration:1/1
 subiteration:1/1
 subiteration:1/1
    Species 0:	0.000209003 [max]	-2.69329e-26 [min]

Step 1 completed, simulation time is 0.1
      AMG solver residual = 0.00214299 after 2 iterations
      AMG solver residual = 0.00147438 after 2 iterations
      AMG solver residual = 0.00433258 after 1 iterations
      AMG solver residual = 0.00226049 after 2 iterations
      AMG solver residual = 0.00144161 after 2 iterations
      AMG solver residual = 0.0020029 after 2 iterations
      AMG solver residual = 0.00176364 after 2 iterations
      AMG solver residual = 0.00191457 after 2 iterations
      AMG solver residual = 0.00149266 after 2 iterations
      AMG solver residual = 0.00442835 after 1 iterations
      AMG solver residual = 0.00224726 after 2 iterations
      AMG solver residual = 0.00148576 after 2 iterations
      AMG solver residual = 0.002039 after 2 iterations
      AMG solver residual = 0.00174562 after 2 iterations
 subiteration:1/1
 subiteration:1/1
 subiteration:1/1
  Distribution Function Extrema:
 subiteration:1/1
 subiteration:1/1
 subiteration:1/1
 subiteration:1/1
 subiteration:1/1
 subiteration:1/1
 subiteration:1/1
 subiteration:1/1
 subiteration:1/1
 subiteration:1/1
 subiteration:1/1
 subiteration:1/1
 subiteration:1/1
 subiteration:1/1
 subiteration:1/1
 subiteration:1/1
 subiteration:1/1
 subiteration:1/1
 subiteration:1/1
 subiteration:1/1
 subiteration:1/1
 subiteration:1/1
 subiteration:1/1
 subiteration:1/1
 subiteration:1/1
 subiteration:1/1
 subiteration:1/1
 subiteration:1/1
 subiteration:1/1
 subiteration:1/1
 subiteration:1/1
 subiteration:1/1
 subiteration:1/1
 subiteration:1/1
 subiteration:1/1
 subiteration:1/1
 subiteration:1/1
 subiteration:1/1
 subiteration:1/1
 subiteration:1/1
 subiteration:1/1
 subiteration:1/1
 subiteration:1/1
 subiteration:1/1
 subiteration:1/1
 subiteration:1/1
 subiteration:1/1
 subiteration:1/1
 subiteration:1/1
 subiteration:1/1
 subiteration:1/1
 subiteration:1/1
 subiteration:1/1
 subiteration:1/1
 subiteration:1/1
 subiteration:1/1
 subiteration:1/1
 subiteration:1/1
 subiteration:1/1
 subiteration:1/1
 subiteration:1/1
    Species 0:	0.000209003 [max]	-2.69329e-26 [min]

Step 2 completed, simulation time is 0.2
      AMG solver residual = 0.0023202 after 2 iterations
      AMG solver residual = 0.0015764 after 2 iterations
      AMG solver residual = 0.0044414 after 1 iterations
      AMG solver residual = 0.00221588 after 2 iterations
      AMG solver residual = 0.00149837 after 2 iterations
      AMG solver residual = 0.00207811 after 2 iterations
      AMG solver residual = 0.00177129 after 2 iterations
      AMG solver residual = 0.00203442 after 2 iterations
      AMG solver residual = 0.00141224 after 2 iterations
      AMG solver residual = 0.00432963 after 1 iterations
      AMG solver residual = 0.00216031 after 2 iterations
      AMG solver residual = 0.00146851 after 2 iterations
      AMG solver residual = 0.00212562 after 2 iterations
      AMG solver residual = 0.00174982 after 2 iterations
 subiteration:1/1
  Distribution Function Extrema:
 subiteration:1/1
 subiteration:1/1
 subiteration:1/1
 subiteration:1/1
 subiteration:1/1
 subiteration:1/1
 subiteration:1/1
 subiteration:1/1
 subiteration:1/1
 subiteration:1/1
 subiteration:1/1
 subiteration:1/1
 subiteration:1/1
 subiteration:1/1
 subiteration:1/1
 subiteration:1/1
 subiteration:1/1
 subiteration:1/1
 subiteration:1/1
 subiteration:1/1
 subiteration:1/1
 subiteration:1/1
 subiteration:1/1
 subiteration:1/1
 subiteration:1/1
 subiteration:1/1
 subiteration:1/1
 subiteration:1/1
 subiteration:1/1
 subiteration:1/1
 subiteration:1/1
 subiteration:1/1
 subiteration:1/1
 subiteration:1/1
 subiteration:1/1
 subiteration:1/1
 subiteration:1/1
 subiteration:1/1
 subiteration:1/1
 subiteration:1/1
 subiteration:1/1
 subiteration:1/1
 subiteration:1/1
 subiteration:1/1
 subiteration:1/1
 subiteration:1/1
 subiteration:1/1
 subiteration:1/1
 subiteration:1/1
 subiteration:1/1
 subiteration:1/1
 subiteration:1/1
 subiteration:1/1
 subiteration:1/1
 subiteration:1/1
 subiteration:1/1
 subiteration:1/1
 subiteration:1/1
 subiteration:1/1
 subiteration:1/1
 subiteration:1/1
 subiteration:1/1
 subiteration:1/1
    Species 0:	0.000209003 [max]	-2.69329e-26 [min]

Step 3 completed, simulation time is 0.3
      AMG solver residual = 0.00227572 after 2 iterations
      AMG solver residual = 0.00165502 after 2 iterations
      AMG solver residual = 0.00453992 after 1 iterations
      AMG solver residual = 0.00210437 after 2 iterations
      AMG solver residual = 0.00141021 after 2 iterations
      AMG solver residual = 0.00216397 after 2 iterations
      AMG solver residual = 0.00177516 after 2 iterations
      AMG solver residual = 0.00221446 after 2 iterations
      AMG solver residual = 0.00147656 after 2 iterations
      AMG solver residual = 0.00435827 after 1 iterations
      AMG solver residual = 0.00208055 after 2 iterations
      AMG solver residual = 0.00128167 after 2 iterations
      AMG solver residual = 0.00221369 after 2 iterations
      AMG solver residual = 0.00174298 after 2 iterations
 subiteration:1/1
 subiteration:1/1
 subiteration:1/1
 subiteration:1/1
 subiteration:1/1
 subiteration:1/1
 subiteration:1/1
 subiteration:1/1
  Distribution Function Extrema:
 subiteration:1/1
 subiteration:1/1
 subiteration:1/1
 subiteration:1/1
 subiteration:1/1
 subiteration:1/1
 subiteration:1/1
 subiteration:1/1
 subiteration:1/1
 subiteration:1/1
 subiteration:1/1
 subiteration:1/1
 subiteration:1/1
 subiteration:1/1
 subiteration:1/1
 subiteration:1/1
 subiteration:1/1
 subiteration:1/1
 subiteration:1/1
 subiteration:1/1
 subiteration:1/1
 subiteration:1/1
 subiteration:1/1
 subiteration:1/1
 subiteration:1/1
 subiteration:1/1
 subiteration:1/1
 subiteration:1/1
 subiteration:1/1
 subiteration:1/1
 subiteration:1/1
 subiteration:1/1
 subiteration:1/1
 subiteration:1/1
 subiteration:1/1
 subiteration:1/1
 subiteration:1/1
 subiteration:1/1
 subiteration:1/1
 subiteration:1/1
 subiteration:1/1
 subiteration:1/1
 subiteration:1/1
 subiteration:1/1
 subiteration:1/1
 subiteration:1/1
 subiteration:1/1
 subiteration:1/1
 subiteration:1/1
 subiteration:1/1
 subiteration:1/1
 subiteration:1/1
 subiteration:1/1
 subiteration:1/1
 subiteration:1/1
 subiteration:1/1
    Species 0:	0.000209003 [max]	-2.6933e-26 [min]

Step 4 completed, simulation time is 0.4
      AMG solver residual = 0.00207164 after 2 iterations
      AMG solver residual = 0.001675 after 2 iterations
      AMG solver residual = 0.00206192 after 2 iterations
      AMG solver residual = 0.00116652 after 2 iterations
      AMG solver residual = 0.00224362 after 2 iterations
      AMG solver residual = 0.0017311 after 2 iterations
      AMG solver residual = 0.00227295 after 2 iterations
      AMG solver residual = 0.00159933 after 2 iterations
      AMG solver residual = 0.00444218 after 1 iterations
      AMG solver residual = 0.00210436 after 2 iterations
      AMG solver residual = 0.00102883 after 2 iterations
      AMG solver residual = 0.00227612 after 2 iterations
      AMG solver residual = 0.00174152 after 2 iterations
 subiteration:1/1
 subiteration:1/1
  Distribution Function Extrema:
 subiteration:1/1
 subiteration:1/1
 subiteration:1/1
 subiteration:1/1
 subiteration:1/1
 subiteration:1/1
 subiteration:1/1
 subiteration:1/1
 subiteration:1/1
 subiteration:1/1
 subiteration:1/1
 subiteration:1/1
 subiteration:1/1
 subiteration:1/1
 subiteration:1/1
 subiteration:1/1
 subiteration:1/1
 subiteration:1/1
 subiteration:1/1
 subiteration:1/1
 subiteration:1/1
 subiteration:1/1
 subiteration:1/1
 subiteration:1/1
 subiteration:1/1
 subiteration:1/1
 subiteration:1/1
 subiteration:1/1
 subiteration:1/1
 subiteration:1/1
 subiteration:1/1
 subiteration:1/1
 subiteration:1/1
 subiteration:1/1
 subiteration:1/1
 subiteration:1/1
 subiteration:1/1
 subiteration:1/1
 subiteration:1/1
 subiteration:1/1
 subiteration:1/1
 subiteration:1/1
 subiteration:1/1
 subiteration:1/1
 subiteration:1/1
 subiteration:1/1
 subiteration:1/1
 subiteration:1/1
 subiteration:1/1
 subiteration:1/1
 subiteration:1/1
 subiteration:1/1
 subiteration:1/1
 subiteration:1/1
 subiteration:1/1
 subiteration:1/1
 subiteration:1/1
 subiteration:1/1
 subiteration:1/1
 subiteration:1/1
 subiteration:1/1
 subiteration:1/1
    Species 0:	0.000209003 [max]	-2.69331e-26 [min]

Step 5 completed, simulation time is 0.5
      AMG solver residual = 0.00192298 after 2 iterations
      AMG solver residual = 0.00157142 after 2 iterations
      AMG solver residual = 0.00213573 after 2 iterations
      AMG solver residual = 0.000969906 after 2 iterations
      AMG solver residual = 0.0022868 after 2 iterations
      AMG solver residual = 0.00173092 after 2 iterations
      AMG solver residual = 0.00217751 after 2 iterations
      AMG solver residual = 0.00173762 after 2 iterations
      AMG solver residual = 0.00453897 after 1 iterations
      AMG solver residual = 0.00219808 after 2 iterations
      AMG solver residual = 0.000949383 after 2 iterations
      AMG solver residual = 0.00228251 after 2 iterations
      AMG solver residual = 0.0017686 after 2 iterations
 subiteration:1/1
 subiteration:1/1
 subiteration:1/1
 subiteration:1/1
  Distribution Function Extrema:
 subiteration:1/1
 subiteration:1/1
 subiteration:1/1
 subiteration:1/1
 subiteration:1/1
 subiteration:1/1
 subiteration:1/1
 subiteration:1/1
 subiteration:1/1
 subiteration:1/1
 subiteration:1/1
 subiteration:1/1
 subiteration:1/1
 subiteration:1/1
 subiteration:1/1
 subiteration:1/1
 subiteration:1/1
 subiteration:1/1
 subiteration:1/1
 subiteration:1/1
 subiteration:1/1
 subiteration:1/1
 subiteration:1/1
 subiteration:1/1
 subiteration:1/1
 subiteration:1/1
 subiteration:1/1
 subiteration:1/1
 subiteration:1/1
 subiteration:1/1
 subiteration:1/1
 subiteration:1/1
 subiteration:1/1
 subiteration:1/1
 subiteration:1/1
 subiteration:1/1
 subiteration:1/1
 subiteration:1/1
 subiteration:1/1
 subiteration:1/1
 subiteration:1/1
 subiteration:1/1
 subiteration:1/1
 subiteration:1/1
 subiteration:1/1
 subiteration:1/1
 subiteration:1/1
 subiteration:1/1
 subiteration:1/1
 subiteration:1/1
 subiteration:1/1
 subiteration:1/1
 subiteration:1/1
 subiteration:1/1
 subiteration:1/1
 subiteration:1/1
 subiteration:1/1
 subiteration:1/1
 subiteration:1/1
 subiteration:1/1
    Species 0:	0.000209003 [max]	-2.69332e-26 [min]

Step 6 completed, simulation time is 0.6
      AMG solver residual = 0.00199705 after 2 iterations
      AMG solver residual = 0.00145605 after 2 iterations
      AMG solver residual = 0.00444269 after 1 iterations
      AMG solver residual = 0.002234 after 2 iterations
      AMG solver residual = 0.000997614 after 2 iterations
      AMG solver residual = 0.00226563 after 2 iterations
      AMG solver residual = 0.00180155 after 2 iterations
      AMG solver residual = 0.00204435 after 2 iterations
      AMG solver residual = 0.00179118 after 2 iterations
      AMG solver residual = 0.00460309 after 1 iterations
      AMG solver residual = 0.0022535 after 2 iterations
      AMG solver residual = 0.00108143 after 2 iterations
      AMG solver residual = 0.0022221 after 2 iterations
      AMG solver residual = 0.00182008 after 2 iterations
 subiteration:1/1
 subiteration:1/1
 subiteration:1/1
 subiteration:1/1
 subiteration:1/1
 subiteration:1/1
 subiteration:1/1
 subiteration:1/1
 subiteration:1/1
 subiteration:1/1
 subiteration:1/1
 subiteration:1/1
 subiteration:1/1
 subiteration:1/1
 subiteration:1/1
 subiteration:1/1
 subiteration:1/1
 subiteration:1/1
  Distribution Function Extrema:
 subiteration:1/1
 subiteration:1/1
 subiteration:1/1
 subiteration:1/1
 subiteration:1/1
 subiteration:1/1
 subiteration:1/1
 subiteration:1/1
 subiteration:1/1
 subiteration:1/1
 subiteration:1/1
 subiteration:1/1
 subiteration:1/1
 subiteration:1/1
 subiteration:1/1
 subiteration:1/1
 subiteration:1/1
 subiteration:1/1
 subiteration:1/1
 subiteration:1/1
 subiteration:1/1
 subiteration:1/1
 subiteration:1/1
 subiteration:1/1
 subiteration:1/1
 subiteration:1/1
 subiteration:1/1
 subiteration:1/1
 subiteration:1/1
 subiteration:1/1
 subiteration:1/1
 subiteration:1/1
 subiteration:1/1
 subiteration:1/1
 subiteration:1/1
 subiteration:1/1
 subiteration:1/1
 subiteration:1/1
 subiteration:1/1
 subiteration:1/1
 subiteration:1/1
 subiteration:1/1
 subiteration:1/1
 subiteration:1/1
 subiteration:1/1
 subiteration:1/1
    Species 0:	0.000209003 [max]	-2.69334e-26 [min]

Step 7 completed, simulation time is 0.7
      AMG solver residual = 0.0021928 after 2 iterations
      AMG solver residual = 0.00140948 after 2 iterations
      AMG solver residual = 0.00438301 after 1 iterations
      AMG solver residual = 0.00225144 after 2 iterations
      AMG solver residual = 0.00117844 after 2 iterations
      AMG solver residual = 0.00218244 after 2 iterations
      AMG solver residual = 0.00184012 after 2 iterations
      AMG solver residual = 0.00203052 after 2 iterations
      AMG solver residual = 0.00169736 after 2 iterations
      AMG solver residual = 0.00455181 after 1 iterations
      AMG solver residual = 0.00221557 after 2 iterations
      AMG solver residual = 0.00129439 after 2 iterations
      AMG solver residual = 0.00212336 after 2 iterations
      AMG solver residual = 0.00185774 after 2 iterations
 subiteration:1/1
 subiteration:1/1
  Distribution Function Extrema:
 subiteration:1/1
 subiteration:1/1
 subiteration:1/1
 subiteration:1/1
 subiteration:1/1
 subiteration:1/1
 subiteration:1/1
 subiteration:1/1
 subiteration:1/1
 subiteration:1/1
 subiteration:1/1
 subiteration:1/1
 subiteration:1/1
 subiteration:1/1
 subiteration:1/1
 subiteration:1/1
 subiteration:1/1
 subiteration:1/1
 subiteration:1/1
 subiteration:1/1
 subiteration:1/1
 subiteration:1/1
 subiteration:1/1
 subiteration:1/1
 subiteration:1/1
 subiteration:1/1
 subiteration:1/1
 subiteration:1/1
 subiteration:1/1
 subiteration:1/1
 subiteration:1/1
 subiteration:1/1
 subiteration:1/1
 subiteration:1/1
 subiteration:1/1
 subiteration:1/1
 subiteration:1/1
 subiteration:1/1
 subiteration:1/1
 subiteration:1/1
 subiteration:1/1
 subiteration:1/1
 subiteration:1/1
 subiteration:1/1
 subiteration:1/1
 subiteration:1/1
 subiteration:1/1
 subiteration:1/1
 subiteration:1/1
 subiteration:1/1
 subiteration:1/1
 subiteration:1/1
 subiteration:1/1
 subiteration:1/1
 subiteration:1/1
 subiteration:1/1
 subiteration:1/1
 subiteration:1/1
 subiteration:1/1
 subiteration:1/1
 subiteration:1/1
 subiteration:1/1
    Species 0:	0.000209003 [max]	-2.69336e-26 [min]

Step 8 completed, simulation time is 0.8
      AMG solver residual = 0.00230059 after 2 iterations
      AMG solver residual = 0.00142789 after 2 iterations
      AMG solver residual = 0.00436897 after 1 iterations
      AMG solver residual = 0.00217634 after 2 iterations
      AMG solver residual = 0.00137902 after 2 iterations
      AMG solver residual = 0.00208366 after 2 iterations
      AMG solver residual = 0.00186078 after 2 iterations
      AMG solver residual = 0.00214956 after 2 iterations
      AMG solver residual = 0.00154112 after 2 iterations
      AMG solver residual = 0.00441674 after 1 iterations
      AMG solver residual = 0.00212783 after 2 iterations
      AMG solver residual = 0.00144532 after 2 iterations
      AMG solver residual = 0.00204641 after 2 iterations
      AMG solver residual = 0.0018484 after 2 iterations
 subiteration:1/1
 subiteration:1/1
 subiteration:1/1
 subiteration:1/1
 subiteration:1/1
 subiteration:1/1
 subiteration:1/1
 subiteration:1/1
  Distribution Function Extrema:
 subiteration:1/1
 subiteration:1/1
 subiteration:1/1
 subiteration:1/1
 subiteration:1/1
 subiteration:1/1
 subiteration:1/1
 subiteration:1/1
 subiteration:1/1
 subiteration:1/1
 subiteration:1/1
 subiteration:1/1
 subiteration:1/1
 subiteration:1/1
 subiteration:1/1
 subiteration:1/1
 subiteration:1/1
 subiteration:1/1
 subiteration:1/1
 subiteration:1/1
 subiteration:1/1
 subiteration:1/1
 subiteration:1/1
 subiteration:1/1
 subiteration:1/1
 subiteration:1/1
 subiteration:1/1
 subiteration:1/1
 subiteration:1/1
 subiteration:1/1
 subiteration:1/1
 subiteration:1/1
 subiteration:1/1
 subiteration:1/1
 subiteration:1/1
 subiteration:1/1
 subiteration:1/1
 subiteration:1/1
 subiteration:1/1
 subiteration:1/1
 subiteration:1/1
 subiteration:1/1
 subiteration:1/1
 subiteration:1/1
 subiteration:1/1
 subiteration:1/1
 subiteration:1/1
 subiteration:1/1
 subiteration:1/1
 subiteration:1/1
 subiteration:1/1
 subiteration:1/1
 subiteration:1/1
 subiteration:1/1
 subiteration:1/1
 subiteration:1/1
    Species 0:	0.000209004 [max]	-2.69339e-26 [min]

Step 9 completed, simulation time is 0.9
      AMG solver residual = 0.0022333 after 2 iterations
      AMG solver residual = 0.00153885 after 2 iterations
      AMG solver residual = 0.00440377 after 1 iterations
      AMG solver residual = 0.00209193 after 2 iterations
      AMG solver residual = 0.00145484 after 2 iterations
      AMG solver residual = 0.0020345 after 2 iterations
      AMG solver residual = 0.00184715 after 2 iterations
      AMG solver residual = 0.00226147 after 2 iterations
      AMG solver residual = 0.00144918 after 2 iterations
      AMG solver residual = 0.00431441 after 1 iterations
      AMG solver residual = 0.00208403 after 2 iterations
      AMG solver residual = 0.0014054 after 2 iterations
      AMG solver residual = 0.00203697 after 2 iterations
      AMG solver residual = 0.00180505 after 2 iterations
 subiteration:1/1
 subiteration:1/1
 subiteration:1/1
 subiteration:1/1
 subiteration:1/1
 subiteration:1/1
 subiteration:1/1
 subiteration:1/1
 subiteration:1/1
  Distribution Function Extrema:
 subiteration:1/1
 subiteration:1/1
 subiteration:1/1
 subiteration:1/1
 subiteration:1/1
 subiteration:1/1
 subiteration:1/1
 subiteration:1/1
 subiteration:1/1
 subiteration:1/1
 subiteration:1/1
 subiteration:1/1
 subiteration:1/1
 subiteration:1/1
 subiteration:1/1
 subiteration:1/1
 subiteration:1/1
 subiteration:1/1
 subiteration:1/1
 subiteration:1/1
 subiteration:1/1
 subiteration:1/1
 subiteration:1/1
 subiteration:1/1
 subiteration:1/1
 subiteration:1/1
 subiteration:1/1
 subiteration:1/1
 subiteration:1/1
 subiteration:1/1
 subiteration:1/1
 subiteration:1/1
 subiteration:1/1
 subiteration:1/1
 subiteration:1/1
 subiteration:1/1
 subiteration:1/1
 subiteration:1/1
 subiteration:1/1
 subiteration:1/1
 subiteration:1/1
 subiteration:1/1
 subiteration:1/1
 subiteration:1/1
 subiteration:1/1
 subiteration:1/1
 subiteration:1/1
 subiteration:1/1
 subiteration:1/1
 subiteration:1/1
 subiteration:1/1
 subiteration:1/1
 subiteration:1/1
 subiteration:1/1
 subiteration:1/1
    Species 0:	0.000209004 [max]	-2.69343e-26 [min]

Step 10 completed, simulation time is 1
Writing checkpoint file
Writing history file
      AMG solver residual = 0.0020758 after 2 iterations
      AMG solver residual = 0.001679 after 2 iterations
      AMG solver residual = 0.00450311 after 1 iterations
      AMG solver residual = 0.00208851 after 2 iterations
      AMG solver residual = 0.00131764 after 2 iterations
      AMG solver residual = 0.00205915 after 2 iterations
      AMG solver residual = 0.00181262 after 2 iterations
      AMG solver residual = 0.00225591 after 2 iterations
      AMG solver residual = 0.00150171 after 2 iterations
      AMG solver residual = 0.00430431 after 1 iterations
      AMG solver residual = 0.00212244 after 2 iterations
      AMG solver residual = 0.00118309 after 2 iterations
      AMG solver residual = 0.00208244 after 2 iterations
      AMG solver residual = 0.0017647 after 2 iterations
 subiteration:1/1
 subiteration:1/1
  Distribution Function Extrema:
 subiteration:1/1
 subiteration:1/1
 subiteration:1/1
 subiteration:1/1
 subiteration:1/1
 subiteration:1/1
 subiteration:1/1
 subiteration:1/1
 subiteration:1/1
 subiteration:1/1
 subiteration:1/1
 subiteration:1/1
 subiteration:1/1
 subiteration:1/1
 subiteration:1/1
 subiteration:1/1
 subiteration:1/1
 subiteration:1/1
 subiteration:1/1
 subiteration:1/1
 subiteration:1/1
 subiteration:1/1
 subiteration:1/1
 subiteration:1/1
 subiteration:1/1
 subiteration:1/1
 subiteration:1/1
 subiteration:1/1
 subiteration:1/1
 subiteration:1/1
 subiteration:1/1
 subiteration:1/1
 subiteration:1/1
 subiteration:1/1
 subiteration:1/1
 subiteration:1/1
 subiteration:1/1
 subiteration:1/1
 subiteration:1/1
 subiteration:1/1
 subiteration:1/1
 subiteration:1/1
 subiteration:1/1
 subiteration:1/1
 subiteration:1/1
 subiteration:1/1
 subiteration:1/1
 subiteration:1/1
 subiteration:1/1
 subiteration:1/1
 subiteration:1/1
 subiteration:1/1
 subiteration:1/1
 subiteration:1/1
 subiteration:1/1
 subiteration:1/1
 subiteration:1/1
 subiteration:1/1
 subiteration:1/1
 subiteration:1/1
 subiteration:1/1
 subiteration:1/1
    Species 0:	0.000209004 [max]	-2.69349e-26 [min]

Step 11 completed, simulation time is 1.1
      AMG solver residual = 0.00201659 after 2 iterations
      AMG solver residual = 0.00171791 after 2 iterations
      AMG solver residual = 0.00215646 after 2 iterations
      AMG solver residual = 0.00106147 after 2 iterations
      AMG solver residual = 0.0021178 after 2 iterations
      AMG solver residual = 0.00174048 after 2 iterations
      AMG solver residual = 0.00215642 after 2 iterations
      AMG solver residual = 0.00166426 after 2 iterations
      AMG solver residual = 0.00440543 after 1 iterations
      AMG solver residual = 0.00218381 after 2 iterations
      AMG solver residual = 0.00094422 after 2 iterations
      AMG solver residual = 0.00213323 after 2 iterations
      AMG solver residual = 0.00175091 after 2 iterations
 subiteration:1/1
  Distribution Function Extrema:
 subiteration:1/1
 subiteration:1/1
 subiteration:1/1
 subiteration:1/1
 subiteration:1/1
 subiteration:1/1
 subiteration:1/1
 subiteration:1/1
 subiteration:1/1
 subiteration:1/1
 subiteration:1/1
 subiteration:1/1
 subiteration:1/1
 subiteration:1/1
 subiteration:1/1
 subiteration:1/1
 subiteration:1/1
 subiteration:1/1
 subiteration:1/1
 subiteration:1/1
 subiteration:1/1
 subiteration:1/1
 subiteration:1/1
 subiteration:1/1
 subiteration:1/1
 subiteration:1/1
 subiteration:1/1
 subiteration:1/1
 subiteration:1/1
 subiteration:1/1
 subiteration:1/1
 subiteration:1/1
 subiteration:1/1
 subiteration:1/1
 subiteration:1/1
 subiteration:1/1
 subiteration:1/1
 subiteration:1/1
 subiteration:1/1
 subiteration:1/1
 subiteration:1/1
 subiteration:1/1
 subiteration:1/1
 subiteration:1/1
 subiteration:1/1
 subiteration:1/1
 subiteration:1/1
 subiteration:1/1
 subiteration:1/1
 subiteration:1/1
 subiteration:1/1
 subiteration:1/1
 subiteration:1/1
 subiteration:1/1
 subiteration:1/1
 subiteration:1/1
 subiteration:1/1
 subiteration:1/1
 subiteration:1/1
 subiteration:1/1
 subiteration:1/1
 subiteration:1/1
 subiteration:1/1
    Species 0:	0.000209005 [max]	-2.69355e-26 [min]

Step 12 completed, simulation time is 1.2
      AMG solver residual = 0.00213391 after 2 iterations
      AMG solver residual = 0.00162389 after 2 iterations
      AMG solver residual = 0.00448273 after 1 iterations
      AMG solver residual = 0.00220769 after 2 iterations
      AMG solver residual = 0.00087948 after 2 iterations
      AMG solver residual = 0.00215841 after 2 iterations
      AMG solver residual = 0.00176874 after 2 iterations
      AMG solver residual = 0.00209127 after 2 iterations
      AMG solver residual = 0.00179526 after 2 iterations
      AMG solver residual = 0.0045388 after 1 iterations
      AMG solver residual = 0.00219716 after 2 iterations
      AMG solver residual = 0.000862804 after 2 iterations
      AMG solver residual = 0.00215969 after 2 iterations
      AMG solver residual = 0.00176576 after 2 iterations
 subiteration:1/1
  Distribution Function Extrema:
 subiteration:1/1
 subiteration:1/1
 subiteration:1/1
 subiteration:1/1
 subiteration:1/1
 subiteration:1/1
 subiteration:1/1
 subiteration:1/1
 subiteration:1/1
 subiteration:1/1
 subiteration:1/1
 subiteration:1/1
 subiteration:1/1
 subiteration:1/1
 subiteration:1/1
 subiteration:1/1
 subiteration:1/1
 subiteration:1/1
 subiteration:1/1
 subiteration:1/1
 subiteration:1/1
 subiteration:1/1
 subiteration:1/1
 subiteration:1/1
 subiteration:1/1
 subiteration:1/1
 subiteration:1/1
 subiteration:1/1
 subiteration:1/1
 subiteration:1/1
 subiteration:1/1
 subiteration:1/1
 subiteration:1/1
 subiteration:1/1
 subiteration:1/1
 subiteration:1/1
 subiteration:1/1
 subiteration:1/1
 subiteration:1/1
 subiteration:1/1
 subiteration:1/1
 subiteration:1/1
 subiteration:1/1
 subiteration:1/1
 subiteration:1/1
 subiteration:1/1
 subiteration:1/1
 subiteration:1/1
 subiteration:1/1
 subiteration:1/1
 subiteration:1/1
 subiteration:1/1
 subiteration:1/1
 subiteration:1/1
 subiteration:1/1
 subiteration:1/1
 subiteration:1/1
 subiteration:1/1
 subiteration:1/1
 subiteration:1/1
 subiteration:1/1
 subiteration:1/1
 subiteration:1/1
    Species 0:	0.000209005 [max]	-2.69364e-26 [min]

Step 13 completed, simulation time is 1.3
      AMG solver residual = 0.00228065 after 2 iterations
      AMG solver residual = 0.0014893 after 2 iterations
      AMG solver residual = 0.00432206 after 1 iterations
      AMG solver residual = 0.00219178 after 2 iterations
      AMG solver residual = 0.000896634 after 2 iterations
      AMG solver residual = 0.00216982 after 2 iterations
      AMG solver residual = 0.00178358 after 2 iterations
      AMG solver residual = 0.00214544 after 2 iterations
      AMG solver residual = 0.0017854 after 2 iterations
      AMG solver residual = 0.0045392 after 1 iterations
      AMG solver residual = 0.00216469 after 2 iterations
      AMG solver residual = 0.000971043 after 2 iterations
      AMG solver residual = 0.00217071 after 2 iterations
      AMG solver residual = 0.00179091 after 2 iterations
 subiteration:1/1
 subiteration:1/1
  Distribution Function Extrema:
 subiteration:1/1
 subiteration:1/1
 subiteration:1/1
 subiteration:1/1
 subiteration:1/1
 subiteration:1/1
 subiteration:1/1
 subiteration:1/1
 subiteration:1/1
 subiteration:1/1
 subiteration:1/1
 subiteration:1/1
 subiteration:1/1
 subiteration:1/1
 subiteration:1/1
 subiteration:1/1
 subiteration:1/1
 subiteration:1/1
 subiteration:1/1
 subiteration:1/1
 subiteration:1/1
 subiteration:1/1
 subiteration:1/1
 subiteration:1/1
 subiteration:1/1
 subiteration:1/1
 subiteration:1/1
 subiteration:1/1
 subiteration:1/1
 subiteration:1/1
 subiteration:1/1
 subiteration:1/1
 subiteration:1/1
 subiteration:1/1
 subiteration:1/1
 subiteration:1/1
 subiteration:1/1
 subiteration:1/1
 subiteration:1/1
 subiteration:1/1
 subiteration:1/1
 subiteration:1/1
 subiteration:1/1
 subiteration:1/1
 subiteration:1/1
 subiteration:1/1
 subiteration:1/1
 subiteration:1/1
 subiteration:1/1
 subiteration:1/1
 subiteration:1/1
 subiteration:1/1
 subiteration:1/1
 subiteration:1/1
 subiteration:1/1
 subiteration:1/1
 subiteration:1/1
 subiteration:1/1
 subiteration:1/1
 subiteration:1/1
 subiteration:1/1
 subiteration:1/1
    Species 0:	0.000209006 [max]	-2.69374e-26 [min]

Step 14 completed, simulation time is 1.4
      AMG solver residual = 0.00228815 after 2 iterations
      AMG solver residual = 0.00144193 after 2 iterations
      AMG solver residual = 0.00420656 after 1 iterations
      AMG solver residual = 0.00214913 after 2 iterations
      AMG solver residual = 0.0010515 after 2 iterations
      AMG solver residual = 0.00217555 after 2 iterations
      AMG solver residual = 0.00180774 after 2 iterations
      AMG solver residual = 0.00224193 after 2 iterations
      AMG solver residual = 0.00166786 after 2 iterations
      AMG solver residual = 0.00441199 after 1 iterations
      AMG solver residual = 0.0021514 after 2 iterations
      AMG solver residual = 0.00112428 after 2 iterations
      AMG solver residual = 0.00218322 after 2 iterations
      AMG solver residual = 0.00180359 after 2 iterations
 subiteration:1/1
  Distribution Function Extrema:
 subiteration:1/1
 subiteration:1/1
 subiteration:1/1
 subiteration:1/1
 subiteration:1/1
 subiteration:1/1
 subiteration:1/1
 subiteration:1/1
 subiteration:1/1
 subiteration:1/1
 subiteration:1/1
 subiteration:1/1
 subiteration:1/1
 subiteration:1/1
 subiteration:1/1
 subiteration:1/1
 subiteration:1/1
 subiteration:1/1
 subiteration:1/1
 subiteration:1/1
 subiteration:1/1
 subiteration:1/1
 subiteration:1/1
 subiteration:1/1
 subiteration:1/1
 subiteration:1/1
 subiteration:1/1
 subiteration:1/1
 subiteration:1/1
 subiteration:1/1
 subiteration:1/1
 subiteration:1/1
 subiteration:1/1
 subiteration:1/1
 subiteration:1/1
 subiteration:1/1
 subiteration:1/1
 subiteration:1/1
 subiteration:1/1
 subiteration:1/1
 subiteration:1/1
 subiteration:1/1
 subiteration:1/1
 subiteration:1/1
 subiteration:1/1
 subiteration:1/1
 subiteration:1/1
 subiteration:1/1
 subiteration:1/1
 subiteration:1/1
 subiteration:1/1
 subiteration:1/1
 subiteration:1/1
 subiteration:1/1
 subiteration:1/1
 subiteration:1/1
 subiteration:1/1
 subiteration:1/1
 subiteration:1/1
 subiteration:1/1
 subiteration:1/1
 subiteration:1/1
 subiteration:1/1
    Species 0:	0.000209007 [max]	-2.69386e-26 [min]

Step 15 completed, simulation time is 1.5
      AMG solver residual = 0.00214809 after 2 iterations
      AMG solver residual = 0.00152756 after 2 iterations
      AMG solver residual = 0.00420541 after 1 iterations
      AMG solver residual = 0.00215612 after 2 iterations
      AMG solver residual = 0.00117092 after 2 iterations
      AMG solver residual = 0.00218855 after 2 iterations
      AMG solver residual = 0.00181788 after 2 iterations
      AMG solver residual = 0.00224974 after 2 iterations
      AMG solver residual = 0.00156201 after 2 iterations
      AMG solver residual = 0.0042681 after 1 iterations
      AMG solver residual = 0.00219462 after 2 iterations
      AMG solver residual = 0.0011773 after 2 iterations
      AMG solver residual = 0.00218817 after 2 iterations
      AMG solver residual = 0.0017971 after 2 iterations
 subiteration:1/1
 subiteration:1/1
  Distribution Function Extrema:
 subiteration:1/1
 subiteration:1/1
 subiteration:1/1
 subiteration:1/1
 subiteration:1/1
 subiteration:1/1
 subiteration:1/1
 subiteration:1/1
 subiteration:1/1
 subiteration:1/1
 subiteration:1/1
 subiteration:1/1
 subiteration:1/1
 subiteration:1/1
 subiteration:1/1
 subiteration:1/1
 subiteration:1/1
 subiteration:1/1
 subiteration:1/1
 subiteration:1/1
 subiteration:1/1
 subiteration:1/1
 subiteration:1/1
 subiteration:1/1
 subiteration:1/1
 subiteration:1/1
 subiteration:1/1
 subiteration:1/1
 subiteration:1/1
 subiteration:1/1
 subiteration:1/1
 subiteration:1/1
 subiteration:1/1
 subiteration:1/1
 subiteration:1/1
 subiteration:1/1
 subiteration:1/1
 subiteration:1/1
 subiteration:1/1
 subiteration:1/1
 subiteration:1/1
 subiteration:1/1
 subiteration:1/1
 subiteration:1/1
 subiteration:1/1
 subiteration:1/1
 subiteration:1/1
 subiteration:1/1
 subiteration:1/1
 subiteration:1/1
 subiteration:1/1
 subiteration:1/1
 subiteration:1/1
 subiteration:1/1
 subiteration:1/1
 subiteration:1/1
 subiteration:1/1
 subiteration:1/1
 subiteration:1/1
 subiteration:1/1
 subiteration:1/1
 subiteration:1/1
    Species 0:	0.000209008 [max]	-2.69399e-26 [min]

Step 16 completed, simulation time is 1.6
      AMG solver residual = 0.00202838 after 2 iterations
      AMG solver residual = 0.00166083 after 2 iterations
      AMG solver residual = 0.00432931 after 1 iterations
      AMG solver residual = 0.00221738 after 2 iterations
      AMG solver residual = 0.00115898 after 2 iterations
      AMG solver residual = 0.00218706 after 2 iterations
      AMG solver residual = 0.00180552 after 2 iterations
      AMG solver residual = 0.00214573 after 2 iterations
      AMG solver residual = 0.00154971 after 2 iterations
      AMG solver residual = 0.00418586 after 1 iterations
      AMG solver residual = 0.00224367 after 2 iterations
      AMG solver residual = 0.00111203 after 2 iterations
      AMG solver residual = 0.00215993 after 2 iterations
      AMG solver residual = 0.00177958 after 2 iterations
 subiteration:1/1
 subiteration:1/1
  Distribution Function Extrema:
 subiteration:1/1
 subiteration:1/1
 subiteration:1/1
 subiteration:1/1
 subiteration:1/1
 subiteration:1/1
 subiteration:1/1
 subiteration:1/1
 subiteration:1/1
 subiteration:1/1
 subiteration:1/1
 subiteration:1/1
 subiteration:1/1
 subiteration:1/1
 subiteration:1/1
 subiteration:1/1
 subiteration:1/1
 subiteration:1/1
 subiteration:1/1
 subiteration:1/1
 subiteration:1/1
 subiteration:1/1
 subiteration:1/1
 subiteration:1/1
 subiteration:1/1
 subiteration:1/1
 subiteration:1/1
 subiteration:1/1
 subiteration:1/1
 subiteration:1/1
 subiteration:1/1
 subiteration:1/1
 subiteration:1/1
 subiteration:1/1
 subiteration:1/1
 subiteration:1/1
 subiteration:1/1
 subiteration:1/1
 subiteration:1/1
 subiteration:1/1
 subiteration:1/1
 subiteration:1/1
 subiteration:1/1
 subiteration:1/1
 subiteration:1/1
 subiteration:1/1
 subiteration:1/1
 subiteration:1/1
 subiteration:1/1
 subiteration:1/1
 subiteration:1/1
 subiteration:1/1
 subiteration:1/1
 subiteration:1/1
 subiteration:1/1
 subiteration:1/1
 subiteration:1/1
 subiteration:1/1
 subiteration:1/1
 subiteration:1/1
 subiteration:1/1
 subiteration:1/1
    Species 0:	0.000209009 [max]	-2.69415e-26 [min]

Step 17 completed, simulation time is 1.7
      AMG solver residual = 0.00209459 after 2 iterations
      AMG solver residual = 0.00172366 after 2 iterations
      AMG solver residual = 0.00439371 after 1 iterations
      AMG solver residual = 0.00225088 after 2 iterations
      AMG solver residual = 0.00105265 after 2 iterations
      AMG solver residual = 0.00214523 after 2 iterations
      AMG solver residual = 0.0017801 after 2 iterations
      AMG solver residual = 0.00204952 after 2 iterations
      AMG solver residual = 0.0016247 after 2 iterations
      AMG solver residual = 0.00421365 after 1 iterations
      AMG solver residual = 0.00222144 after 2 iterations
      AMG solver residual = 0.000991932 after 2 iterations
      AMG solver residual = 0.00209772 after 2 iterations
      AMG solver residual = 0.00176263 after 2 iterations
 subiteration:1/1
 subiteration:1/1
 subiteration:1/1
 subiteration:1/1
 subiteration:1/1
 subiteration:1/1
 subiteration:1/1
 subiteration:1/1
  Distribution Function Extrema:
 subiteration:1/1
 subiteration:1/1
 subiteration:1/1
 subiteration:1/1
 subiteration:1/1
 subiteration:1/1
 subiteration:1/1
 subiteration:1/1
 subiteration:1/1
 subiteration:1/1
 subiteration:1/1
 subiteration:1/1
 subiteration:1/1
 subiteration:1/1
 subiteration:1/1
 subiteration:1/1
 subiteration:1/1
 subiteration:1/1
 subiteration:1/1
 subiteration:1/1
 subiteration:1/1
 subiteration:1/1
 subiteration:1/1
 subiteration:1/1
 subiteration:1/1
 subiteration:1/1
 subiteration:1/1
 subiteration:1/1
 subiteration:1/1
 subiteration:1/1
 subiteration:1/1
 subiteration:1/1
 subiteration:1/1
 subiteration:1/1
 subiteration:1/1
 subiteration:1/1
 subiteration:1/1
 subiteration:1/1
 subiteration:1/1
 subiteration:1/1
 subiteration:1/1
 subiteration:1/1
 subiteration:1/1
 subiteration:1/1
 subiteration:1/1
 subiteration:1/1
 subiteration:1/1
 subiteration:1/1
 subiteration:1/1
 subiteration:1/1
 subiteration:1/1
 subiteration:1/1
 subiteration:1/1
 subiteration:1/1
 subiteration:1/1
 subiteration:1/1
    Species 0:	0.00020901 [max]	-2.69432e-26 [min]

Step 18 completed, simulation time is 1.8
      AMG solver residual = 0.00226077 after 2 iterations
      AMG solver residual = 0.00167124 after 2 iterations
      AMG solver residual = 0.00219177 after 2 iterations
      AMG solver residual = 0.000926155 after 2 iterations
      AMG solver residual = 0.00207843 after 2 iterations
      AMG solver residual = 0.00171752 after 2 iterations
      AMG solver residual = 0.00209328 after 2 iterations
      AMG solver residual = 0.0017096 after 2 iterations
      AMG solver residual = 0.00428809 after 1 iterations
      AMG solver residual = 0.00212151 after 2 iterations
      AMG solver residual = 0.000872315 after 2 iterations
      AMG solver residual = 0.00204672 after 2 iterations
      AMG solver residual = 0.00175795 after 2 iterations
 subiteration:1/1
 subiteration:1/1
 subiteration:1/1
  Distribution Function Extrema:
 subiteration:1/1
 subiteration:1/1
 subiteration:1/1
 subiteration:1/1
 subiteration:1/1
 subiteration:1/1
 subiteration:1/1
 subiteration:1/1
 subiteration:1/1
 subiteration:1/1
 subiteration:1/1
 subiteration:1/1
 subiteration:1/1
 subiteration:1/1
 subiteration:1/1
 subiteration:1/1
 subiteration:1/1
 subiteration:1/1
 subiteration:1/1
 subiteration:1/1
 subiteration:1/1
 subiteration:1/1
 subiteration:1/1
 subiteration:1/1
 subiteration:1/1
 subiteration:1/1
 subiteration:1/1
 subiteration:1/1
 subiteration:1/1
 subiteration:1/1
 subiteration:1/1
 subiteration:1/1
 subiteration:1/1
 subiteration:1/1
 subiteration:1/1
 subiteration:1/1
 subiteration:1/1
 subiteration:1/1
 subiteration:1/1
 subiteration:1/1
 subiteration:1/1
 subiteration:1/1
 subiteration:1/1
 subiteration:1/1
 subiteration:1/1
 subiteration:1/1
 subiteration:1/1
 subiteration:1/1
 subiteration:1/1
 subiteration:1/1
 subiteration:1/1
 subiteration:1/1
 subiteration:1/1
 subiteration:1/1
 subiteration:1/1
 subiteration:1/1
 subiteration:1/1
 subiteration:1/1
 subiteration:1/1
 subiteration:1/1
 subiteration:1/1
    Species 0:	0.000209011 [max]	-2.69454e-26 [min]

Step 19 completed, simulation time is 1.9
      AMG solver residual = 0.00231175 after 2 iterations
      AMG solver residual = 0.0015884 after 2 iterations
      AMG solver residual = 0.0041926 after 1 iterations
      AMG solver residual = 0.00207637 after 2 iterations
      AMG solver residual = 0.00082825 after 2 iterations
      AMG solver residual = 0.00204592 after 2 iterations
      AMG solver residual = 0.001764 after 2 iterations
      AMG solver residual = 0.00222963 after 2 iterations
      AMG solver residual = 0.00172313 after 2 iterations
      AMG solver residual = 0.00429932 after 1 iterations
      AMG solver residual = 0.00203312 after 2 iterations
      AMG solver residual = 0.000803447 after 2 iterations
      AMG solver residual = 0.00206267 after 2 iterations
      AMG solver residual = 0.00177018 after 2 iterations
 subiteration:1/1
 subiteration:1/1
 subiteration:1/1
  Distribution Function Extrema:
 subiteration:1/1
 subiteration:1/1
 subiteration:1/1
 subiteration:1/1
 subiteration:1/1
 subiteration:1/1
 subiteration:1/1
 subiteration:1/1
 subiteration:1/1
 subiteration:1/1
 subiteration:1/1
 subiteration:1/1
 subiteration:1/1
 subiteration:1/1
 subiteration:1/1
 subiteration:1/1
 subiteration:1/1
 subiteration:1/1
 subiteration:1/1
 subiteration:1/1
 subiteration:1/1
 subiteration:1/1
 subiteration:1/1
 subiteration:1/1
 subiteration:1/1
 subiteration:1/1
 subiteration:1/1
 subiteration:1/1
 subiteration:1/1
 subiteration:1/1
 subiteration:1/1
 subiteration:1/1
 subiteration:1/1
 subiteration:1/1
 subiteration:1/1
 subiteration:1/1
 subiteration:1/1
 subiteration:1/1
 subiteration:1/1
 subiteration:1/1
 subiteration:1/1
 subiteration:1/1
 subiteration:1/1
 subiteration:1/1
 subiteration:1/1
 subiteration:1/1
 subiteration:1/1
 subiteration:1/1
 subiteration:1/1
 subiteration:1/1
 subiteration:1/1
 subiteration:1/1
 subiteration:1/1
 subiteration:1/1
 subiteration:1/1
 subiteration:1/1
 subiteration:1/1
 subiteration:1/1
 subiteration:1/1
 subiteration:1/1
 subiteration:1/1
    Species 0:	0.000209013 [max]	-2.69474e-26 [min]

Step 20 completed, simulation time is 2
Writing checkpoint file
Writing history file
      AMG solver residual = 0.00217009 after 2 iterations
      AMG solver residual = 0.00155476 after 2 iterations
      AMG solver residual = 0.00410117 after 1 iterations
      AMG solver residual = 0.00202268 after 2 iterations
      AMG solver residual = 0.000809373 after 2 iterations
      AMG solver residual = 0.00209192 after 2 iterations
      AMG solver residual = 0.00178492 after 2 iterations
      AMG solver residual = 0.00229255 after 2 iterations
      AMG solver residual = 0.00168662 after 2 iterations
      AMG solver residual = 0.00426167 after 1 iterations
      AMG solver residual = 0.00205419 after 2 iterations
      AMG solver residual = 0.000824237 after 2 iterations
      AMG solver residual = 0.00214302 after 2 iterations
      AMG solver residual = 0.00178197 after 2 iterations
 subiteration:1/1
 subiteration:1/1
 subiteration:1/1
  Distribution Function Extrema:
 subiteration:1/1
 subiteration:1/1
 subiteration:1/1
 subiteration:1/1
 subiteration:1/1
 subiteration:1/1
 subiteration:1/1
 subiteration:1/1
 subiteration:1/1
 subiteration:1/1
 subiteration:1/1
 subiteration:1/1
 subiteration:1/1
 subiteration:1/1
 subiteration:1/1
 subiteration:1/1
 subiteration:1/1
 subiteration:1/1
 subiteration:1/1
 subiteration:1/1
 subiteration:1/1
 subiteration:1/1
 subiteration:1/1
 subiteration:1/1
 subiteration:1/1
 subiteration:1/1
 subiteration:1/1
 subiteration:1/1
 subiteration:1/1
 subiteration:1/1
 subiteration:1/1
 subiteration:1/1
 subiteration:1/1
 subiteration:1/1
 subiteration:1/1
 subiteration:1/1
 subiteration:1/1
 subiteration:1/1
 subiteration:1/1
 subiteration:1/1
 subiteration:1/1
 subiteration:1/1
 subiteration:1/1
 subiteration:1/1
 subiteration:1/1
 subiteration:1/1
 subiteration:1/1
 subiteration:1/1
 subiteration:1/1
 subiteration:1/1
 subiteration:1/1
 subiteration:1/1
 subiteration:1/1
 subiteration:1/1
 subiteration:1/1
 subiteration:1/1
 subiteration:1/1
 subiteration:1/1
 subiteration:1/1
 subiteration:1/1
 subiteration:1/1
    Species 0:	0.000209014 [max]	-2.69502e-26 [min]

Step 21 completed, simulation time is 2.1
      AMG solver residual = 0.00197763 after 2 iterations
      AMG solver residual = 0.0015674 after 2 iterations
      AMG solver residual = 0.00408438 after 1 iterations
      AMG solver residual = 0.0020951 after 2 iterations
      AMG solver residual = 0.000854947 after 2 iterations
      AMG solver residual = 0.00218231 after 2 iterations
      AMG solver residual = 0.0017953 after 2 iterations
      AMG solver residual = 0.00220156 after 2 iterations
      AMG solver residual = 0.0016504 after 2 iterations
      AMG solver residual = 0.00421935 after 1 iterations
      AMG solver residual = 0.00216237 after 2 iterations
      AMG solver residual = 0.000867906 after 2 iterations
      AMG solver residual = 0.00221573 after 2 iterations
      AMG solver residual = 0.0017803 after 2 iterations
 subiteration:1/1
  Distribution Function Extrema:
 subiteration:1/1
 subiteration:1/1
 subiteration:1/1
 subiteration:1/1
 subiteration:1/1
 subiteration:1/1
 subiteration:1/1
 subiteration:1/1
 subiteration:1/1
 subiteration:1/1
 subiteration:1/1
 subiteration:1/1
 subiteration:1/1
 subiteration:1/1
 subiteration:1/1
 subiteration:1/1
 subiteration:1/1
 subiteration:1/1
 subiteration:1/1
 subiteration:1/1
 subiteration:1/1
 subiteration:1/1
 subiteration:1/1
 subiteration:1/1
 subiteration:1/1
 subiteration:1/1
 subiteration:1/1
 subiteration:1/1
 subiteration:1/1
 subiteration:1/1
 subiteration:1/1
 subiteration:1/1
 subiteration:1/1
 subiteration:1/1
 subiteration:1/1
 subiteration:1/1
 subiteration:1/1
 subiteration:1/1
 subiteration:1/1
 subiteration:1/1
 subiteration:1/1
 subiteration:1/1
 subiteration:1/1
 subiteration:1/1
 subiteration:1/1
 subiteration:1/1
 subiteration:1/1
 subiteration:1/1
 subiteration:1/1
 subiteration:1/1
 subiteration:1/1
 subiteration:1/1
 subiteration:1/1
 subiteration:1/1
 subiteration:1/1
 subiteration:1/1
 subiteration:1/1
 subiteration:1/1
 subiteration:1/1
 subiteration:1/1
 subiteration:1/1
 subiteration:1/1
 subiteration:1/1
    Species 0:	0.000209016 [max]	-2.69523e-26 [min]

Step 22 completed, simulation time is 2.2
      AMG solver residual = 0.00196939 after 2 iterations
      AMG solver residual = 0.00163492 after 2 iterations
      AMG solver residual = 0.00412608 after 1 iterations
      AMG solver residual = 0.00221141 after 2 iterations
      AMG solver residual = 0.000884094 after 2 iterations
      AMG solver residual = 0.0022306 after 2 iterations
      AMG solver residual = 0.00178706 after 2 iterations
      AMG solver residual = 0.00204015 after 2 iterations
      AMG solver residual = 0.00161884 after 2 iterations
      AMG solver residual = 0.00418657 after 1 iterations
      AMG solver residual = 0.00224147 after 2 iterations
      AMG solver residual = 0.000893053 after 2 iterations
      AMG solver residual = 0.00220546 after 2 iterations
      AMG solver residual = 0.00176803 after 2 iterations
 subiteration:1/1
 subiteration:1/1
  Distribution Function Extrema:
 subiteration:1/1
 subiteration:1/1
 subiteration:1/1
 subiteration:1/1
 subiteration:1/1
 subiteration:1/1
 subiteration:1/1
 subiteration:1/1
 subiteration:1/1
 subiteration:1/1
 subiteration:1/1
 subiteration:1/1
 subiteration:1/1
 subiteration:1/1
 subiteration:1/1
 subiteration:1/1
 subiteration:1/1
 subiteration:1/1
 subiteration:1/1
 subiteration:1/1
 subiteration:1/1
 subiteration:1/1
 subiteration:1/1
 subiteration:1/1
 subiteration:1/1
 subiteration:1/1
 subiteration:1/1
 subiteration:1/1
 subiteration:1/1
 subiteration:1/1
 subiteration:1/1
 subiteration:1/1
 subiteration:1/1
 subiteration:1/1
 subiteration:1/1
 subiteration:1/1
 subiteration:1/1
 subiteration:1/1
 subiteration:1/1
 subiteration:1/1
 subiteration:1/1
 subiteration:1/1
 subiteration:1/1
 subiteration:1/1
 subiteration:1/1
 subiteration:1/1
 subiteration:1/1
 subiteration:1/1
 subiteration:1/1
 subiteration:1/1
 subiteration:1/1
 subiteration:1/1
 subiteration:1/1
 subiteration:1/1
 subiteration:1/1
 subiteration:1/1
 subiteration:1/1
 subiteration:1/1
 subiteration:1/1
 subiteration:1/1
 subiteration:1/1
 subiteration:1/1
    Species 0:	0.000209017 [max]	-2.69557e-26 [min]

Step 23 completed, simulation time is 2.3
      AMG solver residual = 0.00214466 after 2 iterations
      AMG solver residual = 0.0016819 after 2 iterations
      AMG solver residual = 0.0041255 after 1 iterations
      AMG solver residual = 0.00224989 after 2 iterations
      AMG solver residual = 0.000899348 after 2 iterations
      AMG solver residual = 0.00217755 after 2 iterations
      AMG solver residual = 0.00176154 after 2 iterations
      AMG solver residual = 0.00198125 after 2 iterations
      AMG solver residual = 0.00162141 after 2 iterations
      AMG solver residual = 0.00414233 after 1 iterations
      AMG solver residual = 0.00221707 after 2 iterations
      AMG solver residual = 0.000916744 after 2 iterations
      AMG solver residual = 0.00209729 after 2 iterations
      AMG solver residual = 0.00173146 after 2 iterations
 subiteration:1/1
 subiteration:1/1
  Distribution Function Extrema:
 subiteration:1/1
 subiteration:1/1
 subiteration:1/1
 subiteration:1/1
 subiteration:1/1
 subiteration:1/1
 subiteration:1/1
 subiteration:1/1
 subiteration:1/1
 subiteration:1/1
 subiteration:1/1
 subiteration:1/1
 subiteration:1/1
 subiteration:1/1
 subiteration:1/1
 subiteration:1/1
 subiteration:1/1
 subiteration:1/1
 subiteration:1/1
 subiteration:1/1
 subiteration:1/1
 subiteration:1/1
 subiteration:1/1
 subiteration:1/1
 subiteration:1/1
 subiteration:1/1
 subiteration:1/1
 subiteration:1/1
 subiteration:1/1
 subiteration:1/1
 subiteration:1/1
 subiteration:1/1
 subiteration:1/1
 subiteration:1/1
 subiteration:1/1
 subiteration:1/1
 subiteration:1/1
 subiteration:1/1
 subiteration:1/1
 subiteration:1/1
 subiteration:1/1
 subiteration:1/1
 subiteration:1/1
 subiteration:1/1
 subiteration:1/1
 subiteration:1/1
 subiteration:1/1
 subiteration:1/1
 subiteration:1/1
 subiteration:1/1
 subiteration:1/1
 subiteration:1/1
 subiteration:1/1
 subiteration:1/1
 subiteration:1/1
 subiteration:1/1
 subiteration:1/1
 subiteration:1/1
 subiteration:1/1
 subiteration:1/1
 subiteration:1/1
 subiteration:1/1
    Species 0:	0.000209019 [max]	-2.69581e-26 [min]

Step 24 completed, simulation time is 2.4
      AMG solver residual = 0.00226765 after 2 iterations
      AMG solver residual = 0.00167245 after 2 iterations
      AMG solver residual = 0.00409052 after 1 iterations
      AMG solver residual = 0.00217759 after 2 iterations
      AMG solver residual = 0.000916892 after 2 iterations
      AMG solver residual = 0.00204176 after 2 iterations
      AMG solver residual = 0.00170387 after 2 iterations
      AMG solver residual = 0.00207691 after 2 iterations
      AMG solver residual = 0.00166103 after 2 iterations
      AMG solver residual = 0.0040881 after 1 iterations
      AMG solver residual = 0.00211841 after 2 iterations
      AMG solver residual = 0.00092533 after 2 iterations
      AMG solver residual = 0.00195631 after 2 iterations
      AMG solver residual = 0.00165992 after 2 iterations
 subiteration:1/1
 subiteration:1/1
  Distribution Function Extrema:
 subiteration:1/1
 subiteration:1/1
 subiteration:1/1
 subiteration:1/1
 subiteration:1/1
 subiteration:1/1
 subiteration:1/1
 subiteration:1/1
 subiteration:1/1
 subiteration:1/1
 subiteration:1/1
 subiteration:1/1
 subiteration:1/1
 subiteration:1/1
 subiteration:1/1
 subiteration:1/1
 subiteration:1/1
 subiteration:1/1
 subiteration:1/1
 subiteration:1/1
 subiteration:1/1
 subiteration:1/1
 subiteration:1/1
 subiteration:1/1
 subiteration:1/1
 subiteration:1/1
 subiteration:1/1
 subiteration:1/1
 subiteration:1/1
 subiteration:1/1
 subiteration:1/1
 subiteration:1/1
 subiteration:1/1
 subiteration:1/1
 subiteration:1/1
 subiteration:1/1
 subiteration:1/1
 subiteration:1/1
 subiteration:1/1
 subiteration:1/1
 subiteration:1/1
 subiteration:1/1
 subiteration:1/1
 subiteration:1/1
 subiteration:1/1
 subiteration:1/1
 subiteration:1/1
 subiteration:1/1
 subiteration:1/1
 subiteration:1/1
 subiteration:1/1
 subiteration:1/1
 subiteration:1/1
 subiteration:1/1
 subiteration:1/1
 subiteration:1/1
 subiteration:1/1
 subiteration:1/1
 subiteration:1/1
 subiteration:1/1
 subiteration:1/1
 subiteration:1/1
    Species 0:	0.000209021 [max]	-2.69618e-26 [min]

Step 25 completed, simulation time is 2.5
      AMG solver residual = 0.00219771 after 2 iterations
      AMG solver residual = 0.00166969 after 2 iterations
      AMG solver residual = 0.00407823 after 1 iterations
      AMG solver residual = 0.00206882 after 2 iterations
      AMG solver residual = 0.000909233 after 2 iterations
      AMG solver residual = 0.0019179 after 2 iterations
      AMG solver residual = 0.00163438 after 2 iterations
      AMG solver residual = 0.00219089 after 2 iterations
      AMG solver residual = 0.0016921 after 2 iterations
      AMG solver residual = 0.00406412 after 1 iterations
      AMG solver residual = 0.00204207 after 2 iterations
      AMG solver residual = 0.000887108 after 2 iterations
      AMG solver residual = 0.00188991 after 2 iterations
      AMG solver residual = 0.00160809 after 2 iterations
 subiteration:1/1
 subiteration:1/1
 subiteration:1/1
 subiteration:1/1
 subiteration:1/1
 subiteration:1/1
 subiteration:1/1
 subiteration:1/1
 subiteration:1/1
  Distribution Function Extrema:
 subiteration:1/1
 subiteration:1/1
 subiteration:1/1
 subiteration:1/1
 subiteration:1/1
 subiteration:1/1
 subiteration:1/1
 subiteration:1/1
 subiteration:1/1
 subiteration:1/1
 subiteration:1/1
 subiteration:1/1
 subiteration:1/1
 subiteration:1/1
 subiteration:1/1
 subiteration:1/1
 subiteration:1/1
 subiteration:1/1
 subiteration:1/1
 subiteration:1/1
 subiteration:1/1
 subiteration:1/1
 subiteration:1/1
 subiteration:1/1
 subiteration:1/1
 subiteration:1/1
 subiteration:1/1
 subiteration:1/1
 subiteration:1/1
 subiteration:1/1
 subiteration:1/1
 subiteration:1/1
 subiteration:1/1
 subiteration:1/1
 subiteration:1/1
 subiteration:1/1
 subiteration:1/1
 subiteration:1/1
 subiteration:1/1
 subiteration:1/1
 subiteration:1/1
 subiteration:1/1
 subiteration:1/1
 subiteration:1/1
 subiteration:1/1
 subiteration:1/1
 subiteration:1/1
 subiteration:1/1
 subiteration:1/1
 subiteration:1/1
 subiteration:1/1
 subiteration:1/1
 subiteration:1/1
 subiteration:1/1
 subiteration:1/1
    Species 0:	0.000209022 [max]	-2.69645e-26 [min]

Step 26 completed, simulation time is 2.6
      AMG solver residual = 0.00201299 after 2 iterations
      AMG solver residual = 0.00166522 after 2 iterations
      AMG solver residual = 0.00413194 after 1 iterations
      AMG solver residual = 0.00202773 after 2 iterations
      AMG solver residual = 0.000858346 after 2 iterations
      AMG solver residual = 0.00190586 after 2 iterations
      AMG solver residual = 0.00162538 after 2 iterations
      AMG solver residual = 0.00219714 after 2 iterations
      AMG solver residual = 0.000845563 after 2 iterations
      AMG solver residual = 0.00220413 after 2 iterations
      AMG solver residual = 0.00180413 after 2 iterations
      AMG solver residual = 0.00205044 after 2 iterations
      AMG solver residual = 0.000815721 after 2 iterations
      AMG solver residual = 0.00194678 after 2 iterations
      AMG solver residual = 0.0016556 after 2 iterations
 subiteration:1/1
  Distribution Function Extrema:
 subiteration:1/1
 subiteration:1/1
 subiteration:1/1
 subiteration:1/1
 subiteration:1/1
 subiteration:1/1
 subiteration:1/1
 subiteration:1/1
 subiteration:1/1
 subiteration:1/1
 subiteration:1/1
 subiteration:1/1
 subiteration:1/1
 subiteration:1/1
 subiteration:1/1
 subiteration:1/1
 subiteration:1/1
 subiteration:1/1
 subiteration:1/1
 subiteration:1/1
 subiteration:1/1
 subiteration:1/1
 subiteration:1/1
 subiteration:1/1
 subiteration:1/1
 subiteration:1/1
 subiteration:1/1
 subiteration:1/1
 subiteration:1/1
 subiteration:1/1
 subiteration:1/1
 subiteration:1/1
 subiteration:1/1
 subiteration:1/1
 subiteration:1/1
 subiteration:1/1
 subiteration:1/1
 subiteration:1/1
 subiteration:1/1
 subiteration:1/1
 subiteration:1/1
 subiteration:1/1
 subiteration:1/1
 subiteration:1/1
 subiteration:1/1
 subiteration:1/1
 subiteration:1/1
 subiteration:1/1
 subiteration:1/1
 subiteration:1/1
 subiteration:1/1
 subiteration:1/1
 subiteration:1/1
 subiteration:1/1
 subiteration:1/1
 subiteration:1/1
 subiteration:1/1
 subiteration:1/1
 subiteration:1/1
 subiteration:1/1
 subiteration:1/1
 subiteration:1/1
 subiteration:1/1
    Species 0:	0.000209024 [max]	-2.69688e-26 [min]

Step 27 completed, simulation time is 2.7
      AMG solver residual = 0.00192669 after 2 iterations
      AMG solver residual = 0.00165386 after 2 iterations
      AMG solver residual = 0.00418867 after 1 iterations
      AMG solver residual = 0.00207343 after 2 iterations
      AMG solver residual = 0.000794062 after 2 iterations
      AMG solver residual = 0.00200256 after 2 iterations
      AMG solver residual = 0.00168892 after 2 iterations
      AMG solver residual = 0.00210579 after 2 iterations
      AMG solver residual = 0.000930859 after 2 iterations
      AMG solver residual = 0.0020735 after 2 iterations
      AMG solver residual = 0.0017887 after 2 iterations
      AMG solver residual = 0.00210789 after 2 iterations
      AMG solver residual = 0.000768451 after 2 iterations
      AMG solver residual = 0.00205897 after 2 iterations
      AMG solver residual = 0.00173805 after 2 iterations
 subiteration:1/1
 subiteration:1/1
 subiteration:1/1
 subiteration:1/1
 subiteration:1/1
 subiteration:1/1
 subiteration:1/1
 subiteration:1/1
 subiteration:1/1
 subiteration:1/1
  Distribution Function Extrema:
 subiteration:1/1
 subiteration:1/1
 subiteration:1/1
 subiteration:1/1
 subiteration:1/1
 subiteration:1/1
 subiteration:1/1
 subiteration:1/1
 subiteration:1/1
 subiteration:1/1
 subiteration:1/1
 subiteration:1/1
 subiteration:1/1
 subiteration:1/1
 subiteration:1/1
 subiteration:1/1
 subiteration:1/1
 subiteration:1/1
 subiteration:1/1
 subiteration:1/1
 subiteration:1/1
 subiteration:1/1
 subiteration:1/1
 subiteration:1/1
 subiteration:1/1
 subiteration:1/1
 subiteration:1/1
 subiteration:1/1
 subiteration:1/1
 subiteration:1/1
 subiteration:1/1
 subiteration:1/1
 subiteration:1/1
 subiteration:1/1
 subiteration:1/1
 subiteration:1/1
 subiteration:1/1
 subiteration:1/1
 subiteration:1/1
 subiteration:1/1
 subiteration:1/1
 subiteration:1/1
 subiteration:1/1
 subiteration:1/1
 subiteration:1/1
 subiteration:1/1
 subiteration:1/1
 subiteration:1/1
 subiteration:1/1
 subiteration:1/1
 subiteration:1/1
 subiteration:1/1
 subiteration:1/1
 subiteration:1/1
    Species 0:	0.000209025 [max]	-2.69711e-26 [min]

Step 28 completed, simulation time is 2.8
      AMG solver residual = 0.00202365 after 2 iterations
      AMG solver residual = 0.00166478 after 2 iterations
      AMG solver residual = 0.00412762 after 1 iterations
      AMG solver residual = 0.0021327 after 2 iterations
      AMG solver residual = 0.00077435 after 2 iterations
      AMG solver residual = 0.00210582 after 2 iterations
      AMG solver residual = 0.00176629 after 2 iterations
      AMG solver residual = 0.00202624 after 2 iterations
      AMG solver residual = 0.00103091 after 2 iterations
      AMG solver residual = 0.00191774 after 2 iterations
      AMG solver residual = 0.00171257 after 2 iterations
      AMG solver residual = 0.00214263 after 2 iterations
      AMG solver residual = 0.000808464 after 2 iterations
      AMG solver residual = 0.00211939 after 2 iterations
      AMG solver residual = 0.00180417 after 2 iterations
 subiteration:1/1
 subiteration:1/1
 subiteration:1/1
  Distribution Function Extrema:
 subiteration:1/1
 subiteration:1/1
 subiteration:1/1
 subiteration:1/1
 subiteration:1/1
 subiteration:1/1
 subiteration:1/1
 subiteration:1/1
 subiteration:1/1
 subiteration:1/1
 subiteration:1/1
 subiteration:1/1
 subiteration:1/1
 subiteration:1/1
 subiteration:1/1
 subiteration:1/1
 subiteration:1/1
 subiteration:1/1
 subiteration:1/1
 subiteration:1/1
 subiteration:1/1
 subiteration:1/1
 subiteration:1/1
 subiteration:1/1
 subiteration:1/1
 subiteration:1/1
 subiteration:1/1
 subiteration:1/1
 subiteration:1/1
 subiteration:1/1
 subiteration:1/1
 subiteration:1/1
 subiteration:1/1
 subiteration:1/1
 subiteration:1/1
 subiteration:1/1
 subiteration:1/1
 subiteration:1/1
 subiteration:1/1
 subiteration:1/1
 subiteration:1/1
 subiteration:1/1
 subiteration:1/1
 subiteration:1/1
 subiteration:1/1
 subiteration:1/1
 subiteration:1/1
 subiteration:1/1
 subiteration:1/1
 subiteration:1/1
 subiteration:1/1
 subiteration:1/1
 subiteration:1/1
 subiteration:1/1
 subiteration:1/1
 subiteration:1/1
 subiteration:1/1
 subiteration:1/1
 subiteration:1/1
 subiteration:1/1
 subiteration:1/1
    Species 0:	0.000209026 [max]	-2.69754e-26 [min]

Step 29 completed, simulation time is 2.9
      AMG solver residual = 0.00214767 after 2 iterations
      AMG solver residual = 0.00166651 after 2 iterations
      AMG solver residual = 0.00399823 after 1 iterations
      AMG solver residual = 0.00214343 after 2 iterations
      AMG solver residual = 0.000854394 after 2 iterations
      AMG solver residual = 0.00212134 after 2 iterations
      AMG solver residual = 0.00181859 after 2 iterations
      AMG solver residual = 0.00203526 after 2 iterations
      AMG solver residual = 0.00103866 after 2 iterations
      AMG solver residual = 0.00186372 after 2 iterations
      AMG solver residual = 0.00163712 after 2 iterations
      AMG solver residual = 0.00212866 after 2 iterations
      AMG solver residual = 0.000945533 after 2 iterations
      AMG solver residual = 0.00207167 after 2 iterations
      AMG solver residual = 0.0018305 after 2 iterations
 subiteration:1/1
 subiteration:1/1
 subiteration:1/1
  Distribution Function Extrema:
 subiteration:1/1
 subiteration:1/1
 subiteration:1/1
 subiteration:1/1
 subiteration:1/1
 subiteration:1/1
 subiteration:1/1
 subiteration:1/1
 subiteration:1/1
 subiteration:1/1
 subiteration:1/1
 subiteration:1/1
 subiteration:1/1
 subiteration:1/1
 subiteration:1/1
 subiteration:1/1
 subiteration:1/1
 subiteration:1/1
 subiteration:1/1
 subiteration:1/1
 subiteration:1/1
 subiteration:1/1
 subiteration:1/1
 subiteration:1/1
 subiteration:1/1
 subiteration:1/1
 subiteration:1/1
 subiteration:1/1
 subiteration:1/1
 subiteration:1/1
 subiteration:1/1
 subiteration:1/1
 subiteration:1/1
 subiteration:1/1
 subiteration:1/1
 subiteration:1/1
 subiteration:1/1
 subiteration:1/1
 subiteration:1/1
 subiteration:1/1
 subiteration:1/1
 subiteration:1/1
 subiteration:1/1
 subiteration:1/1
 subiteration:1/1
 subiteration:1/1
 subiteration:1/1
 subiteration:1/1
 subiteration:1/1
 subiteration:1/1
 subiteration:1/1
 subiteration:1/1
 subiteration:1/1
 subiteration:1/1
 subiteration:1/1
 subiteration:1/1
 subiteration:1/1
 subiteration:1/1
 subiteration:1/1
 subiteration:1/1
 subiteration:1/1
    Species 0:	0.000209027 [max]	-2.69785e-26 [min]

Step 30 completed, simulation time is 3
Writing checkpoint file
Writing history file
