ModuleCmd_Switch.c(172):ERROR:152: Module 'PrgEnv-intel' is currently not loaded
**** cellSp[0] = 0.19635,  cellSp[1] = 0.19635, cellSp[2] = 0.785398
**** dimensions = 32, 32, 8
**** cellSp[0] = 0.19635,  cellSp[1] = 0.19635, cellSp[2] = 0.785398
**** dimensions = 32, 32, 8
**** cellSp[0] = 0.19635,  cellSp[1] = 0.19635, cellSp[2] = 0.785398
**** dimensions = 32, 32, 8
**** cellSp[0] = 0.19635,  cellSp[1] = 0.19635, cellSp[2] = 0.785398
**** dimensions = 32, 32, 8
**** cellSp[0] = 0.19635,  cellSp[1] = 0.19635, cellSp[2] = 0.785398
**** dimensions = 32, 32, 8
**** cellSp[0] = 0.19635,  cellSp[1] = 0.19635, cellSp[2] = 0.785398
**** dimensions = 32, 32, 8
**** cellSp[0] = 0.19635,  cellSp[1] = 0.19635, cellSp[2] = 0.785398
**** dimensions = 32, 32, 8
**** cellSp[0] = 0.19635,  cellSp[1] = 0.19635, cellSp[2] = 0.785398
**** dimensions = 32, 32, 8
**** cellSp[0] = 0.19635,  cellSp[1] = 0.19635, cellSp[2] = 0.785398
**** dimensions = 32, 32, 8
**** cellSp[0] = 0.19635,  cellSp[1] = 0.19635, cellSp[2] = 0.785398
**** dimensions = 32, 32, 8
**** cellSp[0] = 0.19635,  cellSp[1] = 0.19635, cellSp[2] = 0.785398
**** dimensions = 32, 32, 8
**** cellSp[0] = 0.19635,  cellSp[1] = 0.19635, cellSp[2] = 0.785398
**** dimensions = 32, 32, 8
**** cellSp[0] = 0.19635,  cellSp[1] = 0.19635, cellSp[2] = 0.785398
**** dimensions = 32, 32, 8
**** cellSp[0] = 0.19635,  cellSp[1] = 0.19635, cellSp[2] = 0.785398
**** dimensions = 32, 32, 8
**** cellSp[0] = 0.19635,  cellSp[1] = 0.19635, cellSp[2] = 0.785398
**** dimensions = 32, 32, 8
**** cellSp[0] = 0.19635,  cellSp[1] = 0.19635, cellSp[2] = 0.785398
**** dimensions = 32, 32, 8
**** cellSp[0] = 0.19635,  cellSp[1] = 0.19635, cellSp[2] = 0.785398
**** dimensions = 32, 32, 8
**** cellSp[0] = 0.19635,  cellSp[1] = 0.19635, cellSp[2] = 0.785398
**** dimensions = 32, 32, 8
**** cellSp[0] = 0.19635,  cellSp[1] = 0.19635, cellSp[2] = 0.785398
**** dimensions = 32, 32, 8
**** cellSp[0] = 0.19635,  cellSp[1] = 0.19635, cellSp[2] = 0.785398
**** dimensions = 32, 32, 8
**** cellSp[0] = 0.19635,  cellSp[1] = 0.19635, cellSp[2] = 0.785398
**** dimensions = 32, 32, 8
**** cellSp[0] = 0.19635,  cellSp[1] = 0.19635, cellSp[2] = 0.785398
**** dimensions = 32, 32, 8
**** cellSp[0] = 0.19635,  cellSp[1] = 0.19635, cellSp[2] = 0.785398
**** dimensions = 32, 32, 8
**** cellSp[0] = 0.19635,  cellSp[1] = 0.19635, cellSp[2] = 0.785398
**** dimensions = 32, 32, 8
**** cellSp[0] = 0.19635,  cellSp[1] = 0.19635, cellSp[2] = 0.785398
**** dimensions = 32, 32, 8
**** cellSp[0] = 0.19635,  cellSp[1] = 0.19635, cellSp[2] = 0.785398
**** dimensions = 32, 32, 8
**** cellSp[0] = 0.19635,  cellSp[1] = 0.19635, cellSp[2] = 0.785398
**** dimensions = 32, 32, 8
**** cellSp[0] = 0.19635,  cellSp[1] = 0.19635, cellSp[2] = 0.785398
**** dimensions = 32, 32, 8
**** cellSp[0] = 0.19635,  cellSp[1] = 0.19635, cellSp[2] = 0.785398
**** dimensions = 32, 32, 8
**** cellSp[0] = 0.19635,  cellSp[1] = 0.19635, cellSp[2] = 0.785398
**** dimensions = 32, 32, 8
**** cellSp[0] = 0.19635,  cellSp[1] = 0.19635, cellSp[2] = 0.785398
**** dimensions = 32, 32, 8
**** cellSp[0] = 0.19635,  cellSp[1] = 0.19635, cellSp[2] = 0.785398
**** dimensions = 32, 32, 8
**** cellSp[0] = 0.19635,  cellSp[1] = 0.19635, cellSp[2] = 0.785398
**** dimensions = 32, 32, 8
**** cellSp[0] = 0.19635,  cellSp[1] = 0.19635, cellSp[2] = 0.785398
**** dimensions = 32, 32, 8
**** cellSp[0] = 0.19635,  cellSp[1] = 0.19635, cellSp[2] = 0.785398
**** dimensions = 32, 32, 8
**** cellSp[0] = 0.19635,  cellSp[1] = 0.19635, cellSp[2] = 0.785398
**** dimensions = 32, 32, 8
**** cellSp[0] = 0.19635,  cellSp[1] = 0.19635, cellSp[2] = 0.785398
**** dimensions = 32, 32, 8
**** cellSp[0] = 0.19635,  cellSp[1] = 0.19635, cellSp[2] = 0.785398
**** dimensions = 32, 32, 8
**** cellSp[0] = 0.19635,  cellSp[1] = 0.19635, cellSp[2] = 0.785398
**** dimensions = 32, 32, 8
**** cellSp[0] = 0.19635,  cellSp[1] = 0.19635, cellSp[2] = 0.785398
**** dimensions = 32, 32, 8
**** cellSp[0] = 0.19635,  cellSp[1] = 0.19635, cellSp[2] = 0.785398
**** dimensions = 32, 32, 8
**** cellSp[0] = 0.19635,  cellSp[1] = 0.19635, cellSp[2] = 0.785398
**** dimensions = 32, 32, 8
**** cellSp[0] = 0.19635,  cellSp[1] = 0.19635, cellSp[2] = 0.785398
**** dimensions = 32, 32, 8
**** cellSp[0] = 0.19635,  cellSp[1] = 0.19635, cellSp[2] = 0.785398
**** dimensions = 32, 32, 8
**** cellSp[0] = 0.19635,  cellSp[1] = 0.19635, cellSp[2] = 0.785398
**** dimensions = 32, 32, 8
**** cellSp[0] = 0.19635,  cellSp[1] = 0.19635, cellSp[2] = 0.785398
**** dimensions = 32, 32, 8
**** cellSp[0] = 0.19635,  cellSp[1] = 0.19635, cellSp[2] = 0.785398
**** dimensions = 32, 32, 8
**** cellSp[0] = 0.19635,  cellSp[1] = 0.19635, cellSp[2] = 0.785398
**** dimensions = 32, 32, 8
**** cellSp[0] = 0.19635,  cellSp[1] = 0.19635, cellSp[2] = 0.785398
**** dimensions = 32, 32, 8
**** cellSp[0] = 0.19635,  cellSp[1] = 0.19635, cellSp[2] = 0.785398
**** dimensions = 32, 32, 8
**** cellSp[0] = 0.19635,  cellSp[1] = 0.19635, cellSp[2] = 0.785398
**** dimensions = 32, 32, 8
**** cellSp[0] = 0.19635,  cellSp[1] = 0.19635, cellSp[2] = 0.785398
**** dimensions = 32, 32, 8
**** cellSp[0] = 0.19635,  cellSp[1] = 0.19635, cellSp[2] = 0.785398
**** dimensions = 32, 32, 8
**** cellSp[0] = 0.19635,  cellSp[1] = 0.19635, cellSp[2] = 0.785398
**** dimensions = 32, 32, 8
**** cellSp[0] = 0.19635,  cellSp[1] = 0.19635, cellSp[2] = 0.785398
**** dimensions = 32, 32, 8
**** cellSp[0] = 0.19635,  cellSp[1] = 0.19635, cellSp[2] = 0.785398
**** dimensions = 32, 32, 8
**** cellSp[0] = 0.19635,  cellSp[1] = 0.19635, cellSp[2] = 0.785398
**** dimensions = 32, 32, 8
**** cellSp[0] = 0.19635,  cellSp[1] = 0.19635, cellSp[2] = 0.785398
**** dimensions = 32, 32, 8
**** cellSp[0] = 0.19635,  cellSp[1] = 0.19635, cellSp[2] = 0.785398
**** dimensions = 32, 32, 8
**** cellSp[0] = 0.19635,  cellSp[1] = 0.19635, cellSp[2] = 0.785398
**** dimensions = 32, 32, 8
**** cellSp[0] = 0.19635,  cellSp[1] = 0.19635, cellSp[2] = 0.785398
**** dimensions = 32, 32, 8
**** cellSp[0] = 0.19635,  cellSp[1] = 0.19635, cellSp[2] = 0.785398
**** dimensions = 32, 32, 8
**** cellSp[0] = 0.19635,  cellSp[1] = 0.19635, cellSp[2] = 0.785398
**** dimensions = 32, 32, 8
**** cellSp[0] = 0.19635,  cellSp[1] = 0.19635, cellSp[2] = 0.785398
**** dimensions = 32, 32, 8
**** cellSp[0] = 0.19635,  cellSp[1] = 0.19635, cellSp[2] = 0.785398
**** dimensions = 32, 32, 8
**** cellSp[0] = 0.19635,  cellSp[1] = 0.19635, cellSp[2] = 0.785398
**** dimensions = 32, 32, 8
**** cellSp[0] = 0.19635,  cellSp[1] = 0.19635, cellSp[2] = 0.785398
**** dimensions = 32, 32, 8
**** cellSp[0] = 0.19635,  cellSp[1] = 0.19635, cellSp[2] = 0.785398
**** dimensions = 32, 32, 8
**** cellSp[0] = 0.19635,  cellSp[1] = 0.19635, cellSp[2] = 0.785398
**** dimensions = 32, 32, 8
**** cellSp[0] = 0.19635,  cellSp[1] = 0.19635, cellSp[2] = 0.785398
**** dimensions = 32, 32, 8
**** cellSp[0] = 0.19635,  cellSp[1] = 0.19635, cellSp[2] = 0.785398
**** dimensions = 32, 32, 8
**** cellSp[0] = 0.19635,  cellSp[1] = 0.19635, cellSp[2] = 0.785398
**** dimensions = 32, 32, 8
**** cellSp[0] = 0.19635,  cellSp[1] = 0.19635, cellSp[2] = 0.785398
**** dimensions = 32, 32, 8
**** cellSp[0] = 0.19635,  cellSp[1] = 0.19635, cellSp[2] = 0.785398
**** dimensions = 32, 32, 8
**** cellSp[0] = 0.19635,  cellSp[1] = 0.19635, cellSp[2] = 0.785398
**** dimensions = 32, 32, 8
**** cellSp[0] = 0.19635,  cellSp[1] = 0.19635, cellSp[2] = 0.785398
**** dimensions = 32, 32, 8
**** cellSp[0] = 0.19635,  cellSp[1] = 0.19635, cellSp[2] = 0.785398
**** dimensions = 32, 32, 8
**** cellSp[0] = 0.19635,  cellSp[1] = 0.19635, cellSp[2] = 0.785398
**** dimensions = 32, 32, 8
**** cellSp[0] = 0.19635,  cellSp[1] = 0.19635, cellSp[2] = 0.785398
**** dimensions = 32, 32, 8
**** cellSp[0] = 0.19635,  cellSp[1] = 0.19635, cellSp[2] = 0.785398
**** dimensions = 32, 32, 8
**** cellSp[0] = 0.19635,  cellSp[1] = 0.19635, cellSp[2] = 0.785398
**** dimensions = 32, 32, 8
**** cellSp[0] = 0.19635,  cellSp[1] = 0.19635, cellSp[2] = 0.785398
**** dimensions = 32, 32, 8
**** cellSp[0] = 0.19635,  cellSp[1] = 0.19635, cellSp[2] = 0.785398
**** dimensions = 32, 32, 8
**** cellSp[0] = 0.19635,  cellSp[1] = 0.19635, cellSp[2] = 0.785398
**** dimensions = 32, 32, 8
**** cellSp[0] = 0.19635,  cellSp[1] = 0.19635, cellSp[2] = 0.785398
**** dimensions = 32, 32, 8
** GKUnits ***********************************************************

==== Fundamental Units ===============================================
  NUMBER DENSITY    [1/m^3]: 1e+20
  TEMPERATURE           [eV]: 1000
  LENGTH                [m]: 1
  MASS                 [AMU]: 1
  MAGNETIC FIELD        [T]: 1
  CHARGE                [C]: 1.60218e-19
  BOLTZMANN CONSTANT  [J/K]: 1.38065e-23
  ELECTRIC CONSTANT   [F/m]: 8.85419e-12
  MAGNETIC CONSTANT   [H/m]: 1.25664e-06

==== Derived Units ===================================================

  THERMAL SPEED       [m/s]: 309497
  TRANSIT TIME          [s]: 3.23105e-06
  MAGNETIC MOMENT     [J/T]: 8.01088e-17
  DIST. FUNCTION [s/(Am^6)]: 1073.7
  POTENTIAL             [V]: 1000
  GYROFREQUENCY       [1/s]: 9.57883e+07
  GYRORADIUS            [m]: 0.00323105
  DEBYE LENGTH          [m]: 2.35082e-05

==== Dimensionless Parameters =========================================

**** cellSp[0] = 0.19635,  cellSp[1] = 0.19635, cellSp[2] = 0.785398
**** dimensions = 32, 32, 8
  LARMOR NUMBER            : 0.00323105
  DEBYE NUMBER             : 2.35082e-05

***********************************************************************
**** cellSp[0] = 0.19635,  cellSp[1] = 0.19635, cellSp[2] = 0.785398
**** dimensions = 32, 32, 8
**** cellSp[0] = 0.19635,  cellSp[1] = 0.19635, cellSp[2] = 0.785398
**** dimensions = 32, 32, 8
**** cellSp[0] = 0.19635,  cellSp[1] = 0.19635, cellSp[2] = 0.785398
**** dimensions = 32, 32, 8
**** cellSp[0] = 0.19635,  cellSp[1] = 0.19635, cellSp[2] = 0.785398
**** dimensions = 32, 32, 8
**** cellSp[0] = 0.19635,  cellSp[1] = 0.19635, cellSp[2] = 0.785398
**** dimensions = 32, 32, 8
**** cellSp[0] = 0.19635,  cellSp[1] = 0.19635, cellSp[2] = 0.785398
**** dimensions = 32, 32, 8
Constructing slab geometry...
xmax = 0.02, ymax = 0.02, zmax = 100
Bz_inner = 3, Bz_outer = 3
By_inner  = 0
**** cellSp[0] = 0.19635,  cellSp[1] = 0.19635, cellSp[2] = 0.785398
**** dimensions = 32, 32, 8
Done constructing slab geometry
   Configuration space box ((0,0,0) (31,31,7) (0,0,0)) is assigned to process 0
Constructing magnetic geometry
**** cellSp[0] = 0.19635,  cellSp[1] = 0.19635, cellSp[2] = 0.785398
**** dimensions = 32, 32, 8
**** cellSp[0] = 0.19635,  cellSp[1] = 0.19635, cellSp[2] = 0.785398
**** dimensions = 32, 32, 8
**** cellSp[0] = 0.19635,  cellSp[1] = 0.19635, cellSp[2] = 0.785398
**** dimensions = 32, 32, 8
**** cellSp[0] = 0.19635,  cellSp[1] = 0.19635, cellSp[2] = 0.785398
**** dimensions = 32, 32, 8
**** cellSp[0] = 0.19635,  cellSp[1] = 0.19635, cellSp[2] = 0.785398
**** dimensions = 32, 32, 8
**** cellSp[0] = 0.19635,  cellSp[1] = 0.19635, cellSp[2] = 0.785398
**** dimensions = 32, 32, 8
**** cellSp[0] = 0.19635,  cellSp[1] = 0.19635, cellSp[2] = 0.785398
**** dimensions = 32, 32, 8
**** cellSp[0] = 0.19635,  cellSp[1] = 0.19635, cellSp[2] = 0.785398
**** dimensions = 32, 32, 8
**** cellSp[0] = 0.19635,  cellSp[1] = 0.19635, cellSp[2] = 0.785398
**** dimensions = 32, 32, 8
**** cellSp[0] = 0.19635,  cellSp[1] = 0.19635, cellSp[2] = 0.785398
**** dimensions = 32, 32, 8
**** cellSp[0] = 0.19635,  cellSp[1] = 0.19635, cellSp[2] = 0.785398
**** dimensions = 32, 32, 8
**** cellSp[0] = 0.19635,  cellSp[1] = 0.19635, cellSp[2] = 0.785398
**** dimensions = 32, 32, 8
**** cellSp[0] = 0.19635,  cellSp[1] = 0.19635, cellSp[2] = 0.785398
**** dimensions = 32, 32, 8
**** cellSp[0] = 0.19635,  cellSp[1] = 0.19635, cellSp[2] = 0.785398
**** dimensions = 32, 32, 8
**** cellSp[0] = 0.19635,  cellSp[1] = 0.19635, cellSp[2] = 0.785398
**** dimensions = 32, 32, 8
**** cellSp[0] = 0.19635,  cellSp[1] = 0.19635, cellSp[2] = 0.785398
**** dimensions = 32, 32, 8
**** cellSp[0] = 0.19635,  cellSp[1] = 0.19635, cellSp[2] = 0.785398
**** dimensions = 32, 32, 8
**** cellSp[0] = 0.19635,  cellSp[1] = 0.19635, cellSp[2] = 0.785398
**** dimensions = 32, 32, 8
**** cellSp[0] = 0.19635,  cellSp[1] = 0.19635, cellSp[2] = 0.785398
**** dimensions = 32, 32, 8
**** cellSp[0] = 0.19635,  cellSp[1] = 0.19635, cellSp[2] = 0.785398
**** dimensions = 32, 32, 8
**** cellSp[0] = 0.19635,  cellSp[1] = 0.19635, cellSp[2] = 0.785398
**** dimensions = 32, 32, 8
**** cellSp[0] = 0.19635,  cellSp[1] = 0.19635, cellSp[2] = 0.785398
**** dimensions = 32, 32, 8
**** cellSp[0] = 0.19635,  cellSp[1] = 0.19635, cellSp[2] = 0.785398
**** dimensions = 32, 32, 8
**** cellSp[0] = 0.19635,  cellSp[1] = 0.19635, cellSp[2] = 0.785398
**** dimensions = 32, 32, 8
**** cellSp[0] = 0.19635,  cellSp[1] = 0.19635, cellSp[2] = 0.785398
**** dimensions = 32, 32, 8
**** cellSp[0] = 0.19635,  cellSp[1] = 0.19635, cellSp[2] = 0.785398
**** dimensions = 32, 32, 8
**** cellSp[0] = 0.19635,  cellSp[1] = 0.19635, cellSp[2] = 0.785398
**** dimensions = 32, 32, 8
**** cellSp[0] = 0.19635,  cellSp[1] = 0.19635, cellSp[2] = 0.785398
**** dimensions = 32, 32, 8
**** cellSp[0] = 0.19635,  cellSp[1] = 0.19635, cellSp[2] = 0.785398
**** dimensions = 32, 32, 8
Done constructing magnetic geometry
   Velocity space box ((-4,0) (3,7) (0,0)) is assigned to process 0
**** cellSp[0] = 0.19635,  cellSp[1] = 0.19635, cellSp[2] = 0.785398
**** dimensions = 32, 32, 8
**** cellSp[0] = 0.19635,  cellSp[1] = 0.19635, cellSp[2] = 0.785398
**** dimensions = 32, 32, 8
**** cellSp[0] = 0.19635,  cellSp[1] = 0.19635, cellSp[2] = 0.785398
**** dimensions = 32, 32, 8
**** cellSp[0] = 0.19635,  cellSp[1] = 0.19635, cellSp[2] = 0.785398
**** dimensions = 32, 32, 8
**** cellSp[0] = 0.19635,  cellSp[1] = 0.19635, cellSp[2] = 0.785398
**** dimensions = 32, 32, 8
**** cellSp[0] = 0.19635,  cellSp[1] = 0.19635, cellSp[2] = 0.785398
**** dimensions = 32, 32, 8
   Phase space box ((0,0,0,-4,0) (31,31,7,3,7) (0,0,0,0,0)) is assigned to process 0, has 524288 valid cells and 6029312 ghost cells
Using electrons with fixed E field !!!
Using electrons with fixed E field !!!
Using electrons with fixed E field !!!
Using electrons with fixed E field !!!
Using electrons with fixed E field !!!
Using electrons with fixed E field !!!
Using electrons with fixed E field !!!
Using electrons with fixed E field !!!
Using electrons with fixed E field !!!
Using electrons with fixed E field !!!
Using electrons with fixed E field !!!
Using electrons with fixed E field !!!
Using electrons with fixed E field !!!
Using electrons with fixed E field !!!
Using electrons with fixed E field !!!
Using electrons with fixed E field !!!
Using electrons with fixed E field !!!
Using electrons with fixed E field !!!
Using electrons with fixed E field !!!
Using electrons with fixed E field !!!
Using electrons with fixed E field !!!
Using electrons with fixed E field !!!
Using electrons with fixed E field !!!
Using electrons with fixed E field !!!
Using electrons with fixed E field !!!
Using electrons with fixed E field !!!
Using electrons with fixed E field !!!
Using electrons with fixed E field !!!
Using electrons with fixed E field !!!
Using electrons with fixed E field !!!
Using electrons with fixed E field !!!
Using electrons with fixed E field !!!
Using electrons with fixed E field !!!
Using electrons with fixed E field !!!
Using electrons with fixed E field !!!
Using electrons with fixed E field !!!
Using electrons with fixed E field !!!
Using electrons with fixed E field !!!
Using electrons with fixed E field !!!
Using electrons with fixed E field !!!
Using electrons with fixed E field !!!
Using electrons with fixed E field !!!
Using electrons with fixed E field !!!
Using electrons with fixed E field !!!
Using electrons with fixed E field !!!
Using electrons with fixed E field !!!
Using electrons with fixed E field !!!
Using electrons with fixed E field !!!
Using electrons with fixed E field !!!
Using electrons with fixed E field !!!
Using electrons with fixed E field !!!
Using electrons with fixed E field !!!
Using electrons with fixed E field !!!
Using electrons with fixed E field !!!
Using electrons with fixed E field !!!
Using electrons with fixed E field !!!
Using electrons with fixed E field !!!
Using electrons with fixed E field !!!
Using electrons with fixed E field !!!
Using electrons with fixed E field !!!
Using electrons with fixed E field !!!
Using electrons with fixed E field !!!
Using electrons with fixed E field !!!
Using electrons with fixed E field !!!
Using electrons with fixed E field !!!
Using electrons with fixed E field !!!
Using electrons with fixed E field !!!
Using electrons with fixed E field !!!
Using electrons with fixed E field !!!
Using electrons with fixed E field !!!
Using electrons with fixed E field !!!
Using electrons with fixed E field !!!
Using electrons with fixed E field !!!
Using electrons with fixed E field !!!
Using electrons with fixed E field !!!
Using electrons with fixed E field !!!
Using electrons with fixed E field !!!
Using electrons with fixed E field !!!
Using electrons with fixed E field !!!
Using electrons with fixed E field !!!
Using electrons with fixed E field !!!
Using electrons with fixed E field !!!
Using electrons with fixed E field !!!
Using electrons with fixed E field !!!
Using electrons with fixed E field !!!
Using electrons with fixed E field !!!
Using electrons with fixed E field !!!
Using electrons with fixed E field !!!
Using electrons with fixed E field !!!
Using electrons with fixed E field !!!
Using electrons with fixed E field !!!
Using electrons with fixed E field !!!
Using electrons with fixed E field !!!
Using electrons with fixed E field !!!
Using electrons with fixed E field !!!
Using electrons with fixed E field !!!
Using electrons with fixed E field !!!
Using electrons with fixed E field !!!
Using electrons with fixed E field !!!
Using electrons with fixed E field !!!
Using electrons with fixed E field !!!
Using electrons with fixed E field !!!
Using electrons with fixed E field !!!
Using electrons with fixed E field !!!
Using electrons with fixed E field !!!
Using electrons with fixed E field !!!
Using electrons with fixed E field !!!
Using electrons with fixed E field !!!
Using electrons with fixed E field !!!
Using electrons with fixed E field !!!
Using electrons with fixed E field !!!
Using electrons with fixed E field !!!
Using electrons with fixed E field !!!
Using electrons with fixed E field !!!
Using electrons with fixed E field !!!
Using electrons with fixed E field !!!
Using electrons with fixed E field !!!
Using electrons with fixed E field !!!
Using electrons with fixed E field !!!
Using electrons with fixed E field !!!
Using electrons with fixed E field !!!
Using electrons with fixed E field !!!
Using electrons with fixed E field !!!
Using electrons with fixed E field !!!
Using electrons with fixed E field !!!
Using electrons with fixed E field !!!
Using electrons with fixed E field !!!
Adding species and constructing gyrocenter coordinates...
   hydrogen: kinetic species with mass = 2, charge = 1
Done adding species and constructing coordinates

Grid Function Library =========================

"Ion_vpar_grid_func":
Constant grid function parameters:
  value: 0

"N0_grid_func":
Arbitrary grid function parameters:
  function: (1.00+exp(-(x-pi)^2/(2*pi*0.01/0.02)-(y-pi)^2/(2*pi*0.01/0.02))*exp(-(z-pi/2)^2/(2*pi*0.001/0.02))    )

"T0_grid_func":
Cosine grid function parameters:
  constant: 1
  amplitude: 0
  mode: (1,0,0)
  phase: (0,0,0)

"zero_grid_func":
Constant grid function parameters:
  value: 0

===============================================

Kinetic Function Library =========================

"maxwellian_phase_func":
Maxwellian kinetic function parameters:
-- Density --
Arbitrary grid function parameters:
  function: (1.00+exp(-(x-pi)^2/(2*pi*0.01/0.02)-(y-pi)^2/(2*pi*0.01/0.02))*exp(-(z-pi/2)^2/(2*pi*0.001/0.02))    )

-- Temperature --
Cosine grid function parameters:
  constant: 1
  amplitude: 0
  mode: (1,0,0)
  phase: (0,0,0)

-- Vparallel --
Constant grid function parameters:
  value: 0


==================================================

SlabPotentialBC ================================
- variable: potential-------------
  radial_lower: 
     bc_type  = 1
     bc_value = 0
  radial_upper: 
     bc_type  = 1
     bc_value = 0
  poloidal_lower: 
     bc_type  = 1
     bc_value = 0
  poloidal_upper: 
     bc_type  = 1
     bc_value = 0
  toroidal_lower: 
     bc_type  = 1
     bc_value = 0
  toroidal_upper: 
     bc_type  = 1
     bc_value = 0
-----------------------------------------------
===============================================

SlabPhaseBC ================================
- variable: hydrogen-------------
  radial_lower: 
Maxwellian kinetic function parameters:
-- Density --
Arbitrary grid function parameters:
  function: (1.00+exp(-(x-pi)^2/(2*pi*0.01/0.02)-(y-pi)^2/(2*pi*0.01/0.02))*exp(-(z-pi/2)^2/(2*pi*0.001/0.02))    )

-- Temperature --
Cosine grid function parameters:
  constant: 1
  amplitude: 0
  mode: (1,0,0)
  phase: (0,0,0)

-- Vparallel --
Constant grid function parameters:
  value: 0


  radial_upper: 
Maxwellian kinetic function parameters:
-- Density --
Arbitrary grid function parameters:
  function: (1.00+exp(-(x-pi)^2/(2*pi*0.01/0.02)-(y-pi)^2/(2*pi*0.01/0.02))*exp(-(z-pi/2)^2/(2*pi*0.001/0.02))    )

-- Temperature --
Cosine grid function parameters:
  constant: 1
  amplitude: 0
  mode: (1,0,0)
  phase: (0,0,0)

-- Vparallel --
Constant grid function parameters:
  value: 0


  poloidal_lower: 
Maxwellian kinetic function parameters:
-- Density --
Arbitrary grid function parameters:
  function: (1.00+exp(-(x-pi)^2/(2*pi*0.01/0.02)-(y-pi)^2/(2*pi*0.01/0.02))*exp(-(z-pi/2)^2/(2*pi*0.001/0.02))    )

-- Temperature --
Cosine grid function parameters:
  constant: 1
  amplitude: 0
  mode: (1,0,0)
  phase: (0,0,0)

-- Vparallel --
Constant grid function parameters:
  value: 0


  poloidal_upper: 
Maxwellian kinetic function parameters:
-- Density --
Arbitrary grid function parameters:
  function: (1.00+exp(-(x-pi)^2/(2*pi*0.01/0.02)-(y-pi)^2/(2*pi*0.01/0.02))*exp(-(z-pi/2)^2/(2*pi*0.001/0.02))    )

-- Temperature --
Cosine grid function parameters:
  constant: 1
  amplitude: 0
  mode: (1,0,0)
  phase: (0,0,0)

-- Vparallel --
Constant grid function parameters:
  value: 0


  toroidal_lower: 
Maxwellian kinetic function parameters:
-- Density --
Arbitrary grid function parameters:
  function: (1.00+exp(-(x-pi)^2/(2*pi*0.01/0.02)-(y-pi)^2/(2*pi*0.01/0.02))*exp(-(z-pi/2)^2/(2*pi*0.001/0.02))    )

-- Temperature --
Cosine grid function parameters:
  constant: 1
  amplitude: 0
  mode: (1,0,0)
  phase: (0,0,0)

-- Vparallel --
Constant grid function parameters:
  value: 0


  toroidal_upper: 
Maxwellian kinetic function parameters:
-- Density --
Arbitrary grid function parameters:
  function: (1.00+exp(-(x-pi)^2/(2*pi*0.01/0.02)-(y-pi)^2/(2*pi*0.01/0.02))*exp(-(z-pi/2)^2/(2*pi*0.001/0.02))    )

-- Temperature --
Cosine grid function parameters:
  constant: 1
  amplitude: 0
  mode: (1,0,0)
  phase: (0,0,0)

-- Vparallel --
Constant grid function parameters:
  value: 0


  vpar_lower: 
Maxwellian kinetic function parameters:
-- Density --
Arbitrary grid function parameters:
  function: (1.00+exp(-(x-pi)^2/(2*pi*0.01/0.02)-(y-pi)^2/(2*pi*0.01/0.02))*exp(-(z-pi/2)^2/(2*pi*0.001/0.02))    )

-- Temperature --
Cosine grid function parameters:
  constant: 1
  amplitude: 0
  mode: (1,0,0)
  phase: (0,0,0)

-- Vparallel --
Constant grid function parameters:
  value: 0


  vpar_upper: 
Maxwellian kinetic function parameters:
-- Density --
Arbitrary grid function parameters:
  function: (1.00+exp(-(x-pi)^2/(2*pi*0.01/0.02)-(y-pi)^2/(2*pi*0.01/0.02))*exp(-(z-pi/2)^2/(2*pi*0.001/0.02))    )

-- Temperature --
Cosine grid function parameters:
  constant: 1
  amplitude: 0
  mode: (1,0,0)
  phase: (0,0,0)

-- Vparallel --
Constant grid function parameters:
  value: 0


  mu_lower: 
Maxwellian kinetic function parameters:
-- Density --
Arbitrary grid function parameters:
  function: (1.00+exp(-(x-pi)^2/(2*pi*0.01/0.02)-(y-pi)^2/(2*pi*0.01/0.02))*exp(-(z-pi/2)^2/(2*pi*0.001/0.02))    )

-- Temperature --
Cosine grid function parameters:
  constant: 1
  amplitude: 0
  mode: (1,0,0)
  phase: (0,0,0)

-- Vparallel --
Constant grid function parameters:
  value: 0


  mu_upper: 
Maxwellian kinetic function parameters:
-- Density --
Arbitrary grid function parameters:
  function: (1.00+exp(-(x-pi)^2/(2*pi*0.01/0.02)-(y-pi)^2/(2*pi*0.01/0.02))*exp(-(z-pi/2)^2/(2*pi*0.001/0.02))    )

-- Temperature --
Cosine grid function parameters:
  constant: 1
  amplitude: 0
  mode: (1,0,0)
  phase: (0,0,0)

-- Vparallel --
Constant grid function parameters:
  value: 0


-----------------------------------------------
===============================================
No collision model specified for hydrogen.
Collision model for 0	hydrogen:	None
Time integration method: rk (4)
Using electrons with fixed E field !!!
GKPoissonAdiabaticElectron parameters:
   Debye number squared = 5.52635e-10
   Larmor number squared = 1.04397e-05
   prefactor_strategy = 3
   nonlinear_relative_tolerance = 1e-05
   nonlinear_maximum_iterations = 20
  Distribution Function Extrema:
    Species 0:	0.00037628 [max]	1.73167e-07 [min]


Step 1
  --
  Subiteration:1 of 1
  ----
  dt: 0.0001
    Vlasov    : 0.000252538 (time scale), 0.39598 (CFL)
  ----
  Distribution Function Extrema:
    Species 0:	0.000376273 [max]	1.73167e-07 [min]

Step 1 completed, simulation time is 0.0001
----

Step 2
  --
  Subiteration:1 of 1
  ----
  dt: 0.0001
    Vlasov    : 0.000252538 (time scale), 0.39598 (CFL)
  ----
  Distribution Function Extrema:
    Species 0:	0.000376249 [max]	1.73167e-07 [min]

Step 2 completed, simulation time is 0.0002
----
Writing checkpoint file
Writing history file
