** GKUnits ***********************************************************

==== Fundamental Units ===============================================
  NUMBER DENSITY    [1/m^3]: 1e+20
  TEMPERATURE           [eV]: 1000
  LENGTH                [m]: 1
  MASS                 [AMU]: 1
  MAGNETIC FIELD        [T]: 1
  CHARGE                [C]: 1.60218e-19
  BOLTZMANN CONSTANT  [J/K]: 1.38065e-23
  ELECTRIC CONSTANT   [F/m]: 8.85419e-12
  MAGNETIC CONSTANT   [H/m]: 1.25664e-06

==== Derived Units ===================================================

  THERMAL SPEED       [m/s]: 309497
  TRANSIT TIME          [s]: 3.23105e-06
  MAGNETIC MOMENT     [J/T]: 8.01088e-17
  DIST. FUNCTION [s/(Am^6)]: 1073.7
  POTENTIAL             [V]: 1000
  GYROFREQUENCY       [1/s]: 9.57883e+07
  GYRORADIUS            [m]: 0.00323105
  DEBYE LENGTH          [m]: 2.35082e-05

==== Dimensionless Parameters =========================================

  LARMOR NUMBER            : 0.00323105
  DEBYE NUMBER             : 2.35082e-05

***********************************************************************
Constructing slab geometry...
xmax = 0.04, ymax = 0.04, zmax = 0.04
Bz_inner = 3, Bz_outer = 3
By_inner  = 0
Done constructing slab geometry

dx*nx= 0.19635 * 32 = 6.28319, dx(m)*nx= 0.00125 * 32 = 0.04, ( 1 : 0.0063662 )
dy*ny= 0.0981748 * 64 = 6.28319, dy(m)*ny= 0.000625 * 64 = 0.04, ( 1 : 0.0063662 )
dz*nz= 0.785398 * 8 = 6.28319, dz(m)*nz= 0.005 * 8 = 0.04, ( 1 : 0.0063662 )

   Configuration space box ((0,0,0) (7,7,3) (0,0,0)) is assigned to process 0
   Configuration space box ((8,0,0) (15,7,3) (0,0,0)) is assigned to process 1
   Configuration space box ((16,0,0) (23,7,3) (0,0,0)) is assigned to process 2
   Configuration space box ((24,0,0) (31,7,3) (0,0,0)) is assigned to process 3
   Configuration space box ((0,8,0) (7,15,3) (0,0,0)) is assigned to process 4
   Configuration space box ((8,8,0) (15,15,3) (0,0,0)) is assigned to process 5
   Configuration space box ((16,8,0) (23,15,3) (0,0,0)) is assigned to process 6
   Configuration space box ((24,8,0) (31,15,3) (0,0,0)) is assigned to process 7
   Configuration space box ((0,16,0) (7,23,3) (0,0,0)) is assigned to process 8
   Configuration space box ((8,16,0) (15,23,3) (0,0,0)) is assigned to process 9
   Configuration space box ((16,16,0) (23,23,3) (0,0,0)) is assigned to process 10
   Configuration space box ((24,16,0) (31,23,3) (0,0,0)) is assigned to process 11
   Configuration space box ((0,24,0) (7,31,3) (0,0,0)) is assigned to process 12
   Configuration space box ((8,24,0) (15,31,3) (0,0,0)) is assigned to process 13
   Configuration space box ((16,24,0) (23,31,3) (0,0,0)) is assigned to process 14
   Configuration space box ((24,24,0) (31,31,3) (0,0,0)) is assigned to process 15
   Configuration space box ((0,32,0) (7,39,3) (0,0,0)) is assigned to process 16
   Configuration space box ((8,32,0) (15,39,3) (0,0,0)) is assigned to process 17
   Configuration space box ((16,32,0) (23,39,3) (0,0,0)) is assigned to process 18
   Configuration space box ((24,32,0) (31,39,3) (0,0,0)) is assigned to process 19
   Configuration space box ((0,40,0) (7,47,3) (0,0,0)) is assigned to process 20
   Configuration space box ((8,40,0) (15,47,3) (0,0,0)) is assigned to process 21
   Configuration space box ((16,40,0) (23,47,3) (0,0,0)) is assigned to process 22
   Configuration space box ((24,40,0) (31,47,3) (0,0,0)) is assigned to process 23
   Configuration space box ((0,48,0) (7,55,3) (0,0,0)) is assigned to process 24
   Configuration space box ((8,48,0) (15,55,3) (0,0,0)) is assigned to process 25
   Configuration space box ((16,48,0) (23,55,3) (0,0,0)) is assigned to process 26
   Configuration space box ((24,48,0) (31,55,3) (0,0,0)) is assigned to process 27
   Configuration space box ((0,56,0) (7,63,3) (0,0,0)) is assigned to process 28
   Configuration space box ((8,56,0) (15,63,3) (0,0,0)) is assigned to process 29
   Configuration space box ((16,56,0) (23,63,3) (0,0,0)) is assigned to process 30
   Configuration space box ((24,56,0) (31,63,3) (0,0,0)) is assigned to process 31
   Configuration space box ((0,0,4) (7,7,7) (0,0,0)) is assigned to process 32
   Configuration space box ((8,0,4) (15,7,7) (0,0,0)) is assigned to process 33
   Configuration space box ((16,0,4) (23,7,7) (0,0,0)) is assigned to process 34
   Configuration space box ((24,0,4) (31,7,7) (0,0,0)) is assigned to process 35
   Configuration space box ((0,8,4) (7,15,7) (0,0,0)) is assigned to process 36
   Configuration space box ((8,8,4) (15,15,7) (0,0,0)) is assigned to process 37
   Configuration space box ((16,8,4) (23,15,7) (0,0,0)) is assigned to process 38
   Configuration space box ((24,8,4) (31,15,7) (0,0,0)) is assigned to process 39
   Configuration space box ((0,16,4) (7,23,7) (0,0,0)) is assigned to process 40
   Configuration space box ((8,16,4) (15,23,7) (0,0,0)) is assigned to process 41
   Configuration space box ((16,16,4) (23,23,7) (0,0,0)) is assigned to process 42
   Configuration space box ((24,16,4) (31,23,7) (0,0,0)) is assigned to process 43
   Configuration space box ((0,24,4) (7,31,7) (0,0,0)) is assigned to process 44
   Configuration space box ((8,24,4) (15,31,7) (0,0,0)) is assigned to process 45
   Configuration space box ((16,24,4) (23,31,7) (0,0,0)) is assigned to process 46
   Configuration space box ((24,24,4) (31,31,7) (0,0,0)) is assigned to process 47
   Configuration space box ((0,32,4) (7,39,7) (0,0,0)) is assigned to process 48
   Configuration space box ((8,32,4) (15,39,7) (0,0,0)) is assigned to process 49
   Configuration space box ((16,32,4) (23,39,7) (0,0,0)) is assigned to process 50
   Configuration space box ((24,32,4) (31,39,7) (0,0,0)) is assigned to process 51
   Configuration space box ((0,40,4) (7,47,7) (0,0,0)) is assigned to process 52
   Configuration space box ((8,40,4) (15,47,7) (0,0,0)) is assigned to process 53
   Configuration space box ((16,40,4) (23,47,7) (0,0,0)) is assigned to process 54
   Configuration space box ((24,40,4) (31,47,7) (0,0,0)) is assigned to process 55
   Configuration space box ((0,48,4) (7,55,7) (0,0,0)) is assigned to process 56
   Configuration space box ((8,48,4) (15,55,7) (0,0,0)) is assigned to process 57
   Configuration space box ((16,48,4) (23,55,7) (0,0,0)) is assigned to process 58
   Configuration space box ((24,48,4) (31,55,7) (0,0,0)) is assigned to process 59
   Configuration space box ((0,56,4) (7,63,7) (0,0,0)) is assigned to process 60
   Configuration space box ((8,56,4) (15,63,7) (0,0,0)) is assigned to process 61
   Configuration space box ((16,56,4) (23,63,7) (0,0,0)) is assigned to process 62
   Configuration space box ((24,56,4) (31,63,7) (0,0,0)) is assigned to process 63
Constructing magnetic geometry
Done constructing magnetic geometry
   Velocity space box ((-12,0) (-7,3) (0,0)) is assigned to process 0
   Velocity space box ((-6,0) (-1,3) (0,0)) is assigned to process 1
   Velocity space box ((0,0) (5,3) (0,0)) is assigned to process 2
   Velocity space box ((6,0) (11,3) (0,0)) is assigned to process 3
   Velocity space box ((-12,4) (-7,7) (0,0)) is assigned to process 4
   Velocity space box ((-6,4) (-1,7) (0,0)) is assigned to process 5
   Velocity space box ((0,4) (5,7) (0,0)) is assigned to process 6
   Velocity space box ((6,4) (11,7) (0,0)) is assigned to process 7
   Velocity space box ((-12,8) (-7,11) (0,0)) is assigned to process 8
   Velocity space box ((-6,8) (-1,11) (0,0)) is assigned to process 9
   Velocity space box ((0,8) (5,11) (0,0)) is assigned to process 10
   Velocity space box ((6,8) (11,11) (0,0)) is assigned to process 11
   Velocity space box ((-12,12) (-7,15) (0,0)) is assigned to process 12
   Velocity space box ((-6,12) (-1,15) (0,0)) is assigned to process 13
   Velocity space box ((0,12) (5,15) (0,0)) is assigned to process 14
   Velocity space box ((6,12) (11,15) (0,0)) is assigned to process 15

Done creating velocity coordinate
dvpar*nvpar= 0.333333 * 12 = 4, dv_parallel(m/s)*nvpar= 103166 * 12 = 1.23799e+06, ( 1 : 309497 )
dmu*nmu= 0.125 * 16 = 2, dmu(J/T)*nmu= 1.00136e-17 * 16 = 1.60218e-16, ( 1 : 8.01088e-17 )

   Phase space box ((24,16,0,-12,0) (31,23,3,-1,15) (0,0,0,0,0)) is assigned to process 22, has 49152 valid cells and 1425408 ghost cells
   Phase space box ((8,24,0,0,0) (15,31,3,11,15) (0,0,0,0,0)) is assigned to process 27, has 49152 valid cells and 1425408 ghost cells
   Phase space box ((16,24,0,0,0) (23,31,3,11,15) (0,0,0,0,0)) is assigned to process 29, has 49152 valid cells and 1425408 ghost cells
   Phase space box ((0,0,0,-12,0) (7,7,3,-1,15) (0,0,0,0,0)) is assigned to process 0, has 49152 valid cells and 1425408 ghost cells
   Phase space box ((8,0,0,0,0) (15,7,3,11,15) (0,0,0,0,0)) is assigned to process 3, has 49152 valid cells and 1425408 ghost cells
   Phase space box ((24,0,0,-12,0) (31,7,3,-1,15) (0,0,0,0,0)) is assigned to process 6, has 49152 valid cells and 1425408 ghost cells
   Phase space box ((24,0,0,0,0) (31,7,3,11,15) (0,0,0,0,0)) is assigned to process 7, has 49152 valid cells and 1425408 ghost cells
   Phase space box ((0,8,0,0,0) (7,15,3,11,15) (0,0,0,0,0)) is assigned to process 9, has 49152 valid cells and 1425408 ghost cells
   Phase space box ((8,8,0,-12,0) (15,15,3,-1,15) (0,0,0,0,0)) is assigned to process 10, has 49152 valid cells and 1425408 ghost cells
   Phase space box ((16,8,0,0,0) (23,15,3,11,15) (0,0,0,0,0)) is assigned to process 13, has 49152 valid cells and 1425408 ghost cells
   Phase space box ((24,8,0,0,0) (31,15,3,11,15) (0,0,0,0,0)) is assigned to process 15, has 49152 valid cells and 1425408 ghost cells
   Phase space box ((0,16,0,-12,0) (7,23,3,-1,15) (0,0,0,0,0)) is assigned to process 16, has 49152 valid cells and 1425408 ghost cells
   Phase space box ((0,16,0,0,0) (7,23,3,11,15) (0,0,0,0,0)) is assigned to process 17, has 49152 valid cells and 1425408 ghost cells
   Phase space box ((8,16,0,0,0) (15,23,3,11,15) (0,0,0,0,0)) is assigned to process 19, has 49152 valid cells and 1425408 ghost cells
   Phase space box ((16,16,0,-12,0) (23,23,3,-1,15) (0,0,0,0,0)) is assigned to process 20, has 49152 valid cells and 1425408 ghost cells
   Phase space box ((16,16,0,0,0) (23,23,3,11,15) (0,0,0,0,0)) is assigned to process 21, has 49152 valid cells and 1425408 ghost cells
   Phase space box ((24,16,0,0,0) (31,23,3,11,15) (0,0,0,0,0)) is assigned to process 23, has 49152 valid cells and 1425408 ghost cells
   Phase space box ((0,24,0,0,0) (7,31,3,11,15) (0,0,0,0,0)) is assigned to process 25, has 49152 valid cells and 1425408 ghost cells
   Phase space box ((8,24,0,-12,0) (15,31,3,-1,15) (0,0,0,0,0)) is assigned to process 26, has 49152 valid cells and 1425408 ghost cells
   Phase space box ((16,24,0,-12,0) (23,31,3,-1,15) (0,0,0,0,0)) is assigned to process 28, has 49152 valid cells and 1425408 ghost cells
   Phase space box ((24,24,0,-12,0) (31,31,3,-1,15) (0,0,0,0,0)) is assigned to process 30, has 49152 valid cells and 1425408 ghost cells
   Phase space box ((24,24,0,0,0) (31,31,3,11,15) (0,0,0,0,0)) is assigned to process 31, has 49152 valid cells and 1425408 ghost cells
   Phase space box ((0,0,0,0,0) (7,7,3,11,15) (0,0,0,0,0)) is assigned to process 1, has 49152 valid cells and 1425408 ghost cells
   Phase space box ((8,0,0,-12,0) (15,7,3,-1,15) (0,0,0,0,0)) is assigned to process 2, has 49152 valid cells and 1425408 ghost cells
   Phase space box ((16,0,0,-12,0) (23,7,3,-1,15) (0,0,0,0,0)) is assigned to process 4, has 49152 valid cells and 1425408 ghost cells
   Phase space box ((0,8,0,-12,0) (7,15,3,-1,15) (0,0,0,0,0)) is assigned to process 8, has 49152 valid cells and 1425408 ghost cells
   Phase space box ((8,8,0,0,0) (15,15,3,11,15) (0,0,0,0,0)) is assigned to process 11, has 49152 valid cells and 1425408 ghost cells
   Phase space box ((16,8,0,-12,0) (23,15,3,-1,15) (0,0,0,0,0)) is assigned to process 12, has 49152 valid cells and 1425408 ghost cells
   Phase space box ((24,8,0,-12,0) (31,15,3,-1,15) (0,0,0,0,0)) is assigned to process 14, has 49152 valid cells and 1425408 ghost cells
   Phase space box ((8,16,0,-12,0) (15,23,3,-1,15) (0,0,0,0,0)) is assigned to process 18, has 49152 valid cells and 1425408 ghost cells
   Phase space box ((0,24,0,-12,0) (7,31,3,-1,15) (0,0,0,0,0)) is assigned to process 24, has 49152 valid cells and 1425408 ghost cells
   Phase space box ((0,56,4,-12,0) (7,63,7,-1,15) (0,0,0,0,0)) is assigned to process 120, has 49152 valid cells and 1425408 ghost cells
   Phase space box ((16,56,0,-12,0) (23,63,3,-1,15) (0,0,0,0,0)) is assigned to process 60, has 49152 valid cells and 1425408 ghost cells
   Phase space box ((0,0,4,0,0) (7,7,7,11,15) (0,0,0,0,0)) is assigned to process 65, has 49152 valid cells and 1425408 ghost cells
   Phase space box ((16,56,4,-12,0) (23,63,7,-1,15) (0,0,0,0,0)) is assigned to process 124, has 49152 valid cells and 1425408 ghost cells
   Phase space box ((16,0,0,0,0) (23,7,3,11,15) (0,0,0,0,0)) is assigned to process 5, has 49152 valid cells and 1425408 ghost cells
   Phase space box ((0,32,0,0,0) (7,39,3,11,15) (0,0,0,0,0)) is assigned to process 33, has 49152 valid cells and 1425408 ghost cells
   Phase space box ((24,8,4,0,0) (31,15,7,11,15) (0,0,0,0,0)) is assigned to process 79, has 49152 valid cells and 1425408 ghost cells
   Phase space box ((0,40,4,-12,0) (7,47,7,-1,15) (0,0,0,0,0)) is assigned to process 104, has 49152 valid cells and 1425408 ghost cells
   Phase space box ((16,56,0,0,0) (23,63,3,11,15) (0,0,0,0,0)) is assigned to process 61, has 49152 valid cells and 1425408 ghost cells
   Phase space box ((0,40,4,0,0) (7,47,7,11,15) (0,0,0,0,0)) is assigned to process 105, has 49152 valid cells and 1425408 ghost cells
   Phase space box ((0,0,4,-12,0) (7,7,7,-1,15) (0,0,0,0,0)) is assigned to process 64, has 49152 valid cells and 1425408 ghost cells
   Phase space box ((24,56,0,-12,0) (31,63,3,-1,15) (0,0,0,0,0)) is assigned to process 62, has 49152 valid cells and 1425408 ghost cells
   Phase space box ((8,40,4,-12,0) (15,47,7,-1,15) (0,0,0,0,0)) is assigned to process 106, has 49152 valid cells and 1425408 ghost cells
   Phase space box ((8,0,4,0,0) (15,7,7,11,15) (0,0,0,0,0)) is assigned to process 67, has 49152 valid cells and 1425408 ghost cells
   Phase space box ((24,56,0,0,0) (31,63,3,11,15) (0,0,0,0,0)) is assigned to process 63, has 49152 valid cells and 1425408 ghost cells
   Phase space box ((16,40,4,-12,0) (23,47,7,-1,15) (0,0,0,0,0)) is assigned to process 108, has 49152 valid cells and 1425408 ghost cells
   Phase space box ((16,0,4,0,0) (23,7,7,11,15) (0,0,0,0,0)) is assigned to process 69, has 49152 valid cells and 1425408 ghost cells
   Phase space box ((0,32,0,-12,0) (7,39,3,-1,15) (0,0,0,0,0)) is assigned to process 32, has 49152 valid cells and 1425408 ghost cells
   Phase space box ((24,40,4,-12,0) (31,47,7,-1,15) (0,0,0,0,0)) is assigned to process 110, has 49152 valid cells and 1425408 ghost cells
   Phase space box ((24,0,4,0,0) (31,7,7,11,15) (0,0,0,0,0)) is assigned to process 71, has 49152 valid cells and 1425408 ghost cells
   Phase space box ((8,32,0,-12,0) (15,39,3,-1,15) (0,0,0,0,0)) is assigned to process 34, has 49152 valid cells and 1425408 ghost cells
   Phase space box ((0,8,4,-12,0) (7,15,7,-1,15) (0,0,0,0,0)) is assigned to process 72, has 49152 valid cells and 1425408 ghost cells
   Phase space box ((0,48,4,0,0) (7,55,7,11,15) (0,0,0,0,0)) is assigned to process 113, has 49152 valid cells and 1425408 ghost cells
   Phase space box ((8,32,0,0,0) (15,39,3,11,15) (0,0,0,0,0)) is assigned to process 35, has 49152 valid cells and 1425408 ghost cells
   Phase space box ((8,48,4,-12,0) (15,55,7,-1,15) (0,0,0,0,0)) is assigned to process 114, has 49152 valid cells and 1425408 ghost cells
   Phase space box ((0,8,4,0,0) (7,15,7,11,15) (0,0,0,0,0)) is assigned to process 73, has 49152 valid cells and 1425408 ghost cells
   Phase space box ((16,32,0,0,0) (23,39,3,11,15) (0,0,0,0,0)) is assigned to process 37, has 49152 valid cells and 1425408 ghost cells
   Phase space box ((16,48,4,-12,0) (23,55,7,-1,15) (0,0,0,0,0)) is assigned to process 116, has 49152 valid cells and 1425408 ghost cells
   Phase space box ((8,8,4,0,0) (15,15,7,11,15) (0,0,0,0,0)) is assigned to process 75, has 49152 valid cells and 1425408 ghost cells
   Phase space box ((24,32,0,-12,0) (31,39,3,-1,15) (0,0,0,0,0)) is assigned to process 38, has 49152 valid cells and 1425408 ghost cells
   Phase space box ((16,48,4,0,0) (23,55,7,11,15) (0,0,0,0,0)) is assigned to process 117, has 49152 valid cells and 1425408 ghost cells
   Phase space box ((16,8,4,0,0) (23,15,7,11,15) (0,0,0,0,0)) is assigned to process 77, has 49152 valid cells and 1425408 ghost cells
   Phase space box ((24,32,0,0,0) (31,39,3,11,15) (0,0,0,0,0)) is assigned to process 39, has 49152 valid cells and 1425408 ghost cells
   Phase space box ((0,56,4,0,0) (7,63,7,11,15) (0,0,0,0,0)) is assigned to process 121, has 49152 valid cells and 1425408 ghost cells
   Phase space box ((0,16,4,0,0) (7,23,7,11,15) (0,0,0,0,0)) is assigned to process 81, has 49152 valid cells and 1425408 ghost cells
   Phase space box ((0,40,0,0,0) (7,47,3,11,15) (0,0,0,0,0)) is assigned to process 41, has 49152 valid cells and 1425408 ghost cells
   Phase space box ((8,56,4,-12,0) (15,63,7,-1,15) (0,0,0,0,0)) is assigned to process 122, has 49152 valid cells and 1425408 ghost cells
   Phase space box ((8,16,4,-12,0) (15,23,7,-1,15) (0,0,0,0,0)) is assigned to process 82, has 49152 valid cells and 1425408 ghost cells
   Phase space box ((8,40,0,-12,0) (15,47,3,-1,15) (0,0,0,0,0)) is assigned to process 42, has 49152 valid cells and 1425408 ghost cells
   Phase space box ((8,56,4,0,0) (15,63,7,11,15) (0,0,0,0,0)) is assigned to process 123, has 49152 valid cells and 1425408 ghost cells
   Phase space box ((8,16,4,0,0) (15,23,7,11,15) (0,0,0,0,0)) is assigned to process 83, has 49152 valid cells and 1425408 ghost cells
   Phase space box ((8,40,0,0,0) (15,47,3,11,15) (0,0,0,0,0)) is assigned to process 43, has 49152 valid cells and 1425408 ghost cells
   Phase space box ((16,56,4,0,0) (23,63,7,11,15) (0,0,0,0,0)) is assigned to process 125, has 49152 valid cells and 1425408 ghost cells
   Phase space box ((16,16,4,0,0) (23,23,7,11,15) (0,0,0,0,0)) is assigned to process 85, has 49152 valid cells and 1425408 ghost cells
   Phase space box ((16,40,0,-12,0) (23,47,3,-1,15) (0,0,0,0,0)) is assigned to process 44, has 49152 valid cells and 1425408 ghost cells
   Phase space box ((24,56,4,-12,0) (31,63,7,-1,15) (0,0,0,0,0)) is assigned to process 126, has 49152 valid cells and 1425408 ghost cells
   Phase space box ((24,16,4,-12,0) (31,23,7,-1,15) (0,0,0,0,0)) is assigned to process 86, has 49152 valid cells and 1425408 ghost cells
   Phase space box ((16,40,0,0,0) (23,47,3,11,15) (0,0,0,0,0)) is assigned to process 45, has 49152 valid cells and 1425408 ghost cells
   Phase space box ((24,56,4,0,0) (31,63,7,11,15) (0,0,0,0,0)) is assigned to process 127, has 49152 valid cells and 1425408 ghost cells
   Phase space box ((24,16,4,0,0) (31,23,7,11,15) (0,0,0,0,0)) is assigned to process 87, has 49152 valid cells and 1425408 ghost cells
   Phase space box ((24,40,0,-12,0) (31,47,3,-1,15) (0,0,0,0,0)) is assigned to process 46, has 49152 valid cells and 1425408 ghost cells
   Phase space box ((0,32,4,-12,0) (7,39,7,-1,15) (0,0,0,0,0)) is assigned to process 96, has 49152 valid cells and 1425408 ghost cells
   Phase space box ((0,24,4,0,0) (7,31,7,11,15) (0,0,0,0,0)) is assigned to process 89, has 49152 valid cells and 1425408 ghost cells
   Phase space box ((24,40,0,0,0) (31,47,3,11,15) (0,0,0,0,0)) is assigned to process 47, has 49152 valid cells and 1425408 ghost cells
   Phase space box ((16,32,4,-12,0) (23,39,7,-1,15) (0,0,0,0,0)) is assigned to process 100, has 49152 valid cells and 1425408 ghost cells
   Phase space box ((8,24,4,-12,0) (15,31,7,-1,15) (0,0,0,0,0)) is assigned to process 90, has 49152 valid cells and 1425408 ghost cells
   Phase space box ((8,48,0,-12,0) (15,55,3,-1,15) (0,0,0,0,0)) is assigned to process 50, has 49152 valid cells and 1425408 ghost cells
   Phase space box ((16,32,4,0,0) (23,39,7,11,15) (0,0,0,0,0)) is assigned to process 101, has 49152 valid cells and 1425408 ghost cells
   Phase space box ((8,24,4,0,0) (15,31,7,11,15) (0,0,0,0,0)) is assigned to process 91, has 49152 valid cells and 1425408 ghost cells
   Phase space box ((8,48,0,0,0) (15,55,3,11,15) (0,0,0,0,0)) is assigned to process 51, has 49152 valid cells and 1425408 ghost cells
   Phase space box ((24,32,4,-12,0) (31,39,7,-1,15) (0,0,0,0,0)) is assigned to process 102, has 49152 valid cells and 1425408 ghost cells
   Phase space box ((16,24,4,0,0) (23,31,7,11,15) (0,0,0,0,0)) is assigned to process 93, has 49152 valid cells and 1425408 ghost cells
   Phase space box ((24,48,0,-12,0) (31,55,3,-1,15) (0,0,0,0,0)) is assigned to process 54, has 49152 valid cells and 1425408 ghost cells
   Phase space box ((24,32,4,0,0) (31,39,7,11,15) (0,0,0,0,0)) is assigned to process 103, has 49152 valid cells and 1425408 ghost cells
   Phase space box ((8,0,4,-12,0) (15,7,7,-1,15) (0,0,0,0,0)) is assigned to process 66, has 49152 valid cells and 1425408 ghost cells
   Phase space box ((24,48,0,0,0) (31,55,3,11,15) (0,0,0,0,0)) is assigned to process 55, has 49152 valid cells and 1425408 ghost cells
   Phase space box ((8,40,4,0,0) (15,47,7,11,15) (0,0,0,0,0)) is assigned to process 107, has 49152 valid cells and 1425408 ghost cells
   Phase space box ((16,0,4,-12,0) (23,7,7,-1,15) (0,0,0,0,0)) is assigned to process 68, has 49152 valid cells and 1425408 ghost cells
   Phase space box ((0,56,0,-12,0) (7,63,3,-1,15) (0,0,0,0,0)) is assigned to process 56, has 49152 valid cells and 1425408 ghost cells
   Phase space box ((16,40,4,0,0) (23,47,7,11,15) (0,0,0,0,0)) is assigned to process 109, has 49152 valid cells and 1425408 ghost cells
   Phase space box ((24,0,4,-12,0) (31,7,7,-1,15) (0,0,0,0,0)) is assigned to process 70, has 49152 valid cells and 1425408 ghost cells
   Phase space box ((0,56,0,0,0) (7,63,3,11,15) (0,0,0,0,0)) is assigned to process 57, has 49152 valid cells and 1425408 ghost cells
   Phase space box ((24,40,4,0,0) (31,47,7,11,15) (0,0,0,0,0)) is assigned to process 111, has 49152 valid cells and 1425408 ghost cells
   Phase space box ((8,8,4,-12,0) (15,15,7,-1,15) (0,0,0,0,0)) is assigned to process 74, has 49152 valid cells and 1425408 ghost cells
   Phase space box ((8,56,0,-12,0) (15,63,3,-1,15) (0,0,0,0,0)) is assigned to process 58, has 49152 valid cells and 1425408 ghost cells
   Phase space box ((8,48,4,0,0) (15,55,7,11,15) (0,0,0,0,0)) is assigned to process 115, has 49152 valid cells and 1425408 ghost cells
   Phase space box ((16,8,4,-12,0) (23,15,7,-1,15) (0,0,0,0,0)) is assigned to process 76, has 49152 valid cells and 1425408 ghost cells
   Phase space box ((8,56,0,0,0) (15,63,3,11,15) (0,0,0,0,0)) is assigned to process 59, has 49152 valid cells and 1425408 ghost cells
   Phase space box ((24,48,4,-12,0) (31,55,7,-1,15) (0,0,0,0,0)) is assigned to process 118, has 49152 valid cells and 1425408 ghost cells
   Phase space box ((24,8,4,-12,0) (31,15,7,-1,15) (0,0,0,0,0)) is assigned to process 78, has 49152 valid cells and 1425408 ghost cells
   Phase space box ((16,32,0,-12,0) (23,39,3,-1,15) (0,0,0,0,0)) is assigned to process 36, has 49152 valid cells and 1425408 ghost cells
   Phase space box ((24,48,4,0,0) (31,55,7,11,15) (0,0,0,0,0)) is assigned to process 119, has 49152 valid cells and 1425408 ghost cells
   Phase space box ((0,40,0,-12,0) (7,47,3,-1,15) (0,0,0,0,0)) is assigned to process 40, has 49152 valid cells and 1425408 ghost cells
   Phase space box ((0,32,4,0,0) (7,39,7,11,15) (0,0,0,0,0)) is assigned to process 97, has 49152 valid cells and 1425408 ghost cells
   Phase space box ((0,48,0,-12,0) (7,55,3,-1,15) (0,0,0,0,0)) is assigned to process 48, has 49152 valid cells and 1425408 ghost cells
   Phase space box ((8,32,4,-12,0) (15,39,7,-1,15) (0,0,0,0,0)) is assigned to process 98, has 49152 valid cells and 1425408 ghost cells
   Phase space box ((0,16,4,-12,0) (7,23,7,-1,15) (0,0,0,0,0)) is assigned to process 80, has 49152 valid cells and 1425408 ghost cells
   Phase space box ((0,48,0,0,0) (7,55,3,11,15) (0,0,0,0,0)) is assigned to process 49, has 49152 valid cells and 1425408 ghost cells
   Phase space box ((8,32,4,0,0) (15,39,7,11,15) (0,0,0,0,0)) is assigned to process 99, has 49152 valid cells and 1425408 ghost cells
   Phase space box ((0,24,4,-12,0) (7,31,7,-1,15) (0,0,0,0,0)) is assigned to process 88, has 49152 valid cells and 1425408 ghost cells
   Phase space box ((16,48,0,0,0) (23,55,3,11,15) (0,0,0,0,0)) is assigned to process 53, has 49152 valid cells and 1425408 ghost cells
   Phase space box ((0,48,4,-12,0) (7,55,7,-1,15) (0,0,0,0,0)) is assigned to process 112, has 49152 valid cells and 1425408 ghost cells
   Phase space box ((16,24,4,-12,0) (23,31,7,-1,15) (0,0,0,0,0)) is assigned to process 92, has 49152 valid cells and 1425408 ghost cells
   Phase space box ((24,24,4,-12,0) (31,31,7,-1,15) (0,0,0,0,0)) is assigned to process 94, has 49152 valid cells and 1425408 ghost cells
   Phase space box ((16,48,0,-12,0) (23,55,3,-1,15) (0,0,0,0,0)) is assigned to process 52, has 49152 valid cells and 1425408 ghost cells
   Phase space box ((24,24,4,0,0) (31,31,7,11,15) (0,0,0,0,0)) is assigned to process 95, has 49152 valid cells and 1425408 ghost cells
   Phase space box ((16,16,4,-12,0) (23,23,7,-1,15) (0,0,0,0,0)) is assigned to process 84, has 49152 valid cells and 1425408 ghost cells
Adding species and constructing gyrocenter coordinates...
   hydrogen: kinetic species with mass = 2, charge = 1
Done adding species and constructing coordinates
Adding fluid species...
Done adding confiration space variables
Adding configuration space field variables...
Done adding configuration space variables
prescribed_efield.Erphiz: 0,0,-200
prescribed_efield.Erphiz: 0,0,-200
prescribed_efield.Erphiz: 0,0,-200
prescribed_efield.Erphiz: 0,0,-200
prescribed_efield.Erphiz: 0,0,-200
prescribed_efield.Erphiz: 0,0,-200
prescribed_efield.Erphiz: 0,0,-200
prescribed_efield.Erphiz: 0,0,-200
prescribed_efield.Erphiz: 0,0,-200
prescribed_efield.Erphiz: 0,0,-200
prescribed_efield.Erphiz: 0,0,-200
prescribed_efield.Erphiz: 0,0,-200

SlabPotentialBC ================================
- variable: potential-------------
  radial_lower: 
     bc_type  = 1
     bc_value = 0
  radial_upper: 
     bc_type  = 1
     bc_value = 0
  poloidal_lower: 
     bc_type  = 1
     bc_value = 0
  poloidal_upper: 
     bc_type  = 1
     bc_value = 0
  toroidal_lower: 
     bc_type  = 1
     bc_value = 0
  toroidal_upper: 
     bc_type  = 1
     bc_value = 0
-----------------------------------------------
===============================================

Grid Function Library =========================

"Ion_vpar_grid_func":
Constant grid function parameters:
  value: 0

"N0_grid_func":
Arbitrary grid function parameters:
  function: (1.00+exp(-(x-pi/2)^2/(2*pi*0.001/0.04)-(y-pi)^2/(2*pi*0.001/0.04))   )
  translated form: (1.00+exp(-(x'-pi'/2)^2/(2*pi'*0.001/0.04)-(y'-pi')^2/(2*pi'*0.001/0.04)))
  postfix form: {1.00}{x'[0]}{PI'}{2}{/}{-}{2}{^}{-:}{2}{PI'}{*}{0.001}{*}{0.04}{/}{/}{y'[0]}{PI'}{-}{2}{^}{2}{PI'}{*}{0.001}{*}{0.04}{/}{/}{-}{exp}{+}
  coordinate type: mapped

"T0_grid_func":
Cosine grid function parameters:
  constant: 1
  amplitude: 0
  mode: (1,0,0)
  phase: (0,0,0)

"potential_grid_func":
Arbitrary grid function parameters:
  function: ( -0.0000001*sin(y) )
  translated form: (-0.0000001*sin(y'))
  postfix form: {0.0000001}{-:}{y'[0]}{sin}{*}
  coordinate type: mapped

===============================================

Kinetic Function Library =========================

"maxwellian_phase_func":
Maxwellian kinetic function parameters:
-- Density --
Arbitrary grid function parameters:
  function: (1.00+exp(-(x-pi/2)^2/(2*pi*0.001/0.04)-(y-pi)^2/(2*pi*0.001/0.04))   )
  translated form: (1.00+exp(-(x'-pi'/2)^2/(2*pi'*0.001/0.04)-(y'-pi')^2/(2*pi'*0.001/0.04)))
  postfix form: {1.00}{x'[0]}{PI'}{2}{/}{-}{2}{^}{-:}{2}{PI'}{*}{0.001}{*}{0.04}{/}{/}{y'[0]}{PI'}{-}{2}{^}{2}{PI'}{*}{0.001}{*}{0.04}{/}{/}{-}{exp}{+}
  coordinate type: mapped

-- Temperature --
Cosine grid function parameters:
  constant: 1
  amplitude: 0
  mode: (1,0,0)
  phase: (0,0,0)

-- Vparallel --
Constant grid function parameters:
  value: 0


==================================================

SlabPhaseBC ================================
- variable: hydrogen-------------
  radial_lower: 
Maxwellian kinetic function parameters:
-- Density --
Arbitrary grid function parameters:
  function: (1.00+exp(-(x-pi/2)^2/(2*pi*0.001/0.04)-(y-pi)^2/(2*pi*0.001/0.04))   )
  translated form: (1.00+exp(-(x'-pi'/2)^2/(2*pi'*0.001/0.04)-(y'-pi')^2/(2*pi'*0.001/0.04)))
  postfix form: {1.00}{x'[0]}{PI'}{2}{/}{-}{2}{^}{-:}{2}{PI'}{*}{0.001}{*}{0.04}{/}{/}{y'[0]}{PI'}{-}{2}{^}{2}{PI'}{*}{0.001}{*}{0.04}{/}{/}{-}{exp}{+}
  coordinate type: mapped

-- Temperature --
Cosine grid function parameters:
  constant: 1
  amplitude: 0
  mode: (1,0,0)
  phase: (0,0,0)

-- Vparallel --
Constant grid function parameters:
  value: 0


  radial_upper: 
Maxwellian kinetic function parameters:
-- Density --
Arbitrary grid function parameters:
  function: (1.00+exp(-(x-pi/2)^2/(2*pi*0.001/0.04)-(y-pi)^2/(2*pi*0.001/0.04))   )
  translated form: (1.00+exp(-(x'-pi'/2)^2/(2*pi'*0.001/0.04)-(y'-pi')^2/(2*pi'*0.001/0.04)))
  postfix form: {1.00}{x'[0]}{PI'}{2}{/}{-}{2}{^}{-:}{2}{PI'}{*}{0.001}{*}{0.04}{/}{/}{y'[0]}{PI'}{-}{2}{^}{2}{PI'}{*}{0.001}{*}{0.04}{/}{/}{-}{exp}{+}
  coordinate type: mapped

-- Temperature --
Cosine grid function parameters:
  constant: 1
  amplitude: 0
  mode: (1,0,0)
  phase: (0,0,0)

-- Vparallel --
Constant grid function parameters:
  value: 0


  poloidal_lower: 
Maxwellian kinetic function parameters:
-- Density --
Arbitrary grid function parameters:
  function: (1.00+exp(-(x-pi/2)^2/(2*pi*0.001/0.04)-(y-pi)^2/(2*pi*0.001/0.04))   )
  translated form: (1.00+exp(-(x'-pi'/2)^2/(2*pi'*0.001/0.04)-(y'-pi')^2/(2*pi'*0.001/0.04)))
  postfix form: {1.00}{x'[0]}{PI'}{2}{/}{-}{2}{^}{-:}{2}{PI'}{*}{0.001}{*}{0.04}{/}{/}{y'[0]}{PI'}{-}{2}{^}{2}{PI'}{*}{0.001}{*}{0.04}{/}{/}{-}{exp}{+}
  coordinate type: mapped

-- Temperature --
Cosine grid function parameters:
  constant: 1
  amplitude: 0
  mode: (1,0,0)
  phase: (0,0,0)

-- Vparallel --
Constant grid function parameters:
  value: 0


  poloidal_upper: 
Maxwellian kinetic function parameters:
-- Density --
Arbitrary grid function parameters:
  function: (1.00+exp(-(x-pi/2)^2/(2*pi*0.001/0.04)-(y-pi)^2/(2*pi*0.001/0.04))   )
  translated form: (1.00+exp(-(x'-pi'/2)^2/(2*pi'*0.001/0.04)-(y'-pi')^2/(2*pi'*0.001/0.04)))
  postfix form: {1.00}{x'[0]}{PI'}{2}{/}{-}{2}{^}{-:}{2}{PI'}{*}{0.001}{*}{0.04}{/}{/}{y'[0]}{PI'}{-}{2}{^}{2}{PI'}{*}{0.001}{*}{0.04}{/}{/}{-}{exp}{+}
  coordinate type: mapped

-- Temperature --
Cosine grid function parameters:
  constant: 1
  amplitude: 0
  mode: (1,0,0)
  phase: (0,0,0)

-- Vparallel --
Constant grid function parameters:
  value: 0


  toroidal_lower: 
Maxwellian kinetic function parameters:
-- Density --
Arbitrary grid function parameters:
  function: (1.00+exp(-(x-pi/2)^2/(2*pi*0.001/0.04)-(y-pi)^2/(2*pi*0.001/0.04))   )
  translated form: (1.00+exp(-(x'-pi'/2)^2/(2*pi'*0.001/0.04)-(y'-pi')^2/(2*pi'*0.001/0.04)))
  postfix form: {1.00}{x'[0]}{PI'}{2}{/}{-}{2}{^}{-:}{2}{PI'}{*}{0.001}{*}{0.04}{/}{/}{y'[0]}{PI'}{-}{2}{^}{2}{PI'}{*}{0.001}{*}{0.04}{/}{/}{-}{exp}{+}
  coordinate type: mapped

-- Temperature --
Cosine grid function parameters:
  constant: 1
  amplitude: 0
  mode: (1,0,0)
  phase: (0,0,0)

-- Vparallel --
Constant grid function parameters:
  value: 0


  toroidal_upper: 
Maxwellian kinetic function parameters:
-- Density --
Arbitrary grid function parameters:
  function: (1.00+exp(-(x-pi/2)^2/(2*pi*0.001/0.04)-(y-pi)^2/(2*pi*0.001/0.04))   )
  translated form: (1.00+exp(-(x'-pi'/2)^2/(2*pi'*0.001/0.04)-(y'-pi')^2/(2*pi'*0.001/0.04)))
  postfix form: {1.00}{x'[0]}{PI'}{2}{/}{-}{2}{^}{-:}{2}{PI'}{*}{0.001}{*}{0.04}{/}{/}{y'[0]}{PI'}{-}{2}{^}{2}{PI'}{*}{0.001}{*}{0.04}{/}{/}{-}{exp}{+}
  coordinate type: mapped

-- Temperature --
Cosine grid function parameters:
  constant: 1
  amplitude: 0
  mode: (1,0,0)
  phase: (0,0,0)

-- Vparallel --
Constant grid function parameters:
  value: 0


  vpar_lower: 
Maxwellian kinetic function parameters:
-- Density --
Arbitrary grid function parameters:
  function: (1.00+exp(-(x-pi/2)^2/(2*pi*0.001/0.04)-(y-pi)^2/(2*pi*0.001/0.04))   )
  translated form: (1.00+exp(-(x'-pi'/2)^2/(2*pi'*0.001/0.04)-(y'-pi')^2/(2*pi'*0.001/0.04)))
  postfix form: {1.00}{x'[0]}{PI'}{2}{/}{-}{2}{^}{-:}{2}{PI'}{*}{0.001}{*}{0.04}{/}{/}{y'[0]}{PI'}{-}{2}{^}{2}{PI'}{*}{0.001}{*}{0.04}{/}{/}{-}{exp}{+}
  coordinate type: mapped

-- Temperature --
Cosine grid function parameters:
  constant: 1
  amplitude: 0
  mode: (1,0,0)
  phase: (0,0,0)

-- Vparallel --
Constant grid function parameters:
  value: 0


  vpar_upper: 
Maxwellian kinetic function parameters:
-- Density --
Arbitrary grid function parameters:
  function: (1.00+exp(-(x-pi/2)^2/(2*pi*0.001/0.04)-(y-pi)^2/(2*pi*0.001/0.04))   )
  translated form: (1.00+exp(-(x'-pi'/2)^2/(2*pi'*0.001/0.04)-(y'-pi')^2/(2*pi'*0.001/0.04)))
  postfix form: {1.00}{x'[0]}{PI'}{2}{/}{-}{2}{^}{-:}{2}{PI'}{*}{0.001}{*}{0.04}{/}{/}{y'[0]}{PI'}{-}{2}{^}{2}{PI'}{*}{0.001}{*}{0.04}{/}{/}{-}{exp}{+}
  coordinate type: mapped

-- Temperature --
Cosine grid function parameters:
  constant: 1
  amplitude: 0
  mode: (1,0,0)
  phase: (0,0,0)

-- Vparallel --
Constant grid function parameters:
  value: 0


  mu_lower: 
Maxwellian kinetic function parameters:
-- Density --
Arbitrary grid function parameters:
  function: (1.00+exp(-(x-pi/2)^2/(2*pi*0.001/0.04)-(y-pi)^2/(2*pi*0.001/0.04))   )
  translated form: (1.00+exp(-(x'-pi'/2)^2/(2*pi'*0.001/0.04)-(y'-pi')^2/(2*pi'*0.001/0.04)))
  postfix form: {1.00}{x'[0]}{PI'}{2}{/}{-}{2}{^}{-:}{2}{PI'}{*}{0.001}{*}{0.04}{/}{/}{y'[0]}{PI'}{-}{2}{^}{2}{PI'}{*}{0.001}{*}{0.04}{/}{/}{-}{exp}{+}
  coordinate type: mapped

-- Temperature --
Cosine grid function parameters:
  constant: 1
  amplitude: 0
  mode: (1,0,0)
  phase: (0,0,0)

-- Vparallel --
Constant grid function parameters:
  value: 0


  mu_upper: 
Maxwellian kinetic function parameters:
-- Density --
Arbitrary grid function parameters:
  function: (1.00+exp(-(x-pi/2)^2/(2*pi*0.001/0.04)-(y-pi)^2/(2*pi*0.001/0.04))   )
  translated form: (1.00+exp(-(x'-pi'/2)^2/(2*pi'*0.001/0.04)-(y'-pi')^2/(2*pi'*0.001/0.04)))
  postfix form: {1.00}{x'[0]}{PI'}{2}{/}{-}{2}{^}{-:}{2}{PI'}{*}{0.001}{*}{0.04}{/}{/}{y'[0]}{PI'}{-}{2}{^}{2}{PI'}{*}{0.001}{*}{0.04}{/}{/}{-}{exp}{+}
  coordinate type: mapped

-- Temperature --
Cosine grid function parameters:
  constant: 1
  amplitude: 0
  mode: (1,0,0)
  phase: (0,0,0)

-- Vparallel --
Constant grid function parameters:
  value: 0


-----------------------------------------------
===============================================
No collision model specified for hydrogen.
Collision model for 0	hydrogen:	None
prescribed_efield.Erphiz: 0,0,-200
prescribed_efield.Erphiz: 0,0,-200
prescribed_efield.Erphiz: 0,0,-200
prescribed_efield.Erphiz: 0,0,-200
prescribed_efield.Erphiz: 0,0,-200
prescribed_efield.Erphiz: 0,0,-200
prescribed_efield.Erphiz: 0,0,-200
prescribed_efield.Erphiz: 0,0,-200
prescribed_efield.Erphiz: 0,0,-200
prescribed_efield.Erphiz: 0,0,-200
prescribed_efield.Erphiz: 0,0,-200
prescribed_efield.Erphiz: 0,0,-200
prescribed_efield.Erphiz: 0,0,-200
prescribed_efield.Erphiz: 0,0,-200
prescribed_efield.Erphiz: 0,0,-200
prescribed_efield.Erphiz: 0,0,-200
prescribed_efield.Erphiz: 0,0,-200
prescribed_efield.Erphiz: 0,0,-200
prescribed_efield.Erphiz: 0,0,-200
prescribed_efield.Erphiz: 0,0,-200
prescribed_efield.Erphiz: 0,0,-200
prescribed_efield.Erphiz: 0,0,-200
prescribed_efield.Erphiz: 0,0,-200
prescribed_efield.Erphiz: 0,0,-200
prescribed_efield.Erphiz: 0,0,-200
prescribed_efield.Erphiz: 0,0,-200
prescribed_efield.Erphiz: 0,0,-200
prescribed_efield.Erphiz: 0,0,-200
prescribed_efield.Erphiz: 0,0,-200
prescribed_efield.Erphiz: 0,0,-200
prescribed_efield.Erphiz: 0,0,-200
prescribed_efield.Erphiz: 0,0,-200
prescribed_efield.Erphiz: 0,0,-200
prescribed_efield.Erphiz: 0,0,-200
prescribed_efield.Erphiz: 0,0,-200
prescribed_efield.Erphiz: 0,0,-200
prescribed_efield.Erphiz: 0,0,-200
prescribed_efield.Erphiz: 0,0,-200
prescribed_efield.Erphiz: 0,0,-200
prescribed_efield.Erphiz: 0,0,-200
prescribed_efield.Erphiz: 0,0,-200
prescribed_efield.Erphiz: 0,0,-200
prescribed_efield.Erphiz: 0,0,-200
prescribed_efield.Erphiz: 0,0,-200
prescribed_efield.Erphiz: 0,0,-200
prescribed_efield.Erphiz: 0,0,-200
prescribed_efield.Erphiz: 0,0,-200
prescribed_efield.Erphiz: 0,0,-200
prescribed_efield.Erphiz: 0,0,-200
prescribed_efield.Erphiz: 0,0,-200
prescribed_efield.Erphiz: 0,0,-200
prescribed_efield.Erphiz: 0,0,-200
prescribed_efield.Erphiz: 0,0,-200
prescribed_efield.Erphiz: 0,0,-200
prescribed_efield.Erphiz: 0,0,-200
prescribed_efield.Erphiz: 0,0,-200
prescribed_efield.Erphiz: 0,0,-200
prescribed_efield.Erphiz: 0,0,-200
prescribed_efield.Erphiz: 0,0,-200
prescribed_efield.Erphiz: 0,0,-200
prescribed_efield.Erphiz: 0,0,-200
prescribed_efield.Erphiz: 0,0,-200
prescribed_efield.Erphiz: 0,0,-200
prescribed_efield.Erphiz: 0,0,-200
prescribed_efield.Erphiz: 0,0,-200
prescribed_efield.Erphiz: 0,0,-200
prescribed_efield.Erphiz: 0,0,-200
prescribed_efield.Erphiz: 0,0,-200
prescribed_efield.Erphiz: 0,0,-200
prescribed_efield.Erphiz: 0,0,-200
prescribed_efield.Erphiz: 0,0,-200
prescribed_efield.Erphiz: 0,0,-200
prescribed_efield.Erphiz: 0,0,-200
prescribed_efield.Erphiz: 0,0,-200
prescribed_efield.Erphiz: 0,0,-200
prescribed_efield.Erphiz: 0,0,-200
prescribed_efield.Erphiz: 0,0,-200
prescribed_efield.Erphiz: 0,0,-200
prescribed_efield.Erphiz: 0,0,-200
prescribed_efield.Erphiz: 0,0,-200
prescribed_efield.Erphiz: 0,0,-200
prescribed_efield.Erphiz: 0,0,-200
prescribed_efield.Erphiz: 0,0,-200
prescribed_efield.Erphiz: 0,0,-200
prescribed_efield.Erphiz: 0,0,-200
prescribed_efield.Erphiz: 0,0,-200
prescribed_efield.Erphiz: 0,0,-200
prescribed_efield.Erphiz: 0,0,-200
prescribed_efield.Erphiz: 0,0,-200
prescribed_efield.Erphiz: 0,0,-200
prescribed_efield.Erphiz: 0,0,-200
prescribed_efield.Erphiz: 0,0,-200
prescribed_efield.Erphiz: 0,0,-200
prescribed_efield.Erphiz: 0,0,-200
prescribed_efield.Erphiz: 0,0,-200
prescribed_efield.Erphiz: 0,0,-200
prescribed_efield.Erphiz: 0,0,-200
prescribed_efield.Erphiz: 0,0,-200
prescribed_efield.Erphiz: 0,0,-200
prescribed_efield.Erphiz: 0,0,-200
prescribed_efield.Erphiz: 0,0,-200
prescribed_efield.Erphiz: 0,0,-200
prescribed_efield.Erphiz: 0,0,-200
prescribed_efield.Erphiz: 0,0,-200
prescribed_efield.Erphiz: 0,0,-200
prescribed_efield.Erphiz: 0,0,-200
prescribed_efield.Erphiz: 0,0,-200
prescribed_efield.Erphiz: 0,0,-200
prescribed_efield.Erphiz: 0,0,-200
prescribed_efield.Erphiz: 0,0,-200
prescribed_efield.Erphiz: 0,0,-200
prescribed_efield.Erphiz: 0,0,-200
prescribed_efield.Erphiz: 0,0,-200
prescribed_efield.Erphiz: 0,0,-200
prescribed_efield.Erphiz: 0,0,-200
prescribed_efield.Erphiz: 0,0,-200
Time integration method: rk (4)
  Distribution Function Extrema:
    Species 0:	7.55327e-07 [max]	1.53872e-11 [min]


Step 1


m_num_cells[i]=32
m_num_cells[i]=64
m_num_cells[i]=8
m_num_cells[i]=24
m_num_cells[i]=16
dx*nx= 0.19635 * 32 = 6.28319, dx(m)*nx= 0.00125 * 32 = 0.04, ( 1 : 0.0063662 )
dy*ny= 0.0981748 * 64 = 6.28319, dy(m)*ny= 0.000625 * 64 = 0.04, ( 1 : 0.0063662 )
dz*nz= 0.785398 * 8 = 6.28319, dz(m)*nz= 0.005 * 8 = 0.04, ( 1 : 0.0063662 )
dvpar*nvpar= 0.333333 * 12 = 4, dv_parallel(m/s)*nvpar= 103166 * 12 = 1.23799e+06, ( 1 : 6447.85 )
 [hydrogen] mass = 2






  dvpar*nvpar= 0.333333 * 12 = 4, dv_parallel(m/s)*nvpar= 72949.1 * 12 = 875389, ( 1 : 218847 )
dmu*nmu= 0.125 * 16 = 1, dmu(J/T)*nmu= 1.00136e-17 * 16 = 1.60218e-16, ( 1 : 5.0068e-18 )

Estimated dt
























































































































unit_dimension_length [hydrogen]=1
unit_dimension_speed  [hydrogen]=309497
unit_dimension_time   [hydrogen]=3.23105e-06
[hydrogen] maxvel:phy_maxvel[0]=0.215403:66666.7(1:309497)
[hydrogen] maxvel:phy_maxvel[1]=0:0(1:-nan)
[hydrogen] maxvel:phy_maxvel[2]=2.71058:838915(1:309497)
[hydrogen] maxvel:phy_maxvel[3]=0:0(1:-nan)
[hydrogen] maxvel:phy_maxvel[4]=0:0(1:-nan)

dt_zpar(s)[hydrogen]=dz(m)/vparmax_z(m/s)[hydrogen]=0.005/875389=5.71174e-09
dt_zpar(-)[hydrogen]=0.00176777
dt_ypar(s)[hydrogen]=dy(m)/vparmax_y(m/s)[hydrogen]=0.000625/0=inf
dt_ypar(-)[hydrogen]=inf
dt_z(s)[hydrogen]=dz(m)/vmax_z(m/s)[hydrogen]=0.005/838915=5.96008e-09
dt_z(-)[hydrogen]=0.00184463
dt_y(s)[hydrogen]=dy(m)/vmax_y(m/s)[hydrogen]=0.000625/0=inf
dt_y(-)[hydrogen]=inf
dt_x(s)[hydrogen]=dx(m)/vmax_x(m/s)[hydrogen]=0.00125/66666.7=1.875e-08
dt_x(-)[hydrogen]=0.00580307
dt_vpar(s)[hydrogen]=dvpar(m/s)/vmax_vpar(m/s/s)[hydrogen]=103166/0=inf
dt_vpar(-)[hydrogen]=inf

  ----
  dt: 0.001
    Vlasov    : 0.0013997 (time scale), 0.714438 (CFL)
    Collisions: 1.79769e+308 (time scale), 5.56268e-312 (CFL)
  ----
  Distribution Function Extrema:
    Species 0:	7.65094e-07 [max]	1.53854e-11 [min]

Step 1 completed, simulation time is 0.001
----

Step 2
  ----
  dt: 0.001
    Vlasov    : 0.0013997 (time scale), 0.714438 (CFL)
    Collisions: 1.79769e+308 (time scale), 5.56268e-312 (CFL)
  ----
  Distribution Function Extrema:
    Species 0:	7.70106e-07 [max]	1.53811e-11 [min]

Step 2 completed, simulation time is 0.002
----

Step 3
  ----
  dt: 0.001
    Vlasov    : 0.0013997 (time scale), 0.714438 (CFL)
    Collisions: 1.79769e+308 (time scale), 5.56268e-312 (CFL)
  ----
  Distribution Function Extrema:
    Species 0:	7.70439e-07 [max]	1.53742e-11 [min]

Step 3 completed, simulation time is 0.003
----

Step 4
  ----
  dt: 0.001
    Vlasov    : 0.0013997 (time scale), 0.714438 (CFL)
    Collisions: 1.79769e+308 (time scale), 5.56268e-312 (CFL)
  ----
  Distribution Function Extrema:
    Species 0:	7.66291e-07 [max]	1.53648e-11 [min]

Step 4 completed, simulation time is 0.004
----

Step 5
  ----
  dt: 0.001
    Vlasov    : 0.0013997 (time scale), 0.714438 (CFL)
    Collisions: 1.79769e+308 (time scale), 5.56268e-312 (CFL)
  ----
  Distribution Function Extrema:
    Species 0:	7.57962e-07 [max]	1.53532e-11 [min]

Step 5 completed, simulation time is 0.005
----

Step 6
  ----
  dt: 0.001
    Vlasov    : 0.0013997 (time scale), 0.714438 (CFL)
    Collisions: 1.79769e+308 (time scale), 5.56268e-312 (CFL)
  ----
  Distribution Function Extrema:
    Species 0:	7.45843e-07 [max]	1.53408e-11 [min]

Step 6 completed, simulation time is 0.006
----

Step 7
  ----
  dt: 0.001
    Vlasov    : 0.0013997 (time scale), 0.714438 (CFL)
    Collisions: 1.79769e+308 (time scale), 5.56268e-312 (CFL)
  ----
  Distribution Function Extrema:
    Species 0:	7.51163e-07 [max]	1.53299e-11 [min]

Step 7 completed, simulation time is 0.007
----

Step 8
  ----
  dt: 0.001
    Vlasov    : 0.0013997 (time scale), 0.714438 (CFL)
    Collisions: 1.79769e+308 (time scale), 5.56268e-312 (CFL)
  ----
  Distribution Function Extrema:
    Species 0:	7.56153e-07 [max]	1.53238e-11 [min]

Step 8 completed, simulation time is 0.008
----

Step 9
  ----
  dt: 0.001
    Vlasov    : 0.0013997 (time scale), 0.714438 (CFL)
    Collisions: 1.79769e+308 (time scale), 5.56268e-312 (CFL)
  ----
  Distribution Function Extrema:
    Species 0:	7.56981e-07 [max]	1.53266e-11 [min]

Step 9 completed, simulation time is 0.009
----

Step 10
  ----
  dt: 0.001
    Vlasov    : 0.0013997 (time scale), 0.714438 (CFL)
    Collisions: 1.79769e+308 (time scale), 5.56268e-312 (CFL)
  ----
  Distribution Function Extrema:
    Species 0:	7.53759e-07 [max]	1.53174e-11 [min]

Step 10 completed, simulation time is 0.01
----
Writing checkpoint file
Writing history file

Step 11
  ----
  dt: 0.001
    Vlasov    : 0.0013997 (time scale), 0.714438 (CFL)
    Collisions: 1.79769e+308 (time scale), 5.56268e-312 (CFL)
  ----
  Distribution Function Extrema:
    Species 0:	7.46694e-07 [max]	1.53009e-11 [min]

Step 11 completed, simulation time is 0.011
----

Step 12
  ----
  dt: 0.001
    Vlasov    : 0.0013997 (time scale), 0.714438 (CFL)
    Collisions: 1.79769e+308 (time scale), 5.56268e-312 (CFL)
  ----
  Distribution Function Extrema:
    Species 0:	7.3608e-07 [max]	1.52866e-11 [min]

Step 12 completed, simulation time is 0.012
----

Step 13
  ----
  dt: 0.001
    Vlasov    : 0.0013997 (time scale), 0.714438 (CFL)
    Collisions: 1.79769e+308 (time scale), 5.56268e-312 (CFL)
  ----
  Distribution Function Extrema:
    Species 0:	7.40973e-07 [max]	1.52779e-11 [min]

Step 13 completed, simulation time is 0.013
----

Step 14
  ----
  dt: 0.001
    Vlasov    : 0.0013997 (time scale), 0.714438 (CFL)
    Collisions: 1.79769e+308 (time scale), 5.56268e-312 (CFL)
  ----
  Distribution Function Extrema:
    Species 0:	7.45474e-07 [max]	1.52785e-11 [min]

Step 14 completed, simulation time is 0.014
----

Step 15
  ----
  dt: 0.001
    Vlasov    : 0.0013997 (time scale), 0.714438 (CFL)
    Collisions: 1.79769e+308 (time scale), 5.56268e-312 (CFL)
  ----
  Distribution Function Extrema:
    Species 0:	7.46241e-07 [max]	1.52843e-11 [min]

Step 15 completed, simulation time is 0.015
----

Step 16
  ----
  dt: 0.001
    Vlasov    : 0.0013997 (time scale), 0.714438 (CFL)
    Collisions: 1.79769e+308 (time scale), 5.56268e-312 (CFL)
  ----
  Distribution Function Extrema:
    Species 0:	7.4334e-07 [max]	1.52697e-11 [min]

Step 16 completed, simulation time is 0.016
----

Step 17
  ----
  dt: 0.001
    Vlasov    : 0.0013997 (time scale), 0.714438 (CFL)
    Collisions: 1.79769e+308 (time scale), 5.56268e-312 (CFL)
  ----
  Distribution Function Extrema:
    Species 0:	7.36922e-07 [max]	1.52282e-11 [min]

Step 17 completed, simulation time is 0.017
----

Step 18
  ----
  dt: 0.001
    Vlasov    : 0.0013997 (time scale), 0.714438 (CFL)
    Collisions: 1.79769e+308 (time scale), 5.56268e-312 (CFL)
  ----
  Distribution Function Extrema:
    Species 0:	7.27218e-07 [max]	1.51922e-11 [min]

Step 18 completed, simulation time is 0.018
----

Step 19
  ----
  dt: 0.001
    Vlasov    : 0.0013997 (time scale), 0.714438 (CFL)
    Collisions: 1.79769e+308 (time scale), 5.56268e-312 (CFL)
  ----
  Distribution Function Extrema:
    Species 0:	7.3296e-07 [max]	1.51781e-11 [min]

Step 19 completed, simulation time is 0.019
----

Step 20
  ----
  dt: 0.001
    Vlasov    : 0.0013997 (time scale), 0.714438 (CFL)
    Collisions: 1.79769e+308 (time scale), 5.56268e-312 (CFL)
  ----
  Distribution Function Extrema:
    Species 0:	7.3687e-07 [max]	1.51807e-11 [min]

Step 20 completed, simulation time is 0.02
----
Writing checkpoint file
Writing history file

Step 21
  ----
  dt: 0.001
    Vlasov    : 0.0013997 (time scale), 0.714438 (CFL)
    Collisions: 1.79769e+308 (time scale), 5.56268e-312 (CFL)
  ----
  Distribution Function Extrema:
    Species 0:	7.37378e-07 [max]	1.51955e-11 [min]

Step 21 completed, simulation time is 0.021
----

Step 22
  ----
  dt: 0.001
    Vlasov    : 0.0013997 (time scale), 0.714438 (CFL)
    Collisions: 1.79769e+308 (time scale), 5.56268e-312 (CFL)
  ----
  Distribution Function Extrema:
    Species 0:	7.34527e-07 [max]	1.51969e-11 [min]

Step 22 completed, simulation time is 0.022
----

Step 23
  ----
  dt: 0.001
    Vlasov    : 0.0013997 (time scale), 0.714438 (CFL)
    Collisions: 1.79769e+308 (time scale), 5.56268e-312 (CFL)
  ----
  Distribution Function Extrema:
    Species 0:	7.28438e-07 [max]	1.51265e-11 [min]

Step 23 completed, simulation time is 0.023
----

Step 24
  ----
  dt: 0.001
    Vlasov    : 0.0013997 (time scale), 0.714438 (CFL)
    Collisions: 1.79769e+308 (time scale), 5.56268e-312 (CFL)
  ----
  Distribution Function Extrema:
    Species 0:	7.19894e-07 [max]	1.50876e-11 [min]

Step 24 completed, simulation time is 0.024
----

Step 25
  ----
  dt: 0.001
    Vlasov    : 0.0013997 (time scale), 0.714438 (CFL)
    Collisions: 1.79769e+308 (time scale), 5.56268e-312 (CFL)
  ----
  Distribution Function Extrema:
    Species 0:	7.26314e-07 [max]	1.5074e-11 [min]

Step 25 completed, simulation time is 0.025
----

Step 26
  ----
  dt: 0.001
    Vlasov    : 0.0013997 (time scale), 0.714438 (CFL)
    Collisions: 1.79769e+308 (time scale), 5.56268e-312 (CFL)
  ----
  Distribution Function Extrema:
    Species 0:	7.29634e-07 [max]	1.50802e-11 [min]

Step 26 completed, simulation time is 0.026
----

Step 27
  ----
  dt: 0.001
    Vlasov    : 0.0013997 (time scale), 0.714438 (CFL)
    Collisions: 1.79769e+308 (time scale), 5.56268e-312 (CFL)
  ----
  Distribution Function Extrema:
    Species 0:	7.29814e-07 [max]	1.51012e-11 [min]

Step 27 completed, simulation time is 0.027
----

Step 28
  ----
  dt: 0.001
    Vlasov    : 0.0013997 (time scale), 0.714438 (CFL)
    Collisions: 1.79769e+308 (time scale), 5.56268e-312 (CFL)
  ----
  Distribution Function Extrema:
    Species 0:	7.26887e-07 [max]	1.51323e-11 [min]

Step 28 completed, simulation time is 0.028
----

Step 29
  ----
  dt: 0.001
    Vlasov    : 0.0013997 (time scale), 0.714438 (CFL)
    Collisions: 1.79769e+308 (time scale), 5.56268e-312 (CFL)
  ----
  Distribution Function Extrema:
    Species 0:	7.20955e-07 [max]	1.50503e-11 [min]

Step 29 completed, simulation time is 0.029
----

Step 30
  ----
  dt: 0.001
    Vlasov    : 0.0013997 (time scale), 0.714438 (CFL)
    Collisions: 1.79769e+308 (time scale), 5.56268e-312 (CFL)
  ----
  Distribution Function Extrema:
    Species 0:	7.14947e-07 [max]	1.50033e-11 [min]

Step 30 completed, simulation time is 0.03
----
Writing checkpoint file
Writing history file

Step 31
  ----
  dt: 0.001
    Vlasov    : 0.0013997 (time scale), 0.714438 (CFL)
    Collisions: 1.79769e+308 (time scale), 5.56268e-312 (CFL)
  ----
  Distribution Function Extrema:
    Species 0:	7.20599e-07 [max]	1.49852e-11 [min]

Step 31 completed, simulation time is 0.031
----

Step 32
  ----
  dt: 0.001
    Vlasov    : 0.0013997 (time scale), 0.714438 (CFL)
    Collisions: 1.79769e+308 (time scale), 5.56268e-312 (CFL)
  ----
  Distribution Function Extrema:
    Species 0:	7.23358e-07 [max]	1.499e-11 [min]

Step 32 completed, simulation time is 0.032
----

Step 33
  ----
  dt: 0.001
    Vlasov    : 0.0013997 (time scale), 0.714438 (CFL)
    Collisions: 1.79769e+308 (time scale), 5.56268e-312 (CFL)
  ----
  Distribution Function Extrema:
    Species 0:	7.2319e-07 [max]	1.50125e-11 [min]

Step 33 completed, simulation time is 0.033
----

Step 34
  ----
  dt: 0.001
    Vlasov    : 0.0013997 (time scale), 0.714438 (CFL)
    Collisions: 1.79769e+308 (time scale), 5.56268e-312 (CFL)
  ----
  Distribution Function Extrema:
    Species 0:	7.20125e-07 [max]	1.50477e-11 [min]

Step 34 completed, simulation time is 0.034
----

Step 35
  ----
  dt: 0.001
    Vlasov    : 0.0013997 (time scale), 0.714438 (CFL)
    Collisions: 1.79769e+308 (time scale), 5.56268e-312 (CFL)
  ----
  Distribution Function Extrema:
    Species 0:	7.14252e-07 [max]	1.49973e-11 [min]

Step 35 completed, simulation time is 0.035
----

Step 36
  ----
  dt: 0.001
    Vlasov    : 0.0013997 (time scale), 0.714438 (CFL)
    Collisions: 1.79769e+308 (time scale), 5.56268e-312 (CFL)
  ----
  Distribution Function Extrema:
    Species 0:	7.10598e-07 [max]	1.49398e-11 [min]

Step 36 completed, simulation time is 0.036
----

Step 37
  ----
  dt: 0.001
    Vlasov    : 0.0013997 (time scale), 0.714438 (CFL)
    Collisions: 1.79769e+308 (time scale), 5.56268e-312 (CFL)
  ----
  Distribution Function Extrema:
    Species 0:	7.15554e-07 [max]	1.4914e-11 [min]

Step 37 completed, simulation time is 0.037
----

Step 38
  ----
  dt: 0.001
    Vlasov    : 0.0013997 (time scale), 0.714438 (CFL)
    Collisions: 1.79769e+308 (time scale), 5.56268e-312 (CFL)
  ----
  Distribution Function Extrema:
    Species 0:	7.1779e-07 [max]	1.49141e-11 [min]

Step 38 completed, simulation time is 0.038
----

Step 39
  ----
  dt: 0.001
    Vlasov    : 0.0013997 (time scale), 0.714438 (CFL)
    Collisions: 1.79769e+308 (time scale), 5.56268e-312 (CFL)
  ----
  Distribution Function Extrema:
    Species 0:	7.17276e-07 [max]	1.49346e-11 [min]

Step 39 completed, simulation time is 0.039
----

Step 40
