** GKUnits ***********************************************************

==== Fundamental Units ===============================================
  NUMBER DENSITY    [1/m^3]: 1e+20
  TEMPERATURE           [eV]: 20000
  LENGTH                [m]: 1
  MASS                 [AMU]: 1
  MAGNETIC FIELD        [T]: 1
  CHARGE                [C]: 1.60218e-19
  BOLTZMANN CONSTANT  [J/K]: 1.38065e-23
  ELECTRIC CONSTANT   [F/m]: 8.85419e-12
  MAGNETIC CONSTANT   [H/m]: 1.25664e-06

==== Derived Units ===================================================

  THERMAL SPEED       [m/s]: 1.38411e+06
  TRANSIT TIME          [s]: 7.22485e-07
  MAGNETIC MOMENT     [J/T]: 1.60218e-15
  DIST. FUNCTION [s/(Am^6)]: 12.0043
  POTENTIAL             [V]: 20000
  GYROFREQUENCY       [1/s]: 9.57883e+07
  GYRORADIUS            [m]: 0.0144497
  DEBYE LENGTH          [m]: 0.000105132

==== Dimensionless Parameters =========================================

  LARMOR NUMBER            : 0.0144497
  DEBYE NUMBER             : 0.000105132

***********************************************************************
**** cellSp[0] = 0.0981748,  cellSp[1] = 0.0490874
**** dimensions = 64, 128
**** cellSp[0] = 0.0981748,  cellSp[1] = 0.0490874
**** dimensions = 64, 128
**** cellSp[0] = 0.0981748,  cellSp[1] = 0.0490874
**** dimensions = 64, 128
**** cellSp[0] = 0.0981748,  cellSp[1] = 0.0490874
**** dimensions = 64, 128
**** cellSp[0] = 0.0981748,  cellSp[1] = 0.0490874
**** dimensions = 64, 128
**** cellSp[0] = 0.0981748,  cellSp[1] = 0.0490874
**** dimensions = 64, 128
**** cellSp[0] = 0.0981748,  cellSp[1] = 0.0490874
**** dimensions = 64, 128
**** cellSp[0] = 0.0981748,  cellSp[1] = 0.0490874
**** dimensions = 64, 128
**** cellSp[0] = 0.0981748,  cellSp[1] = 0.0490874
**** dimensions = 64, 128
**** cellSp[0] = 0.0981748,  cellSp[1] = 0.0490874
**** dimensions = 64, 128
**** cellSp[0] = 0.0981748,  cellSp[1] = 0.0490874
**** dimensions = 64, 128
**** cellSp[0] = 0.0981748,  cellSp[1] = 0.0490874
**** dimensions = 64, 128
**** cellSp[0] = 0.0981748,  cellSp[1] = 0.0490874
**** dimensions = 64, 128
**** cellSp[0] = 0.0981748,  cellSp[1] = 0.0490874
**** dimensions = 64, 128
**** cellSp[0] = 0.0981748,  cellSp[1] = 0.0490874
**** dimensions = 64, 128
**** cellSp[0] = 0.0981748,  cellSp[1] = 0.0490874
**** dimensions = 64, 128
**** cellSp[0] = 0.0981748,  cellSp[1] = 0.0490874
**** dimensions = 64, 128
**** cellSp[0] = 0.0981748,  cellSp[1] = 0.0490874
**** dimensions = 64, 128
**** cellSp[0] = 0.0981748,  cellSp[1] = 0.0490874
**** dimensions = 64, 128
**** cellSp[0] = 0.0981748,  cellSp[1] = 0.0490874
**** dimensions = 64, 128
**** cellSp[0] = 0.0981748,  cellSp[1] = 0.0490874
**** dimensions = 64, 128
**** cellSp[0] = 0.0981748,  cellSp[1] = 0.0490874
**** dimensions = 64, 128
**** cellSp[0] = 0.0981748,  cellSp[1] = 0.0490874
**** dimensions = 64, 128
**** cellSp[0] = 0.0981748,  cellSp[1] = 0.0490874
**** dimensions = 64, 128
**** cellSp[0] = 0.0981748,  cellSp[1] = 0.0490874
**** dimensions = 64, 128
**** cellSp[0] = 0.0981748,  cellSp[1] = 0.0490874
**** dimensions = 64, 128
**** cellSp[0] = 0.0981748,  cellSp[1] = 0.0490874
**** dimensions = 64, 128
**** cellSp[0] = 0.0981748,  cellSp[1] = 0.0490874
**** dimensions = 64, 128
**** cellSp[0] = 0.0981748,  cellSp[1] = 0.0490874
**** dimensions = 64, 128
**** cellSp[0] = 0.0981748,  cellSp[1] = 0.0490874
**** dimensions = 64, 128
**** cellSp[0] = 0.0981748,  cellSp[1] = 0.0490874
**** dimensions = 64, 128
**** cellSp[0] = 0.0981748,  cellSp[1] = 0.0490874
**** dimensions = 64, 128
**** cellSp[0] = 0.0981748,  cellSp[1] = 0.0490874
**** dimensions = 64, 128
**** cellSp[0] = 0.0981748,  cellSp[1] = 0.0490874
**** dimensions = 64, 128
**** cellSp[0] = 0.0981748,  cellSp[1] = 0.0490874
**** dimensions = 64, 128
**** cellSp[0] = 0.0981748,  cellSp[1] = 0.0490874
**** dimensions = 64, 128
**** cellSp[0] = 0.0981748,  cellSp[1] = 0.0490874
**** dimensions = 64, 128
**** cellSp[0] = 0.0981748,  cellSp[1] = 0.0490874
**** dimensions = 64, 128
**** cellSp[0] = 0.0981748,  cellSp[1] = 0.0490874
**** dimensions = 64, 128
**** cellSp[0] = 0.0981748,  cellSp[1] = 0.0490874
**** dimensions = 64, 128
**** cellSp[0] = 0.0981748,  cellSp[1] = 0.0490874
**** dimensions = 64, 128
**** cellSp[0] = 0.0981748,  cellSp[1] = 0.0490874
**** dimensions = 64, 128
**** cellSp[0] = 0.0981748,  cellSp[1] = 0.0490874
**** dimensions = 64, 128
**** cellSp[0] = 0.0981748,  cellSp[1] = 0.0490874
**** dimensions = 64, 128
**** cellSp[0] = 0.0981748,  cellSp[1] = 0.0490874
**** dimensions = 64, 128
**** cellSp[0] = 0.0981748,  cellSp[1] = 0.0490874
**** dimensions = 64, 128
**** cellSp[0] = 0.0981748,  cellSp[1] = 0.0490874
**** dimensions = 64, 128
**** cellSp[0] = 0.0981748,  cellSp[1] = 0.0490874
**** dimensions = 64, 128
**** cellSp[0] = 0.0981748,  cellSp[1] = 0.0490874
**** dimensions = 64, 128
**** cellSp[0] = 0.0981748,  cellSp[1] = 0.0490874
**** dimensions = 64, 128
**** cellSp[0] = 0.0981748,  cellSp[1] = 0.0490874
**** dimensions = 64, 128
**** cellSp[0] = 0.0981748,  cellSp[1] = 0.0490874
**** dimensions = 64, 128
**** cellSp[0] = 0.0981748,  cellSp[1] = 0.0490874
**** dimensions = 64, 128
**** cellSp[0] = 0.0981748,  cellSp[1] = 0.0490874
**** dimensions = 64, 128
**** cellSp[0] = 0.0981748,  cellSp[1] = 0.0490874
**** dimensions = 64, 128
**** cellSp[0] = 0.0981748,  cellSp[1] = 0.0490874
**** dimensions = 64, 128
**** cellSp[0] = 0.0981748,  cellSp[1] = 0.0490874
**** dimensions = 64, 128
**** cellSp[0] = 0.0981748,  cellSp[1] = 0.0490874
**** dimensions = 64, 128
**** cellSp[0] = 0.0981748,  cellSp[1] = 0.0490874
**** dimensions = 64, 128
**** cellSp[0] = 0.0981748,  cellSp[1] = 0.0490874
**** dimensions = 64, 128
**** cellSp[0] = 0.0981748,  cellSp[1] = 0.0490874
**** dimensions = 64, 128
Constructing slab geometry...
xmax = 0.02, ymax = 0.02
Bz_inner = 3, Bz_outer = 3
By_inner  = 0
**** cellSp[0] = 0.0981748,  cellSp[1] = 0.0490874
**** dimensions = 64, 128
Done constructing slab geometry
**** cellSp[0] = 0.0981748,  cellSp[1] = 0.0490874
**** dimensions = 64, 128
**** cellSp[0] = 0.0981748,  cellSp[1] = 0.0490874
**** dimensions = 64, 128
**** cellSp[0] = 0.0981748,  cellSp[1] = 0.0490874
**** dimensions = 64, 128
**** cellSp[0] = 0.0981748,  cellSp[1] = 0.0490874
**** dimensions = 64, 128
**** cellSp[0] = 0.0981748,  cellSp[1] = 0.0490874
**** dimensions = 64, 128
**** cellSp[0] = 0.0981748,  cellSp[1] = 0.0490874
**** dimensions = 64, 128
**** cellSp[0] = 0.0981748,  cellSp[1] = 0.0490874
**** dimensions = 64, 128
**** cellSp[0] = 0.0981748,  cellSp[1] = 0.0490874
**** dimensions = 64, 128
**** cellSp[0] = 0.0981748,  cellSp[1] = 0.0490874
**** dimensions = 64, 128
**** cellSp[0] = 0.0981748,  cellSp[1] = 0.0490874
**** dimensions = 64, 128
**** cellSp[0] = 0.0981748,  cellSp[1] = 0.0490874
**** dimensions = 64, 128
**** cellSp[0] = 0.0981748,  cellSp[1] = 0.0490874
**** dimensions = 64, 128
**** cellSp[0] = 0.0981748,  cellSp[1] = 0.0490874
**** dimensions = 64, 128
**** cellSp[0] = 0.0981748,  cellSp[1] = 0.0490874
**** dimensions = 64, 128
**** cellSp[0] = 0.0981748,  cellSp[1] = 0.0490874
**** dimensions = 64, 128
**** cellSp[0] = 0.0981748,  cellSp[1] = 0.0490874
**** dimensions = 64, 128
**** cellSp[0] = 0.0981748,  cellSp[1] = 0.0490874
**** dimensions = 64, 128
**** cellSp[0] = 0.0981748,  cellSp[1] = 0.0490874
**** dimensions = 64, 128
**** cellSp[0] = 0.0981748,  cellSp[1] = 0.0490874
**** dimensions = 64, 128
**** cellSp[0] = 0.0981748,  cellSp[1] = 0.0490874
**** dimensions = 64, 128
**** cellSp[0] = 0.0981748,  cellSp[1] = 0.0490874
**** dimensions = 64, 128
**** cellSp[0] = 0.0981748,  cellSp[1] = 0.0490874
**** dimensions = 64, 128
**** cellSp[0] = 0.0981748,  cellSp[1] = 0.0490874
**** dimensions = 64, 128
**** cellSp[0] = 0.0981748,  cellSp[1] = 0.0490874
**** dimensions = 64, 128
**** cellSp[0] = 0.0981748,  cellSp[1] = 0.0490874
**** dimensions = 64, 128
**** cellSp[0] = 0.0981748,  cellSp[1] = 0.0490874
**** dimensions = 64, 128
**** cellSp[0] = 0.0981748,  cellSp[1] = 0.0490874
**** dimensions = 64, 128
**** cellSp[0] = 0.0981748,  cellSp[1] = 0.0490874
**** dimensions = 64, 128
**** cellSp[0] = 0.0981748,  cellSp[1] = 0.0490874
**** dimensions = 64, 128
**** cellSp[0] = 0.0981748,  cellSp[1] = 0.0490874
**** dimensions = 64, 128
**** cellSp[0] = 0.0981748,  cellSp[1] = 0.0490874
**** dimensions = 64, 128
**** cellSp[0] = 0.0981748,  cellSp[1] = 0.0490874
**** dimensions = 64, 128
**** cellSp[0] = 0.0981748,  cellSp[1] = 0.0490874
**** dimensions = 64, 128
**** cellSp[0] = 0.0981748,  cellSp[1] = 0.0490874
**** dimensions = 64, 128
**** cellSp[0] = 0.0981748,  cellSp[1] = 0.0490874
**** dimensions = 64, 128
   Configuration space box ((0,0) (7,15) (0,0)) is assigned to process 0
   Configuration space box ((8,0) (15,15) (0,0)) is assigned to process 1
   Configuration space box ((16,0) (23,15) (0,0)) is assigned to process 2
   Configuration space box ((24,0) (31,15) (0,0)) is assigned to process 3
   Configuration space box ((32,0) (39,15) (0,0)) is assigned to process 4
   Configuration space box ((40,0) (47,15) (0,0)) is assigned to process 5
   Configuration space box ((48,0) (55,15) (0,0)) is assigned to process 6
   Configuration space box ((56,0) (63,15) (0,0)) is assigned to process 7
   Configuration space box ((0,16) (7,31) (0,0)) is assigned to process 8
   Configuration space box ((8,16) (15,31) (0,0)) is assigned to process 9
   Configuration space box ((16,16) (23,31) (0,0)) is assigned to process 10
   Configuration space box ((24,16) (31,31) (0,0)) is assigned to process 11
   Configuration space box ((32,16) (39,31) (0,0)) is assigned to process 12
   Configuration space box ((40,16) (47,31) (0,   Phase space box ((16,80,0,0) (23,95,31,31) (0,0,0,0)) is assigned to process 85, has 131072 valid cells and 483328 ghost cells
   Phase space box ((48,32,0,0) (55,47,31,31) (0,0,0,0)) is assigned to process 45, has 131072 valid cells and 483328 ghost cells
   Phase space box ((8,64,0,0) (15,79,31,31) (0,0,0,0)) is assigned to process 67, has 131072 valid cells and 483328 ghost cells
   Phase space box ((0,48,0,0) (7,63,31,31) (0,0,0,0)) is assigned to process 49, has 131072 valid cells and 483328 ghost cells
   Phase space box ((24,64,-32,0) (31,79,-1,31) (0,0,0,0)) is assigned to process 70, has 131072 valid cells and 483328 ghost cells
   Phase space box ((0,32,0,0) (7,47,31,31) (0,0,0,0)) is assigned to process 33, has 131072 valid cells and 483328 ghost cells
   Phase space box ((48,64,0,0) (55,79,31,31) (0,0,0,0)) is assigned to process 77, has 131072 valid cells and 483328 ghost cells
   Phase space box ((8,32,-32,0) (15,47,-1,31) (0,0,0,0)) is assigned to process 34, has 131072 valid cells and 483328 ghost cells
   Phase space box ((0,80,0,0) (7,95,31,31) (0,0,0,0)) is assigned to process 81, has 131072 valid cells and 483328 ghost cells
   Phase space box ((16,32,-32,0) (23,47,-1,31) (0,0,0,0)) is assigned to process 36, has 131072 valid cells and 483328 ghost cells
   Phase space box ((24,80,-32,0) (31,95,-1,31) (0,0,0,0)) is assigned to process 86, has 131072 valid cells and 483328 ghost cells
   Phase space box ((16,32,0,0) (23,47,31,31) (0,0,0,0)) is assigned to process 37, has 131072 valid cells and 483328 ghost cells
   Phase space box ((32,80,-32,0) (39,95,-1,31) (0,0,0,0)) is assigned to process 88, has 131072 valid cells and 483328 ghost cells
   Phase space box ((24,32,0,0) (31,47,31,31) (0,0,0,0)) is assigned to process 39, has 131072 valid cells and 483328 ghost cells
   Phase space box ((40,80,-32,0) (47,95,-1,31) (0,0,0,0)) is assigned to process 90, has 131072 valid cells and 483328 ghost cells
   Phase space box ((32,32,0,0) (39,47,31,31) (0,0,0,0)) is assigned to process 41, has 131072 valid cells and 483328 ghost cells
   Phase space box ((48,80,-32,0) (55,95,-1,31) (0,0,0,0)) is assigned to process 92, has 131072 valid cells and 483328 ghost cells
   Phase space box ((40,32,-32,0) (47,47,-1,31) (0,0,0,0)) is assigned to process 42, has 131072 valid cells and 483328 ghost cells
   Phase space box ((40,32,0,0) (47,47,31,31) (0,0,0,0)) is assigned to process 43, has 131072 valid cells and 483328 ghost cells
   Phase space box ((48,80,0,0) (55,95,31,31) (0,0,0,0)) is assigned to process 93, has 131072 valid cells and 483328 ghost cells
   Phase space box ((56,32,-32,0) (63,47,-1,31) (0,0,0,0)) is assigned to process 46, has 131072 valid cells and 483328 ghost cells
   Phase space box ((56,80,-32,0) (63,95,-1,31) (0,0,0,0)) is assigned to process 94, has 131072 valid cells and 483328 ghost cells
   Phase space box ((0,64,-32,0) (7,79,-1,31) (0,0,0,0)) is assigned to process 64, has 131072 valid cells and 483328 ghost cells
   Phase space box ((56,32,0,0) (63,47,31,31) (0,0,0,0)) is assigned to process 47, has 131072 valid cells and 483328 ghost cells
   Phase space box ((0,64,0,0) (7,79,31,31) (0,0,0,0)) is assigned to process 65, has 131072 valid cells and 483328 ghost cells
   Phase space box ((0,48,-32,0) (7,63,-1,31) (0,0,0,0)) is assigned to process 48, has 131072 valid cells and 483328 ghost cells
   Phase space box ((16,48,-32,0) (23,63,-1,31) (0,0,0,0)) is assigned to process 52, has 131072 valid cells and 483328 ghost cells
   Phase space box ((8,64,-32,0) (15,79,-1,31) (0,0,0,0)) is assigned to process 66, has 131072 valid cells and 483328 ghost cells
   Phase space box ((16,48,0,0) (23,63,31,31) (0,0,0,0)) is assigned to process 53, has 131072 valid cells and 483328 ghost cells
   Phase space box ((16,64,-32,0) (23,79,-1,31) (0,0,0,0)) is assigned to process 68, has 131072 valid cells and 483328 ghost cells
   Phase space box ((24,48,-32,0) (31,63,-1,31) (0,0,0,0)) is assigned to process 54, has 131072 valid cells and 483328 ghost cells
   Phase space box ((16,64,0,0) (23,79,31,31) (0,0,0,0)) is assigned to process 69, has 131072 valid cells and 483328 ghost cells
   Phase space box ((24,48,0,0) (31,63,31,31) (0,0,0,0)) is assigned to process 55, has 131072 valid cells and 483328 ghost cells
   Phase space box ((24,64,0,0) (31,79,31,31) (0,0,0,0)) is assigned to process 71, has 131072 valid cells and 483328 ghost cells
   Phase space box ((32,48,-32,0) (39,63,-1,31) (0,0,0,0)) is assigned to process 56, has 131072 valid cells and 483328 ghost cells
   Phase space box ((32,64,-32,0) (39,79,-1,31) (0,0,0,0)) is assigned to process 72, has 131072 valid cells and 483328 ghost cells
   Phase space box ((32,48,0,0) (39,63,31,31) (0,0,0,0)) is assigned to process 57, has 131072 valid cells and 483328 ghost cells
   Phase space box ((32,64,0,0) (39,79,31,31) (0,0,0,0)) is assigned to process 73, has 131072 valid cells and 483328 ghost cells
   Phase space box ((40,64,-32,0) (47,79,-1,31) (0,0,0,0)) is assigned to process 74, has 131072 valid cells and 483328 ghost cells
   Phase space box ((40,48,-32,0) (47,63,-1,31) (0,0,0,0)) is assigned to process 58, has 131072 valid cells and 483328 ghost cells
   Phase space box ((48,48,-32,0) (55,63,-1,31) (0,0,0,0)) is assigned to process 60, has 131072 valid cells and 483328 ghost cells
   Phase space box ((40,64,0,0) (47,79,31,31) (0,0,0,0)) is assigned to process 75, has 131072 valid cells and 483328 ghost cells
   Phase space box ((56,48,0,0) (63,63,31,31) (0,0,0,0)) is assigned to process 63, has 131072 valid cells and 483328 ghost cells
   Phase space box ((48,64,-32,0) (55,79,-1,31) (0,0,0,0)) is assigned to process 76, has 131072 valid cells and 483328 ghost cells
   Phase space box ((0,32,-32,0) (7,47,-1,31) (0,0,0,0)) is assigned to process 32, has 131072 valid cells and 483328 ghost cells
   Phase space box ((56,64,-32,0) (63,79,-1,31) (0,0,0,0)) is assigned to process 78, has 131072 valid cells and 483328 ghost cells
   Phase space box ((8,32,0,0) (15,47,31,31) (0,0,0,0)) is assigned to process 35, has 131072 valid cells and 483328 ghost cells
   Phase space box ((56,64,0,0) (63,79,31,31) (0,0,0,0)) is assigned to process 79, has 131072 valid cells and 483328 ghost cells
   Phase space box ((24,32,-32,0) (31,47,-1,31) (0,0,0,0)) is assigned to process 38, has 131072 valid cells and 483328 ghost cells
   Phase space box ((0,80,-32,0) (7,95,-1,31) (0,0,0,0)) is assigned to process 80, has 131072 valid cells and 483328 ghost cells
   Phase space box ((32,32,-32,0) (39,47,-1,31) (0,0,0,0)) is assigned to process 40, has 131072 valid cells and 483328 ghost cells
   Phase space box ((8,80,-32,0) (15,95,-1,31) (0,0,0,0)) is assigned to process 82, has 131072 valid cells and 483328 ghost cells
   Phase space box ((48,32,-32,0) (55,47,-1,31) (0,0,0,0)) is assigned to process 44, has 131072 valid cells and 483328 ghost cells
   Phase space box ((8,80,0,0) (15,95,31,31) (0,0,0,0)) is assigned to process 83, has 131072 valid cells and 483328 ghost cells
   Phase space box ((16,80,-32,0) (23,95,-1,31) (0,0,0,0)) is assigned to process 84, has 131072 valid cells and 483328 ghost cells
   Phase space box ((8,48,-32,0) (15,63,-1,31) (0,0,0,0)) is assigned to process 50, has 131072 valid cells and 483328 ghost cells
   Phase space box ((24,80,0,0) (31,95,31,31) (0,0,0,0)) is assigned to process 87, has 131072 valid cells and 483328 ghost cells
   Phase space box ((8,48,0,0) (15,63,31,31) (0,0,0,0)) is assigned to process 51, has 131072 valid cells and 483328 ghost cells
   Phase space box ((32,80,0,0) (39,95,31,31) (0,0,0,0)) is assigned to process 89, has 131072 valid cells and 483328 ghost cells
   Phase space box ((40,48,0,0) (47,63,31,31) (0,0,0,0)) is assigned to process 59, has 131072 valid cells and 483328 ghost cells
   Phase space box ((40,80,0,0) (47,95,31,31) (0,0,0,0)) is assigned to process 91, has 131072 valid cells and 483328 ghost cells
   Phase space box ((48,48,0,0) (55,63,31,31) (0,0,0,0)) is assigned to process 61, has 131072 valid cells and 483328 ghost cells
   Phase space box ((56,48,-32,0) (63,63,-1,31) (0,0,0,0)) is assigned to process 62, has 131072 valid cells and 483328 ghost cells
   Phase space box ((56,80,0,0) (63,95,31,31) (0,0,0,0)) is assigned to process 95, has 131072 valid cells and 483328 ghost cells
**** cellSp[0] = 0.0981748,  cellSp[1] = 0.0490874
**** dimensions = 64, 128
**** cellSp[0] = 0.0981748,  cellSp[1] = 0.0490874
**** dimensions = 64, 128
**** cellSp[0] = 0.0981748,  cellSp[1] = 0.0490874
**** dimensions = 64, 128
**** cellSp[0] = 0.0981748,  cellSp[1] = 0.0490874
**** dimensions = 64, 128
**** cellSp[0] = 0.0981748,  cellSp[1] = 0.0490874
**** dimensions = 64, 128
**** cellSp[0] = 0.0981748,  cellSp[1] = 0.0490874
**** dimensions = 64, 128
**** cellSp[0] = 0.0981748,  cellSp[1] = 0.0490874
**** dimensions = 64, 128
**** cellSp[0] = 0.0981748,  cellSp[1] = 0.0490874
**** dimensions = 64, 128
**** cellSp[0] = 0.0981748,  cellSp[1] = 0.0490874
**** dimensions = 64, 128
**** cellSp[0] = 0.0981748,  cellSp[1] = 0.0490874
**** dimensions = 64, 128
**** cellSp[0] = 0.0981748,  cellSp[1] = 0.0490874
**** dimensions = 64, 128
**** cellSp[0] = 0.0981748,  cellSp[1] = 0.0490874
**** dimensions = 64, 128
**** cellSp[0] = 0.0981748,  cellSp[1] = 0.0490874
**** dimensions = 64, 128
**** cellSp[0] = 0.0981748,  cellSp[1] = 0.0490874
**** dimensions = 64, 128
**** cellSp[0] = 0.0981748,  cellSp[1] = 0.0490874
**** dimensions = 64, 128
**** cellSp[0] = 0.0981748,  cellSp[1] = 0.0490874
**** dimensions = 64, 128
**** cellSp[0] = 0.0981748,  cellSp[1] = 0.0490874
**** dimensions = 64, 128
**** cellSp[0] = 0.0981748,  cellSp[1] = 0.0490874
**** dimensions = 64, 128
**** cellSp[0] = 0.0981748,  cellSp[1] = 0.0490874
**** dimensions = 64, 128
**** cellSp[0] = 0.0981748,  cellSp[1] = 0.0490874
**** dimensions = 64, 128
**** cellSp[0] = 0.0981748,  cellSp[1] = 0.0490874
**** dimensions = 64, 128
**** cellSp[0] = 0.0981748,  cellSp[1] = 0.0490874
**** dimensions = 64, 128
**** cellSp[0] = 0.0981748,  cellSp[1] = 0.0490874
**** dimensions = 64, 128
**** cellSp[0] = 0.0981748,  cellSp[1] = 0.0490874
**** dimensions = 64, 128
**** cellSp[0] = 0.0981748,  cellSp[1] = 0.0490874
**** dimensions = 64, 128
**** cellSp[0] = 0.0981748,  cellSp[1] = 0.0490874
**** dimensions = 64, 128
**** cellSp[0] = 0.0981748,  cellSp[1] = 0.0490874
**** dimensions = 64, 128
**** cellSp[0] = 0.0981748,  cellSp[1] = 0.0490874
**** dimensions = 64, 128
**** cellSp[0] = 0.0981748,  cellSp[1] = 0.0490874
**** dimensions = 64, 128
**** cellSp[0] = 0.0981748,  cellSp[1] = 0.0490874
**** dimensions = 64, 128
**** cellSp[0] = 0.0981748,  cellSp[1] = 0.0490874
**** dimensions = 64, 128
   Phase space box ((48,96,0,0) (55,111,31,31) (0,0,0,0)) is assigned to process 109, has 131072 valid cells and 483328 ghost cells
   Phase space box ((56,96,0,0) (63,111,31,31) (0,0,0,0)) is assigned to process 111, has 131072 valid cells and 483328 ghost cells
   Phase space box ((16,112,0,0) (23,127,31,31) (0,0,0,0)) is assigned to process 117, has 131072 valid cells and 483328 ghost cells
   Phase space box ((32,112,0,0) (39,127,31,31) (0,0,0,0)) is assigned to process 121, has 131072 valid cells and 483328 ghost cells
   Phase space box ((0,96,-32,0) (7,111,-1,31) (0,0,0,0)) is assigned to process 96, has 131072 valid cells and 483328 ghost cells
   Phase space box ((0,96,0,0) (7,111,31,31) (0,0,0,0)) is assigned to process 97, has 131072 valid cells and 483328 ghost cells
   Phase space box ((8,96,-32,0) (15,111,-1,31) (0,0,0,0)) is assigned to process 98, has 131072 valid cells and 483328 ghost cells
   Phase space box ((8,96,0,0) (15,111,31,31) (0,0,0,0)) is assigned to process 99, has 131072 valid cells and 483328 ghost cells
   Phase space box ((16,96,-32,0) (23,111,-1,31) (0,0,0,0)) is assigned to process 100, has 131072 valid cells and 483328 ghost cells
   Phase space box ((16,96,0,0) (23,111,31,31) (0,0,0,0)) is assigned to process 101, has 131072 valid cells and 483328 ghost cells
   Phase space box ((24,96,-32,0) (31,111,-1,31) (0,0,0,0)) is assigned to process 102, has 131072 valid cells and 483328 ghost cells
   Phase space box ((24,96,0,0) (31,111,31,31) (0,0,0,0)) is assigned to process 103, has 131072 valid cells and 483328 ghost cells
   Phase space box ((32,96,-32,0) (39,111,-1,31) (0,0,0,0)) is assigned to process 104, has 131072 valid cells and 483328 ghost cells
   Phase space box ((32,96,0,0) (39,111,31,31) (0,0,0,0)) is assigned to process 105, has 131072 valid cells and 483328 ghost cells
   Phase space box ((40,96,-32,0) (47,111,-1,31) (0,0,0,0)) is assigned to process 106, has 131072 valid cells and 483328 ghost cells
   Phase space box ((40,96,0,0) (47,111,31,31) (0,0,0,0)) is assigned to process 107, has 131072 valid cells and 483328 ghost cells
   Phase space box ((48,96,-32,0) (55,111,-1,31) (0,0,0,0)) is assigned to process 108, has 131072 valid cells and 483328 ghost cells
   Phase space box ((56,96,-32,0) (63,111,-1,31) (0,0,0,0)) is assigned to process 110, has 131072 valid cells and 483328 ghost cells
   Phase space box ((0,112,-32,0) (7,127,-1,31) (0,0,0,0)) is assigned to process 112, has 131072 valid cells and 483328 ghost cells
   Phase space box ((0,112,0,0) (7,127,31,31) (0,0,0,0)) is assigned to process 113, has 131072 valid cells and 483328 ghost cells
   Phase space box ((8,112,-32,0) (15,127,-1,31) (0,0,0,0)) is assigned to process 114, has 131072 valid cells and 483328 ghost cells
   Phase space box ((8,112,0,0) (15,127,31,31) (0,0,0,0)) is assigned to process 115, has 131072 valid cells and 483328 ghost cells
   Phase space box ((16,112,-32,0) (23,127,-1,31) (0,0,0,0)) is assigned to process 116, has 131072 valid cells and 483328 ghost cells
   Phase space box ((24,112,-32,0) (31,127,-1,31) (0,0,0,0)) is assigned to process 118, has 131072 valid cells and 483328 ghost cells
   Phase space box ((24,112,0,0) (31,127,31,31) (0,0,0,0)) is assigned to process 119, has 131072 valid cells and 483328 ghost cells
   Phase space box ((32,112,-32,0) (39,127,-1,31) (0,0,0,0)) is assigned to process 120, has 131072 valid cells and 483328 ghost cells
   Phase space box ((40,112,-32,0) (47,127,-1,31) (0,0,0,0)) is assigned to process 122, has 131072 valid cells and 483328 ghost cells
   Phase space box ((40,112,0,0) (47,127,31,31) (0,0,0,0)) is assigned to process 123, has 131072 valid cells and 483328 ghost cells
   Phase space box ((48,112,-32,0) (55,127,-1,31) (0,0,0,0)) is assigned to process 124, has 131072 valid cells and 483328 ghost cells
   Phase space box ((48,112,0,0) (55,127,31,31) (0,0,0,0)) is assigned to process 125, has 131072 valid cells and 483328 ghost cells
   Phase space box ((56,112,-32,0) (63,127,-1,31) (0,0,0,0)) is assigned to process 126, has 131072 valid cells and 483328 ghost cells
   Phase space box ((56,112,0,0) (63,127,31,31) (0,0,0,0)) is assigned to process 127, has 131072 valid cells and 483328 ghost cells
0)) is assigned to process 13
   Configuration space box ((48,16) (55,31) (0,0)) is assigned to process 14
   Configuration space box ((56,16) (63,31) (0,0)) is assigned to process 15
   Configuration space box ((0,32) (7,47) (0,0)) is assigned to process 16
   Configuration space box ((8,32) (15,47) (0,0)) is assigned to process 17
   Configuration space box ((16,32) (23,47) (0,0)) is assigned to process 18
   Configuration space box ((24,32) (31,47) (0,0)) is assigned to process 19
   Configuration space box ((32,32) (39,47) (0,0)) is assigned to process 20
   Configuration space box ((40,32) (47,47) (0,0)) is assigned to process 21
   Configuration space box ((48,32) (55,47) (0,0)) is assigned to process 22
   Configuration space box ((56,32) (63,47) (0,0)) is assigned to process 23
   Configuration space box ((0,48) (7,63) (0,0)) is assigned to process 24
   Configuration space box ((8,48) (15,63) (0,0)) is assigned to process 25
   Configuration space box ((16,48) (23,63) (0,0)) is assigned to process 26
   Configuration space box ((24,48) (31,63) (0,0)) is assigned to process 27
   Configuration space box ((32,48) (39,63) (0,0)) is assigned to process 28
   Configuration space box ((40,48) (47,63) (0,0)) is assigned to process 29
   Configuration space box ((48,48) (55,63) (0,0)) is assigned to process 30
   Configuration space box ((56,48) (63,63) (0,0)) is assigned to process 31
   Configuration space box ((0,64) (7,79) (0,0)) is assigned to process 32
   Configuration space box ((8,64) (15,79) (0,0)) is assigned to process 33
   Configuration space box ((16,64) (23,79) (0,0)) is assigned to process 34
   Configuration space box ((24,64) (31,79) (0,0)) is assigned to process 35
   Configuration space box ((32,64) (39,79) (0,0)) is assigned to process 36
   Configuration space box ((40,64) (47,79) (0,0)) is assigned to process 37
   Configuration space box ((48,64) (55,79) (0,0)) is assigned to process 38
   Configuration space box ((56,64) (63,79) (0,0)) is assigned to process 39
   Configuration space box ((0,80) (7,95) (0,0)) is assigned to process 40
   Configuration space box ((8,80) (15,95) (0,0)) is assigned to process 41
   Configuration space box ((16,80) (23,95) (0,0)) is assigned to process 42
   Configuration space box ((24,80) (31,95) (0,0)) is assigned to process 43
   Configuration space box ((32,80) (39,95) (0,0)) is assigned to process 44
   Configuration space box ((40,80) (47,95) (0,0)) is assigned to process 45
   Configuration space box ((48,80) (55,95) (0,0)) is assigned to process 46
   Configuration space box ((56,80) (63,95) (0,0)) is assigned to process 47
   Configuration space box ((0,96) (7,111) (0,0)) is assigned to process 48
   Configuration space box ((8,96) (15,111) (0,0)) is assigned to process 49
   Configuration space box ((16,96) (23,111) (0,0)) is assigned to process 50
   Configuration space box ((24,96) (31,111) (0,0)) is assigned to process 51
   Configuration space box ((32,96) (39,111) (0,0)) is assigned to process 52
   Configuration space box ((40,96) (47,111) (0,0)) is assigned to process 53
   Configuration space box ((48,96) (55,111) (0,0)) is assigned to process 54
   Configuration space box ((56,96) (63,111) (0,0)) is assigned to process 55
   Configuration space box ((0,112) (7,127) (0,0)) is assigned to process 56
   Configuration space box ((8,112) (15,127) (0,0)) is assigned to process 57
   Configuration space box ((16,112) (23,127) (0,0)) is assigned to process 58
   Configuration space box ((24,112) (31,127) (0,0)) is assigned to process 59
   Configuration space box ((32,112) (39,127) (0,0)) is assigned to process 60
   Configuration space box ((40,112) (47,127) (0,0)) is assigned to process 61
   Configuration space box ((48,112) (55,127) (0,0)) is assigned to process 62
   Configuration space box ((56,112) (63,127) (0,0)) is assigned to process 63
Constructing magnetic geometry
Done constructing magnetic geometry
   Velocity space box ((-32,0) (-25,7) (0,0)) is assigned to process 0
   Velocity space box ((-24,0) (-17,7) (0,0)) is assigned to process 1
   Velocity space box ((-16,0) (-9,7) (0,0)) is assigned to process 2
   Velocity space box ((-8,0) (-1,7) (0,0)) is assigned to process 3
   Velocity space box ((0,0) (7,7) (0,0)) is assigned to process 4
   Velocity space box ((8,0) (15,7) (0,0)) is assigned to process 5
   Velocity space box ((16,0) (23,7) (0,0)) is assigned to process 6
   Velocity space box ((24,0) (31,7) (0,0)) is assigned to process 7
   Velocity space box ((-32,8) (-25,15) (0,0)) is assigned to process 8
   Velocity space box ((-24,8) (-17,15) (0,0)) is assigned to process 9
   Velocity space box ((-16,8) (-9,15) (0,0)) is assigned to process 10
   Velocity space box ((-8,8) (-1,15) (0,0)) is assigned to process 11
   Velocity space box ((0,8) (7,15) (0,0)) is assigned to process 12
   Velocity space box ((8,8) (15,15) (0,0)) is assigned to process 13
   Velocity space box ((16,8) (23,15) (0,0)) is assigned to process 14
   Velocity space box ((24,8) (31,15) (0,0)) is assigned to process 15
   Velocity space box ((-32,16) (-25,23) (0,0)) is assigned to process 16
   Velocity space box ((-24,16) (-17,23) (0,0)) is assigned to process 17
   Velocity space box ((-16,16) (-9,23) (0,0)) is assigned to process 18
   Velocity space box ((-8,16) (-1,23) (0,0)) is assigned to process 19
   Velocity space box ((0,16) (7,23) (0,0)) is assigned to process 20
   Velocity space box ((8,16) (15,23) (0,0)) is assigned to process 21
   Velocity space box ((16,16) (23,23) (0,0)) is assigned to process 22
   Velocity space box ((24,16) (31,23) (0,0)) is assigned to process 23
   Velocity space box ((-32,24) (-25,31) (0,0)) is assigned to process 24
   Velocity space box ((-24,24) (-17,31) (0,0)) is assigned to process 25
   Velocity space box ((-16,24) (-9,31) (0,0)) is assigned to process 26
   Velocity space box ((-8,24) (-1,31) (0,0)) is assigned to process 27
   Velocity space box ((0,24) (7,31) (0,0)) is assigned to process 28
   Velocity space box ((8,24) (15,31) (0,0)) is assigned to process 29
   Velocity space box ((16,24) (23,31) (0,0)) is assigned to process 30
   Velocity space box ((24,24) (31,31) (0,0)) is assigned to process 31
   Phase space box ((24,0,-32,0) (31,15,-1,31) (0,0,0,0)) is assigned to process 6, has 131072 valid cells and 483328 ghost cells
   Phase space box ((48,0,-32,0) (55,15,-1,31) (0,0,0,0)) is assigned to process 12, has 131072 valid cells and 483328 ghost cells
   Phase space box ((16,16,0,0) (23,31,31,31) (0,0,0,0)) is assigned to process 21, has 131072 valid cells and 483328 ghost cells
   Phase space box ((40,16,-32,0) (47,31,-1,31) (0,0,0,0)) is assigned to process 26, has 131072 valid cells and 483328 ghost cells
   Phase space box ((8,0,-32,0) (15,15,-1,31) (0,0,0,0)) is assigned to process 2, has 131072 valid cells and 483328 ghost cells
   Phase space box ((8,0,0,0) (15,15,31,31) (0,0,0,0)) is assigned to process 3, has 131072 valid cells and 483328 ghost cells
   Phase space box ((16,0,-32,0) (23,15,-1,31) (0,0,0,0)) is assigned to process 4, has 131072 valid cells and 483328 ghost cells
   Phase space box ((16,0,0,0) (23,15,31,31) (0,0,0,0)) is assigned to process 5, has 131072 valid cells and 483328 ghost cells
   Phase space box ((32,0,-32,0) (39,15,-1,31) (0,0,0,0)) is assigned to process 8, has 131072 valid cells and 483328 ghost cells
   Phase space box ((32,0,0,0) (39,15,31,31) (0,0,0,0)) is assigned to process 9, has 131072 valid cells and 483328 ghost cells
   Phase space box ((40,0,-32,0) (47,15,-1,31) (0,0,0,0)) is assigned to process 10, has 131072 valid cells and 483328 ghost cells
   Phase space box ((40,0,0,0) (47,15,31,31) (0,0,0,0)) is assigned to process 11, has 131072 valid cells and 483328 ghost cells
   Phase space box ((48,0,0,0) (55,15,31,31) (0,0,0,0)) is assigned to process 13, has 131072 valid cells and 483328 ghost cells
   Phase space box ((56,0,-32,0) (63,15,-1,31) (0,0,0,0)) is assigned to process 14, has 131072 valid cells and 483328 ghost cells
   Phase space box ((56,0,0,0) (63,15,31,31) (0,0,0,0)) is assigned to process 15, has 131072 valid cells and 483328 ghost cells
   Phase space box ((0,16,-32,0) (7,31,-1,31) (0,0,0,0)) is assigned to process 16, has 131072 valid cells and 483328 ghost cells
   Phase space box ((0,16,0,0) (7,31,31,31) (0,0,0,0)) is assigned to process 17, has 131072 valid cells and 483328 ghost cells
   Phase space box ((8,16,-32,0) (15,31,-1,31) (0,0,0,0)) is assigned to process 18, has 131072 valid cells and 483328 ghost cells
   Phase space box ((8,16,0,0) (15,31,31,31) (0,0,0,0)) is assigned to process 19, has 131072 valid cells and 483328 ghost cells
   Phase space box ((16,16,-32,0) (23,31,-1,31) (0,0,0,0)) is assigned to process 20, has 131072 valid cells and 483328 ghost cells
   Phase space box ((24,16,-32,0) (31,31,-1,31) (0,0,0,0)) is assigned to process 22, has 131072 valid cells and 483328 ghost cells
   Phase space box ((24,16,0,0) (31,31,31,31) (0,0,0,0)) is assigned to process 23, has 131072 valid cells and 483328 ghost cells
   Phase space box ((32,16,-32,0) (39,31,-1,31) (0,0,0,0)) is assigned to process 24, has 131072 valid cells and 483328 ghost cells
   Phase space box ((32,16,0,0) (39,31,31,31) (0,0,0,0)) is assigned to process 25, has 131072 valid cells and 483328 ghost cells
   Phase space box ((40,16,0,0) (47,31,31,31) (0,0,0,0)) is assigned to process 27, has 131072 valid cells and 483328 ghost cells
   Phase space box ((48,16,-32,0) (55,31,-1,31) (0,0,0,0)) is assigned to process 28, has 131072 valid cells and 483328 ghost cells
   Phase space box ((48,16,0,0) (55,31,31,31) (0,0,0,0)) is assigned to process 29, has 131072 valid cells and 483328 ghost cells
   Phase space box ((56,16,-32,0) (63,31,-1,31) (0,0,0,0)) is assigned to process 30, has 131072 valid cells and 483328 ghost cells
   Phase space box ((56,16,0,0) (63,31,31,31) (0,0,0,0)) is assigned to process 31, has 131072 valid cells and 483328 ghost cells
   Phase space box ((0,0,-32,0) (7,15,-1,31) (0,0,0,0)) is assigned to process 0, has 131072 valid cells and 483328 ghost cells
   Phase space box ((0,0,0,0) (7,15,31,31) (0,0,0,0)) is assigned to process 1, has 131072 valid cells and 483328 ghost cells
   Phase space box ((24,0,0,0) (31,15,31,31) (0,0,0,0)) is assigned to process 7, has 131072 valid cells and 483328 ghost cells
Adding species and constructing gyrocenter coordinates...
   hydrogen: kinetic species with mass = 2, charge = 1
Done adding species and constructing coordinates

Grid Function Library =========================

"Ion_vpar_grid_func":
Constant grid function parameters:
  value: 0

"N0_0_grid_func":
Arbitrary grid function parameters:
  function: (  1.0-0.05*tanh((x-pi)/(2*pi*5.0*0.02)) )

"N0_grid_func":
Arbitrary grid function parameters:
  function: (  1.0-0.05*tanh((x-pi)/(2*pi*5.0*0.02)) )*(1+0.00001*cos(2*y)*exp(-(x-pi)^2/(2*pi*0.001/0.02 ) )  )

"T0_0_grid_func":
Cosine grid function parameters:
  constant: 1
  amplitude: 0
  mode: (1,0)
  phase: (0,0)

"T0_grid_func":
Cosine grid function parameters:
  constant: 1
  amplitude: 0
  mode: (1,0)
  phase: (0,0)

"zero_grid_func":
Constant grid function parameters:
  value: 0

===============================================

Kinetic Function Library =========================

"maxwellian_0_phase_func":
Maxwellian kinetic function parameters:
-- Density --
Arbitrary grid function parameters:
  function: (  1.0-0.05*tanh((x-pi)/(2*pi*5.0*0.02)) )

-- Temperature --
Cosine grid function parameters:
  constant: 1
  amplitude: 0
  mode: (1,0)
  phase: (0,0)

-- Vparallel --
Constant grid function parameters:
  value: 0


"maxwellian_phase_func":
Maxwellian kinetic function parameters:
-- Density --
Arbitrary grid function parameters:
  function: (  1.0-0.05*tanh((x-pi)/(2*pi*5.0*0.02)) )*(1+0.00001*cos(2*y)*exp(-(x-pi)^2/(2*pi*0.001/0.02 ) )  )

-- Temperature --
Cosine grid function parameters:
  constant: 1
  amplitude: 0
  mode: (1,0)
  phase: (0,0)

-- Vparallel --
Constant grid function parameters:
  value: 0


==================================================

SlabPotentialBC ================================
- variable: potential-------------
  radial_lower: 
     bc_type  = 1
     bc_value = 0
  radial_upper: 
     bc_type  = 1
     bc_value = 0
  poloidal_lower: 
     bc_type  = 1
     bc_value = 0
  poloidal_upper: 
     bc_type  = 1
     bc_value = 0
-----------------------------------------------
===============================================

SlabPhaseBC ================================
- variable: hydrogen-------------
  radial_lower: 
Maxwellian kinetic function parameters:
-- Density --
Arbitrary grid function parameters:
  function: (  1.0-0.05*tanh((x-pi)/(2*pi*5.0*0.02)) )*(1+0.00001*cos(2*y)*exp(-(x-pi)^2/(2*pi*0.001/0.02 ) )  )

-- Temperature --
Cosine grid function parameters:
  constant: 1
  amplitude: 0
  mode: (1,0)
  phase: (0,0)

-- Vparallel --
Constant grid function parameters:
  value: 0


  radial_upper: 
Maxwellian kinetic function parameters:
-- Density --
Arbitrary grid function parameters:
  function: (  1.0-0.05*tanh((x-pi)/(2*pi*5.0*0.02)) )*(1+0.00001*cos(2*y)*exp(-(x-pi)^2/(2*pi*0.001/0.02 ) )  )

-- Temperature --
Cosine grid function parameters:
  constant: 1
  amplitude: 0
  mode: (1,0)
  phase: (0,0)

-- Vparallel --
Constant grid function parameters:
  value: 0


  poloidal_lower: 
Maxwellian kinetic function parameters:
-- Density --
Arbitrary grid function parameters:
  function: (  1.0-0.05*tanh((x-pi)/(2*pi*5.0*0.02)) )*(1+0.00001*cos(2*y)*exp(-(x-pi)^2/(2*pi*0.001/0.02 ) )  )

-- Temperature --
Cosine grid function parameters:
  constant: 1
  amplitude: 0
  mode: (1,0)
  phase: (0,0)

-- Vparallel --
Constant grid function parameters:
  value: 0


  poloidal_upper: 
Maxwellian kinetic function parameters:
-- Density --
Arbitrary grid function parameters:
  function: (  1.0-0.05*tanh((x-pi)/(2*pi*5.0*0.02)) )*(1+0.00001*cos(2*y)*exp(-(x-pi)^2/(2*pi*0.001/0.02 ) )  )

-- Temperature --
Cosine grid function parameters:
  constant: 1
  amplitude: 0
  mode: (1,0)
  phase: (0,0)

-- Vparallel --
Constant grid function parameters:
  value: 0


  vpar_lower: 
Maxwellian kinetic function parameters:
-- Density --
Arbitrary grid function parameters:
  function: (  1.0-0.05*tanh((x-pi)/(2*pi*5.0*0.02)) )*(1+0.00001*cos(2*y)*exp(-(x-pi)^2/(2*pi*0.001/0.02 ) )  )

-- Temperature --
Cosine grid function parameters:
  constant: 1
  amplitude: 0
  mode: (1,0)
  phase: (0,0)

-- Vparallel --
Constant grid function parameters:
  value: 0


  vpar_upper: 
Maxwellian kinetic function parameters:
-- Density --
Arbitrary grid function parameters:
  function: (  1.0-0.05*tanh((x-pi)/(2*pi*5.0*0.02)) )*(1+0.00001*cos(2*y)*exp(-(x-pi)^2/(2*pi*0.001/0.02 ) )  )

-- Temperature --
Cosine grid function parameters:
  constant: 1
  amplitude: 0
  mode: (1,0)
  phase: (0,0)

-- Vparallel --
Constant grid function parameters:
  value: 0


  mu_lower: 
Maxwellian kinetic function parameters:
-- Density --
Arbitrary grid function parameters:
  function: (  1.0-0.05*tanh((x-pi)/(2*pi*5.0*0.02)) )*(1+0.00001*cos(2*y)*exp(-(x-pi)^2/(2*pi*0.001/0.02 ) )  )

-- Temperature --
Cosine grid function parameters:
  constant: 1
  amplitude: 0
  mode: (1,0)
  phase: (0,0)

-- Vparallel --
Constant grid function parameters:
  value: 0


  mu_upper: 
Maxwellian kinetic function parameters:
-- Density --
Arbitrary grid function parameters:
  function: (  1.0-0.05*tanh((x-pi)/(2*pi*5.0*0.02)) )*(1+0.00001*cos(2*y)*exp(-(x-pi)^2/(2*pi*0.001/0.02 ) )  )

-- Temperature --
Cosine grid function parameters:
  constant: 1
  amplitude: 0
  mode: (1,0)
  phase: (0,0)

-- Vparallel --
Constant grid function parameters:
  value: 0


-----------------------------------------------
===============================================
No collision model specified for hydrogen.
Collision model for 0	hydrogen:	None
Time integration method: rk (4)
      AMG solver residual = 0.00236783 after 3 iterations
      AMG solver residual = 0.00165918 after 3 iterations
      AMG solver residual = 0.00794985 after 1 iterations
  Distribution Function Extrema:
    Species 0:	1.71437e-05 [max]	3.68295e-10 [min]


Step 1
      AMG solver residual = 0.00818715 after 1 iterations
  --
  Subiteration:1 of 1
      AMG solver residual = 0.0083614 after 1 iterations
      AMG solver residual = 0.00205643 after 3 iterations
      AMG solver residual = 0.00187869 after 3 iterations
      AMG solver residual = 0.00994818 after 1 iterations
      AMG solver residual = 0.00233748 after 3 iterations
      AMG solver residual = 0.00165176 after 3 iterations
      AMG solver residual = 0.00206358 after 3 iterations
      AMG solver residual = 0.00186557 after 3 iterations
      AMG solver residual = 0.00990896 after 1 iterations
  ----
  dt: 0.05
    Vlasov    : 286.927 (time scale), 0.00017426 (CFL)
  ----
  Distribution Function Extrema:
    Species 0:	1.71437e-05 [max]	3.68295e-10 [min]

Step 1 completed, simulation time is 0.05
----

Step 2
      AMG solver residual = 0.00204763 after 3 iterations
      AMG solver residual = 0.00847668 after 2 iterations
  --
  Subiteration:1 of 1
      AMG solver residual = 0.00948055 after 1 iterations
      AMG solver residual = 0.00207235 after 3 iterations
      AMG solver residual = 0.00185169 after 3 iterations
      AMG solver residual = 0.00986033 after 1 iterations
      AMG solver residual = 0.00232066 after 3 iterations
      AMG solver residual = 0.00167244 after 3 iterations
      AMG solver residual = 0.00208277 after 3 iterations
      AMG solver residual = 0.00183643 after 3 iterations
      AMG solver residual = 0.00979458 after 1 iterations
  ----
  dt: 0.05
    Vlasov    : 285.726 (time scale), 0.000174993 (CFL)
  ----
  Distribution Function Extrema:
    Species 0:	1.71437e-05 [max]	3.68295e-10 [min]

Step 2 completed, simulation time is 0.1
----

Step 3
      AMG solver residual = 0.00206327 after 3 iterations
      AMG solver residual = 0.00839684 after 2 iterations
  --
  Subiteration:1 of 1
      AMG solver residual = 0.00938871 after 1 iterations
      AMG solver residual = 0.0020945 after 3 iterations
      AMG solver residual = 0.00182084 after 3 iterations
      AMG solver residual = 0.00972227 after 1 iterations
      AMG solver residual = 0.002298 after 3 iterations
      AMG solver residual = 0.00169754 after 3 iterations
      AMG solver residual = 0.00210754 after 3 iterations
      AMG solver residual = 0.00180419 after 3 iterations
      AMG solver residual = 0.00963423 after 1 iterations
  ----
  dt: 0.05
    Vlasov    : 284.491 (time scale), 0.000175753 (CFL)
  ----
  Distribution Function Extrema:
    Species 0:	1.71437e-05 [max]	3.68295e-10 [min]

Step 3 completed, simulation time is 0.15
----

Step 4
      AMG solver residual = 0.00208558 after 3 iterations
      AMG solver residual = 0.0082787 after 2 iterations
  --
  Subiteration:1 of 1
      AMG solver residual = 0.00923706 after 1 iterations
      AMG solver residual = 0.00212151 after 3 iterations
      AMG solver residual = 0.00178769 after 3 iterations
      AMG solver residual = 0.00954354 after 1 iterations
      AMG solver residual = 0.00227045 after 3 iterations
      AMG solver residual = 0.00172588 after 3 iterations
      AMG solver residual = 0.00213639 after 3 iterations
      AMG solver residual = 0.00177047 after 3 iterations
      AMG solver residual = 0.00943922 after 1 iterations
  ----
  dt: 0.05
    Vlasov    : 283.285 (time scale), 0.000176501 (CFL)
  ----
  Distribution Function Extrema:
    Species 0:	1.71437e-05 [max]	3.68295e-10 [min]

Step 4 completed, simulation time is 0.2
----

Step 5
      AMG solver residual = 0.00211326 after 3 iterations
      AMG solver residual = 0.00813089 after 2 iterations
  --
  Subiteration:1 of 1
      AMG solver residual = 0.00907931 after 1 iterations
      AMG solver residual = 0.00215181 after 3 iterations
      AMG solver residual = 0.00175385 after 3 iterations
      AMG solver residual = 0.00933598 after 1 iterations
      AMG solver residual = 0.00223921 after 3 iterations
      AMG solver residual = 0.00175613 after 3 iterations
      AMG solver residual = 0.0021677 after 3 iterations
      AMG solver residual = 0.00173686 after 3 iterations
      AMG solver residual = 0.00922155 after 1 iterations
  ----
  dt: 0.05
    Vlasov    : 282.114 (time scale), 0.000177233 (CFL)
  ----
  Distribution Function Extrema:
    Species 0:	1.71437e-05 [max]	3.68295e-10 [min]

Step 5 completed, simulation time is 0.25
----

Step 6
      AMG solver residual = 0.00214482 after 3 iterations
      AMG solver residual = 0.00796306 after 2 iterations
  --
  Subiteration:1 of 1
      AMG solver residual = 0.00888932 after 1 iterations
      AMG solver residual = 0.00218372 after 3 iterations
      AMG solver residual = 0.00172088 after 3 iterations
      AMG solver residual = 0.00911167 after 1 iterations
      AMG solver residual = 0.00220568 after 3 iterations
      AMG solver residual = 0.00178699 after 3 iterations
      AMG solver residual = 0.00219977 after 3 iterations
      AMG solver residual = 0.00170487 after 3 iterations
      AMG solver residual = 0.00899311 after 1 iterations
  ----
  dt: 0.05
    Vlasov    : 280.983 (time scale), 0.000177947 (CFL)
  ----
  Distribution Function Extrema:
    Species 0:	1.71437e-05 [max]	3.68295e-10 [min]

Step 6 completed, simulation time is 0.3
----

Step 7
      AMG solver residual = 0.00217853 after 3 iterations
      AMG solver residual = 0.00778418 after 2 iterations
  --
  Subiteration:1 of 1
      AMG solver residual = 0.00871876 after 1 iterations
      AMG solver residual = 0.00221555 after 3 iterations
      AMG solver residual = 0.00169022 after 3 iterations
      AMG solver residual = 0.00888198 after 1 iterations
      AMG solver residual = 0.00217141 after 3 iterations
      AMG solver residual = 0.00181679 after 3 iterations
      AMG solver residual = 0.00223095 after 3 iterations
      AMG solver residual = 0.00167586 after 3 iterations
      AMG solver residual = 0.00876469 after 1 iterations
  ----
  dt: 0.05
    Vlasov    : 279.896 (time scale), 0.000178638 (CFL)
  ----
  Distribution Function Extrema:
    Species 0:	1.71437e-05 [max]	3.68295e-10 [min]

Step 7 completed, simulation time is 0.35
----

Step 8
      AMG solver residual = 0.00221267 after 3 iterations
      AMG solver residual = 0.00760266 after 2 iterations
  --
  Subiteration:1 of 1
      AMG solver residual = 0.00852565 after 1 iterations
      AMG solver residual = 0.00224572 after 3 iterations
      AMG solver residual = 0.00166314 after 3 iterations
      AMG solver residual = 0.0086571 after 1 iterations
      AMG solver residual = 0.00213808 after 3 iterations
      AMG solver residual = 0.00184412 after 3 iterations
      AMG solver residual = 0.00225972 after 3 iterations
      AMG solver residual = 0.001651 after 3 iterations
      AMG solver residual = 0.00854587 after 1 iterations
  ----
  dt: 0.05
    Vlasov    : 278.822 (time scale), 0.000179326 (CFL)
  ----
  Distribution Function Extrema:
    Species 0:	1.71437e-05 [max]	3.68295e-10 [min]

Step 8 completed, simulation time is 0.4
----

Step 9
      AMG solver residual = 0.00224561 after 3 iterations
      AMG solver residual = 0.00742923 after 2 iterations
  --
  Subiteration:1 of 1
      AMG solver residual = 0.00835958 after 1 iterations
      AMG solver residual = 0.00227278 after 3 iterations
      AMG solver residual = 0.00164073 after 3 iterations
      AMG solver residual = 0.00844602 after 1 iterations
      AMG solver residual = 0.00210738 after 3 iterations
      AMG solver residual = 0.00186745 after 3 iterations
      AMG solver residual = 0.00228472 after 3 iterations
      AMG solver residual = 0.00163129 after 3 iterations
      AMG solver residual = 0.0083448 after 1 iterations
  ----
  dt: 0.05
    Vlasov    : 277.527 (time scale), 0.000180163 (CFL)
  ----
  Distribution Function Extrema:
    Species 0:	1.71437e-05 [max]	3.68295e-10 [min]

Step 9 completed, simulation time is 0.45
----

Step 10
      AMG solver residual = 0.00227581 after 3 iterations
      AMG solver residual = 0.00726969 after 2 iterations
  --
  Subiteration:1 of 1
      AMG solver residual = 0.00822138 after 1 iterations
      AMG solver residual = 0.00229547 after 3 iterations
      AMG solver residual = 0.00162386 after 3 iterations
      AMG solver residual = 0.00825617 after 1 iterations
      AMG solver residual = 0.00208093 after 3 iterations
      AMG solver residual = 0.00188553 after 3 iterations
      AMG solver residual = 0.00230481 after 3 iterations
      AMG solver residual = 0.00161748 after 3 iterations
      AMG solver residual = 0.0081685 after 1 iterations
  ----
  dt: 0.05
    Vlasov    : 276.303 (time scale), 0.000180961 (CFL)
  ----
  Distribution Function Extrema:
    Species 0:	1.71437e-05 [max]	3.68295e-10 [min]

Step 10 completed, simulation time is 0.5
----
Writing checkpoint file
Writing history file

Step 11
      AMG solver residual = 0.00230194 after 3 iterations
      AMG solver residual = 0.00713304 after 2 iterations
  --
  Subiteration:1 of 1
      AMG solver residual = 0.00808293 after 1 iterations
      AMG solver residual = 0.00231278 after 3 iterations
      AMG solver residual = 0.00161316 after 3 iterations
      AMG solver residual = 0.00809408 after 1 iterations
      AMG solver residual = 0.0020602 after 3 iterations
      AMG solver residual = 0.00189725 after 3 iterations
      AMG solver residual = 0.00231913 after 3 iterations
      AMG solver residual = 0.00161006 after 3 iterations
      AMG solver residual = 0.00802261 after 1 iterations
  ----
  dt: 0.05
    Vlasov    : 275.152 (time scale), 0.000181718 (CFL)
  ----
  Distribution Function Extrema:
    Species 0:	1.71437e-05 [max]	3.68295e-10 [min]

Step 11 completed, simulation time is 0.55
----

Step 12
      AMG solver residual = 0.00232289 after 3 iterations
      AMG solver residual = 0.00702415 after 2 iterations
  --
  Subiteration:1 of 1
      AMG solver residual = 0.00800827 after 1 iterations
      AMG solver residual = 0.00232397 after 3 iterations
      AMG solver residual = 0.00160902 after 3 iterations
      AMG solver residual = 0.00796486 after 1 iterations
      AMG solver residual = 0.00204637 after 3 iterations
      AMG solver residual = 0.00190195 after 3 iterations
      AMG solver residual = 0.00232703 after 3 iterations
      AMG solver residual = 0.00160929 after 3 iterations
      AMG solver residual = 0.00791192 after 1 iterations
  ----
  dt: 0.05
    Vlasov    : 274.079 (time scale), 0.000182429 (CFL)
  ----
  Distribution Function Extrema:
    Species 0:	1.71437e-05 [max]	3.68295e-10 [min]

Step 12 completed, simulation time is 0.6
----

Step 13
      AMG solver residual = 0.00233774 after 3 iterations
      AMG solver residual = 0.00694165 after 2 iterations
  --
  Subiteration:1 of 1
      AMG solver residual = 0.00794039 after 1 iterations
      AMG solver residual = 0.00232855 after 3 iterations
      AMG solver residual = 0.00161155 after 3 iterations
      AMG solver residual = 0.00787291 after 1 iterations
      AMG solver residual = 0.00204022 after 3 iterations
      AMG solver residual = 0.00189926 after 3 iterations
      AMG solver residual = 0.0023282 after 3 iterations
      AMG solver residual = 0.00161516 after 3 iterations
      AMG solver residual = 0.00784034 after 1 iterations
  ----
  dt: 0.05
    Vlasov    : 273.087 (time scale), 0.000183092 (CFL)
  ----
  Distribution Function Extrema:
    Species 0:	1.71437e-05 [max]	3.68295e-10 [min]

Step 13 completed, simulation time is 0.65
----

Step 14
      AMG solver residual = 0.00234595 after 3 iterations
      AMG solver residual = 0.00690081 after 2 iterations
  --
  Subiteration:1 of 1
      AMG solver residual = 0.00790296 after 1 iterations
      AMG solver residual = 0.00232632 after 3 iterations
      AMG solver residual = 0.0016206 after 3 iterations
      AMG solver residual = 0.00782141 after 1 iterations
      AMG solver residual = 0.0020421 after 3 iterations
      AMG solver residual = 0.00188927 after 3 iterations
      AMG solver residual = 0.00232256 after 3 iterations
      AMG solver residual = 0.00162736 after 3 iterations
      AMG solver residual = 0.00781055 after 1 iterations
  ----
  dt: 0.05
    Vlasov    : 272.179 (time scale), 0.000183703 (CFL)
  ----
  Distribution Function Extrema:
    Species 0:	1.71437e-05 [max]	3.68295e-10 [min]

Step 14 completed, simulation time is 0.7
----

Step 15
      AMG solver residual = 0.00234718 after 3 iterations
      AMG solver residual = 0.00689388 after 2 iterations
  --
  Subiteration:1 of 1
      AMG solver residual = 0.00789597 after 1 iterations
      AMG solver residual = 0.00231736 after 3 iterations
      AMG solver residual = 0.00163575 after 3 iterations
      AMG solver residual = 0.00781285 after 1 iterations
      AMG solver residual = 0.00205188 after 3 iterations
      AMG solver residual = 0.00187284 after 3 iterations
      AMG solver residual = 0.00231034 after 3 iterations
      AMG solver residual = 0.00164537 after 3 iterations
      AMG solver residual = 0.00782442 after 1 iterations
  ----
  dt: 0.05
    Vlasov    : 271.358 (time scale), 0.000184258 (CFL)
  ----
  Distribution Function Extrema:
    Species 0:	1.71437e-05 [max]	3.68295e-10 [min]

Step 15 completed, simulation time is 0.75
----

Step 16
      AMG solver residual = 0.00234138 after 3 iterations
      AMG solver residual = 0.00691873 after 2 iterations
  --
  Subiteration:1 of 1
      AMG solver residual = 0.00792768 after 1 iterations
      AMG solver residual = 0.00230203 after 3 iterations
      AMG solver residual = 0.00165635 after 3 iterations
      AMG solver residual = 0.0078482 after 1 iterations
      AMG solver residual = 0.00206895 after 3 iterations
      AMG solver residual = 0.0018507 after 3 iterations
      AMG solver residual = 0.00229204 after 3 iterations
      AMG solver residual = 0.00166841 after 3 iterations
      AMG solver residual = 0.00788254 after 1 iterations
  ----
  dt: 0.05
    Vlasov    : 270.352 (time scale), 0.000184944 (CFL)
  ----
  Distribution Function Extrema:
    Species 0:	1.71437e-05 [max]	3.68295e-10 [min]

Step 16 completed, simulation time is 0.8
----

Step 17
      AMG solver residual = 0.00232878 after 3 iterations
      AMG solver residual = 0.00697274 after 2 iterations
  --
  Subiteration:1 of 1
      AMG solver residual = 0.00799065 after 1 iterations
      AMG solver residual = 0.00228098 after 3 iterations
      AMG solver residual = 0.0016815 after 3 iterations
      AMG solver residual = 0.00792781 after 1 iterations
      AMG solver residual = 0.0020923 after 3 iterations
      AMG solver residual = 0.00182405 after 3 iterations
      AMG solver residual = 0.00226844 after 3 iterations
      AMG solver residual = 0.00169547 after 3 iterations
      AMG solver residual = 0.00798411 after 1 iterations
  ----
  dt: 0.05
    Vlasov    : 269.142 (time scale), 0.000185776 (CFL)
  ----
  Distribution Function Extrema:
    Species 0:	1.71437e-05 [max]	3.68295e-10 [min]

Step 17 completed, simulation time is 0.85
----

Step 18
      AMG solver residual = 0.00230988 after 3 iterations
      AMG solver residual = 0.00706116 after 2 iterations
  --
  Subiteration:1 of 1
      AMG solver residual = 0.008082 after 1 iterations
      AMG solver residual = 0.00225511 after 3 iterations
      AMG solver residual = 0.00171009 after 3 iterations
      AMG solver residual = 0.00805003 after 1 iterations
      AMG solver residual = 0.00212055 after 3 iterations
      AMG solver residual = 0.00179463 after 3 iterations
      AMG solver residual = 0.00224056 after 3 iterations
      AMG solver residual = 0.00172532 after 3 iterations
      AMG solver residual = 0.00812692 after 1 iterations
  ----
  dt: 0.05
    Vlasov    : 268.055 (time scale), 0.000186529 (CFL)
  ----
  Distribution Function Extrema:
    Species 0:	1.71437e-05 [max]	3.68295e-10 [min]

Step 18 completed, simulation time is 0.9
----

Step 19
      AMG solver residual = 0.00228542 after 3 iterations
      AMG solver residual = 0.0071835 after 2 iterations
  --
  Subiteration:1 of 1
      AMG solver residual = 0.00820078 after 1 iterations
      AMG solver residual = 0.00222555 after 3 iterations
      AMG solver residual = 0.00174083 after 3 iterations
      AMG solver residual = 0.00821138 after 1 iterations
      AMG solver residual = 0.00215214 after 3 iterations
      AMG solver residual = 0.00176381 after 3 iterations
      AMG solver residual = 0.00220965 after 3 iterations
      AMG solver residual = 0.0017566 after 3 iterations
      AMG solver residual = 0.00830654 after 1 iterations
  ----
  dt: 0.05
    Vlasov    : 267.092 (time scale), 0.000187201 (CFL)
  ----
  Distribution Function Extrema:
    Species 0:	1.71437e-05 [max]	3.68295e-10 [min]

Step 19 completed, simulation time is 0.95
----

Step 20
      AMG solver residual = 0.00225646 after 3 iterations
      AMG solver residual = 0.00732501 after 2 iterations
  --
  Subiteration:1 of 1
      AMG solver residual = 0.00835206 after 1 iterations
      AMG solver residual = 0.00219366 after 3 iterations
      AMG solver residual = 0.00177225 after 3 iterations
      AMG solver residual = 0.00840689 after 1 iterations
      AMG solver residual = 0.00218539 after 3 iterations
      AMG solver residual = 0.0017331 after 3 iterations
      AMG solver residual = 0.00217717 after 3 iterations
      AMG solver residual = 0.00178782 after 3 iterations
      AMG solver residual = 0.00851674 after 1 iterations
  ----
  dt: 0.05
    Vlasov    : 266.255 (time scale), 0.00018779 (CFL)
  ----
  Distribution Function Extrema:
    Species 0:	1.71437e-05 [max]	3.68295e-10 [min]

Step 20 completed, simulation time is 1
----
Writing checkpoint file
Writing history file

Step 21
      AMG solver residual = 0.00222429 after 3 iterations
      AMG solver residual = 0.00747878 after 2 iterations
  --
  Subiteration:1 of 1
      AMG solver residual = 0.00851756 after 1 iterations
      AMG solver residual = 0.00216096 after 3 iterations
      AMG solver residual = 0.00180286 after 3 iterations
      AMG solver residual = 0.00862898 after 1 iterations
      AMG solver residual = 0.00221861 after 3 iterations
      AMG solver residual = 0.00170369 after 3 iterations
      AMG solver residual = 0.00214468 after 3 iterations
      AMG solver residual = 0.00181742 after 3 iterations
      AMG solver residual = 0.00874885 after 1 iterations
  ----
  dt: 0.05
    Vlasov    : 265.545 (time scale), 0.000188292 (CFL)
  ----
  Distribution Function Extrema:
    Species 0:	1.71437e-05 [max]	3.68295e-10 [min]

Step 21 completed, simulation time is 1.05
----

Step 22
      AMG solver residual = 0.00219038 after 3 iterations
      AMG solver residual = 0.00765568 after 2 iterations
  --
  Subiteration:1 of 1
      AMG solver residual = 0.0086981 after 1 iterations
      AMG solver residual = 0.00212908 after 3 iterations
      AMG solver residual = 0.00183108 after 3 iterations
      AMG solver residual = 0.00886787 after 1 iterations
      AMG solver residual = 0.00225019 after 3 iterations
      AMG solver residual = 0.00167696 after 3 iterations
      AMG solver residual = 0.00211385 after 3 iterations
      AMG solver residual = 0.00184387 after 3 iterations
      AMG solver residual = 0.00899181 after 1 iterations
  ----
  dt: 0.05
    Vlasov    : 264.962 (time scale), 0.000188706 (CFL)
  ----
  Distribution Function Extrema:
    Species 0:	1.71437e-05 [max]	3.68295e-10 [min]

Step 22 completed, simulation time is 1.1
----

Step 23
      AMG solver residual = 0.00215632 after 3 iterations
      AMG solver residual = 0.00783323 after 2 iterations
  --
  Subiteration:1 of 1
      AMG solver residual = 0.00887069 after 1 iterations
      AMG solver residual = 0.00209969 after 3 iterations
      AMG solver residual = 0.00185541 after 3 iterations
      AMG solver residual = 0.00911155 after 1 iterations
      AMG solver residual = 0.00227866 after 3 iterations
      AMG solver residual = 0.00165424 after 3 iterations
      AMG solver residual = 0.00208634 after 3 iterations
      AMG solver residual = 0.0018657 after 3 iterations
      AMG solver residual = 0.00923275 after 1 iterations
  ----
  dt: 0.05
    Vlasov    : 264.507 (time scale), 0.000189031 (CFL)
  ----
  Distribution Function Extrema:
    Species 0:	1.71437e-05 [max]	3.68295e-10 [min]

Step 23 completed, simulation time is 1.15
----

Step 24
      AMG solver residual = 0.00212378 after 3 iterations
      AMG solver residual = 0.00800346 after 2 iterations
  --
  Subiteration:1 of 1
      AMG solver residual = 0.00905081 after 1 iterations
      AMG solver residual = 0.00207439 after 3 iterations
      AMG solver residual = 0.00187448 after 3 iterations
      AMG solver residual = 0.00934632 after 1 iterations
      AMG solver residual = 0.00230275 after 3 iterations
      AMG solver residual = 0.00163646 after 3 iterations
      AMG solver residual = 0.00206366 after 3 iterations
      AMG solver residual = 0.00188169 after 3 iterations
      AMG solver residual = 0.00945731 after 1 iterations
  ----
  dt: 0.05
    Vlasov    : 264.182 (time scale), 0.000189263 (CFL)
  ----
  Distribution Function Extrema:
    Species 0:	1.71437e-05 [max]	3.68295e-10 [min]

Step 24 completed, simulation time is 1.2
----

Step 25
      AMG solver residual = 0.00209449 after 3 iterations
      AMG solver residual = 0.00816065 after 2 iterations
  --
  Subiteration:1 of 1
      AMG solver residual = 0.00923115 after 1 iterations
      AMG solver residual = 0.00205463 after 3 iterations
      AMG solver residual = 0.00188723 after 3 iterations
      AMG solver residual = 0.00955765 after 1 iterations
      AMG solver residual = 0.00232142 after 3 iterations
      AMG solver residual = 0.0016243 after 3 iterations
      AMG solver residual = 0.00204716 after 3 iterations
      AMG solver residual = 0.00189092 after 3 iterations
      AMG solver residual = 0.00965111 after 1 iterations
  ----
  dt: 0.05
    Vlasov    : 263.987 (time scale), 0.000189404 (CFL)
  ----
  Distribution Function Extrema:
    Species 0:	1.71437e-05 [max]	3.68295e-10 [min]

Step 25 completed, simulation time is 1.25
----

Step 26
      AMG solver residual = 0.00207004 after 3 iterations
      AMG solver residual = 0.00829885 after 2 iterations
  --
  Subiteration:1 of 1
      AMG solver residual = 0.00936978 after 1 iterations
      AMG solver residual = 0.00204158 after 3 iterations
      AMG solver residual = 0.00189292 after 3 iterations
      AMG solver residual = 0.00973146 after 1 iterations
      AMG solver residual = 0.00233387 after 3 iterations
      AMG solver residual = 0.00161829 after 3 iterations
      AMG solver residual = 0.00203782 after 3 iterations
      AMG solver residual = 0.00189291 after 3 iterations
      AMG solver residual = 0.00980092 after 1 iterations
  ----
  dt: 0.05
    Vlasov    : 263.922 (time scale), 0.00018945 (CFL)
  ----
  Distribution Function Extrema:
    Species 0:	1.71437e-05 [max]	3.68295e-10 [min]

Step 26 completed, simulation time is 1.3
----

Step 27
      AMG solver residual = 0.00205184 after 3 iterations
      AMG solver residual = 0.00840611 after 2 iterations
  --
  Subiteration:1 of 1
      AMG solver residual = 0.00947449 after 1 iterations
      AMG solver residual = 0.00203605 after 3 iterations
      AMG solver residual = 0.00189128 after 3 iterations
      AMG solver residual = 0.00985581 after 1 iterations
      AMG solver residual = 0.00233959 after 3 iterations
      AMG solver residual = 0.00161859 after 3 iterations
      AMG solver residual = 0.00203623 after 3 iterations
      AMG solver residual = 0.00188759 after 3 iterations
      AMG solver residual = 0.00989656 after 1 iterations
  ----
  dt: 0.05
    Vlasov    : 263.988 (time scale), 0.000189403 (CFL)
  ----
  Distribution Function Extrema:
    Species 0:	1.71437e-05 [max]	3.68295e-10 [min]

Step 27 completed, simulation time is 1.35
----

Step 28
      AMG solver residual = 0.00204095 after 3 iterations
      AMG solver residual = 0.00847418 after 2 iterations
  --
  Subiteration:1 of 1
      AMG solver residual = 0.00952474 after 1 iterations
      AMG solver residual = 0.00203839 after 3 iterations
      AMG solver residual = 0.00188248 after 3 iterations
      AMG solver residual = 0.00992267 after 1 iterations
      AMG solver residual = 0.00233834 after 3 iterations
      AMG solver residual = 0.00162528 after 3 iterations
      AMG solver residual = 0.00204253 after 3 iterations
      AMG solver residual = 0.00187537 after 3 iterations
      AMG solver residual = 0.00993214 after 1 iterations
  ----
  dt: 0.05
    Vlasov    : 264.133 (time scale), 0.000189299 (CFL)
  ----
  Distribution Function Extrema:
    Species 0:	1.71437e-05 [max]	3.68295e-10 [min]

Step 28 completed, simulation time is 1.4
----

Step 29
      AMG solver residual = 0.00203798 after 3 iterations
      AMG solver residual = 0.00849921 after 2 iterations
  --
  Subiteration:1 of 1
      AMG solver residual = 0.00955261 after 1 iterations
      AMG solver residual = 0.00204851 after 3 iterations
      AMG solver residual = 0.00186715 after 3 iterations
      AMG solver residual = 0.00992852 after 1 iterations
      AMG solver residual = 0.00233015 after 3 iterations
      AMG solver residual = 0.00163779 after 3 iterations
      AMG solver residual = 0.00205637 after 3 iterations
      AMG solver residual = 0.00185709 after 3 iterations
      AMG solver residual = 0.00990722 after 1 iterations
  ----
  dt: 0.05
    Vlasov    : 264.289 (time scale), 0.000189187 (CFL)
  ----
  Distribution Function Extrema:
    Species 0:	1.71437e-05 [max]	3.68295e-10 [min]

Step 29 completed, simulation time is 1.45
----

Step 30
      AMG solver residual = 0.00204314 after 3 iterations
      AMG solver residual = 0.00844336 after 2 iterations
  --
  Subiteration:1 of 1
      AMG solver residual = 0.00948716 after 1 iterations
      AMG solver residual = 0.00206582 after 3 iterations
      AMG solver residual = 0.00184624 after 3 iterations
      AMG solver residual = 0.00987489 after 1 iterations
      AMG solver residual = 0.00231535 after 3 iterations
      AMG solver residual = 0.00165588 after 3 iterations
      AMG solver residual = 0.00207695 after 3 iterations
      AMG solver residual = 0.0018338 after 3 iterations
      AMG solver residual = 0.00982514 after 1 iterations
  ----
  dt: 0.05
    Vlasov    : 264.574 (time scale), 0.000188983 (CFL)
  ----
  Distribution Function Extrema:
    Species 0:	1.71437e-05 [max]	3.68295e-10 [min]

Step 30 completed, simulation time is 1.5
----
Writing checkpoint file
Writing history file

Step 31
      AMG solver residual = 0.00205613 after 3 iterations
      AMG solver residual = 0.00841383 after 2 iterations
  --
  Subiteration:1 of 1
      AMG solver residual = 0.00941838 after 1 iterations
      AMG solver residual = 0.00208934 after 3 iterations
      AMG solver residual = 0.001821 after 3 iterations
      AMG solver residual = 0.00976791 after 1 iterations
      AMG solver residual = 0.00229453 after 3 iterations
      AMG solver residual = 0.00167857 after 3 iterations
      AMG solver residual = 0.00210311 after 3 iterations
      AMG solver residual = 0.00180688 after 3 iterations
      AMG solver residual = 0.00969419 after 1 iterations
  ----
  dt: 0.05
    Vlasov    : 264.985 (time scale), 0.00018869 (CFL)
  ----
  Distribution Function Extrema:
    Species 0:	1.71437e-05 [max]	3.68295e-10 [min]

Step 31 completed, simulation time is 1.55
----

Step 32
      AMG solver residual = 0.00207618 after 3 iterations
      AMG solver residual = 0.00830866 after 2 iterations
  --
  Subiteration:1 of 1
      AMG solver residual = 0.00929352 after 1 iterations
      AMG solver residual = 0.00211775 after 3 iterations
      AMG solver residual = 0.00179279 after 3 iterations
      AMG solver residual = 0.00961666 after 1 iterations
      AMG solver residual = 0.00226856 after 3 iterations
      AMG solver residual = 0.00170491 after 3 iterations
      AMG solver residual = 0.00213341 after 3 iterations
      AMG solver residual = 0.00177773 after 3 iterations
      AMG solver residual = 0.00952469 after 1 iterations
  ----
  dt: 0.05
    Vlasov    : 265.522 (time scale), 0.000188309 (CFL)
  ----
  Distribution Function Extrema:
    Species 0:	1.71437e-05 [max]	3.68295e-10 [min]

Step 32 completed, simulation time is 1.6
----

Step 33
      AMG solver residual = 0.00210215 after 3 iterations
      AMG solver residual = 0.00816909 after 2 iterations
  --
  Subiteration:1 of 1
      AMG solver residual = 0.00911317 after 1 iterations
      AMG solver residual = 0.00214953 after 3 iterations
      AMG solver residual = 0.00176308 after 3 iterations
      AMG solver residual = 0.00943236 after 1 iterations
      AMG solver residual = 0.00223855 after 3 iterations
      AMG solver residual = 0.00173378 after 3 iterations
      AMG solver residual = 0.00216626 after 3 iterations
      AMG solver residual = 0.0017478 after 3 iterations
      AMG solver residual = 0.00932806 after 1 iterations
  ----
  dt: 0.05
    Vlasov    : 266.181 (time scale), 0.000187842 (CFL)
  ----
  Distribution Function Extrema:
    Species 0:	1.71437e-05 [max]	3.68295e-10 [min]

Step 33 completed, simulation time is 1.65
----

Step 34
      AMG solver residual = 0.00213258 after 3 iterations
      AMG solver residual = 0.00800713 after 2 iterations
  --
  Subiteration:1 of 1
      AMG solver residual = 0.00895999 after 1 iterations
      AMG solver residual = 0.00218302 after 3 iterations
      AMG solver residual = 0.00173329 after 3 iterations
      AMG solver residual = 0.00922673 after 1 iterations
      AMG solver residual = 0.00220584 after 3 iterations
      AMG solver residual = 0.0017639 after 3 iterations
      AMG solver residual = 0.00219997 after 3 iterations
      AMG solver residual = 0.00171851 after 3 iterations
      AMG solver residual = 0.00911588 after 1 iterations
  ----
  dt: 0.05
    Vlasov    : 266.961 (time scale), 0.000187293 (CFL)
  ----
  Distribution Function Extrema:
    Species 0:	1.71437e-05 [max]	3.68295e-10 [min]

Step 34 completed, simulation time is 1.7
----

Step 35
      AMG solver residual = 0.00216581 after 3 iterations
      AMG solver residual = 0.00783401 after 2 iterations
  --
  Subiteration:1 of 1
      AMG solver residual = 0.00878821 after 1 iterations
      AMG solver residual = 0.00221655 after 3 iterations
      AMG solver residual = 0.00170482 after 3 iterations
      AMG solver residual = 0.00901076 after 1 iterations
      AMG solver residual = 0.00217196 after 3 iterations
      AMG solver residual = 0.00179386 after 3 iterations
      AMG solver residual = 0.00223291 after 3 iterations
      AMG solver residual = 0.00169119 after 3 iterations
      AMG solver residual = 0.00889864 after 1 iterations
  ----
  dt: 0.05
    Vlasov    : 267.861 (time scale), 0.000186664 (CFL)
  ----
  Distribution Function Extrema:
    Species 0:	1.71437e-05 [max]	3.68295e-10 [min]

Step 35 completed, simulation time is 1.75
----

Step 36
      AMG solver residual = 0.00220014 after 3 iterations
      AMG solver residual = 0.00765478 after 2 iterations
  --
  Subiteration:1 of 1
      AMG solver residual = 0.00860148 after 1 iterations
      AMG solver residual = 0.00224852 after 3 iterations
      AMG solver residual = 0.00167892 after 3 iterations
      AMG solver residual = 0.00879448 after 1 iterations
      AMG solver residual = 0.00213856 after 3 iterations
      AMG solver residual = 0.00182218 after 3 iterations
      AMG solver residual = 0.00226353 after 3 iterations
      AMG solver residual = 0.00166704 after 3 iterations
      AMG solver residual = 0.00868586 after 1 iterations
  ----
  dt: 0.05
    Vlasov    : 268.877 (time scale), 0.000185959 (CFL)
  ----
  Distribution Function Extrema:
    Species 0:	1.71437e-05 [max]	3.68295e-10 [min]

Step 36 completed, simulation time is 1.8
----

Step 37
      AMG solver residual = 0.00223388 after 3 iterations
      AMG solver residual = 0.00747396 after 2 iterations
  --
  Subiteration:1 of 1
      AMG solver residual = 0.00843315 after 1 iterations
      AMG solver residual = 0.00227747 after 3 iterations
      AMG solver residual = 0.00165674 after 3 iterations
      AMG solver residual = 0.00858682 after 1 iterations
      AMG solver residual = 0.00210734 after 3 iterations
      AMG solver residual = 0.00184731 after 3 iterations
      AMG solver residual = 0.00229045 after 3 iterations
      AMG solver residual = 0.00164713 after 3 iterations
      AMG solver residual = 0.00848562 after 1 iterations
  ----
  dt: 0.05
    Vlasov    : 269.821 (time scale), 0.000185308 (CFL)
  ----
  Distribution Function Extrema:
    Species 0:	1.71437e-05 [max]	3.68295e-10 [min]

Step 37 completed, simulation time is 1.85
----

Step 38
      AMG solver residual = 0.00226548 after 3 iterations
      AMG solver residual = 0.00731237 after 2 iterations
  --
  Subiteration:1 of 1
      AMG solver residual = 0.00828631 after 1 iterations
      AMG solver residual = 0.00230211 after 3 iterations
      AMG solver residual = 0.00163925 after 3 iterations
      AMG solver residual = 0.00839536 after 1 iterations
      AMG solver residual = 0.00207998 after 3 iterations
      AMG solver residual = 0.001868 after 3 iterations
      AMG solver residual = 0.0023125 after 3 iterations
      AMG solver residual = 0.00163232 after 3 iterations
      AMG solver residual = 0.00830509 after 1 iterations
  ----
  dt: 0.05
    Vlasov    : 269.483 (time scale), 0.000185541 (CFL)
  ----
  Distribution Function Extrema:
    Species 0:	1.71437e-05 [max]	3.68295e-10 [min]

Step 38 completed, simulation time is 1.9
----

Step 39
      AMG solver residual = 0.00229354 after 3 iterations
      AMG solver residual = 0.00716967 after 2 iterations
  --
  Subiteration:1 of 1
      AMG solver residual = 0.00815292 after 1 iterations
      AMG solver residual = 0.00232138 after 3 iterations
      AMG solver residual = 0.00162721 after 3 iterations
      AMG solver residual = 0.00822653 after 1 iterations
      AMG solver residual = 0.00205803 after 3 iterations
      AMG solver residual = 0.00188301 after 3 iterations
      AMG solver residual = 0.00232875 after 3 iterations
      AMG solver residual = 0.00162325 after 3 iterations
      AMG solver residual = 0.0081501 after 1 iterations
  ----
  dt: 0.05
    Vlasov    : 269.235 (time scale), 0.000185711 (CFL)
  ----
  Distribution Function Extrema:
    Species 0:	1.71437e-05 [max]	3.68295e-10 [min]

Step 39 completed, simulation time is 1.95
----

Step 40
      AMG solver residual = 0.0023168 after 3 iterations
      AMG solver residual = 0.0070505 after 2 iterations
  --
  Subiteration:1 of 1
      AMG solver residual = 0.00805142 after 1 iterations
      AMG solver residual = 0.00233447 after 3 iterations
      AMG solver residual = 0.00162115 after 3 iterations
      AMG solver residual = 0.00808589 after 1 iterations
      AMG solver residual = 0.00204277 after 3 iterations
      AMG solver residual = 0.00189144 after 3 iterations
      AMG solver residual = 0.0023385 after 3 iterations
      AMG solver residual = 0.00162033 after 3 iterations
      AMG solver residual = 0.00802576 after 1 iterations
  ----
  dt: 0.05
    Vlasov    : 269.08 (time scale), 0.000185818 (CFL)
  ----
  Distribution Function Extrema:
    Species 0:	1.71437e-05 [max]	3.68295e-10 [min]

Step 40 completed, simulation time is 2
----
Writing checkpoint file
Writing history file

Step 41
      AMG solver residual = 0.00233428 after 3 iterations
      AMG solver residual = 0.00695941 after 2 iterations
  --
  Subiteration:1 of 1
      AMG solver residual = 0.00796269 after 1 iterations
      AMG solver residual = 0.00234083 after 3 iterations
      AMG solver residual = 0.00162133 after 3 iterations
      AMG solver residual = 0.00797809 after 1 iterations
      AMG solver residual = 0.00203514 after 3 iterations
      AMG solver residual = 0.00189285 after 3 iterations
      AMG solver residual = 0.00234135 after 3 iterations
      AMG solver residual = 0.0016237 after 3 iterations
      AMG solver residual = 0.00793625 after 1 iterations
  ----
  dt: 0.05
    Vlasov    : 269.019 (time scale), 0.00018586 (CFL)
  ----
  Distribution Function Extrema:
    Species 0:	1.71437e-05 [max]	3.68295e-10 [min]

Step 41 completed, simulation time is 2.05
----

Step 42
      AMG solver residual = 0.00234528 after 3 iterations
      AMG solver residual = 0.00690362 after 2 iterations
  --
  Subiteration:1 of 1
      AMG solver residual = 0.00791228 after 1 iterations
      AMG solver residual = 0.00234018 after 3 iterations
      AMG solver residual = 0.00162778 after 3 iterations
      AMG solver residual = 0.007907 after 1 iterations
      AMG solver residual = 0.00203563 after 3 iterations
      AMG solver residual = 0.00188714 after 3 iterations
      AMG solver residual = 0.00233716 after 3 iterations
      AMG solver residual = 0.00163324 after 3 iterations
      AMG solver residual = 0.0078852 after 1 iterations
  ----
  dt: 0.05
    Vlasov    : 269.044 (time scale), 0.000185843 (CFL)
  ----
  Distribution Function Extrema:
    Species 0:	1.71437e-05 [max]	3.68295e-10 [min]

Step 42 completed, simulation time is 2.1
----

Step 43
      AMG solver residual = 0.00234936 after 3 iterations
      AMG solver residual = 0.00688295 after 2 iterations
  --
  Subiteration:1 of 1
      AMG solver residual = 0.00789352 after 1 iterations
      AMG solver residual = 0.00233253 after 3 iterations
      AMG solver residual = 0.00164023 after 3 iterations
      AMG solver residual = 0.00787558 after 1 iterations
      AMG solver residual = 0.00204425 after 3 iterations
      AMG solver residual = 0.00187482 after 3 iterations
      AMG solver residual = 0.00232608 after 3 iterations
      AMG solver residual = 0.00164856 after 3 iterations
      AMG solver residual = 0.00787496 after 1 iterations
  ----
  dt: 0.05
    Vlasov    : 268.945 (time scale), 0.000185912 (CFL)
  ----
  Distribution Function Extrema:
    Species 0:	1.71437e-05 [max]	3.68295e-10 [min]

Step 43 completed, simulation time is 2.15
----

Step 44
      AMG solver residual = 0.00234637 after 3 iterations
      AMG solver residual = 0.00689466 after 2 iterations
  --
  Subiteration:1 of 1
      AMG solver residual = 0.00792147 after 1 iterations
      AMG solver residual = 0.00231816 after 3 iterations
      AMG solver residual = 0.0016582 after 3 iterations
      AMG solver residual = 0.00788611 after 1 iterations
      AMG solver residual = 0.00206053 after 3 iterations
      AMG solver residual = 0.0018565 after 3 iterations
      AMG solver residual = 0.00230853 after 3 iterations
      AMG solver residual = 0.00166905 after 3 iterations
      AMG solver residual = 0.0079073 after 1 iterations
  ----
  dt: 0.05
    Vlasov    : 268.944 (time scale), 0.000185912 (CFL)
  ----
  Distribution Function Extrema:
    Species 0:	1.71437e-05 [max]	3.68295e-10 [min]

Step 44 completed, simulation time is 2.2
----

Step 45
      AMG solver residual = 0.00233642 after 3 iterations
      AMG solver residual = 0.00694217 after 2 iterations
  --
  Subiteration:1 of 1
      AMG solver residual = 0.00796338 after 1 iterations
      AMG solver residual = 0.00229764 after 3 iterations
      AMG solver residual = 0.00168092 after 3 iterations
      AMG solver residual = 0.00793949 after 1 iterations
      AMG solver residual = 0.00208353 after 3 iterations
      AMG solver residual = 0.00183332 after 3 iterations
      AMG solver residual = 0.00228521 after 3 iterations
      AMG solver residual = 0.00169384 after 3 iterations
      AMG solver residual = 0.00798272 after 1 iterations
  ----
  dt: 0.05
    Vlasov    : 269.043 (time scale), 0.000185844 (CFL)
  ----
  Distribution Function Extrema:
    Species 0:	1.71437e-05 [max]	3.68295e-10 [min]

Step 45 completed, simulation time is 2.25
----

Step 46
      AMG solver residual = 0.00231987 after 3 iterations
      AMG solver residual = 0.00701676 after 2 iterations
  --
  Subiteration:1 of 1
      AMG solver residual = 0.00804104 after 1 iterations
      AMG solver residual = 0.0022718 after 3 iterations
      AMG solver residual = 0.00170746 after 3 iterations
      AMG solver residual = 0.00803554 after 1 iterations
      AMG solver residual = 0.00211198 after 3 iterations
      AMG solver residual = 0.00180672 after 3 iterations
      AMG solver residual = 0.00225708 after 3 iterations
      AMG solver residual = 0.00172188 after 3 iterations
      AMG solver residual = 0.00809992 after 1 iterations
  ----
  dt: 0.05
    Vlasov    : 269.241 (time scale), 0.000185707 (CFL)
  ----
  Distribution Function Extrema:
    Species 0:	1.71437e-05 [max]	3.68295e-10 [min]

Step 46 completed, simulation time is 2.3
----

Step 47
      AMG solver residual = 0.00229738 after 3 iterations
      AMG solver residual = 0.00712966 after 2 iterations
  --
  Subiteration:1 of 1
      AMG solver residual = 0.00815662 after 1 iterations
      AMG solver residual = 0.00224172 after 3 iterations
      AMG solver residual = 0.00173664 after 3 iterations
      AMG solver residual = 0.00817239 after 1 iterations
      AMG solver residual = 0.00214435 after 3 iterations
      AMG solver residual = 0.00177776 after 3 iterations
      AMG solver residual = 0.00222535 after 3 iterations
      AMG solver residual = 0.00175193 after 3 iterations
      AMG solver residual = 0.00825626 after 1 iterations
  ----
  dt: 0.05
    Vlasov    : 269.241 (time scale), 0.000185707 (CFL)
  ----
  Distribution Function Extrema:
    Species 0:	1.71437e-05 [max]	3.68295e-10 [min]

Step 47 completed, simulation time is 2.35
----

Step 48
      AMG solver residual = 0.0022699 after 3 iterations
      AMG solver residual = 0.00726203 after 2 iterations
  --
  Subiteration:1 of 1
      AMG solver residual = 0.00829454 after 1 iterations
      AMG solver residual = 0.00220872 after 3 iterations
      AMG solver residual = 0.00176716 after 3 iterations
      AMG solver residual = 0.00834627 after 1 iterations
      AMG solver residual = 0.00217896 after 3 iterations
      AMG solver residual = 0.00174821 after 3 iterations
      AMG solver residual = 0.00219145 after 3 iterations
      AMG solver residual = 0.00178256 after 3 iterations
      AMG solver residual = 0.0084469 after 1 iterations
  ----
  dt: 0.05
    Vlasov    : 269.06 (time scale), 0.000185832 (CFL)
  ----
  Distribution Function Extrema:
    Species 0:	1.71437e-05 [max]	3.68295e-10 [min]

Step 48 completed, simulation time is 2.4
----

Step 49
      AMG solver residual = 0.00223864 after 3 iterations
      AMG solver residual = 0.00741618 after 2 iterations
  --
  Subiteration:1 of 1
      AMG solver residual = 0.0084501 after 1 iterations
      AMG solver residual = 0.00217432 after 3 iterations
      AMG solver residual = 0.00179752 after 3 iterations
      AMG solver residual = 0.00855125 after 1 iterations
      AMG solver residual = 0.0022141 after 3 iterations
      AMG solver residual = 0.00171919 after 3 iterations
      AMG solver residual = 0.00215696 after 3 iterations
      AMG solver residual = 0.00181227 after 3 iterations
      AMG solver residual = 0.00866473 after 1 iterations
  ----
  dt: 0.05
    Vlasov    : 268.994 (time scale), 0.000185878 (CFL)
  ----
  Distribution Function Extrema:
    Species 0:	1.71437e-05 [max]	3.68295e-10 [min]

Step 49 completed, simulation time is 2.45
----

Step 50
      AMG solver residual = 0.00220497 after 3 iterations
      AMG solver residual = 0.00758356 after 2 iterations
  --
  Subiteration:1 of 1
      AMG solver residual = 0.00863339 after 1 iterations
      AMG solver residual = 0.00214018 after 3 iterations
      AMG solver residual = 0.00182619 after 3 iterations
      AMG solver residual = 0.00877905 after 1 iterations
      AMG solver residual = 0.00224811 after 3 iterations
      AMG solver residual = 0.00169252 after 3 iterations
      AMG solver residual = 0.00212361 after 3 iterations
      AMG solver residual = 0.00183951 after 3 iterations
      AMG solver residual = 0.00890011 after 1 iterations
  ----
  dt: 0.05
    Vlasov    : 269.042 (time scale), 0.000185845 (CFL)
  ----
  Distribution Function Extrema:
    Species 0:	1.71437e-05 [max]	3.68295e-10 [min]

Step 50 completed, simulation time is 2.5
----
Writing checkpoint file
Writing history file

Step 51
      AMG solver residual = 0.00217046 after 3 iterations
      AMG solver residual = 0.00776299 after 2 iterations
  --
  Subiteration:1 of 1
      AMG solver residual = 0.00880034 after 1 iterations
      AMG solver residual = 0.00210803 after 3 iterations
      AMG solver residual = 0.00185164 after 3 iterations
      AMG solver residual = 0.00901866 after 1 iterations
      AMG solver residual = 0.00227945 after 3 iterations
      AMG solver residual = 0.00166892 after 3 iterations
      AMG solver residual = 0.00209312 after 3 iterations
      AMG solver residual = 0.00186278 after 3 iterations
      AMG solver residual = 0.00914102 after 1 iterations
  ----
  dt: 0.05
    Vlasov    : 269.201 (time scale), 0.000185735 (CFL)
  ----
  Distribution Function Extrema:
    Species 0:	1.71437e-05 [max]	3.68295e-10 [min]

Step 51 completed, simulation time is 2.55
----

Step 52
      AMG solver residual = 0.00213677 after 3 iterations
      AMG solver residual = 0.00794036 after 2 iterations
  --
  Subiteration:1 of 1
      AMG solver residual = 0.00898652 after 1 iterations
      AMG solver residual = 0.0020796 after 3 iterations
      AMG solver residual = 0.00187246 after 3 iterations
      AMG solver residual = 0.00925725 after 1 iterations
      AMG solver residual = 0.00230674 after 3 iterations
      AMG solver residual = 0.00164978 after 3 iterations
      AMG solver residual = 0.00206719 after 3 iterations
      AMG solver residual = 0.00188078 after 3 iterations
      AMG solver residual = 0.00937329 after 1 iterations
  ----
  dt: 0.05
    Vlasov    : 269.469 (time scale), 0.00018555 (CFL)
  ----
  Distribution Function Extrema:
    Species 0:	1.71437e-05 [max]	3.68295e-10 [min]

Step 52 completed, simulation time is 2.6
----

Step 53
      AMG solver residual = 0.00210563 after 3 iterations
      AMG solver residual = 0.00810742 after 2 iterations
  --
  Subiteration:1 of 1
      AMG solver residual = 0.00915745 after 1 iterations
      AMG solver residual = 0.00205651 after 3 iterations
      AMG solver residual = 0.00188745 after 3 iterations
      AMG solver residual = 0.00947992 after 1 iterations
      AMG solver residual = 0.00232884 after 3 iterations
      AMG solver residual = 0.00163569 after 3 iterations
      AMG solver residual = 0.00204732 after 3 iterations
      AMG solver residual = 0.00189246 after 3 iterations
      AMG solver residual = 0.00958209 after 1 iterations
  ----
  dt: 0.05
    Vlasov    : 269.844 (time scale), 0.000185292 (CFL)
  ----
  Distribution Function Extrema:
    Species 0:	1.71437e-05 [max]	3.68295e-10 [min]

Step 53 completed, simulation time is 2.65
----

Step 54
      AMG solver residual = 0.00207872 after 3 iterations
      AMG solver residual = 0.00825103 after 2 iterations
  --
  Subiteration:1 of 1
      AMG solver residual = 0.00931502 after 1 iterations
      AMG solver residual = 0.00204013 after 3 iterations
      AMG solver residual = 0.00189574 after 3 iterations
      AMG solver residual = 0.00967198 after 1 iterations
      AMG solver residual = 0.00234485 after 3 iterations
      AMG solver residual = 0.00162754 after 3 iterations
      AMG solver residual = 0.00203474 after 3 iterations
      AMG solver residual = 0.00189716 after 3 iterations
      AMG solver residual = 0.00975298 after 1 iterations
  ----
  dt: 0.05
    Vlasov    : 270.323 (time scale), 0.000184964 (CFL)
  ----
  Distribution Function Extrema:
    Species 0:	1.71437e-05 [max]	3.68295e-10 [min]

Step 54 completed, simulation time is 2.7
----

Step 55
      AMG solver residual = 0.00205757 after 3 iterations
      AMG solver residual = 0.008381 after 2 iterations
  --
  Subiteration:1 of 1
      AMG solver residual = 0.00943563 after 1 iterations
      AMG solver residual = 0.0020315 after 3 iterations
      AMG solver residual = 0.00189689 after 3 iterations
      AMG solver residual = 0.00981983 after 1 iterations
      AMG solver residual = 0.00235412 after 3 iterations
      AMG solver residual = 0.00162542 after 3 iterations
      AMG solver residual = 0.00203027 after 3 iterations
      AMG solver residual = 0.00189464 after 3 iterations
      AMG solver residual = 0.00987392 after 1 iterations
  ----
  dt: 0.05
    Vlasov    : 270.904 (time scale), 0.000184567 (CFL)
  ----
  Distribution Function Extrema:
    Species 0:	1.71437e-05 [max]	3.68295e-10 [min]

Step 55 completed, simulation time is 2.75
----

Step 56
      AMG solver residual = 0.00204336 after 3 iterations
      AMG solver residual = 0.00846853 after 2 iterations
  --
  Subiteration:1 of 1
      AMG solver residual = 0.00951664 after 1 iterations
      AMG solver residual = 0.00203122 after 3 iterations
      AMG solver residual = 0.00189087 after 3 iterations
      AMG solver residual = 0.00991312 after 1 iterations
      AMG solver residual = 0.00235629 after 3 iterations
      AMG solver residual = 0.00162953 after 3 iterations
      AMG solver residual = 0.00203427 after 3 iterations
      AMG solver residual = 0.00188514 after 3 iterations
      AMG solver residual = 0.00993665 after 1 iterations
  ----
  dt: 0.05
    Vlasov    : 271.584 (time scale), 0.000184105 (CFL)
  ----
  Distribution Function Extrema:
    Species 0:	1.71437e-05 [max]	3.68295e-10 [min]

Step 56 completed, simulation time is 2.8
----

Step 57
      AMG solver residual = 0.00203694 after 3 iterations
      AMG solver residual = 0.00851217 after 2 iterations
  --
  Subiteration:1 of 1
      AMG solver residual = 0.00955458 after 1 iterations
      AMG solver residual = 0.00203939 after 3 iterations
      AMG solver residual = 0.00187815 after 3 iterations
      AMG solver residual = 0.00994611 after 1 iterations
      AMG solver residual = 0.00235127 after 3 iterations
      AMG solver residual = 0.00163982 after 3 iterations
      AMG solver residual = 0.00204658 after 3 iterations
      AMG solver residual = 0.00186931 after 3 iterations
      AMG solver residual = 0.0099381 after 1 iterations
  ----
  dt: 0.05
    Vlasov    : 272.327 (time scale), 0.000183603 (CFL)
  ----
  Distribution Function Extrema:
    Species 0:	1.71437e-05 [max]	3.68295e-10 [min]

Step 57 completed, simulation time is 2.85
----
slurmstepd: *** STEP 1115705.0 ON nid00040 CANCELLED AT 2016-02-10T15:57:09 DUE TO TIME LIMIT ***
slurmstepd: *** JOB 1115705 ON nid00040 CANCELLED AT 2016-02-10T15:57:09 DUE TO TIME LIMIT ***
srun: got SIGCONT
srun: got SIGCONT
srun: forcing job termination
