** GKUnits ***********************************************************

==== Fundamental Units ===============================================
  NUMBER DENSITY    [1/m^3]: 1e+20
  TEMPERATURE           [eV]: 1000
  LENGTH                [m]: 1
  MASS                 [AMU]: 1
  MAGNETIC FIELD        [T]: 1
  CHARGE                [C]: 1.60218e-19
  BOLTZMANN CONSTANT  [J/K]: 1.38065e-23
  ELECTRIC CONSTANT   [F/m]: 8.85419e-12
  MAGNETIC CONSTANT   [H/m]: 1.25664e-06

==== Derived Units ===================================================

  THERMAL SPEED       [m/s]: 309497
  TRANSIT TIME          [s]: 3.23105e-06
  MAGNETIC MOMENT     [J/T]: 8.01088e-17
  DIST. FUNCTION [s/(Am^6)]: 1073.7
  POTENTIAL             [V]: 1000
  GYROFREQUENCY       [1/s]: 9.57883e+07
  GYRORADIUS            [m]: 0.00323105
  DEBYE LENGTH          [m]: 2.35082e-05

==== Dimensionless Parameters =========================================

  LARMOR NUMBER            : 0.00323105
  DEBYE NUMBER             : 2.35082e-05

***********************************************************************
**** cellSp[0] = 0.0981748,  cellSp[1] = 0.0981748
**** dimensions = 64, 64
**** cellSp[0] = 0.0981748,  cellSp[1] = 0.0981748
**** dimensions = 64, 64
**** cellSp[0] = 0.0981748,  cellSp[1] = 0.0981748
**** dimensions = 64, 64
**** cellSp[0] = 0.0981748,  cellSp[1] = 0.0981748
**** dimensions = 64, 64
Constructing slab geometry...
xmax = 0.02, ymax = 0.02
Bz_inner = 3, Bz_outer = 3
By_inner  = 0
**** cellSp[0] = 0.0981748,  cellSp[1] = 0.0981748
**** dimensions = 64, 64
Done constructing slab geometry
**** cellSp[0] = 0.0981748,  cellSp[1] = 0.0981748
**** dimensions = 64, 64
**** cellSp[0] = 0.0981748,  cellSp[1] = 0.0981748
**** dimensions = 64, 64
**** cellSp[0] = 0.0981748,  cellSp[1] = 0.0981748
**** dimensions = 64, 64
**** cellSp[0] = 0.0981748,  cellSp[1] = 0.0981748
**** dimensions = 64, 64
**** cellSp[0] = 0.0981748,  cellSp[1] = 0.0981748
**** dimensions = 64, 64
**** cellSp[0] = 0.0981748,  cellSp[1] = 0.0981748
**** dimensions = 64, 64
**** cellSp[0] = 0.0981748,  cellSp[1] = 0.0981748
**** dimensions = 64, 64
**** cellSp[0] = 0.0981748,  cellSp[1] = 0.0981748
**** dimensions = 64, 64
**** cellSp[0] = 0.0981748,  cellSp[1] = 0.0981748
**** dimensions = 64, 64
**** cellSp[0] = 0.0981748,  cellSp[1] = 0.0981748
**** dimensions = 64, 64
**** cellSp[0] = 0.0981748,  cellSp[1] = 0.0981748
**** dimensions = 64, 64
**** cellSp[0] = 0.0981748,  cellSp[1] = 0.0981748
**** dimensions = 64, 64
   Configuration space box ((0,0) (7,7) (0,0)) is assigned to process 0
   Configuration space box ((8,0) (15,7) (0,0)) is assigned to process 1
   Configuration space box ((16,0) (23,7) (0,0)) is assigned to process 2
   Configuration space box ((24,0) (31,7) (0,0)) is assigned to process 3
   Configuration space box ((32,0) (39,7) (0,0)) is assigned to process 4
   Configuration space box ((40,0) (47,7) (0,0)) is assigned to process 5
   Configuration space box ((48,0) (55,7) (0,0)) is assigned to process 6
   Configuration space box ((56,0) (63,7) (0,0)) is assigned to process 7
   Configuration space box ((0,8) (7,15) (0,0)) is assigned to process 8
   Configuration space box ((8,8) (15,15) (0,0)) is assigned to process 9
   Configuration space box ((16,8) (23,15) (0,0)) is assigned to process 10
   Configuration space box ((24,8) (31,15) (0,0)) is assigned to process 11
   Configuration space box ((32,8) (39,15) (0,0)) is assigned to process 12
   Configuration space box ((40,8) (47,15) (0,0)) is assigned to process 13
   Configuration space box ((48,8) (55,15) (0,0)) is assigned to process 14
   Configuration space box ((56,8) (63,15) (0,0)) is assigned to process 15
   Configuration space box ((0,16) (7,23) (0,0)) is assigned to process 16
   Configuration space box ((8,16) (15,23) (0,0)) is assigned to process 17
   Configuration space box ((16,16) (23,23) (0,0)) is assigned to process 18
   Configuration space box ((24,16) (31,23) (0,0)) is assigned to process 19
   Configuration space box ((32,16) (39,23) (0,0)) is assigned to process 20
   Configuration space box ((40,16) (47,23) (0,0)) is assigned to process 21
   Configuration space box ((48,16) (55,23) (0,0)) is assigned to process 22
   Configuration space box ((56,16) (63,23) (0,0)) is assigned to process 23
   Configuration space box ((0,24) (7,31) (0,0)) is assigned to process 24
   Configuration space box ((8,24) (15,31) (0,0)) is assigned to process 25
   Configuration space box ((16,24) (23,31) (0,0)) is assigned to process 26
   Configuratio**** cellSp[0] = 0.0981748,  cellSp[1] = 0.0981748
**** dimensions = 64, 64
n space box ((24,24) (31,31) (0,0)) is assigned to process 27
   Configuration space box ((32,24) (39,31) (0,0)) is assigned to process 28
   Configuration space box ((40,24) (47,31) (0,0)) is assigned to process 29
   Configuration space box ((48,24) (55,31) (0,0)) is assigned to process 30
   Configuration space box ((56,24) (63,31) (0,0)) is assigned to process 31
   Configuration space box ((0,32) (7,39) (0,0)) is assigned to process 32
   Configuration space box ((8,32) (15,39) (0,0)) is assigned to process 33
   Configuration space box ((16,32) (23,39) (0,0)) is assigned to process 34
   Configuration space box ((24,32) (31,39) (0,0)) is assigned to process 35
   Configuration space box ((32,32) (39,39) (0,0)) is assigned to process 36
   Configuration space box ((40,32) (47,39) (0,0)) is assigned to process 37
   Configuration space box ((48,32) (55,39) (0,0)) is assigned to process 38
**** cellSp[0] = 0.0981748,  cellSp[1] = 0.0981748
**** dimensions = 64, 64
**** cellSp[0] = 0.0981748,  cellSp[1] = 0.0981748
**** dimensions = 64, 64
**** cellSp[0] = 0.0981748,  cellSp[1] = 0.0981748
**** dimensions = 64, 64
**** cellSp[0] = 0.0981748,  cellSp[1] = 0.0981748
**** dimensions = 64, 64
**** cellSp[0] = 0.0981748,  cellSp[1] = 0.0981748
**** dimensions = 64, 64
**** cellSp[0] = 0.0981748,  cellSp[1] = 0.0981748
**** dimensions = 64, 64
**** cellSp[0] = 0.0981748,  cellSp[1] = 0.0981748
**** dimensions = 64, 64
**** cellSp[0] = 0.0981748,  cellSp[1] = 0.0981748
**** dimensions = 64, 64
**** cellSp[0] = 0.0981748,  cellSp[1] = 0.0981748
**** dimensions = 64, 64
**** cellSp[0] = 0.0981748,  cellSp[1] = 0.0981748
**** dimensions = 64, 64
**** cellSp[0] = 0.0981748,  cellSp[1] = 0.0981748
**** dimensions = 64, 64
**** cellSp[0] = 0.0981748,  cellSp[1] = 0.0981748
**** dimensions = 64, 64
**** cellSp[0] = 0.0981748,  cellSp[1] = 0.0981748
**** dimensions = 64, 64
**** cellSp[0] = 0.0981748,  cellSp[1] = 0.0981748
**** dimensions = 64, 64
**** cellSp[0] = 0.0981748,  cellSp[1] = 0.0981748
**** dimensions = 64, 64
**** cellSp[0] = 0.0981748,  cellSp[1] = 0.0981748
**** dimensions = 64, 64
**** cellSp[0] = 0.0981748,  cellSp[1] = 0.0981748
**** dimensions = 64, 64
**** cellSp[0] = 0.0981748,  cellSp[1] = 0.0981748
**** dimensions = 64, 64
**** cellSp[0] = 0.0981748,  cellSp[1] = 0.0981748
**** dimensions = 64, 64
**** cellSp[0] = 0.0981748,  cellSp[1] = 0.0981748
**** dimensions = 64, 64
**** cellSp[0] = 0.0981748,  cellSp[1] = 0.0981748
**** dimensions = 64, 64
**** cellSp[0] = 0.0981748,  cellSp[1] = 0.0981748
**** dimensions = 64, 64
**** cellSp[0] = 0.0981748,  cellSp[1] = 0.0981748
**** dimensions = 64, 64
**** cellSp[0] = 0.0981748,  cellSp[1] = 0.0981748
**** dimensions = 64, 64
**** cellSp[0] = 0.0981748,  cellSp[1] = 0.0981748
**** dimensions = 64, 64
**** cellSp[0] = 0.0981748,  cellSp[1] = 0.0981748
**** dimensions = 64, 64
**** cellSp[0] = 0.0981748,  cellSp[1] = 0.0981748
**** dimensions = 64, 64
**** cellSp[0] = 0.0981748,  cellSp[1] = 0.0981748
**** dimensions = 64, 64
**** cellSp[0] = 0.0981748,  cellSp[1] = 0.0981748
**** dimensions = 64, 64
**** cellSp[0] = 0.0981748,  cellSp[1] = 0.0981748
**** dimensions = 64, 64
**** cellSp[0] = 0.0981748,  cellSp[1] = 0.0981748
**** dimensions = 64, 64
**** cellSp[0] = 0.0981748,  cellSp[1] = 0.0981748
**** dimensions = 64, 64
**** cellSp[0] = 0.0981748,  cellSp[1] = 0.0981748
**** dimensions = 64, 64
   Configuration space box ((56,32) (63,39) (0,0)) is assigned to process 39
   Configuration space box ((0,40) (7,47) (0,0)) is assigned to process 40
   Configuration space box ((8,40) (15,47) (0,0)) is assigned to process 41
   Configuration space box ((16,40) (23,47) (0,0)) is assigned to process 42
   Configuration space box ((24,40) (31,47) (0,0)) is assigned to process 43
   Configuration space box ((32,40) (39,47) (0,0)) is assigned to process 44
   Configuration space box ((40,40) (47,47) (0,0)) is assigned to process 45
   Configuration space box ((48,40) (55,47) (0,0)) is assigned to process 46
   Configuration space box ((56,40) (63,47) (0,0)) is assigned to process 47
   Configuration space box ((0,48) (7,55) (0,0)) is assigned to process 48
   Configuration space box ((8,48) (15,55) (0,0)) is assigned to process 49
   Configuration space box ((16,48) (23,55) (0,0)) is assigned to process 50
   Configuration space box ((24,48) (31,55) (0,0)) is assigned to process 51
   Configuration space box ((**** cellSp[0] = 0.0981748,  cellSp[1] = 0.0981748
**** dimensions = 64, 64
32,48) (39,55) (0,0)) is assigned to process 52
   Configuration space box ((40,48) (47,55) (0,0)) is assigned to process 53
   Configuration space box ((48,48) (55,55) (0,0)) is assigned to process 54
   Configuration space box ((56,48) (63,55) (0,0)) is assigned to process 55
   Configuration space box ((0,56) (7,63) (0,0)) is assigned to process 56
   Configuration space box ((8,56) (15,63) (0,0)) is assigned to process 57
   Configuration space box ((16,56) (23,63) (0,0)) is assigned to process 58
   Configuration space box ((24,56) (31,63) (0,0)) is assigned to process 59
   Configuration space box ((32,56) (39,63) (0,0)) is assigned to process 60
   Configuration space box ((40,56) (47,63) (0,0)) is assigned to process 61
   Configuration space box ((48,56) (55,63) (0,0)) is assigned to process 62
   Configuration space box ((56,56) (63,63) (0,0)) is assigned to process 63
Constructing magnetic geometry
**** cellSp[0] = 0.0981748,  cellSp[1] = 0.0981748
**** dimensions = 64, 64
Done constructing magnetic geometry
   Velocity space box ((-8,0) (7,15) (0,0)) is assigned to process 0
**** cellSp[0] = 0.0981748,  cellSp[1] = 0.0981748
**** dimensions = 64, 64
   Phase space box ((48,16,-8,0) (55,23,7,15) (0,0,0,0)) is assigned to process 22, has 16384 valid cells and 131072 ghost cells
**** cellSp[0] = 0.0981748,  cellSp[1] = 0.0981748
**** dimensions = 64, 64
   Phase space box ((24,0,-8,0) (31,7,7,15) (0,0,0,0)) is assigned to process 3, has 16384 valid cells and 131072 ghost cells
**** cellSp[0] = 0.0981748,  cellSp[1] = 0.0981748
**** dimensions = 64, 64
   Phase space box ((32,0,-8,0) (39,7,7,15) (0,0,0,0)) is assigned to process 4, has 16384 valid cells and 131072 ghost cells
**** cellSp[0] = 0.0981748,  cellSp[1] = 0.0981748
**** dimensions = 64, 64
   Phase space box ((40,0,-8,0) (47,7,7,15) (0,0,0,0)) is assigned to process 5, has 16384 valid cells and 131072 ghost cells
**** cellSp[0] = 0.0981748,  cellSp[1] = 0.0981748
**** dimensions = 64, 64
   Phase space box ((56,0,-8,0) (63,7,7,15) (0,0,0,0)) is assigned to process 7, has 16384 valid cells and 131072 ghost cells
**** cellSp[0] = 0.0981748,  cellSp[1] = 0.0981748
**** dimensions = 64, 64
   Phase space box ((0,8,-8,0) (7,15,7,15) (0,0,0,0)) is assigned to process 8, has 16384 valid cells and 131072 ghost cells
**** cellSp[0] = 0.0981748,  cellSp[1] = 0.0981748
**** dimensions = 64, 64
   Phase space box ((24,8,-8,0) (31,15,7,15) (0,0,0,0)) is assigned to process 11, has 16384 valid cells and 131072 ghost cells
**** cellSp[0] = 0.0981748,  cellSp[1] = 0.0981748
**** dimensions = 64, 64
   Phase space box ((32,8,-8,0) (39,15,7,15) (0,0,0,0)) is assigned to process 12, has 16384 valid cells and 131072 ghost cells
**** cellSp[0] = 0.0981748,  cellSp[1] = 0.0981748
**** dimensions = 64, 64
   Phase space box ((8,16,-8,0) (15,23,7,15) (0,0,0,0)) is assigned to process 17, has 16384 valid cells and 131072 ghost cells
**** cellSp[0] = 0.0981748,  cellSp[1] = 0.0981748
**** dimensions = 64, 64
   Phase space box ((16,16,-8,0) (23,23,7,15) (0,0,0,0)) is assigned to process 18, has 16384 valid cells and 131072 ghost cells
**** cellSp[0] = 0.0981748,  cellSp[1] = 0.0981748
**** dimensions = 64, 64
   Phase space box ((24,16,-8,0) (31,23,7,15) (0,0,0,0)) is assigned to process 19, has 16384 valid cells and 131072 ghost cells
   Phase space box ((48,32,-8,0) (55,39,7,15) (0,0,0,0)) is assigned to process 38, has 16384 valid cells and 131072 ghost cells
   Phase space box ((56,16,-8,0) (63,23,7,15) (0,0,0,0)) is assigned to process 23, has 16384 valid cells and 131072 ghost cells
   Phase space box ((8,32,-8,0) (15,39,7,15) (0,0,0,0)) is assigned to process 33, has 16384 valid cells and 131072 ghost cells
   Phase space box ((0,0,-8,0) (7,7,7,15) (0,0,0,0)) is assigned to process 0, has 16384 valid cells and 131072 ghost cells
   Phase space box ((24,32,-8,0) (31,39,7,15) (0,0,0,0)) is assigned to process 35, has 16384 valid cells and 131072 ghost cells
   Phase space box ((8,0,-8,0) (15,7,7,15) (0,0,0,0)) is assigned to process 1, has 16384 valid cells and 131072 ghost cells
   Phase space box ((40,32,-8,0) (47,39,7,15) (0,0,0,0)) is assigned to process 37, has 16384 valid cells and 131072 ghost cells
   Phase space box ((16,0,-8,0) (23,7,7,15) (0,0,0,0)) is assigned to process 2, has 16384 valid cells and 131072 ghost cells
   Phase space box ((56,32,-8,0) (63,39,7,15) (0,0,0,0)) is assigned to process 39, has 16384 valid cells and 131072 ghost cells
   Phase space box ((48,0,-8,0) (55,7,7,15) (0,0,0,0)) is assigned to process 6, has 16384 valid cells and 131072 ghost cells
   Phase space box ((0,40,-8,0) (7,47,7,15) (0,0,0,0)) is assigned to process 40, has 16384 valid cells and 131072 ghost cells
   Phase space box ((8,8,-8,0) (15,15,7,15) (0,0,0,0)) is assigned to process 9, has 16384 valid cells and 131072 ghost cells
   Phase space box ((8,40,-8,0) (15,47,7,15) (0,0,0,0)) is assigned to process 41, has 16384 valid cells and 131072 ghost cells
   Phase space box ((16,8,-8,0) (23,15,7,15) (0,0,0,0)) is assigned to process 10, has 16384 valid cells and 131072 ghost cells
   Phase space box ((16,40,-8,0) (23,47,7,15) (0,0,0,0)) is assigned to process 42, has 16384 valid cells and 131072 ghost cells
   Phase space box ((40,8,-8,0) (47,15,7,15) (0,0,0,0)) is assigned to process 13, has 16384 valid cells and 131072 ghost cells
   Phase space box ((24,40,-8,0) (31,47,7,15) (0,0,0,0)) is assigned to process 43, has 16384 valid cells and 131072 ghost cells
   Phase space box ((48,8,-8,0) (55,15,7,15) (0,0,0,0)) is assigned to process 14, has 16384 valid cells and 131072 ghost cells
   Phase space box ((32,40,-8,0) (39,47,7,15) (0,0,0,0)) is assigned to process 44, has 16384 valid cells and 131072 ghost cells
   Phase space box ((56,8,-8,0) (63,15,7,15) (0,0,0,0)) is assigned to process 15, has 16384 valid cells and 131072 ghost cells
   Phase space box ((0,48,-8,0) (7,55,7,15) (0,0,0,0)) is assigned to process 48, has 16384 valid cells and 131072 ghost cells
   Phase space box ((0,16,-8,0) (7,23,7,15) (0,0,0,0)) is assigned to process 16, has 16384 valid cells and 131072 ghost cells
   Phase space box ((8,48,-8,0) (15,55,7,15) (0,0,0,0)) is assigned to process 49, has 16384 valid cells and 131072 ghost cells
   Phase space box ((32,16,-8,0) (39,23,7,15) (0,0,0,0)) is assigned to process 20, has 16384 valid cells and 131072 ghost cells
   Phase space box ((16,48,-8,0) (23,55,7,15) (0,0,0,0)) is assigned to process 50, has 16384 valid cells and 131072 ghost cells
   Phase space box ((40,16,-8,0) (47,23,7,15) (0,0,0,0)) is assigned to process 21, has 16384 valid cells and 131072 ghost cells
   Phase space box ((24,48,-8,0) (31,55,7,15) (0,0,0,0)) is assigned to process 51, has 16384 valid cells and 131072 ghost cells
   Phase space box ((0,24,-8,0) (7,31,7,15) (0,0,0,0)) is assigned to process 24, has 16384 valid cells and 131072 ghost cells
   Phase space box ((32,48,-8,0) (39,55,7,15) (0,0,0,0)) is assigned to process 52, has 16384 valid cells and 131072 ghost cells
   Phase space box ((8,24,-8,0) (15,31,7,15) (0,0,0,0)) is assigned to process 25, has 16384 valid cells and 131072 ghost cells
   Phase space box ((40,48,-8,0) (47,55,7,15) (0,0,0,0)) is assigned to process 53, has 16384 valid cells and 131072 ghost cells
   Phase space box ((16,24,-8,0) (23,31,7,15) (0,0,0,0)) is assigned to process 26, has 16384 valid cells and 131072 ghost cells
   Phase space box ((48,48,-8,0) (55,55,7,15) (0,0,0,0)) is assigned to process 54, has 16384 valid cells and 131072 ghost cells
   Phase space box ((24,24,-8,0) (31,31,7,15) (0,0,0,0)) is assigned to process 27, has 16384 valid cells and 131072 ghost cells
   Phase space box ((8,56,-8,0) (15,63,7,15) (0,0,0,0)) is assigned to process 57, has 16384 valid cells and 131072 ghost cells
   Phase space box ((32,24,-8,0) (39,31,7,15) (0,0,0,0)) is assigned to process 28, has 16384 valid cells and 131072 ghost cells
   Phase space box ((24,56,-8,0) (31,63,7,15) (0,0,0,0)) is assigned to process 59, has 16384 valid cells and 131072 ghost cells
   Phase space box ((40,24,-8,0) (47,31,7,15) (0,0,0,0)) is assigned to process 29, has 16384 valid cells and 131072 ghost cells
   Phase space box ((32,56,-8,0) (39,63,7,15) (0,0,0,0)) is assigned to process 60, has 16384 valid cells and 131072 ghost cells
   Phase space box ((48,24,-8,0) (55,31,7,15) (0,0,0,0)) is assigned to process 30, has 16384 valid cells and 131072 ghost cells
   Phase space box ((40,56,-8,0) (47,63,7,15) (0,0,0,0)) is assigned to process 61, has 16384 valid cells and 131072 ghost cells
   Phase space box ((56,24,-8,0) (63,31,7,15) (0,0,0,0)) is assigned to process 31, has 16384 valid cells and 131072 ghost cells
   Phase space box ((56,56,-8,0) (63,63,7,15) (0,0,0,0)) is assigned to process 63, has 16384 valid cells and 131072 ghost cells
   Phase space box ((0,32,-8,0) (7,39,7,15) (0,0,0,0)) is assigned to process 32, has 16384 valid cells and 131072 ghost cells
   Phase space box ((16,32,-8,0) (23,39,7,15) (0,0,0,0)) is assigned to process 34, has 16384 valid cells and 131072 ghost cells
   Phase space box ((32,32,-8,0) (39,39,7,15) (0,0,0,0)) is assigned to process 36, has 16384 valid cells and 131072 ghost cells
   Phase space box ((40,40,-8,0) (47,47,7,15) (0,0,0,0)) is assigned to process 45, has 16384 valid cells and 131072 ghost cells
   Phase space box ((48,40,-8,0) (55,47,7,15) (0,0,0,0)) is assigned to process 46, has 16384 valid cells and 131072 ghost cells
   Phase space box ((56,40,-8,0) (63,47,7,15) (0,0,0,0)) is assigned to process 47, has 16384 valid cells and 131072 ghost cells
   Phase space box ((56,48,-8,0) (63,55,7,15) (0,0,0,0)) is assigned to process 55, has 16384 valid cells and 131072 ghost cells
   Phase space box ((0,56,-8,0) (7,63,7,15) (0,0,0,0)) is assigned to process 56, has 16384 valid cells and 131072 ghost cells
   Phase space box ((16,56,-8,0) (23,63,7,15) (0,0,0,0)) is assigned to process 58, has 16384 valid cells and 131072 ghost cells
   Phase space box ((48,56,-8,0) (55,63,7,15) (0,0,0,0)) is assigned to process 62, has 16384 valid cells and 131072 ghost cells
Adding species and constructing gyrocenter coordinates...
   hydrogen: kinetic species with mass = 2, charge = 1
Done adding species and constructing coordinates

Grid Function Library =========================

"Ion_vpar_grid_func":
Constant grid function parameters:
  value: 1

"N0_grid_func":
Arbitrary grid function parameters:
  function: 1.0+0.5*exp(-(x-pi)/(2*pi*0.01/0.02))+0.001*exp(-(x-pi)^2/(2*pi*0.001/0.02))*cos(2*y)

"T0_grid_func":
Cosine grid function parameters:
  constant: 0.1
  amplitude: 0
  mode: (1,0)
  phase: (0,0)

"eN0_grid_func":
Arbitrary grid function parameters:
  function: 1.0+0.5*exp(-(x-pi)/(2*pi*0.01/0.02))

"eT0_grid_func":
Cosine grid function parameters:
  constant: 0.1
  amplitude: 0
  mode: (1,0)
  phase: (0,0)

"ele_vpar_grid_func":
Constant grid function parameters:
  value: 1

"zero_grid_func":
Constant grid function parameters:
  value: 0

===============================================

Kinetic Function Library =========================

"maxwellian_electron_phase_func":
Maxwellian kinetic function parameters:
-- Density --
Arbitrary grid function parameters:
  function: 1.0+0.5*exp(-(x-pi)/(2*pi*0.01/0.02))

-- Temperature --
Cosine grid function parameters:
  constant: 0.1
  amplitude: 0
  mode: (1,0)
  phase: (0,0)

-- Vparallel --
Constant grid function parameters:
  value: 1


"maxwellian_phase_func":
Maxwellian kinetic function parameters:
-- Density --
Arbitrary grid function parameters:
  function: 1.0+0.5*exp(-(x-pi)/(2*pi*0.01/0.02))+0.001*exp(-(x-pi)^2/(2*pi*0.001/0.02))*cos(2*y)

-- Temperature --
Cosine grid function parameters:
  constant: 0.1
  amplitude: 0
  mode: (1,0)
  phase: (0,0)

-- Vparallel --
Constant grid function parameters:
  value: 1


==================================================

SlabPotentialBC ================================
- variable: potential-------------
  radial_lower: 
     bc_type  = 0
     bc_value = 0
  radial_upper: 
     bc_type  = 0
     bc_value = 0
  poloidal_lower: 
     bc_type  = 1
     bc_value = 0
  poloidal_upper: 
     bc_type  = 1
     bc_value = 0
-----------------------------------------------
===============================================

SlabPhaseBC ================================
- variable: hydrogen-------------
  radial_lower: 
Maxwellian kinetic function parameters:
-- Density --
Arbitrary grid function parameters:
  function: 1.0+0.5*exp(-(x-pi)/(2*pi*0.01/0.02))+0.001*exp(-(x-pi)^2/(2*pi*0.001/0.02))*cos(2*y)

-- Temperature --
Cosine grid function parameters:
  constant: 0.1
  amplitude: 0
  mode: (1,0)
  phase: (0,0)

-- Vparallel --
Constant grid function parameters:
  value: 1


  radial_upper: 
Maxwellian kinetic function parameters:
-- Density --
Arbitrary grid function parameters:
  function: 1.0+0.5*exp(-(x-pi)/(2*pi*0.01/0.02))+0.001*exp(-(x-pi)^2/(2*pi*0.001/0.02))*cos(2*y)

-- Temperature --
Cosine grid function parameters:
  constant: 0.1
  amplitude: 0
  mode: (1,0)
  phase: (0,0)

-- Vparallel --
Constant grid function parameters:
  value: 1


  poloidal_lower: 
Maxwellian kinetic function parameters:
-- Density --
Arbitrary grid function parameters:
  function: 1.0+0.5*exp(-(x-pi)/(2*pi*0.01/0.02))+0.001*exp(-(x-pi)^2/(2*pi*0.001/0.02))*cos(2*y)

-- Temperature --
Cosine grid function parameters:
  constant: 0.1
  amplitude: 0
  mode: (1,0)
  phase: (0,0)

-- Vparallel --
Constant grid function parameters:
  value: 1


  poloidal_upper: 
Maxwellian kinetic function parameters:
-- Density --
Arbitrary grid function parameters:
  function: 1.0+0.5*exp(-(x-pi)/(2*pi*0.01/0.02))+0.001*exp(-(x-pi)^2/(2*pi*0.001/0.02))*cos(2*y)

-- Temperature --
Cosine grid function parameters:
  constant: 0.1
  amplitude: 0
  mode: (1,0)
  phase: (0,0)

-- Vparallel --
Constant grid function parameters:
  value: 1


  vpar_lower: 
Maxwellian kinetic function parameters:
-- Density --
Arbitrary grid function parameters:
  function: 1.0+0.5*exp(-(x-pi)/(2*pi*0.01/0.02))+0.001*exp(-(x-pi)^2/(2*pi*0.001/0.02))*cos(2*y)

-- Temperature --
Cosine grid function parameters:
  constant: 0.1
  amplitude: 0
  mode: (1,0)
  phase: (0,0)

-- Vparallel --
Constant grid function parameters:
  value: 1


  vpar_upper: 
Maxwellian kinetic function parameters:
-- Density --
Arbitrary grid function parameters:
  function: 1.0+0.5*exp(-(x-pi)/(2*pi*0.01/0.02))+0.001*exp(-(x-pi)^2/(2*pi*0.001/0.02))*cos(2*y)

-- Temperature --
Cosine grid function parameters:
  constant: 0.1
  amplitude: 0
  mode: (1,0)
  phase: (0,0)

-- Vparallel --
Constant grid function parameters:
  value: 1


  mu_lower: 
Maxwellian kinetic function parameters:
-- Density --
Arbitrary grid function parameters:
  function: 1.0+0.5*exp(-(x-pi)/(2*pi*0.01/0.02))+0.001*exp(-(x-pi)^2/(2*pi*0.001/0.02))*cos(2*y)

-- Temperature --
Cosine grid function parameters:
  constant: 0.1
  amplitude: 0
  mode: (1,0)
  phase: (0,0)

-- Vparallel --
Constant grid function parameters:
  value: 1


  mu_upper: 
Maxwellian kinetic function parameters:
-- Density --
Arbitrary grid function parameters:
  function: 1.0+0.5*exp(-(x-pi)/(2*pi*0.01/0.02))+0.001*exp(-(x-pi)^2/(2*pi*0.001/0.02))*cos(2*y)

-- Temperature --
Cosine grid function parameters:
  constant: 0.1
  amplitude: 0
  mode: (1,0)
  phase: (0,0)

-- Vparallel --
Constant grid function parameters:
  value: 1


-----------------------------------------------
===============================================
Unrecognized collision model; setting model to NULL
      AMG solver residual = 0.00040199 after 2 iterations
      AMG solver residual = 0.000325799 after 2 iterations
      AMG solver residual = 0.0003823 after 2 iterations
      AMG solver residual = 0.000429073 after 2 iterations
  Distribution Function Extrema:
    Species 0:	0.000644454 [max]	-1.7141e-17 [min]

      AMG solver residual = 0.00419411 after 1 iterations
dtStable = 4.24072
      AMG solver residual = 0.000492349 after 2 iterations
      AMG solver residual = 0.000422759 after 2 iterations
      AMG solver residual = 0.000518292 after 2 iterations
      AMG solver residual = 0.000611615 after 2 iterations
      AMG solver residual = 0.000399101 after 2 iterations
      AMG solver residual = 0.000451297 after 2 iterations
      AMG solver residual = 0.00356383 after 1 iterations
      AMG solver residual = 0.000505159 after 2 iterations
      AMG solver residual = 0.000426881 after 2 iterations
      AMG solver residual = 0.000527562 after 2 iterations
      AMG solver residual = 0.000611489 after 2 iterations
 subiteration:1/1
 subiteration:1/1
 subiteration:1/1
 subiteration:1/1
 subiteration:1/1
 subiteration:1/1
 subiteration:1/1
 subiteration:1/1
 subiteration:1/1
 subiteration:1/1
 subiteration:1/1
 subiteration:1/1
 subiteration:1/1
 subiteration:1/1
 subiteration:1/1
 subiteration:1/1
 subiteration:1/1
 subiteration:1/1
 subiteration:1/1
 subiteration:1/1
 subiteration:1/1
 subiteration:1/1
 subiteration:1/1
 subiteration:1/1
 subiteration:1/1
 subiteration:1/1
 subiteration:1/1
 subiteration:1/1
 subiteration:1/1
 subiteration:1/1
 subiteration:1/1
 subiteration:1/1
 subiteration:1/1
 subiteration:1/1
 subiteration:1/1
  Distribution Function Extrema:
 subiteration:1/1
 subiteration:1/1
 subiteration:1/1
 subiteration:1/1
 subiteration:1/1
 subiteration:1/1
 subiteration:1/1
 subiteration:1/1
 subiteration:1/1
 subiteration:1/1
 subiteration:1/1
 subiteration:1/1
 subiteration:1/1
 subiteration:1/1
 subiteration:1/1
 subiteration:1/1
 subiteration:1/1
 subiteration:1/1
 subiteration:1/1
 subiteration:1/1
 subiteration:1/1
 subiteration:1/1
 subiteration:1/1
 subiteration:1/1
    Species 0:	0.000644454 [max]	-1.7141e-17 [min]
 subiteration:1/1

 subiteration:1/1
Step 1 completed, simulation time is 0.1
 subiteration:1/1
 subiteration:1/1
 subiteration:1/1
      AMG solver residual = 0.000467896 after 2 iterations
      AMG solver residual = 0.00054329 after 2 iterations
      AMG solver residual = 0.00050979 after 2 iterations
      AMG solver residual = 0.00042852 after 2 iterations
      AMG solver residual = 0.000532165 after 2 iterations
      AMG solver residual = 0.000609594 after 2 iterations
      AMG solver residual = 0.00037665 after 2 iterations
      AMG solver residual = 0.000396166 after 2 iterations
      AMG solver residual = 0.0035952 after 1 iterations
      AMG solver residual = 0.000507837 after 2 iterations
      AMG solver residual = 0.000427131 after 2 iterations
      AMG solver residual = 0.000534696 after 2 iterations
      AMG solver residual = 0.000609423 after 2 iterations
 subiteration:1/1
 subiteration:1/1
 subiteration:1/1
 subiteration:1/1
 subiteration:1/1
 subiteration:1/1
 subiteration:1/1
 subiteration:1/1
 subiteration:1/1
 subiteration:1/1
 subiteration:1/1
 subiteration:1/1
 subiteration:1/1
 subiteration:1/1
 subiteration:1/1
 subiteration:1/1
 subiteration:1/1
 subiteration:1/1
 subiteration:1/1
 subiteration:1/1
 subiteration:1/1
 subiteration:1/1
 subiteration:1/1
 subiteration:1/1
 subiteration:1/1
 subiteration:1/1
 subiteration:1/1
 subiteration:1/1
  Distribution Function Extrema:
 subiteration:1/1
 subiteration:1/1
 subiteration:1/1
 subiteration:1/1
 subiteration:1/1
 subiteration:1/1
 subiteration:1/1
 subiteration:1/1
 subiteration:1/1
 subiteration:1/1
 subiteration:1/1
 subiteration:1/1
 subiteration:1/1
 subiteration:1/1
 subiteration:1/1
 subiteration:1/1
 subiteration:1/1
 subiteration:1/1
 subiteration:1/1
 subiteration:1/1
 subiteration:1/1
 subiteration:1/1
 subiteration:1/1
 subiteration:1/1
 subiteration:1/1
 subiteration:1/1
 subiteration:1/1
 subiteration:1/1
 subiteration:1/1
 subiteration:1/1
 subiteration:1/1
 subiteration:1/1
 subiteration:1/1
 subiteration:1/1
 subiteration:1/1
    Species 0:	0.000644454 [max]	-1.7141e-17 [min]

 subiteration:1/1
Step 2 completed, simulation time is 0.2
      AMG solver residual = 0.000497161 after 2 iterations
      AMG solver residual = 0.00056466 after 2 iterations
      AMG solver residual = 0.00049902 after 2 iterations
      AMG solver residual = 0.000424287 after 2 iterations
      AMG solver residual = 0.000532744 after 2 iterations
      AMG solver residual = 0.000600797 after 2 iterations
      AMG solver residual = 0.000391343 after 2 iterations
      AMG solver residual = 0.000423046 after 2 iterations
      AMG solver residual = 0.00359653 after 1 iterations
      AMG solver residual = 0.000483371 after 2 iterations
      AMG solver residual = 0.000416714 after 2 iterations
      AMG solver residual = 0.000526518 after 2 iterations
      AMG solver residual = 0.000596135 after 2 iterations
 subiteration:1/1
 subiteration:1/1
 subiteration:1/1
 subiteration:1/1
 subiteration:1/1
 subiteration:1/1
 subiteration:1/1
 subiteration:1/1
 subiteration:1/1
 subiteration:1/1
 subiteration:1/1
 subiteration:1/1
 subiteration:1/1
 subiteration:1/1
 subiteration:1/1
 subiteration:1/1
 subiteration:1/1
 subiteration:1/1
 subiteration:1/1
 subiteration:1/1
 subiteration:1/1
 subiteration:1/1
 subiteration:1/1
 subiteration:1/1
 subiteration:1/1
 subiteration:1/1
 subiteration:1/1
 subiteration:1/1
 subiteration:1/1
 subiteration:1/1
 subiteration:1/1
 subiteration:1/1
 subiteration:1/1
 subiteration:1/1
 subiteration:1/1
 subiteration:1/1
 subiteration:1/1
 subiteration:1/1
 subiteration:1/1
 subiteration:1/1
 subiteration:1/1
 subiteration:1/1
 subiteration:1/1
 subiteration:1/1
 subiteration:1/1
 subiteration:1/1
 subiteration:1/1
 subiteration:1/1
 subiteration:1/1
 subiteration:1/1
 subiteration:1/1
 subiteration:1/1
 subiteration:1/1
 subiteration:1/1
  Distribution Function Extrema:
 subiteration:1/1
 subiteration:1/1
 subiteration:1/1
 subiteration:1/1
 subiteration:1/1
 subiteration:1/1
 subiteration:1/1
 subiteration:1/1
 subiteration:1/1
 subiteration:1/1
    Species 0:	0.000644454 [max]	-1.7141e-17 [min]

Step 3 completed, simulation time is 0.3
      AMG solver residual = 0.000499053 after 2 iterations
      AMG solver residual = 0.000566776 after 2 iterations
      AMG solver residual = 0.00046428 after 2 iterations
      AMG solver residual = 0.000405743 after 2 iterations
      AMG solver residual = 0.000516964 after 2 iterations
      AMG solver residual = 0.000582077 after 2 iterations
      AMG solver residual = 0.000432069 after 2 iterations
      AMG solver residual = 0.000490284 after 2 iterations
      AMG solver residual = 0.00356177 after 1 iterations
      AMG solver residual = 0.000441292 after 2 iterations
      AMG solver residual = 0.000385926 after 2 iterations
      AMG solver residual = 0.000501212 after 2 iterations
      AMG solver residual = 0.000571158 after 2 iterations
 subiteration:1/1
 subiteration:1/1
 subiteration:1/1
 subiteration:1/1
 subiteration:1/1
 subiteration:1/1
 subiteration:1/1
 subiteration:1/1
 subiteration:1/1
 subiteration:1/1
 subiteration:1/1
 subiteration:1/1
 subiteration:1/1
 subiteration:1/1
 subiteration:1/1
 subiteration:1/1
 subiteration:1/1
 subiteration:1/1
 subiteration:1/1
 subiteration:1/1
 subiteration:1/1
 subiteration:1/1
 subiteration:1/1
 subiteration:1/1
 subiteration:1/1
 subiteration:1/1
  Distribution Function Extrema:
 subiteration:1/1
 subiteration:1/1
 subiteration:1/1
 subiteration:1/1
 subiteration:1/1
 subiteration:1/1
 subiteration:1/1
 subiteration:1/1
 subiteration:1/1
 subiteration:1/1
 subiteration:1/1
 subiteration:1/1
 subiteration:1/1
 subiteration:1/1
 subiteration:1/1
 subiteration:1/1
 subiteration:1/1
 subiteration:1/1
 subiteration:1/1
 subiteration:1/1
 subiteration:1/1
 subiteration:1/1
 subiteration:1/1
 subiteration:1/1
 subiteration:1/1
 subiteration:1/1
 subiteration:1/1
 subiteration:1/1
 subiteration:1/1
 subiteration:1/1
 subiteration:1/1
 subiteration:1/1
 subiteration:1/1
 subiteration:1/1
 subiteration:1/1
 subiteration:1/1
 subiteration:1/1
 subiteration:1/1
    Species 0:	0.000644454 [max]	-1.7141e-17 [min]

Step 4 completed, simulation time is 0.4
      AMG solver residual = 0.000472853 after 2 iterations
      AMG solver residual = 0.000552623 after 2 iterations
      AMG solver residual = 0.000419823 after 2 iterations
      AMG solver residual = 0.000361498 after 2 iterations
      AMG solver residual = 0.000484416 after 2 iterations
      AMG solver residual = 0.000552547 after 2 iterations
      AMG solver residual = 0.000473897 after 2 iterations
      AMG solver residual = 0.00053904 after 2 iterations
      AMG solver residual = 0.00351596 after 1 iterations
      AMG solver residual = 0.000400295 after 2 iterations
      AMG solver residual = 0.000329273 after 2 iterations
      AMG solver residual = 0.000461495 after 2 iterations
      AMG solver residual = 0.000533703 after 2 iterations
 subiteration:1/1
 subiteration:1/1
 subiteration:1/1
 subiteration:1/1
 subiteration:1/1
 subiteration:1/1
 subiteration:1/1
 subiteration:1/1
 subiteration:1/1
 subiteration:1/1
 subiteration:1/1
 subiteration:1/1
 subiteration:1/1
 subiteration:1/1
 subiteration:1/1
 subiteration:1/1
 subiteration:1/1
 subiteration:1/1
 subiteration:1/1
 subiteration:1/1
 subiteration:1/1
 subiteration:1/1
 subiteration:1/1
 subiteration:1/1
 subiteration:1/1
 subiteration:1/1
 subiteration:1/1
 subiteration:1/1
 subiteration:1/1
 subiteration:1/1
 subiteration:1/1
 subiteration:1/1
 subiteration:1/1
 subiteration:1/1
 subiteration:1/1
 subiteration:1/1
 subiteration:1/1
 subiteration:1/1
 subiteration:1/1
 subiteration:1/1
 subiteration:1/1
 subiteration:1/1
 subiteration:1/1
 subiteration:1/1
 subiteration:1/1
 subiteration:1/1
 subiteration:1/1
 subiteration:1/1
  Distribution Function Extrema:
 subiteration:1/1
 subiteration:1/1
 subiteration:1/1
 subiteration:1/1
 subiteration:1/1
 subiteration:1/1
 subiteration:1/1
 subiteration:1/1
 subiteration:1/1
 subiteration:1/1
 subiteration:1/1
 subiteration:1/1
 subiteration:1/1
 subiteration:1/1
 subiteration:1/1
 subiteration:1/1
    Species 0:	0.000644454 [max]	-1.7141e-17 [min]

Step 5 completed, simulation time is 0.5
      AMG solver residual = 0.000429269 after 2 iterations
      AMG solver residual = 0.000514903 after 2 iterations
      AMG solver residual = 0.000387371 after 2 iterations
      AMG solver residual = 0.000302887 after 2 iterations
      AMG solver residual = 0.000440967 after 2 iterations
      AMG solver residual = 0.000512288 after 2 iterations
      AMG solver residual = 0.000497106 after 2 iterations
      AMG solver residual = 0.000564319 after 2 iterations
      AMG solver residual = 0.00348244 after 1 iterations
      AMG solver residual = 0.000382208 after 2 iterations
      AMG solver residual = 0.000289537 after 2 iterations
      AMG solver residual = 0.000417525 after 2 iterations
      AMG solver residual = 0.000488046 after 2 iterations
 subiteration:1/1
 subiteration:1/1
 subiteration:1/1
 subiteration:1/1
 subiteration:1/1
 subiteration:1/1
 subiteration:1/1
 subiteration:1/1
 subiteration:1/1
  Distribution Function Extrema:
 subiteration:1/1
 subiteration:1/1
 subiteration:1/1
 subiteration:1/1
 subiteration:1/1
 subiteration:1/1
 subiteration:1/1
 subiteration:1/1
 subiteration:1/1
 subiteration:1/1
 subiteration:1/1
 subiteration:1/1
 subiteration:1/1
 subiteration:1/1
 subiteration:1/1
 subiteration:1/1
 subiteration:1/1
 subiteration:1/1
 subiteration:1/1
 subiteration:1/1
 subiteration:1/1
 subiteration:1/1
 subiteration:1/1
 subiteration:1/1
 subiteration:1/1
 subiteration:1/1
 subiteration:1/1
 subiteration:1/1
 subiteration:1/1
 subiteration:1/1
 subiteration:1/1
 subiteration:1/1
 subiteration:1/1
 subiteration:1/1
 subiteration:1/1
 subiteration:1/1
 subiteration:1/1
 subiteration:1/1
 subiteration:1/1
 subiteration:1/1
 subiteration:1/1
 subiteration:1/1
 subiteration:1/1
 subiteration:1/1
 subiteration:1/1
 subiteration:1/1
 subiteration:1/1
 subiteration:1/1
 subiteration:1/1
 subiteration:1/1
 subiteration:1/1
 subiteration:1/1
 subiteration:1/1
 subiteration:1/1
 subiteration:1/1
    Species 0:	0.000644454 [max]	-1.7141e-17 [min]

Step 6 completed, simulation time is 0.6
      AMG solver residual = 0.000389867 after 2 iterations
      AMG solver residual = 0.000455425 after 2 iterations
      AMG solver residual = 0.000385228 after 2 iterations
      AMG solver residual = 0.000298564 after 2 iterations
      AMG solver residual = 0.000400601 after 2 iterations
      AMG solver residual = 0.00046975 after 2 iterations
      AMG solver residual = 0.000493207 after 2 iterations
      AMG solver residual = 0.000574141 after 2 iterations
      AMG solver residual = 0.00347731 after 1 iterations
      AMG solver residual = 0.000396477 after 2 iterations
      AMG solver residual = 0.00032486 after 2 iterations
      AMG solver residual = 0.00038617 after 2 iterations
      AMG solver residual = 0.000449419 after 2 iterations
 subiteration:1/1
 subiteration:1/1
 subiteration:1/1
 subiteration:1/1
 subiteration:1/1
 subiteration:1/1
 subiteration:1/1
 subiteration:1/1
 subiteration:1/1
 subiteration:1/1
 subiteration:1/1
 subiteration:1/1
 subiteration:1/1
 subiteration:1/1
 subiteration:1/1
 subiteration:1/1
 subiteration:1/1
 subiteration:1/1
 subiteration:1/1
 subiteration:1/1
 subiteration:1/1
 subiteration:1/1
 subiteration:1/1
 subiteration:1/1
 subiteration:1/1
  Distribution Function Extrema:
 subiteration:1/1
 subiteration:1/1
 subiteration:1/1
 subiteration:1/1
 subiteration:1/1
 subiteration:1/1
 subiteration:1/1
 subiteration:1/1
 subiteration:1/1
 subiteration:1/1
 subiteration:1/1
 subiteration:1/1
 subiteration:1/1
 subiteration:1/1
 subiteration:1/1
 subiteration:1/1
 subiteration:1/1
 subiteration:1/1
 subiteration:1/1
 subiteration:1/1
 subiteration:1/1
 subiteration:1/1
 subiteration:1/1
 subiteration:1/1
 subiteration:1/1
 subiteration:1/1
 subiteration:1/1
 subiteration:1/1
 subiteration:1/1
 subiteration:1/1
 subiteration:1/1
 subiteration:1/1
 subiteration:1/1
 subiteration:1/1
 subiteration:1/1
 subiteration:1/1
 subiteration:1/1
 subiteration:1/1
 subiteration:1/1
    Species 0:	0.000644454 [max]	-1.7141e-17 [min]

Step 7 completed, simulation time is 0.7
      AMG solver residual = 0.000379078 after 2 iterations
      AMG solver residual = 0.000419337 after 2 iterations
      AMG solver residual = 0.00041205 after 2 iterations
      AMG solver residual = 0.000354127 after 2 iterations
      AMG solver residual = 0.000381083 after 2 iterations
      AMG solver residual = 0.000445157 after 2 iterations
      AMG solver residual = 0.000465052 after 2 iterations
      AMG solver residual = 0.000569112 after 2 iterations
      AMG solver residual = 0.00351657 after 1 iterations
      AMG solver residual = 0.000430864 after 2 iterations
      AMG solver residual = 0.00038153 after 2 iterations
      AMG solver residual = 0.000382085 after 2 iterations
      AMG solver residual = 0.000439429 after 2 iterations
 subiteration:1/1
 subiteration:1/1
 subiteration:1/1
 subiteration:1/1
 subiteration:1/1
 subiteration:1/1
 subiteration:1/1
 subiteration:1/1
 subiteration:1/1
 subiteration:1/1
 subiteration:1/1
 subiteration:1/1
 subiteration:1/1
 subiteration:1/1
 subiteration:1/1
 subiteration:1/1
 subiteration:1/1
 subiteration:1/1
 subiteration:1/1
 subiteration:1/1
 subiteration:1/1
 subiteration:1/1
 subiteration:1/1
 subiteration:1/1
 subiteration:1/1
 subiteration:1/1
 subiteration:1/1
 subiteration:1/1
 subiteration:1/1
 subiteration:1/1
 subiteration:1/1
 subiteration:1/1
 subiteration:1/1
 subiteration:1/1
 subiteration:1/1
 subiteration:1/1
 subiteration:1/1
 subiteration:1/1
 subiteration:1/1
 subiteration:1/1
 subiteration:1/1
 subiteration:1/1
 subiteration:1/1
 subiteration:1/1
 subiteration:1/1
 subiteration:1/1
 subiteration:1/1
 subiteration:1/1
 subiteration:1/1
 subiteration:1/1
 subiteration:1/1
 subiteration:1/1
  Distribution Function Extrema:
 subiteration:1/1
 subiteration:1/1
 subiteration:1/1
 subiteration:1/1
 subiteration:1/1
 subiteration:1/1
 subiteration:1/1
 subiteration:1/1
 subiteration:1/1
 subiteration:1/1
 subiteration:1/1
 subiteration:1/1
    Species 0:	0.000644454 [max]	-1.7141e-17 [min]

Step 8 completed, simulation time is 0.8
      AMG solver residual = 0.000403663 after 2 iterations
      AMG solver residual = 0.00044454 after 2 iterations
      AMG solver residual = 0.000448752 after 2 iterations
      AMG solver residual = 0.000401056 after 2 iterations
      AMG solver residual = 0.000391028 after 2 iterations
      AMG solver residual = 0.000454222 after 2 iterations
      AMG solver residual = 0.00042597 after 2 iterations
      AMG solver residual = 0.000544223 after 2 iterations
      AMG solver residual = 0.00360949 after 1 iterations
      AMG solver residual = 0.000464377 after 2 iterations
      AMG solver residual = 0.000415074 after 2 iterations
      AMG solver residual = 0.000404832 after 2 iterations
      AMG solver residual = 0.000460713 after 2 iterations
 subiteration:1/1
 subiteration:1/1
 subiteration:1/1
 subiteration:1/1
 subiteration:1/1
 subiteration:1/1
 subiteration:1/1
 subiteration:1/1
 subiteration:1/1
 subiteration:1/1
 subiteration:1/1
 subiteration:1/1
 subiteration:1/1
 subiteration:1/1
 subiteration:1/1
 subiteration:1/1
 subiteration:1/1
 subiteration:1/1
 subiteration:1/1
 subiteration:1/1
  Distribution Function Extrema:
 subiteration:1/1
 subiteration:1/1
 subiteration:1/1
 subiteration:1/1
 subiteration:1/1
 subiteration:1/1
 subiteration:1/1
 subiteration:1/1
 subiteration:1/1
 subiteration:1/1
 subiteration:1/1
 subiteration:1/1
 subiteration:1/1
 subiteration:1/1
 subiteration:1/1
 subiteration:1/1
 subiteration:1/1
 subiteration:1/1
 subiteration:1/1
 subiteration:1/1
 subiteration:1/1
 subiteration:1/1
 subiteration:1/1
 subiteration:1/1
 subiteration:1/1
 subiteration:1/1
 subiteration:1/1
 subiteration:1/1
 subiteration:1/1
 subiteration:1/1
 subiteration:1/1
 subiteration:1/1
 subiteration:1/1
 subiteration:1/1
 subiteration:1/1
 subiteration:1/1
 subiteration:1/1
 subiteration:1/1
 subiteration:1/1
 subiteration:1/1
 subiteration:1/1
 subiteration:1/1
 subiteration:1/1
 subiteration:1/1
    Species 0:	0.000644454 [max]	-1.7141e-17 [min]

Step 9 completed, simulation time is 0.9
      AMG solver residual = 0.000444903 after 2 iterations
      AMG solver residual = 0.000488091 after 2 iterations
      AMG solver residual = 0.000475886 after 2 iterations
      AMG solver residual = 0.000423199 after 2 iterations
      AMG solver residual = 0.000421777 after 2 iterations
      AMG solver residual = 0.000487106 after 2 iterations
      AMG solver residual = 0.000396443 after 2 iterations
      AMG solver residual = 0.000503144 after 2 iterations
      AMG solver residual = 0.00372511 after 1 iterations
      AMG solver residual = 0.000481984 after 2 iterations
      AMG solver residual = 0.00042746 after 2 iterations
      AMG solver residual = 0.000440115 after 2 iterations
      AMG solver residual = 0.000488687 after 2 iterations
 subiteration:1/1
 subiteration:1/1
 subiteration:1/1
 subiteration:1/1
 subiteration:1/1
 subiteration:1/1
 subiteration:1/1
 subiteration:1/1
 subiteration:1/1
 subiteration:1/1
 subiteration:1/1
 subiteration:1/1
 subiteration:1/1
 subiteration:1/1
 subiteration:1/1
 subiteration:1/1
 subiteration:1/1
 subiteration:1/1
 subiteration:1/1
 subiteration:1/1
 subiteration:1/1
 subiteration:1/1
 subiteration:1/1
 subiteration:1/1
 subiteration:1/1
 subiteration:1/1
 subiteration:1/1
 subiteration:1/1
 subiteration:1/1
 subiteration:1/1
 subiteration:1/1
 subiteration:1/1
 subiteration:1/1
 subiteration:1/1
 subiteration:1/1
 subiteration:1/1
 subiteration:1/1
 subiteration:1/1
 subiteration:1/1
 subiteration:1/1
 subiteration:1/1
 subiteration:1/1
 subiteration:1/1
 subiteration:1/1
 subiteration:1/1
 subiteration:1/1
  Distribution Function Extrema:
 subiteration:1/1
 subiteration:1/1
 subiteration:1/1
 subiteration:1/1
 subiteration:1/1
 subiteration:1/1
 subiteration:1/1
 subiteration:1/1
 subiteration:1/1
 subiteration:1/1
 subiteration:1/1
 subiteration:1/1
 subiteration:1/1
 subiteration:1/1
 subiteration:1/1
 subiteration:1/1
 subiteration:1/1
 subiteration:1/1
    Species 0:	0.000644454 [max]	-1.7141e-17 [min]

Step 10 completed, simulation time is 1
Writing checkpoint file
Writing history file
      AMG solver residual = 0.000477956 after 2 iterations
      AMG solver residual = 0.000517604 after 2 iterations
      AMG solver residual = 0.000483153 after 2 iterations
      AMG solver residual = 0.000428352 after 2 iterations
      AMG solver residual = 0.000457037 after 2 iterations
      AMG solver residual = 0.000521108 after 2 iterations
      AMG solver residual = 0.000393259 after 2 iterations
      AMG solver residual = 0.000468878 after 2 iterations
      AMG solver residual = 0.00377963 after 1 iterations
      AMG solver residual = 0.000478741 after 2 iterations
      AMG solver residual = 0.000425474 after 2 iterations
      AMG solver residual = 0.000472742 after 2 iterations
      AMG solver residual = 0.000504761 after 2 iterations
 subiteration:1/1
 subiteration:1/1
 subiteration:1/1
 subiteration:1/1
 subiteration:1/1
 subiteration:1/1
 subiteration:1/1
 subiteration:1/1
 subiteration:1/1
 subiteration:1/1
 subiteration:1/1
 subiteration:1/1
 subiteration:1/1
 subiteration:1/1
 subiteration:1/1
 subiteration:1/1
 subiteration:1/1
 subiteration:1/1
 subiteration:1/1
 subiteration:1/1
 subiteration:1/1
 subiteration:1/1
 subiteration:1/1
 subiteration:1/1
 subiteration:1/1
 subiteration:1/1
 subiteration:1/1
 subiteration:1/1
 subiteration:1/1
 subiteration:1/1
 subiteration:1/1
 subiteration:1/1
 subiteration:1/1
 subiteration:1/1
 subiteration:1/1
 subiteration:1/1
 subiteration:1/1
 subiteration:1/1
 subiteration:1/1
 subiteration:1/1
 subiteration:1/1
 subiteration:1/1
 subiteration:1/1
 subiteration:1/1
 subiteration:1/1
 subiteration:1/1
 subiteration:1/1
 subiteration:1/1
 subiteration:1/1
 subiteration:1/1
 subiteration:1/1
 subiteration:1/1
 subiteration:1/1
 subiteration:1/1
 subiteration:1/1
 subiteration:1/1
 subiteration:1/1
 subiteration:1/1
 subiteration:1/1
 subiteration:1/1
  Distribution Function Extrema:
 subiteration:1/1
 subiteration:1/1
 subiteration:1/1
 subiteration:1/1
    Species 0:	0.000644454 [max]	-1.7141e-17 [min]

Step 11 completed, simulation time is 1.1
      AMG solver residual = 0.000487448 after 2 iterations
      AMG solver residual = 0.000533646 after 2 iterations
      AMG solver residual = 0.000470376 after 2 iterations
      AMG solver residual = 0.000419678 after 2 iterations
      AMG solver residual = 0.000484307 after 2 iterations
      AMG solver residual = 0.000541221 after 2 iterations
      AMG solver residual = 0.000415073 after 2 iterations
      AMG solver residual = 0.000461069 after 2 iterations
      AMG solver residual = 0.0037282 after 1 iterations
      AMG solver residual = 0.00045896 after 2 iterations
      AMG solver residual = 0.000408253 after 2 iterations
      AMG solver residual = 0.000493195 after 2 iterations
      AMG solver residual = 0.00049548 after 2 iterations
 subiteration:1/1
 subiteration:1/1
 subiteration:1/1
 subiteration:1/1
 subiteration:1/1
 subiteration:1/1
 subiteration:1/1
 subiteration:1/1
 subiteration:1/1
 subiteration:1/1
 subiteration:1/1
 subiteration:1/1
 subiteration:1/1
 subiteration:1/1
 subiteration:1/1
 subiteration:1/1
 subiteration:1/1
 subiteration:1/1
 subiteration:1/1
 subiteration:1/1
  Distribution Function Extrema:
 subiteration:1/1
 subiteration:1/1
 subiteration:1/1
 subiteration:1/1
 subiteration:1/1
 subiteration:1/1
 subiteration:1/1
 subiteration:1/1
 subiteration:1/1
 subiteration:1/1
 subiteration:1/1
 subiteration:1/1
 subiteration:1/1
 subiteration:1/1
 subiteration:1/1
 subiteration:1/1
 subiteration:1/1
 subiteration:1/1
 subiteration:1/1
 subiteration:1/1
 subiteration:1/1
 subiteration:1/1
 subiteration:1/1
 subiteration:1/1
 subiteration:1/1
 subiteration:1/1
 subiteration:1/1
 subiteration:1/1
 subiteration:1/1
 subiteration:1/1
 subiteration:1/1
 subiteration:1/1
 subiteration:1/1
 subiteration:1/1
 subiteration:1/1
 subiteration:1/1
 subiteration:1/1
 subiteration:1/1
 subiteration:1/1
 subiteration:1/1
 subiteration:1/1
 subiteration:1/1
 subiteration:1/1
 subiteration:1/1
    Species 0:	0.000644454 [max]	-1.7141e-17 [min]

Step 12 completed, simulation time is 1.2
      AMG solver residual = 0.000470867 after 2 iterations
      AMG solver residual = 0.000540265 after 2 iterations
      AMG solver residual = 0.000445772 after 2 iterations
      AMG solver residual = 0.000393615 after 2 iterations
      AMG solver residual = 0.000497029 after 2 iterations
      AMG solver residual = 0.00053783 after 2 iterations
      AMG solver residual = 0.000444532 after 2 iterations
      AMG solver residual = 0.00047289 after 2 iterations
      AMG solver residual = 0.00361882 after 1 iterations
      AMG solver residual = 0.000433646 after 2 iterations
      AMG solver residual = 0.000372924 after 2 iterations
      AMG solver residual = 0.000497069 after 2 iterations
      AMG solver residual = 0.000456954 after 2 iterations
 subiteration:1/1
 subiteration:1/1
 subiteration:1/1
 subiteration:1/1
 subiteration:1/1
 subiteration:1/1
 subiteration:1/1
 subiteration:1/1
 subiteration:1/1
 subiteration:1/1
 subiteration:1/1
 subiteration:1/1
 subiteration:1/1
 subiteration:1/1
 subiteration:1/1
 subiteration:1/1
 subiteration:1/1
 subiteration:1/1
 subiteration:1/1
 subiteration:1/1
 subiteration:1/1
 subiteration:1/1
 subiteration:1/1
 subiteration:1/1
 subiteration:1/1
 subiteration:1/1
 subiteration:1/1
 subiteration:1/1
 subiteration:1/1
 subiteration:1/1
 subiteration:1/1
 subiteration:1/1
 subiteration:1/1
 subiteration:1/1
 subiteration:1/1
 subiteration:1/1
 subiteration:1/1
 subiteration:1/1
 subiteration:1/1
 subiteration:1/1
 subiteration:1/1
 subiteration:1/1
  Distribution Function Extrema:
 subiteration:1/1
 subiteration:1/1
 subiteration:1/1
 subiteration:1/1
 subiteration:1/1
 subiteration:1/1
 subiteration:1/1
 subiteration:1/1
 subiteration:1/1
 subiteration:1/1
 subiteration:1/1
 subiteration:1/1
 subiteration:1/1
 subiteration:1/1
 subiteration:1/1
 subiteration:1/1
 subiteration:1/1
 subiteration:1/1
 subiteration:1/1
 subiteration:1/1
 subiteration:1/1
 subiteration:1/1
    Species 0:	0.000644454 [max]	-1.71411e-17 [min]

Step 13 completed, simulation time is 1.3
      AMG solver residual = 0.000438002 after 2 iterations
      AMG solver residual = 0.000534481 after 2 iterations
      AMG solver residual = 0.000422373 after 2 iterations
      AMG solver residual = 0.000351755 after 2 iterations
      AMG solver residual = 0.000492708 after 2 iterations
      AMG solver residual = 0.000508884 after 2 iterations
      AMG solver residual = 0.000464198 after 2 iterations
      AMG solver residual = 0.000491608 after 2 iterations
      AMG solver residual = 0.00351758 after 1 iterations
      AMG solver residual = 0.000415595 after 2 iterations
      AMG solver residual = 0.000330827 after 2 iterations
      AMG solver residual = 0.000483423 after 2 iterations
      AMG solver residual = 0.000394631 after 2 iterations
 subiteration:1/1
 subiteration:1/1
 subiteration:1/1
 subiteration:1/1
 subiteration:1/1
 subiteration:1/1
 subiteration:1/1
 subiteration:1/1
 subiteration:1/1
 subiteration:1/1
 subiteration:1/1
 subiteration:1/1
 subiteration:1/1
 subiteration:1/1
 subiteration:1/1
 subiteration:1/1
 subiteration:1/1
 subiteration:1/1
 subiteration:1/1
 subiteration:1/1
 subiteration:1/1
 subiteration:1/1
 subiteration:1/1
 subiteration:1/1
 subiteration:1/1
 subiteration:1/1
 subiteration:1/1
 subiteration:1/1
 subiteration:1/1
 subiteration:1/1
 subiteration:1/1
 subiteration:1/1
 subiteration:1/1
 subiteration:1/1
 subiteration:1/1
 subiteration:1/1
 subiteration:1/1
 subiteration:1/1
 subiteration:1/1
 subiteration:1/1
 subiteration:1/1
 subiteration:1/1
 subiteration:1/1
 subiteration:1/1
 subiteration:1/1
 subiteration:1/1
 subiteration:1/1
 subiteration:1/1
 subiteration:1/1
 subiteration:1/1
 subiteration:1/1
 subiteration:1/1
 subiteration:1/1
 subiteration:1/1
 subiteration:1/1
 subiteration:1/1
 subiteration:1/1
 subiteration:1/1
 subiteration:1/1
 subiteration:1/1
 subiteration:1/1
 subiteration:1/1
 subiteration:1/1
 subiteration:1/1
  Distribution Function Extrema:
    Species 0:	0.000644455 [max]	-1.71411e-17 [min]

Step 14 completed, simulation time is 1.4
      AMG solver residual = 0.000408006 after 2 iterations
      AMG solver residual = 0.000516875 after 2 iterations
      AMG solver residual = 0.000411485 after 2 iterations
      AMG solver residual = 0.000317505 after 2 iterations
      AMG solver residual = 0.000471772 after 2 iterations
      AMG solver residual = 0.000447349 after 2 iterations
      AMG solver residual = 0.000465969 after 2 iterations
      AMG solver residual = 0.000511979 after 2 iterations
      AMG solver residual = 0.0034708 after 1 iterations
      AMG solver residual = 0.000412103 after 2 iterations
      AMG solver residual = 0.000313518 after 2 iterations
      AMG solver residual = 0.000454559 after 2 iterations
      AMG solver residual = 0.000313695 after 2 iterations
 subiteration:1/1
 subiteration:1/1
 subiteration:1/1
 subiteration:1/1
 subiteration:1/1
 subiteration:1/1
 subiteration:1/1
 subiteration:1/1
 subiteration:1/1
 subiteration:1/1
 subiteration:1/1
  Distribution Function Extrema:
 subiteration:1/1
 subiteration:1/1
 subiteration:1/1
 subiteration:1/1
 subiteration:1/1
 subiteration:1/1
 subiteration:1/1
 subiteration:1/1
 subiteration:1/1
 subiteration:1/1
 subiteration:1/1
 subiteration:1/1
 subiteration:1/1
 subiteration:1/1
 subiteration:1/1
 subiteration:1/1
 subiteration:1/1
 subiteration:1/1
 subiteration:1/1
 subiteration:1/1
 subiteration:1/1
 subiteration:1/1
 subiteration:1/1
 subiteration:1/1
 subiteration:1/1
 subiteration:1/1
 subiteration:1/1
 subiteration:1/1
 subiteration:1/1
 subiteration:1/1
 subiteration:1/1
 subiteration:1/1
 subiteration:1/1
 subiteration:1/1
 subiteration:1/1
 subiteration:1/1
 subiteration:1/1
 subiteration:1/1
 subiteration:1/1
 subiteration:1/1
 subiteration:1/1
 subiteration:1/1
 subiteration:1/1
 subiteration:1/1
 subiteration:1/1
 subiteration:1/1
 subiteration:1/1
 subiteration:1/1
 subiteration:1/1
 subiteration:1/1
 subiteration:1/1
 subiteration:1/1
 subiteration:1/1
    Species 0:	0.000644455 [max]	-1.71411e-17 [min]

Step 15 completed, simulation time is 1.5
      AMG solver residual = 0.000399769 after 2 iterations
      AMG solver residual = 0.00049533 after 2 iterations
      AMG solver residual = 0.000415475 after 2 iterations
      AMG solver residual = 0.000320215 after 2 iterations
      AMG solver residual = 0.000438127 after 2 iterations
      AMG solver residual = 0.000347705 after 2 iterations
      AMG solver residual = 0.000452266 after 2 iterations
      AMG solver residual = 0.000530374 after 2 iterations
      AMG solver residual = 0.00350409 after 1 iterations
      AMG solver residual = 0.000420466 after 2 iterations
      AMG solver residual = 0.000333889 after 2 iterations
      AMG solver residual = 0.000417006 after 2 iterations
      AMG solver residual = 0.000226052 after 2 iterations
 subiteration:1/1
 subiteration:1/1
 subiteration:1/1
 subiteration:1/1
 subiteration:1/1
 subiteration:1/1
 subiteration:1/1
 subiteration:1/1
 subiteration:1/1
 subiteration:1/1
 subiteration:1/1
 subiteration:1/1
 subiteration:1/1
 subiteration:1/1
 subiteration:1/1
 subiteration:1/1
 subiteration:1/1
 subiteration:1/1
 subiteration:1/1
 subiteration:1/1
 subiteration:1/1
 subiteration:1/1
 subiteration:1/1
 subiteration:1/1
 subiteration:1/1
 subiteration:1/1
 subiteration:1/1
 subiteration:1/1
 subiteration:1/1
 subiteration:1/1
 subiteration:1/1
 subiteration:1/1
 subiteration:1/1
  Distribution Function Extrema:
 subiteration:1/1
 subiteration:1/1
 subiteration:1/1
 subiteration:1/1
 subiteration:1/1
 subiteration:1/1
 subiteration:1/1
 subiteration:1/1
 subiteration:1/1
 subiteration:1/1
 subiteration:1/1
 subiteration:1/1
 subiteration:1/1
 subiteration:1/1
 subiteration:1/1
 subiteration:1/1
 subiteration:1/1
 subiteration:1/1
 subiteration:1/1
 subiteration:1/1
 subiteration:1/1
 subiteration:1/1
 subiteration:1/1
 subiteration:1/1
 subiteration:1/1
 subiteration:1/1
 subiteration:1/1
 subiteration:1/1
 subiteration:1/1
 subiteration:1/1
 subiteration:1/1
    Species 0:	0.000644455 [max]	-1.71411e-17 [min]

Step 16 completed, simulation time is 1.6
      AMG solver residual = 0.000416459 after 2 iterations
      AMG solver residual = 0.000480177 after 2 iterations
      AMG solver residual = 0.000427207 after 2 iterations
      AMG solver residual = 0.000351209 after 2 iterations
      AMG solver residual = 0.000400432 after 2 iterations
      AMG solver residual = 0.000242598 after 2 iterations
      AMG solver residual = 0.000433449 after 2 iterations
      AMG solver residual = 0.000542335 after 2 iterations
      AMG solver residual = 0.00361717 after 1 iterations
      AMG solver residual = 0.000431779 after 2 iterations
      AMG solver residual = 0.00036886 after 2 iterations
      AMG solver residual = 0.000382313 after 2 iterations
      AMG solver residual = 0.00853074 after 1 iterations
 subiteration:1/1
 subiteration:1/1
 subiteration:1/1
 subiteration:1/1
 subiteration:1/1
 subiteration:1/1
 subiteration:1/1
 subiteration:1/1
 subiteration:1/1
 subiteration:1/1
 subiteration:1/1
 subiteration:1/1
 subiteration:1/1
 subiteration:1/1
 subiteration:1/1
 subiteration:1/1
 subiteration:1/1
 subiteration:1/1
 subiteration:1/1
 subiteration:1/1
 subiteration:1/1
 subiteration:1/1
 subiteration:1/1
 subiteration:1/1
 subiteration:1/1
 subiteration:1/1
 subiteration:1/1
 subiteration:1/1
 subiteration:1/1
 subiteration:1/1
 subiteration:1/1
 subiteration:1/1
 subiteration:1/1
 subiteration:1/1
 subiteration:1/1
 subiteration:1/1
 subiteration:1/1
 subiteration:1/1
 subiteration:1/1
 subiteration:1/1
 subiteration:1/1
 subiteration:1/1
 subiteration:1/1
 subiteration:1/1
 subiteration:1/1
 subiteration:1/1
 subiteration:1/1
 subiteration:1/1
 subiteration:1/1
 subiteration:1/1
 subiteration:1/1
 subiteration:1/1
 subiteration:1/1
 subiteration:1/1
 subiteration:1/1
 subiteration:1/1
 subiteration:1/1
 subiteration:1/1
 subiteration:1/1
 subiteration:1/1
 subiteration:1/1
 subiteration:1/1
 subiteration:1/1
 subiteration:1/1
  Distribution Function Extrema:
    Species 0:	0.000644455 [max]	-1.71411e-17 [min]

Step 17 completed, simulation time is 1.7
      AMG solver residual = 0.000443013 after 2 iterations
      AMG solver residual = 0.000465201 after 2 iterations
      AMG solver residual = 0.000437203 after 2 iterations
      AMG solver residual = 0.000384529 after 2 iterations
      AMG solver residual = 0.000372001 after 2 iterations
      AMG solver residual = 0.00881599 after 1 iterations
      AMG solver residual = 0.000421944 after 2 iterations
      AMG solver residual = 0.000544377 after 2 iterations
      AMG solver residual = 0.00374089 after 1 iterations
      AMG solver residual = 0.000438554 after 2 iterations
      AMG solver residual = 0.000397805 after 2 iterations
      AMG solver residual = 0.000364676 after 2 iterations
      AMG solver residual = 0.0058009 after 1 iterations
 subiteration:1/1
 subiteration:1/1
 subiteration:1/1
 subiteration:1/1
 subiteration:1/1
 subiteration:1/1
 subiteration:1/1
 subiteration:1/1
 subiteration:1/1
 subiteration:1/1
 subiteration:1/1
 subiteration:1/1
 subiteration:1/1
 subiteration:1/1
 subiteration:1/1
 subiteration:1/1
 subiteration:1/1
 subiteration:1/1
 subiteration:1/1
 subiteration:1/1
 subiteration:1/1
 subiteration:1/1
 subiteration:1/1
 subiteration:1/1
 subiteration:1/1
 subiteration:1/1
 subiteration:1/1
 subiteration:1/1
 subiteration:1/1
 subiteration:1/1
 subiteration:1/1
 subiteration:1/1
 subiteration:1/1
 subiteration:1/1
 subiteration:1/1
 subiteration:1/1
 subiteration:1/1
 subiteration:1/1
 subiteration:1/1
 subiteration:1/1
 subiteration:1/1
 subiteration:1/1
 subiteration:1/1
 subiteration:1/1
 subiteration:1/1
 subiteration:1/1
 subiteration:1/1
 subiteration:1/1
 subiteration:1/1
 subiteration:1/1
 subiteration:1/1
 subiteration:1/1
 subiteration:1/1
 subiteration:1/1
 subiteration:1/1
 subiteration:1/1
 subiteration:1/1
 subiteration:1/1
 subiteration:1/1
 subiteration:1/1
 subiteration:1/1
 subiteration:1/1
 subiteration:1/1
 subiteration:1/1
  Distribution Function Extrema:
    Species 0:	0.000644455 [max]	-1.71411e-17 [min]

Step 18 completed, simulation time is 1.8
      AMG solver residual = 0.00046116 after 2 iterations
      AMG solver residual = 0.000443174 after 2 iterations
      AMG solver residual = 0.000440376 after 2 iterations
      AMG solver residual = 0.000406806 after 2 iterations
      AMG solver residual = 0.000365732 after 2 iterations
      AMG solver residual = 0.00574981 after 1 iterations
      AMG solver residual = 0.000423869 after 2 iterations
      AMG solver residual = 0.000535344 after 2 iterations
      AMG solver residual = 0.00379271 after 1 iterations
      AMG solver residual = 0.000438918 after 2 iterations
      AMG solver residual = 0.000412172 after 2 iterations
      AMG solver residual = 0.000372401 after 2 iterations
      AMG solver residual = 0.00407198 after 1 iterations
 subiteration:1/1
 subiteration:1/1
 subiteration:1/1
 subiteration:1/1
 subiteration:1/1
 subiteration:1/1
 subiteration:1/1
 subiteration:1/1
 subiteration:1/1
 subiteration:1/1
 subiteration:1/1
 subiteration:1/1
 subiteration:1/1
 subiteration:1/1
 subiteration:1/1
 subiteration:1/1
 subiteration:1/1
 subiteration:1/1
 subiteration:1/1
 subiteration:1/1
 subiteration:1/1
 subiteration:1/1
 subiteration:1/1
 subiteration:1/1
 subiteration:1/1
 subiteration:1/1
 subiteration:1/1
 subiteration:1/1
 subiteration:1/1
 subiteration:1/1
 subiteration:1/1
 subiteration:1/1
 subiteration:1/1
  Distribution Function Extrema:
 subiteration:1/1
 subiteration:1/1
 subiteration:1/1
 subiteration:1/1
 subiteration:1/1
 subiteration:1/1
 subiteration:1/1
 subiteration:1/1
 subiteration:1/1
 subiteration:1/1
 subiteration:1/1
 subiteration:1/1
 subiteration:1/1
 subiteration:1/1
 subiteration:1/1
 subiteration:1/1
 subiteration:1/1
 subiteration:1/1
 subiteration:1/1
 subiteration:1/1
 subiteration:1/1
 subiteration:1/1
 subiteration:1/1
 subiteration:1/1
 subiteration:1/1
 subiteration:1/1
 subiteration:1/1
 subiteration:1/1
 subiteration:1/1
 subiteration:1/1
 subiteration:1/1
    Species 0:	0.000644455 [max]	-1.71411e-17 [min]

Step 19 completed, simulation time is 1.9
      AMG solver residual = 0.000461447 after 2 iterations
      AMG solver residual = 0.000417461 after 2 iterations
      AMG solver residual = 0.000437841 after 2 iterations
      AMG solver residual = 0.000412514 after 2 iterations
      AMG solver residual = 0.000384047 after 2 iterations
      AMG solver residual = 0.00390989 after 1 iterations
      AMG solver residual = 0.000434716 after 2 iterations
      AMG solver residual = 0.000514876 after 2 iterations
      AMG solver residual = 0.00375355 after 1 iterations
      AMG solver residual = 0.000436159 after 2 iterations
      AMG solver residual = 0.000408191 after 2 iterations
      AMG solver residual = 0.000399609 after 2 iterations
      AMG solver residual = 0.00298649 after 1 iterations
 subiteration:1/1
 subiteration:1/1
 subiteration:1/1
 subiteration:1/1
 subiteration:1/1
 subiteration:1/1
 subiteration:1/1
 subiteration:1/1
 subiteration:1/1
 subiteration:1/1
 subiteration:1/1
 subiteration:1/1
 subiteration:1/1
 subiteration:1/1
 subiteration:1/1
 subiteration:1/1
 subiteration:1/1
 subiteration:1/1
 subiteration:1/1
 subiteration:1/1
 subiteration:1/1
 subiteration:1/1
 subiteration:1/1
 subiteration:1/1
 subiteration:1/1
 subiteration:1/1
 subiteration:1/1
 subiteration:1/1
 subiteration:1/1
 subiteration:1/1
 subiteration:1/1
 subiteration:1/1
 subiteration:1/1
 subiteration:1/1
 subiteration:1/1
 subiteration:1/1
 subiteration:1/1
 subiteration:1/1
 subiteration:1/1
 subiteration:1/1
 subiteration:1/1
 subiteration:1/1
 subiteration:1/1
 subiteration:1/1
 subiteration:1/1
 subiteration:1/1
 subiteration:1/1
 subiteration:1/1
 subiteration:1/1
  Distribution Function Extrema:
 subiteration:1/1
 subiteration:1/1
 subiteration:1/1
 subiteration:1/1
 subiteration:1/1
 subiteration:1/1
 subiteration:1/1
 subiteration:1/1
 subiteration:1/1
 subiteration:1/1
 subiteration:1/1
 subiteration:1/1
 subiteration:1/1
 subiteration:1/1
 subiteration:1/1
    Species 0:	0.000644456 [max]	-1.71411e-17 [min]

Step 20 completed, simulation time is 2
Writing checkpoint file
Writing history file
      AMG solver residual = 0.00044606 after 2 iterations
      AMG solver residual = 0.000427903 after 2 iterations
      AMG solver residual = 0.000434661 after 2 iterations
      AMG solver residual = 0.00039954 after 2 iterations
      AMG solver residual = 0.000415224 after 2 iterations
      AMG solver residual = 0.00273355 after 1 iterations
      AMG solver residual = 0.000444319 after 2 iterations
      AMG solver residual = 0.000484508 after 2 iterations
      AMG solver residual = 0.003587 after 1 iterations
      AMG solver residual = 0.000435227 after 2 iterations
      AMG solver residual = 0.000386701 after 2 iterations
      AMG solver residual = 0.000429458 after 2 iterations
      AMG solver residual = 0.00218387 after 1 iterations
 subiteration:1/1
 subiteration:1/1
 subiteration:1/1
 subiteration:1/1
 subiteration:1/1
 subiteration:1/1
 subiteration:1/1
 subiteration:1/1
 subiteration:1/1
 subiteration:1/1
 subiteration:1/1
 subiteration:1/1
 subiteration:1/1
 subiteration:1/1
 subiteration:1/1
 subiteration:1/1
 subiteration:1/1
 subiteration:1/1
 subiteration:1/1
 subiteration:1/1
 subiteration:1/1
 subiteration:1/1
 subiteration:1/1
 subiteration:1/1
 subiteration:1/1
 subiteration:1/1
 subiteration:1/1
 subiteration:1/1
 subiteration:1/1
 subiteration:1/1
 subiteration:1/1
 subiteration:1/1
 subiteration:1/1
 subiteration:1/1
 subiteration:1/1
 subiteration:1/1
 subiteration:1/1
 subiteration:1/1
 subiteration:1/1
 subiteration:1/1
 subiteration:1/1
 subiteration:1/1
  Distribution Function Extrema:
 subiteration:1/1
 subiteration:1/1
 subiteration:1/1
 subiteration:1/1
 subiteration:1/1
 subiteration:1/1
 subiteration:1/1
 subiteration:1/1
 subiteration:1/1
 subiteration:1/1
 subiteration:1/1
 subiteration:1/1
 subiteration:1/1
 subiteration:1/1
 subiteration:1/1
 subiteration:1/1
 subiteration:1/1
 subiteration:1/1
 subiteration:1/1
 subiteration:1/1
 subiteration:1/1
 subiteration:1/1
    Species 0:	0.000644456 [max]	-1.71411e-17 [min]

Step 21 completed, simulation time is 2.1
      AMG solver residual = 0.000426541 after 2 iterations
      AMG solver residual = 0.000419914 after 2 iterations
      AMG solver residual = 0.000435407 after 2 iterations
      AMG solver residual = 0.000372078 after 2 iterations
      AMG solver residual = 0.000441091 after 2 iterations
      AMG solver residual = 0.00202785 after 1 iterations
      AMG solver residual = 0.000445128 after 2 iterations
      AMG solver residual = 0.000447816 after 2 iterations
      AMG solver residual = 0.00336107 after 1 iterations
      AMG solver residual = 0.000438438 after 2 iterations
      AMG solver residual = 0.000355853 after 2 iterations
      AMG solver residual = 0.000442994 after 2 iterations
      AMG solver residual = 0.00168246 after 1 iterations
 subiteration:1/1
 subiteration:1/1
 subiteration:1/1
 subiteration:1/1
 subiteration:1/1
 subiteration:1/1
 subiteration:1/1
 subiteration:1/1
 subiteration:1/1
 subiteration:1/1
 subiteration:1/1
 subiteration:1/1
 subiteration:1/1
 subiteration:1/1
 subiteration:1/1
 subiteration:1/1
 subiteration:1/1
 subiteration:1/1
 subiteration:1/1
 subiteration:1/1
 subiteration:1/1
 subiteration:1/1
 subiteration:1/1
 subiteration:1/1
 subiteration:1/1
 subiteration:1/1
 subiteration:1/1
  Distribution Function Extrema:
 subiteration:1/1
 subiteration:1/1
 subiteration:1/1
 subiteration:1/1
 subiteration:1/1
 subiteration:1/1
 subiteration:1/1
 subiteration:1/1
 subiteration:1/1
 subiteration:1/1
 subiteration:1/1
 subiteration:1/1
 subiteration:1/1
 subiteration:1/1
 subiteration:1/1
 subiteration:1/1
 subiteration:1/1
 subiteration:1/1
 subiteration:1/1
 subiteration:1/1
 subiteration:1/1
 subiteration:1/1
 subiteration:1/1
 subiteration:1/1
 subiteration:1/1
 subiteration:1/1
 subiteration:1/1
 subiteration:1/1
 subiteration:1/1
 subiteration:1/1
 subiteration:1/1
 subiteration:1/1
 subiteration:1/1
 subiteration:1/1
 subiteration:1/1
 subiteration:1/1
 subiteration:1/1
    Species 0:	0.000644457 [max]	-1.71412e-17 [min]

Step 22 completed, simulation time is 2.2
      AMG solver residual = 0.000417039 after 2 iterations
      AMG solver residual = 0.000346223 after 2 iterations
      AMG solver residual = 0.000440308 after 2 iterations
      AMG solver residual = 0.00034148 after 2 iterations
      AMG solver residual = 0.000444139 after 2 iterations
      AMG solver residual = 0.0016263 after 1 iterations
      AMG solver residual = 0.000436681 after 2 iterations
      AMG solver residual = 0.000406496 after 2 iterations
      AMG solver residual = 0.00305081 after 1 iterations
      AMG solver residual = 0.000443493 after 2 iterations
      AMG solver residual = 0.000328361 after 2 iterations
      AMG solver residual = 0.000424513 after 2 iterations
      AMG solver residual = 0.00149073 after 1 iterations
 subiteration:1/1
 subiteration:1/1
 subiteration:1/1
 subiteration:1/1
 subiteration:1/1
 subiteration:1/1
 subiteration:1/1
 subiteration:1/1
 subiteration:1/1
 subiteration:1/1
 subiteration:1/1
 subiteration:1/1
 subiteration:1/1
 subiteration:1/1
 subiteration:1/1
 subiteration:1/1
 subiteration:1/1
 subiteration:1/1
 subiteration:1/1
 subiteration:1/1
 subiteration:1/1
 subiteration:1/1
 subiteration:1/1
 subiteration:1/1
 subiteration:1/1
 subiteration:1/1
 subiteration:1/1
 subiteration:1/1
 subiteration:1/1
 subiteration:1/1
 subiteration:1/1
 subiteration:1/1
 subiteration:1/1
 subiteration:1/1
 subiteration:1/1
 subiteration:1/1
 subiteration:1/1
 subiteration:1/1
 subiteration:1/1
 subiteration:1/1
  Distribution Function Extrema:
 subiteration:1/1
 subiteration:1/1
 subiteration:1/1
 subiteration:1/1
 subiteration:1/1
 subiteration:1/1
 subiteration:1/1
 subiteration:1/1
 subiteration:1/1
 subiteration:1/1
 subiteration:1/1
 subiteration:1/1
 subiteration:1/1
 subiteration:1/1
 subiteration:1/1
 subiteration:1/1
 subiteration:1/1
 subiteration:1/1
 subiteration:1/1
 subiteration:1/1
 subiteration:1/1
 subiteration:1/1
 subiteration:1/1
 subiteration:1/1
    Species 0:	0.000644458 [max]	-1.71411e-17 [min]

Step 23 completed, simulation time is 2.3
      AMG solver residual = 0.000423992 after 2 iterations
      AMG solver residual = 0.000306652 after 2 iterations
      AMG solver residual = 0.000445129 after 2 iterations
      AMG solver residual = 0.000320137 after 2 iterations
      AMG solver residual = 0.00041124 after 2 iterations
      AMG solver residual = 0.00145885 after 1 iterations
      AMG solver residual = 0.00042533 after 2 iterations
      AMG solver residual = 0.000365331 after 2 iterations
      AMG solver residual = 0.00279303 after 1 iterations
      AMG solver residual = 0.000445427 after 2 iterations
      AMG solver residual = 0.000314458 after 2 iterations
      AMG solver residual = 0.000366772 after 2 iterations
      AMG solver residual = 0.00142257 after 1 iterations
 subiteration:1/1
 subiteration:1/1
 subiteration:1/1
 subiteration:1/1
 subiteration:1/1
 subiteration:1/1
 subiteration:1/1
 subiteration:1/1
 subiteration:1/1
 subiteration:1/1
 subiteration:1/1
 subiteration:1/1
 subiteration:1/1
 subiteration:1/1
 subiteration:1/1
 subiteration:1/1
 subiteration:1/1
 subiteration:1/1
 subiteration:1/1
 subiteration:1/1
 subiteration:1/1
 subiteration:1/1
 subiteration:1/1
 subiteration:1/1
 subiteration:1/1
 subiteration:1/1
 subiteration:1/1
 subiteration:1/1
 subiteration:1/1
 subiteration:1/1
 subiteration:1/1
 subiteration:1/1
 subiteration:1/1
 subiteration:1/1
 subiteration:1/1
 subiteration:1/1
 subiteration:1/1
 subiteration:1/1
 subiteration:1/1
 subiteration:1/1
 subiteration:1/1
 subiteration:1/1
 subiteration:1/1
 subiteration:1/1
 subiteration:1/1
 subiteration:1/1
 subiteration:1/1
 subiteration:1/1
 subiteration:1/1
 subiteration:1/1
 subiteration:1/1
 subiteration:1/1
 subiteration:1/1
 subiteration:1/1
 subiteration:1/1
 subiteration:1/1
 subiteration:1/1
 subiteration:1/1
 subiteration:1/1
 subiteration:1/1
 subiteration:1/1
  Distribution Function Extrema:
 subiteration:1/1
 subiteration:1/1
 subiteration:1/1
    Species 0:	0.000644459 [max]	-1.71413e-17 [min]

Step 24 completed, simulation time is 2.4
      AMG solver residual = 0.000440924 after 2 iterations
      AMG solver residual = 0.000362834 after 2 iterations
      AMG solver residual = 0.000444653 after 2 iterations
      AMG solver residual = 0.000314852 after 2 iterations
      AMG solver residual = 0.00034036 after 2 iterations
      AMG solver residual = 0.0014304 after 1 iterations
      AMG solver residual = 0.000420028 after 2 iterations
      AMG solver residual = 0.000308829 after 2 iterations
      AMG solver residual = 0.0023508 after 1 iterations
      AMG solver residual = 0.000440502 after 2 iterations
      AMG solver residual = 0.000317586 after 2 iterations
      AMG solver residual = 0.000278657 after 2 iterations
      AMG solver residual = 0.00143677 after 1 iterations
 subiteration:1/1
 subiteration:1/1
 subiteration:1/1
 subiteration:1/1
 subiteration:1/1
 subiteration:1/1
 subiteration:1/1
 subiteration:1/1
 subiteration:1/1
 subiteration:1/1
 subiteration:1/1
 subiteration:1/1
 subiteration:1/1
 subiteration:1/1
 subiteration:1/1
 subiteration:1/1
 subiteration:1/1
 subiteration:1/1
 subiteration:1/1
 subiteration:1/1
 subiteration:1/1
 subiteration:1/1
 subiteration:1/1
 subiteration:1/1
 subiteration:1/1
 subiteration:1/1
 subiteration:1/1
 subiteration:1/1
 subiteration:1/1
 subiteration:1/1
 subiteration:1/1
 subiteration:1/1
 subiteration:1/1
 subiteration:1/1
 subiteration:1/1
 subiteration:1/1
 subiteration:1/1
 subiteration:1/1
 subiteration:1/1
 subiteration:1/1
 subiteration:1/1
 subiteration:1/1
 subiteration:1/1
 subiteration:1/1
 subiteration:1/1
 subiteration:1/1
 subiteration:1/1
 subiteration:1/1
 subiteration:1/1
 subiteration:1/1
 subiteration:1/1
 subiteration:1/1
 subiteration:1/1
 subiteration:1/1
 subiteration:1/1
 subiteration:1/1
 subiteration:1/1
 subiteration:1/1
 subiteration:1/1
 subiteration:1/1
 subiteration:1/1
 subiteration:1/1
 subiteration:1/1
  Distribution Function Extrema:
 subiteration:1/1
    Species 0:	0.00064446 [max]	-1.71413e-17 [min]

Step 25 completed, simulation time is 2.5
      AMG solver residual = 0.000454845 after 2 iterations
      AMG solver residual = 0.000219277 after 2 iterations
      AMG solver residual = 0.000436618 after 2 iterations
      AMG solver residual = 0.000325265 after 2 iterations
      AMG solver residual = 0.000248613 after 2 iterations
      AMG solver residual = 0.00145174 after 1 iterations
      AMG solver residual = 0.000425672 after 2 iterations
      AMG solver residual = 0.000244612 after 2 iterations
      AMG solver residual = 0.00201338 after 1 iterations
      AMG solver residual = 0.000429136 after 2 iterations
      AMG solver residual = 0.000334372 after 2 iterations
      AMG solver residual = 0.000189878 after 2 iterations
      AMG solver residual = 0.00144287 after 1 iterations
 subiteration:1/1
 subiteration:1/1
 subiteration:1/1
 subiteration:1/1
 subiteration:1/1
 subiteration:1/1
 subiteration:1/1
 subiteration:1/1
 subiteration:1/1
 subiteration:1/1
 subiteration:1/1
 subiteration:1/1
  Distribution Function Extrema:
 subiteration:1/1
 subiteration:1/1
 subiteration:1/1
 subiteration:1/1
 subiteration:1/1
 subiteration:1/1
 subiteration:1/1
 subiteration:1/1
 subiteration:1/1
 subiteration:1/1
 subiteration:1/1
 subiteration:1/1
 subiteration:1/1
 subiteration:1/1
 subiteration:1/1
 subiteration:1/1
 subiteration:1/1
 subiteration:1/1
 subiteration:1/1
 subiteration:1/1
 subiteration:1/1
 subiteration:1/1
 subiteration:1/1
 subiteration:1/1
 subiteration:1/1
 subiteration:1/1
 subiteration:1/1
 subiteration:1/1
 subiteration:1/1
 subiteration:1/1
 subiteration:1/1
 subiteration:1/1
 subiteration:1/1
 subiteration:1/1
 subiteration:1/1
 subiteration:1/1
 subiteration:1/1
 subiteration:1/1
 subiteration:1/1
 subiteration:1/1
 subiteration:1/1
 subiteration:1/1
 subiteration:1/1
 subiteration:1/1
 subiteration:1/1
 subiteration:1/1
 subiteration:1/1
 subiteration:1/1
 subiteration:1/1
 subiteration:1/1
 subiteration:1/1
 subiteration:1/1
    Species 0:	0.000644462 [max]	-1.71415e-17 [min]

Step 26 completed, simulation time is 2.6
      AMG solver residual = 0.000456477 after 2 iterations
      AMG solver residual = 0.00823375 after 1 iterations
      AMG solver residual = 0.000423682 after 2 iterations
      AMG solver residual = 0.000345354 after 2 iterations
      AMG solver residual = 0.00981626 after 1 iterations
      AMG solver residual = 0.00304453 after 1 iterations
      AMG solver residual = 0.000438963 after 2 iterations
      AMG solver residual = 0.00857504 after 1 iterations
      AMG solver residual = 0.00358004 after 1 iterations
      AMG solver residual = 0.000416404 after 2 iterations
      AMG solver residual = 0.000356433 after 2 iterations
      AMG solver residual = 0.00737918 after 1 iterations
      AMG solver residual = 0.00248447 after 1 iterations
 subiteration:1/1
 subiteration:1/1
 subiteration:1/1
 subiteration:1/1
 subiteration:1/1
 subiteration:1/1
 subiteration:1/1
 subiteration:1/1
 subiteration:1/1
 subiteration:1/1
 subiteration:1/1
 subiteration:1/1
 subiteration:1/1
 subiteration:1/1
 subiteration:1/1
 subiteration:1/1
 subiteration:1/1
 subiteration:1/1
 subiteration:1/1
 subiteration:1/1
 subiteration:1/1
 subiteration:1/1
 subiteration:1/1
 subiteration:1/1
 subiteration:1/1
 subiteration:1/1
 subiteration:1/1
 subiteration:1/1
 subiteration:1/1
 subiteration:1/1
 subiteration:1/1
 subiteration:1/1
 subiteration:1/1
 subiteration:1/1
 subiteration:1/1
 subiteration:1/1
 subiteration:1/1
 subiteration:1/1
 subiteration:1/1
 subiteration:1/1
 subiteration:1/1
 subiteration:1/1
 subiteration:1/1
 subiteration:1/1
 subiteration:1/1
 subiteration:1/1
 subiteration:1/1
 subiteration:1/1
 subiteration:1/1
 subiteration:1/1
 subiteration:1/1
 subiteration:1/1
 subiteration:1/1
 subiteration:1/1
 subiteration:1/1
  Distribution Function Extrema:
 subiteration:1/1
 subiteration:1/1
 subiteration:1/1
 subiteration:1/1
 subiteration:1/1
 subiteration:1/1
 subiteration:1/1
 subiteration:1/1
 subiteration:1/1
    Species 0:	0.000644463 [max]	-1.71417e-17 [min]

Step 27 completed, simulation time is 2.7
      AMG solver residual = 0.000444641 after 2 iterations
      AMG solver residual = 0.00652318 after 1 iterations
      AMG solver residual = 0.000412581 after 2 iterations
      AMG solver residual = 0.000365545 after 2 iterations
      AMG solver residual = 0.00650638 after 1 iterations
      AMG solver residual = 0.0022937 after 1 iterations
      AMG solver residual = 0.000451017 after 2 iterations
      AMG solver residual = 0.00594839 after 1 iterations
      AMG solver residual = 0.0026674 after 1 iterations
      AMG solver residual = 0.000409564 after 2 iterations
      AMG solver residual = 0.000373258 after 2 iterations
      AMG solver residual = 0.00482911 after 1 iterations
      AMG solver residual = 0.00190384 after 1 iterations
 subiteration:1/1
 subiteration:1/1
 subiteration:1/1
 subiteration:1/1
 subiteration:1/1
 subiteration:1/1
 subiteration:1/1
 subiteration:1/1
 subiteration:1/1
 subiteration:1/1
 subiteration:1/1
 subiteration:1/1
 subiteration:1/1
 subiteration:1/1
 subiteration:1/1
 subiteration:1/1
 subiteration:1/1
 subiteration:1/1
 subiteration:1/1
 subiteration:1/1
 subiteration:1/1
 subiteration:1/1
 subiteration:1/1
 subiteration:1/1
 subiteration:1/1
 subiteration:1/1
 subiteration:1/1
 subiteration:1/1
 subiteration:1/1
 subiteration:1/1
 subiteration:1/1
 subiteration:1/1
 subiteration:1/1
 subiteration:1/1
 subiteration:1/1
 subiteration:1/1
  Distribution Function Extrema:
 subiteration:1/1
 subiteration:1/1
 subiteration:1/1
 subiteration:1/1
 subiteration:1/1
 subiteration:1/1
 subiteration:1/1
 subiteration:1/1
 subiteration:1/1
 subiteration:1/1
 subiteration:1/1
 subiteration:1/1
 subiteration:1/1
 subiteration:1/1
 subiteration:1/1
 subiteration:1/1
 subiteration:1/1
 subiteration:1/1
 subiteration:1/1
 subiteration:1/1
 subiteration:1/1
 subiteration:1/1
 subiteration:1/1
 subiteration:1/1
 subiteration:1/1
 subiteration:1/1
 subiteration:1/1
 subiteration:1/1
    Species 0:	0.000644467 [max]	-1.7142e-17 [min]

Step 28 completed, simulation time is 2.8
      AMG solver residual = 0.000425934 after 2 iterations
      AMG solver residual = 0.00439203 after 1 iterations
      AMG solver residual = 0.000410202 after 2 iterations
      AMG solver residual = 0.000376307 after 2 iterations
      AMG solver residual = 0.00428706 after 1 iterations
      AMG solver residual = 0.00177873 after 1 iterations
      AMG solver residual = 0.000453364 after 2 iterations
      AMG solver residual = 0.00395393 after 1 iterations
      AMG solver residual = 0.00188486 after 1 iterations
      AMG solver residual = 0.000413027 after 2 iterations
      AMG solver residual = 0.000377108 after 2 iterations
      AMG solver residual = 0.00321569 after 1 iterations
      AMG solver residual = 0.0014999 after 1 iterations
 subiteration:1/1
 subiteration:1/1
 subiteration:1/1
 subiteration:1/1
 subiteration:1/1
 subiteration:1/1
 subiteration:1/1
 subiteration:1/1
 subiteration:1/1
 subiteration:1/1
 subiteration:1/1
 subiteration:1/1
 subiteration:1/1
 subiteration:1/1
 subiteration:1/1
 subiteration:1/1
 subiteration:1/1
 subiteration:1/1
 subiteration:1/1
 subiteration:1/1
 subiteration:1/1
 subiteration:1/1
 subiteration:1/1
 subiteration:1/1
 subiteration:1/1
 subiteration:1/1
 subiteration:1/1
 subiteration:1/1
 subiteration:1/1
 subiteration:1/1
 subiteration:1/1
 subiteration:1/1
 subiteration:1/1
 subiteration:1/1
 subiteration:1/1
 subiteration:1/1
 subiteration:1/1
 subiteration:1/1
 subiteration:1/1
 subiteration:1/1
 subiteration:1/1
 subiteration:1/1
 subiteration:1/1
 subiteration:1/1
 subiteration:1/1
 subiteration:1/1
 subiteration:1/1
 subiteration:1/1
 subiteration:1/1
 subiteration:1/1
 subiteration:1/1
 subiteration:1/1
 subiteration:1/1
 subiteration:1/1
 subiteration:1/1
 subiteration:1/1
 subiteration:1/1
 subiteration:1/1
 subiteration:1/1
 subiteration:1/1
 subiteration:1/1
 subiteration:1/1
 subiteration:1/1
 subiteration:1/1
  Distribution Function Extrema:
    Species 0:	0.000644469 [max]	-1.71423e-17 [min]

Step 29 completed, simulation time is 2.9
      AMG solver residual = 0.000410938 after 2 iterations
      AMG solver residual = 0.00282485 after 1 iterations
      AMG solver residual = 0.000418167 after 2 iterations
      AMG solver residual = 0.000373107 after 2 iterations
      AMG solver residual = 0.00289361 after 1 iterations
      AMG solver residual = 0.00141462 after 1 iterations
      AMG solver residual = 0.000442077 after 2 iterations
      AMG solver residual = 0.00258966 after 1 iterations
      AMG solver residual = 0.00136361 after 1 iterations
      AMG solver residual = 0.000424019 after 2 iterations
      AMG solver residual = 0.000366999 after 2 iterations
      AMG solver residual = 0.00221269 after 1 iterations
      AMG solver residual = 0.00121037 after 1 iterations
 subiteration:1/1
 subiteration:1/1
 subiteration:1/1
 subiteration:1/1
 subiteration:1/1
 subiteration:1/1
 subiteration:1/1
 subiteration:1/1
 subiteration:1/1
 subiteration:1/1
 subiteration:1/1
 subiteration:1/1
 subiteration:1/1
 subiteration:1/1
 subiteration:1/1
 subiteration:1/1
 subiteration:1/1
 subiteration:1/1
 subiteration:1/1
 subiteration:1/1
 subiteration:1/1
 subiteration:1/1
 subiteration:1/1
 subiteration:1/1
 subiteration:1/1
 subiteration:1/1
 subiteration:1/1
 subiteration:1/1
 subiteration:1/1
 subiteration:1/1
 subiteration:1/1
 subiteration:1/1
 subiteration:1/1
 subiteration:1/1
 subiteration:1/1
 subiteration:1/1
 subiteration:1/1
 subiteration:1/1
 subiteration:1/1
 subiteration:1/1
 subiteration:1/1
 subiteration:1/1
 subiteration:1/1
 subiteration:1/1
 subiteration:1/1
 subiteration:1/1
 subiteration:1/1
 subiteration:1/1
 subiteration:1/1
 subiteration:1/1
 subiteration:1/1
 subiteration:1/1
 subiteration:1/1
 subiteration:1/1
 subiteration:1/1
 subiteration:1/1
 subiteration:1/1
 subiteration:1/1
 subiteration:1/1
 subiteration:1/1
 subiteration:1/1
 subiteration:1/1
 subiteration:1/1
 subiteration:1/1
  Distribution Function Extrema:
    Species 0:	0.000644473 [max]	-1.71428e-17 [min]

Step 30 completed, simulation time is 3
Writing checkpoint file
Writing history file
