** GKUnits ***********************************************************

==== Fundamental Units ===============================================
  NUMBER DENSITY    [1/m^3]: 1e+20
  TEMPERATURE           [eV]: 100000
  LENGTH                [m]: 1
  MASS                 [AMU]: 1
  MAGNETIC FIELD        [T]: 1
  CHARGE                [C]: 1.60218e-19
  BOLTZMANN CONSTANT  [J/K]: 1.38065e-23
  ELECTRIC CONSTANT   [F/m]: 8.85419e-12
  MAGNETIC CONSTANT   [H/m]: 1.25664e-06

==== Derived Units ===================================================

  THERMAL SPEED       [m/s]: 3.09497e+06
  TRANSIT TIME          [s]: 3.23105e-07
  MAGNETIC MOMENT     [J/T]: 8.01088e-15
  DIST. FUNCTION [s/(Am^6)]: 1.0737
  POTENTIAL             [V]: 100000
  GYROFREQUENCY       [1/s]: 9.57883e+07
  GYRORADIUS            [m]: 0.0323105
  DEBYE LENGTH          [m]: 0.000235082

==== Dimensionless Parameters =========================================

  LARMOR NUMBER            : 0.0323105
  DEBYE NUMBER             : 0.000235082

***********************************************************************
**** cellSp[0] = 0.0981748,  cellSp[1] = 0.0490874
**** dimensions = 64, 128
**** cellSp[0] = 0.0981748,  cellSp[1] = 0.0490874
**** dimensions = 64, 128
**** cellSp[0] = 0.0981748,  cellSp[1] = 0.0490874
**** dimensions = 64, 128
**** cellSp[0] = 0.0981748,  cellSp[1] = 0.0490874
**** dimensions = 64, 128
**** cellSp[0] = 0.0981748,  cellSp[1] = 0.0490874
**** dimensions = 64, 128
**** cellSp[0] = 0.0981748,  cellSp[1] = 0.0490874
**** dimensions = 64, 128
**** cellSp[0] = 0.0981748,  cellSp[1] = 0.0490874
**** dimensions = 64, 128
**** cellSp[0] = 0.0981748,  cellSp[1] = 0.0490874
**** dimensions = 64, 128
**** cellSp[0] = 0.0981748,  cellSp[1] = 0.0490874
**** dimensions = 64, 128
**** cellSp[0] = 0.0981748,  cellSp[1] = 0.0490874
**** dimensions = 64, 128
**** cellSp[0] = 0.0981748,  cellSp[1] = 0.0490874
**** dimensions = 64, 128
**** cellSp[0] = 0.0981748,  cellSp[1] = 0.0490874
**** dimensions = 64, 128
**** cellSp[0] = 0.0981748,  cellSp[1] = 0.0490874
**** dimensions = 64, 128
**** cellSp[0] = 0.0981748,  cellSp[1] = 0.0490874
**** dimensions = 64, 128
**** cellSp[0] = 0.0981748,  cellSp[1] = 0.0490874
**** dimensions = 64, 128
**** cellSp[0] = 0.0981748,  cellSp[1] = 0.0490874
**** dimensions = 64, 128
**** cellSp[0] = 0.0981748,  cellSp[1] = 0.0490874
**** dimensions = 64, 128
**** cellSp[0] = 0.0981748,  cellSp[1] = 0.0490874
**** dimensions = 64, 128
**** cellSp[0] = 0.0981748,  cellSp[1] = 0.0490874
**** dimensions = 64, 128
**** cellSp[0] = 0.0981748,  cellSp[1] = 0.0490874
**** dimensions = 64, 128
**** cellSp[0] = 0.0981748,  cellSp[1] = 0.0490874
**** dimensions = 64, 128
**** cellSp[0] = 0.0981748,  cellSp[1] = 0.0490874
**** dimensions = 64, 128
**** cellSp[0] = 0.0981748,  cellSp[1] = 0.0490874
**** dimensions = 64, 128
**** cellSp[0] = 0.0981748,  cellSp[1] = 0.0490874
**** dimensions = 64, 128
**** cellSp[0] = 0.0981748,  cellSp[1] = 0.0490874
**** dimensions = 64, 128
**** cellSp[0] = 0.0981748,  cellSp[1] = 0.0490874
**** dimensions = 64, 128
**** cellSp[0] = 0.0981748,  cellSp[1] = 0.0490874
**** dimensions = 64, 128
**** cellSp[0] = 0.0981748,  cellSp[1] = 0.0490874
**** dimensions = 64, 128
**** cellSp[0] = 0.0981748,  cellSp[1] = 0.0490874
**** dimensions = 64, 128
**** cellSp[0] = 0.0981748,  cellSp[1] = 0.0490874
**** dimensions = 64, 128
**** cellSp[0] = 0.0981748,  cellSp[1] = 0.0490874
**** dimensions = 64, 128
**** cellSp[0] = 0.0981748,  cellSp[1] = 0.0490874
**** dimensions = 64, 128
**** cellSp[0] = 0.0981748,  cellSp[1] = 0.0490874
**** dimensions = 64, 128
**** cellSp[0] = 0.0981748,  cellSp[1] = 0.0490874
**** dimensions = 64, 128
**** cellSp[0] = 0.0981748,  cellSp[1] = 0.0490874
**** dimensions = 64, 128
**** cellSp[0] = 0.0981748,  cellSp[1] = 0.0490874
**** dimensions = 64, 128
**** cellSp[0] = 0.0981748,  cellSp[1] = 0.0490874
**** dimensions = 64, 128
**** cellSp[0] = 0.0981748,  cellSp[1] = 0.0490874
**** dimensions = 64, 128
**** cellSp[0] = 0.0981748,  cellSp[1] = 0.0490874
**** dimensions = 64, 128
**** cellSp[0] = 0.0981748,  cellSp[1] = 0.0490874
**** dimensions = 64, 128
**** cellSp[0] = 0.0981748,  cellSp[1] = 0.0490874
**** dimensions = 64, 128
**** cellSp[0] = 0.0981748,  cellSp[1] = 0.0490874
**** dimensions = 64, 128
**** cellSp[0] = 0.0981748,  cellSp[1] = 0.0490874
**** dimensions = 64, 128
**** cellSp[0] = 0.0981748,  cellSp[1] = 0.0490874
**** dimensions = 64, 128
**** cellSp[0] = 0.0981748,  cellSp[1] = 0.0490874
**** dimensions = 64, 128
**** cellSp[0] = 0.0981748,  cellSp[1] = 0.0490874
**** dimensions = 64, 128
**** cellSp[0] = 0.0981748,  cellSp[1] = 0.0490874
**** dimensions = 64, 128
**** cellSp[0] = 0.0981748,  cellSp[1] = 0.0490874
**** dimensions = 64, 128
**** cellSp[0] = 0.0981748,  cellSp[1] = 0.0490874
**** dimensions = 64, 128
**** cellSp[0] = 0.0981748,  cellSp[1] = 0.0490874
**** dimensions = 64, 128
**** cellSp[0] = 0.0981748,  cellSp[1] = 0.0490874
**** dimensions = 64, 128
**** cellSp[0] = 0.0981748,  cellSp[1] = 0.0490874
**** dimensions = 64, 128
**** cellSp[0] = 0.0981748,  cellSp[1] = 0.0490874
**** dimensions = 64, 128
**** cellSp[0] = 0.0981748,  cellSp[1] = 0.0490874
**** dimensions = 64, 128
**** cellSp[0] = 0.0981748,  cellSp[1] = 0.0490874
**** dimensions = 64, 128
**** cellSp[0] = 0.0981748,  cellSp[1] = 0.0490874
**** dimensions = 64, 128
**** cellSp[0] = 0.0981748,  cellSp[1] = 0.0490874
**** dimensions = 64, 128
**** cellSp[0] = 0.0981748,  cellSp[1] = 0.0490874
**** dimensions = 64, 128
**** cellSp[0] = 0.0981748,  cellSp[1] = 0.0490874
**** dimensions = 64, 128
**** cellSp[0] = 0.0981748,  cellSp[1] = 0.0490874
**** dimensions = 64, 128
**** cellSp[0] = 0.0981748,  cellSp[1] = 0.0490874
**** dimensions = 64, 128
**** cellSp[0] = 0.0981748,  cellSp[1] = 0.0490874
**** dimensions = 64, 128
**** cellSp[0] = 0.0981748,  cellSp[1] = 0.0490874
**** dimensions = 64, 128
**** cellSp[0] = 0.0981748,  cellSp[1] = 0.0490874
**** dimensions = 64, 128
**** cellSp[0] = 0.0981748,  cellSp[1] = 0.0490874
**** dimensions = 64, 128
**** cellSp[0] = 0.0981748,  cellSp[1] = 0.0490874
**** dimensions = 64, 128
**** cellSp[0] = 0.0981748,  cellSp[1] = 0.0490874
**** dimensions = 64, 128
**** cellSp[0] = 0.0981748,  cellSp[1] = 0.0490874
**** dimensions = 64, 128
**** cellSp[0] = 0.0981748,  cellSp[1] = 0.0490874
**** dimensions = 64, 128
**** cellSp[0] = 0.0981748,  cellSp[1] = 0.0490874
**** dimensions = 64, 128
**** cellSp[0] = 0.0981748,  cellSp[1] = 0.0490874
**** dimensions = 64, 128
**** cellSp[0] = 0.0981748,  cellSp[1] = 0.0490874
**** dimensions = 64, 128
**** cellSp[0] = 0.0981748,  cellSp[1] = 0.0490874
**** dimensions = 64, 128
**** cellSp[0] = 0.0981748,  cellSp[1] = 0.0490874
**** dimensions = 64, 128
**** cellSp[0] = 0.0981748,  cellSp[1] = 0.0490874
**** dimensions = 64, 128
**** cellSp[0] = 0.0981748,  cellSp[1] = 0.0490874
**** dimensions = 64, 128
**** cellSp[0] = 0.0981748,  cellSp[1] = 0.0490874
**** dimensions = 64, 128
**** cellSp[0] = 0.0981748,  cellSp[1] = 0.0490874
**** dimensions = 64, 128
**** cellSp[0] = 0.0981748,  cellSp[1] = 0.0490874
**** dimensions = 64, 128
**** cellSp[0] = 0.0981748,  cellSp[1] = 0.0490874
**** dimensions = 64, 128
Constructing slab geometry...
xmax = 0.02, ymax = 0.02
Bz_inner = 3, Bz_outer = 3
By_inner  = 0
**** cellSp[0] = 0.0981748,  cellSp[1] = 0.0490874
**** dimensions = 64, 128
Done constructing slab geometry
**** cellSp[0] = 0.0981748,  cellSp[1] = 0.0490874
**** dimensions = 64, 128
**** cellSp[0] = 0.0981748,  cellSp[1] = 0.0490874
**** dimensions = 64, 128
**** cellSp[0] = 0.0981748,  cellSp[1] = 0.0490874
**** dimensions = 64, 128
**** cellSp[0] = 0.0981748,  cellSp[1] = 0.0490874
**** dimensions = 64, 128
**** cellSp[0] = 0.0981748,  cellSp[1] = 0.0490874
**** dimensions = 64, 128
**** cellSp[0] = 0.0981748,  cellSp[1] = 0.0490874
**** dimensions = 64, 128
**** cellSp[0] = 0.0981748,  cellSp[1] = 0.0490874
**** dimensions = 64, 128
**** cellSp[0] = 0.0981748,  cellSp[1] = 0.0490874
**** dimensions = 64, 128
**** cellSp[0] = 0.0981748,  cellSp[1] = 0.0490874
**** dimensions = 64, 128
**** cellSp[0] = 0.0981748,  cellSp[1] = 0.0490874
**** dimensions = 64, 128
**** cellSp[0] = 0.0981748,  cellSp[1] = 0.0490874
**** dimensions = 64, 128
**** cellSp[0] = 0.0981748,  cellSp[1] = 0.0490874
**** dimensions = 64, 128
**** cellSp[0] = 0.0981748,  cellSp[1] = 0.0490874
**** dimensions = 64, 128
**** cellSp[0] = 0.0981748,  cellSp[1] = 0.0490874
**** dimensions = 64, 128
**** cellSp[0] = 0.0981748,  cellSp[1] = 0.0490874
**** dimensions = 64, 128
**** cellSp[0] = 0.0981748,  cellSp[1] = 0.0490874
**** dimensions = 64, 128
   Configuration space box ((0,0) (7,15) (0,0)) is assigned to process 0
   Configuration space box ((8,0) (15,15) (0,0)) is assigned to process 1
   Configuration space box ((16,0) (23,15) (0,0)) is assigned to process 2
   Configuration space box ((24,0) (31,15) (0,0)) is assigned to process 3
   Configuration space box ((32,0) (39,15) (0,0)) is assigned to process 4
   Configuration space box ((40,0) (47,15) (0,0)) is assigned to process 5
   Configuration space box ((48,0) (55,15) (0,0)) is assigned to process 6
   Configuration space box ((56,0) (63,15) (0,0)) is assigned to process 7
   Configuration space box ((0,16) (7,31) (0,0)) is assigned to process 8
   Configuration space box ((8,16) (15,31) (0,0)) is assigned to process 9
   Configuration space box ((16,16) (23,31) (0,0)) is assigned to process 10
   Configuration space box ((24,16) (31,31) (0,0)) is assigned to process 11
   Configuration space box ((32,16) (39,31) (0,0)) is assigned to process 12
   Configuration space box ((40,16) (47,31) (0,   Phase space box ((32,32,0,0) (39,47,31,31) (0,0,0,0)) is assigned to process 41, has 131072 valid cells and 483328 ghost cells
   Phase space box ((16,96,0,0) (23,111,31,31) (0,0,0,0)) is assigned to process 101, has 131072 valid cells and 483328 ghost cells
   Phase space box ((40,32,-32,0) (47,47,-1,31) (0,0,0,0)) is assigned to process 42, has 131072 valid cells and 483328 ghost cells
   Phase space box ((8,48,0,0) (15,63,31,31) (0,0,0,0)) is assigned to process 51, has 131072 valid cells and 483328 ghost cells
   Phase space box ((32,112,0,0) (39,127,31,31) (0,0,0,0)) is assigned to process 121, has 131072 valid cells and 483328 ghost cells
   Phase space box ((16,48,0,0) (23,63,31,31) (0,0,0,0)) is assigned to process 53, has 131072 valid cells and 483328 ghost cells
   Phase space box ((0,96,0,0) (7,111,31,31) (0,0,0,0)) is assigned to process 97, has 131072 valid cells and 483328 ghost cells
   Phase space box ((32,48,0,0) (39,63,31,31) (0,0,0,0)) is assigned to process 57, has 131072 valid cells and 483328 ghost cells
   Phase space box ((8,96,-32,0) (15,111,-1,31) (0,0,0,0)) is assigned to process 98, has 131072 valid cells and 483328 ghost cells
   Phase space box ((16,32,-32,0) (23,47,-1,31) (0,0,0,0)) is assigned to process 36, has 131072 valid cells and 483328 ghost cells
   Phase space box ((16,96,-32,0) (23,111,-1,31) (0,0,0,0)) is assigned to process 100, has 131072 valid cells and 483328 ghost cells
   Phase space box ((16,32,0,0) (23,47,31,31) (0,0,0,0)) is assigned to process 37, has 131072 valid cells and 483328 ghost cells
   Phase space box ((24,96,-32,0) (31,111,-1,31) (0,0,0,0)) is assigned to process 102, has 131072 valid cells and 483328 ghost cells
   Phase space box ((24,32,-32,0) (31,47,-1,31) (0,0,0,0)) is assigned to process 38, has 131072 valid cells and 483328 ghost cells
   Phase space box ((32,96,-32,0) (39,111,-1,31) (0,0,0,0)) is assigned to process 104, has 131072 valid cells and 483328 ghost cells
   Phase space box ((24,32,0,0) (31,47,31,31) (0,0,0,0)) is assigned to process 39, has 131072 valid cells and 483328 ghost cells
   Phase space box ((40,96,-32,0) (47,111,-1,31) (0,0,0,0)) is assigned to process 106, has 131072 valid cells and 483328 ghost cells
   Phase space box ((40,32,0,0) (47,47,31,31) (0,0,0,0)) is assigned to process 43, has 131072 valid cells and 483328 ghost cells
   Phase space box ((40,96,0,0) (47,111,31,31) (0,0,0,0)) is assigned to process 107, has 131072 valid cells and 483328 ghost cells
   Phase space box ((48,32,-32,0) (55,47,-1,31) (0,0,0,0)) is assigned to process 44, has 131072 valid cells and 483328 ghost cells
   Phase space box ((48,96,-32,0) (55,111,-1,31) (0,0,0,0)) is assigned to process 108, has 131072 valid cells and 483328 ghost cells
   Phase space box ((48,32,0,0) (55,47,31,31) (0,0,0,0)) is assigned to process 45, has 131072 valid cells and 483328 ghost cells
   Phase space box ((48,96,0,0) (55,111,31,31) (0,0,0,0)) is assigned to process 109, has 131072 valid cells and 483328 ghost cells
   Phase space box ((56,32,-32,0) (63,47,-1,31) (0,0,0,0)) is assigned to process 46, has 131072 valid cells and 483328 ghost cells
   Phase space box ((56,96,0,0) (63,111,31,31) (0,0,0,0)) is assigned to process 111, has 131072 valid cells and 483328 ghost cells
   Phase space box ((0,48,0,0) (7,63,31,31) (0,0,0,0)) is assigned to process 49, has 131072 valid cells and 483328 ghost cells
   Phase space box ((0,112,-32,0) (7,127,-1,31) (0,0,0,0)) is assigned to process 112, has 131072 valid cells and 483328 ghost cells
   Phase space box ((16,48,-32,0) (23,63,-1,31) (0,0,0,0)) is assigned to process 52, has 131072 valid cells and 483328 ghost cells
   Phase space box ((8,112,-32,0) (15,127,-1,31) (0,0,0,0)) is assigned to process 114, has 131072 valid cells and 483328 ghost cells
   Phase space box ((24,48,-32,0) (31,63,-1,31) (0,0,0,0)) is assigned to process 54, has 131072 valid cells and 483328 ghost cells
   Phase space box ((8,112,0,0) (15,127,31,31) (0,0,0,0)) is assigned to process 115, has 131072 valid cells and 483328 ghost cells
   Phase space box ((24,48,0,0) (31,63,31,31) (0,0,0,0)) is assigned to process 55, has 131072 valid cells and 483328 ghost cells
   Phase space box ((16,112,-32,0) (23,127,-1,31) (0,0,0,0)) is assigned to process 116, has 131072 valid cells and 483328 ghost cells
   Phase space box ((40,48,-32,0) (47,63,-1,31) (0,0,0,0)) is assigned to process 58, has 131072 valid cells and 483328 ghost cells
   Phase space box ((24,112,0,0) (31,127,31,31) (0,0,0,0)) is assigned to process 119, has 131072 valid cells and 483328 ghost cells
   Phase space box ((56,48,-32,0) (63,63,-1,31) (0,0,0,0)) is assigned to process 62, has 131072 valid cells and 483328 ghost cells
   Phase space box ((32,112,-32,0) (39,127,-1,31) (0,0,0,0)) is assigned to process 120, has 131072 valid cells and 483328 ghost cells
   Phase space box ((56,48,0,0) (63,63,31,31) (0,0,0,0)) is assigned to process 63, has 131072 valid cells and 483328 ghost cells
   Phase space box ((40,112,-32,0) (47,127,-1,31) (0,0,0,0)) is assigned to process 122, has 131072 valid cells and 483328 ghost cells
   Phase space box ((0,32,-32,0) (7,47,-1,31) (0,0,0,0)) is assigned to process 32, has 131072 valid cells and 483328 ghost cells
   Phase space box ((40,112,0,0) (47,127,31,31) (0,0,0,0)) is assigned to process 123, has 131072 valid cells and 483328 ghost cells
   Phase space box ((0,32,0,0) (7,47,31,31) (0,0,0,0)) is assigned to process 33, has 131072 valid cells and 483328 ghost cells
   Phase space box ((48,112,0,0) (55,127,31,31) (0,0,0,0)) is assigned to process 125, has 131072 valid cells and 483328 ghost cells
   Phase space box ((8,32,-32,0) (15,47,-1,31) (0,0,0,0)) is assigned to process 34, has 131072 valid cells and 483328 ghost cells
   Phase space box ((56,112,-32,0) (63,127,-1,31) (0,0,0,0)) is assigned to process 126, has 131072 valid cells and 483328 ghost cells
   Phase space box ((8,32,0,0) (15,47,31,31) (0,0,0,0)) is assigned to process 35, has 131072 valid cells and 483328 ghost cells
   Phase space box ((56,112,0,0) (63,127,31,31) (0,0,0,0)) is assigned to process 127, has 131072 valid cells and 483328 ghost cells
   Phase space box ((32,32,-32,0) (39,47,-1,31) (0,0,0,0)) is assigned to process 40, has 131072 valid cells and 483328 ghost cells
   Phase space box ((0,96,-32,0) (7,111,-1,31) (0,0,0,0)) is assigned to process 96, has 131072 valid cells and 483328 ghost cells
   Phase space box ((56,32,0,0) (63,47,31,31) (0,0,0,0)) is assigned to process 47, has 131072 valid cells and 483328 ghost cells
   Phase space box ((8,96,0,0) (15,111,31,31) (0,0,0,0)) is assigned to process 99, has 131072 valid cells and 483328 ghost cells
   Phase space box ((0,48,-32,0) (7,63,-1,31) (0,0,0,0)) is assigned to process 48, has 131072 valid cells and 483328 ghost cells
   Phase space box ((24,96,0,0) (31,111,31,31) (0,0,0,0)) is assigned to process 103, has 131072 valid cells and 483328 ghost cells
   Phase space box ((8,48,-32,0) (15,63,-1,31) (0,0,0,0)) is assigned to process 50, has 131072 valid cells and 483328 ghost cells
   Phase space box ((32,96,0,0) (39,111,31,31) (0,0,0,0)) is assigned to process 105, has 131072 valid cells and 483328 ghost cells
   Phase space box ((32,48,-32,0) (39,63,-1,31) (0,0,0,0)) is assigned to process 56, has 131072 valid cells and 483328 ghost cells
   Phase space box ((56,96,-32,0) (63,111,-1,31) (0,0,0,0)) is assigned to process 110, has 131072 valid cells and 483328 ghost cells
   Phase space box ((40,48,0,0) (47,63,31,31) (0,0,0,0)) is assigned to process 59, has 131072 valid cells and 483328 ghost cells
   Phase space box ((0,112,0,0) (7,127,31,31) (0,0,0,0)) is assigned to process 113, has 131072 valid cells and 483328 ghost cells
   Phase space box ((48,48,-32,0) (55,63,-1,31) (0,0,0,0)) is assigned to process 60, has 131072 valid cells and 483328 ghost cells
   Phase space box ((16,112,0,0) (23,127,31,31) (0,0,0,0)) is assigned to process 117, has 131072 valid cells and 483328 ghost cells
   Phase space box ((48,48,0,0) (55,63,31,31) (0,0,0,0)) is assigned to process 61, has 131072 valid cells and 483328 ghost cells
   Phase space box ((24,112,-32,0) (31,127,-1,31) (0,0,0,0)) is assigned to process 118, has 131072 valid cells and 483328 ghost cells
**** cellSp[0] = 0.0981748,  cellSp[1] = 0.0490874
**** dimensions = 64, 128
   Phase space box ((48,112,-32,0) (55,127,-1,31) (0,0,0,0)) is assigned to process 124, has 131072 valid cells and 483328 ghost cells
**** cellSp[0] = 0.0981748,  cellSp[1] = 0.0490874
**** dimensions = 64, 128
**** cellSp[0] = 0.0981748,  cellSp[1] = 0.0490874
**** dimensions = 64, 128
**** cellSp[0] = 0.0981748,  cellSp[1] = 0.0490874
**** dimensions = 64, 128
**** cellSp[0] = 0.0981748,  cellSp[1] = 0.0490874
**** dimensions = 64, 128
**** cellSp[0] = 0.0981748,  cellSp[1] = 0.0490874
**** dimensions = 64, 128
**** cellSp[0] = 0.0981748,  cellSp[1] = 0.0490874
**** dimensions = 64, 128
**** cellSp[0] = 0.0981748,  cellSp[1] = 0.0490874
**** dimensions = 64, 128
**** cellSp[0] = 0.0981748,  cellSp[1] = 0.0490874
**** dimensions = 64, 128
**** cellSp[0] = 0.0981748,  cellSp[1] = 0.0490874
**** dimensions = 64, 128
**** cellSp[0] = 0.0981748,  cellSp[1] = 0.0490874
**** dimensions = 64, 128
**** cellSp[0] = 0.0981748,  cellSp[1] = 0.0490874
**** dimensions = 64, 128
**** cellSp[0] = 0.0981748,  cellSp[1] = 0.0490874
**** dimensions = 64, 128
**** cellSp[0] = 0.0981748,  cellSp[1] = 0.0490874
**** dimensions = 64, 128
**** cellSp[0] = 0.0981748,  cellSp[1] = 0.0490874
**** dimensions = 64, 128
**** cellSp[0] = 0.0981748,  cellSp[1] = 0.0490874
**** dimensions = 64, 128
**** cellSp[0] = 0.0981748,  cellSp[1] = 0.0490874
**** dimensions = 64, 128
**** cellSp[0] = 0.0981748,  cellSp[1] = 0.0490874
**** dimensions = 64, 128
**** cellSp[0] = 0.0981748,  cellSp[1] = 0.0490874
**** dimensions = 64, 128
**** cellSp[0] = 0.0981748,  cellSp[1] = 0.0490874
**** dimensions = 64, 128
**** cellSp[0] = 0.0981748,  cellSp[1] = 0.0490874
**** dimensions = 64, 128
**** cellSp[0] = 0.0981748,  cellSp[1] = 0.0490874
**** dimensions = 64, 128
**** cellSp[0] = 0.0981748,  cellSp[1] = 0.0490874
**** dimensions = 64, 128
**** cellSp[0] = 0.0981748,  cellSp[1] = 0.0490874
**** dimensions = 64, 128
**** cellSp[0] = 0.0981748,  cellSp[1] = 0.0490874
**** dimensions = 64, 128
**** cellSp[0] = 0.0981748,  cellSp[1] = 0.0490874
**** dimensions = 64, 128
**** cellSp[0] = 0.0981748,  cellSp[1] = 0.0490874
**** dimensions = 64, 128
**** cellSp[0] = 0.0981748,  cellSp[1] = 0.0490874
**** dimensions = 64, 128
**** cellSp[0] = 0.0981748,  cellSp[1] = 0.0490874
**** dimensions = 64, 128
**** cellSp[0] = 0.0981748,  cellSp[1] = 0.0490874
**** dimensions = 64, 128
**** cellSp[0] = 0.0981748,  cellSp[1] = 0.0490874
**** dimensions = 64, 128
   Phase space box ((0,80,0,0) (7,95,31,31) (0,0,0,0)) is assigned to process 81, has 131072 valid cells and 483328 ghost cells
   Phase space box ((8,80,0,0) (15,95,31,31) (0,0,0,0)) is assigned to process 83, has 131072 valid cells and 483328 ghost cells
   Phase space box ((16,80,0,0) (23,95,31,31) (0,0,0,0)) is assigned to process 85, has 131072 valid cells and 483328 ghost cells
   Phase space box ((32,80,-32,0) (39,95,-1,31) (0,0,0,0)) is assigned to process 88, has 131072 valid cells and 483328 ghost cells
   Phase space box ((40,80,-32,0) (47,95,-1,31) (0,0,0,0)) is assigned to process 90, has 131072 valid cells and 483328 ghost cells
   Phase space box ((0,64,-32,0) (7,79,-1,31) (0,0,0,0)) is assigned to process 64, has 131072 valid cells and 483328 ghost cells
   Phase space box ((0,64,0,0) (7,79,31,31) (0,0,0,0)) is assigned to process 65, has 131072 valid cells and 483328 ghost cells
   Phase space box ((8,64,-32,0) (15,79,-1,31) (0,0,0,0)) is assigned to process 66, has 131072 valid cells and 483328 ghost cells
   Phase space box ((8,64,0,0) (15,79,31,31) (0,0,0,0)) is assigned to process 67, has 131072 valid cells and 483328 ghost cells
   Phase space box ((16,64,-32,0) (23,79,-1,31) (0,0,0,0)) is assigned to process 68, has 131072 valid cells and 483328 ghost cells
   Phase space box ((16,64,0,0) (23,79,31,31) (0,0,0,0)) is assigned to process 69, has 131072 valid cells and 483328 ghost cells
   Phase space box ((24,64,-32,0) (31,79,-1,31) (0,0,0,0)) is assigned to process 70, has 131072 valid cells and 483328 ghost cells
   Phase space box ((24,64,0,0) (31,79,31,31) (0,0,0,0)) is assigned to process 71, has 131072 valid cells and 483328 ghost cells
   Phase space box ((32,64,-32,0) (39,79,-1,31) (0,0,0,0)) is assigned to process 72, has 131072 valid cells and 483328 ghost cells
   Phase space box ((32,64,0,0) (39,79,31,31) (0,0,0,0)) is assigned to process 73, has 131072 valid cells and 483328 ghost cells
   Phase space box ((40,64,-32,0) (47,79,-1,31) (0,0,0,0)) is assigned to process 74, has 131072 valid cells and 483328 ghost cells
   Phase space box ((40,64,0,0) (47,79,31,31) (0,0,0,0)) is assigned to process 75, has 131072 valid cells and 483328 ghost cells
   Phase space box ((48,64,-32,0) (55,79,-1,31) (0,0,0,0)) is assigned to process 76, has 131072 valid cells and 483328 ghost cells
   Phase space box ((48,64,0,0) (55,79,31,31) (0,0,0,0)) is assigned to process 77, has 131072 valid cells and 483328 ghost cells
   Phase space box ((56,64,-32,0) (63,79,-1,31) (0,0,0,0)) is assigned to process 78, has 131072 valid cells and 483328 ghost cells
   Phase space box ((56,64,0,0) (63,79,31,31) (0,0,0,0)) is assigned to process 79, has 131072 valid cells and 483328 ghost cells
   Phase space box ((0,80,-32,0) (7,95,-1,31) (0,0,0,0)) is assigned to process 80, has 131072 valid cells and 483328 ghost cells
   Phase space box ((8,80,-32,0) (15,95,-1,31) (0,0,0,0)) is assigned to process 82, has 131072 valid cells and 483328 ghost cells
   Phase space box ((16,80,-32,0) (23,95,-1,31) (0,0,0,0)) is assigned to process 84, has 131072 valid cells and 483328 ghost cells
   Phase space box ((24,80,-32,0) (31,95,-1,31) (0,0,0,0)) is assigned to process 86, has 131072 valid cells and 483328 ghost cells
   Phase space box ((24,80,0,0) (31,95,31,31) (0,0,0,0)) is assigned to process 87, has 131072 valid cells and 483328 ghost cells
   Phase space box ((32,80,0,0) (39,95,31,31) (0,0,0,0)) is assigned to process 89, has 131072 valid cells and 483328 ghost cells
   Phase space box ((40,80,0,0) (47,95,31,31) (0,0,0,0)) is assigned to process 91, has 131072 valid cells and 483328 ghost cells
   Phase space box ((48,80,-32,0) (55,95,-1,31) (0,0,0,0)) is assigned to process 92, has 131072 valid cells and 483328 ghost cells
   Phase space box ((48,80,0,0) (55,95,31,31) (0,0,0,0)) is assigned to process 93, has 131072 valid cells and 483328 ghost cells
   Phase space box ((56,80,-32,0) (63,95,-1,31) (0,0,0,0)) is assigned to process 94, has 131072 valid cells and 483328 ghost cells
   Phase space box ((56,80,0,0) (63,95,31,31) (0,0,0,0)) is assigned to process 95, has 131072 valid cells and 483328 ghost cells
0)) is assigned to process 13
   Configuration space box ((48,16) (55,31) (0,0)) is assigned to process 14
   Configuration space box ((56,16) (63,31) (0,0)) is assigned to process 15
   Configuration space box ((0,32) (7,47) (0,0)) is assigned to process 16
   Configuration space box ((8,32) (15,47) (0,0)) is assigned to process 17
   Configuration space box ((16,32) (23,47) (0,0)) is assigned to process 18
   Configuration space box ((24,32) (31,47) (0,0)) is assigned to process 19
   Configuration space box ((32,32) (39,47) (0,0)) is assigned to process 20
   Configuration space box ((40,32) (47,47) (0,0)) is assigned to process 21
   Configuration space box ((48,32) (55,47) (0,0)) is assigned to process 22
   Configuration space box ((56,32) (63,47) (0,0)) is assigned to process 23
   Configuration space box ((0,48) (7,63) (0,0)) is assigned to process 24
   Configuration space box ((8,48) (15,63) (0,0)) is assigned to process 25
   Configuration space box ((16,48) (23,63) (0,0)) is assigned to process 26
   Configuration space box ((24,48) (31,63) (0,0)) is assigned to process 27
   Configuration space box ((32,48) (39,63) (0,0)) is assigned to process 28
   Configuration space box ((40,48) (47,63) (0,0)) is assigned to process 29
   Configuration space box ((48,48) (55,63) (0,0)) is assigned to process 30
   Configuration space box ((56,48) (63,63) (0,0)) is assigned to process 31
   Configuration space box ((0,64) (7,79) (0,0)) is assigned to process 32
   Configuration space box ((8,64) (15,79) (0,0)) is assigned to process 33
   Configuration space box ((16,64) (23,79) (0,0)) is assigned to process 34
   Configuration space box ((24,64) (31,79) (0,0)) is assigned to process 35
   Configuration space box ((32,64) (39,79) (0,0)) is assigned to process 36
   Configuration space box ((40,64) (47,79) (0,0)) is assigned to process 37
   Configuration space box ((48,64) (55,79) (0,0)) is assigned to process 38
   Configuration space box ((56,64) (63,79) (0,0)) is assigned to process 39
   Configuration space box ((0,80) (7,95) (0,0)) is assigned to process 40
   Configuration space box ((8,80) (15,95) (0,0)) is assigned to process 41
   Configuration space box ((16,80) (23,95) (0,0)) is assigned to process 42
   Configuration space box ((24,80) (31,95) (0,0)) is assigned to process 43
   Configuration space box ((32,80) (39,95) (0,0)) is assigned to process 44
   Configuration space box ((40,80) (47,95) (0,0)) is assigned to process 45
   Configuration space box ((48,80) (55,95) (0,0)) is assigned to process 46
   Configuration space box ((56,80) (63,95) (0,0)) is assigned to process 47
   Configuration space box ((0,96) (7,111) (0,0)) is assigned to process 48
   Configuration space box ((8,96) (15,111) (0,0)) is assigned to process 49
   Configuration space box ((16,96) (23,111) (0,0)) is assigned to process 50
   Configuration space box ((24,96) (31,111) (0,0)) is assigned to process 51
   Configuration space box ((32,96) (39,111) (0,0)) is assigned to process 52
   Configuration space box ((40,96) (47,111) (0,0)) is assigned to process 53
   Configuration space box ((48,96) (55,111) (0,0)) is assigned to process 54
   Configuration space box ((56,96) (63,111) (0,0)) is assigned to process 55
   Configuration space box ((0,112) (7,127) (0,0)) is assigned to process 56
   Configuration space box ((8,112) (15,127) (0,0)) is assigned to process 57
   Configuration space box ((16,112) (23,127) (0,0)) is assigned to process 58
   Configuration space box ((24,112) (31,127) (0,0)) is assigned to process 59
   Configuration space box ((32,112) (39,127) (0,0)) is assigned to process 60
   Configuration space box ((40,112) (47,127) (0,0)) is assigned to process 61
   Configuration space box ((48,112) (55,127) (0,0)) is assigned to process 62
   Configuration space box ((56,112) (63,127) (0,0)) is assigned to process 63
Constructing magnetic geometry
Done constructing magnetic geometry
   Velocity space box ((-32,0) (-25,7) (0,0)) is assigned to process 0
   Velocity space box ((-24,0) (-17,7) (0,0)) is assigned to process 1
   Velocity space box ((-16,0) (-9,7) (0,0)) is assigned to process 2
   Velocity space box ((-8,0) (-1,7) (0,0)) is assigned to process 3
   Velocity space box ((0,0) (7,7) (0,0)) is assigned to process 4
   Velocity space box ((8,0) (15,7) (0,0)) is assigned to process 5
   Velocity space box ((16,0) (23,7) (0,0)) is assigned to process 6
   Velocity space box ((24,0) (31,7) (0,0)) is assigned to process 7
   Velocity space box ((-32,8) (-25,15) (0,0)) is assigned to process 8
   Velocity space box ((-24,8) (-17,15) (0,0)) is assigned to process 9
   Velocity space box ((-16,8) (-9,15) (0,0)) is assigned to process 10
   Velocity space box ((-8,8) (-1,15) (0,0)) is assigned to process 11
   Velocity space box ((0,8) (7,15) (0,0)) is assigned to process 12
   Velocity space box ((8,8) (15,15) (0,0)) is assigned to process 13
   Velocity space box ((16,8) (23,15) (0,0)) is assigned to process 14
   Velocity space box ((24,8) (31,15) (0,0)) is assigned to process 15
   Velocity space box ((-32,16) (-25,23) (0,0)) is assigned to process 16
   Velocity space box ((-24,16) (-17,23) (0,0)) is assigned to process 17
   Velocity space box ((-16,16) (-9,23) (0,0)) is assigned to process 18
   Velocity space box ((-8,16) (-1,23) (0,0)) is assigned to process 19
   Velocity space box ((0,16) (7,23) (0,0)) is assigned to process 20
   Velocity space box ((8,16) (15,23) (0,0)) is assigned to process 21
   Velocity space box ((16,16) (23,23) (0,0)) is assigned to process 22
   Velocity space box ((24,16) (31,23) (0,0)) is assigned to process 23
   Velocity space box ((-32,24) (-25,31) (0,0)) is assigned to process 24
   Velocity space box ((-24,24) (-17,31) (0,0)) is assigned to process 25
   Velocity space box ((-16,24) (-9,31) (0,0)) is assigned to process 26
   Velocity space box ((-8,24) (-1,31) (0,0)) is assigned to process 27
   Velocity space box ((0,24) (7,31) (0,0)) is assigned to process 28
   Velocity space box ((8,24) (15,31) (0,0)) is assigned to process 29
   Velocity space box ((16,24) (23,31) (0,0)) is assigned to process 30
   Velocity space box ((24,24) (31,31) (0,0)) is assigned to process 31
   Phase space box ((16,0,0,0) (23,15,31,31) (0,0,0,0)) is assigned to process 5, has 131072 valid cells and 483328 ghost cells
   Phase space box ((48,0,0,0) (55,15,31,31) (0,0,0,0)) is assigned to process 13, has 131072 valid cells and 483328 ghost cells
   Phase space box ((8,16,-32,0) (15,31,-1,31) (0,0,0,0)) is assigned to process 18, has 131072 valid cells and 483328 ghost cells
   Phase space box ((16,16,0,0) (23,31,31,31) (0,0,0,0)) is assigned to process 21, has 131072 valid cells and 483328 ghost cells
   Phase space box ((40,16,-32,0) (47,31,-1,31) (0,0,0,0)) is assigned to process 26, has 131072 valid cells and 483328 ghost cells
   Phase space box ((40,16,0,0) (47,31,31,31) (0,0,0,0)) is assigned to process 27, has 131072 valid cells and 483328 ghost cells
   Phase space box ((0,0,-32,0) (7,15,-1,31) (0,0,0,0)) is assigned to process 0, has 131072 valid cells and 483328 ghost cells
   Phase space box ((0,0,0,0) (7,15,31,31) (0,0,0,0)) is assigned to process 1, has 131072 valid cells and 483328 ghost cells
   Phase space box ((8,0,-32,0) (15,15,-1,31) (0,0,0,0)) is assigned to process 2, has 131072 valid cells and 483328 ghost cells
   Phase space box ((8,0,0,0) (15,15,31,31) (0,0,0,0)) is assigned to process 3, has 131072 valid cells and 483328 ghost cells
   Phase space box ((16,0,-32,0) (23,15,-1,31) (0,0,0,0)) is assigned to process 4, has 131072 valid cells and 483328 ghost cells
   Phase space box ((24,0,-32,0) (31,15,-1,31) (0,0,0,0)) is assigned to process 6, has 131072 valid cells and 483328 ghost cells
   Phase space box ((24,0,0,0) (31,15,31,31) (0,0,0,0)) is assigned to process 7, has 131072 valid cells and 483328 ghost cells
   Phase space box ((32,0,-32,0) (39,15,-1,31) (0,0,0,0)) is assigned to process 8, has 131072 valid cells and 483328 ghost cells
   Phase space box ((32,0,0,0) (39,15,31,31) (0,0,0,0)) is assigned to process 9, has 131072 valid cells and 483328 ghost cells
   Phase space box ((40,0,-32,0) (47,15,-1,31) (0,0,0,0)) is assigned to process 10, has 131072 valid cells and 483328 ghost cells
   Phase space box ((40,0,0,0) (47,15,31,31) (0,0,0,0)) is assigned to process 11, has 131072 valid cells and 483328 ghost cells
   Phase space box ((48,0,-32,0) (55,15,-1,31) (0,0,0,0)) is assigned to process 12, has 131072 valid cells and 483328 ghost cells
   Phase space box ((56,0,-32,0) (63,15,-1,31) (0,0,0,0)) is assigned to process 14, has 131072 valid cells and 483328 ghost cells
   Phase space box ((56,0,0,0) (63,15,31,31) (0,0,0,0)) is assigned to process 15, has 131072 valid cells and 483328 ghost cells
   Phase space box ((0,16,-32,0) (7,31,-1,31) (0,0,0,0)) is assigned to process 16, has 131072 valid cells and 483328 ghost cells
   Phase space box ((0,16,0,0) (7,31,31,31) (0,0,0,0)) is assigned to process 17, has 131072 valid cells and 483328 ghost cells
   Phase space box ((8,16,0,0) (15,31,31,31) (0,0,0,0)) is assigned to process 19, has 131072 valid cells and 483328 ghost cells
   Phase space box ((16,16,-32,0) (23,31,-1,31) (0,0,0,0)) is assigned to process 20, has 131072 valid cells and 483328 ghost cells
   Phase space box ((24,16,-32,0) (31,31,-1,31) (0,0,0,0)) is assigned to process 22, has 131072 valid cells and 483328 ghost cells
   Phase space box ((24,16,0,0) (31,31,31,31) (0,0,0,0)) is assigned to process 23, has 131072 valid cells and 483328 ghost cells
   Phase space box ((32,16,-32,0) (39,31,-1,31) (0,0,0,0)) is assigned to process 24, has 131072 valid cells and 483328 ghost cells
   Phase space box ((32,16,0,0) (39,31,31,31) (0,0,0,0)) is assigned to process 25, has 131072 valid cells and 483328 ghost cells
   Phase space box ((48,16,-32,0) (55,31,-1,31) (0,0,0,0)) is assigned to process 28, has 131072 valid cells and 483328 ghost cells
   Phase space box ((48,16,0,0) (55,31,31,31) (0,0,0,0)) is assigned to process 29, has 131072 valid cells and 483328 ghost cells
   Phase space box ((56,16,-32,0) (63,31,-1,31) (0,0,0,0)) is assigned to process 30, has 131072 valid cells and 483328 ghost cells
   Phase space box ((56,16,0,0) (63,31,31,31) (0,0,0,0)) is assigned to process 31, has 131072 valid cells and 483328 ghost cells
Adding species and constructing gyrocenter coordinates...
   hydrogen: kinetic species with mass = 2, charge = 1
Done adding species and constructing coordinates

Grid Function Library =========================

"Ion_vpar_grid_func":
Constant grid function parameters:
  value: 0

"N0_grid_func":
Arbitrary grid function parameters:
  function: (1.0+0.1*exp(-(x-pi)^2/(2*pi*0.001/0.02)))*(1+0.00001*cos(2*y))

"T0_grid_func":
Cosine grid function parameters:
  constant: 0.2
  amplitude: 0
  mode: (1,0)
  phase: (0,0)

"eN0_grid_func":
Arbitrary grid function parameters:
  function: (1.5-0.5*cos(x))*(1+0.001*cos(2*y))

"eT0_grid_func":
Cosine grid function parameters:
  constant: 0.2
  amplitude: 0
  mode: (1,0)
  phase: (0,0)

"ele_vpar_grid_func":
Constant grid function parameters:
  value: 0

"zero_grid_func":
Constant grid function parameters:
  value: 0

===============================================

Kinetic Function Library =========================

"maxwellian_electron_phase_func":
Maxwellian kinetic function parameters:
-- Density --
Arbitrary grid function parameters:
  function: (1.5-0.5*cos(x))*(1+0.001*cos(2*y))

-- Temperature --
Cosine grid function parameters:
  constant: 0.2
  amplitude: 0
  mode: (1,0)
  phase: (0,0)

-- Vparallel --
Constant grid function parameters:
  value: 0


"maxwellian_phase_func":
Maxwellian kinetic function parameters:
-- Density --
Arbitrary grid function parameters:
  function: (1.0+0.1*exp(-(x-pi)^2/(2*pi*0.001/0.02)))*(1+0.00001*cos(2*y))

-- Temperature --
Cosine grid function parameters:
  constant: 0.2
  amplitude: 0
  mode: (1,0)
  phase: (0,0)

-- Vparallel --
Constant grid function parameters:
  value: 0


==================================================

SlabPotentialBC ================================
- variable: potential-------------
  radial_lower: 
     bc_type  = 1
     bc_value = 0
  radial_upper: 
     bc_type  = 1
     bc_value = 0
  poloidal_lower: 
     bc_type  = 1
     bc_value = 0
  poloidal_upper: 
     bc_type  = 1
     bc_value = 0
-----------------------------------------------
===============================================

SlabPhaseBC ================================
- variable: hydrogen-------------
  radial_lower: 
Maxwellian kinetic function parameters:
-- Density --
Arbitrary grid function parameters:
  function: (1.0+0.1*exp(-(x-pi)^2/(2*pi*0.001/0.02)))*(1+0.00001*cos(2*y))

-- Temperature --
Cosine grid function parameters:
  constant: 0.2
  amplitude: 0
  mode: (1,0)
  phase: (0,0)

-- Vparallel --
Constant grid function parameters:
  value: 0


  radial_upper: 
Maxwellian kinetic function parameters:
-- Density --
Arbitrary grid function parameters:
  function: (1.0+0.1*exp(-(x-pi)^2/(2*pi*0.001/0.02)))*(1+0.00001*cos(2*y))

-- Temperature --
Cosine grid function parameters:
  constant: 0.2
  amplitude: 0
  mode: (1,0)
  phase: (0,0)

-- Vparallel --
Constant grid function parameters:
  value: 0


  poloidal_lower: 
Maxwellian kinetic function parameters:
-- Density --
Arbitrary grid function parameters:
  function: (1.0+0.1*exp(-(x-pi)^2/(2*pi*0.001/0.02)))*(1+0.00001*cos(2*y))

-- Temperature --
Cosine grid function parameters:
  constant: 0.2
  amplitude: 0
  mode: (1,0)
  phase: (0,0)

-- Vparallel --
Constant grid function parameters:
  value: 0


  poloidal_upper: 
Maxwellian kinetic function parameters:
-- Density --
Arbitrary grid function parameters:
  function: (1.0+0.1*exp(-(x-pi)^2/(2*pi*0.001/0.02)))*(1+0.00001*cos(2*y))

-- Temperature --
Cosine grid function parameters:
  constant: 0.2
  amplitude: 0
  mode: (1,0)
  phase: (0,0)

-- Vparallel --
Constant grid function parameters:
  value: 0


  vpar_lower: 
Maxwellian kinetic function parameters:
-- Density --
Arbitrary grid function parameters:
  function: (1.0+0.1*exp(-(x-pi)^2/(2*pi*0.001/0.02)))*(1+0.00001*cos(2*y))

-- Temperature --
Cosine grid function parameters:
  constant: 0.2
  amplitude: 0
  mode: (1,0)
  phase: (0,0)

-- Vparallel --
Constant grid function parameters:
  value: 0


  vpar_upper: 
Maxwellian kinetic function parameters:
-- Density --
Arbitrary grid function parameters:
  function: (1.0+0.1*exp(-(x-pi)^2/(2*pi*0.001/0.02)))*(1+0.00001*cos(2*y))

-- Temperature --
Cosine grid function parameters:
  constant: 0.2
  amplitude: 0
  mode: (1,0)
  phase: (0,0)

-- Vparallel --
Constant grid function parameters:
  value: 0


  mu_lower: 
Maxwellian kinetic function parameters:
-- Density --
Arbitrary grid function parameters:
  function: (1.0+0.1*exp(-(x-pi)^2/(2*pi*0.001/0.02)))*(1+0.00001*cos(2*y))

-- Temperature --
Cosine grid function parameters:
  constant: 0.2
  amplitude: 0
  mode: (1,0)
  phase: (0,0)

-- Vparallel --
Constant grid function parameters:
  value: 0


  mu_upper: 
Maxwellian kinetic function parameters:
-- Density --
Arbitrary grid function parameters:
  function: (1.0+0.1*exp(-(x-pi)^2/(2*pi*0.001/0.02)))*(1+0.00001*cos(2*y))

-- Temperature --
Cosine grid function parameters:
  constant: 0.2
  amplitude: 0
  mode: (1,0)
  phase: (0,0)

-- Vparallel --
Constant grid function parameters:
  value: 0


-----------------------------------------------
===============================================
No collision model specified for hydrogen.
Collision model for 0	hydrogen:	None
Time integration method: rk (4)
      AMG solver residual = 0.00315142 after 3 iterations
      AMG solver residual = 0.002817 after 3 iterations
      AMG solver residual = 0.00163391 after 2 iterations
      AMG solver residual = 0.00146669 after 2 iterations
      AMG solver residual = 0.000994738 after 2 iterations
  Distribution Function Extrema:
    Species 0:	0.000178574 [max]	-7.38272e-37 [min]


Step 1
      AMG solver residual = 0.00915096 after 1 iterations
  --
  Subiteration:1 of 1
      AMG solver residual = 0.00160025 after 3 iterations
      AMG solver residual = 0.00199499 after 3 iterations
      AMG solver residual = 0.00880581 after 2 iterations
      AMG solver residual = 0.0021832 after 3 iterations
      AMG solver residual = 0.00223164 after 3 iterations
      AMG solver residual = 0.00161243 after 3 iterations
      AMG solver residual = 0.0019865 after 3 iterations
      AMG solver residual = 0.00182135 after 2 iterations
  ----
  dt: 0.05
    dt scales:  446.111 (Vlasov)  1.79769e+308 (Collisions)  
    CFL:  0.00011208 (Vlasov)  0 (Collisions)
  ----
  Distribution Function Extrema:
    Species 0:	0.000178574 [max]	-7.38272e-37 [min]

Step 1 completed, simulation time is 0.05
----

Step 2
      AMG solver residual = 0.00151975 after 3 iterations
  --
  Subiteration:1 of 1
      AMG solver residual = 0.00162518 after 3 iterations
      AMG solver residual = 0.00197826 after 3 iterations
      AMG solver residual = 0.00559809 after 1 iterations
      AMG solver residual = 0.00215333 after 3 iterations
      AMG solver residual = 0.00226373 after 3 iterations
      AMG solver residual = 0.00163899 after 3 iterations
      AMG solver residual = 0.00197116 after 3 iterations
      AMG solver residual = 0.0072123 after 1 iterations
  ----
  dt: 0.05
    dt scales:  380.15 (Vlasov)  1.79769e+308 (Collisions)  
    CFL:  0.000131527 (Vlasov)  0 (Collisions)
  ----
  Distribution Function Extrema:
    Species 0:	0.000178574 [max]	-7.38272e-37 [min]

Step 2 completed, simulation time is 0.1
----

Step 3
      AMG solver residual = 0.00154355 after 3 iterations
  --
  Subiteration:1 of 1
      AMG solver residual = 0.00165329 after 3 iterations
      AMG solver residual = 0.00196401 after 3 iterations
      AMG solver residual = 0.00307984 after 2 iterations
      AMG solver residual = 0.00211661 after 3 iterations
      AMG solver residual = 0.00218824 after 3 iterations
      AMG solver residual = 0.00166857 after 3 iterations
      AMG solver residual = 0.00195817 after 3 iterations
      AMG solver residual = 0.0045607 after 1 iterations
  ----
  dt: 0.05
    dt scales:  332.289 (Vlasov)  1.79769e+308 (Collisions)  
    CFL:  0.000150471 (Vlasov)  0 (Collisions)
  ----
  Distribution Function Extrema:
    Species 0:	0.000178574 [max]	-7.38272e-37 [min]

Step 3 completed, simulation time is 0.15
----

Step 4
      AMG solver residual = 0.00156719 after 3 iterations
  --
  Subiteration:1 of 1
      AMG solver residual = 0.00168426 after 3 iterations
      AMG solver residual = 0.00195246 after 3 iterations
      AMG solver residual = 0.00454214 after 1 iterations
      AMG solver residual = 0.00207376 after 3 iterations
      AMG solver residual = 0.00230441 after 3 iterations
      AMG solver residual = 0.00170087 after 3 iterations
      AMG solver residual = 0.00194731 after 3 iterations
      AMG solver residual = 0.00700653 after 1 iterations
  ----
  dt: 0.05
    dt scales:  296.153 (Vlasov)  1.79769e+308 (Collisions)  
    CFL:  0.000168832 (Vlasov)  0 (Collisions)
  ----
  Distribution Function Extrema:
    Species 0:	0.000178574 [max]	-7.38272e-37 [min]

Step 4 completed, simulation time is 0.2
----

Step 5
      AMG solver residual = 0.001597 after 3 iterations
  --
  Subiteration:1 of 1
      AMG solver residual = 0.00171781 after 3 iterations
      AMG solver residual = 0.00194228 after 3 iterations
      AMG solver residual = 0.00136153 after 2 iterations
      AMG solver residual = 0.00202617 after 3 iterations
      AMG solver residual = 0.00223178 after 3 iterations
      AMG solver residual = 0.00173559 after 3 iterations
      AMG solver residual = 0.00193882 after 3 iterations
      AMG solver residual = 0.00440316 after 1 iterations
  ----
  dt: 0.05
    dt scales:  268.046 (Vlasov)  1.79769e+308 (Collisions)  
    CFL:  0.000186535 (Vlasov)  0 (Collisions)
  ----
  Distribution Function Extrema:
    Species 0:	0.000178574 [max]	-7.38272e-37 [min]

Step 5 completed, simulation time is 0.25
----

Step 6
      AMG solver residual = 0.00162226 after 3 iterations
  --
  Subiteration:1 of 1
      AMG solver residual = 0.00175363 after 3 iterations
      AMG solver residual = 0.00193576 after 3 iterations
      AMG solver residual = 0.00453216 after 1 iterations
      AMG solver residual = 0.00197499 after 3 iterations
      AMG solver residual = 0.00231353 after 3 iterations
      AMG solver residual = 0.00177242 after 3 iterations
      AMG solver residual = 0.00193246 after 3 iterations
      AMG solver residual = 0.00445754 after 1 iterations
  ----
  dt: 0.05
    dt scales:  245.69 (Vlasov)  1.79769e+308 (Collisions)  
    CFL:  0.000203508 (Vlasov)  0 (Collisions)
  ----
  Distribution Function Extrema:
    Species 0:	0.000178574 [max]	-7.38272e-37 [min]

Step 6 completed, simulation time is 0.3
----

Step 7
      AMG solver residual = 0.00166174 after 3 iterations
  --
  Subiteration:1 of 1
      AMG solver residual = 0.0017914 after 3 iterations
      AMG solver residual = 0.00192982 after 3 iterations
      AMG solver residual = 0.00657662 after 1 iterations
      AMG solver residual = 0.0019216 after 3 iterations
      AMG solver residual = 0.00223639 after 3 iterations
      AMG solver residual = 0.00181106 after 3 iterations
      AMG solver residual = 0.00192767 after 3 iterations
      AMG solver residual = 0.00475494 after 1 iterations
  ----
  dt: 0.05
    dt scales:  227.601 (Vlasov)  1.79769e+308 (Collisions)  
    CFL:  0.000219683 (Vlasov)  0 (Collisions)
  ----
  Distribution Function Extrema:
    Species 0:	0.000178574 [max]	-7.38272e-37 [min]

Step 7 completed, simulation time is 0.35
----

Step 8
      AMG solver residual = 0.00169896 after 3 iterations
  --
  Subiteration:1 of 1
      AMG solver residual = 0.0018308 after 3 iterations
      AMG solver residual = 0.00192591 after 3 iterations
      AMG solver residual = 0.00986527 after 1 iterations
      AMG solver residual = 0.0018674 after 3 iterations
      AMG solver residual = 0.00221342 after 3 iterations
      AMG solver residual = 0.00185115 after 3 iterations
      AMG solver residual = 0.00192516 after 3 iterations
      AMG solver residual = 0.0053413 after 1 iterations
  ----
  dt: 0.05
    dt scales:  212.773 (Vlasov)  1.79769e+308 (Collisions)  
    CFL:  0.000234993 (Vlasov)  0 (Collisions)
  ----
  Distribution Function Extrema:
    Species 0:	0.000178574 [max]	-7.38272e-37 [min]

Step 8 completed, simulation time is 0.4
----

Step 9
      AMG solver residual = 0.00173413 after 3 iterations
  --
  Subiteration:1 of 1
      AMG solver residual = 0.00187147 after 3 iterations
      AMG solver residual = 0.00192449 after 3 iterations
      AMG solver residual = 0.00113974 after 2 iterations
      AMG solver residual = 0.00181355 after 3 iterations
      AMG solver residual = 0.00220907 after 3 iterations
      AMG solver residual = 0.00189231 after 3 iterations
      AMG solver residual = 0.00192499 after 3 iterations
      AMG solver residual = 0.00601262 after 1 iterations
  ----
  dt: 0.05
    dt scales:  200.501 (Vlasov)  1.79769e+308 (Collisions)  
    CFL:  0.000249376 (Vlasov)  0 (Collisions)
  ----
  Distribution Function Extrema:
    Species 0:	0.000178574 [max]	-7.38272e-37 [min]

Step 9 completed, simulation time is 0.45
----

Step 10
      AMG solver residual = 0.00177319 after 3 iterations
  --
  Subiteration:1 of 1
      AMG solver residual = 0.00191301 after 3 iterations
      AMG solver residual = 0.00192521 after 3 iterations
      AMG solver residual = 0.00117735 after 2 iterations
      AMG solver residual = 0.00176126 after 3 iterations
      AMG solver residual = 0.00220571 after 3 iterations
      AMG solver residual = 0.00193413 after 3 iterations
      AMG solver residual = 0.00192671 after 3 iterations
      AMG solver residual = 0.00641503 after 1 iterations
  ----
  dt: 0.05
    dt scales:  190.278 (Vlasov)  1.79769e+308 (Collisions)  
    CFL:  0.000262773 (Vlasov)  0 (Collisions)
  ----
  Distribution Function Extrema:
    Species 0:	0.000178574 [max]	-7.38272e-37 [min]

Step 10 completed, simulation time is 0.5
----
Writing checkpoint file
Writing history file

Step 11
      AMG solver residual = 0.00181248 after 3 iterations
      AMG solver residual = 0.00692523 after 2 iterations
  --
  Subiteration:1 of 1
      AMG solver residual = 0.001955 after 3 iterations
      AMG solver residual = 0.00192822 after 3 iterations
      AMG solver residual = 0.00718474 after 1 iterations
      AMG solver residual = 0.0017115 after 3 iterations
      AMG solver residual = 0.00217396 after 3 iterations
      AMG solver residual = 0.00197616 after 3 iterations
      AMG solver residual = 0.00193042 after 3 iterations
      AMG solver residual = 0.00628746 after 1 iterations
  ----
  dt: 0.05
    dt scales:  181.732 (Vlasov)  1.79769e+308 (Collisions)  
    CFL:  0.00027513 (Vlasov)  0 (Collisions)
  ----
  Distribution Function Extrema:
    Species 0:	0.000178574 [max]	-7.38271e-37 [min]

Step 11 completed, simulation time is 0.55
----

Step 12
      AMG solver residual = 0.00185538 after 3 iterations
      AMG solver residual = 0.00688701 after 2 iterations
  --
  Subiteration:1 of 1
      AMG solver residual = 0.00199693 after 3 iterations
      AMG solver residual = 0.00193283 after 3 iterations
      AMG solver residual = 0.00657561 after 1 iterations
      AMG solver residual = 0.00166522 after 3 iterations
      AMG solver residual = 0.00218885 after 3 iterations
      AMG solver residual = 0.00201786 after 3 iterations
      AMG solver residual = 0.00193612 after 3 iterations
      AMG solver residual = 0.00573677 after 1 iterations
  ----
  dt: 0.05
    dt scales:  174.583 (Vlasov)  1.79769e+308 (Collisions)  
    CFL:  0.000286396 (Vlasov)  0 (Collisions)
  ----
  Distribution Function Extrema:
    Species 0:	0.000178574 [max]	-7.38271e-37 [min]

Step 12 completed, simulation time is 0.6
----

Step 13
      AMG solver residual = 0.00189729 after 3 iterations
      AMG solver residual = 0.00646242 after 2 iterations
  --
  Subiteration:1 of 1
      AMG solver residual = 0.00203826 after 3 iterations
      AMG solver residual = 0.00193979 after 3 iterations
      AMG solver residual = 0.00565715 after 1 iterations
      AMG solver residual = 0.00162307 after 3 iterations
      AMG solver residual = 0.00214821 after 3 iterations
      AMG solver residual = 0.00205865 after 3 iterations
      AMG solver residual = 0.00194409 after 3 iterations
      AMG solver residual = 0.0050429 after 1 iterations
  ----
  dt: 0.05
    dt scales:  168.62 (Vlasov)  1.79769e+308 (Collisions)  
    CFL:  0.000296525 (Vlasov)  0 (Collisions)
  ----
  Distribution Function Extrema:
    Species 0:	0.000178574 [max]	-7.38271e-37 [min]

Step 13 completed, simulation time is 0.65
----

Step 14
      AMG solver residual = 0.00193913 after 3 iterations
      AMG solver residual = 0.00603926 after 2 iterations
  --
  Subiteration:1 of 1
      AMG solver residual = 0.00207835 after 3 iterations
      AMG solver residual = 0.00194868 after 3 iterations
      AMG solver residual = 0.00486475 after 1 iterations
      AMG solver residual = 0.00158561 after 3 iterations
      AMG solver residual = 0.00211967 after 3 iterations
      AMG solver residual = 0.00209785 after 3 iterations
      AMG solver residual = 0.00195387 after 3 iterations
      AMG solver residual = 0.00444396 after 1 iterations
  ----
  dt: 0.05
    dt scales:  163.679 (Vlasov)  1.79769e+308 (Collisions)  
    CFL:  0.000305476 (Vlasov)  0 (Collisions)
  ----
  Distribution Function Extrema:
    Species 0:	0.000178574 [max]	-7.38271e-37 [min]

Step 14 completed, simulation time is 0.7
----

Step 15
      AMG solver residual = 0.00198393 after 3 iterations
      AMG solver residual = 0.00739467 after 2 iterations
  --
  Subiteration:1 of 1
      AMG solver residual = 0.0021165 after 3 iterations
      AMG solver residual = 0.00195932 after 3 iterations
      AMG solver residual = 0.00429302 after 1 iterations
      AMG solver residual = 0.00155325 after 3 iterations
      AMG solver residual = 0.00212622 after 3 iterations
      AMG solver residual = 0.00213474 after 3 iterations
      AMG solver residual = 0.0019657 after 3 iterations
      AMG solver residual = 0.00404567 after 1 iterations
  ----
  dt: 0.05
    dt scales:  159.637 (Vlasov)  1.79769e+308 (Collisions)  
    CFL:  0.000313211 (Vlasov)  0 (Collisions)
  ----
  Distribution Function Extrema:
    Species 0:	0.000178574 [max]	-7.3827e-37 [min]

Step 15 completed, simulation time is 0.75
----

Step 16
      AMG solver residual = 0.00202226 after 3 iterations
      AMG solver residual = 0.00813816 after 2 iterations
  --
  Subiteration:1 of 1
      AMG solver residual = 0.00215194 after 3 iterations
      AMG solver residual = 0.0019727 after 3 iterations
      AMG solver residual = 0.00395531 after 1 iterations
      AMG solver residual = 0.00152623 after 3 iterations
      AMG solver residual = 0.00209635 after 3 iterations
      AMG solver residual = 0.00216849 after 3 iterations
      AMG solver residual = 0.00198024 after 3 iterations
      AMG solver residual = 0.00385139 after 1 iterations
  ----
  dt: 0.05
    dt scales:  156.397 (Vlasov)  1.79769e+308 (Collisions)  
    CFL:  0.000319698 (Vlasov)  0 (Collisions)
  ----
  Distribution Function Extrema:
    Species 0:	0.000178574 [max]	-7.3827e-37 [min]

Step 16 completed, simulation time is 0.8
----

Step 17
      AMG solver residual = 0.00206266 after 3 iterations
      AMG solver residual = 0.00139796 after 3 iterations
  --
  Subiteration:1 of 1
      AMG solver residual = 0.00218381 after 3 iterations
      AMG solver residual = 0.0019879 after 3 iterations
      AMG solver residual = 0.00382781 after 1 iterations
      AMG solver residual = 0.00150469 after 3 iterations
      AMG solver residual = 0.00204498 after 3 iterations
      AMG solver residual = 0.00219825 after 3 iterations
      AMG solver residual = 0.00199602 after 3 iterations
      AMG solver residual = 0.00385865 after 1 iterations
  ----
  dt: 0.05
    dt scales:  153.888 (Vlasov)  1.79769e+308 (Collisions)  
    CFL:  0.000324912 (Vlasov)  0 (Collisions)
  ----
  Distribution Function Extrema:
    Species 0:	0.000178574 [max]	-7.3827e-37 [min]

Step 17 completed, simulation time is 0.85
----

Step 18
      AMG solver residual = 0.00209774 after 3 iterations
      AMG solver residual = 0.00160499 after 3 iterations
  --
  Subiteration:1 of 1
      AMG solver residual = 0.00221124 after 3 iterations
      AMG solver residual = 0.00200479 after 3 iterations
      AMG solver residual = 0.0038921 after 1 iterations
      AMG solver residual = 0.00148867 after 3 iterations
      AMG solver residual = 0.00202269 after 3 iterations
      AMG solver residual = 0.0022231 after 3 iterations
      AMG solver residual = 0.00201454 after 3 iterations
      AMG solver residual = 0.0040506 after 1 iterations
  ----
  dt: 0.05
    dt scales:  152.055 (Vlasov)  1.79769e+308 (Collisions)  
    CFL:  0.000328829 (Vlasov)  0 (Collisions)
  ----
  Distribution Function Extrema:
    Species 0:	0.000178574 [max]	-7.3827e-37 [min]

Step 18 completed, simulation time is 0.9
----

Step 19
      AMG solver residual = 0.00213109 after 3 iterations
      AMG solver residual = 0.00176785 after 3 iterations
  --
  Subiteration:1 of 1
      AMG solver residual = 0.00223331 after 3 iterations
      AMG solver residual = 0.00202454 after 3 iterations
      AMG solver residual = 0.00413212 after 1 iterations
      AMG solver residual = 0.0014781 after 3 iterations
      AMG solver residual = 0.0019943 after 3 iterations
      AMG solver residual = 0.00224215 after 3 iterations
      AMG solver residual = 0.00203496 after 3 iterations
      AMG solver residual = 0.00438574 after 1 iterations
  ----
  dt: 0.05
    dt scales:  150.86 (Vlasov)  1.79769e+308 (Collisions)  
    CFL:  0.000331433 (Vlasov)  0 (Collisions)
  ----
  Distribution Function Extrema:
    Species 0:	0.000178574 [max]	-7.38269e-37 [min]

Step 19 completed, simulation time is 0.95
----

Step 20
      AMG solver residual = 0.00215423 after 3 iterations
      AMG solver residual = 0.0015707 after 3 iterations
  --
  Subiteration:1 of 1
      AMG solver residual = 0.00224916 after 3 iterations
      AMG solver residual = 0.00204554 after 3 iterations
      AMG solver residual = 0.00450053 after 1 iterations
      AMG solver residual = 0.00147284 after 3 iterations
      AMG solver residual = 0.00195392 after 3 iterations
      AMG solver residual = 0.00225457 after 3 iterations
      AMG solver residual = 0.00205701 after 3 iterations
      AMG solver residual = 0.00484519 after 1 iterations
  ----
  dt: 0.05
    dt scales:  150.28 (Vlasov)  1.79769e+308 (Collisions)  
    CFL:  0.000332713 (Vlasov)  0 (Collisions)
  ----
  Distribution Function Extrema:
    Species 0:	0.000178574 [max]	-7.38269e-37 [min]

Step 20 completed, simulation time is 1
----
Writing checkpoint file
Writing history file

Step 21
      AMG solver residual = 0.00217258 after 3 iterations
      AMG solver residual = 0.00149707 after 3 iterations
  --
  Subiteration:1 of 1
      AMG solver residual = 0.00225799 after 3 iterations
      AMG solver residual = 0.00206888 after 3 iterations
      AMG solver residual = 0.00498442 after 1 iterations
      AMG solver residual = 0.00147269 after 3 iterations
      AMG solver residual = 0.00190472 after 3 iterations
      AMG solver residual = 0.00225962 after 3 iterations
      AMG solver residual = 0.00208105 after 3 iterations
      AMG solver residual = 0.00539702 after 1 iterations
  ----
  dt: 0.05
    dt scales:  150.302 (Vlasov)  1.79769e+308 (Collisions)  
    CFL:  0.000332663 (Vlasov)  0 (Collisions)
  ----
  Distribution Function Extrema:
    Species 0:	0.000178574 [max]	-7.38269e-37 [min]

Step 21 completed, simulation time is 1.05
----

Step 22
      AMG solver residual = 0.00218416 after 3 iterations
      AMG solver residual = 0.00149511 after 3 iterations
  --
  Subiteration:1 of 1
      AMG solver residual = 0.00225915 after 3 iterations
      AMG solver residual = 0.00209317 after 3 iterations
      AMG solver residual = 0.00553936 after 1 iterations
      AMG solver residual = 0.00147739 after 3 iterations
      AMG solver residual = 0.00185848 after 3 iterations
      AMG solver residual = 0.00225672 after 3 iterations
      AMG solver residual = 0.00210586 after 3 iterations
      AMG solver residual = 0.0060095 after 1 iterations
  ----
  dt: 0.05
    dt scales:  150.929 (Vlasov)  1.79769e+308 (Collisions)  
    CFL:  0.000331282 (Vlasov)  0 (Collisions)
  ----
  Distribution Function Extrema:
    Species 0:	0.000178574 [max]	-7.38268e-37 [min]

Step 22 completed, simulation time is 1.1
----

Step 23
      AMG solver residual = 0.00218524 after 3 iterations
      AMG solver residual = 0.00145011 after 3 iterations
  --
  Subiteration:1 of 1
      AMG solver residual = 0.00225216 after 3 iterations
      AMG solver residual = 0.00211853 after 3 iterations
      AMG solver residual = 0.00616678 after 1 iterations
      AMG solver residual = 0.00148668 after 3 iterations
      AMG solver residual = 0.00180831 after 3 iterations
      AMG solver residual = 0.00224556 after 3 iterations
      AMG solver residual = 0.00213119 after 3 iterations
      AMG solver residual = 0.00666884 after 1 iterations
  ----
  dt: 0.05
    dt scales:  152.173 (Vlasov)  1.79769e+308 (Collisions)  
    CFL:  0.000328574 (Vlasov)  0 (Collisions)
  ----
  Distribution Function Extrema:
    Species 0:	0.000178574 [max]	-7.38268e-37 [min]

Step 23 completed, simulation time is 1.15
----

Step 24
      AMG solver residual = 0.00217834 after 3 iterations
      AMG solver residual = 0.00140959 after 3 iterations
  --
  Subiteration:1 of 1
      AMG solver residual = 0.00223684 after 3 iterations
      AMG solver residual = 0.00214373 after 3 iterations
      AMG solver residual = 0.0068385 after 1 iterations
      AMG solver residual = 0.00150026 after 3 iterations
      AMG solver residual = 0.00179163 after 3 iterations
      AMG solver residual = 0.00222605 after 3 iterations
      AMG solver residual = 0.00215629 after 3 iterations
      AMG solver residual = 0.00737338 after 1 iterations
  ----
  dt: 0.05
    dt scales:  154.06 (Vlasov)  1.79769e+308 (Collisions)  
    CFL:  0.00032455 (Vlasov)  0 (Collisions)
  ----
  Distribution Function Extrema:
    Species 0:	0.000178574 [max]	-7.38268e-37 [min]

Step 24 completed, simulation time is 1.2
----

Step 25
      AMG solver residual = 0.0021666 after 3 iterations
      AMG solver residual = 0.00136338 after 3 iterations
  --
  Subiteration:1 of 1
      AMG solver residual = 0.00221324 after 3 iterations
      AMG solver residual = 0.00216841 after 3 iterations
      AMG solver residual = 0.00753135 after 1 iterations
      AMG solver residual = 0.00151782 after 3 iterations
      AMG solver residual = 0.00173888 after 3 iterations
      AMG solver residual = 0.00219843 after 3 iterations
      AMG solver residual = 0.00218033 after 3 iterations
      AMG solver residual = 0.00809837 after 1 iterations
  ----
  dt: 0.05
    dt scales:  156.63 (Vlasov)  1.79769e+308 (Collisions)  
    CFL:  0.000319224 (Vlasov)  0 (Collisions)
  ----
  Distribution Function Extrema:
    Species 0:	0.000178574 [max]	-7.38267e-37 [min]

Step 25 completed, simulation time is 1.25
----

Step 26
      AMG solver residual = 0.00214135 after 3 iterations
      AMG solver residual = 0.00976629 after 2 iterations
  --
  Subiteration:1 of 1
      AMG solver residual = 0.00218178 after 3 iterations
      AMG solver residual = 0.00219153 after 3 iterations
      AMG solver residual = 0.00818993 after 1 iterations
      AMG solver residual = 0.00153904 after 3 iterations
      AMG solver residual = 0.00170156 after 3 iterations
      AMG solver residual = 0.00216325 after 3 iterations
      AMG solver residual = 0.00220232 after 3 iterations
      AMG solver residual = 0.00874628 after 1 iterations
  ----
  dt: 0.05
    dt scales:  159.94 (Vlasov)  1.79769e+308 (Collisions)  
    CFL:  0.000312618 (Vlasov)  0 (Collisions)
  ----
  Distribution Function Extrema:
    Species 0:	0.000178574 [max]	-7.38267e-37 [min]

Step 26 completed, simulation time is 1.3
----

Step 27
      AMG solver residual = 0.00210725 after 3 iterations
      AMG solver residual = 0.00682792 after 2 iterations
  --
  Subiteration:1 of 1
      AMG solver residual = 0.00214312 after 3 iterations
      AMG solver residual = 0.00221189 after 3 iterations
      AMG solver residual = 0.0087128 after 1 iterations
      AMG solver residual = 0.00156362 after 3 iterations
      AMG solver residual = 0.00165961 after 3 iterations
      AMG solver residual = 0.00212131 after 3 iterations
      AMG solver residual = 0.00222085 after 3 iterations
      AMG solver residual = 0.00907285 after 1 iterations
  ----
  dt: 0.05
    dt scales:  161.49 (Vlasov)  1.79769e+308 (Collisions)  
    CFL:  0.000309616 (Vlasov)  0 (Collisions)
  ----
  Distribution Function Extrema:
    Species 0:	0.000178574 [max]	-7.38267e-37 [min]

Step 27 completed, simulation time is 1.35
----

Step 28
      AMG solver residual = 0.00205447 after 3 iterations
      AMG solver residual = 0.00241608 after 2 iterations
  --
  Subiteration:1 of 1
      AMG solver residual = 0.0020982 after 3 iterations
      AMG solver residual = 0.00222833 after 3 iterations
      AMG solver residual = 0.00841752 after 1 iterations
      AMG solver residual = 0.00159129 after 3 iterations
      AMG solver residual = 0.00159767 after 3 iterations
      AMG solver residual = 0.00207369 after 3 iterations
      AMG solver residual = 0.00223377 after 3 iterations
      AMG solver residual = 0.00614793 after 1 iterations
  ----
  dt: 0.05
    dt scales:  159.28 (Vlasov)  1.79769e+308 (Collisions)  
    CFL:  0.000313912 (Vlasov)  0 (Collisions)
  ----
  Distribution Function Extrema:
    Species 0:	0.000178574 [max]	-7.38267e-37 [min]

Step 28 completed, simulation time is 1.4
----

Step 29
      AMG solver residual = 0.0019974 after 3 iterations
      AMG solver residual = 0.00168324 after 3 iterations
  --
  Subiteration:1 of 1
      AMG solver residual = 0.00204816 after 3 iterations
      AMG solver residual = 0.00223801 after 3 iterations
      AMG solver residual = 0.00445507 after 2 iterations
      AMG solver residual = 0.00162199 after 3 iterations
      AMG solver residual = 0.00184553 after 3 iterations
      AMG solver residual = 0.00202155 after 3 iterations
      AMG solver residual = 0.0022437 after 3 iterations
      AMG solver residual = 0.00802423 after 1 iterations
  ----
  dt: 0.05
    dt scales:  157.78 (Vlasov)  1.79769e+308 (Collisions)  
    CFL:  0.000316896 (Vlasov)  0 (Collisions)
  ----
  Distribution Function Extrema:
    Species 0:	0.000178574 [max]	-7.38266e-37 [min]

Step 29 completed, simulation time is 1.45
----

Step 30
      AMG solver residual = 0.00197045 after 3 iterations
      AMG solver residual = 0.00138836 after 3 iterations
  --
  Subiteration:1 of 1
      AMG solver residual = 0.00199428 after 3 iterations
      AMG solver residual = 0.00224792 after 3 iterations
      AMG solver residual = 0.00145143 after 2 iterations
      AMG solver residual = 0.00165521 after 3 iterations
      AMG solver residual = 0.00183512 after 3 iterations
      AMG solver residual = 0.00196623 after 3 iterations
      AMG solver residual = 0.0022477 after 3 iterations
      AMG solver residual = 0.00214301 after 2 iterations
  ----
  dt: 0.05
    dt scales:  156.958 (Vlasov)  1.79769e+308 (Collisions)  
    CFL:  0.000318556 (Vlasov)  0 (Collisions)
  ----
  Distribution Function Extrema:
    Species 0:	0.000178574 [max]	-7.38266e-37 [min]

Step 30 completed, simulation time is 1.5
----
Writing checkpoint file
Writing history file

Step 31
      AMG solver residual = 0.00189871 after 3 iterations
      AMG solver residual = 0.00882717 after 2 iterations
  --
  Subiteration:1 of 1
      AMG solver residual = 0.0019379 after 3 iterations
      AMG solver residual = 0.00224916 after 3 iterations
      AMG solver residual = 0.00134148 after 2 iterations
      AMG solver residual = 0.00169057 after 3 iterations
      AMG solver residual = 0.00182969 after 3 iterations
      AMG solver residual = 0.0019091 after 3 iterations
      AMG solver residual = 0.00224575 after 3 iterations
      AMG solver residual = 0.00239157 after 2 iterations
  ----
  dt: 0.05
    dt scales:  156.797 (Vlasov)  1.79769e+308 (Collisions)  
    CFL:  0.000318883 (Vlasov)  0 (Collisions)
  ----
  Distribution Function Extrema:
    Species 0:	0.000178574 [max]	-7.38266e-37 [min]

Step 31 completed, simulation time is 1.55
----

Step 32
      AMG solver residual = 0.00186436 after 3 iterations
      AMG solver residual = 0.00133441 after 3 iterations
  --
  Subiteration:1 of 1
      AMG solver residual = 0.00188035 after 3 iterations
      AMG solver residual = 0.00224463 after 3 iterations
      AMG solver residual = 0.0087098 after 1 iterations
      AMG solver residual = 0.00172791 after 3 iterations
      AMG solver residual = 0.00183586 after 3 iterations
      AMG solver residual = 0.00185144 after 3 iterations
      AMG solver residual = 0.00223772 after 3 iterations
      AMG solver residual = 0.00275493 after 2 iterations
  ----
  dt: 0.05
    dt scales:  157.294 (Vlasov)  1.79769e+308 (Collisions)  
    CFL:  0.000317875 (Vlasov)  0 (Collisions)
  ----
  Distribution Function Extrema:
    Species 0:	0.000178574 [max]	-7.38265e-37 [min]

Step 32 completed, simulation time is 1.6
----

Step 33
      AMG solver residual = 0.00182524 after 3 iterations
      AMG solver residual = 0.00142489 after 3 iterations
  --
  Subiteration:1 of 1
      AMG solver residual = 0.00182291 after 3 iterations
      AMG solver residual = 0.00223382 after 3 iterations
      AMG solver residual = 0.00676047 after 1 iterations
      AMG solver residual = 0.0017669 after 3 iterations
      AMG solver residual = 0.00183047 after 3 iterations
      AMG solver residual = 0.00179449 after 3 iterations
      AMG solver residual = 0.00222403 after 3 iterations
      AMG solver residual = 0.00308027 after 2 iterations
  ----
  dt: 0.05
    dt scales:  158.461 (Vlasov)  1.79769e+308 (Collisions)  
    CFL:  0.000315535 (Vlasov)  0 (Collisions)
  ----
  Distribution Function Extrema:
    Species 0:	0.000178574 [max]	-7.38265e-37 [min]

Step 33 completed, simulation time is 1.65
----

Step 34
      AMG solver residual = 0.00178632 after 3 iterations
      AMG solver residual = 0.00148289 after 3 iterations
  --
  Subiteration:1 of 1
      AMG solver residual = 0.00176674 after 3 iterations
      AMG solver residual = 0.00221785 after 3 iterations
      AMG solver residual = 0.00524529 after 1 iterations
      AMG solver residual = 0.00180723 after 3 iterations
      AMG solver residual = 0.00183304 after 3 iterations
      AMG solver residual = 0.00173936 after 3 iterations
      AMG solver residual = 0.00220532 after 3 iterations
      AMG solver residual = 0.00340386 after 2 iterations
  ----
  dt: 0.05
    dt scales:  160.323 (Vlasov)  1.79769e+308 (Collisions)  
    CFL:  0.000311871 (Vlasov)  0 (Collisions)
  ----
  Distribution Function Extrema:
    Species 0:	0.000178574 [max]	-7.38265e-37 [min]

Step 34 completed, simulation time is 1.7
----

Step 35
      AMG solver residual = 0.00175081 after 3 iterations
      AMG solver residual = 0.0015203 after 3 iterations
  --
  Subiteration:1 of 1
      AMG solver residual = 0.00171288 after 3 iterations
      AMG solver residual = 0.00219658 after 3 iterations
      AMG solver residual = 0.00458953 after 1 iterations
      AMG solver residual = 0.00184854 after 3 iterations
      AMG solver residual = 0.00183562 after 3 iterations
      AMG solver residual = 0.00168699 after 3 iterations
      AMG solver residual = 0.00218186 after 3 iterations
      AMG solver residual = 0.00371057 after 2 iterations
  ----
  dt: 0.05
    dt scales:  162.921 (Vlasov)  1.79769e+308 (Collisions)  
    CFL:  0.000306896 (Vlasov)  0 (Collisions)
  ----
  Distribution Function Extrema:
    Species 0:	0.000178574 [max]	-7.38265e-37 [min]

Step 35 completed, simulation time is 1.75
----

Step 36
      AMG solver residual = 0.00171864 after 3 iterations
      AMG solver residual = 0.00154454 after 3 iterations
  --
  Subiteration:1 of 1
      AMG solver residual = 0.00166222 after 3 iterations
      AMG solver residual = 0.00217122 after 3 iterations
      AMG solver residual = 0.00508617 after 1 iterations
      AMG solver residual = 0.00189044 after 3 iterations
      AMG solver residual = 0.00184979 after 3 iterations
      AMG solver residual = 0.00163821 after 3 iterations
      AMG solver residual = 0.00215497 after 3 iterations
      AMG solver residual = 0.00400638 after 2 iterations
  ----
  dt: 0.05
    dt scales:  166.318 (Vlasov)  1.79769e+308 (Collisions)  
    CFL:  0.000300629 (Vlasov)  0 (Collisions)
  ----
  Distribution Function Extrema:
    Species 0:	0.000178574 [max]	-7.38266e-37 [min]

Step 36 completed, simulation time is 1.8
----

Step 37
      AMG solver residual = 0.0016843 after 3 iterations
      AMG solver residual = 0.00155131 after 3 iterations
  --
  Subiteration:1 of 1
      AMG solver residual = 0.00161548 after 3 iterations
      AMG solver residual = 0.00214275 after 3 iterations
      AMG solver residual = 0.00655431 after 1 iterations
      AMG solver residual = 0.00193249 after 3 iterations
      AMG solver residual = 0.0018641 after 3 iterations
      AMG solver residual = 0.00159367 after 3 iterations
      AMG solver residual = 0.00212533 after 3 iterations
      AMG solver residual = 0.00428715 after 2 iterations
  ----
  dt: 0.05
    dt scales:  170.594 (Vlasov)  1.79769e+308 (Collisions)  
    CFL:  0.000293094 (Vlasov)  0 (Collisions)
  ----
  Distribution Function Extrema:
    Species 0:	0.000178574 [max]	-7.38266e-37 [min]

Step 37 completed, simulation time is 1.85
----

Step 38
      AMG solver residual = 0.00165311 after 3 iterations
      AMG solver residual = 0.00155197 after 3 iterations
  --
  Subiteration:1 of 1
      AMG solver residual = 0.00157325 after 3 iterations
      AMG solver residual = 0.00211176 after 3 iterations
      AMG solver residual = 0.00859143 after 1 iterations
      AMG solver residual = 0.00197419 after 3 iterations
      AMG solver residual = 0.00188241 after 3 iterations
      AMG solver residual = 0.00155388 after 3 iterations
      AMG solver residual = 0.00209386 after 3 iterations
      AMG solver residual = 0.00454307 after 2 iterations
  ----
  dt: 0.05
    dt scales:  169.376 (Vlasov)  1.79769e+308 (Collisions)  
    CFL:  0.0002952 (Vlasov)  0 (Collisions)
  ----
  Distribution Function Extrema:
    Species 0:	0.000178574 [max]	-7.38266e-37 [min]

Step 38 completed, simulation time is 1.9
----

Step 39
      AMG solver residual = 0.0016215 after 3 iterations
      AMG solver residual = 0.00154338 after 3 iterations
  --
  Subiteration:1 of 1
      AMG solver residual = 0.00153598 after 3 iterations
      AMG solver residual = 0.00207963 after 3 iterations
      AMG solver residual = 0.00118228 after 2 iterations
      AMG solver residual = 0.00201494 after 3 iterations
      AMG solver residual = 0.00189359 after 3 iterations
      AMG solver residual = 0.0015192 after 3 iterations
      AMG solver residual = 0.00206161 after 3 iterations
      AMG solver residual = 0.00477646 after 2 iterations
  ----
  dt: 0.05
    dt scales:  168.168 (Vlasov)  1.79769e+308 (Collisions)  
    CFL:  0.000297322 (Vlasov)  0 (Collisions)
  ----
  Distribution Function Extrema:
    Species 0:	0.000178574 [max]	-7.38266e-37 [min]

Step 39 completed, simulation time is 1.95
----

Step 40
      AMG solver residual = 0.00159244 after 3 iterations
      AMG solver residual = 0.00153194 after 3 iterations
  --
  Subiteration:1 of 1
      AMG solver residual = 0.00150395 after 3 iterations
      AMG solver residual = 0.00204689 after 3 iterations
      AMG solver residual = 0.00149275 after 2 iterations
      AMG solver residual = 0.00205416 after 3 iterations
      AMG solver residual = 0.00193281 after 3 iterations
      AMG solver residual = 0.00148988 after 3 iterations
      AMG solver residual = 0.00202901 after 3 iterations
      AMG solver residual = 0.00497117 after 2 iterations
  ----
  dt: 0.05
    dt scales:  166.78 (Vlasov)  1.79769e+308 (Collisions)  
    CFL:  0.000299796 (Vlasov)  0 (Collisions)
  ----
  Distribution Function Extrema:
    Species 0:	0.000178574 [max]	-7.38267e-37 [min]

Step 40 completed, simulation time is 2
----
Writing checkpoint file
Writing history file

Step 41
      AMG solver residual = 0.00156586 after 3 iterations
      AMG solver residual = 0.00151881 after 3 iterations
  --
  Subiteration:1 of 1
      AMG solver residual = 0.00147736 after 3 iterations
      AMG solver residual = 0.00201416 after 3 iterations
      AMG solver residual = 0.0018182 after 2 iterations
      AMG solver residual = 0.00209109 after 3 iterations
      AMG solver residual = 0.00195291 after 3 iterations
      AMG solver residual = 0.00146605 after 3 iterations
      AMG solver residual = 0.00199681 after 3 iterations
      AMG solver residual = 0.0051183 after 2 iterations
  ----
  dt: 0.05
    dt scales:  165.767 (Vlasov)  1.79769e+308 (Collisions)  
    CFL:  0.000301628 (Vlasov)  0 (Collisions)
  ----
  Distribution Function Extrema:
    Species 0:	0.000178574 [max]	-7.38267e-37 [min]

Step 41 completed, simulation time is 2.05
----

Step 42
      AMG solver residual = 0.00154086 after 3 iterations
      AMG solver residual = 0.00150286 after 3 iterations
  --
  Subiteration:1 of 1
      AMG solver residual = 0.00145627 after 3 iterations
      AMG solver residual = 0.00198237 after 3 iterations
      AMG solver residual = 0.00215214 after 2 iterations
      AMG solver residual = 0.00212497 after 3 iterations
      AMG solver residual = 0.0019779 after 3 iterations
      AMG solver residual = 0.00144772 after 3 iterations
      AMG solver residual = 0.0019659 after 3 iterations
      AMG solver residual = 0.00522255 after 2 iterations
  ----
  dt: 0.05
    dt scales:  165.017 (Vlasov)  1.79769e+308 (Collisions)  
    CFL:  0.000302998 (Vlasov)  0 (Collisions)
  ----
  Distribution Function Extrema:
    Species 0:	0.000178574 [max]	-7.38267e-37 [min]

Step 42 completed, simulation time is 2.1
----

Step 43
      AMG solver residual = 0.0015197 after 3 iterations
      AMG solver residual = 0.00148848 after 3 iterations
  --
  Subiteration:1 of 1
      AMG solver residual = 0.00144067 after 3 iterations
      AMG solver residual = 0.00195208 after 3 iterations
      AMG solver residual = 0.00248391 after 2 iterations
      AMG solver residual = 0.00215497 after 3 iterations
      AMG solver residual = 0.0020127 after 3 iterations
      AMG solver residual = 0.00143483 after 3 iterations
      AMG solver residual = 0.0019366 after 3 iterations
      AMG solver residual = 0.00527396 after 2 iterations
  ----
  dt: 0.05
    dt scales:  164.18 (Vlasov)  1.79769e+308 (Collisions)  
    CFL:  0.000304544 (Vlasov)  0 (Collisions)
  ----
  Distribution Function Extrema:
    Species 0:	0.000178574 [max]	-7.38267e-37 [min]

Step 43 completed, simulation time is 2.15
----

Step 44
      AMG solver residual = 0.00150284 after 3 iterations
  --
  Subiteration:1 of 1
      AMG solver residual = 0.00143047 after 3 iterations
      AMG solver residual = 0.00192557 after 3 iterations
      AMG solver residual = 0.00127291 after 2 iterations
      AMG solver residual = 0.00218029 after 3 iterations
      AMG solver residual = 0.00203015 after 3 iterations
      AMG solver residual = 0.00142726 after 3 iterations
      AMG solver residual = 0.00190914 after 3 iterations
      AMG solver residual = 0.00430288 after 2 iterations
  ----
  dt: 0.05
    dt scales:  163.702 (Vlasov)  1.79769e+308 (Collisions)  
    CFL:  0.000305433 (Vlasov)  0 (Collisions)
  ----
  Distribution Function Extrema:
    Species 0:	0.000178574 [max]	-7.38267e-37 [min]

Step 44 completed, simulation time is 2.2
----

Step 45
      AMG solver residual = 0.00148252 after 3 iterations
      AMG solver residual = 0.00148153 after 3 iterations
  --
  Subiteration:1 of 1
      AMG solver residual = 0.00142546 after 3 iterations
      AMG solver residual = 0.00189667 after 3 iterations
      AMG solver residual = 0.00388529 after 2 iterations
      AMG solver residual = 0.00219977 after 3 iterations
      AMG solver residual = 0.00210265 after 3 iterations
      AMG solver residual = 0.0014248 after 3 iterations
      AMG solver residual = 0.00188405 after 3 iterations
      AMG solver residual = 0.00535372 after 2 iterations
  ----
  dt: 0.05
    dt scales:  163.43 (Vlasov)  1.79769e+308 (Collisions)  
    CFL:  0.000305942 (Vlasov)  0 (Collisions)
  ----
  Distribution Function Extrema:
    Species 0:	0.000178574 [max]	-7.38267e-37 [min]

Step 45 completed, simulation time is 2.25
----

Step 46
      AMG solver residual = 0.00148279 after 3 iterations
  --
  Subiteration:1 of 1
      AMG solver residual = 0.00142547 after 3 iterations
      AMG solver residual = 0.00187407 after 3 iterations
      AMG solver residual = 0.00988927 after 1 iterations
      AMG solver residual = 0.00221311 after 3 iterations
      AMG solver residual = 0.00207635 after 3 iterations
      AMG solver residual = 0.00142721 after 3 iterations
      AMG solver residual = 0.00186108 after 3 iterations
      AMG solver residual = 0.00461634 after 2 iterations
  ----
  dt: 0.05
    dt scales:  163.124 (Vlasov)  1.79769e+308 (Collisions)  
    CFL:  0.000306515 (Vlasov)  0 (Collisions)
  ----
  Distribution Function Extrema:
    Species 0:	0.000178574 [max]	-7.38268e-37 [min]

Step 46 completed, simulation time is 2.3
----

Step 47
      AMG solver residual = 0.00147395 after 3 iterations
  --
  Subiteration:1 of 1
      AMG solver residual = 0.00143022 after 3 iterations
      AMG solver residual = 0.00185162 after 3 iterations
      AMG solver residual = 0.00148481 after 2 iterations
      AMG solver residual = 0.00221911 after 3 iterations
      AMG solver residual = 0.00210779 after 3 iterations
      AMG solver residual = 0.00143424 after 3 iterations
      AMG solver residual = 0.00184078 after 3 iterations
      AMG solver residual = 0.00478029 after 2 iterations
  ----
  dt: 0.05
    dt scales:  163.173 (Vlasov)  1.79769e+308 (Collisions)  
    CFL:  0.000306422 (Vlasov)  0 (Collisions)
  ----
  Distribution Function Extrema:
    Species 0:	0.000178574 [max]	-7.38268e-37 [min]

Step 47 completed, simulation time is 2.35
----

Step 48
      AMG solver residual = 0.0014769 after 3 iterations
  --
  Subiteration:1 of 1
      AMG solver residual = 0.00143944 after 3 iterations
      AMG solver residual = 0.00183269 after 3 iterations
      AMG solver residual = 0.0018999 after 2 iterations
      AMG solver residual = 0.00221741 after 3 iterations
      AMG solver residual = 0.00214804 after 3 iterations
      AMG solver residual = 0.00144559 after 3 iterations
      AMG solver residual = 0.00182311 after 3 iterations
      AMG solver residual = 0.00468523 after 2 iterations
  ----
  dt: 0.05
    dt scales:  163.401 (Vlasov)  1.79769e+308 (Collisions)  
    CFL:  0.000305995 (Vlasov)  0 (Collisions)
  ----
  Distribution Function Extrema:
    Species 0:	0.000178574 [max]	-7.38268e-37 [min]

Step 48 completed, simulation time is 2.4
----

Step 49
      AMG solver residual = 0.00148262 after 3 iterations
  --
  Subiteration:1 of 1
      AMG solver residual = 0.00145283 after 3 iterations
      AMG solver residual = 0.00181602 after 3 iterations
      AMG solver residual = 0.00113233 after 2 iterations
      AMG solver residual = 0.00220762 after 3 iterations
      AMG solver residual = 0.00215194 after 3 iterations
      AMG solver residual = 0.00146095 after 3 iterations
      AMG solver residual = 0.00180805 after 3 iterations
      AMG solver residual = 0.00460205 after 2 iterations
  ----
  dt: 0.05
    dt scales:  163.629 (Vlasov)  1.79769e+308 (Collisions)  
    CFL:  0.000305569 (Vlasov)  0 (Collisions)
  ----
  Distribution Function Extrema:
    Species 0:	0.000178574 [max]	-7.38268e-37 [min]

Step 49 completed, simulation time is 2.45
----

Step 50
      AMG solver residual = 0.0014957 after 3 iterations
  --
  Subiteration:1 of 1
      AMG solver residual = 0.00147009 after 3 iterations
      AMG solver residual = 0.00180257 after 3 iterations
      AMG solver residual = 0.00221687 after 2 iterations
      AMG solver residual = 0.00218981 after 3 iterations
      AMG solver residual = 0.0022195 after 3 iterations
      AMG solver residual = 0.00148004 after 3 iterations
      AMG solver residual = 0.00179564 after 3 iterations
      AMG solver residual = 0.0042337 after 2 iterations
  ----
  dt: 0.05
    dt scales:  164.214 (Vlasov)  1.79769e+308 (Collisions)  
    CFL:  0.00030448 (Vlasov)  0 (Collisions)
  ----
  Distribution Function Extrema:
    Species 0:	0.000178574 [max]	-7.38268e-37 [min]

Step 50 completed, simulation time is 2.5
----
Writing checkpoint file
Writing history file

Step 51
      AMG solver residual = 0.00150764 after 3 iterations
  --
  Subiteration:1 of 1
      AMG solver residual = 0.00149092 after 3 iterations
      AMG solver residual = 0.00179095 after 3 iterations
      AMG solver residual = 0.00727127 after 1 iterations
      AMG solver residual = 0.00216396 after 3 iterations
      AMG solver residual = 0.00218757 after 3 iterations
      AMG solver residual = 0.00150254 after 3 iterations
      AMG solver residual = 0.00178579 after 3 iterations
      AMG solver residual = 0.00419124 after 2 iterations
  ----
  dt: 0.05
    dt scales:  164.972 (Vlasov)  1.79769e+308 (Collisions)  
    CFL:  0.000303082 (Vlasov)  0 (Collisions)
  ----
  Distribution Function Extrema:
    Species 0:	0.000178574 [max]	-7.38268e-37 [min]

Step 51 completed, simulation time is 2.55
----

Step 52
      AMG solver residual = 0.00152985 after 3 iterations
  --
  Subiteration:1 of 1
      AMG solver residual = 0.00151503 after 3 iterations
      AMG solver residual = 0.00178295 after 3 iterations
      AMG solver residual = 0.00229235 after 2 iterations
      AMG solver residual = 0.00213094 after 3 iterations
      AMG solver residual = 0.00226272 after 3 iterations
      AMG solver residual = 0.00152818 after 3 iterations
      AMG solver residual = 0.00177856 after 3 iterations
      AMG solver residual = 0.00360408 after 2 iterations
  ----
  dt: 0.05
    dt scales:  165.751 (Vlasov)  1.79769e+308 (Collisions)  
    CFL:  0.000301657 (Vlasov)  0 (Collisions)
  ----
  Distribution Function Extrema:
    Species 0:	0.000178574 [max]	-7.38268e-37 [min]

Step 52 completed, simulation time is 2.6
----

Step 53
      AMG solver residual = 0.00154835 after 3 iterations
      AMG solver residual = 0.00155697 after 3 iterations
  --
  Subiteration:1 of 1
      AMG solver residual = 0.00154212 after 3 iterations
      AMG solver residual = 0.00177609 after 3 iterations
      AMG solver residual = 0.00420184 after 2 iterations
      AMG solver residual = 0.0020918 after 3 iterations
      AMG solver residual = 0.00229376 after 3 iterations
      AMG solver residual = 0.00155666 after 3 iterations
      AMG solver residual = 0.001774 after 3 iterations
      AMG solver residual = 0.00364133 after 2 iterations
  ----
  dt: 0.05
    dt scales:  166.901 (Vlasov)  1.79769e+308 (Collisions)  
    CFL:  0.000299578 (Vlasov)  0 (Collisions)
  ----
  Distribution Function Extrema:
    Species 0:	0.000178574 [max]	-7.38268e-37 [min]

Step 53 completed, simulation time is 2.65
----

Step 54
      AMG solver residual = 0.00157711 after 3 iterations
      AMG solver residual = 0.00157884 after 3 iterations
  --
  Subiteration:1 of 1
      AMG solver residual = 0.00157192 after 3 iterations
      AMG solver residual = 0.00177254 after 3 iterations
      AMG solver residual = 0.00387985 after 2 iterations
      AMG solver residual = 0.00204692 after 3 iterations
      AMG solver residual = 0.0022183 after 3 iterations
      AMG solver residual = 0.00158771 after 3 iterations
      AMG solver residual = 0.00177178 after 3 iterations
      AMG solver residual = 0.0028577 after 2 iterations
  ----
  dt: 0.05
    dt scales:  168.226 (Vlasov)  1.79769e+308 (Collisions)  
    CFL:  0.00029722 (Vlasov)  0 (Collisions)
  ----
  Distribution Function Extrema:
    Species 0:	0.000178574 [max]	-7.38268e-37 [min]

Step 54 completed, simulation time is 2.7
----

Step 55
      AMG solver residual = 0.00160385 after 3 iterations
      AMG solver residual = 0.00160809 after 3 iterations
  --
  Subiteration:1 of 1
      AMG solver residual = 0.00160414 after 3 iterations
      AMG solver residual = 0.00177128 after 3 iterations
      AMG solver residual = 0.00347567 after 2 iterations
      AMG solver residual = 0.00199756 after 3 iterations
      AMG solver residual = 0.00214759 after 3 iterations
      AMG solver residual = 0.00162105 after 3 iterations
      AMG solver residual = 0.00177195 after 3 iterations
      AMG solver residual = 0.00213859 after 2 iterations
  ----
  dt: 0.05
    dt scales:  169.596 (Vlasov)  1.79769e+308 (Collisions)  
    CFL:  0.000294818 (Vlasov)  0 (Collisions)
  ----
  Distribution Function Extrema:
    Species 0:	0.000178574 [max]	-7.38268e-37 [min]

Step 55 completed, simulation time is 2.75
----

Step 56
      AMG solver residual = 0.0016346 after 3 iterations
      AMG solver residual = 0.00165434 after 3 iterations
  --
  Subiteration:1 of 1
      AMG solver residual = 0.00163852 after 3 iterations
      AMG solver residual = 0.00177238 after 3 iterations
      AMG solver residual = 0.00307329 after 2 iterations
      AMG solver residual = 0.00194499 after 3 iterations
      AMG solver residual = 0.00208837 after 3 iterations
      AMG solver residual = 0.0016564 after 3 iterations
      AMG solver residual = 0.00177427 after 3 iterations
      AMG solver residual = 0.00147197 after 2 iterations
  ----
  dt: 0.05
    dt scales:  171.362 (Vlasov)  1.79769e+308 (Collisions)  
    CFL:  0.000291781 (Vlasov)  0 (Collisions)
  ----
  Distribution Function Extrema:
    Species 0:	0.000178574 [max]	-7.38268e-37 [min]

Step 56 completed, simulation time is 2.8
----

Step 57
      AMG solver residual = 0.00166753 after 3 iterations
      AMG solver residual = 0.00166805 after 3 iterations
  --
  Subiteration:1 of 1
      AMG solver residual = 0.00167478 after 3 iterations
      AMG solver residual = 0.00177573 after 3 iterations
      AMG solver residual = 0.00268598 after 2 iterations
      AMG solver residual = 0.00189061 after 3 iterations
      AMG solver residual = 0.0020933 after 3 iterations
      AMG solver residual = 0.00169348 after 3 iterations
      AMG solver residual = 0.00177862 after 3 iterations
      AMG solver residual = 0.00812526 after 1 iterations
  ----
  dt: 0.05
    dt scales:  173.302 (Vlasov)  1.79769e+308 (Collisions)  
    CFL:  0.000288514 (Vlasov)  0 (Collisions)
  ----
  Distribution Function Extrema:
    Species 0:	0.000178574 [max]	-7.38268e-37 [min]

Step 57 completed, simulation time is 2.85
----

Step 58
      AMG solver residual = 0.00170224 after 3 iterations
      AMG solver residual = 0.00536459 after 2 iterations
  --
  Subiteration:1 of 1
      AMG solver residual = 0.00171263 after 3 iterations
      AMG solver residual = 0.00178119 after 3 iterations
      AMG solver residual = 0.00229699 after 2 iterations
      AMG solver residual = 0.00183577 after 3 iterations
      AMG solver residual = 0.00210386 after 3 iterations
      AMG solver residual = 0.00173201 after 3 iterations
      AMG solver residual = 0.00178497 after 3 iterations
      AMG solver residual = 0.00439529 after 1 iterations
  ----
  dt: 0.05
    dt scales:  175.328 (Vlasov)  1.79769e+308 (Collisions)  
    CFL:  0.00028518 (Vlasov)  0 (Collisions)
  ----
  Distribution Function Extrema:
    Species 0:	0.000178574 [max]	-7.38268e-37 [min]

Step 58 completed, simulation time is 2.9
----

Step 59
      AMG solver residual = 0.00174047 after 3 iterations
      AMG solver residual = 0.00985286 after 2 iterations
  --
  Subiteration:1 of 1
      AMG solver residual = 0.00175176 after 3 iterations
      AMG solver residual = 0.00178872 after 3 iterations
      AMG solver residual = 0.00191389 after 2 iterations
      AMG solver residual = 0.00178175 after 3 iterations
      AMG solver residual = 0.00214141 after 3 iterations
      AMG solver residual = 0.00177166 after 3 iterations
      AMG solver residual = 0.00179325 after 3 iterations
      AMG solver residual = 0.00707071 after 1 iterations
  ----
  dt: 0.05
    dt scales:  177.786 (Vlasov)  1.79769e+308 (Collisions)  
    CFL:  0.000281238 (Vlasov)  0 (Collisions)
  ----
  Distribution Function Extrema:
    Species 0:	0.000178574 [max]	-7.38268e-37 [min]

Step 59 completed, simulation time is 2.95
----

Step 60
      AMG solver residual = 0.00177995 after 3 iterations
      AMG solver residual = 0.00128676 after 3 iterations
  --
  Subiteration:1 of 1
      AMG solver residual = 0.00179186 after 3 iterations
      AMG solver residual = 0.00179845 after 3 iterations
      AMG solver residual = 0.00152479 after 2 iterations
      AMG solver residual = 0.00172967 after 3 iterations
      AMG solver residual = 0.00215246 after 3 iterations
      AMG solver residual = 0.00181208 after 3 iterations
      AMG solver residual = 0.00180368 after 3 iterations
      AMG solver residual = 0.00136925 after 2 iterations
  ----
  dt: 0.05
    dt scales:  179.168 (Vlasov)  1.79769e+308 (Collisions)  
    CFL:  0.000279067 (Vlasov)  0 (Collisions)
  ----
  Distribution Function Extrema:
    Species 0:	0.000178574 [max]	-7.38268e-37 [min]

Step 60 completed, simulation time is 3
----
Writing checkpoint file
Writing history file
