** GKUnits ***********************************************************

==== Fundamental Units ===============================================
  NUMBER DENSITY    [1/m^3]: 1e+20
  TEMPERATURE           [eV]: 1000
  LENGTH                [m]: 1
  MASS                 [AMU]: 1
  MAGNETIC FIELD        [T]: 1
  CHARGE                [C]: 1.60218e-19
  BOLTZMANN CONSTANT  [J/K]: 1.38065e-23
  ELECTRIC CONSTANT   [F/m]: 8.85419e-12
  MAGNETIC CONSTANT   [H/m]: 1.25664e-06

==== Derived Units ===================================================

  THERMAL SPEED       [m/s]: 309497
  TRANSIT TIME          [s]: 3.23105e-06
  MAGNETIC MOMENT     [J/T]: 8.01088e-17
  DIST. FUNCTION [s/(Am^6)]: 1073.7
  POTENTIAL             [V]: 1000
  GYROFREQUENCY       [1/s]: 9.57883e+07
  GYRORADIUS            [m]: 0.00323105
  DEBYE LENGTH          [m]: 2.35082e-05

==== Dimensionless Parameters =========================================

  LARMOR NUMBER            : 0.00323105
  DEBYE NUMBER             : 2.35082e-05

***********************************************************************
**** cellSp[0] = 0.0981748,  cellSp[1] = 0.0981748
**** dimensions = 64, 64
**** cellSp[0] = 0.0981748,  cellSp[1] = 0.0981748
**** dimensions = 64, 64
**** cellSp[0] = 0.0981748,  cellSp[1] = 0.0981748
**** dimensions = 64, 64
**** cellSp[0] = 0.0981748,  cellSp[1] = 0.0981748
**** dimensions = 64, 64
**** cellSp[0] = 0.0981748,  cellSp[1] = 0.0981748
**** dimensions = 64, 64
**** cellSp[0] = 0.0981748,  cellSp[1] = 0.0981748
**** dimensions = 64, 64
**** cellSp[0] = 0.0981748,  cellSp[1] = 0.0981748
**** dimensions = 64, 64
Constructing slab geometry...
xmax = 0.02, ymax = 0.02
Bz_inner = 3, Bz_outer = 3
By_inner  = 0
**** cellSp[0] = 0.0981748,  cellSp[1] = 0.0981748
**** dimensions = 64, 64
Done constructing slab geometry
**** cellSp[0] = 0.0981748,  cellSp[1] = 0.0981748
**** dimensions = 64, 64
**** cellSp[0] = 0.0981748,  cellSp[1] = 0.0981748
**** dimensions = 64, 64
**** cellSp[0] = 0.0981748,  cellSp[1] = 0.0981748
**** dimensions = 64, 64
**** cellSp[0] = 0.0981748,  cellSp[1] = 0.0981748
**** dimensions = 64, 64
**** cellSp[0] = 0.0981748,  cellSp[1] = 0.0981748
**** dimensions = 64, 64
**** cellSp[0] = 0.0981748,  cellSp[1] = 0.0981748
**** dimensions = 64, 64
**** cellSp[0] = 0.0981748,  cellSp[1] = 0.0981748
**** dimensions = 64, 64
**** cellSp[0] = 0.0981748,  cellSp[1] = 0.0981748
**** dimensions = 64, 64
**** cellSp[0] = 0.0981748,  cellSp[1] = 0.0981748
**** dimensions = 64, 64
**** cellSp[0] = 0.0981748,  cellSp[1] = 0.0981748
**** dimensions = 64, 64
**** cellSp[0] = 0.0981748,  cellSp[1] = 0.0981748
**** dimensions = 64, 64
**** cellSp[0] = 0.0981748,  cellSp[1] = 0.0981748
**** dimensions = 64, 64
**** cellSp[0] = 0.0981748,  cellSp[1] = 0.0981748
**** dimensions = 64, 64
**** cellSp[0] = 0.0981748,  cellSp[1] = 0.0981748
**** dimensions = 64, 64
**** cellSp[0] = 0.0981748,  cellSp[1] = 0.0981748
**** dimensions = 64, 64
**** cellSp[0] = 0.0981748,  cellSp[1] = 0.0981748
**** dimensions = 64, 64
**** cellSp[0] = 0.0981748,  cellSp[1] = 0.0981748
**** dimensions = 64, 64
**** cellSp[0] = 0.0981748,  cellSp[1] = 0.0981748
**** dimensions = 64, 64
**** cellSp[0] = 0.0981748,  cellSp[1] = 0.0981748
**** dimensions = 64, 64
**** cellSp[0] = 0.0981748,  cellSp[1] = 0.0981748
**** dimensions = 64, 64
**** cellSp[0] = 0.0981748,  cellSp[1] = 0.0981748
**** dimensions = 64, 64
**** cellSp[0] = 0.0981748,  cellSp[1] = 0.0981748
**** dimensions = 64, 64
**** cellSp[0] = 0.0981748,  cellSp[1] = 0.0981748
**** dimensions = 64, 64
**** cellSp[0] = 0.0981748,  cellSp[1] = 0.0981748
**** dimensions = 64, 64
**** cellSp[0] = 0.0981748,  cellSp[1] = 0.0981748
**** dimensions = 64, 64
   Configuration space box ((0,0) (7,7) (0,0)) is assigned to process 0
   Configuration space box ((8,0) (15,7) (0,0)) is assigned to process 1
   Configuration space box ((16,0) (23,7) (0,0)) is assigned to process 2
   Configuration space box ((24,0) (31,7) (0,0)) is assigned to process 3
   Configuration space box ((32,0) (39,7) (0,0)) is assigned to process 4
   Configuration space box ((40,0) (47,7) (0,0)) is assigned to process 5
   Configuration space box ((48,0) (55,7) (0,0)) is assigned to process 6
   Configuration space box ((56,0) (63,7) (0,0)) is assigned to process 7
   Configuration space box ((0,8) (7,15) (0,0)) is assigned to process 8
   Configuration space box ((8,8) (15,15) (0,0)) is assigned to process 9
   Configuration space box ((16,8) (23,15) (0,0)) is assigned to process 10
   Configuration space box ((24,8) (31,15) (0,0)) is assigned to process 11
   Configuration space box ((32,8) (39,15) (0,0)) is assigned to process 12
   Configuration space box ((40,8) (47,15) (0,0)) is assigned to process 13
   Configuration space box ((48,8) (55,15) (0,0)) is assigned to process 14
   Configuration space box ((56,8) (63,15) (0,0)) is assigned to process 15
   Configuration space box ((0,16) (7,23) (0,0)) is assigned to process 16
   Configuration space box ((8,16) (15,23) (0,0)) is assigned to process 17
   Configuration space box ((16,16) (23,23) (0,0)) is assigned to process 18
   Configuration space box ((24,16) (31,23) (0,0)) is assigned to process 19
   Configuration space box ((32,16) (39,23) (0,0)) is assigned to process 20
   Configuration space box ((40,16) (47,23) (0,0)) is assigned to process 21
   Configuration space box ((48,16) (55,23) (0,0)) is assigned to process 22
   Configuration space box ((56,16) (63,23) (0,0)) is assigned to process 23
   Configuration space box ((0,24) (7,31) (0,0)) is assigned to process 24
   Configuration space box ((8,24) (15,31) (0,0)) is assigned to process 25
   Configuration space box ((16,24) (23,31) (0,0)) is assigned to process 26
   Configuration space box ((24,24) (31,31) (0,0)) is assigned to process 27
   Configuration space box ((32,24) (39,31) (0,0)) is assigned to process 28
   Configuration space box ((40,24) (47,31) (0,0)) is assigned to process 29
   Configuration space box ((48,24) (55,31) (0,0)) is assigned to process 30
   Configuration space box ((56,24) (63,31) (0,0)) is assigned to process 31
   Configuration space box ((0,32) (7,39) (0,0)) is assigned to process 32
   Configuration space box ((8,32) (15,39) (0,0)) is assigned to process 33
   Configuration space box ((16,32) (23,39) (0,0)) is assigned to process 34
   Configuration space box ((24,32) (31,39) (0,0)) is assigned to process 35
   Configuration space box ((32,32) (39,39) (0,0)) is assigned to process 36
   Configuration space box ((40,32) (47,39) (0,0)) is assigned to process 37
   Configuration space box ((48,32) (55,39) (0,0)) is assigned to process 38
   Configuration space box ((56,32) (63,39) (0,0)) is assigned to process 39
   Configuration space box ((0,40) (7,47)**** cellSp[0] = 0.0981748,  cellSp[1] = 0.0981748
**** dimensions = 64, 64
 (0,0)) is assigned to process 40
   Configuration space box ((8,40) (15,47) (0,0)) is assigned to process 41
   Configuration space box ((16,40) (23,47) (0,0)) is assigned to process 42
   Configuration space box ((24,40) (31,47) (0,0)) is assigned to process 43
   Configuration space box ((32,40) (39,47) (0,0)) is assigned to process 44
   Configuration space box ((40,40) (47,47) (0,0)) is assigned to process 45
   Configuration space box ((48,40) (55,47) (0,0)) is assigned to process 46
   Configuration space box ((56,40) (63,47) (0,0)) is assigned to process 47
   Configuration space box ((0,48) (7,55) (0,0)) is assigned to process 48
   Configuration space box ((8,48) (15,55) (0,0)) is assigned to process 49
   Configuration space box ((16,48) (23,55) (0,0)) is assigned to process 50
   Configuration space box ((24,48) (31,55) (0,0)) is assigned to process 51
   Configuration space box ((32,48) (39,55) (0,0)) is assigned to process 52
   Configuration space box ((40,48) (47,55) (0,0)) is assigned to proc**** cellSp[0] = 0.0981748,  cellSp[1] = 0.0981748
**** dimensions = 64, 64
ess 53
   Configuration space box ((48,48) (55,55) (0,0)) is assigned to process 54
   Configuration space box ((56,48) (63,55) (0,0)) is assigned to process 55
   Configuration space box ((0,56) (7,63) (0,0)) is assigned to process 56
   Configuration space box ((8,56) (15,63) (0,0)) is assigned to process 57
   Configuration space box ((16,56) (23,63) (0,0)) is assigned to process 58
   Configuration space box ((24,56) (31,63) (0,0)) is assigned to process 59
   Configuration space box ((32,56) (39,63) (0,0)) is assigned to process 60
   Configuration space box ((40,56) (47,63) (0,0)) is assigned to process 61
   Configuration space box ((48,56) (55,63) (0,0)) is assigned to process 62
   Configuration space box ((56,56) (63,63) (0,0)) is assigned to process 63
Constructing magnetic geometry
**** cellSp[0] = 0.0981748,  cellSp[1] = 0.0981748
**** dimensions = 64, 64
Done constructing magnetic geometry
**** cellSp[0] = 0.0981748,  cellSp[1] = 0.0981748
**** dimensions = 64, 64
   Velocity space box ((-32,0) (-25,7) (0,0)) is assigned to process 0
   Velocity space box ((-24,0) (-17,7) (0,0)) is assigned to process 1
   Velocity space box ((-16,0) (-9,7) (0,0)) is assigned to process 2
   Velocity space box ((-8,0) (-1,7) (0,0)) is assigned to process 3
   Velocity space box ((0,0) (7,7) (0,0)) is assigned to process 4
   Velocity space box ((8,0) (15,7) (0,0)) is assigned to process 5
   Velocity space box ((16,0) (23,7) (0,0)) is assigned to process 6
   Velocity space box ((24,0) (31,7) (0,0)) is assigned to process 7
   Velocity space box ((-32,8) (-25,15) (0,0)) is assigned to process 8
   Velocity space box ((-24,8) (-17,15) (0,0)) is assigned to process 9
   Velocity space box ((-16,8) (-9,15) (0,0)) is assigned to process 10
   Velocity space box ((-8,8) (-1,15) (0,0)) is assigned to process 11
**** cellSp[0] = 0.0981748,  cellSp[1] = 0.0981748
**** dimensions = 64, 64
   Velocity space box ((0,8) (7,15) (0,0)) is assigned to process 12
   Velocity space box ((8,8) (15,15) (0,0)) is assigned to process 13
   Velocity space box ((16,8) (23,15) (0,0)) is assigned to process 14
   Velocity space box ((24,8) (31,15) (0,0)) is assigned to process 15
   Velocity space box ((-32,16) (-25,23) (0,0)) is assigned to process 16
   Velocity space box ((-24,16) (-17,23) (0,0)) is assigned to process 17
   Velocity space box ((-16,16) (-9,23) (0,0)) is assigned to process 18
   Velocity space box ((-8,16) (-1,23) (0,0)) is assigned to process 19
   Velocity space box ((0,16) (7,23) (0,0)) is assigned to process 20
   Velocity space box ((8,16) (15,23) (0,0)) is assigned to process 21
   Velocity space box ((16,16) (23,23) (0,0)) is assigned to process 22
   Velocity space box ((24,16) (31,23) (0,0)) is assigned to process 23
   Velocity space box ((-32,24) (-25,31) (0,0)) is assigned to process 24
   Velocity space box ((-24,24) (-17,31) (0,0)) is assigned to process 25
**** cellSp[0] = 0.0981748,  cellSp[1] = 0.0981748
**** dimensions = 64, 64
   Velocity space box ((-16,24) (-9,31) (0,0)) is assigned to process 26
   Velocity space box ((-8,24) (-1,31) (0,0)) is assigned to process 27
   Velocity space box ((0,24) (7,31) (0,0)) is assigned to process 28
   Velocity space box ((8,24) (15,31) (0,0)) is assigned to process 29
   Velocity space box ((16,24) (23,31) (0,0)) is assigned to process 30
   Velocity space box ((24,24) (31,31) (0,0)) is assigned to process 31
**** cellSp[0] = 0.0981748,  cellSp[1] = 0.0981748
**** dimensions = 64, 64
   Phase space box ((16,0,-32,0) (23,7,31,31) (0,0,0,0)) is assigned to process 2, has 131072 valid cells and 606208 ghost cells
**** cellSp[0] = 0.0981748,  cellSp[1] = 0.0981748
**** dimensions = 64, 64
   Phase space box ((32,0,-32,0) (39,7,31,31) (0,0,0,0)) is assigned to process 4, has 131072 valid cells and 606208 ghost cells
**** cellSp[0] = 0.0981748,  cellSp[1] = 0.0981748
**** dimensions = 64, 64
   Phase space box ((48,0,-32,0) (55,7,31,31) (0,0,0,0)) is assigned to process 6, has 131072 valid cells and 606208 ghost cells
**** cellSp[0] = 0.0981748,  cellSp[1] = 0.0981748
**** dimensions = 64, 64
   Phase space box ((0,8,-32,0) (7,15,31,31) (0,0,0,0)) is assigned to process 8, has 131072 valid cells and 606208 ghost cells
**** cellSp[0] = 0.0981748,  cellSp[1] = 0.0981748
**** dimensions = 64, 64
   Phase space box ((16,8,-32,0) (23,15,31,31) (0,0,0,0)) is assigned to process 10, has 131072 valid cells and 606208 ghost cells
**** cellSp[0] = 0.0981748,  cellSp[1] = 0.0981748
**** dimensions = 64, 64
   Phase space box ((24,16,-32,0) (31,23,31,31) (0,0,0,0)) is assigned to process 19, has 131072 valid cells and 606208 ghost cells
**** cellSp[0] = 0.0981748,  cellSp[1] = 0.0981748
**** dimensions = 64, 64
   Phase space box ((56,16,-32,0) (63,23,31,31) (0,0,0,0)) is assigned to process 23, has 131072 valid cells and 606208 ghost cells
**** cellSp[0] = 0.0981748,  cellSp[1] = 0.0981748
**** dimensions = 64, 64
   Phase space box ((16,24,-32,0) (23,31,31,31) (0,0,0,0)) is assigned to process 26, has 131072 valid cells and 606208 ghost cells
**** cellSp[0] = 0.0981748,  cellSp[1] = 0.0981748
**** dimensions = 64, 64
   Phase space box ((56,24,-32,0) (63,31,31,31) (0,0,0,0)) is assigned to process 31, has 131072 valid cells and 606208 ghost cells
**** cellSp[0] = 0.0981748,  cellSp[1] = 0.0981748
**** dimensions = 64, 64
   Phase space box ((0,0,-32,0) (7,7,31,31) (0,0,0,0)) is assigned to process 0, has 131072 valid cells and 606208 ghost cells
**** cellSp[0] = 0.0981748,  cellSp[1] = 0.0981748
**** dimensions = 64, 64
   Phase space box ((8,0,-32,0) (15,7,31,31) (0,0,0,0)) is assigned to process 1, has 131072 valid cells and 606208 ghost cells
**** cellSp[0] = 0.0981748,  cellSp[1] = 0.0981748
**** dimensions = 64, 64
   Phase space box ((24,0,-32,0) (31,7,31,31) (0,0,0,0)) is assigned to process 3, has 131072 valid cells and 606208 ghost cells
**** cellSp[0] = 0.0981748,  cellSp[1] = 0.0981748
**** dimensions = 64, 64
   Phase space box ((40,0,-32,0) (47,7,31,31) (0,0,0,0)) is assigned to process 5, has 131072 valid cells and 606208 ghost cells
**** cellSp[0] = 0.0981748,  cellSp[1] = 0.0981748
**** dimensions = 64, 64
   Phase space box ((56,0,-32,0) (63,7,31,31) (0,0,0,0)) is assigned to process 7, has 131072 valid cells and 606208 ghost cells
**** cellSp[0] = 0.0981748,  cellSp[1] = 0.0981748
**** dimensions = 64, 64
   Phase space box ((8,8,-32,0) (15,15,31,31) (0,0,0,0)) is assigned to process 9, has 131072 valid cells and 606208 ghost cells
**** cellSp[0] = 0.0981748,  cellSp[1] = 0.0981748
**** dimensions = 64, 64
   Phase space box ((24,8,-32,0) (31,15,31,31) (0,0,0,0)) is assigned to process 11, has 131072 valid cells and 606208 ghost cells
**** cellSp[0] = 0.0981748,  cellSp[1] = 0.0981748
**** dimensions = 64, 64
   Phase space box ((32,8,-32,0) (39,15,31,31) (0,0,0,0)) is assigned to process 12, has 131072 valid cells and 606208 ghost cells
**** cellSp[0] = 0.0981748,  cellSp[1] = 0.0981748
**** dimensions = 64, 64
   Phase space box ((40,8,-32,0) (47,15,31,31) (0,0,0,0)) is assigned to process 13, has 131072 valid cells and 606208 ghost cells
**** cellSp[0] = 0.0981748,  cellSp[1] = 0.0981748
**** dimensions = 64, 64
   Phase space box ((48,8,-32,0) (55,15,31,31) (0,0,0,0)) is assigned to process 14, has 131072 valid cells and 606208 ghost cells
**** cellSp[0] = 0.0981748,  cellSp[1] = 0.0981748
**** dimensions = 64, 64
   Phase space box ((56,8,-32,0) (63,15,31,31) (0,0,0,0)) is assigned to process 15, has 131072 valid cells and 606208 ghost cells
**** cellSp[0] = 0.0981748,  cellSp[1] = 0.0981748
**** dimensions = 64, 64
   Phase space box ((0,16,-32,0) (7,23,31,31) (0,0,0,0)) is assigned to process 16, has 131072 valid cells and 606208 ghost cells
**** cellSp[0] = 0.0981748,  cellSp[1] = 0.0981748
**** dimensions = 64, 64
   Phase space box ((8,16,-32,0) (15,23,31,31) (0,0,0,0)) is assigned to process 17, has 131072 valid cells and 606208 ghost cells
**** cellSp[0] = 0.0981748,  cellSp[1] = 0.0981748
**** dimensions = 64, 64
   Phase space box ((16,16,-32,0) (23,23,31,31) (0,0,0,0)) is assigned to process 18, has 131072 valid cells and 606208 ghost cells
**** cellSp[0] = 0.0981748,  cellSp[1] = 0.0981748
**** dimensions = 64, 64
   Phase space box ((32,16,-32,0) (39,23,31,31) (0,0,0,0)) is assigned to process 20, has 131072 valid cells and 606208 ghost cells
**** cellSp[0] = 0.0981748,  cellSp[1] = 0.0981748
**** dimensions = 64, 64
   Phase space box ((40,16,-32,0) (47,23,31,31) (0,0,0,0)) is assigned to process 21, has 131072 valid cells and 606208 ghost cells
   Phase space box ((40,32,-32,0) (47,39,31,31) (0,0,0,0)) is assigned to process 37, has 131072 valid cells and 606208 ghost cells
   Phase space box ((48,16,-32,0) (55,23,31,31) (0,0,0,0)) is assigned to process 22, has 131072 valid cells and 606208 ghost cells
   Phase space box ((48,32,-32,0) (55,39,31,31) (0,0,0,0)) is assigned to process 38, has 131072 valid cells and 606208 ghost cells
   Phase space box ((0,24,-32,0) (7,31,31,31) (0,0,0,0)) is assigned to process 24, has 131072 valid cells and 606208 ghost cells
   Phase space box ((56,40,-32,0) (63,47,31,31) (0,0,0,0)) is assigned to process 47, has 131072 valid cells and 606208 ghost cells
   Phase space box ((8,24,-32,0) (15,31,31,31) (0,0,0,0)) is assigned to process 25, has 131072 valid cells and 606208 ghost cells
   Phase space box ((24,32,-32,0) (31,39,31,31) (0,0,0,0)) is assigned to process 35, has 131072 valid cells and 606208 ghost cells
   Phase space box ((24,24,-32,0) (31,31,31,31) (0,0,0,0)) is assigned to process 27, has 131072 valid cells and 606208 ghost cells
   Phase space box ((32,32,-32,0) (39,39,31,31) (0,0,0,0)) is assigned to process 36, has 131072 valid cells and 606208 ghost cells
   Phase space box ((32,24,-32,0) (39,31,31,31) (0,0,0,0)) is assigned to process 28, has 131072 valid cells and 606208 ghost cells
   Phase space box ((8,40,-32,0) (15,47,31,31) (0,0,0,0)) is assigned to process 41, has 131072 valid cells and 606208 ghost cells
   Phase space box ((40,24,-32,0) (47,31,31,31) (0,0,0,0)) is assigned to process 29, has 131072 valid cells and 606208 ghost cells
   Phase space box ((16,40,-32,0) (23,47,31,31) (0,0,0,0)) is assigned to process 42, has 131072 valid cells and 606208 ghost cells
   Phase space box ((48,24,-32,0) (55,31,31,31) (0,0,0,0)) is assigned to process 30, has 131072 valid cells and 606208 ghost cells
   Phase space box ((24,40,-32,0) (31,47,31,31) (0,0,0,0)) is assigned to process 43, has 131072 valid cells and 606208 ghost cells
   Phase space box ((32,40,-32,0) (39,47,31,31) (0,0,0,0)) is assigned to process 44, has 131072 valid cells and 606208 ghost cells
   Phase space box ((40,40,-32,0) (47,47,31,31) (0,0,0,0)) is assigned to process 45, has 131072 valid cells and 606208 ghost cells
   Phase space box ((8,48,-32,0) (15,55,31,31) (0,0,0,0)) is assigned to process 49, has 131072 valid cells and 606208 ghost cells
   Phase space box ((48,48,-32,0) (55,55,31,31) (0,0,0,0)) is assigned to process 54, has 131072 valid cells and 606208 ghost cells
   Phase space box ((56,48,-32,0) (63,55,31,31) (0,0,0,0)) is assigned to process 55, has 131072 valid cells and 606208 ghost cells
   Phase space box ((0,56,-32,0) (7,63,31,31) (0,0,0,0)) is assigned to process 56, has 131072 valid cells and 606208 ghost cells
   Phase space box ((8,56,-32,0) (15,63,31,31) (0,0,0,0)) is assigned to process 57, has 131072 valid cells and 606208 ghost cells
   Phase space box ((16,56,-32,0) (23,63,31,31) (0,0,0,0)) is assigned to process 58, has 131072 valid cells and 606208 ghost cells
   Phase space box ((32,56,-32,0) (39,63,31,31) (0,0,0,0)) is assigned to process 60, has 131072 valid cells and 606208 ghost cells
   Phase space box ((48,56,-32,0) (55,63,31,31) (0,0,0,0)) is assigned to process 62, has 131072 valid cells and 606208 ghost cells
   Phase space box ((56,56,-32,0) (63,63,31,31) (0,0,0,0)) is assigned to process 63, has 131072 valid cells and 606208 ghost cells
   Phase space box ((0,32,-32,0) (7,39,31,31) (0,0,0,0)) is assigned to process 32, has 131072 valid cells and 606208 ghost cells
   Phase space box ((8,32,-32,0) (15,39,31,31) (0,0,0,0)) is assigned to process 33, has 131072 valid cells and 606208 ghost cells
   Phase space box ((16,32,-32,0) (23,39,31,31) (0,0,0,0)) is assigned to process 34, has 131072 valid cells and 606208 ghost cells
   Phase space box ((56,32,-32,0) (63,39,31,31) (0,0,0,0)) is assigned to process 39, has 131072 valid cells and 606208 ghost cells
   Phase space box ((0,40,-32,0) (7,47,31,31) (0,0,0,0)) is assigned to process 40, has 131072 valid cells and 606208 ghost cells
   Phase space box ((48,40,-32,0) (55,47,31,31) (0,0,0,0)) is assigned to process 46, has 131072 valid cells and 606208 ghost cells
   Phase space box ((0,48,-32,0) (7,55,31,31) (0,0,0,0)) is assigned to process 48, has 131072 valid cells and 606208 ghost cells
   Phase space box ((16,48,-32,0) (23,55,31,31) (0,0,0,0)) is assigned to process 50, has 131072 valid cells and 606208 ghost cells
   Phase space box ((24,48,-32,0) (31,55,31,31) (0,0,0,0)) is assigned to process 51, has 131072 valid cells and 606208 ghost cells
   Phase space box ((32,48,-32,0) (39,55,31,31) (0,0,0,0)) is assigned to process 52, has 131072 valid cells and 606208 ghost cells
   Phase space box ((40,48,-32,0) (47,55,31,31) (0,0,0,0)) is assigned to process 53, has 131072 valid cells and 606208 ghost cells
   Phase space box ((24,56,-32,0) (31,63,31,31) (0,0,0,0)) is assigned to process 59, has 131072 valid cells and 606208 ghost cells
   Phase space box ((40,56,-32,0) (47,63,31,31) (0,0,0,0)) is assigned to process 61, has 131072 valid cells and 606208 ghost cells
Adding species and constructing gyrocenter coordinates...
   hydrogen: kinetic species with mass = 2, charge = 1
Done adding species and constructing coordinates

Grid Function Library =========================

"Ion_vpar_grid_func":
Constant grid function parameters:
  value: 1

"N0_grid_func":
Arbitrary grid function parameters:
  function: 1.0+0.5*exp(-(x-pi)/(2*pi*0.01/0.02))+0.001*exp(-(x-pi)^2/(2*pi*0.001/0.02))*cos(2*y)

"T0_grid_func":
Cosine grid function parameters:
  constant: 0.2
  amplitude: 0
  mode: (1,0)
  phase: (0,0)

"eN0_grid_func":
Arbitrary grid function parameters:
  function: 1.0+0.5*exp(-(x-pi)/(2*pi*0.01/0.02))

"eT0_grid_func":
Cosine grid function parameters:
  constant: 0.2
  amplitude: 0
  mode: (1,0)
  phase: (0,0)

"ele_vpar_grid_func":
Constant grid function parameters:
  value: 1

"zero_grid_func":
Constant grid function parameters:
  value: 0

===============================================

Kinetic Function Library =========================

"maxwellian_electron_phase_func":
Maxwellian kinetic function parameters:
-- Density --
Arbitrary grid function parameters:
  function: 1.0+0.5*exp(-(x-pi)/(2*pi*0.01/0.02))

-- Temperature --
Cosine grid function parameters:
  constant: 0.2
  amplitude: 0
  mode: (1,0)
  phase: (0,0)

-- Vparallel --
Constant grid function parameters:
  value: 1


"maxwellian_phase_func":
Maxwellian kinetic function parameters:
-- Density --
Arbitrary grid function parameters:
  function: 1.0+0.5*exp(-(x-pi)/(2*pi*0.01/0.02))+0.001*exp(-(x-pi)^2/(2*pi*0.001/0.02))*cos(2*y)

-- Temperature --
Cosine grid function parameters:
  constant: 0.2
  amplitude: 0
  mode: (1,0)
  phase: (0,0)

-- Vparallel --
Constant grid function parameters:
  value: 1


==================================================

SlabPotentialBC ================================
- variable: potential-------------
  radial_lower: 
     bc_type  = 0
     bc_value = 0
  radial_upper: 
     bc_type  = 0
     bc_value = 0
  poloidal_lower: 
     bc_type  = 1
     bc_value = 0
  poloidal_upper: 
     bc_type  = 1
     bc_value = 0
-----------------------------------------------
===============================================

SlabPhaseBC ================================
- variable: hydrogen-------------
  radial_lower: 
Maxwellian kinetic function parameters:
-- Density --
Arbitrary grid function parameters:
  function: 1.0+0.5*exp(-(x-pi)/(2*pi*0.01/0.02))+0.001*exp(-(x-pi)^2/(2*pi*0.001/0.02))*cos(2*y)

-- Temperature --
Cosine grid function parameters:
  constant: 0.2
  amplitude: 0
  mode: (1,0)
  phase: (0,0)

-- Vparallel --
Constant grid function parameters:
  value: 1


  radial_upper: 
Maxwellian kinetic function parameters:
-- Density --
Arbitrary grid function parameters:
  function: 1.0+0.5*exp(-(x-pi)/(2*pi*0.01/0.02))+0.001*exp(-(x-pi)^2/(2*pi*0.001/0.02))*cos(2*y)

-- Temperature --
Cosine grid function parameters:
  constant: 0.2
  amplitude: 0
  mode: (1,0)
  phase: (0,0)

-- Vparallel --
Constant grid function parameters:
  value: 1


  poloidal_lower: 
Maxwellian kinetic function parameters:
-- Density --
Arbitrary grid function parameters:
  function: 1.0+0.5*exp(-(x-pi)/(2*pi*0.01/0.02))+0.001*exp(-(x-pi)^2/(2*pi*0.001/0.02))*cos(2*y)

-- Temperature --
Cosine grid function parameters:
  constant: 0.2
  amplitude: 0
  mode: (1,0)
  phase: (0,0)

-- Vparallel --
Constant grid function parameters:
  value: 1


  poloidal_upper: 
Maxwellian kinetic function parameters:
-- Density --
Arbitrary grid function parameters:
  function: 1.0+0.5*exp(-(x-pi)/(2*pi*0.01/0.02))+0.001*exp(-(x-pi)^2/(2*pi*0.001/0.02))*cos(2*y)

-- Temperature --
Cosine grid function parameters:
  constant: 0.2
  amplitude: 0
  mode: (1,0)
  phase: (0,0)

-- Vparallel --
Constant grid function parameters:
  value: 1


  vpar_lower: 
Maxwellian kinetic function parameters:
-- Density --
Arbitrary grid function parameters:
  function: 1.0+0.5*exp(-(x-pi)/(2*pi*0.01/0.02))+0.001*exp(-(x-pi)^2/(2*pi*0.001/0.02))*cos(2*y)

-- Temperature --
Cosine grid function parameters:
  constant: 0.2
  amplitude: 0
  mode: (1,0)
  phase: (0,0)

-- Vparallel --
Constant grid function parameters:
  value: 1


  vpar_upper: 
Maxwellian kinetic function parameters:
-- Density --
Arbitrary grid function parameters:
  function: 1.0+0.5*exp(-(x-pi)/(2*pi*0.01/0.02))+0.001*exp(-(x-pi)^2/(2*pi*0.001/0.02))*cos(2*y)

-- Temperature --
Cosine grid function parameters:
  constant: 0.2
  amplitude: 0
  mode: (1,0)
  phase: (0,0)

-- Vparallel --
Constant grid function parameters:
  value: 1


  mu_lower: 
Maxwellian kinetic function parameters:
-- Density --
Arbitrary grid function parameters:
  function: 1.0+0.5*exp(-(x-pi)/(2*pi*0.01/0.02))+0.001*exp(-(x-pi)^2/(2*pi*0.001/0.02))*cos(2*y)

-- Temperature --
Cosine grid function parameters:
  constant: 0.2
  amplitude: 0
  mode: (1,0)
  phase: (0,0)

-- Vparallel --
Constant grid function parameters:
  value: 1


  mu_upper: 
Maxwellian kinetic function parameters:
-- Density --
Arbitrary grid function parameters:
  function: 1.0+0.5*exp(-(x-pi)/(2*pi*0.01/0.02))+0.001*exp(-(x-pi)^2/(2*pi*0.001/0.02))*cos(2*y)

-- Temperature --
Cosine grid function parameters:
  constant: 0.2
  amplitude: 0
  mode: (1,0)
  phase: (0,0)

-- Vparallel --
Constant grid function parameters:
  value: 1


-----------------------------------------------
===============================================
Unrecognized collision model; setting model to NULL
      AMG solver residual = 0.00040199 after 2 iterations
      AMG solver residual = 0.000325801 after 2 iterations
      AMG solver residual = 0.000382304 after 2 iterations
      AMG solver residual = 0.000429083 after 2 iterations
  Distribution Function Extrema:
    Species 0:	0.000390529 [max]	-5.02084e-26 [min]

      AMG solver residual = 0.00419399 after 1 iterations
dtStable = 4.2413
      AMG solver residual = 0.000492347 after 2 iterations
      AMG solver residual = 0.000422761 after 2 iterations
      AMG solver residual = 0.000518285 after 2 iterations
      AMG solver residual = 0.000611619 after 2 iterations
      AMG solver residual = 0.000399101 after 2 iterations
      AMG solver residual = 0.000451293 after 2 iterations
      AMG solver residual = 0.00356382 after 1 iterations
      AMG solver residual = 0.000505157 after 2 iterations
      AMG solver residual = 0.000426884 after 2 iterations
      AMG solver residual = 0.000527556 after 2 iterations
      AMG solver residual = 0.000611507 after 2 iterations
 subiteration:1/1
 subiteration:1/1
 subiteration:1/1
 subiteration:1/1
 subiteration:1/1
 subiteration:1/1
 subiteration:1/1
 subiteration:1/1
 subiteration:1/1
  Distribution Function Extrema:
 subiteration:1/1
 subiteration:1/1
 subiteration:1/1
 subiteration:1/1
 subiteration:1/1
 subiteration:1/1
 subiteration:1/1
 subiteration:1/1
 subiteration:1/1
 subiteration:1/1
 subiteration:1/1
 subiteration:1/1
 subiteration:1/1
 subiteration:1/1
 subiteration:1/1
 subiteration:1/1
 subiteration:1/1
 subiteration:1/1
 subiteration:1/1
 subiteration:1/1
 subiteration:1/1
 subiteration:1/1
 subiteration:1/1
 subiteration:1/1
 subiteration:1/1
 subiteration:1/1
 subiteration:1/1
 subiteration:1/1
 subiteration:1/1
 subiteration:1/1
 subiteration:1/1
 subiteration:1/1
 subiteration:1/1
 subiteration:1/1
 subiteration:1/1
 subiteration:1/1
 subiteration:1/1
 subiteration:1/1
 subiteration:1/1
 subiteration:1/1
 subiteration:1/1
 subiteration:1/1
 subiteration:1/1
 subiteration:1/1
 subiteration:1/1
 subiteration:1/1
 subiteration:1/1
 subiteration:1/1
 subiteration:1/1
 subiteration:1/1
 subiteration:1/1
 subiteration:1/1
 subiteration:1/1
 subiteration:1/1
 subiteration:1/1
    Species 0:	0.000390529 [max]	-5.02084e-26 [min]

Step 1 completed, simulation time is 0.1
      AMG solver residual = 0.000467896 after 2 iterations
      AMG solver residual = 0.000543286 after 2 iterations
      AMG solver residual = 0.000509788 after 2 iterations
      AMG solver residual = 0.000428523 after 2 iterations
      AMG solver residual = 0.00053216 after 2 iterations
      AMG solver residual = 0.000609605 after 2 iterations
      AMG solver residual = 0.000376651 after 2 iterations
      AMG solver residual = 0.000396161 after 2 iterations
      AMG solver residual = 0.0035952 after 1 iterations
      AMG solver residual = 0.000507834 after 2 iterations
      AMG solver residual = 0.000427134 after 2 iterations
      AMG solver residual = 0.000534692 after 2 iterations
      AMG solver residual = 0.000609483 after 2 iterations
 subiteration:1/1
 subiteration:1/1
 subiteration:1/1
 subiteration:1/1
 subiteration:1/1
 subiteration:1/1
 subiteration:1/1
 subiteration:1/1
 subiteration:1/1
 subiteration:1/1
 subiteration:1/1
 subiteration:1/1
 subiteration:1/1
 subiteration:1/1
 subiteration:1/1
  Distribution Function Extrema:
 subiteration:1/1
 subiteration:1/1
 subiteration:1/1
 subiteration:1/1
 subiteration:1/1
 subiteration:1/1
 subiteration:1/1
 subiteration:1/1
 subiteration:1/1
 subiteration:1/1
 subiteration:1/1
 subiteration:1/1
 subiteration:1/1
 subiteration:1/1
 subiteration:1/1
 subiteration:1/1
 subiteration:1/1
 subiteration:1/1
 subiteration:1/1
 subiteration:1/1
 subiteration:1/1
 subiteration:1/1
 subiteration:1/1
 subiteration:1/1
 subiteration:1/1
 subiteration:1/1
 subiteration:1/1
 subiteration:1/1
 subiteration:1/1
 subiteration:1/1
 subiteration:1/1
 subiteration:1/1
 subiteration:1/1
 subiteration:1/1
 subiteration:1/1
 subiteration:1/1
 subiteration:1/1
 subiteration:1/1
 subiteration:1/1
 subiteration:1/1
 subiteration:1/1
 subiteration:1/1
 subiteration:1/1
 subiteration:1/1
 subiteration:1/1
 subiteration:1/1
 subiteration:1/1
 subiteration:1/1
 subiteration:1/1
    Species 0:	0.000390529 [max]	-5.02084e-26 [min]

Step 2 completed, simulation time is 0.2
      AMG solver residual = 0.000497161 after 2 iterations
      AMG solver residual = 0.000564658 after 2 iterations
      AMG solver residual = 0.000499018 after 2 iterations
      AMG solver residual = 0.000424289 after 2 iterations
      AMG solver residual = 0.00053274 after 2 iterations
      AMG solver residual = 0.000600821 after 2 iterations
      AMG solver residual = 0.000391345 after 2 iterations
      AMG solver residual = 0.000423045 after 2 iterations
      AMG solver residual = 0.00359654 after 1 iterations
      AMG solver residual = 0.000483368 after 2 iterations
      AMG solver residual = 0.000416716 after 2 iterations
      AMG solver residual = 0.000526515 after 2 iterations
      AMG solver residual = 0.000596283 after 2 iterations
 subiteration:1/1
 subiteration:1/1
 subiteration:1/1
 subiteration:1/1
 subiteration:1/1
  Distribution Function Extrema:
 subiteration:1/1
 subiteration:1/1
 subiteration:1/1
 subiteration:1/1
 subiteration:1/1
 subiteration:1/1
 subiteration:1/1
 subiteration:1/1
 subiteration:1/1
 subiteration:1/1
 subiteration:1/1
 subiteration:1/1
 subiteration:1/1
 subiteration:1/1
 subiteration:1/1
 subiteration:1/1
 subiteration:1/1
 subiteration:1/1
 subiteration:1/1
 subiteration:1/1
 subiteration:1/1
 subiteration:1/1
 subiteration:1/1
 subiteration:1/1
 subiteration:1/1
 subiteration:1/1
 subiteration:1/1
 subiteration:1/1
 subiteration:1/1
 subiteration:1/1
 subiteration:1/1
 subiteration:1/1
 subiteration:1/1
 subiteration:1/1
 subiteration:1/1
 subiteration:1/1
 subiteration:1/1
 subiteration:1/1
 subiteration:1/1
 subiteration:1/1
 subiteration:1/1
 subiteration:1/1
 subiteration:1/1
 subiteration:1/1
 subiteration:1/1
 subiteration:1/1
 subiteration:1/1
 subiteration:1/1
 subiteration:1/1
 subiteration:1/1
 subiteration:1/1
 subiteration:1/1
 subiteration:1/1
 subiteration:1/1
 subiteration:1/1
 subiteration:1/1
 subiteration:1/1
 subiteration:1/1
 subiteration:1/1
    Species 0:	0.000390529 [max]	-5.02084e-26 [min]

Step 3 completed, simulation time is 0.3
      AMG solver residual = 0.000499052 after 2 iterations
      AMG solver residual = 0.000566777 after 2 iterations
      AMG solver residual = 0.000464277 after 2 iterations
      AMG solver residual = 0.000405744 after 2 iterations
      AMG solver residual = 0.000516961 after 2 iterations
      AMG solver residual = 0.000582116 after 2 iterations
      AMG solver residual = 0.000432071 after 2 iterations
      AMG solver residual = 0.000490285 after 2 iterations
      AMG solver residual = 0.00356178 after 1 iterations
      AMG solver residual = 0.000441289 after 2 iterations
      AMG solver residual = 0.000385926 after 2 iterations
      AMG solver residual = 0.00050121 after 2 iterations
      AMG solver residual = 0.000571468 after 2 iterations
 subiteration:1/1
 subiteration:1/1
 subiteration:1/1
 subiteration:1/1
  Distribution Function Extrema:
 subiteration:1/1
 subiteration:1/1
 subiteration:1/1
 subiteration:1/1
 subiteration:1/1
 subiteration:1/1
 subiteration:1/1
 subiteration:1/1
 subiteration:1/1
 subiteration:1/1
 subiteration:1/1
 subiteration:1/1
 subiteration:1/1
 subiteration:1/1
 subiteration:1/1
 subiteration:1/1
 subiteration:1/1
 subiteration:1/1
 subiteration:1/1
 subiteration:1/1
 subiteration:1/1
 subiteration:1/1
 subiteration:1/1
 subiteration:1/1
 subiteration:1/1
 subiteration:1/1
 subiteration:1/1
 subiteration:1/1
 subiteration:1/1
 subiteration:1/1
 subiteration:1/1
 subiteration:1/1
 subiteration:1/1
 subiteration:1/1
 subiteration:1/1
 subiteration:1/1
 subiteration:1/1
 subiteration:1/1
 subiteration:1/1
 subiteration:1/1
 subiteration:1/1
 subiteration:1/1
 subiteration:1/1
 subiteration:1/1
 subiteration:1/1
 subiteration:1/1
 subiteration:1/1
 subiteration:1/1
 subiteration:1/1
 subiteration:1/1
 subiteration:1/1
 subiteration:1/1
 subiteration:1/1
 subiteration:1/1
 subiteration:1/1
 subiteration:1/1
 subiteration:1/1
 subiteration:1/1
 subiteration:1/1
 subiteration:1/1
    Species 0:	0.000390529 [max]	-5.02084e-26 [min]

Step 4 completed, simulation time is 0.4
      AMG solver residual = 0.000472852 after 2 iterations
      AMG solver residual = 0.000552632 after 2 iterations
      AMG solver residual = 0.000419821 after 2 iterations
      AMG solver residual = 0.000361497 after 2 iterations
      AMG solver residual = 0.000484415 after 2 iterations
      AMG solver residual = 0.000552637 after 2 iterations
      AMG solver residual = 0.000473898 after 2 iterations
      AMG solver residual = 0.00053904 after 2 iterations
      AMG solver residual = 0.00351598 after 1 iterations
      AMG solver residual = 0.000400294 after 2 iterations
      AMG solver residual = 0.000329272 after 2 iterations
      AMG solver residual = 0.000461494 after 2 iterations
      AMG solver residual = 0.000534439 after 2 iterations
 subiteration:1/1
 subiteration:1/1
 subiteration:1/1
 subiteration:1/1
 subiteration:1/1
 subiteration:1/1
 subiteration:1/1
 subiteration:1/1
 subiteration:1/1
 subiteration:1/1
 subiteration:1/1
  Distribution Function Extrema:
 subiteration:1/1
 subiteration:1/1
 subiteration:1/1
 subiteration:1/1
 subiteration:1/1
 subiteration:1/1
 subiteration:1/1
 subiteration:1/1
 subiteration:1/1
 subiteration:1/1
 subiteration:1/1
 subiteration:1/1
 subiteration:1/1
 subiteration:1/1
 subiteration:1/1
 subiteration:1/1
 subiteration:1/1
 subiteration:1/1
 subiteration:1/1
 subiteration:1/1
 subiteration:1/1
 subiteration:1/1
 subiteration:1/1
 subiteration:1/1
 subiteration:1/1
 subiteration:1/1
 subiteration:1/1
 subiteration:1/1
 subiteration:1/1
 subiteration:1/1
 subiteration:1/1
 subiteration:1/1
 subiteration:1/1
 subiteration:1/1
 subiteration:1/1
 subiteration:1/1
 subiteration:1/1
 subiteration:1/1
 subiteration:1/1
 subiteration:1/1
 subiteration:1/1
 subiteration:1/1
 subiteration:1/1
 subiteration:1/1
 subiteration:1/1
 subiteration:1/1
 subiteration:1/1
 subiteration:1/1
 subiteration:1/1
 subiteration:1/1
 subiteration:1/1
 subiteration:1/1
 subiteration:1/1
    Species 0:	0.000390529 [max]	-5.02084e-26 [min]

Step 5 completed, simulation time is 0.5
      AMG solver residual = 0.000429269 after 2 iterations
      AMG solver residual = 0.000514941 after 2 iterations
      AMG solver residual = 0.00038737 after 2 iterations
      AMG solver residual = 0.000302887 after 2 iterations
      AMG solver residual = 0.000440966 after 2 iterations
      AMG solver residual = 0.000512603 after 2 iterations
      AMG solver residual = 0.000497107 after 2 iterations
      AMG solver residual = 0.000564319 after 2 iterations
      AMG solver residual = 0.00348247 after 1 iterations
      AMG solver residual = 0.000382209 after 2 iterations
      AMG solver residual = 0.00028954 after 2 iterations
      AMG solver residual = 0.000417526 after 2 iterations
      AMG solver residual = 0.000489646 after 2 iterations
 subiteration:1/1
 subiteration:1/1
  Distribution Function Extrema:
 subiteration:1/1
 subiteration:1/1
 subiteration:1/1
 subiteration:1/1
 subiteration:1/1
 subiteration:1/1
 subiteration:1/1
 subiteration:1/1
 subiteration:1/1
 subiteration:1/1
 subiteration:1/1
 subiteration:1/1
 subiteration:1/1
 subiteration:1/1
 subiteration:1/1
 subiteration:1/1
 subiteration:1/1
 subiteration:1/1
 subiteration:1/1
 subiteration:1/1
 subiteration:1/1
 subiteration:1/1
 subiteration:1/1
 subiteration:1/1
 subiteration:1/1
 subiteration:1/1
 subiteration:1/1
 subiteration:1/1
 subiteration:1/1
 subiteration:1/1
 subiteration:1/1
 subiteration:1/1
 subiteration:1/1
 subiteration:1/1
 subiteration:1/1
 subiteration:1/1
 subiteration:1/1
 subiteration:1/1
 subiteration:1/1
 subiteration:1/1
 subiteration:1/1
 subiteration:1/1
 subiteration:1/1
 subiteration:1/1
 subiteration:1/1
 subiteration:1/1
 subiteration:1/1
 subiteration:1/1
 subiteration:1/1
 subiteration:1/1
 subiteration:1/1
 subiteration:1/1
 subiteration:1/1
 subiteration:1/1
 subiteration:1/1
 subiteration:1/1
 subiteration:1/1
 subiteration:1/1
 subiteration:1/1
 subiteration:1/1
 subiteration:1/1
 subiteration:1/1
    Species 0:	0.000390529 [max]	-5.02084e-26 [min]

Step 6 completed, simulation time is 0.6
      AMG solver residual = 0.000389867 after 2 iterations
      AMG solver residual = 0.000455512 after 2 iterations
      AMG solver residual = 0.000385231 after 2 iterations
      AMG solver residual = 0.000298569 after 2 iterations
      AMG solver residual = 0.000400602 after 2 iterations
      AMG solver residual = 0.000470359 after 2 iterations
      AMG solver residual = 0.000493206 after 2 iterations
      AMG solver residual = 0.000574139 after 2 iterations
      AMG solver residual = 0.00347733 after 1 iterations
      AMG solver residual = 0.000396481 after 2 iterations
      AMG solver residual = 0.000324866 after 2 iterations
      AMG solver residual = 0.000386173 after 2 iterations
      AMG solver residual = 0.000453067 after 2 iterations
 subiteration:1/1
 subiteration:1/1
 subiteration:1/1
  Distribution Function Extrema:
 subiteration:1/1
 subiteration:1/1
 subiteration:1/1
 subiteration:1/1
 subiteration:1/1
 subiteration:1/1
 subiteration:1/1
 subiteration:1/1
 subiteration:1/1
 subiteration:1/1
 subiteration:1/1
 subiteration:1/1
 subiteration:1/1
 subiteration:1/1
 subiteration:1/1
 subiteration:1/1
 subiteration:1/1
 subiteration:1/1
 subiteration:1/1
 subiteration:1/1
 subiteration:1/1
 subiteration:1/1
 subiteration:1/1
 subiteration:1/1
 subiteration:1/1
 subiteration:1/1
 subiteration:1/1
 subiteration:1/1
 subiteration:1/1
 subiteration:1/1
 subiteration:1/1
 subiteration:1/1
 subiteration:1/1
 subiteration:1/1
 subiteration:1/1
 subiteration:1/1
 subiteration:1/1
 subiteration:1/1
 subiteration:1/1
 subiteration:1/1
 subiteration:1/1
 subiteration:1/1
 subiteration:1/1
 subiteration:1/1
 subiteration:1/1
 subiteration:1/1
 subiteration:1/1
 subiteration:1/1
 subiteration:1/1
 subiteration:1/1
 subiteration:1/1
 subiteration:1/1
 subiteration:1/1
 subiteration:1/1
 subiteration:1/1
 subiteration:1/1
 subiteration:1/1
 subiteration:1/1
 subiteration:1/1
 subiteration:1/1
 subiteration:1/1
    Species 0:	0.000390529 [max]	-5.02084e-26 [min]

Step 7 completed, simulation time is 0.7
      AMG solver residual = 0.000379079 after 2 iterations
      AMG solver residual = 0.000419546 after 2 iterations
      AMG solver residual = 0.000412055 after 2 iterations
      AMG solver residual = 0.000354133 after 2 iterations
      AMG solver residual = 0.000381088 after 2 iterations
      AMG solver residual = 0.000446105 after 2 iterations
      AMG solver residual = 0.00046505 after 2 iterations
      AMG solver residual = 0.000569111 after 2 iterations
      AMG solver residual = 0.00351662 after 1 iterations
      AMG solver residual = 0.00043087 after 2 iterations
      AMG solver residual = 0.000381535 after 2 iterations
      AMG solver residual = 0.00038209 after 2 iterations
      AMG solver residual = 0.000446095 after 2 iterations
 subiteration:1/1
 subiteration:1/1
 subiteration:1/1
 subiteration:1/1
 subiteration:1/1
 subiteration:1/1
 subiteration:1/1
 subiteration:1/1
 subiteration:1/1
 subiteration:1/1
 subiteration:1/1
 subiteration:1/1
 subiteration:1/1
 subiteration:1/1
 subiteration:1/1
  Distribution Function Extrema:
 subiteration:1/1
 subiteration:1/1
 subiteration:1/1
 subiteration:1/1
 subiteration:1/1
 subiteration:1/1
 subiteration:1/1
 subiteration:1/1
 subiteration:1/1
 subiteration:1/1
 subiteration:1/1
 subiteration:1/1
 subiteration:1/1
 subiteration:1/1
 subiteration:1/1
 subiteration:1/1
 subiteration:1/1
 subiteration:1/1
 subiteration:1/1
 subiteration:1/1
 subiteration:1/1
 subiteration:1/1
 subiteration:1/1
 subiteration:1/1
 subiteration:1/1
 subiteration:1/1
 subiteration:1/1
 subiteration:1/1
 subiteration:1/1
 subiteration:1/1
 subiteration:1/1
 subiteration:1/1
 subiteration:1/1
 subiteration:1/1
 subiteration:1/1
 subiteration:1/1
 subiteration:1/1
 subiteration:1/1
 subiteration:1/1
 subiteration:1/1
 subiteration:1/1
 subiteration:1/1
 subiteration:1/1
 subiteration:1/1
 subiteration:1/1
 subiteration:1/1
 subiteration:1/1
 subiteration:1/1
 subiteration:1/1
    Species 0:	0.000390529 [max]	-5.02084e-26 [min]

Step 8 completed, simulation time is 0.8
      AMG solver residual = 0.000403665 after 2 iterations
      AMG solver residual = 0.000444907 after 2 iterations
      AMG solver residual = 0.000448757 after 2 iterations
      AMG solver residual = 0.000401059 after 2 iterations
      AMG solver residual = 0.000391034 after 2 iterations
      AMG solver residual = 0.000455896 after 2 iterations
      AMG solver residual = 0.000425967 after 2 iterations
      AMG solver residual = 0.000544223 after 2 iterations
      AMG solver residual = 0.00360957 after 1 iterations
      AMG solver residual = 0.000464383 after 2 iterations
      AMG solver residual = 0.000415077 after 2 iterations
      AMG solver residual = 0.000404839 after 2 iterations
      AMG solver residual = 0.000471824 after 2 iterations
 subiteration:1/1
 subiteration:1/1
 subiteration:1/1
 subiteration:1/1
 subiteration:1/1
 subiteration:1/1
 subiteration:1/1
 subiteration:1/1
 subiteration:1/1
 subiteration:1/1
 subiteration:1/1
 subiteration:1/1
  Distribution Function Extrema:
 subiteration:1/1
 subiteration:1/1
 subiteration:1/1
 subiteration:1/1
 subiteration:1/1
 subiteration:1/1
 subiteration:1/1
 subiteration:1/1
 subiteration:1/1
 subiteration:1/1
 subiteration:1/1
 subiteration:1/1
 subiteration:1/1
 subiteration:1/1
 subiteration:1/1
 subiteration:1/1
 subiteration:1/1
 subiteration:1/1
 subiteration:1/1
 subiteration:1/1
 subiteration:1/1
 subiteration:1/1
 subiteration:1/1
 subiteration:1/1
 subiteration:1/1
 subiteration:1/1
 subiteration:1/1
 subiteration:1/1
 subiteration:1/1
 subiteration:1/1
 subiteration:1/1
 subiteration:1/1
 subiteration:1/1
 subiteration:1/1
 subiteration:1/1
 subiteration:1/1
 subiteration:1/1
 subiteration:1/1
 subiteration:1/1
 subiteration:1/1
 subiteration:1/1
 subiteration:1/1
 subiteration:1/1
 subiteration:1/1
 subiteration:1/1
 subiteration:1/1
 subiteration:1/1
 subiteration:1/1
 subiteration:1/1
 subiteration:1/1
 subiteration:1/1
 subiteration:1/1
    Species 0:	0.000390529 [max]	-5.02085e-26 [min]

Step 9 completed, simulation time is 0.9
      AMG solver residual = 0.000444907 after 2 iterations
      AMG solver residual = 0.000488707 after 2 iterations
      AMG solver residual = 0.000475891 after 2 iterations
      AMG solver residual = 0.000423201 after 2 iterations
      AMG solver residual = 0.000421784 after 2 iterations
      AMG solver residual = 0.000490393 after 2 iterations
      AMG solver residual = 0.000396441 after 2 iterations
      AMG solver residual = 0.000503152 after 2 iterations
      AMG solver residual = 0.00372535 after 1 iterations
      AMG solver residual = 0.000481987 after 2 iterations
      AMG solver residual = 0.000427462 after 2 iterations
      AMG solver residual = 0.000440123 after 2 iterations
      AMG solver residual = 0.000510686 after 2 iterations
 subiteration:1/1
 subiteration:1/1
 subiteration:1/1
 subiteration:1/1
 subiteration:1/1
 subiteration:1/1
 subiteration:1/1
 subiteration:1/1
 subiteration:1/1
 subiteration:1/1
 subiteration:1/1
 subiteration:1/1
 subiteration:1/1
 subiteration:1/1
 subiteration:1/1
 subiteration:1/1
 subiteration:1/1
 subiteration:1/1
  Distribution Function Extrema:
 subiteration:1/1
 subiteration:1/1
 subiteration:1/1
 subiteration:1/1
 subiteration:1/1
 subiteration:1/1
 subiteration:1/1
 subiteration:1/1
 subiteration:1/1
 subiteration:1/1
 subiteration:1/1
 subiteration:1/1
 subiteration:1/1
 subiteration:1/1
 subiteration:1/1
 subiteration:1/1
 subiteration:1/1
 subiteration:1/1
 subiteration:1/1
 subiteration:1/1
 subiteration:1/1
 subiteration:1/1
 subiteration:1/1
 subiteration:1/1
 subiteration:1/1
 subiteration:1/1
 subiteration:1/1
 subiteration:1/1
 subiteration:1/1
 subiteration:1/1
 subiteration:1/1
 subiteration:1/1
 subiteration:1/1
 subiteration:1/1
 subiteration:1/1
 subiteration:1/1
 subiteration:1/1
 subiteration:1/1
 subiteration:1/1
 subiteration:1/1
 subiteration:1/1
 subiteration:1/1
 subiteration:1/1
 subiteration:1/1
 subiteration:1/1
 subiteration:1/1
    Species 0:	0.000390529 [max]	-5.02085e-26 [min]

Step 10 completed, simulation time is 1
Writing checkpoint file
Writing history file
      AMG solver residual = 0.00047796 after 2 iterations
      AMG solver residual = 0.000518708 after 2 iterations
      AMG solver residual = 0.000483155 after 2 iterations
      AMG solver residual = 0.000428354 after 2 iterations
      AMG solver residual = 0.000457042 after 2 iterations
      AMG solver residual = 0.000527349 after 2 iterations
      AMG solver residual = 0.00039326 after 2 iterations
      AMG solver residual = 0.000468901 after 2 iterations
      AMG solver residual = 0.00378006 after 1 iterations
      AMG solver residual = 0.000478741 after 2 iterations
      AMG solver residual = 0.000425476 after 2 iterations
      AMG solver residual = 0.00047275 after 2 iterations
      AMG solver residual = 0.000542888 after 2 iterations
 subiteration:1/1
 subiteration:1/1
 subiteration:1/1
 subiteration:1/1
 subiteration:1/1
 subiteration:1/1
 subiteration:1/1
 subiteration:1/1
 subiteration:1/1
 subiteration:1/1
 subiteration:1/1
 subiteration:1/1
 subiteration:1/1
  Distribution Function Extrema:
 subiteration:1/1
 subiteration:1/1
 subiteration:1/1
 subiteration:1/1
 subiteration:1/1
 subiteration:1/1
 subiteration:1/1
 subiteration:1/1
 subiteration:1/1
 subiteration:1/1
 subiteration:1/1
 subiteration:1/1
 subiteration:1/1
 subiteration:1/1
 subiteration:1/1
 subiteration:1/1
 subiteration:1/1
 subiteration:1/1
 subiteration:1/1
 subiteration:1/1
 subiteration:1/1
 subiteration:1/1
 subiteration:1/1
 subiteration:1/1
 subiteration:1/1
 subiteration:1/1
 subiteration:1/1
 subiteration:1/1
 subiteration:1/1
 subiteration:1/1
 subiteration:1/1
 subiteration:1/1
 subiteration:1/1
 subiteration:1/1
 subiteration:1/1
 subiteration:1/1
 subiteration:1/1
 subiteration:1/1
 subiteration:1/1
 subiteration:1/1
 subiteration:1/1
 subiteration:1/1
 subiteration:1/1
 subiteration:1/1
 subiteration:1/1
 subiteration:1/1
 subiteration:1/1
 subiteration:1/1
 subiteration:1/1
 subiteration:1/1
 subiteration:1/1
    Species 0:	0.000390529 [max]	-5.02085e-26 [min]

Step 11 completed, simulation time is 1.1
      AMG solver residual = 0.00048745 after 2 iterations
      AMG solver residual = 0.000535786 after 2 iterations
      AMG solver residual = 0.000470375 after 2 iterations
      AMG solver residual = 0.000419679 after 2 iterations
      AMG solver residual = 0.000484312 after 2 iterations
      AMG solver residual = 0.000552201 after 2 iterations
      AMG solver residual = 0.000415078 after 2 iterations
      AMG solver residual = 0.00046112 after 2 iterations
      AMG solver residual = 0.00372893 after 1 iterations
      AMG solver residual = 0.000458957 after 2 iterations
      AMG solver residual = 0.000408253 after 2 iterations
      AMG solver residual = 0.000493205 after 2 iterations
      AMG solver residual = 0.000559205 after 2 iterations
 subiteration:1/1
 subiteration:1/1
 subiteration:1/1
 subiteration:1/1
 subiteration:1/1
 subiteration:1/1
 subiteration:1/1
 subiteration:1/1
 subiteration:1/1
 subiteration:1/1
 subiteration:1/1
  Distribution Function Extrema:
 subiteration:1/1
 subiteration:1/1
 subiteration:1/1
 subiteration:1/1
 subiteration:1/1
 subiteration:1/1
 subiteration:1/1
 subiteration:1/1
 subiteration:1/1
 subiteration:1/1
 subiteration:1/1
 subiteration:1/1
 subiteration:1/1
 subiteration:1/1
 subiteration:1/1
 subiteration:1/1
 subiteration:1/1
 subiteration:1/1
 subiteration:1/1
 subiteration:1/1
 subiteration:1/1
 subiteration:1/1
 subiteration:1/1
 subiteration:1/1
 subiteration:1/1
 subiteration:1/1
 subiteration:1/1
 subiteration:1/1
 subiteration:1/1
 subiteration:1/1
 subiteration:1/1
 subiteration:1/1
 subiteration:1/1
 subiteration:1/1
 subiteration:1/1
 subiteration:1/1
 subiteration:1/1
 subiteration:1/1
 subiteration:1/1
 subiteration:1/1
 subiteration:1/1
 subiteration:1/1
 subiteration:1/1
 subiteration:1/1
 subiteration:1/1
 subiteration:1/1
 subiteration:1/1
 subiteration:1/1
 subiteration:1/1
 subiteration:1/1
 subiteration:1/1
 subiteration:1/1
 subiteration:1/1
    Species 0:	0.000390529 [max]	-5.02085e-26 [min]

Step 12 completed, simulation time is 1.2
      AMG solver residual = 0.000470867 after 2 iterations
      AMG solver residual = 0.000544004 after 2 iterations
      AMG solver residual = 0.000445769 after 2 iterations
      AMG solver residual = 0.000393615 after 2 iterations
      AMG solver residual = 0.000497035 after 2 iterations
      AMG solver residual = 0.000560035 after 2 iterations
      AMG solver residual = 0.000444538 after 2 iterations
      AMG solver residual = 0.000472974 after 2 iterations
      AMG solver residual = 0.00361989 after 1 iterations
      AMG solver residual = 0.000433643 after 2 iterations
      AMG solver residual = 0.000372922 after 2 iterations
      AMG solver residual = 0.000497084 after 2 iterations
      AMG solver residual = 0.000557778 after 2 iterations
 subiteration:1/1
 subiteration:1/1
 subiteration:1/1
 subiteration:1/1
 subiteration:1/1
 subiteration:1/1
 subiteration:1/1
 subiteration:1/1
 subiteration:1/1
 subiteration:1/1
  Distribution Function Extrema:
 subiteration:1/1
 subiteration:1/1
 subiteration:1/1
 subiteration:1/1
 subiteration:1/1
 subiteration:1/1
 subiteration:1/1
 subiteration:1/1
 subiteration:1/1
 subiteration:1/1
 subiteration:1/1
 subiteration:1/1
 subiteration:1/1
 subiteration:1/1
 subiteration:1/1
 subiteration:1/1
 subiteration:1/1
 subiteration:1/1
 subiteration:1/1
 subiteration:1/1
 subiteration:1/1
 subiteration:1/1
 subiteration:1/1
 subiteration:1/1
 subiteration:1/1
 subiteration:1/1
 subiteration:1/1
 subiteration:1/1
 subiteration:1/1
 subiteration:1/1
 subiteration:1/1
 subiteration:1/1
 subiteration:1/1
 subiteration:1/1
 subiteration:1/1
 subiteration:1/1
 subiteration:1/1
 subiteration:1/1
 subiteration:1/1
 subiteration:1/1
 subiteration:1/1
 subiteration:1/1
 subiteration:1/1
 subiteration:1/1
 subiteration:1/1
 subiteration:1/1
 subiteration:1/1
 subiteration:1/1
 subiteration:1/1
 subiteration:1/1
 subiteration:1/1
 subiteration:1/1
 subiteration:1/1
 subiteration:1/1
    Species 0:	0.000390529 [max]	-5.02086e-26 [min]

Step 13 completed, simulation time is 1.3
      AMG solver residual = 0.000438 after 2 iterations
      AMG solver residual = 0.000541608 after 2 iterations
      AMG solver residual = 0.00042237 after 2 iterations
      AMG solver residual = 0.000351752 after 2 iterations
      AMG solver residual = 0.000492716 after 2 iterations
      AMG solver residual = 0.00055075 after 2 iterations
      AMG solver residual = 0.000464204 after 2 iterations
      AMG solver residual = 0.000491769 after 2 iterations
      AMG solver residual = 0.0035195 after 1 iterations
      AMG solver residual = 0.000415593 after 2 iterations
      AMG solver residual = 0.000330824 after 2 iterations
      AMG solver residual = 0.000483451 after 2 iterations
      AMG solver residual = 0.000539779 after 2 iterations
 subiteration:1/1
 subiteration:1/1
 subiteration:1/1
 subiteration:1/1
 subiteration:1/1
 subiteration:1/1
 subiteration:1/1
 subiteration:1/1
 subiteration:1/1
 subiteration:1/1
 subiteration:1/1
 subiteration:1/1
 subiteration:1/1
  Distribution Function Extrema:
 subiteration:1/1
 subiteration:1/1
 subiteration:1/1
 subiteration:1/1
 subiteration:1/1
 subiteration:1/1
 subiteration:1/1
 subiteration:1/1
 subiteration:1/1
 subiteration:1/1
 subiteration:1/1
 subiteration:1/1
 subiteration:1/1
 subiteration:1/1
 subiteration:1/1
 subiteration:1/1
 subiteration:1/1
 subiteration:1/1
 subiteration:1/1
 subiteration:1/1
 subiteration:1/1
 subiteration:1/1
 subiteration:1/1
 subiteration:1/1
 subiteration:1/1
 subiteration:1/1
 subiteration:1/1
 subiteration:1/1
 subiteration:1/1
 subiteration:1/1
 subiteration:1/1
 subiteration:1/1
 subiteration:1/1
 subiteration:1/1
 subiteration:1/1
 subiteration:1/1
 subiteration:1/1
 subiteration:1/1
 subiteration:1/1
 subiteration:1/1
 subiteration:1/1
 subiteration:1/1
 subiteration:1/1
 subiteration:1/1
 subiteration:1/1
 subiteration:1/1
 subiteration:1/1
 subiteration:1/1
 subiteration:1/1
 subiteration:1/1
 subiteration:1/1
    Species 0:	0.000390529 [max]	-5.02086e-26 [min]

Step 14 completed, simulation time is 1.4
      AMG solver residual = 0.000408004 after 2 iterations
      AMG solver residual = 0.000528522 after 2 iterations
      AMG solver residual = 0.000411485 after 2 iterations
      AMG solver residual = 0.000317504 after 2 iterations
      AMG solver residual = 0.000471791 after 2 iterations
      AMG solver residual = 0.000526093 after 2 iterations
      AMG solver residual = 0.000465973 after 2 iterations
      AMG solver residual = 0.000512227 after 2 iterations
      AMG solver residual = 0.00347363 after 1 iterations
      AMG solver residual = 0.000412104 after 2 iterations
      AMG solver residual = 0.000313519 after 2 iterations
      AMG solver residual = 0.000454612 after 2 iterations
      AMG solver residual = 0.000507739 after 2 iterations
 subiteration:1/1
 subiteration:1/1
 subiteration:1/1
 subiteration:1/1
 subiteration:1/1
 subiteration:1/1
 subiteration:1/1
 subiteration:1/1
  Distribution Function Extrema:
 subiteration:1/1
 subiteration:1/1
 subiteration:1/1
 subiteration:1/1
 subiteration:1/1
 subiteration:1/1
 subiteration:1/1
 subiteration:1/1
 subiteration:1/1
 subiteration:1/1
 subiteration:1/1
 subiteration:1/1
 subiteration:1/1
 subiteration:1/1
 subiteration:1/1
 subiteration:1/1
 subiteration:1/1
 subiteration:1/1
 subiteration:1/1
 subiteration:1/1
 subiteration:1/1
 subiteration:1/1
 subiteration:1/1
 subiteration:1/1
 subiteration:1/1
 subiteration:1/1
 subiteration:1/1
 subiteration:1/1
 subiteration:1/1
 subiteration:1/1
 subiteration:1/1
 subiteration:1/1
 subiteration:1/1
 subiteration:1/1
 subiteration:1/1
 subiteration:1/1
 subiteration:1/1
 subiteration:1/1
 subiteration:1/1
 subiteration:1/1
 subiteration:1/1
 subiteration:1/1
 subiteration:1/1
 subiteration:1/1
 subiteration:1/1
 subiteration:1/1
 subiteration:1/1
 subiteration:1/1
 subiteration:1/1
 subiteration:1/1
 subiteration:1/1
 subiteration:1/1
 subiteration:1/1
 subiteration:1/1
 subiteration:1/1
 subiteration:1/1
    Species 0:	0.000390529 [max]	-5.02087e-26 [min]

Step 15 completed, simulation time is 1.5
      AMG solver residual = 0.00039977 after 2 iterations
      AMG solver residual = 0.000513643 after 2 iterations
      AMG solver residual = 0.000415478 after 2 iterations
      AMG solver residual = 0.000320219 after 2 iterations
      AMG solver residual = 0.000438171 after 2 iterations
      AMG solver residual = 0.00048932 after 2 iterations
      AMG solver residual = 0.000452267 after 2 iterations
      AMG solver residual = 0.000530837 after 2 iterations
      AMG solver residual = 0.00351141 after 1 iterations
      AMG solver residual = 0.000420471 after 2 iterations
      AMG solver residual = 0.000333894 after 2 iterations
      AMG solver residual = 0.000417114 after 2 iterations
      AMG solver residual = 0.000466489 after 2 iterations
 subiteration:1/1
 subiteration:1/1
  Distribution Function Extrema:
 subiteration:1/1
 subiteration:1/1
 subiteration:1/1
 subiteration:1/1
 subiteration:1/1
 subiteration:1/1
 subiteration:1/1
 subiteration:1/1
 subiteration:1/1
 subiteration:1/1
 subiteration:1/1
 subiteration:1/1
 subiteration:1/1
 subiteration:1/1
 subiteration:1/1
 subiteration:1/1
 subiteration:1/1
 subiteration:1/1
 subiteration:1/1
 subiteration:1/1
 subiteration:1/1
 subiteration:1/1
 subiteration:1/1
 subiteration:1/1
 subiteration:1/1
 subiteration:1/1
 subiteration:1/1
 subiteration:1/1
 subiteration:1/1
 subiteration:1/1
 subiteration:1/1
 subiteration:1/1
 subiteration:1/1
 subiteration:1/1
 subiteration:1/1
 subiteration:1/1
 subiteration:1/1
 subiteration:1/1
 subiteration:1/1
 subiteration:1/1
 subiteration:1/1
 subiteration:1/1
 subiteration:1/1
 subiteration:1/1
 subiteration:1/1
 subiteration:1/1
 subiteration:1/1
 subiteration:1/1
 subiteration:1/1
 subiteration:1/1
 subiteration:1/1
 subiteration:1/1
 subiteration:1/1
 subiteration:1/1
 subiteration:1/1
 subiteration:1/1
 subiteration:1/1
 subiteration:1/1
 subiteration:1/1
 subiteration:1/1
 subiteration:1/1
 subiteration:1/1
    Species 0:	0.000390529 [max]	-5.02088e-26 [min]

Step 16 completed, simulation time is 1.6
      AMG solver residual = 0.000416464 after 2 iterations
      AMG solver residual = 0.000504883 after 2 iterations
      AMG solver residual = 0.000427213 after 2 iterations
      AMG solver residual = 0.000351214 after 2 iterations
      AMG solver residual = 0.000400536 after 2 iterations
      AMG solver residual = 0.000447108 after 2 iterations
      AMG solver residual = 0.000433447 after 2 iterations
      AMG solver residual = 0.000543171 after 2 iterations
      AMG solver residual = 0.00362982 after 1 iterations
      AMG solver residual = 0.000431786 after 2 iterations
      AMG solver residual = 0.000368865 after 2 iterations
      AMG solver residual = 0.00038255 after 2 iterations
      AMG solver residual = 0.000425802 after 2 iterations
 subiteration:1/1
 subiteration:1/1
 subiteration:1/1
 subiteration:1/1
 subiteration:1/1
 subiteration:1/1
 subiteration:1/1
 subiteration:1/1
 subiteration:1/1
 subiteration:1/1
 subiteration:1/1
 subiteration:1/1
 subiteration:1/1
 subiteration:1/1
  Distribution Function Extrema:
 subiteration:1/1
 subiteration:1/1
 subiteration:1/1
 subiteration:1/1
 subiteration:1/1
 subiteration:1/1
 subiteration:1/1
 subiteration:1/1
 subiteration:1/1
 subiteration:1/1
 subiteration:1/1
 subiteration:1/1
 subiteration:1/1
 subiteration:1/1
 subiteration:1/1
 subiteration:1/1
 subiteration:1/1
 subiteration:1/1
 subiteration:1/1
 subiteration:1/1
 subiteration:1/1
 subiteration:1/1
 subiteration:1/1
 subiteration:1/1
 subiteration:1/1
 subiteration:1/1
 subiteration:1/1
 subiteration:1/1
 subiteration:1/1
 subiteration:1/1
 subiteration:1/1
 subiteration:1/1
 subiteration:1/1
 subiteration:1/1
 subiteration:1/1
 subiteration:1/1
 subiteration:1/1
 subiteration:1/1
 subiteration:1/1
 subiteration:1/1
 subiteration:1/1
 subiteration:1/1
 subiteration:1/1
 subiteration:1/1
 subiteration:1/1
 subiteration:1/1
 subiteration:1/1
 subiteration:1/1
 subiteration:1/1
 subiteration:1/1
    Species 0:	0.000390529 [max]	-5.0209e-26 [min]

Step 17 completed, simulation time is 1.7
      AMG solver residual = 0.000443022 after 2 iterations
      AMG solver residual = 0.000499492 after 2 iterations
      AMG solver residual = 0.00043721 after 2 iterations
      AMG solver residual = 0.000384533 after 2 iterations
      AMG solver residual = 0.000372255 after 2 iterations
      AMG solver residual = 0.000411781 after 2 iterations
      AMG solver residual = 0.000421942 after 2 iterations
      AMG solver residual = 0.000546023 after 2 iterations
      AMG solver residual = 0.00376686 after 1 iterations
      AMG solver residual = 0.00043856 after 2 iterations
      AMG solver residual = 0.000397808 after 2 iterations
      AMG solver residual = 0.000365221 after 2 iterations
      AMG solver residual = 0.000399854 after 2 iterations
 subiteration:1/1
 subiteration:1/1
  Distribution Function Extrema:
 subiteration:1/1
 subiteration:1/1
 subiteration:1/1
 subiteration:1/1
 subiteration:1/1
 subiteration:1/1
 subiteration:1/1
 subiteration:1/1
 subiteration:1/1
 subiteration:1/1
 subiteration:1/1
 subiteration:1/1
 subiteration:1/1
 subiteration:1/1
 subiteration:1/1
 subiteration:1/1
 subiteration:1/1
 subiteration:1/1
 subiteration:1/1
 subiteration:1/1
 subiteration:1/1
 subiteration:1/1
 subiteration:1/1
 subiteration:1/1
 subiteration:1/1
 subiteration:1/1
 subiteration:1/1
 subiteration:1/1
 subiteration:1/1
 subiteration:1/1
 subiteration:1/1
 subiteration:1/1
 subiteration:1/1
 subiteration:1/1
 subiteration:1/1
 subiteration:1/1
 subiteration:1/1
 subiteration:1/1
 subiteration:1/1
 subiteration:1/1
 subiteration:1/1
 subiteration:1/1
 subiteration:1/1
 subiteration:1/1
 subiteration:1/1
 subiteration:1/1
 subiteration:1/1
 subiteration:1/1
 subiteration:1/1
 subiteration:1/1
 subiteration:1/1
 subiteration:1/1
 subiteration:1/1
 subiteration:1/1
 subiteration:1/1
 subiteration:1/1
 subiteration:1/1
 subiteration:1/1
 subiteration:1/1
 subiteration:1/1
 subiteration:1/1
 subiteration:1/1
    Species 0:	0.000390529 [max]	-5.02091e-26 [min]

Step 18 completed, simulation time is 1.8
      AMG solver residual = 0.000461172 after 2 iterations
      AMG solver residual = 0.00049394 after 2 iterations
      AMG solver residual = 0.000440382 after 2 iterations
      AMG solver residual = 0.000406808 after 2 iterations
      AMG solver residual = 0.000366381 after 2 iterations
      AMG solver residual = 0.000396824 after 2 iterations
      AMG solver residual = 0.000423869 after 2 iterations
      AMG solver residual = 0.000538358 after 2 iterations
      AMG solver residual = 0.00383605 after 1 iterations
      AMG solver residual = 0.000438923 after 2 iterations
      AMG solver residual = 0.000412173 after 2 iterations
      AMG solver residual = 0.000373741 after 2 iterations
      AMG solver residual = 0.000395267 after 2 iterations
 subiteration:1/1
 subiteration:1/1
 subiteration:1/1
 subiteration:1/1
 subiteration:1/1
 subiteration:1/1
 subiteration:1/1
 subiteration:1/1
 subiteration:1/1
 subiteration:1/1
 subiteration:1/1
 subiteration:1/1
 subiteration:1/1
 subiteration:1/1
 subiteration:1/1
  Distribution Function Extrema:
 subiteration:1/1
 subiteration:1/1
 subiteration:1/1
 subiteration:1/1
 subiteration:1/1
 subiteration:1/1
 subiteration:1/1
 subiteration:1/1
 subiteration:1/1
 subiteration:1/1
 subiteration:1/1
 subiteration:1/1
 subiteration:1/1
 subiteration:1/1
 subiteration:1/1
 subiteration:1/1
 subiteration:1/1
 subiteration:1/1
 subiteration:1/1
 subiteration:1/1
 subiteration:1/1
 subiteration:1/1
 subiteration:1/1
 subiteration:1/1
 subiteration:1/1
 subiteration:1/1
 subiteration:1/1
 subiteration:1/1
 subiteration:1/1
 subiteration:1/1
 subiteration:1/1
 subiteration:1/1
 subiteration:1/1
 subiteration:1/1
 subiteration:1/1
 subiteration:1/1
 subiteration:1/1
 subiteration:1/1
 subiteration:1/1
 subiteration:1/1
 subiteration:1/1
 subiteration:1/1
 subiteration:1/1
 subiteration:1/1
 subiteration:1/1
 subiteration:1/1
 subiteration:1/1
 subiteration:1/1
 subiteration:1/1
    Species 0:	0.000390529 [max]	-5.02093e-26 [min]

Step 19 completed, simulation time is 1.9
      AMG solver residual = 0.000461459 after 2 iterations
      AMG solver residual = 0.000490057 after 2 iterations
      AMG solver residual = 0.000437844 after 2 iterations
      AMG solver residual = 0.000412515 after 2 iterations
      AMG solver residual = 0.000385769 after 2 iterations
      AMG solver residual = 0.000400692 after 2 iterations
      AMG solver residual = 0.000434719 after 2 iterations
      AMG solver residual = 0.00052084 after 2 iterations
      AMG solver residual = 0.00380518 after 1 iterations
      AMG solver residual = 0.000436161 after 2 iterations
      AMG solver residual = 0.000408192 after 2 iterations
      AMG solver residual = 0.000403073 after 2 iterations
      AMG solver residual = 0.000395773 after 2 iterations
 subiteration:1/1
 subiteration:1/1
 subiteration:1/1
 subiteration:1/1
 subiteration:1/1
 subiteration:1/1
 subiteration:1/1
 subiteration:1/1
 subiteration:1/1
 subiteration:1/1
 subiteration:1/1
 subiteration:1/1
 subiteration:1/1
 subiteration:1/1
 subiteration:1/1
  Distribution Function Extrema:
 subiteration:1/1
 subiteration:1/1
 subiteration:1/1
 subiteration:1/1
 subiteration:1/1
 subiteration:1/1
 subiteration:1/1
 subiteration:1/1
 subiteration:1/1
 subiteration:1/1
 subiteration:1/1
 subiteration:1/1
 subiteration:1/1
 subiteration:1/1
 subiteration:1/1
 subiteration:1/1
 subiteration:1/1
 subiteration:1/1
 subiteration:1/1
 subiteration:1/1
 subiteration:1/1
 subiteration:1/1
 subiteration:1/1
 subiteration:1/1
 subiteration:1/1
 subiteration:1/1
 subiteration:1/1
 subiteration:1/1
 subiteration:1/1
 subiteration:1/1
 subiteration:1/1
 subiteration:1/1
 subiteration:1/1
 subiteration:1/1
 subiteration:1/1
 subiteration:1/1
 subiteration:1/1
 subiteration:1/1
 subiteration:1/1
 subiteration:1/1
 subiteration:1/1
 subiteration:1/1
 subiteration:1/1
 subiteration:1/1
 subiteration:1/1
 subiteration:1/1
 subiteration:1/1
 subiteration:1/1
 subiteration:1/1
    Species 0:	0.000390529 [max]	-5.02095e-26 [min]

Step 20 completed, simulation time is 2
Writing checkpoint file
Writing history file
      AMG solver residual = 0.000446066 after 2 iterations
      AMG solver residual = 0.000491358 after 2 iterations
      AMG solver residual = 0.000434663 after 2 iterations
      AMG solver residual = 0.00039954 after 2 iterations
      AMG solver residual = 0.000419888 after 2 iterations
      AMG solver residual = 0.000398335 after 2 iterations
      AMG solver residual = 0.000444324 after 2 iterations
      AMG solver residual = 0.000496623 after 2 iterations
      AMG solver residual = 0.00370393 after 1 iterations
      AMG solver residual = 0.000435228 after 2 iterations
      AMG solver residual = 0.0003867 after 2 iterations
      AMG solver residual = 0.000438631 after 2 iterations
      AMG solver residual = 0.000370951 after 2 iterations
 subiteration:1/1
 subiteration:1/1
 subiteration:1/1
  Distribution Function Extrema:
 subiteration:1/1
 subiteration:1/1
 subiteration:1/1
 subiteration:1/1
 subiteration:1/1
 subiteration:1/1
 subiteration:1/1
 subiteration:1/1
 subiteration:1/1
 subiteration:1/1
 subiteration:1/1
 subiteration:1/1
 subiteration:1/1
 subiteration:1/1
 subiteration:1/1
 subiteration:1/1
 subiteration:1/1
 subiteration:1/1
 subiteration:1/1
 subiteration:1/1
 subiteration:1/1
 subiteration:1/1
 subiteration:1/1
 subiteration:1/1
 subiteration:1/1
 subiteration:1/1
 subiteration:1/1
 subiteration:1/1
 subiteration:1/1
 subiteration:1/1
 subiteration:1/1
 subiteration:1/1
 subiteration:1/1
 subiteration:1/1
 subiteration:1/1
 subiteration:1/1
 subiteration:1/1
 subiteration:1/1
 subiteration:1/1
 subiteration:1/1
 subiteration:1/1
 subiteration:1/1
 subiteration:1/1
 subiteration:1/1
 subiteration:1/1
 subiteration:1/1
 subiteration:1/1
 subiteration:1/1
 subiteration:1/1
 subiteration:1/1
 subiteration:1/1
 subiteration:1/1
 subiteration:1/1
 subiteration:1/1
 subiteration:1/1
 subiteration:1/1
 subiteration:1/1
 subiteration:1/1
 subiteration:1/1
 subiteration:1/1
 subiteration:1/1
    Species 0:	0.00039053 [max]	-5.02098e-26 [min]

Step 21 completed, simulation time is 2.1
      AMG solver residual = 0.000426547 after 2 iterations
      AMG solver residual = 0.000500147 after 2 iterations
      AMG solver residual = 0.000435407 after 2 iterations
      AMG solver residual = 0.000372077 after 2 iterations
      AMG solver residual = 0.000453234 after 2 iterations
      AMG solver residual = 0.00036088 after 2 iterations
      AMG solver residual = 0.000445136 after 2 iterations
      AMG solver residual = 0.000472407 after 2 iterations
      AMG solver residual = 0.00358369 after 1 iterations
      AMG solver residual = 0.00043844 after 2 iterations
      AMG solver residual = 0.000355852 after 2 iterations
      AMG solver residual = 0.000465975 after 2 iterations
      AMG solver residual = 0.000306591 after 2 iterations
 subiteration:1/1
 subiteration:1/1
 subiteration:1/1
 subiteration:1/1
 subiteration:1/1
 subiteration:1/1
 subiteration:1/1
 subiteration:1/1
 subiteration:1/1
 subiteration:1/1
 subiteration:1/1
 subiteration:1/1
 subiteration:1/1
 subiteration:1/1
 subiteration:1/1
 subiteration:1/1
 subiteration:1/1
  Distribution Function Extrema:
 subiteration:1/1
 subiteration:1/1
 subiteration:1/1
 subiteration:1/1
 subiteration:1/1
 subiteration:1/1
 subiteration:1/1
 subiteration:1/1
 subiteration:1/1
 subiteration:1/1
 subiteration:1/1
 subiteration:1/1
 subiteration:1/1
 subiteration:1/1
 subiteration:1/1
 subiteration:1/1
 subiteration:1/1
 subiteration:1/1
 subiteration:1/1
 subiteration:1/1
 subiteration:1/1
 subiteration:1/1
 subiteration:1/1
 subiteration:1/1
 subiteration:1/1
 subiteration:1/1
 subiteration:1/1
 subiteration:1/1
 subiteration:1/1
 subiteration:1/1
 subiteration:1/1
 subiteration:1/1
 subiteration:1/1
 subiteration:1/1
 subiteration:1/1
 subiteration:1/1
 subiteration:1/1
 subiteration:1/1
 subiteration:1/1
 subiteration:1/1
 subiteration:1/1
 subiteration:1/1
 subiteration:1/1
 subiteration:1/1
 subiteration:1/1
 subiteration:1/1
 subiteration:1/1
    Species 0:	0.00039053 [max]	-5.02101e-26 [min]

Step 22 completed, simulation time is 2.2
      AMG solver residual = 0.000417075 after 2 iterations
      AMG solver residual = 0.000515603 after 2 iterations
      AMG solver residual = 0.00044031 after 2 iterations
      AMG solver residual = 0.000341479 after 2 iterations
      AMG solver residual = 0.000473386 after 2 iterations
      AMG solver residual = 0.000285049 after 2 iterations
      AMG solver residual = 0.000436694 after 2 iterations
      AMG solver residual = 0.000457629 after 2 iterations
      AMG solver residual = 0.00350184 after 1 iterations
      AMG solver residual = 0.0004435 after 2 iterations
      AMG solver residual = 0.00032836 after 2 iterations
      AMG solver residual = 0.000475724 after 2 iterations
      AMG solver residual = 0.000220716 after 2 iterations
 subiteration:1/1
 subiteration:1/1
 subiteration:1/1
 subiteration:1/1
 subiteration:1/1
 subiteration:1/1
 subiteration:1/1
 subiteration:1/1
 subiteration:1/1
 subiteration:1/1
 subiteration:1/1
 subiteration:1/1
 subiteration:1/1
  Distribution Function Extrema:
 subiteration:1/1
 subiteration:1/1
 subiteration:1/1
 subiteration:1/1
 subiteration:1/1
 subiteration:1/1
 subiteration:1/1
 subiteration:1/1
 subiteration:1/1
 subiteration:1/1
 subiteration:1/1
 subiteration:1/1
 subiteration:1/1
 subiteration:1/1
 subiteration:1/1
 subiteration:1/1
 subiteration:1/1
 subiteration:1/1
 subiteration:1/1
 subiteration:1/1
 subiteration:1/1
 subiteration:1/1
 subiteration:1/1
 subiteration:1/1
 subiteration:1/1
 subiteration:1/1
 subiteration:1/1
 subiteration:1/1
 subiteration:1/1
 subiteration:1/1
 subiteration:1/1
 subiteration:1/1
 subiteration:1/1
 subiteration:1/1
 subiteration:1/1
 subiteration:1/1
 subiteration:1/1
 subiteration:1/1
 subiteration:1/1
 subiteration:1/1
 subiteration:1/1
 subiteration:1/1
 subiteration:1/1
 subiteration:1/1
 subiteration:1/1
 subiteration:1/1
 subiteration:1/1
 subiteration:1/1
 subiteration:1/1
 subiteration:1/1
 subiteration:1/1
    Species 0:	0.00039053 [max]	-5.02104e-26 [min]

Step 23 completed, simulation time is 2.3
      AMG solver residual = 0.000424054 after 2 iterations
      AMG solver residual = 0.000531133 after 2 iterations
      AMG solver residual = 0.000445139 after 2 iterations
      AMG solver residual = 0.000320137 after 2 iterations
      AMG solver residual = 0.000473711 after 2 iterations
      AMG solver residual = 0.00982685 after 1 iterations
      AMG solver residual = 0.000425353 after 2 iterations
      AMG solver residual = 0.000460238 after 2 iterations
      AMG solver residual = 0.00351187 after 1 iterations
      AMG solver residual = 0.000445447 after 2 iterations
      AMG solver residual = 0.000314456 after 2 iterations
      AMG solver residual = 0.000464538 after 2 iterations
      AMG solver residual = 0.00724303 after 1 iterations
 subiteration:1/1
 subiteration:1/1
  Distribution Function Extrema:
 subiteration:1/1
 subiteration:1/1
 subiteration:1/1
 subiteration:1/1
 subiteration:1/1
 subiteration:1/1
 subiteration:1/1
 subiteration:1/1
 subiteration:1/1
 subiteration:1/1
 subiteration:1/1
 subiteration:1/1
 subiteration:1/1
 subiteration:1/1
 subiteration:1/1
 subiteration:1/1
 subiteration:1/1
 subiteration:1/1
 subiteration:1/1
 subiteration:1/1
 subiteration:1/1
 subiteration:1/1
 subiteration:1/1
 subiteration:1/1
 subiteration:1/1
 subiteration:1/1
 subiteration:1/1
 subiteration:1/1
 subiteration:1/1
 subiteration:1/1
 subiteration:1/1
 subiteration:1/1
 subiteration:1/1
 subiteration:1/1
 subiteration:1/1
 subiteration:1/1
 subiteration:1/1
 subiteration:1/1
 subiteration:1/1
 subiteration:1/1
 subiteration:1/1
 subiteration:1/1
 subiteration:1/1
 subiteration:1/1
 subiteration:1/1
 subiteration:1/1
 subiteration:1/1
 subiteration:1/1
 subiteration:1/1
 subiteration:1/1
 subiteration:1/1
 subiteration:1/1
 subiteration:1/1
 subiteration:1/1
 subiteration:1/1
 subiteration:1/1
 subiteration:1/1
 subiteration:1/1
 subiteration:1/1
 subiteration:1/1
 subiteration:1/1
 subiteration:1/1
    Species 0:	0.00039053 [max]	-5.02108e-26 [min]

Step 24 completed, simulation time is 2.4
      AMG solver residual = 0.000440965 after 2 iterations
      AMG solver residual = 0.000536989 after 2 iterations
      AMG solver residual = 0.000444679 after 2 iterations
      AMG solver residual = 0.000314849 after 2 iterations
      AMG solver residual = 0.000453702 after 2 iterations
      AMG solver residual = 0.00635908 after 1 iterations
      AMG solver residual = 0.000420083 after 2 iterations
      AMG solver residual = 0.000479173 after 2 iterations
      AMG solver residual = 0.00361244 after 1 iterations
      AMG solver residual = 0.000440552 after 2 iterations
      AMG solver residual = 0.000317581 after 2 iterations
      AMG solver residual = 0.000435057 after 2 iterations
      AMG solver residual = 0.00452328 after 1 iterations
 subiteration:1/1
 subiteration:1/1
 subiteration:1/1
 subiteration:1/1
 subiteration:1/1
 subiteration:1/1
 subiteration:1/1
 subiteration:1/1
 subiteration:1/1
 subiteration:1/1
 subiteration:1/1
 subiteration:1/1
 subiteration:1/1
 subiteration:1/1
 subiteration:1/1
 subiteration:1/1
 subiteration:1/1
 subiteration:1/1
 subiteration:1/1
 subiteration:1/1
 subiteration:1/1
 subiteration:1/1
 subiteration:1/1
 subiteration:1/1
 subiteration:1/1
 subiteration:1/1
 subiteration:1/1
 subiteration:1/1
 subiteration:1/1
 subiteration:1/1
 subiteration:1/1
 subiteration:1/1
  Distribution Function Extrema:
 subiteration:1/1
 subiteration:1/1
 subiteration:1/1
 subiteration:1/1
 subiteration:1/1
 subiteration:1/1
 subiteration:1/1
 subiteration:1/1
 subiteration:1/1
 subiteration:1/1
 subiteration:1/1
 subiteration:1/1
 subiteration:1/1
 subiteration:1/1
 subiteration:1/1
 subiteration:1/1
 subiteration:1/1
 subiteration:1/1
 subiteration:1/1
 subiteration:1/1
 subiteration:1/1
 subiteration:1/1
 subiteration:1/1
 subiteration:1/1
 subiteration:1/1
 subiteration:1/1
 subiteration:1/1
 subiteration:1/1
 subiteration:1/1
 subiteration:1/1
 subiteration:1/1
 subiteration:1/1
    Species 0:	0.000390531 [max]	-5.02113e-26 [min]

Step 25 completed, simulation time is 2.5
      AMG solver residual = 0.000455004 after 2 iterations
      AMG solver residual = 0.000526874 after 2 iterations
      AMG solver residual = 0.000436682 after 2 iterations
      AMG solver residual = 0.000325258 after 2 iterations
      AMG solver residual = 0.000418785 after 2 iterations
      AMG solver residual = 0.00391449 after 1 iterations
      AMG solver residual = 0.000425812 after 2 iterations
      AMG solver residual = 0.000501203 after 2 iterations
      AMG solver residual = 0.00371304 after 1 iterations
      AMG solver residual = 0.00042926 after 2 iterations
      AMG solver residual = 0.000334358 after 2 iterations
      AMG solver residual = 0.000395306 after 2 iterations
      AMG solver residual = 0.00275385 after 1 iterations
 subiteration:1/1
 subiteration:1/1
 subiteration:1/1
 subiteration:1/1
 subiteration:1/1
 subiteration:1/1
 subiteration:1/1
 subiteration:1/1
 subiteration:1/1
 subiteration:1/1
 subiteration:1/1
 subiteration:1/1
 subiteration:1/1
 subiteration:1/1
 subiteration:1/1
 subiteration:1/1
  Distribution Function Extrema:
 subiteration:1/1
 subiteration:1/1
 subiteration:1/1
 subiteration:1/1
 subiteration:1/1
 subiteration:1/1
 subiteration:1/1
 subiteration:1/1
 subiteration:1/1
 subiteration:1/1
 subiteration:1/1
 subiteration:1/1
 subiteration:1/1
 subiteration:1/1
 subiteration:1/1
 subiteration:1/1
 subiteration:1/1
 subiteration:1/1
 subiteration:1/1
 subiteration:1/1
 subiteration:1/1
 subiteration:1/1
 subiteration:1/1
 subiteration:1/1
 subiteration:1/1
 subiteration:1/1
 subiteration:1/1
 subiteration:1/1
 subiteration:1/1
 subiteration:1/1
 subiteration:1/1
 subiteration:1/1
 subiteration:1/1
 subiteration:1/1
 subiteration:1/1
 subiteration:1/1
 subiteration:1/1
 subiteration:1/1
 subiteration:1/1
 subiteration:1/1
 subiteration:1/1
 subiteration:1/1
 subiteration:1/1
 subiteration:1/1
 subiteration:1/1
 subiteration:1/1
 subiteration:1/1
 subiteration:1/1
    Species 0:	0.000390531 [max]	-5.02116e-26 [min]

Step 26 completed, simulation time is 2.6
      AMG solver residual = 0.000456819 after 2 iterations
      AMG solver residual = 0.000499564 after 2 iterations
      AMG solver residual = 0.00042384 after 2 iterations
      AMG solver residual = 0.000345335 after 2 iterations
      AMG solver residual = 0.000379158 after 2 iterations
      AMG solver residual = 0.0023808 after 1 iterations
      AMG solver residual = 0.000439318 after 2 iterations
      AMG solver residual = 0.00050697 after 2 iterations
      AMG solver residual = 0.00370302 after 1 iterations
      AMG solver residual = 0.000416703 after 2 iterations
      AMG solver residual = 0.000356396 after 2 iterations
      AMG solver residual = 0.000355979 after 2 iterations
      AMG solver residual = 0.00170657 after 1 iterations
 subiteration:1/1
 subiteration:1/1
 subiteration:1/1
 subiteration:1/1
 subiteration:1/1
 subiteration:1/1
 subiteration:1/1
 subiteration:1/1
 subiteration:1/1
 subiteration:1/1
 subiteration:1/1
  Distribution Function Extrema:
 subiteration:1/1
 subiteration:1/1
 subiteration:1/1
 subiteration:1/1
 subiteration:1/1
 subiteration:1/1
 subiteration:1/1
 subiteration:1/1
 subiteration:1/1
 subiteration:1/1
 subiteration:1/1
 subiteration:1/1
 subiteration:1/1
 subiteration:1/1
 subiteration:1/1
 subiteration:1/1
 subiteration:1/1
 subiteration:1/1
 subiteration:1/1
 subiteration:1/1
 subiteration:1/1
 subiteration:1/1
 subiteration:1/1
 subiteration:1/1
 subiteration:1/1
 subiteration:1/1
 subiteration:1/1
 subiteration:1/1
 subiteration:1/1
 subiteration:1/1
 subiteration:1/1
 subiteration:1/1
 subiteration:1/1
 subiteration:1/1
 subiteration:1/1
 subiteration:1/1
 subiteration:1/1
 subiteration:1/1
 subiteration:1/1
 subiteration:1/1
 subiteration:1/1
 subiteration:1/1
 subiteration:1/1
 subiteration:1/1
 subiteration:1/1
 subiteration:1/1
 subiteration:1/1
 subiteration:1/1
 subiteration:1/1
 subiteration:1/1
 subiteration:1/1
 subiteration:1/1
 subiteration:1/1
    Species 0:	0.000390532 [max]	-5.02119e-26 [min]

Step 27 completed, simulation time is 2.7
      AMG solver residual = 0.000445222 after 2 iterations
      AMG solver residual = 0.000456132 after 2 iterations
      AMG solver residual = 0.000412965 after 2 iterations
      AMG solver residual = 0.000365497 after 2 iterations
      AMG solver residual = 0.000345027 after 2 iterations
      AMG solver residual = 0.00150122 after 1 iterations
      AMG solver residual = 0.000451918 after 2 iterations
      AMG solver residual = 0.000478061 after 2 iterations
      AMG solver residual = 0.00349646 after 1 iterations
      AMG solver residual = 0.000410297 after 2 iterations
      AMG solver residual = 0.000373164 after 2 iterations
      AMG solver residual = 0.000322407 after 2 iterations
      AMG solver residual = 0.00113551 after 1 iterations
 subiteration:1/1
 subiteration:1/1
 subiteration:1/1
 subiteration:1/1
 subiteration:1/1
 subiteration:1/1
 subiteration:1/1
 subiteration:1/1
 subiteration:1/1
 subiteration:1/1
 subiteration:1/1
 subiteration:1/1
 subiteration:1/1
 subiteration:1/1
 subiteration:1/1
 subiteration:1/1
 subiteration:1/1
 subiteration:1/1
 subiteration:1/1
 subiteration:1/1
 subiteration:1/1
 subiteration:1/1
 subiteration:1/1
 subiteration:1/1
 subiteration:1/1
 subiteration:1/1
 subiteration:1/1
 subiteration:1/1
 subiteration:1/1
 subiteration:1/1
 subiteration:1/1
 subiteration:1/1
 subiteration:1/1
 subiteration:1/1
 subiteration:1/1
 subiteration:1/1
 subiteration:1/1
 subiteration:1/1
 subiteration:1/1
 subiteration:1/1
 subiteration:1/1
 subiteration:1/1
 subiteration:1/1
 subiteration:1/1
 subiteration:1/1
  Distribution Function Extrema:
 subiteration:1/1
 subiteration:1/1
 subiteration:1/1
 subiteration:1/1
 subiteration:1/1
 subiteration:1/1
 subiteration:1/1
 subiteration:1/1
 subiteration:1/1
 subiteration:1/1
 subiteration:1/1
 subiteration:1/1
 subiteration:1/1
 subiteration:1/1
 subiteration:1/1
 subiteration:1/1
 subiteration:1/1
 subiteration:1/1
 subiteration:1/1
    Species 0:	0.000390533 [max]	-5.02123e-26 [min]

Step 28 completed, simulation time is 2.8
      AMG solver residual = 0.000427125 after 2 iterations
      AMG solver residual = 0.000398572 after 2 iterations
      AMG solver residual = 0.000411151 after 2 iterations
      AMG solver residual = 0.000376182 after 2 iterations
      AMG solver residual = 0.000316071 after 2 iterations
      AMG solver residual = 0.00103232 after 1 iterations
      AMG solver residual = 0.00045562 after 2 iterations
      AMG solver residual = 0.000403327 after 2 iterations
      AMG solver residual = 0.00300587 after 1 iterations
      AMG solver residual = 0.000414864 after 2 iterations
      AMG solver residual = 0.000376855 after 2 iterations
      AMG solver residual = 0.000285693 after 2 iterations
      AMG solver residual = 0.000841528 after 1 iterations
 subiteration:1/1
 subiteration:1/1
  Distribution Function Extrema:
 subiteration:1/1
 subiteration:1/1
 subiteration:1/1
 subiteration:1/1
 subiteration:1/1
 subiteration:1/1
 subiteration:1/1
 subiteration:1/1
 subiteration:1/1
 subiteration:1/1
 subiteration:1/1
 subiteration:1/1
 subiteration:1/1
 subiteration:1/1
 subiteration:1/1
 subiteration:1/1
 subiteration:1/1
 subiteration:1/1
 subiteration:1/1
 subiteration:1/1
 subiteration:1/1
 subiteration:1/1
 subiteration:1/1
 subiteration:1/1
 subiteration:1/1
 subiteration:1/1
 subiteration:1/1
 subiteration:1/1
 subiteration:1/1
 subiteration:1/1
 subiteration:1/1
 subiteration:1/1
 subiteration:1/1
 subiteration:1/1
 subiteration:1/1
 subiteration:1/1
 subiteration:1/1
 subiteration:1/1
 subiteration:1/1
 subiteration:1/1
 subiteration:1/1
 subiteration:1/1
 subiteration:1/1
 subiteration:1/1
 subiteration:1/1
 subiteration:1/1
 subiteration:1/1
 subiteration:1/1
 subiteration:1/1
 subiteration:1/1
 subiteration:1/1
 subiteration:1/1
 subiteration:1/1
 subiteration:1/1
 subiteration:1/1
 subiteration:1/1
 subiteration:1/1
 subiteration:1/1
 subiteration:1/1
 subiteration:1/1
 subiteration:1/1
 subiteration:1/1
    Species 0:	0.000390533 [max]	-5.02129e-26 [min]

Step 29 completed, simulation time is 2.9
      AMG solver residual = 0.000413862 after 2 iterations
      AMG solver residual = 0.000330681 after 2 iterations
      AMG solver residual = 0.000420563 after 2 iterations
      AMG solver residual = 0.000372763 after 2 iterations
      AMG solver residual = 0.000277407 after 2 iterations
      AMG solver residual = 0.000790827 after 1 iterations
      AMG solver residual = 0.000447449 after 2 iterations
      AMG solver residual = 0.000294404 after 2 iterations
      AMG solver residual = 0.00224104 after 1 iterations
      AMG solver residual = 0.000428648 after 2 iterations
      AMG solver residual = 0.000366295 after 2 iterations
      AMG solver residual = 0.000233522 after 2 iterations
      AMG solver residual = 0.000689961 after 1 iterations
 subiteration:1/1
 subiteration:1/1
 subiteration:1/1
 subiteration:1/1
 subiteration:1/1
 subiteration:1/1
 subiteration:1/1
 subiteration:1/1
 subiteration:1/1
 subiteration:1/1
 subiteration:1/1
 subiteration:1/1
  Distribution Function Extrema:
 subiteration:1/1
 subiteration:1/1
 subiteration:1/1
 subiteration:1/1
 subiteration:1/1
 subiteration:1/1
 subiteration:1/1
 subiteration:1/1
 subiteration:1/1
 subiteration:1/1
 subiteration:1/1
 subiteration:1/1
 subiteration:1/1
 subiteration:1/1
 subiteration:1/1
 subiteration:1/1
 subiteration:1/1
 subiteration:1/1
 subiteration:1/1
 subiteration:1/1
 subiteration:1/1
 subiteration:1/1
 subiteration:1/1
 subiteration:1/1
 subiteration:1/1
 subiteration:1/1
 subiteration:1/1
 subiteration:1/1
 subiteration:1/1
 subiteration:1/1
 subiteration:1/1
 subiteration:1/1
 subiteration:1/1
 subiteration:1/1
 subiteration:1/1
 subiteration:1/1
 subiteration:1/1
 subiteration:1/1
 subiteration:1/1
 subiteration:1/1
 subiteration:1/1
 subiteration:1/1
 subiteration:1/1
 subiteration:1/1
 subiteration:1/1
 subiteration:1/1
 subiteration:1/1
 subiteration:1/1
 subiteration:1/1
 subiteration:1/1
 subiteration:1/1
 subiteration:1/1
    Species 0:	0.000390534 [max]	-5.02133e-26 [min]

Step 30 completed, simulation time is 3
Writing checkpoint file
Writing history file
