ModuleCmd_Switch.c(172):ERROR:152: Module 'PrgEnv-intel' is currently not loaded
** GKUnits ***********************************************************

==== Fundamental Units ===============================================
  NUMBER DENSITY    [1/m^3]: 1e+20
  TEMPERATURE           [eV]: 1000
  LENGTH                [m]: 1
  MASS                 [AMU]: 1
  MAGNETIC FIELD        [T]: 1
  CHARGE                [C]: 1.60218e-19
  BOLTZMANN CONSTANT  [J/K]: 1.38065e-23
  ELECTRIC CONSTANT   [F/m]: 8.85419e-12
  MAGNETIC CONSTANT   [H/m]: 1.25664e-06

==== Derived Units ===================================================

  THERMAL SPEED       [m/s]: 309497
  TRANSIT TIME          [s]: 3.23105e-06
  MAGNETIC MOMENT     [J/T]: 8.01088e-17
  DIST. FUNCTION [s/(Am^6)]: 1073.7
  POTENTIAL             [V]: 1000
  GYROFREQUENCY       [1/s]: 9.57883e+07
  GYRORADIUS            [m]: 0.00323105
  DEBYE LENGTH          [m]: 2.35082e-05

==== Dimensionless Parameters =========================================

  LARMOR NUMBER            : 0.00323105
  DEBYE NUMBER             : 2.35082e-05

***********************************************************************
**** cellSp[0] = 0.0981748,  cellSp[1] = 0.392699, cellSp[2] = 0.392699
**** dimensions = 64, 16, 16
**** cellSp[0] = 0.0981748,  cellSp[1] = 0.392699, cellSp[2] = 0.392699
**** dimensions = 64, 16, 16
**** cellSp[0] = 0.0981748,  cellSp[1] = 0.392699, cellSp[2] = 0.392699
**** dimensions = 64, 16, 16
**** cellSp[0] = 0.0981748,  cellSp[1] = 0.392699, cellSp[2] = 0.392699
**** dimensions = 64, 16, 16
**** cellSp[0] = 0.0981748,  cellSp[1] = 0.392699, cellSp[2] = 0.392699
**** dimensions = 64, 16, 16
**** cellSp[0] = 0.0981748,  cellSp[1] = 0.392699, cellSp[2] = 0.392699
**** dimensions = 64, 16, 16
**** cellSp[0] = 0.0981748,  cellSp[1] = 0.392699, cellSp[2] = 0.392699
**** dimensions = 64, 16, 16
**** cellSp[0] = 0.0981748,  cellSp[1] = 0.392699, cellSp[2] = 0.392699
**** dimensions = 64, 16, 16
**** cellSp[0] = 0.0981748,  cellSp[1] = 0.392699, cellSp[2] = 0.392699
**** dimensions = 64, 16, 16
Constructing slab geometry...
xmax = 0.08, ymax = 0.02, zmax = 0.04
Bz_inner = 3, Bz_outer = 3
By_inner  = 0
**** cellSp[0] = 0.0981748,  cellSp[1] = 0.392699, cellSp[2] = 0.392699
**** cellSp[0] = 0.0981748,  cellSp[1] = 0.392699, cellSp[2] = 0.392699
**** dimensions = 64, 16, 16
**** cellSp[0] = 0.0981748,  cellSp[1] = 0.392699, cellSp[2] = 0.392699
**** dimensions = 64, 16, 16
**** cellSp[0] = 0.0981748,  cellSp[1] = 0.392699, cellSp[2] = 0.392699
**** dimensions = 64, 16, 16
**** cellSp[0] = 0.0981748,  cellSp[1] = 0.392699, cellSp[2] = 0.392699
**** dimensions = 64, 16, 16
**** cellSp[0] = 0.0981748,  cellSp[1] = 0.392699, cellSp[2] = 0.392699
**** dimensions = 64, 16, 16
**** cellSp[0] = 0.0981748,  cellSp[1] = 0.392699, cellSp[2] = 0.392699
**** dimensions = 64, 16, 16
**** cellSp[0] = 0.0981748,  cellSp[1] = 0.392699, cellSp[2] = 0.392699
**** dimensions = 64, 16, 16
**** cellSp[0] = 0.0981748,  cellSp[1] = 0.392699, cellSp[2] = 0.392699
**** dimensions = 64, 16, 16
**** cellSp[0] = 0.0981748,  cellSp[1] = 0.392699, cellSp[2] = 0.392699
**** dimensions = 64, 16, 16
**** cellSp[0] = 0.0981748,  cellSp[1] = 0.392699, cellSp[2] = 0.392699
**** dimensions = 64, 16, 16
**** cellSp[0] = 0.0981748,  cellSp[1] = 0.392699, cellSp[2] = 0.392699
**** dimensions = 64, 16, 16
**** cellSp[0] = 0.0981748,  cellSp[1] = 0.392699, cellSp[2] = 0.392699
**** dimensions = 64, 16, 16
**** cellSp[0] = 0.0981748,  cellSp[1] = 0.392699, cellSp[2] = 0.392699
**** dimensions = 64, 16, 16
**** cellSp[0] = 0.0981748,  cellSp[1] = 0.392699, cellSp[2] = 0.392699
**** dimensions = 64, 16, 16
**** cellSp[0] = 0.0981748,  cellSp[1] = 0.392699, cellSp[2] = 0.392699
**** dimensions = 64, 16, 16
**** cellSp[0] = 0.0981748,  cellSp[1] = 0.392699, cellSp[2] = 0.392699
**** dimensions = 64, 16, 16
**** cellSp[0] = 0.0981748,  cellSp[1] = 0.392699, cellSp[2] = 0.392699
**** dimensions = 64, 16, 16
**** dimensions = 64, 16, 16
Done constructing slab geometry
**** cellSp[0] = 0.0981748,  cellSp[1] = 0.392699, cellSp[2] = 0.392699
**** dimensions = 64, 16, 16
**** cellSp[0] = 0.0981748,  cellSp[1] = 0.392699, cellSp[2] = 0.392699
**** dimensions = 64, 16, 16
**** cellSp[0] = 0.0981748,  cellSp[1] = 0.392699, cellSp[2] = 0.392699
**** dimensions = 64, 16, 16
**** cellSp[0] = 0.0981748,  cellSp[1] = 0.392699, cellSp[2] = 0.392699
**** dimensions = 64, 16, 16
**** cellSp[0] = 0.0981748,  cellSp[1] = 0.392699, cellSp[2] = 0.392699
**** dimensions = 64, 16, 16
**** cellSp[0] = 0.0981748,  cellSp[1] = 0.392699, cellSp[2] = 0.392699
**** dimensions = 64, 16, 16
**** cellSp[0] = 0.0981748,  cellSp[1] = 0.392699, cellSp[2] = 0.392699
**** dimensions = 64, 16, 16
**** cellSp[0] = 0.0981748,  cellSp[1] = 0.392699, cellSp[2] = 0.392699
**** dimensions = 64, 16, 16
   Configuration space box ((0,0,0) (15,3,3) (0,0,0)) is assigned to process 0
   Configuration space box ((16,0,0) (31,3,3) (0,0,0)) is assigned to process 1
   Configuration space box ((32,0,0) (47,3,3) (0,0,0)) is assigned to process 2
   Configuration space box ((48,0,0) (63,3,3) (0,0,0)) is assigned to process 3
   Configuration space box ((0,4,0) (15,7,3) (0,0,0)) is assigned to process 4
   Configuration space box ((16,4,0) (31,7,3) (0,0,0)) is assigned to process 5
   Configuration space box ((32,4,0) (47,7,3) (0,0,0)) is assigned to process 6
   Configuration space box ((48,4,0) (63,7,3) (0,0,0)) is assigned to process 7
   Configuration space box ((0,8,0) (15,11,3) (0,0,0)) is assigned to process 8
   Configuration space box ((16,8,0) (31,11,3) (0,0,0)) is assigned to process 9
   Configuration space box ((32,8,0) (47,11,3) (0,0,0)) is assigned to process 10
   Configuration space box ((48,8,0) (63,11,3) (0,0,0)) is assigned to process 11
   Configuration space box ((0,12,0) (15,15,3) (0,0,0)) is assigned to process 12
   Configuration space box ((16,12,0) (31,15,3) (0,0,0)) is assigned to process 13
   Configuration space box ((32,12,0) (47,15,3) (0,0,0)) is assigned to process 14
   Configuration space box ((48,12,0) (63,15,3) (0,0,0)) is assigned to process 15
   Configuration space box ((0,0,4) (15,3,7) (0,0,0)) is assigned to process 16
   Configuration space box ((16,0,4) (31,3,7) (0,0,0)) is assigned to process 17
   Configuration space box ((32,0,4) (47,3,7) (0,0,0)) is assigned to process 18
   Configuration space box ((48,0,4) (63,3,7) (0,0,0)) is assigned to process 19
   Configuration space box ((0,4,4) (15,7,7) (0,0,0)) is assigned to process 20
   Configuration space box ((16,4,4) (31,7,7) (0,0,0)) is assigned to process 21
   Configuration space box ((32,4,4) (47,7,7) (0,0,0)) is assigned to process 22
   Configuration space box ((48,4,4) (63,7,7) (0,0,0)) is assigned to process 23
   Configuration space box ((0,8,4) (15,11,7) (**** cellSp[0] = 0.0981748,  cellSp[1] = 0.392699, cellSp[2] = 0.392699
**** dimensions = 64, 16, 16
**** cellSp[0] = 0.0981748,  cellSp[1] = 0.392699, cellSp[2] = 0.392699
**** dimensions = 64, 16, 16
**** cellSp[0] = 0.0981748,  cellSp[1] = 0.392699, cellSp[2] = 0.392699
**** dimensions = 64, 16, 16
**** cellSp[0] = 0.0981748,  cellSp[1] = 0.392699, cellSp[2] = 0.392699
**** dimensions = 64, 16, 16
**** cellSp[0] = 0.0981748,  cellSp[1] = 0.392699, cellSp[2] = 0.392699
**** dimensions = 64, 16, 16
**** cellSp[0] = 0.0981748,  cellSp[1] = 0.392699, cellSp[2] = 0.392699
**** dimensions = 64, 16, 16
**** cellSp[0] = 0.0981748,  cellSp[1] = 0.392699, cellSp[2] = 0.392699
**** dimensions = 64, 16, 16
**** cellSp[0] = 0.0981748,  cellSp[1] = 0.392699, cellSp[2] = 0.392699
**** dimensions = 64, 16, 16
**** cellSp[0] = 0.0981748,  cellSp[1] = 0.392699, cellSp[2] = 0.392699
**** dimensions = 64, 16, 16
**** cellSp[0] = 0.0981748,  cellSp[1] = 0.392699, cellSp[2] = 0.392699
**** dimensions = 64, 16, 16
**** cellSp[0] = 0.0981748,  cellSp[1] = 0.392699, cellSp[2] = 0.392699
**** dimensions = 64, 16, 16
**** cellSp[0] = 0.0981748,  cellSp[1] = 0.392699, cellSp[2] = 0.392699
**** dimensions = 64, 16, 16
**** cellSp[0] = 0.0981748,  cellSp[1] = 0.392699, cellSp[2] = 0.392699
**** dimensions = 64, 16, 16
**** cellSp[0] = 0.0981748,  cellSp[1] = 0.392699, cellSp[2] = 0.392699
**** dimensions = 64, 16, 16
**** cellSp[0] = 0.0981748,  cellSp[1] = 0.392699, cellSp[2] = 0.392699
**** dimensions = 64, 16, 16
**** cellSp[0] = 0.0981748,  cellSp[1] = 0.392699, cellSp[2] = 0.392699
**** dimensions = 64, 16, 16
**** cellSp[0] = 0.0981748,  cellSp[1] = 0.392699, cellSp[2] = 0.392699
**** dimensions = 64, 16, 16
**** cellSp[0] = 0.0981748,  cellSp[1] = 0.392699, cellSp[2] = 0.392699
**** dimensions = 64, 16, 16
**** cellSp[0] = 0.0981748,  cellSp[1] = 0.392699, cellSp[2] = 0.392699
**** dimensions = 64, 16, 16
**** cellSp[0] = 0.0981748,  cellSp[1] = 0.392699, cellSp[2] = 0.392699
**** dimensions = 64, 16, 16
**** cellSp[0] = 0.0981748,  cellSp[1] = 0.392699, cellSp[2] = 0.392699
**** dimensions = 64, 16, 16
**** cellSp[0] = 0.0981748,  cellSp[1] = 0.392699, cellSp[2] = 0.392699
**** dimensions = 64, 16, 16
**** cellSp[0] = 0.0981748,  cellSp[1] = 0.392699, cellSp[2] = 0.392699
**** dimensions = 64, 16, 16
**** cellSp[0] = 0.0981748,  cellSp[1] = 0.392699, cellSp[2] = 0.392699
**** dimensions = 64, 16, 16
**** cellSp[0] = 0.0981748,  cellSp[1] = 0.392699, cellSp[2] = 0.392699
**** dimensions = 64, 16, 16
**** cellSp[0] = 0.0981748,  cellSp[1] = 0.392699, cellSp[2] = 0.392699
**** dimensions = 64, 16, 16
**** cellSp[0] = 0.0981748,  cellSp[1] = 0.392699, cellSp[2] = 0.392699
**** dimensions = 64, 16, 16
**** cellSp[0] = 0.0981748,  cellSp[1] = 0.392699, cellSp[2] = 0.392699
**** dimensions = 64, 16, 16
**** cellSp[0] = 0.0981748,  cellSp[1] = 0.392699, cellSp[2] = 0.392699
**** dimensions = 64, 16, 16
**** cellSp[0] = 0.0981748,  cellSp[1] = 0.392699, cellSp[2] = 0.392699
**** dimensions = 64, 16, 16
**** cellSp[0] = 0.0981748,  cellSp[1] = 0.392699, cellSp[2] = 0.392699
**** dimensions = 64, 16, 16
**** cellSp[0] = 0.0981748,  cellSp[1] = 0.392699, cellSp[2] = 0.392699
**** dimensions = 64, 16, 16
**** cellSp[0] = 0.0981748,  cellSp[1] = 0.392699, cellSp[2] = 0.392699
**** dimensions = 64, 16, 16
**** cellSp[0] = 0.0981748,  cellSp[1] = 0.392699, cellSp[2] = 0.392699
**** dimensions = 64, 16, 16
**** cellSp[0] = 0.0981748,  cellSp[1] = 0.392699, cellSp[2] = 0.392699
**** dimensions = 64, 16, 16
**** cellSp[0] = 0.0981748,  cellSp[1] = 0.392699, cellSp[2] = 0.392699
**** dimensions = 64, 16, 16
**** cellSp[0] = 0.0981748,  cellSp[1] = 0.392699, cellSp[2] = 0.392699
**** dimensions = 64, 16, 16
**** cellSp[0] = 0.0981748,  cellSp[1] = 0.392699, cellSp[2] = 0.392699
**** dimensions = 64, 16, 16
**** cellSp[0] = 0.0981748,  cellSp[1] = 0.392699, cellSp[2] = 0.392699
**** dimensions = 64, 16, 16
**** cellSp[0] = 0.0981748,  cellSp[1] = 0.392699, cellSp[2] = 0.392699
**** dimensions = 64, 16, 16
**** cellSp[0] = 0.0981748,  cellSp[1] = 0.392699, cellSp[2] = 0.392699
**** dimensions = 64, 16, 16
**** cellSp[0] = 0.0981748,  cellSp[1] = 0.392699, cellSp[2] = 0.392699
**** dimensions = 64, 16, 16
**** cellSp[0] = 0.0981748,  cellSp[1] = 0.392699, cellSp[2] = 0.392699
**** dimensions = 64, 16, 16
**** cellSp[0] = 0.0981748,  cellSp[1] = 0.392699, cellSp[2] = 0.392699
**** dimensions = 64, 16, 16
**** cellSp[0] = 0.0981748,  cellSp[1] = 0.392699, cellSp[2] = 0.392699
**** dimensions = 64, 16, 16
**** cellSp[0] = 0.0981748,  cellSp[1] = 0.392699, cellSp[2] = 0.392699
**** dimensions = 64, 16, 16
**** cellSp[0] = 0.0981748,  cellSp[1] = 0.392699, cellSp[2] = 0.392699
**** dimensions = 64, 16, 16
**** cellSp[0] = 0.0981748,  cellSp[1] = 0.392699, cellSp[2] = 0.392699
**** dimensions = 64, 16, 16
**** cellSp[0] = 0.0981748,  cellSp[1] = 0.392699, cellSp[2] = 0.392699
**** dimensions = 64, 16, 16
**** cellSp[0] = 0.0981748,  cellSp[1] = 0.392699, cellSp[2] = 0.392699
**** dimensions = 64, 16, 16
**** cellSp[0] = 0.0981748,  cellSp[1] = 0.392699, cellSp[2] = 0.392699
**** dimensions = 64, 16, 16
**** cellSp[0] = 0.0981748,  cellSp[1] = 0.392699, cellSp[2] = 0.392699
**** dimensions = 64, 16, 16
**** cellSp[0] = 0.0981748,  cellSp[1] = 0.392699, cellSp[2] = 0.392699
**** dimensions = 64, 16, 16
**** cellSp[0] = 0.0981748,  cellSp[1] = 0.392699, cellSp[2] = 0.392699
**** dimensions = 64, 16, 16
**** cellSp[0] = 0.0981748,  cellSp[1] = 0.392699, cellSp[2] = 0.392699
**** dimensions = 64, 16, 16
**** cellSp[0] = 0.0981748,  cellSp[1] = 0.392699, cellSp[2] = 0.392699
**** dimensions = 64, 16, 16
**** cellSp[0] = 0.0981748,  cellSp[1] = 0.392699, cellSp[2] = 0.392699
**** dimensions = 64, 16, 16
**** cellSp[0] = 0.0981748,  cellSp[1] = 0.392699, cellSp[2] = 0.392699
**** dimensions = 64, 16, 16
**** cellSp[0] = 0.0981748,  cellSp[1] = 0.392699, cellSp[2] = 0.392699
**** dimensions = 64, 16, 16
**** cellSp[0] = 0.0981748,  cellSp[1] = 0.392699, cellSp[2] = 0.392699
**** dimensions = 64, 16, 16
**** cellSp[0] = 0.0981748,  cellSp[1] = 0.392699, cellSp[2] = 0.392699
**** dimensions = 64, 16, 16
**** cellSp[0] = 0.0981748,  cellSp[1] = 0.392699, cellSp[2] = 0.392699
**** dimensions = 64, 16, 16
**** cellSp[0] = 0.0981748,  cellSp[1] = 0.392699, cellSp[2] = 0.392699
**** dimensions = 64, 16, 16
**** cellSp[0] = 0.0981748,  cellSp[1] = 0.392699, cellSp[2] = 0.392699
**** dimensions = 64, 16, 16
**** cellSp[0] = 0.0981748,  cellSp[1] = 0.392699, cellSp[2] = 0.392699
**** dimensions = 64, 16, 16
**** cellSp[0] = 0.0981748,  cellSp[1] = 0.392699, cellSp[2] = 0.392699
**** dimensions = 64, 16, 16
**** cellSp[0] = 0.0981748,  cellSp[1] = 0.392699, cellSp[2] = 0.392699
**** dimensions = 64, 16, 16
**** cellSp[0] = 0.0981748,  cellSp[1] = 0.392699, cellSp[2] = 0.392699
**** dimensions = 64, 16, 16
**** cellSp[0] = 0.0981748,  cellSp[1] = 0.392699, cellSp[2] = 0.392699
**** dimensions = 64, 16, 16
**** cellSp[0] = 0.0981748,  cellSp[1] = 0.392699, cellSp[2] = 0.392699
**** dimensions = 64, 16, 16
**** cellSp[0] = 0.0981748,  cellSp[1] = 0.392699, cellSp[2] = 0.392699
**** dimensions = 64, 16, 16
**** cellSp[0] = 0.0981748,  cellSp[1] = 0.392699, cellSp[2] = 0.392699
**** dimensions = 64, 16, 16
**** cellSp[0] = 0.0981748,  cellSp[1] = 0.392699, cellSp[2] = 0.392699
**** dimensions = 64, 16, 16
**** cellSp[0] = 0.0981748,  cellSp[1] = 0.392699, cellSp[2] = 0.392699
**** dimensions = 64, 16, 16
**** cellSp[0] = 0.0981748,  cellSp[1] = 0.392699, cellSp[2] = 0.392699
**** dimensions = 64, 16, 16
**** cellSp[0] = 0.0981748,  cellSp[1] = 0.392699, cellSp[2] = 0.392699
**** dimensions = 64, 16, 16
**** cellSp[0] = 0.0981748,  cellSp[1] = 0.392699, cellSp[2] = 0.392699
**** dimensions = 64, 16, 16
**** cellSp[0] = 0.0981748,  cellSp[1] = 0.392699, cellSp[2] = 0.392699
**** dimensions = 64, 16, 16
**** cellSp[0] = 0.0981748,  cellSp[1] = 0.392699, cellSp[2] = 0.392699
**** dimensions = 64, 16, 16
**** cellSp[0] = 0.0981748,  cellSp[1] = 0.392699, cellSp[2] = 0.392699
**** dimensions = 64, 16, 16
**** cellSp[0] = 0.0981748,  cellSp[1] = 0.392699, cellSp[2] = 0.392699
**** dimensions = 64, 16, 16
**** cellSp[0] = 0.0981748,  cellSp[1] = 0.392699, cellSp[2] = 0.392699
**** dimensions = 64, 16, 16
**** cellSp[0] = 0.0981748,  cellSp[1] = 0.392699, cellSp[2] = 0.392699
**** dimensions = 64, 16, 16
**** cellSp[0] = 0.0981748,  cellSp[1] = 0.392699, cellSp[2] = 0.392699
**** dimensions = 64, 16, 16
**** cellSp[0] = 0.0981748,  cellSp[1] = 0.392699, cellSp[2] = 0.392699
**** dimensions = 64, 16, 16
**** cellSp[0] = 0.0981748,  cellSp[1] = 0.392699, cellSp[2] = 0.392699
**** dimensions = 64, 16, 16
**** cellSp[0] = 0.0981748,  cellSp[1] = 0.392699, cellSp[2] = 0.392699
**** dimensions = 64, 16, 16
**** cellSp[0] = 0.0981748,  cellSp[1] = 0.392699, cellSp[2] = 0.392699
**** dimensions = 64, 16, 16
**** cellSp[0] = 0.0981748,  cellSp[1] = 0.392699, cellSp[2] = 0.392699
**** dimensions = 64, 16, 16
**** cellSp[0] = 0.0981748,  cellSp[1] = 0.392699, cellSp[2] = 0.392699
**** dimensions = 64, 16, 16
**** cellSp[0] = 0.0981748,  cellSp[1] = 0.392699, cellSp[2] = 0.392699
**** dimensions = 64, 16, 16
**** cellSp[0] = 0.0981748,  cellSp[1] = 0.392699, cellSp[2] = 0.392699
**** dimensions = 64, 16, 16
 MagGeom::MagGeom() plotFaceData
**** cellSp[0] = 0.0981748,  cellSp[1] = 0.392699, cellSp[2] = 0.392699
**** dimensions = 64, 16, 16
 MagGeom::MagGeom() plotFaceData
 MagGeom::MagGeom() plotFaceData
 MagGeom::MagGeom() plotFaceData
 MagGeom::MagGeom() plotFaceData
 MagGeom::MagGeom() plotFaceData
 MagGeom::MagGeom() plotFaceData
 MagGeom::MagGeom() plotFaceData
 MagGeom::MagGeom() plotFaceData
 MagGeom::MagGeom() plotFaceData
 MagGeom::MagGeom() plotFaceData
 MagGeom::MagGeom() plotFaceData
 MagGeom::MagGeom() plotFaceData
 MagGeom::MagGeom() plotFaceData
 MagGeom::MagGeom() plotFaceData
 MagGeom::MagGeom() plotFaceData
 MagGeom::MagGeom() plotFaceData
 MagGeom::MagGeom() plotFaceData
 MagGeom::MagGeom() plotFaceData
 MagGeom::MagGeom() plotFaceData
 MagGeom::MagGeom() plotFaceData
 MagGeom::MagGeom() plotFaceData
 MagGeom::MagGeom() plotFaceData
 MagGeom::MagGeom() plotFaceData
 MagGeom::MagGeom() plotFaceData
 MagGeom::MagGeom() plotFaceData
 MagGeom::MagGeom() plotFaceData
 MagGeom::MagGeom() plotFaceData
 MagGeom::MagGeom() plotFaceData
 MagGeom::MagGeom() plotFaceData
 MagGeom::MagGeom() plotFaceData
 MagGeom::MagGeom() plotFaceData
 MagGeom::MagGeom() plotFaceData
 MagGeom::MagGeom() plotFaceData
 MagGeom::MagGeom() plotFaceData
 MagGeom::MagGeom() plotFaceData
 MagGeom::MagGeom() plotFaceData
 MagGeom::MagGeom() plotFaceData
 MagGeom::MagGeom() plotFaceData
 MagGeom::MagGeom() plotFaceData
 MagGeom::MagGeom() plotFaceData
 MagGeom::MagGeom() plotFaceData
 MagGeom::MagGeom() plotFaceData
 MagGeom::MagGeom() plotFaceData
 MagGeom::MagGeom() plotFaceData
 MagGeom::MagGeom() plotFaceData
 MagGeom::MagGeom() plotFaceData
 MagGeom::MagGeom() plotFaceData
 MagGeom::MagGeom() plotFaceData
 MagGeom::MagGeom() plotFaceData
 MagGeom::MagGeom() plotFaceData
 MagGeom::MagGeom() plotFaceData
 MagGeom::MagGeom() plotFaceData
 MagGeom::MagGeom() plotFaceData
 MagGeom::MagGeom() plotFaceData
 MagGeom::MagGeom() plotFaceData
 MagGeom::MagGeom() plotFaceData
 MagGeom::MagGeom() plotFaceData
 MagGeom::MagGeom() plotFaceData
 MagGeom::MagGeom() plotFaceData
 MagGeom::MagGeom() plotFaceData
 MagGeom::MagGeom() plotFaceData
 MagGeom::MagGeom() plotFaceData
 MagGeom::MagGeom() plotFaceData
 MagGeom::MagGeom() plotFaceData
 MagGeom::MagGeom() plotFaceData
 MagGeom::MagGeom() plotFaceData
 MagGeom::MagGeom() plotFaceData
 MagGeom::MagGeom() plotFaceData
 MagGeom::MagGeom() plotFaceData
 MagGeom::MagGeom() plotFaceData
 MagGeom::MagGeom() plotFaceData
 MagGeom::MagGeom() plotFaceData
 MagGeom::MagGeom() plotFaceData
 MagGeom::MagGeom() plotFaceData
 MagGeom::MagGeom() plotFaceData
 MagGeom::MagGeom() plotFaceData
 MagGeom::MagGeom() plotFaceData
 MagGeom::MagGeom() plotFaceData
 MagGeom::MagGeom() plotFaceData
 MagGeom::MagGeom() plotFaceData
 MagGeom::MagGeom() plotFaceData
 MagGeom::MagGeom() plotFaceData
 MagGeom::MagGeom() plotFaceData
 MagGeom::MagGeom() plotFaceData
 MagGeom::MagGeom() plotFaceData
 MagGeom::MagGeom() plotFaceData
 MagGeom::MagGeom() plotFaceData
 MagGeom::MagGeom() plotFaceData
 MagGeom::MagGeom() plotFaceData
 MagGeom::MagGeom() plotFaceData
 MagGeom::MagGeom() plotFaceData
 MagGeom::MagGeom() plotFaceData
 MagGeom::MagGeom() plotFaceData
 MagGeom::MagGeom() plotFaceData
 MagGeom::MagGeom() plotFaceData
0,0,0)) is assigned to process 24
   Configuration space box ((16,8,4) (31,11,7) (0,0,0)) is assigned to process 25
   Configuration space box ((32,8,4) (47,11,7) (0,0,0)) is assigned to process 26
   Configuration space box ((48,8,4) (63,11,7) (0,0,0)) is assigned to process 27
   Configuration space box ((0,12,4) (15,15,7) (0,0,0)) is assigned to process 28
   Configuration space box ((16,12,4) (31,15,7) (0,0,0)) is assigned to process 29
   Configuration space box ((32,12,4) (47,15,7) (0,0,0)) is assigned to process 30
   Configuration space box ((48,12,4) (63,15,7) (0,0,0)) is assigned to process 31
   Configuration space box ((0,0,8) (15,3,11) (0,0,0)) is assigned to process 32
   Configuration space box ((16,0,8) (31,3,11) (0,0,0)) is assigned to process 33
   Configuration space box ((32,0,8) (47,3,11) (0,0,0)) is assigned to process 34
   Configuration space box ((48,0,8) (63,3,11) (0,0,0)) is assigned to process 35
   Configuration space box ((0,4,8) (15,7,11) (0,0,0)) is assigned to process 36
   Configuration space box ((16,4,8) (31,7,11) (0,0,0)) is assigned to process 37
   Configuration space box ((32,4,8) (47,7,11) (0,0,0)) is assigned to process 38
   Configuration space box ((48,4,8) (63,7,11) (0,0,0)) is assigned to process 39
   Configuration space box ((0,8,8) (15,11,11) (0,0,0)) is assigned to process 40
   Configuration space box ((16,8,8) (31,11,11) (0,0,0)) is assigned to process 41
   Configuration space box ((32,8,8) (47,11,11) (0,0,0)) is assigned to process 42
   Configuration space box ((48,8,8) (63,11,11) (0,0,0)) is assigned to process 43
   Configuration space box ((0,12,8) (15,15,11) (0,0,0)) is assigned to process 44
   Configuration space box ((16,12,8) (31,15,11) (0,0,0)) is assigned to process 45
   Configuration space box ((32,12,8) (47,15,11) (0,0,0)) is assigned to process 46
   Configuration space box ((48,12,8) (63,15,11) (0,0,0)) is assigned to process 47
   Configuration space box ((0,0,12) (15,3,15) (0,0,0)) is assigned to process 48
   Configuration space box ((16,0,12) (31,3,15) (0,0,0)) is assigned to process 49
   Configuration space box ((32,0,12) (47,3,15) (0,0,0)) is assigned to process 50
   Configuration space box ((48,0,12) (63,3,15) (0,0,0)) is assigned to process 51
   Configuration space box ((0,4,12) (15,7,15) (0,0,0)) is assigned to process 52
   Configuration space box ((16,4,12) (31,7,15) (0,0,0)) is assigned to process 53
   Configuration space box ((32,4,12) (47,7,15) (0,0,0)) is assigned to process 54
   Configuration space box ((48,4,12) (63,7,15) (0,0,0)) is assigned to process 55
   Configuration space box ((0,8,12) (15,11,15) (0,0,0)) is assigned to process 56
   Configuration space box ((16,8,12) (31,11,15) (0,0,0)) is assigned to process 57
   Configuration space box ((32,8,12) (47,11,15) (0,0,0)) is assigned to process 58
   Configuration space box ((48,8,12) (63,11,15) (0,0,0)) is assigned to process 59
   Configuration space box ((0,12,12) (15,15,15) (0,0,0)) is assigned to process 60
   Configuration space box ((16,12,12) (31,15,15) (0,0,0)) is assigned to process 61
   Configuration space box ((32,12,12) (47,15,15) (0,0,0)) is assigned to process 62
   Configuration space box ((48,12,12) (63,15,15) (0,0,0)) is assigned to process 63
Constructing magnetic geometry
 MagGeom::MagGeom() plotFaceData
 MagGeom::MagGeom() plotFaceData
 MagGeom::MagGeom() plotFaceData
 MagGeom::MagGeom() plotFaceData
 MagGeom::MagGeom() plotFaceData
 MagGeom::MagGeom() plotFaceData
 MagGeom::MagGeom() plotFaceData
 MagGeom::MagGeom() plotFaceData
 MagGeom::MagGeom() plotFaceData
 MagGeom::MagGeom() plotFaceData
 MagGeom::MagGeom() plotFaceData
 MagGeom::MagGeom() plotFaceData
 MagGeom::MagGeom() plotFaceData
 MagGeom::MagGeom() plotFaceData
 MagGeom::MagGeom() plotFaceData
 MagGeom::MagGeom() plotFaceData
 MagGeom::MagGeom() plotFaceData
 MagGeom::MagGeom() plotFaceData
 MagGeom::MagGeom() plotFaceData
 MagGeom::MagGeom() plotFaceData
 MagGeom::MagGeom() plotFaceData
 MagGeom::MagGeom() plotFaceData
 MagGeom::MagGeom() plotFaceData
 MagGeom::MagGeom() plotFaceData
 MagGeom::MagGeom() plotFaceData
 MagGeom::MagGeom() plotFaceData
 MagGeom::MagGeom() plotFaceData
 MagGeom::MagGeom() plotFaceData
 MagGeom::MagGeom() plotFaceData
 MagGeom::MagGeom() plotFaceData
 MagGeom::MagGeom() plotFaceData
 MagGeom::MagGeom() plotFaceData
Done constructing magnetic geometry
   Velocity space box ((-12,0) (-7,3) (0,0)) is assigned to process 0
   Velocity space box ((-6,0) (-1,3) (0,0)) is assigned to process 1
   Velocity space box ((0,0) (5,3) (0,0)) is assigned to process 2
   Velocity space box ((6,0) (11,3) (0,0)) is assigned to process 3
   Velocity space box ((-12,4) (-7,7) (0,0)) is assigned to process 4
   Velocity space box ((-6,4) (-1,7) (0,0)) is assigned to process 5
   Velocity space box ((0,4) (5,7) (0,0)) is assigned to process 6
   Velocity space box ((6,4) (11,7) (0,0)) is assigned to process 7
   Velocity space box ((-12,8) (-7,11) (0,0)) is assigned to process 8
   Velocity space box ((-6,8) (-1,11) (0,0)) is assigned to process 9
   Velocity space box ((0,8) (5,11) (0,0)) is assigned to process 10
   Velocity space box ((6,8) (11,11) (0,0)) is assigned to process 11
   Velocity space box ((-12,12) (-7,15) (0,0)) is assigned to process 12
   Velocity space box ((-6,12) (-1,15) (0,0)) is assigned to process 13
   Velocity space box ((0,12) (5,15) (0,0)) is assigned to process 14
   Velocity space box ((6,12) (11,15) (0,0)) is assigned to process 15
   Phase space box ((16,0,0,-12,0) (31,3,3,-1,15) (0,0,0,0,0)) is assigned to process 2, has 49152 valid cells and 1609728 ghost cells
   Phase space box ((16,0,8,-12,0) (31,3,11,-1,15) (0,0,0,0,0)) is assigned to process 66, has 49152 valid cells and 1609728 ghost cells
   Phase space box ((32,0,12,0,0) (47,3,15,11,15) (0,0,0,0,0)) is assigned to process 101, has 49152 valid cells and 1609728 ghost cells
   Phase space box ((0,4,0,0,0) (15,7,3,11,15) (0,0,0,0,0)) is assigned to process 9, has 49152 valid cells and 1609728 ghost cells
   Phase space box ((48,0,4,0,0) (63,3,7,11,15) (0,0,0,0,0)) is assigned to process 39, has 49152 valid cells and 1609728 ghost cells
   Phase space box ((16,4,8,-12,0) (31,7,11,-1,15) (0,0,0,0,0)) is assigned to process 74, has 49152 valid cells and 1609728 ghost cells
   Phase space box ((0,4,12,0,0) (15,7,15,11,15) (0,0,0,0,0)) is assigned to process 105, has 49152 valid cells and 1609728 ghost cells
   Phase space box ((32,4,8,-12,0) (47,7,11,-1,15) (0,0,0,0,0)) is assigned to process 76, has 49152 valid cells and 1609728 ghost cells
   Phase space box ((16,4,12,-12,0) (31,7,15,-1,15) (0,0,0,0,0)) is assigned to process 106, has 49152 valid cells and 1609728 ghost cells
   Phase space box ((0,4,4,0,0) (15,7,7,11,15) (0,0,0,0,0)) is assigned to process 41, has 49152 valid cells and 1609728 ghost cells
   Phase space box ((32,4,0,-12,0) (47,7,3,-1,15) (0,0,0,0,0)) is assigned to process 12, has 49152 valid cells and 1609728 ghost cells
   Phase space box ((48,8,8,-12,0) (63,11,11,-1,15) (0,0,0,0,0)) is assigned to process 86, has 49152 valid cells and 1609728 ghost cells
   Phase space box ((0,8,12,-12,0) (15,11,15,-1,15) (0,0,0,0,0)) is assigned to process 112, has 49152 valid cells and 1609728 ghost cells
   Phase space box ((16,4,4,-12,0) (31,7,7,-1,15) (0,0,0,0,0)) is assigned to process 42, has 49152 valid cells and 1609728 ghost cells
   Phase space box ((48,12,8,0,0) (63,15,11,11,15) (0,0,0,0,0)) is assigned to process 95, has 49152 valid cells and 1609728 ghost cells
   Phase space box ((32,8,12,-12,0) (47,11,15,-1,15) (0,0,0,0,0)) is assigned to process 116, has 49152 valid cells and 1609728 ghost cells
   Phase space box ((0,8,0,-12,0) (15,11,3,-1,15) (0,0,0,0,0)) is assigned to process 16, has 49152 valid cells and 1609728 ghost cells
   Phase space box ((32,4,4,0,0) (47,7,7,11,15) (0,0,0,0,0)) is assigned to process 45, has 49152 valid cells and 1609728 ghost cells
   Phase space box ((0,0,8,-12,0) (15,3,11,-1,15) (0,0,0,0,0)) is assigned to process 64, has 49152 valid cells and 1609728 ghost cells
   Phase space box ((32,8,12,0,0) (47,11,15,11,15) (0,0,0,0,0)) is assigned to process 117, has 49152 valid cells and 1609728 ghost cells
   Phase space box ((48,8,0,0,0) (63,11,3,11,15) (0,0,0,0,0)) is assigned to process 23, has 49152 valid cells and 1609728 ghost cells
   Phase space box ((0,0,8,0,0) (15,3,11,11,15) (0,0,0,0,0)) is assigned to process 65, has 49152 valid cells and 1609728 ghost cells
   Phase space box ((0,8,4,-12,0) (15,11,7,-1,15) (0,0,0,0,0)) is assigned to process 48, has 49152 valid cells and 1609728 ghost cells
   Phase space box ((0,12,12,-12,0) (15,15,15,-1,15) (0,0,0,0,0)) is assigned to process 120, has 49152 valid cells and 1609728 ghost cells
   Phase space box ((16,0,8,0,0) (31,3,11,11,15) (0,0,0,0,0)) is assigned to process 67, has 49152 valid cells and 1609728 ghost cells
   Phase space box ((16,8,4,0,0) (31,11,7,11,15) (0,0,0,0,0)) is assigned to process 51, has 49152 valid cells and 1609728 ghost cells
   Phase space box ((0,12,12,0,0) (15,15,15,11,15) (0,0,0,0,0)) is assigned to process 121, has 49152 valid cells and 1609728 ghost cells
   Phase space box ((0,12,0,-12,0) (15,15,3,-1,15) (0,0,0,0,0)) is assigned to process 24, has 49152 valid cells and 1609728 ghost cells
   Phase space box ((32,0,8,-12,0) (47,3,11,-1,15) (0,0,0,0,0)) is assigned to process 68, has 49152 valid cells and 1609728 ghost cells
   Phase space box ((32,12,12,-12,0) (47,15,15,-1,15) (0,0,0,0,0)) is assigned to process 124, has 49152 valid cells and 1609728 ghost cells
   Phase space box ((32,8,4,0,0) (47,11,7,11,15) (0,0,0,0,0)) is assigned to process 53, has 49152 valid cells and 1609728 ghost cells
   Phase space box ((32,0,8,0,0) (47,3,11,11,15) (0,0,0,0,0)) is assigned to process 69, has 49152 valid cells and 1609728 ghost cells
   Phase space box ((0,0,0,0,0) (15,3,3,11,15) (0,0,0,0,0)) is assigned to process 1, has 49152 valid cells and 1609728 ghost cells
   Phase space box ((48,8,4,-12,0) (63,11,7,-1,15) (0,0,0,0,0)) is assigned to process 54, has 49152 valid cells and 1609728 ghost cells
   Phase space box ((0,0,12,-12,0) (15,3,15,-1,15) (0,0,0,0,0)) is assigned to process 96, has 49152 valid cells and 1609728 ghost cells
   Phase space box ((48,0,8,-12,0) (63,3,11,-1,15) (0,0,0,0,0)) is assigned to process 70, has 49152 valid cells and 1609728 ghost cells
   Phase space box ((48,8,4,0,0) (63,11,7,11,15) (0,0,0,0,0)) is assigned to process 55, has 49152 valid cells and 1609728 ghost cells
   Phase space box ((0,0,12,0,0) (15,3,15,11,15) (0,0,0,0,0)) is assigned to process 97, has 49152 valid cells and 1609728 ghost cells
   Phase space box ((16,0,0,0,0) (31,3,3,11,15) (0,0,0,0,0)) is assigned to process 3, has 49152 valid cells and 1609728 ghost cells
   Phase space box ((48,0,8,0,0) (63,3,11,11,15) (0,0,0,0,0)) is assigned to process 71, has 49152 valid cells and 1609728 ghost cells
   Phase space box ((48,12,4,0,0) (63,15,7,11,15) (0,0,0,0,0)) is assigned to process 63, has 49152 valid cells and 1609728 ghost cells
   Phase space box ((16,0,12,-12,0) (31,3,15,-1,15) (0,0,0,0,0)) is assigned to process 98, has 49152 valid cells and 1609728 ghost cells
   Phase space box ((0,4,8,-12,0) (15,7,11,-1,15) (0,0,0,0,0)) is assigned to process 72, has 49152 valid cells and 1609728 ghost cells
   Phase space box ((32,0,0,-12,0) (47,3,3,-1,15) (0,0,0,0,0)) is assigned to process 4, has 49152 valid cells and 1609728 ghost cells
   Phase space box ((0,0,4,-12,0) (15,3,7,-1,15) (0,0,0,0,0)) is assigned to process 32, has 49152 valid cells and 1609728 ghost cells
   Phase space box ((0,4,8,0,0) (15,7,11,11,15) (0,0,0,0,0)) is assigned to process 73, has 49152 valid cells and 1609728 ghost cells
   Phase space box ((16,0,12,0,0) (31,3,15,11,15) (0,0,0,0,0)) is assigned to process 99, has 49152 valid cells and 1609728 ghost cells
   Phase space box ((0,0,4,0,0) (15,3,7,11,15) (0,0,0,0,0)) is assigned to process 33, has 49152 valid cells and 1609728 ghost cells
   Phase space box ((32,0,12,-12,0) (47,3,15,-1,15) (0,0,0,0,0)) is assigned to process 100, has 49152 valid cells and 1609728 ghost cells
   Phase space box ((16,4,8,0,0) (31,7,11,11,15) (0,0,0,0,0)) is assigned to process 75, has 49152 valid cells and 1609728 ghost cells
   Phase space box ((32,0,0,0,0) (47,3,3,11,15) (0,0,0,0,0)) is assigned to process 5, has 49152 valid cells and 1609728 ghost cells
   Phase space box ((48,0,12,-12,0) (63,3,15,-1,15) (0,0,0,0,0)) is assigned to process 102, has 49152 valid cells and 1609728 ghost cells
   Phase space box ((16,0,4,-12,0) (31,3,7,-1,15) (0,0,0,0,0)) is assigned to process 34, has 49152 valid cells and 1609728 ghost cells
   Phase space box ((32,4,8,0,0) (47,7,11,11,15) (0,0,0,0,0)) is assigned to process 77, has 49152 valid cells and 1609728 ghost cells
   Phase space box ((48,0,12,0,0) (63,3,15,11,15) (0,0,0,0,0)) is assigned to process 103, has 49152 valid cells and 1609728 ghost cells
   Phase space box ((16,0,4,0,0) (31,3,7,11,15) (0,0,0,0,0)) is assigned to process 35, has 49152 valid cells and 1609728 ghost cells
   Phase space box ((48,4,8,-12,0) (63,7,11,-1,15) (0,0,0,0,0)) is assigned to process 78, has 49152 valid cells and 1609728 ghost cells
   Phase space box ((48,0,0,-12,0) (63,3,3,-1,15) (0,0,0,0,0)) is assigned to process 6, has 49152 valid cells and 1609728 ghost cells
   Phase space box ((0,4,12,-12,0) (15,7,15,-1,15) (0,0,0,0,0)) is assigned to process 104, has 49152 valid cells and 1609728 ghost cells
   Phase space box ((32,0,4,-12,0) (47,3,7,-1,15) (0,0,0,0,0)) is assigned to process 36, has 49152 valid cells and 1609728 ghost cells
   Phase space box ((48,4,8,0,0) (63,7,11,11,15) (0,0,0,0,0)) is assigned to process 79, has 49152 valid cells and 1609728 ghost cells
   Phase space box ((16,4,12,0,0) (31,7,15,11,15) (0,0,0,0,0)) is assigned to process 107, has 49152 valid cells and 1609728 ghost cells
   Phase space box ((48,0,0,0,0) (63,3,3,11,15) (0,0,0,0,0)) is assigned to process 7, has 49152 valid cells and 1609728 ghost cells
   Phase space box ((32,0,4,0,0) (47,3,7,11,15) (0,0,0,0,0)) is assigned to process 37, has 49152 valid cells and 1609728 ghost cells
   Phase space box ((0,8,8,-12,0) (15,11,11,-1,15) (0,0,0,0,0)) is assigned to process 80, has 49152 valid cells and 1609728 ghost cells
   Phase space box ((32,4,12,-12,0) (47,7,15,-1,15) (0,0,0,0,0)) is assigned to process 108, has 49152 valid cells and 1609728 ghost cells
   Phase space box ((0,4,0,-12,0) (15,7,3,-1,15) (0,0,0,0,0)) is assigned to process 8, has 49152 valid cells and 1609728 ghost cells
   Phase space box ((48,0,4,-12,0) (63,3,7,-1,15) (0,0,0,0,0)) is assigned to process 38, has 49152 valid cells and 1609728 ghost cells
   Phase space box ((32,4,12,0,0) (47,7,15,11,15) (0,0,0,0,0)) is assigned to process 109, has 49152 valid cells and 1609728 ghost cells
   Phase space box ((0,8,8,0,0) (15,11,11,11,15) (0,0,0,0,0)) is assigned to process 81, has 49152 valid cells and 1609728 ghost cells
   Phase space box ((16,4,0,-12,0) (31,7,3,-1,15) (0,0,0,0,0)) is assigned to process 10, has 49152 valid cells and 1609728 ghost cells
   Phase space box ((0,4,4,-12,0) (15,7,7,-1,15) (0,0,0,0,0)) is assigned to process 40, has 49152 valid cells and 1609728 ghost cells
   Phase space box ((48,4,12,-12,0) (63,7,15,-1,15) (0,0,0,0,0)) is assigned to process 110, has 49152 valid cells and 1609728 ghost cells
   Phase space box ((16,8,8,-12,0) (31,11,11,-1,15) (0,0,0,0,0)) is assigned to process 82, has 49152 valid cells and 1609728 ghost cells
   Phase space box ((16,4,4,0,0) (31,7,7,11,15) (0,0,0,0,0)) is assigned to process 43, has 49152 valid cells and 1609728 ghost cells
   Phase space box ((16,4,0,0,0) (31,7,3,11,15) (0,0,0,0,0)) is assigned to process 11, has 49152 valid cells and 1609728 ghost cells
   Phase space box ((48,4,12,0,0) (63,7,15,11,15) (0,0,0,0,0)) is assigned to process 111, has 49152 valid cells and 1609728 ghost cells
   Phase space box ((32,4,4,-12,0) (47,7,7,-1,15) (0,0,0,0,0)) is assigned to process 44, has 49152 valid cells and 1609728 ghost cells
   Phase space box ((16,8,8,0,0) (31,11,11,11,15) (0,0,0,0,0)) is assigned to process 83, has 49152 valid cells and 1609728 ghost cells
   Phase space box ((0,8,12,0,0) (15,11,15,11,15) (0,0,0,0,0)) is assigned to process 113, has 49152 valid cells and 1609728 ghost cells
   Phase space box ((32,8,8,-12,0) (47,11,11,-1,15) (0,0,0,0,0)) is assigned to process 84, has 49152 valid cells and 1609728 ghost cells
   Phase space box ((32,4,0,0,0) (47,7,3,11,15) (0,0,0,0,0)) is assigned to process 13, has 49152 valid cells and 1609728 ghost cells
   Phase space box ((48,4,4,-12,0) (63,7,7,-1,15) (0,0,0,0,0)) is assigned to process 46, has 49152 valid cells and 1609728 ghost cells
   Phase space box ((16,8,12,-12,0) (31,11,15,-1,15) (0,0,0,0,0)) is assigned to process 114, has 49152 valid cells and 1609728 ghost cells
   Phase space box ((48,4,4,0,0) (63,7,7,11,15) (0,0,0,0,0)) is assigned to process 47, has 49152 valid cells and 1609728 ghost cells
   Phase space box ((32,8,8,0,0) (47,11,11,11,15) (0,0,0,0,0)) is assigned to process 85, has 49152 valid cells and 1609728 ghost cells
   Phase space box ((48,4,0,-12,0) (63,7,3,-1,15) (0,0,0,0,0)) is assigned to process 14, has 49152 valid cells and 1609728 ghost cells
   Phase space box ((16,8,12,0,0) (31,11,15,11,15) (0,0,0,0,0)) is assigned to process 115, has 49152 valid cells and 1609728 ghost cells
   Phase space box ((48,8,8,0,0) (63,11,11,11,15) (0,0,0,0,0)) is assigned to process 87, has 49152 valid cells and 1609728 ghost cells
   Phase space box ((0,8,4,0,0) (15,11,7,11,15) (0,0,0,0,0)) is assigned to process 49, has 49152 valid cells and 1609728 ghost cells
   Phase space box ((48,8,12,-12,0) (63,11,15,-1,15) (0,0,0,0,0)) is assigned to process 118, has 49152 valid cells and 1609728 ghost cells
   Phase space box ((48,4,0,0,0) (63,7,3,11,15) (0,0,0,0,0)) is assigned to process 15, has 49152 valid cells and 1609728 ghost cells
   Phase space box ((0,12,8,-12,0) (15,15,11,-1,15) (0,0,0,0,0)) is assigned to process 88, has 49152 valid cells and 1609728 ghost cells
   Phase space box ((16,8,4,-12,0) (31,11,7,-1,15) (0,0,0,0,0)) is assigned to process 50, has 49152 valid cells and 1609728 ghost cells
   Phase space box ((48,8,12,0,0) (63,11,15,11,15) (0,0,0,0,0)) is assigned to process 119, has 49152 valid cells and 1609728 ghost cells
   Phase space box ((0,8,0,0,0) (15,11,3,11,15) (0,0,0,0,0)) is assigned to process 17, has 49152 valid cells and 1609728 ghost cells
   Phase space box ((0,12,8,0,0) (15,15,11,11,15) (0,0,0,0,0)) is assigned to process 89, has 49152 valid cells and 1609728 ghost cells
   Phase space box ((16,12,12,-12,0) (31,15,15,-1,15) (0,0,0,0,0)) is assigned to process 122, has 49152 valid cells and 1609728 ghost cells
   Phase space box ((32,8,4,-12,0) (47,11,7,-1,15) (0,0,0,0,0)) is assigned to process 52, has 49152 valid cells and 1609728 ghost cells
   Phase space box ((16,8,0,-12,0) (31,11,3,-1,15) (0,0,0,0,0)) is assigned to process 18, has 49152 valid cells and 1609728 ghost cells
   Phase space box ((16,12,8,-12,0) (31,15,11,-1,15) (0,0,0,0,0)) is assigned to process 90, has 49152 valid cells and 1609728 ghost cells
   Phase space box ((16,12,12,0,0) (31,15,15,11,15) (0,0,0,0,0)) is assigned to process 123, has 49152 valid cells and 1609728 ghost cells
   Phase space box ((0,12,4,-12,0) (15,15,7,-1,15) (0,0,0,0,0)) is assigned to process 56, has 49152 valid cells and 1609728 ghost cells
   Phase space box ((16,12,8,0,0) (31,15,11,11,15) (0,0,0,0,0)) is assigned to process 91, has 49152 valid cells and 1609728 ghost cells
   Phase space box ((32,12,12,0,0) (47,15,15,11,15) (0,0,0,0,0)) is assigned to process 125, has 49152 valid cells and 1609728 ghost cells
   Phase space box ((16,8,0,0,0) (31,11,3,11,15) (0,0,0,0,0)) is assigned to process 19, has 49152 valid cells and 1609728 ghost cells
   Phase space box ((0,12,4,0,0) (15,15,7,11,15) (0,0,0,0,0)) is assigned to process 57, has 49152 valid cells and 1609728 ghost cells
   Phase space box ((32,12,8,-12,0) (47,15,11,-1,15) (0,0,0,0,0)) is assigned to process 92, has 49152 valid cells and 1609728 ghost cells
   Phase space box ((48,12,12,-12,0) (63,15,15,-1,15) (0,0,0,0,0)) is assigned to process 126, has 49152 valid cells and 1609728 ghost cells
   Phase space box ((32,8,0,-12,0) (47,11,3,-1,15) (0,0,0,0,0)) is assigned to process 20, has 49152 valid cells and 1609728 ghost cells
   Phase space box ((32,12,8,0,0) (47,15,11,11,15) (0,0,0,0,0)) is assigned to process 93, has 49152 valid cells and 1609728 ghost cells
   Phase space box ((16,12,4,-12,0) (31,15,7,-1,15) (0,0,0,0,0)) is assigned to process 58, has 49152 valid cells and 1609728 ghost cells
   Phase space box ((48,12,12,0,0) (63,15,15,11,15) (0,0,0,0,0)) is assigned to process 127, has 49152 valid cells and 1609728 ghost cells
   Phase space box ((32,8,0,0,0) (47,11,3,11,15) (0,0,0,0,0)) is assigned to process 21, has 49152 valid cells and 1609728 ghost cells
   Phase space box ((48,12,8,-12,0) (63,15,11,-1,15) (0,0,0,0,0)) is assigned to process 94, has 49152 valid cells and 1609728 ghost cells
   Phase space box ((16,12,4,0,0) (31,15,7,11,15) (0,0,0,0,0)) is assigned to process 59, has 49152 valid cells and 1609728 ghost cells
   Phase space box ((48,8,0,-12,0) (63,11,3,-1,15) (0,0,0,0,0)) is assigned to process 22, has 49152 valid cells and 1609728 ghost cells
   Phase space box ((32,12,4,-12,0) (47,15,7,-1,15) (0,0,0,0,0)) is assigned to process 60, has 49152 valid cells and 1609728 ghost cells
   Phase space box ((0,12,0,0,0) (15,15,3,11,15) (0,0,0,0,0)) is assigned to process 25, has 49152 valid cells and 1609728 ghost cells
   Phase space box ((32,12,4,0,0) (47,15,7,11,15) (0,0,0,0,0)) is assigned to process 61, has 49152 valid cells and 1609728 ghost cells
   Phase space box ((16,12,0,-12,0) (31,15,3,-1,15) (0,0,0,0,0)) is assigned to process 26, has 49152 valid cells and 1609728 ghost cells
   Phase space box ((48,12,4,-12,0) (63,15,7,-1,15) (0,0,0,0,0)) is assigned to process 62, has 49152 valid cells and 1609728 ghost cells
   Phase space box ((16,12,0,0,0) (31,15,3,11,15) (0,0,0,0,0)) is assigned to process 27, has 49152 valid cells and 1609728 ghost cells
   Phase space box ((32,12,0,-12,0) (47,15,3,-1,15) (0,0,0,0,0)) is assigned to process 28, has 49152 valid cells and 1609728 ghost cells
   Phase space box ((32,12,0,0,0) (47,15,3,11,15) (0,0,0,0,0)) is assigned to process 29, has 49152 valid cells and 1609728 ghost cells
   Phase space box ((48,12,0,-12,0) (63,15,3,-1,15) (0,0,0,0,0)) is assigned to process 30, has 49152 valid cells and 1609728 ghost cells
   Phase space box ((48,12,0,0,0) (63,15,3,11,15) (0,0,0,0,0)) is assigned to process 31, has 49152 valid cells and 1609728 ghost cells
   Phase space box ((0,0,0,-12,0) (15,3,3,-1,15) (0,0,0,0,0)) is assigned to process 0, has 49152 valid cells and 1609728 ghost cells
Adding species and constructing gyrocenter coordinates...
   hydrogen: kinetic species with mass = 2, charge = 1
Done adding species and constructing coordinates

Grid Function Library =========================

"Ion_vpar_grid_func":
Constant grid function parameters:
  value: 0

"N0_grid_func":
Arbitrary grid function parameters:
  function: (1.00+exp(-(x-pi/4)^2/(2*pi*0.001/0.08)-(y-pi)^2/(2*pi*0.001/0.02))   )

"T0_grid_func":
Cosine grid function parameters:
  constant: 1
  amplitude: 0
  mode: (1,0,0)
  phase: (0,0,0)

"potential_grid_func":
Arbitrary grid function parameters:
  function: ( -0.0000001*sin(y) )

===============================================

Kinetic Function Library =========================

"maxwellian_phase_func":
Maxwellian kinetic function parameters:
-- Density --
Arbitrary grid function parameters:
  function: (1.00+exp(-(x-pi/4)^2/(2*pi*0.001/0.08)-(y-pi)^2/(2*pi*0.001/0.02))   )

-- Temperature --
Cosine grid function parameters:
  constant: 1
  amplitude: 0
  mode: (1,0,0)
  phase: (0,0,0)

-- Vparallel --
Constant grid function parameters:
  value: 0


==================================================

SlabPotentialBC ================================
- variable: potential-------------
  radial_lower: 
     bc_type  = 1
     bc_value = 0
  radial_upper: 
     bc_type  = 1
     bc_value = 0
  poloidal_lower: 
     bc_type  = 1
     bc_value = 0
  poloidal_upper: 
     bc_type  = 1
     bc_value = 0
  toroidal_lower: 
     bc_type  = 1
     bc_value = 0
  toroidal_upper: 
     bc_type  = 1
     bc_value = 0
-----------------------------------------------
===============================================

SlabPhaseBC ================================
- variable: hydrogen-------------
  radial_lower: 
Maxwellian kinetic function parameters:
-- Density --
Arbitrary grid function parameters:
  function: (1.00+exp(-(x-pi/4)^2/(2*pi*0.001/0.08)-(y-pi)^2/(2*pi*0.001/0.02))   )

-- Temperature --
Cosine grid function parameters:
  constant: 1
  amplitude: 0
  mode: (1,0,0)
  phase: (0,0,0)

-- Vparallel --
Constant grid function parameters:
  value: 0


  radial_upper: 
Maxwellian kinetic function parameters:
-- Density --
Arbitrary grid function parameters:
  function: (1.00+exp(-(x-pi/4)^2/(2*pi*0.001/0.08)-(y-pi)^2/(2*pi*0.001/0.02))   )

-- Temperature --
Cosine grid function parameters:
  constant: 1
  amplitude: 0
  mode: (1,0,0)
  phase: (0,0,0)

-- Vparallel --
Constant grid function parameters:
  value: 0


  poloidal_lower: 
Maxwellian kinetic function parameters:
-- Density --
Arbitrary grid function parameters:
  function: (1.00+exp(-(x-pi/4)^2/(2*pi*0.001/0.08)-(y-pi)^2/(2*pi*0.001/0.02))   )

-- Temperature --
Cosine grid function parameters:
  constant: 1
  amplitude: 0
  mode: (1,0,0)
  phase: (0,0,0)

-- Vparallel --
Constant grid function parameters:
  value: 0


  poloidal_upper: 
Maxwellian kinetic function parameters:
-- Density --
Arbitrary grid function parameters:
  function: (1.00+exp(-(x-pi/4)^2/(2*pi*0.001/0.08)-(y-pi)^2/(2*pi*0.001/0.02))   )

-- Temperature --
Cosine grid function parameters:
  constant: 1
  amplitude: 0
  mode: (1,0,0)
  phase: (0,0,0)

-- Vparallel --
Constant grid function parameters:
  value: 0


  toroidal_lower: 
Maxwellian kinetic function parameters:
-- Density --
Arbitrary grid function parameters:
  function: (1.00+exp(-(x-pi/4)^2/(2*pi*0.001/0.08)-(y-pi)^2/(2*pi*0.001/0.02))   )

-- Temperature --
Cosine grid function parameters:
  constant: 1
  amplitude: 0
  mode: (1,0,0)
  phase: (0,0,0)

-- Vparallel --
Constant grid function parameters:
  value: 0


  toroidal_upper: 
Maxwellian kinetic function parameters:
-- Density --
Arbitrary grid function parameters:
  function: (1.00+exp(-(x-pi/4)^2/(2*pi*0.001/0.08)-(y-pi)^2/(2*pi*0.001/0.02))   )

-- Temperature --
Cosine grid function parameters:
  constant: 1
  amplitude: 0
  mode: (1,0,0)
  phase: (0,0,0)

-- Vparallel --
Constant grid function parameters:
  value: 0


  vpar_lower: 
Maxwellian kinetic function parameters:
-- Density --
Arbitrary grid function parameters:
  function: (1.00+exp(-(x-pi/4)^2/(2*pi*0.001/0.08)-(y-pi)^2/(2*pi*0.001/0.02))   )

-- Temperature --
Cosine grid function parameters:
  constant: 1
  amplitude: 0
  mode: (1,0,0)
  phase: (0,0,0)

-- Vparallel --
Constant grid function parameters:
  value: 0


  vpar_upper: 
Maxwellian kinetic function parameters:
-- Density --
Arbitrary grid function parameters:
  function: (1.00+exp(-(x-pi/4)^2/(2*pi*0.001/0.08)-(y-pi)^2/(2*pi*0.001/0.02))   )

-- Temperature --
Cosine grid function parameters:
  constant: 1
  amplitude: 0
  mode: (1,0,0)
  phase: (0,0,0)

-- Vparallel --
Constant grid function parameters:
  value: 0


  mu_lower: 
Maxwellian kinetic function parameters:
-- Density --
Arbitrary grid function parameters:
  function: (1.00+exp(-(x-pi/4)^2/(2*pi*0.001/0.08)-(y-pi)^2/(2*pi*0.001/0.02))   )

-- Temperature --
Cosine grid function parameters:
  constant: 1
  amplitude: 0
  mode: (1,0,0)
  phase: (0,0,0)

-- Vparallel --
Constant grid function parameters:
  value: 0


  mu_upper: 
Maxwellian kinetic function parameters:
-- Density --
Arbitrary grid function parameters:
  function: (1.00+exp(-(x-pi/4)^2/(2*pi*0.001/0.08)-(y-pi)^2/(2*pi*0.001/0.02))   )

-- Temperature --
Cosine grid function parameters:
  constant: 1
  amplitude: 0
  mode: (1,0,0)
  phase: (0,0,0)

-- Vparallel --
Constant grid function parameters:
  value: 0


-----------------------------------------------
===============================================
No collision model specified for hydrogen.
Collision model for 0	hydrogen:	None
Time integration method: rk (4)
  Distribution Function Extrema:
    Species 0:	7.65509e-07 [max]	1.42829e-11 [min]


Step 1
  --
  Warning: fixed time step may be higher than the stable time step.
  Stable time step = 2.91758e-08.
  You may reduce the specified dt or enable subiteration by setting
  simulation.fixed_dt_subiteration = true (default:false).
  --
  ----
  dt: 0.005
    Vlasov    : 3.73798e-08 (time scale), 133762 (CFL)
  ----
  Distribution Function Extrema:
    Species 0:	7.61855e-07 [max]	4.2138e-12 [min]

Step 1 completed, simulation time is 0.005
----

Step 2
  --
  Warning: fixed time step may be higher than the stable time step.
  Stable time step = 2.91758e-08.
  You may reduce the specified dt or enable subiteration by setting
  simulation.fixed_dt_subiteration = true (default:false).
  --
  ----
  dt: 0.005
    Vlasov    : 3.73798e-08 (time scale), 133762 (CFL)
  ----
  Distribution Function Extrema:
    Species 0:	7.74069e-07 [max]	3.77141e-12 [min]

Step 2 completed, simulation time is 0.01
----

Step 3
  --
  Warning: fixed time step may be higher than the stable time step.
  Stable time step = 2.91758e-08.
  You may reduce the specified dt or enable subiteration by setting
  simulation.fixed_dt_subiteration = true (default:false).
  --
  ----
  dt: 0.005
    Vlasov    : 3.73798e-08 (time scale), 133762 (CFL)
  ----
  Distribution Function Extrema:
    Species 0:	7.59509e-07 [max]	3.57542e-12 [min]

Step 3 completed, simulation time is 0.015
----

Step 4
  --
  Warning: fixed time step may be higher than the stable time step.
  Stable time step = 2.91758e-08.
  You may reduce the specified dt or enable subiteration by setting
  simulation.fixed_dt_subiteration = true (default:false).
  --
  ----
  dt: 0.005
    Vlasov    : 3.73798e-08 (time scale), 133762 (CFL)
  ----
  Distribution Function Extrema:
    Species 0:	7.64255e-07 [max]	4.13207e-12 [min]

Step 4 completed, simulation time is 0.02
----

Step 5
  --
  Warning: fixed time step may be higher than the stable time step.
  Stable time step = 2.91758e-08.
  You may reduce the specified dt or enable subiteration by setting
  simulation.fixed_dt_subiteration = true (default:false).
  --
  ----
  dt: 0.005
    Vlasov    : 3.73798e-08 (time scale), 133762 (CFL)
  ----
  Distribution Function Extrema:
    Species 0:	7.60956e-07 [max]	4.28758e-12 [min]

Step 5 completed, simulation time is 0.025
----

Step 6
  --
  Warning: fixed time step may be higher than the stable time step.
  Stable time step = 2.91758e-08.
  You may reduce the specified dt or enable subiteration by setting
  simulation.fixed_dt_subiteration = true (default:false).
  --
  ----
  dt: 0.005
    Vlasov    : 3.73798e-08 (time scale), 133762 (CFL)
  ----
  Distribution Function Extrema:
    Species 0:	7.69569e-07 [max]	4.01803e-12 [min]

Step 6 completed, simulation time is 0.03
----

Step 7
  --
  Warning: fixed time step may be higher than the stable time step.
  Stable time step = 2.91758e-08.
  You may reduce the specified dt or enable subiteration by setting
  simulation.fixed_dt_subiteration = true (default:false).
  --
  ----
  dt: 0.005
    Vlasov    : 3.73798e-08 (time scale), 133762 (CFL)
  ----
  Distribution Function Extrema:
    Species 0:	7.56587e-07 [max]	-1.75533e-09 [min]

Step 7 completed, simulation time is 0.035
----

Step 8
  --
  Warning: fixed time step may be higher than the stable time step.
  Stable time step = 2.91758e-08.
  You may reduce the specified dt or enable subiteration by setting
  simulation.fixed_dt_subiteration = true (default:false).
  --
  ----
  dt: 0.005
    Vlasov    : 3.73798e-08 (time scale), 133762 (CFL)
  ----
  Distribution Function Extrema:
    Species 0:	6.59226e-06 [max]	-5.6282e-06 [min]

Step 8 completed, simulation time is 0.04
----

Step 9
srun: got SIGCONT
slurmstepd: *** JOB 2036409 ON nid00125 CANCELLED AT 2016-04-28T15:16:42 ***
srun: got SIGCONT
slurmstepd: *** STEP 2036409.0 ON nid00125 CANCELLED AT 2016-04-28T15:16:42 ***
srun: Job step aborted: Waiting up to 32 seconds for job step to finish.
srun: forcing job termination
