ModuleCmd_Switch.c(172):ERROR:152: Module 'PrgEnv-intel' is currently not loaded
** GKUnits ***********************************************************

==== Fundamental Units ===============================================
  NUMBER DENSITY    [1/m^3]: 1e+20
  TEMPERATURE           [eV]: 1000
  LENGTH                [m]: 1
  MASS                 [AMU]: 1
  MAGNETIC FIELD        [T]: 1
  CHARGE                [C]: 1.60218e-19
  BOLTZMANN CONSTANT  [J/K]: 1.38065e-23
  ELECTRIC CONSTANT   [F/m]: 8.85419e-12
  MAGNETIC CONSTANT   [H/m]: 1.25664e-06

==== Derived Units ===================================================

  THERMAL SPEED       [m/s]: 309497
  TRANSIT TIME          [s]: 3.23105e-06
  MAGNETIC MOMENT     [J/T]: 8.01088e-17
  DIST. FUNCTION [s/(Am^6)]: 1073.7
  POTENTIAL             [V]: 1000
  GYROFREQUENCY       [1/s]: 9.57883e+07
  GYRORADIUS            [m]: 0.00323105
  DEBYE LENGTH          [m]: 2.35082e-05

==== Dimensionless Parameters =========================================

  LARMOR NUMBER            : 0.00323105
  DEBYE NUMBER             : 2.35082e-05

****************** cellSp[0] = 0.392699,  cellSp[1] = 0.392699, cellSp[2] = 0.19635
**** dimensions = 16, 16, 32
**** cellSp[0] = 0.392699,  cellSp[1] = 0.392699, cellSp[2] = 0.19635
**** dimensions = 16, 16, 32
*********************************************************
**** cellSp[0] = 0.392699,  cellSp[1] = 0.392699, cellSp[2] = 0.19635
**** dimensions = 16, 16, 32
**** cellSp[0] = 0.392699,  cellSp[1] = 0.392699, cellSp[2] = 0.19635
**** dimensions = 16, 16, 32
Constructing slab geometry...
xmax = 0.04, ymax = 0.04, zmax = 0.08
Bz_inner = 3, Bz_outer = 3
By_inner  = 1
**** cellSp[0] = 0.392699,  cellSp[1] = 0.392699, cellSp[2] = 0.19635
**** dimensions = 16, 16, 32
Done constructing slab geometry
**** cellSp[0] = 0.392699,  cellSp[1] = 0.392699, cellSp[2] = 0.19635
**** dimensions = 16, 16, 32
**** cellSp[0] = 0.392699,  cellSp[1] = 0.392699, cellSp[2] = 0.19635
**** dimensions = 16, 16, 32
**** cellSp[0] = 0.392699,  cellSp[1] = 0.392699, cellSp[2] = 0.19635
**** dimensions = 16, 16, 32
**** cellSp[0] = 0.392699,  cellSp[1] = 0.392699, cellSp[2] = 0.19635
**** dimensions = 16, 16, 32
**** cellSp[0] = 0.392699,  cellSp[1] = 0.392699, cellSp[2] = 0.19635
**** dimensions = 16, 16, 32
**** cellSp[0] = 0.392699,  cellSp[1] = 0.392699, cellSp[2] = 0.19635
**** dimensions = 16, 16, 32
**** cellSp[0] = 0.392699,  cellSp[1] = 0.392699, cellSp[2] = 0.19635
**** dimensions = 16, 16, 32
**** cellSp[0] = 0.392699,  cellSp[1] = 0.392699, cellSp[2] = 0.19635
**** dimensions = 16, 16, 32
**** cellSp[0] = 0.392699,  cellSp[1] = 0.392699, cellSp[2] = 0.19635
**** dimensions = 16, 16, 32
**** cellSp[0] = 0.392699,  cellSp[1] = 0.392699, cellSp[2] = 0.19635
**** dimensions = 16, 16, 32
**** cellSp[0] = 0.392699,  cellSp[1] = 0.392699, cellSp[2] = 0.19635
**** dimensions = 16, 16, 32
**** cellSp[0] = 0.392699,  cellSp[1] = 0.392699, cellSp[2] = 0.19635
**** dimensions = 16, 16, 32
**** cellSp[0] = 0.392699,  cellSp[1] = 0.392699, cellSp[2] = 0.19635
**** dimensions = 16, 16, 32
**** cellSp[0] = 0.392699,  cellSp[1] = 0.392699, cellSp[2] = 0.19635
**** dimensions = 16, 16, 32
**** cellSp[0] = 0.392699,  cellSp[1] = 0.392699, cellSp[2] = 0.19635
**** dimensions = 16, 16, 32
**** cellSp[0] = 0.392699,  cellSp[1] = 0.392699, cellSp[2] = 0.19635
**** dimensions = 16, 16, 32
**** cellSp[0] = 0.392699,  cellSp[1] = 0.392699, cellSp[2] = 0.19635
**** dimensions = 16, 16, 32
**** cellSp[0] = 0.392699,  cellSp[1] = 0.392699, cellSp[2] = 0.19635
**** dimensions = 16, 16, 32
**** cellSp[0] = 0.392699,  cellSp[1] = 0.392699, cellSp[2] = 0.19635
**** dimensions = 16, 16, 32
**** cellSp[0] = 0.392699,  cellSp[1] = 0.392699, cellSp[2] = 0.19635
**** dimensions = 16, 16, 32
**** cellSp[0] = 0.392699,  cellSp[1] = 0.392699, cellSp[2] = 0.19635
**** dimensions = 16, 16, 32
**** cellSp[0] = 0.392699,  cellSp[1] = 0.392699, cellSp[2] = 0.19635
**** dimensions = 16, 16, 32
**** cellSp[0] = 0.392699,  cellSp[1] = 0.392699, cellSp[2] = 0.19635
**** dimensions = 16, 16, 32
**** cellSp[0] = 0.392699,  cellSp[1] = 0.392699, cellSp[2] = 0.19635
**** dimensions = 16, 16, 32
**** cellSp[0] = 0.392699,  cellSp[1] = 0.392699, cellSp[2] = 0.19635
**** dimensions = 16, 16, 32
**** cellSp[0] = 0.392699,  cellSp[1] = 0.392699, cellSp[2] = 0.19635
**** dimensions = 16, 16, 32
**** cellSp[0] = 0.392699,  cellSp[1] = 0.392699, cellSp[2] = 0.19635
**** dimensions = 16, 16, 32
**** cellSp[0] = 0.392699,  cellSp[1] = 0.392699, cellSp[2] = 0.19635
**** dimensions = 16, 16, 32
**** cellSp[0] = 0.392699,  cellSp[1] = 0.392699, cellSp[2] = 0.19635
**** dimensions = 16, 16, 32
**** cellSp[0] = 0.392699,  cellSp[1] = 0.392699, cellSp[2] = 0.19635
**** dimensions = 16, 16, 32
   Configuration space box ((0,0,0) (7,3,7) (0,0,0)) is assigned to process 0
   Configuration space box ((8,0,0) (15,3,7) (0,0,0)) is assigned to process 1
   Configuration space box ((0,4,0) (7,7,7) (0,0,0)) is assigned to process 2
   Configuration space box ((8,4,0) (15,7,7) (0,0,0)) is assigned to process 3
   Configuration space box ((0,8,0) (7,11,7) (0,0,0)) is assigned to process 4
   Configuration space box ((8,8,0) (15,11,7) (0,0,0)) is assigned to process 5
   Configuration space box ((0,12,0) (7,15,7) (0,0,0)) is assigned to process 6
   Configuration space box ((8,12,0) (15,15,7) (0,0,0)) is assigned to process 7
   Configuration space box ((0,0,8) (7,3,15) (0,0,0)) is assigned to process 8
   Configuration space box ((8,0,8) (15,3,15) (0,0,0)) is assigned to process 9
   Configuration space box ((0,4,8) (7,7,15) (0,0,0)) is assigned to process 10
   Configuration space box ((8,4,8) (15,7,15) (0,0,0)) is assigned to process 11
   Configuration space box ((0,8,8) (7,11,15) (0,0,0)) is assigned to process 12
   Configuration space box ((8,8,8) (15,11,15) (0,0,0)) is assigned to process 13
   Configuration space box ((0,12,8) (7,15,15) (0,0,0)) is assigned to process 14
   Configuration space box ((8,12,8) (15,15,15) (0,0,0)) is assigned to process 15
   Configuration space box ((0,0,16) (7,3,23) (0,0,0)) is assigned to process 16
   Configuration space box ((8,0,16) (15,3,23) (0,0,0)) is assigned to process 17
   Configuration space box ((0,4,16) (7,7,23) (0,0,0)) is assigned to process 18
   Configuration space box ((8,4,16) (15,7,23) (0,0,0)) is assigned to process 19
   Configuration space box ((0,8,16) (7,11,23) (0,0,0)) is assigned to process 20
   Configuration space box ((8,8,16) (15,11,23) (0,0,0)) is assigned to process 21
   Configuration space box ((0,12,16) (7,15,23) (0,0,0)) is assigned to process 22
   Configuration space box ((8,12,16) (15,15,23) (0,0,0)) is assigned to process 23
   Configuration space box ((0,0,24) (7,3,31) (0,0,0)) is assigned to process 24
   Configuration space box ((8,0,24) (15,3,31) (0,0,0)) is assigned to process 25
   Configuration space box ((0,4,24) (7,7,31) (0,0,0)) is assigned to process 26
   Configuration space box ((8,4,24) (15,7,31) (0,0,0)) is assigned to process 27
   Configuration space box ((0,8,24) (7,11,31) (0,0,0)) is assigned to process 28
   Configuration space box ((8,8,24) (15,11,31) (0,0,0)) is assigned to process 29
   Configuration space box ((0,12,24) (7,15,31) (0,0,0)) is assigned to process 30
   Configuration space box ((8,12,24) (15,15,31) (0,0,0)) is assigned to process 31
Constructing magnetic geometry
**** cellSp[0] = 0.392699,  cellSp[1] = 0.392699, cellSp[2] = 0.19635
**** dimensions = 16, 16, 32
**** cellSp[0] = 0.392699,  cellSp[1] = 0.392699, cellSp[2] = 0.19635
**** dimensions = 16, 16, 32
**** cellSp[0] = 0.392699,  cellSp[1] = 0.392699, cellSp[2] = 0.19635
**** dimensions = 16, 16, 32
**** cellSp[0] = 0.392699,  cellSp[1] = 0.392699, cellSp[2] = 0.19635
**** dimensions = 16, 16, 32
**** cellSp[0] = 0.392699,  cellSp[1] = 0.392699, cellSp[2] = 0.19635
**** dimensions = 16, 16, 32
**** cellSp[0] = 0.392699,  cellSp[1] = 0.392699, cellSp[2] = 0.19635
**** dimensions = 16, 16, 32
**** cellSp[0] = 0.392699,  cellSp[1] = 0.392699, cellSp[2] = 0.19635
**** dimensions = 16, 16, 32
**** cellSp[0] = 0.392699,  cellSp[1] = 0.392699, cellSp[2] = 0.19635
**** dimensions = 16, 16, 32
**** cellSp[0] = 0.392699,  cellSp[1] = 0.392699, cellSp[2] = 0.19635
**** dimensions = 16, 16, 32
**** cellSp[0] = 0.392699,  cellSp[1] = 0.392699, cellSp[2] = 0.19635
**** dimensions = 16, 16, 32
**** cellSp[0] = 0.392699,  cellSp[1] = 0.392699, cellSp[2] = 0.19635
**** dimensions = 16, 16, 32
**** cellSp[0] = 0.392699,  cellSp[1] = 0.392699, cellSp[2] = 0.19635
**** dimensions = 16, 16, 32
**** cellSp[0] = 0.392699,  cellSp[1] = 0.392699, cellSp[2] = 0.19635
**** dimensions = 16, 16, 32
**** cellSp[0] = 0.392699,  cellSp[1] = 0.392699, cellSp[2] = 0.19635
**** dimensions = 16, 16, 32
**** cellSp[0] = 0.392699,  cellSp[1] = 0.392699, cellSp[2] = 0.19635
**** dimensions = 16, 16, 32
**** cellSp[0] = 0.392699,  cellSp[1] = 0.392699, cellSp[2] = 0.19635
**** dimensions = 16, 16, 32
**** cellSp[0] = 0.392699,  cellSp[1] = 0.392699, cellSp[2] = 0.19635
**** dimensions = 16, 16, 32
**** cellSp[0] = 0.392699,  cellSp[1] = 0.392699, cellSp[2] = 0.19635
**** dimensions = 16, 16, 32
**** cellSp[0] = 0.392699,  cellSp[1] = 0.392699, cellSp[2] = 0.19635
**** dimensions = 16, 16, 32
**** cellSp[0] = 0.392699,  cellSp[1] = 0.392699, cellSp[2] = 0.19635
**** dimensions = 16, 16, 32
**** cellSp[0] = 0.392699,  cellSp[1] = 0.392699, cellSp[2] = 0.19635
**** dimensions = 16, 16, 32
**** cellSp[0] = 0.392699,  cellSp[1] = 0.392699, cellSp[2] = 0.19635
**** dimensions = 16, 16, 32
**** cellSp[0] = 0.392699,  cellSp[1] = 0.392699, cellSp[2] = 0.19635
**** dimensions = 16, 16, 32
**** cellSp[0] = 0.392699,  cellSp[1] = 0.392699, cellSp[2] = 0.19635
**** dimensions = 16, 16, 32
**** cellSp[0] = 0.392699,  cellSp[1] = 0.392699, cellSp[2] = 0.19635
**** dimensions = 16, 16, 32
**** cellSp[0] = 0.392699,  cellSp[1] = 0.392699, cellSp[2] = 0.19635
**** dimensions = 16, 16, 32
**** cellSp[0] = 0.392699,  cellSp[1] = 0.392699, cellSp[2] = 0.19635
**** dimensions = 16, 16, 32
**** cellSp[0] = 0.392699,  cellSp[1] = 0.392699, cellSp[2] = 0.19635
**** dimensions = 16, 16, 32
**** cellSp[0] = 0.392699,  cellSp[1] = 0.392699, cellSp[2] = 0.19635
**** dimensions = 16, 16, 32
**** cellSp[0] = 0.392699,  cellSp[1] = 0.392699, cellSp[2] = 0.19635
**** dimensions = 16, 16, 32
**** cellSp[0] = 0.392699,  cellSp[1] = 0.392699, cellSp[2] = 0.19635
**** dimensions = 16, 16, 32
**** cellSp[0] = 0.392699,  cellSp[1] = 0.392699, cellSp[2] = 0.19635
**** dimensions = 16, 16, 32
**** cellSp[0] = 0.392699,  cellSp[1] = 0.392699, cellSp[2] = 0.19635
**** dimensions = 16, 16, 32
**** cellSp[0] = 0.392699,  cellSp[1] = 0.392699, cellSp[2] = 0.19635
**** dimensions = 16, 16, 32
**** cellSp[0] = 0.392699,  cellSp[1] = 0.392699, cellSp[2] = 0.19635
**** dimensions = 16, 16, 32
**** cellSp[0] = 0.392699,  cellSp[1] = 0.392699, cellSp[2] = 0.19635
**** dimensions = 16, 16, 32
**** cellSp[0] = 0.392699,  cellSp[1] = 0.392699, cellSp[2] = 0.19635
**** dimensions = 16, 16, 32
**** cellSp[0] = 0.392699,  cellSp[1] = 0.392699, cellSp[2] = 0.19635
**** dimensions = 16, 16, 32
**** cellSp[0] = 0.392699,  cellSp[1] = 0.392699, cellSp[2] = 0.19635
**** dimensions = 16, 16, 32
**** cellSp[0] = 0.392699,  cellSp[1] = 0.392699, cellSp[2] = 0.19635
**** dimensions = 16, 16, 32
**** cellSp[0] = 0.392699,  cellSp[1] = 0.392699, cellSp[2] = 0.19635
**** dimensions = 16, 16, 32
**** cellSp[0] = 0.392699,  cellSp[1] = 0.392699, cellSp[2] = 0.19635
**** dimensions = 16, 16, 32
**** cellSp[0] = 0.392699,  cellSp[1] = 0.392699, cellSp[2] = 0.19635
**** dimensions = 16, 16, 32
**** cellSp[0] = 0.392699,  cellSp[1] = 0.392699, cellSp[2] = 0.19635
**** dimensions = 16, 16, 32
**** cellSp[0] = 0.392699,  cellSp[1] = 0.392699, cellSp[2] = 0.19635
**** dimensions = 16, 16, 32
**** cellSp[0] = 0.392699,  cellSp[1] = 0.392699, cellSp[2] = 0.19635
**** dimensions = 16, 16, 32
**** cellSp[0] = 0.392699,  cellSp[1] = 0.392699, cellSp[2] = 0.19635
**** dimensions = 16, 16, 32
**** cellSp[0] = 0.392699,  cellSp[1] = 0.392699, cellSp[2] = 0.19635
**** dimensions = 16, 16, 32
**** cellSp[0] = 0.392699,  cellSp[1] = 0.392699, cellSp[2] = 0.19635
**** dimensions = 16, 16, 32
**** cellSp[0] = 0.392699,  cellSp[1] = 0.392699, cellSp[2] = 0.19635
**** dimensions = 16, 16, 32
**** cellSp[0] = 0.392699,  cellSp[1] = 0.392699, cellSp[2] = 0.19635
**** dimensions = 16, 16, 32
**** cellSp[0] = 0.392699,  cellSp[1] = 0.392699, cellSp[2] = 0.19635
**** dimensions = 16, 16, 32
**** cellSp[0] = 0.392699,  cellSp[1] = 0.392699, cellSp[2] = 0.19635
**** dimensions = 16, 16, 32
**** cellSp[0] = 0.392699,  cellSp[1] = 0.392699, cellSp[2] = 0.19635
**** dimensions = 16, 16, 32
**** cellSp[0] = 0.392699,  cellSp[1] = 0.392699, cellSp[2] = 0.19635
**** dimensions = 16, 16, 32
**** cellSp[0] = 0.392699,  cellSp[1] = 0.392699, cellSp[2] = 0.19635
**** dimensions = 16, 16, 32
**** cellSp[0] = 0.392699,  cellSp[1] = 0.392699, cellSp[2] = 0.19635
**** dimensions = 16, 16, 32
**** cellSp[0] = 0.392699,  cellSp[1] = 0.392699, cellSp[2] = 0.19635
**** dimensions = 16, 16, 32
**** cellSp[0] = 0.392699,  cellSp[1] = 0.392699, cellSp[2] = 0.19635
**** dimensions = 16, 16, 32
**** cellSp[0] = 0.392699,  cellSp[1] = 0.392699, cellSp[2] = 0.19635
**** dimensions = 16, 16, 32
**** cellSp[0] = 0.392699,  cellSp[1] = 0.392699, cellSp[2] = 0.19635
**** dimensions = 16, 16, 32
**** cellSp[0] = 0.392699,  cellSp[1] = 0.392699, cellSp[2] = 0.19635
**** dimensions = 16, 16, 32
**** cellSp[0] = 0.392699,  cellSp[1] = 0.392699, cellSp[2] = 0.19635
**** dimensions = 16, 16, 32
**** cellSp[0] = 0.392699,  cellSp[1] = 0.392699, cellSp[2] = 0.19635
**** dimensions = 16, 16, 32
**** cellSp[0] = 0.392699,  cellSp[1] = 0.392699, cellSp[2] = 0.19635
**** dimensions = 16, 16, 32
**** cellSp[0] = 0.392699,  cellSp[1] = 0.392699, cellSp[2] = 0.19635
**** dimensions = 16, 16, 32
**** cellSp[0] = 0.392699,  cellSp[1] = 0.392699, cellSp[2] = 0.19635
**** dimensions = 16, 16, 32
**** cellSp[0] = 0.392699,  cellSp[1] = 0.392699, cellSp[2] = 0.19635
**** dimensions = 16, 16, 32
**** cellSp[0] = 0.392699,  cellSp[1] = 0.392699, cellSp[2] = 0.19635
**** dimensions = 16, 16, 32
**** cellSp[0] = 0.392699,  cellSp[1] = 0.392699, cellSp[2] = 0.19635
**** dimensions = 16, 16, 32
**** cellSp[0] = 0.392699,  cellSp[1] = 0.392699, cellSp[2] = 0.19635
**** dimensions = 16, 16, 32
**** cellSp[0] = 0.392699,  cellSp[1] = 0.392699, cellSp[2] = 0.19635
**** dimensions = 16, 16, 32
**** cellSp[0] = 0.392699,  cellSp[1] = 0.392699, cellSp[2] = 0.19635
**** dimensions = 16, 16, 32
**** cellSp[0] = 0.392699,  cellSp[1] = 0.392699, cellSp[2] = 0.19635
**** dimensions = 16, 16, 32
**** cellSp[0] = 0.392699,  cellSp[1] = 0.392699, cellSp[2] = 0.19635
**** dimensions = 16, 16, 32
**** cellSp[0] = 0.392699,  cellSp[1] = 0.392699, cellSp[2] = 0.19635
**** dimensions = 16, 16, 32
**** cellSp[0] = 0.392699,  cellSp[1] = 0.392699, cellSp[2] = 0.19635
**** dimensions = 16, 16, 32
**** cellSp[0] = 0.392699,  cellSp[1] = 0.392699, cellSp[2] = 0.19635
**** dimensions = 16, 16, 32
**** cellSp[0] = 0.392699,  cellSp[1] = 0.392699, cellSp[2] = 0.19635
**** dimensions = 16, 16, 32
**** cellSp[0] = 0.392699,  cellSp[1] = 0.392699, cellSp[2] = 0.19635
**** dimensions = 16, 16, 32
**** cellSp[0] = 0.392699,  cellSp[1] = 0.392699, cellSp[2] = 0.19635
**** dimensions = 16, 16, 32
**** cellSp[0] = 0.392699,  cellSp[1] = 0.392699, cellSp[2] = 0.19635
**** dimensions = 16, 16, 32
**** cellSp[0] = 0.392699,  cellSp[1] = 0.392699, cellSp[2] = 0.19635
**** dimensions = 16, 16, 32
**** cellSp[0] = 0.392699,  cellSp[1] = 0.392699, cellSp[2] = 0.19635
**** dimensions = 16, 16, 32
**** cellSp[0] = 0.392699,  cellSp[1] = 0.392699, cellSp[2] = 0.19635
**** dimensions = 16, 16, 32
**** cellSp[0] = 0.392699,  cellSp[1] = 0.392699, cellSp[2] = 0.19635
**** dimensions = 16, 16, 32
**** cellSp[0] = 0.392699,  cellSp[1] = 0.392699, cellSp[2] = 0.19635
**** dimensions = 16, 16, 32
**** cellSp[0] = 0.392699,  cellSp[1] = 0.392699, cellSp[2] = 0.19635
**** dimensions = 16, 16, 32
**** cellSp[0] = 0.392699,  cellSp[1] = 0.392699, cellSp[2] = 0.19635
**** dimensions = 16, 16, 32
**** cellSp[0] = 0.392699,  cellSp[1] = 0.392699, cellSp[2] = 0.19635
**** dimensions = 16, 16, 32
**** cellSp[0] = 0.392699,  cellSp[1] = 0.392699, cellSp[2] = 0.19635
**** dimensions = 16, 16, 32
**** cellSp[0] = 0.392699,  cellSp[1] = 0.392699, cellSp[2] = 0.19635
**** dimensions = 16, 16, 32
**** cellSp[0] = 0.392699,  cellSp[1] = 0.392699, cellSp[2] = 0.19635
**** dimensions = 16, 16, 32
Done constructing magnetic geometry
   Velocity space box ((-24,0) (-13,3) (0,0)) is assigned to process 0
   Velocity space box ((-12,0) (-1,3) (0,0)) is assigned to process 1
   Velocity space box ((0,0) (11,3) (0,0)) is assigned to process 2
   Velocity space box ((12,0) (23,3) (0,0)) is assigned to process 3
   Velocity space box ((-24,4) (-13,7) (0,0)) is assigned to process 4
   Velocity space box ((-12,4) (-1,7) (0,0)) is assigned to process 5
   Velocity space box ((0,4) (11,7) (0,0)) is assigned to process 6
   Velocity space box ((12,4) (23,7) (0,0)) is assigned to process 7
   Velocity space box ((-24,8) (-13,11) (0,0)) is assigned to process 8
   Velocity space box ((-12,8) (-1,11) (0,0)) is assigned to process 9
   Velocity space box ((0,8) (11,11) (0,0)) is assigned to process 10
   Velocity space box ((12,8) (23,11) (0,0)) is assigned to process 11
   Velocity space box ((-24,12) (-13,15) (0,0)) is assigned to process 12
   Velocity space box ((-12,12) (-1,15) (0,0)) is assigned to process 13
   Velocity space box ((0,12) (11,15) (0,0)) is assigned to process 14
   Velocity space box ((12,12) (23,15) (0,0)) is assigned to process 15
   Phase space box ((0,0,0,0,0) (7,3,7,11,15) (0,0,0,0,0)) is assigned to process 2, has 49152 valid cells and 1425408 ghost cells
   Phase space box ((8,0,24,-24,0) (15,3,31,-13,15) (0,0,0,0,0)) is assigned to process 100, has 49152 valid cells and 1425408 ghost cells
   Phase space box ((0,0,16,0,0) (7,3,23,11,15) (0,0,0,0,0)) is assigned to process 66, has 49152 valid cells and 1425408 ghost cells
   Phase space box ((0,0,8,0,0) (7,3,15,11,15) (0,0,0,0,0)) is assigned to process 34, has 49152 valid cells and 1425408 ghost cells
   Phase space box ((0,0,16,12,0) (7,3,23,23,15) (0,0,0,0,0)) is assigned to process 67, has 49152 valid cells and 1425408 ghost cells
   Phase space box ((0,0,8,12,0) (7,3,15,23,15) (0,0,0,0,0)) is assigned to process 35, has 49152 valid cells and 1425408 ghost cells
   Phase space box ((8,8,0,-24,0) (15,11,7,-13,15) (0,0,0,0,0)) is assigned to process 20, has 49152 valid cells and 1425408 ghost cells
   Phase space box ((8,4,24,-12,0) (15,7,31,-1,15) (0,0,0,0,0)) is assigned to process 109, has 49152 valid cells and 1425408 ghost cells
   Phase space box ((8,0,16,-12,0) (15,3,23,-1,15) (0,0,0,0,0)) is assigned to process 69, has 49152 valid cells and 1425408 ghost cells
   Phase space box ((8,0,8,-12,0) (15,3,15,-1,15) (0,0,0,0,0)) is assigned to process 37, has 49152 valid cells and 1425408 ghost cells
   Phase space box ((8,8,0,0,0) (15,11,7,11,15) (0,0,0,0,0)) is assigned to process 22, has 49152 valid cells and 1425408 ghost cells
   Phase space box ((0,8,24,-24,0) (7,11,31,-13,15) (0,0,0,0,0)) is assigned to process 112, has 49152 valid cells and 1425408 ghost cells
   Phase space box ((0,4,16,0,0) (7,7,23,11,15) (0,0,0,0,0)) is assigned to process 74, has 49152 valid cells and 1425408 ghost cells
   Phase space box ((0,4,8,12,0) (7,7,15,23,15) (0,0,0,0,0)) is assigned to process 43, has 49152 valid cells and 1425408 ghost cells
   Phase space box ((0,12,0,-12,0) (7,15,7,-1,15) (0,0,0,0,0)) is assigned to process 25, has 49152 valid cells and 1425408 ghost cells
   Phase space box ((0,8,24,0,0) (7,11,31,11,15) (0,0,0,0,0)) is assigned to process 114, has 49152 valid cells and 1425408 ghost cells
   Phase space box ((8,12,0,0,0) (15,15,7,11,15) (0,0,0,0,0)) is assigned to process 30, has 49152 valid cells and 1425408 ghost cells
   Phase space box ((8,8,24,-24,0) (15,11,31,-13,15) (0,0,0,0,0)) is assigned to process 116, has 49152 valid cells and 1425408 ghost cells
   Phase space box ((8,4,16,0,0) (15,7,23,11,15) (0,0,0,0,0)) is assigned to process 78, has 49152 valid cells and 1425408 ghost cells
   Phase space box ((8,4,8,0,0) (15,7,15,11,15) (0,0,0,0,0)) is assigned to process 46, has 49152 valid cells and 1425408 ghost cells
   Phase space box ((8,8,24,12,0) (15,11,31,23,15) (0,0,0,0,0)) is assigned to process 119, has 49152 valid cells and 1425408 ghost cells
   Phase space box ((8,12,0,12,0) (15,15,7,23,15) (0,0,0,0,0)) is assigned to process 31, has 49152 valid cells and 1425408 ghost cells
   Phase space box ((0,12,24,-24,0) (7,15,31,-13,15) (0,0,0,0,0)) is assigned to process 120, has 49152 valid cells and 1425408 ghost cells
   Phase space box ((0,8,16,-12,0) (7,11,23,-1,15) (0,0,0,0,0)) is assigned to process 81, has 49152 valid cells and 1425408 ghost cells
   Phase space box ((8,4,8,12,0) (15,7,15,23,15) (0,0,0,0,0)) is assigned to process 47, has 49152 valid cells and 1425408 ghost cells
   Phase space box ((0,8,8,-24,0) (7,11,15,-13,15) (0,0,0,0,0)) is assigned to process 48, has 49152 valid cells and 1425408 ghost cells
   Phase space box ((0,0,0,-24,0) (7,3,7,-13,15) (0,0,0,0,0)) is assigned to process 0, has 49152 valid cells and 1425408 ghost cells
   Phase space box ((0,12,24,0,0) (7,15,31,11,15) (0,0,0,0,0)) is assigned to process 122, has 49152 valid cells and 1425408 ghost cells
   Phase space box ((0,8,16,12,0) (7,11,23,23,15) (0,0,0,0,0)) is assigned to process 83, has 49152 valid cells and 1425408 ghost cells
   Phase space box ((0,8,8,-12,0) (7,11,15,-1,15) (0,0,0,0,0)) is assigned to process 49, has 49152 valid cells and 1425408 ghost cells
   Phase space box ((0,0,0,-12,0) (7,3,7,-1,15) (0,0,0,0,0)) is assigned to process 1, has 49152 valid cells and 1425408 ghost cells
   Phase space box ((0,12,24,12,0) (7,15,31,23,15) (0,0,0,0,0)) is assigned to process 123, has 49152 valid cells and 1425408 ghost cells
   Phase space box ((8,8,16,-24,0) (15,11,23,-13,15) (0,0,0,0,0)) is assigned to process 84, has 49152 valid cells and 1425408 ghost cells
   Phase space box ((8,12,24,12,0) (15,15,31,23,15) (0,0,0,0,0)) is assigned to process 127, has 49152 valid cells and 1425408 ghost cells
   Phase space box ((8,8,16,-12,0) (15,11,23,-1,15) (0,0,0,0,0)) is assigned to process 85, has 49152 valid cells and 1425408 ghost cells
   Phase space box ((8,8,8,-24,0) (15,11,15,-13,15) (0,0,0,0,0)) is assigned to process 52, has 49152 valid cells and 1425408 ghost cells
   Phase space box ((0,0,0,12,0) (7,3,7,23,15) (0,0,0,0,0)) is assigned to process 3, has 49152 valid cells and 1425408 ghost cells
   Phase space box ((0,0,24,-24,0) (7,3,31,-13,15) (0,0,0,0,0)) is assigned to process 96, has 49152 valid cells and 1425408 ghost cells
   Phase space box ((8,8,16,0,0) (15,11,23,11,15) (0,0,0,0,0)) is assigned to process 86, has 49152 valid cells and 1425408 ghost cells
   Phase space box ((8,8,8,12,0) (15,11,15,23,15) (0,0,0,0,0)) is assigned to process 55, has 49152 valid cells and 1425408 ghost cells
   Phase space box ((8,0,0,-24,0) (15,3,7,-13,15) (0,0,0,0,0)) is assigned to process 4, has 49152 valid cells and 1425408 ghost cells
   Phase space box ((8,8,16,12,0) (15,11,23,23,15) (0,0,0,0,0)) is assigned to process 87, has 49152 valid cells and 1425408 ghost cells
   Phase space box ((0,12,8,-24,0) (7,15,15,-13,15) (0,0,0,0,0)) is assigned to process 56, has 49152 valid cells and 1425408 ghost cells
   Phase space box ((8,0,0,-12,0) (15,3,7,-1,15) (0,0,0,0,0)) is assigned to process 5, has 49152 valid cells and 1425408 ghost cells
   Phase space box ((0,0,24,-12,0) (7,3,31,-1,15) (0,0,0,0,0)) is assigned to process 97, has 49152 valid cells and 1425408 ghost cells
   Phase space box ((0,12,16,-12,0) (7,15,23,-1,15) (0,0,0,0,0)) is assigned to process 89, has 49152 valid cells and 1425408 ghost cells
   Phase space box ((0,12,8,-12,0) (7,15,15,-1,15) (0,0,0,0,0)) is assigned to process 57, has 49152 valid cells and 1425408 ghost cells
   Phase space box ((0,0,24,0,0) (7,3,31,11,15) (0,0,0,0,0)) is assigned to process 98, has 49152 valid cells and 1425408 ghost cells
   Phase space box ((8,0,0,12,0) (15,3,7,23,15) (0,0,0,0,0)) is assigned to process 7, has 49152 valid cells and 1425408 ghost cells
   Phase space box ((0,0,24,12,0) (7,3,31,23,15) (0,0,0,0,0)) is assigned to process 99, has 49152 valid cells and 1425408 ghost cells
   Phase space box ((0,12,16,0,0) (7,15,23,11,15) (0,0,0,0,0)) is assigned to process 90, has 49152 valid cells and 1425408 ghost cells
   Phase space box ((8,12,8,-24,0) (15,15,15,-13,15) (0,0,0,0,0)) is assigned to process 60, has 49152 valid cells and 1425408 ghost cells
   Phase space box ((0,4,0,-24,0) (7,7,7,-13,15) (0,0,0,0,0)) is assigned to process 8, has 49152 valid cells and 1425408 ghost cells
   Phase space box ((8,0,24,-12,0) (15,3,31,-1,15) (0,0,0,0,0)) is assigned to process 101, has 49152 valid cells and 1425408 ghost cells
   Phase space box ((8,12,8,0,0) (15,15,15,11,15) (0,0,0,0,0)) is assigned to process 62, has 49152 valid cells and 1425408 ghost cells
   Phase space box ((0,12,16,12,0) (7,15,23,23,15) (0,0,0,0,0)) is assigned to process 91, has 49152 valid cells and 1425408 ghost cells
   Phase space box ((0,4,0,-12,0) (7,7,7,-1,15) (0,0,0,0,0)) is assigned to process 9, has 49152 valid cells and 1425408 ghost cells
   Phase space box ((8,0,24,0,0) (15,3,31,11,15) (0,0,0,0,0)) is assigned to process 102, has 49152 valid cells and 1425408 ghost cells
   Phase space box ((0,0,8,-24,0) (7,3,15,-13,15) (0,0,0,0,0)) is assigned to process 32, has 49152 valid cells and 1425408 ghost cells
   Phase space box ((8,12,16,12,0) (15,15,23,23,15) (0,0,0,0,0)) is assigned to process 95, has 49152 valid cells and 1425408 ghost cells
   Phase space box ((0,4,0,0,0) (7,7,7,11,15) (0,0,0,0,0)) is assigned to process 10, has 49152 valid cells and 1425408 ghost cells
   Phase space box ((8,0,24,12,0) (15,3,31,23,15) (0,0,0,0,0)) is assigned to process 103, has 49152 valid cells and 1425408 ghost cells
   Phase space box ((0,0,8,-12,0) (7,3,15,-1,15) (0,0,0,0,0)) is assigned to process 33, has 49152 valid cells and 1425408 ghost cells
   Phase space box ((0,0,16,-24,0) (7,3,23,-13,15) (0,0,0,0,0)) is assigned to process 64, has 49152 valid cells and 1425408 ghost cells
   Phase space box ((0,4,0,12,0) (7,7,7,23,15) (0,0,0,0,0)) is assigned to process 11, has 49152 valid cells and 1425408 ghost cells
   Phase space box ((0,4,24,-24,0) (7,7,31,-13,15) (0,0,0,0,0)) is assigned to process 104, has 49152 valid cells and 1425408 ghost cells
   Phase space box ((8,0,8,0,0) (15,3,15,11,15) (0,0,0,0,0)) is assigned to process 38, has 49152 valid cells and 1425408 ghost cells
   Phase space box ((8,4,0,-24,0) (15,7,7,-13,15) (0,0,0,0,0)) is assigned to process 12, has 49152 valid cells and 1425408 ghost cells
   Phase space box ((0,0,16,-12,0) (7,3,23,-1,15) (0,0,0,0,0)) is assigned to process 65, has 49152 valid cells and 1425408 ghost cells
   Phase space box ((0,4,24,-12,0) (7,7,31,-1,15) (0,0,0,0,0)) is assigned to process 105, has 49152 valid cells and 1425408 ghost cells
   Phase space box ((8,0,8,12,0) (15,3,15,23,15) (0,0,0,0,0)) is assigned to process 39, has 49152 valid cells and 1425408 ghost cells
   Phase space box ((8,4,0,-12,0) (15,7,7,-1,15) (0,0,0,0,0)) is assigned to process 13, has 49152 valid cells and 1425408 ghost cells
   Phase space box ((8,0,16,-24,0) (15,3,23,-13,15) (0,0,0,0,0)) is assigned to process 68, has 49152 valid cells and 1425408 ghost cells
   Phase space box ((0,4,24,0,0) (7,7,31,11,15) (0,0,0,0,0)) is assigned to process 106, has 49152 valid cells and 1425408 ghost cells
   Phase space box ((0,4,8,-24,0) (7,7,15,-13,15) (0,0,0,0,0)) is assigned to process 40, has 49152 valid cells and 1425408 ghost cells
   Phase space box ((8,4,0,0,0) (15,7,7,11,15) (0,0,0,0,0)) is assigned to process 14, has 49152 valid cells and 1425408 ghost cells
   Phase space box ((8,0,16,0,0) (15,3,23,11,15) (0,0,0,0,0)) is assigned to process 70, has 49152 valid cells and 1425408 ghost cells
   Phase space box ((0,4,24,12,0) (7,7,31,23,15) (0,0,0,0,0)) is assigned to process 107, has 49152 valid cells and 1425408 ghost cells
   Phase space box ((0,4,8,-12,0) (7,7,15,-1,15) (0,0,0,0,0)) is assigned to process 41, has 49152 valid cells and 1425408 ghost cells
   Phase space box ((8,4,0,12,0) (15,7,7,23,15) (0,0,0,0,0)) is assigned to process 15, has 49152 valid cells and 1425408 ghost cells
   Phase space box ((8,4,24,-24,0) (15,7,31,-13,15) (0,0,0,0,0)) is assigned to process 108, has 49152 valid cells and 1425408 ghost cells
   Phase space box ((8,0,16,12,0) (15,3,23,23,15) (0,0,0,0,0)) is assigned to process 71, has 49152 valid cells and 1425408 ghost cells
   Phase space box ((8,4,24,0,0) (15,7,31,11,15) (0,0,0,0,0)) is assigned to process 110, has 49152 valid cells and 1425408 ghost cells
   Phase space box ((0,4,8,0,0) (7,7,15,11,15) (0,0,0,0,0)) is assigned to process 42, has 49152 valid cells and 1425408 ghost cells
   Phase space box ((0,8,0,-24,0) (7,11,7,-13,15) (0,0,0,0,0)) is assigned to process 16, has 49152 valid cells and 1425408 ghost cells
   Phase space box ((0,4,16,-12,0) (7,7,23,-1,15) (0,0,0,0,0)) is assigned to process 73, has 49152 valid cells and 1425408 ghost cells
   Phase space box ((8,4,24,12,0) (15,7,31,23,15) (0,0,0,0,0)) is assigned to process 111, has 49152 valid cells and 1425408 ghost cells
   Phase space box ((8,4,8,-24,0) (15,7,15,-13,15) (0,0,0,0,0)) is assigned to process 44, has 49152 valid cells and 1425408 ghost cells
   Phase space box ((0,8,0,-12,0) (7,11,7,-1,15) (0,0,0,0,0)) is assigned to process 17, has 49152 valid cells and 1425408 ghost cells
   Phase space box ((0,4,16,12,0) (7,7,23,23,15) (0,0,0,0,0)) is assigned to process 75, has 49152 valid cells and 1425408 ghost cells
   Phase space box ((0,8,0,0,0) (7,11,7,11,15) (0,0,0,0,0)) is assigned to process 18, has 49152 valid cells and 1425408 ghost cells
   Phase space box ((0,8,24,-12,0) (7,11,31,-1,15) (0,0,0,0,0)) is assigned to process 113, has 49152 valid cells and 1425408 ghost cells
   Phase space box ((8,4,8,-12,0) (15,7,15,-1,15) (0,0,0,0,0)) is assigned to process 45, has 49152 valid cells and 1425408 ghost cells
   Phase space box ((8,4,16,-24,0) (15,7,23,-13,15) (0,0,0,0,0)) is assigned to process 76, has 49152 valid cells and 1425408 ghost cells
   Phase space box ((0,8,0,12,0) (7,11,7,23,15) (0,0,0,0,0)) is assigned to process 19, has 49152 valid cells and 1425408 ghost cells
   Phase space box ((8,8,24,-12,0) (15,11,31,-1,15) (0,0,0,0,0)) is assigned to process 117, has 49152 valid cells and 1425408 ghost cells
   Phase space box ((0,8,8,0,0) (7,11,15,11,15) (0,0,0,0,0)) is assigned to process 50, has 49152 valid cells and 1425408 ghost cells
   Phase space box ((8,4,16,-12,0) (15,7,23,-1,15) (0,0,0,0,0)) is assigned to process 77, has 49152 valid cells and 1425408 ghost cells
   Phase space box ((8,8,0,-12,0) (15,11,7,-1,15) (0,0,0,0,0)) is assigned to process 21, has 49152 valid cells and 1425408 ghost cells
   Phase space box ((8,8,24,0,0) (15,11,31,11,15) (0,0,0,0,0)) is assigned to process 118, has 49152 valid cells and 1425408 ghost cells
   Phase space box ((0,8,8,12,0) (7,11,15,23,15) (0,0,0,0,0)) is assigned to process 51, has 49152 valid cells and 1425408 ghost cells
   Phase space box ((0,12,24,-12,0) (7,15,31,-1,15) (0,0,0,0,0)) is assigned to process 121, has 49152 valid cells and 1425408 ghost cells
   Phase space box ((8,4,16,12,0) (15,7,23,23,15) (0,0,0,0,0)) is assigned to process 79, has 49152 valid cells and 1425408 ghost cells
   Phase space box ((8,8,0,12,0) (15,11,7,23,15) (0,0,0,0,0)) is assigned to process 23, has 49152 valid cells and 1425408 ghost cells
   Phase space box ((8,12,24,-24,0) (15,15,31,-13,15) (0,0,0,0,0)) is assigned to process 124, has 49152 valid cells and 1425408 ghost cells
   Phase space box ((8,8,8,-12,0) (15,11,15,-1,15) (0,0,0,0,0)) is assigned to process 53, has 49152 valid cells and 1425408 ghost cells
   Phase space box ((0,8,16,-24,0) (7,11,23,-13,15) (0,0,0,0,0)) is assigned to process 80, has 49152 valid cells and 1425408 ghost cells
   Phase space box ((0,12,0,-24,0) (7,15,7,-13,15) (0,0,0,0,0)) is assigned to process 24, has 49152 valid cells and 1425408 ghost cells
   Phase space box ((8,12,24,-12,0) (15,15,31,-1,15) (0,0,0,0,0)) is assigned to process 125, has 49152 valid cells and 1425408 ghost cells
   Phase space box ((8,8,8,0,0) (15,11,15,11,15) (0,0,0,0,0)) is assigned to process 54, has 49152 valid cells and 1425408 ghost cells
   Phase space box ((0,12,0,0,0) (7,15,7,11,15) (0,0,0,0,0)) is assigned to process 26, has 49152 valid cells and 1425408 ghost cells
   Phase space box ((0,8,16,0,0) (7,11,23,11,15) (0,0,0,0,0)) is assigned to process 82, has 49152 valid cells and 1425408 ghost cells
   Phase space box ((8,12,24,0,0) (15,15,31,11,15) (0,0,0,0,0)) is assigned to process 126, has 49152 valid cells and 1425408 ghost cells
   Phase space box ((0,12,8,0,0) (7,15,15,11,15) (0,0,0,0,0)) is assigned to process 58, has 49152 valid cells and 1425408 ghost cells
   Phase space box ((0,12,0,12,0) (7,15,7,23,15) (0,0,0,0,0)) is assigned to process 27, has 49152 valid cells and 1425408 ghost cells
   Phase space box ((0,12,16,-24,0) (7,15,23,-13,15) (0,0,0,0,0)) is assigned to process 88, has 49152 valid cells and 1425408 ghost cells
   Phase space box ((0,12,8,12,0) (7,15,15,23,15) (0,0,0,0,0)) is assigned to process 59, has 49152 valid cells and 1425408 ghost cells
   Phase space box ((0,8,24,12,0) (7,11,31,23,15) (0,0,0,0,0)) is assigned to process 115, has 49152 valid cells and 1425408 ghost cells
   Phase space box ((8,12,16,-24,0) (15,15,23,-13,15) (0,0,0,0,0)) is assigned to process 92, has 49152 valid cells and 1425408 ghost cells
   Phase space box ((8,12,8,-12,0) (15,15,15,-1,15) (0,0,0,0,0)) is assigned to process 61, has 49152 valid cells and 1425408 ghost cells
   Phase space box ((8,12,0,-24,0) (15,15,7,-13,15) (0,0,0,0,0)) is assigned to process 28, has 49152 valid cells and 1425408 ghost cells
   Phase space box ((8,12,16,-12,0) (15,15,23,-1,15) (0,0,0,0,0)) is assigned to process 93, has 49152 valid cells and 1425408 ghost cells
   Phase space box ((8,12,8,12,0) (15,15,15,23,15) (0,0,0,0,0)) is assigned to process 63, has 49152 valid cells and 1425408 ghost cells
   Phase space box ((8,12,0,-12,0) (15,15,7,-1,15) (0,0,0,0,0)) is assigned to process 29, has 49152 valid cells and 1425408 ghost cells
   Phase space box ((8,12,16,0,0) (15,15,23,11,15) (0,0,0,0,0)) is assigned to process 94, has 49152 valid cells and 1425408 ghost cells
   Phase space box ((8,0,8,-24,0) (15,3,15,-13,15) (0,0,0,0,0)) is assigned to process 36, has 49152 valid cells and 1425408 ghost cells
   Phase space box ((8,0,0,0,0) (15,3,7,11,15) (0,0,0,0,0)) is assigned to process 6, has 49152 valid cells and 1425408 ghost cells
   Phase space box ((0,4,16,-24,0) (7,7,23,-13,15) (0,0,0,0,0)) is assigned to process 72, has 49152 valid cells and 1425408 ghost cells
Adding species and constructing gyrocenter coordinates...
   hydrogen: kinetic species with mass = 2, charge = 1
Done adding species and constructing coordinates
Adding fluid species...
Done adding congiration space variables
Adding configuration space field variables...
Done adding congiration space variables

SlabPotentialBC ================================
- variable: potential-------------
  radial_lower: 
     bc_type  = 1
     bc_value = 0
  radial_upper: 
     bc_type  = 1
     bc_value = 0
  poloidal_lower: 
     bc_type  = 1
     bc_value = 0
  poloidal_upper: 
     bc_type  = 1
     bc_value = 0
  toroidal_lower: 
     bc_type  = 1
     bc_value = 0
  toroidal_upper: 
     bc_type  = 1
     bc_value = 0
-----------------------------------------------
===============================================

Grid Function Library =========================

"Ion_vpar_grid_func":
Constant grid function parameters:
  value: -2

"N0_grid_func":
Arbitrary grid function parameters:
  function: (1.00+exp(-(x-pi)^2/(2*pi*0.001/0.04)-(y-pi)^2/(2*pi*0.001/0.04)-(z-pi/2)^2/(2*pi*0.0005/0.08)    )   )
  coordinate type: mapped

"T0_grid_func":
Arbitrary grid function parameters:
  function: 0.01
  coordinate type: mapped

"potential_grid_func":
Arbitrary grid function parameters:
  function: ( -0.0000001*sin(y) )
  coordinate type: mapped

===============================================

Kinetic Function Library =========================

"maxwellian_phase_func":
Maxwellian kinetic function parameters:
-- Density --
Arbitrary grid function parameters:
  function: (1.00+exp(-(x-pi)^2/(2*pi*0.001/0.04)-(y-pi)^2/(2*pi*0.001/0.04)-(z-pi/2)^2/(2*pi*0.0005/0.08)    )   )
  coordinate type: mapped

-- Temperature --
Arbitrary grid function parameters:
  function: 0.01
  coordinate type: mapped

-- Vparallel --
Constant grid function parameters:
  value: -2


==================================================

SlabPhaseBC ================================
- variable: hydrogen-------------
  radial_lower: 
Maxwellian kinetic function parameters:
-- Density --
Arbitrary grid function parameters:
  function: (1.00+exp(-(x-pi)^2/(2*pi*0.001/0.04)-(y-pi)^2/(2*pi*0.001/0.04)-(z-pi/2)^2/(2*pi*0.0005/0.08)    )   )
  coordinate type: mapped

-- Temperature --
Arbitrary grid function parameters:
  function: 0.01
  coordinate type: mapped

-- Vparallel --
Constant grid function parameters:
  value: -2


  radial_upper: 
Maxwellian kinetic function parameters:
-- Density --
Arbitrary grid function parameters:
  function: (1.00+exp(-(x-pi)^2/(2*pi*0.001/0.04)-(y-pi)^2/(2*pi*0.001/0.04)-(z-pi/2)^2/(2*pi*0.0005/0.08)    )   )
  coordinate type: mapped

-- Temperature --
Arbitrary grid function parameters:
  function: 0.01
  coordinate type: mapped

-- Vparallel --
Constant grid function parameters:
  value: -2


  poloidal_lower: 
Maxwellian kinetic function parameters:
-- Density --
Arbitrary grid function parameters:
  function: (1.00+exp(-(x-pi)^2/(2*pi*0.001/0.04)-(y-pi)^2/(2*pi*0.001/0.04)-(z-pi/2)^2/(2*pi*0.0005/0.08)    )   )
  coordinate type: mapped

-- Temperature --
Arbitrary grid function parameters:
  function: 0.01
  coordinate type: mapped

-- Vparallel --
Constant grid function parameters:
  value: -2


  poloidal_upper: 
Maxwellian kinetic function parameters:
-- Density --
Arbitrary grid function parameters:
  function: (1.00+exp(-(x-pi)^2/(2*pi*0.001/0.04)-(y-pi)^2/(2*pi*0.001/0.04)-(z-pi/2)^2/(2*pi*0.0005/0.08)    )   )
  coordinate type: mapped

-- Temperature --
Arbitrary grid function parameters:
  function: 0.01
  coordinate type: mapped

-- Vparallel --
Constant grid function parameters:
  value: -2


  toroidal_lower: 
Maxwellian kinetic function parameters:
-- Density --
Arbitrary grid function parameters:
  function: (1.00+exp(-(x-pi)^2/(2*pi*0.001/0.04)-(y-pi)^2/(2*pi*0.001/0.04)-(z-pi/2)^2/(2*pi*0.0005/0.08)    )   )
  coordinate type: mapped

-- Temperature --
Arbitrary grid function parameters:
  function: 0.01
  coordinate type: mapped

-- Vparallel --
Constant grid function parameters:
  value: -2


  toroidal_upper: 
Maxwellian kinetic function parameters:
-- Density --
Arbitrary grid function parameters:
  function: (1.00+exp(-(x-pi)^2/(2*pi*0.001/0.04)-(y-pi)^2/(2*pi*0.001/0.04)-(z-pi/2)^2/(2*pi*0.0005/0.08)    )   )
  coordinate type: mapped

-- Temperature --
Arbitrary grid function parameters:
  function: 0.01
  coordinate type: mapped

-- Vparallel --
Constant grid function parameters:
  value: -2


  vpar_lower: 
Maxwellian kinetic function parameters:
-- Density --
Arbitrary grid function parameters:
  function: (1.00+exp(-(x-pi)^2/(2*pi*0.001/0.04)-(y-pi)^2/(2*pi*0.001/0.04)-(z-pi/2)^2/(2*pi*0.0005/0.08)    )   )
  coordinate type: mapped

-- Temperature --
Arbitrary grid function parameters:
  function: 0.01
  coordinate type: mapped

-- Vparallel --
Constant grid function parameters:
  value: -2


  vpar_upper: 
Maxwellian kinetic function parameters:
-- Density --
Arbitrary grid function parameters:
  function: (1.00+exp(-(x-pi)^2/(2*pi*0.001/0.04)-(y-pi)^2/(2*pi*0.001/0.04)-(z-pi/2)^2/(2*pi*0.0005/0.08)    )   )
  coordinate type: mapped

-- Temperature --
Arbitrary grid function parameters:
  function: 0.01
  coordinate type: mapped

-- Vparallel --
Constant grid function parameters:
  value: -2


  mu_lower: 
Maxwellian kinetic function parameters:
-- Density --
Arbitrary grid function parameters:
  function: (1.00+exp(-(x-pi)^2/(2*pi*0.001/0.04)-(y-pi)^2/(2*pi*0.001/0.04)-(z-pi/2)^2/(2*pi*0.0005/0.08)    )   )
  coordinate type: mapped

-- Temperature --
Arbitrary grid function parameters:
  function: 0.01
  coordinate type: mapped

-- Vparallel --
Constant grid function parameters:
  value: -2


  mu_upper: 
Maxwellian kinetic function parameters:
-- Density --
Arbitrary grid function parameters:
  function: (1.00+exp(-(x-pi)^2/(2*pi*0.001/0.04)-(y-pi)^2/(2*pi*0.001/0.04)-(z-pi/2)^2/(2*pi*0.0005/0.08)    )   )
  coordinate type: mapped

-- Temperature --
Arbitrary grid function parameters:
  function: 0.01
  coordinate type: mapped

-- Vparallel --
Constant grid function parameters:
  value: -2


-----------------------------------------------
===============================================
No collision model specified for hydrogen.
Collision model for 0	hydrogen:	None
Time integration method: rk (4)
  Distribution Function Extrema:
    Species 0:	0.000874809 [max]	0 [min]


Step 1
  --
  Warning: fixed time step may be higher than the stable time step.
  Stable time step = 4.01324e-08.
  You may reduce the specified dt or enable subiteration by setting
  simulation.fixed_dt_subiteration = true (default:false).
  --
  ----
  dt: 0.0025
    Vlasov    : 5.14174e-08 (time scale), 48621.7 (CFL)
    Collisions: 1.79769e+308 (time scale), 0 (CFL)
  ----
  Distribution Function Extrema:
    Species 0:	0.000935217 [max]	-3.37991e-06 [min]

Step 1 completed, simulation time is 0.0025
----

Step 2
  --
  Warning: fixed time step may be higher than the stable time step.
  Stable time step = 4.01324e-08.
  You may reduce the specified dt or enable subiteration by setting
  simulation.fixed_dt_subiteration = true (default:false).
  --
  ----
  dt: 0.0025
    Vlasov    : 5.14174e-08 (time scale), 48621.7 (CFL)
    Collisions: 1.79769e+308 (time scale), 0 (CFL)
  ----
  Distribution Function Extrema:
    Species 0:	0.0009405 [max]	-5.46285e-06 [min]

Step 2 completed, simulation time is 0.005
----

Step 3
  --
  Warning: fixed time step may be higher than the stable time step.
  Stable time step = 4.01324e-08.
  You may reduce the specified dt or enable subiteration by setting
  simulation.fixed_dt_subiteration = true (default:false).
  --
  ----
  dt: 0.0025
    Vlasov    : 5.14174e-08 (time scale), 48621.7 (CFL)
    Collisions: 1.79769e+308 (time scale), 0 (CFL)
  ----
  Distribution Function Extrema:
    Species 0:	0.000914443 [max]	-6.72664e-06 [min]

Step 3 completed, simulation time is 0.0075
----

Step 4
  --
  Warning: fixed time step may be higher than the stable time step.
  Stable time step = 4.01324e-08.
  You may reduce the specified dt or enable subiteration by setting
  simulation.fixed_dt_subiteration = true (default:false).
  --
  ----
  dt: 0.0025
    Vlasov    : 5.14174e-08 (time scale), 48621.7 (CFL)
    Collisions: 1.79769e+308 (time scale), 0 (CFL)
  ----
  Distribution Function Extrema:
    Species 0:	0.000920761 [max]	-1.0726e-05 [min]

Step 4 completed, simulation time is 0.01
----

Step 5
  --
  Warning: fixed time step may be higher than the stable time step.
  Stable time step = 4.01324e-08.
  You may reduce the specified dt or enable subiteration by setting
  simulation.fixed_dt_subiteration = true (default:false).
  --
  ----
  dt: 0.0025
    Vlasov    : 5.14174e-08 (time scale), 48621.7 (CFL)
    Collisions: 1.79769e+308 (time scale), 0 (CFL)
  ----
  Distribution Function Extrema:
    Species 0:	0.000891073 [max]	-3.56097e-05 [min]

Step 5 completed, simulation time is 0.0125
----

Step 6
  --
  Warning: fixed time step may be higher than the stable time step.
  Stable time step = 4.01324e-08.
  You may reduce the specified dt or enable subiteration by setting
  simulation.fixed_dt_subiteration = true (default:false).
  --
  ----
  dt: 0.0025
    Vlasov    : 5.14174e-08 (time scale), 48621.7 (CFL)
    Collisions: 1.79769e+308 (time scale), 0 (CFL)
  ----
  Distribution Function Extrema:
    Species 0:	0.000887872 [max]	-5.35848e-05 [min]

Step 6 completed, simulation time is 0.015
----

Step 7
  --
  Warning: fixed time step may be higher than the stable time step.
  Stable time step = 4.01324e-08.
  You may reduce the specified dt or enable subiteration by setting
  simulation.fixed_dt_subiteration = true (default:false).
  --
  ----
  dt: 0.0025
    Vlasov    : 5.14174e-08 (time scale), 48621.7 (CFL)
    Collisions: 1.79769e+308 (time scale), 0 (CFL)
  ----
  Distribution Function Extrema:
    Species 0:	0.000858079 [max]	-6.31572e-05 [min]

Step 7 completed, simulation time is 0.0175
----

Step 8
  --
  Warning: fixed time step may be higher than the stable time step.
  Stable time step = 4.01324e-08.
  You may reduce the specified dt or enable subiteration by setting
  simulation.fixed_dt_subiteration = true (default:false).
  --
  ----
  dt: 0.0025
    Vlasov    : 5.14174e-08 (time scale), 48621.7 (CFL)
    Collisions: 1.79769e+308 (time scale), 0 (CFL)
  ----
  Distribution Function Extrema:
    Species 0:	0.000861624 [max]	-9.33477e-05 [min]

Step 8 completed, simulation time is 0.02
----

Step 9
  --
  Warning: fixed time step may be higher than the stable time step.
  Stable time step = 4.01324e-08.
  You may reduce the specified dt or enable subiteration by setting
  simulation.fixed_dt_subiteration = true (default:false).
  --
  ----
  dt: 0.0025
    Vlasov    : 5.14174e-08 (time scale), 48621.7 (CFL)
    Collisions: 1.79769e+308 (time scale), 0 (CFL)
  ----
  Distribution Function Extrema:
    Species 0:	0.000831012 [max]	-0.000399487 [min]

Step 9 completed, simulation time is 0.0225
----

Step 10
  --
  Warning: fixed time step may be higher than the stable time step.
  Stable time step = 4.01324e-08.
  You may reduce the specified dt or enable subiteration by setting
  simulation.fixed_dt_subiteration = true (default:false).
  --
  ----
  dt: 0.0025
    Vlasov    : 5.14174e-08 (time scale), 48621.7 (CFL)
    Collisions: 1.79769e+308 (time scale), 0 (CFL)
  ----
  Distribution Function Extrema:
    Species 0:	0.00138114 [max]	-0.00144868 [min]

Step 10 completed, simulation time is 0.025
----
Writing checkpoint file
Writing history file

Step 11
  --
  Warning: fixed time step may be higher than the stable time step.
  Stable time step = 4.01324e-08.
  You may reduce the specified dt or enable subiteration by setting
  simulation.fixed_dt_subiteration = true (default:false).
  --
  ----
  dt: 0.0025
    Vlasov    : 5.14174e-08 (time scale), 48621.7 (CFL)
    Collisions: 1.79769e+308 (time scale), 0 (CFL)
  ----
  Distribution Function Extrema:
    Species 0:	0.00545394 [max]	-0.00487417 [min]

Step 11 completed, simulation time is 0.0275
----

Step 12
  --
  Warning: fixed time step may be higher than the stable time step.
  Stable time step = 4.01324e-08.
  You may reduce the specified dt or enable subiteration by setting
  simulation.fixed_dt_subiteration = true (default:false).
  --
  ----
  dt: 0.0025
    Vlasov    : 5.14174e-08 (time scale), 48621.7 (CFL)
    Collisions: 1.79769e+308 (time scale), 0 (CFL)
  ----
  Distribution Function Extrema:
    Species 0:	0.0192203 [max]	-0.0174946 [min]

Step 12 completed, simulation time is 0.03
----

Step 13
  --
  Warning: fixed time step may be higher than the stable time step.
  Stable time step = 4.01324e-08.
  You may reduce the specified dt or enable subiteration by setting
  simulation.fixed_dt_subiteration = true (default:false).
  --
  ----
  dt: 0.0025
    Vlasov    : 5.14174e-08 (time scale), 48621.7 (CFL)
    Collisions: 1.79769e+308 (time scale), 0 (CFL)
  ----
  Distribution Function Extrema:
    Species 0:	0.0697517 [max]	-0.0670411 [min]

Step 13 completed, simulation time is 0.0325
----

Step 14
  --
  Warning: fixed time step may be higher than the stable time step.
  Stable time step = 4.01324e-08.
  You may reduce the specified dt or enable subiteration by setting
  simulation.fixed_dt_subiteration = true (default:false).
  --
  ----
  dt: 0.0025
    Vlasov    : 5.14174e-08 (time scale), 48621.7 (CFL)
    Collisions: 1.79769e+308 (time scale), 0 (CFL)
  ----
  Distribution Function Extrema:
    Species 0:	0.259973 [max]	-0.251924 [min]

Step 14 completed, simulation time is 0.035
----

Step 15
  --
  Warning: fixed time step may be higher than the stable time step.
  Stable time step = 4.01324e-08.
  You may reduce the specified dt or enable subiteration by setting
  simulation.fixed_dt_subiteration = true (default:false).
  --
  ----
  dt: 0.0025
    Vlasov    : 5.14174e-08 (time scale), 48621.7 (CFL)
    Collisions: 1.79769e+308 (time scale), 0 (CFL)
  ----
  Distribution Function Extrema:
    Species 0:	0.927992 [max]	-0.944764 [min]

Step 15 completed, simulation time is 0.0375
----

Step 16
  --
  Warning: fixed time step may be higher than the stable time step.
  Stable time step = 4.01324e-08.
  You may reduce the specified dt or enable subiteration by setting
  simulation.fixed_dt_subiteration = true (default:false).
  --
  ----
  dt: 0.0025
    Vlasov    : 5.14174e-08 (time scale), 48621.7 (CFL)
    Collisions: 1.79769e+308 (time scale), 0 (CFL)
  ----
  Distribution Function Extrema:
    Species 0:	3.22935 [max]	-3.56279 [min]

Step 16 completed, simulation time is 0.04
----

Step 17
  --
  Warning: fixed time step may be higher than the stable time step.
  Stable time step = 4.01324e-08.
  You may reduce the specified dt or enable subiteration by setting
  simulation.fixed_dt_subiteration = true (default:false).
  --
  ----
  dt: 0.0025
    Vlasov    : 5.14174e-08 (time scale), 48621.7 (CFL)
    Collisions: 1.79769e+308 (time scale), 0 (CFL)
  ----
  Distribution Function Extrema:
    Species 0:	13.3581 [max]	-13.1322 [min]

Step 17 completed, simulation time is 0.0425
----

Step 18
  --
  Warning: fixed time step may be higher than the stable time step.
  Stable time step = 4.01324e-08.
  You may reduce the specified dt or enable subiteration by setting
  simulation.fixed_dt_subiteration = true (default:false).
  --
  ----
  dt: 0.0025
    Vlasov    : 5.14174e-08 (time scale), 48621.7 (CFL)
    Collisions: 1.79769e+308 (time scale), 0 (CFL)
  ----
  Distribution Function Extrema:
    Species 0:	49.6196 [max]	-49.4557 [min]

Step 18 completed, simulation time is 0.045
----

Step 19
  --
  Warning: fixed time step may be higher than the stable time step.
  Stable time step = 4.01324e-08.
  You may reduce the specified dt or enable subiteration by setting
  simulation.fixed_dt_subiteration = true (default:false).
  --
  ----
  dt: 0.0025
    Vlasov    : 5.14174e-08 (time scale), 48621.7 (CFL)
    Collisions: 1.79769e+308 (time scale), 0 (CFL)
  ----
  Distribution Function Extrema:
    Species 0:	196.532 [max]	-189.408 [min]

Step 19 completed, simulation time is 0.0475
----

Step 20
  --
  Warning: fixed time step may be higher than the stable time step.
  Stable time step = 4.01324e-08.
  You may reduce the specified dt or enable subiteration by setting
  simulation.fixed_dt_subiteration = true (default:false).
  --
  ----
  dt: 0.0025
    Vlasov    : 5.14174e-08 (time scale), 48621.7 (CFL)
    Collisions: 1.79769e+308 (time scale), 0 (CFL)
  ----
  Distribution Function Extrema:
    Species 0:	775.643 [max]	-700.561 [min]

Step 20 completed, simulation time is 0.05
----
Writing checkpoint file
Writing history file

Step 21
  --
  Warning: fixed time step may be higher than the stable time step.
  Stable time step = 4.01324e-08.
  You may reduce the specified dt or enable subiteration by setting
  simulation.fixed_dt_subiteration = true (default:false).
  --
  ----
  dt: 0.0025
    Vlasov    : 5.14174e-08 (time scale), 48621.7 (CFL)
    Collisions: 1.79769e+308 (time scale), 0 (CFL)
  ----
  Distribution Function Extrema:
    Species 0:	2707.18 [max]	-3008.32 [min]

Step 21 completed, simulation time is 0.0525
----

Step 22
  --
  Warning: fixed time step may be higher than the stable time step.
  Stable time step = 4.01324e-08.
  You may reduce the specified dt or enable subiteration by setting
  simulation.fixed_dt_subiteration = true (default:false).
  --
  ----
  dt: 0.0025
    Vlasov    : 5.14174e-08 (time scale), 48621.7 (CFL)
    Collisions: 1.79769e+308 (time scale), 0 (CFL)
  ----
  Distribution Function Extrema:
    Species 0:	11456.3 [max]	-11060 [min]

Step 22 completed, simulation time is 0.055
----

Step 23
  --
  Warning: fixed time step may be higher than the stable time step.
  Stable time step = 4.01324e-08.
  You may reduce the specified dt or enable subiteration by setting
  simulation.fixed_dt_subiteration = true (default:false).
  --
  ----
  dt: 0.0025
    Vlasov    : 5.14174e-08 (time scale), 48621.7 (CFL)
    Collisions: 1.79769e+308 (time scale), 0 (CFL)
  ----
  Distribution Function Extrema:
    Species 0:	44297.3 [max]	-44847.8 [min]

Step 23 completed, simulation time is 0.0575
----

Step 24
  --
  Warning: fixed time step may be higher than the stable time step.
  Stable time step = 4.01324e-08.
  You may reduce the specified dt or enable subiteration by setting
  simulation.fixed_dt_subiteration = true (default:false).
  --
  ----
  dt: 0.0025
    Vlasov    : 5.14174e-08 (time scale), 48621.7 (CFL)
    Collisions: 1.79769e+308 (time scale), 0 (CFL)
  ----
  Distribution Function Extrema:
    Species 0:	161124 [max]	-176648 [min]

Step 24 completed, simulation time is 0.06
----

Step 25
  --
  Warning: fixed time step may be higher than the stable time step.
  Stable time step = 4.01324e-08.
  You may reduce the specified dt or enable subiteration by setting
  simulation.fixed_dt_subiteration = true (default:false).
  --
  ----
  dt: 0.0025
    Vlasov    : 5.14174e-08 (time scale), 48621.7 (CFL)
    Collisions: 1.79769e+308 (time scale), 0 (CFL)
  ----
  Distribution Function Extrema:
    Species 0:	698077 [max]	-665697 [min]

Step 25 completed, simulation time is 0.0625
----

Step 26
  --
  Warning: fixed time step may be higher than the stable time step.
  Stable time step = 4.01324e-08.
  You may reduce the specified dt or enable subiteration by setting
  simulation.fixed_dt_subiteration = true (default:false).
  --
  ----
  dt: 0.0025
    Vlasov    : 5.14174e-08 (time scale), 48621.7 (CFL)
    Collisions: 1.79769e+308 (time scale), 0 (CFL)
  ----
  Distribution Function Extrema:
    Species 0:	2.72126e+06 [max]	-2.67039e+06 [min]

Step 26 completed, simulation time is 0.065
----

Step 27
  --
  Warning: fixed time step may be higher than the stable time step.
  Stable time step = 4.01324e-08.
  You may reduce the specified dt or enable subiteration by setting
  simulation.fixed_dt_subiteration = true (default:false).
  --
  ----
  dt: 0.0025
    Vlasov    : 5.14174e-08 (time scale), 48621.7 (CFL)
    Collisions: 1.79769e+308 (time scale), 0 (CFL)
  ----
  Distribution Function Extrema:
    Species 0:	1.00987e+07 [max]	-1.04544e+07 [min]

Step 27 completed, simulation time is 0.0675
----

Step 28
  --
  Warning: fixed time step may be higher than the stable time step.
  Stable time step = 4.01324e-08.
  You may reduce the specified dt or enable subiteration by setting
  simulation.fixed_dt_subiteration = true (default:false).
  --
  ----
  dt: 0.0025
    Vlasov    : 5.14174e-08 (time scale), 48621.7 (CFL)
    Collisions: 1.79769e+308 (time scale), 0 (CFL)
  ----
  Distribution Function Extrema:
    Species 0:	4.16171e+07 [max]	-4.27813e+07 [min]

Step 28 completed, simulation time is 0.07
----

Step 29
  --
  Warning: fixed time step may be higher than the stable time step.
  Stable time step = 4.01324e-08.
  You may reduce the specified dt or enable subiteration by setting
  simulation.fixed_dt_subiteration = true (default:false).
  --
  ----
  dt: 0.0025
    Vlasov    : 5.14174e-08 (time scale), 48621.7 (CFL)
    Collisions: 1.79769e+308 (time scale), 0 (CFL)
  ----
  Distribution Function Extrema:
    Species 0:	1.67181e+08 [max]	-1.59841e+08 [min]

Step 29 completed, simulation time is 0.0725
----

Step 30
  --
  Warning: fixed time step may be higher than the stable time step.
  Stable time step = 4.01324e-08.
  You may reduce the specified dt or enable subiteration by setting
  simulation.fixed_dt_subiteration = true (default:false).
  --
  ----
  dt: 0.0025
    Vlasov    : 5.14174e-08 (time scale), 48621.7 (CFL)
    Collisions: 1.79769e+308 (time scale), 0 (CFL)
  ----
  Distribution Function Extrema:
    Species 0:	6.63586e+08 [max]	-6.52653e+08 [min]

Step 30 completed, simulation time is 0.075
----
Writing checkpoint file
Writing history file

Step 31
  --
  Warning: fixed time step may be higher than the stable time step.
  Stable time step = 4.01324e-08.
  You may reduce the specified dt or enable subiteration by setting
  simulation.fixed_dt_subiteration = true (default:false).
  --
  ----
  dt: 0.0025
    Vlasov    : 5.14174e-08 (time scale), 48621.7 (CFL)
    Collisions: 1.79769e+308 (time scale), 0 (CFL)
  ----
  Distribution Function Extrema:
    Species 0:	2.70463e+09 [max]	-2.76712e+09 [min]

Step 31 completed, simulation time is 0.0775
----

Step 32
  --
  Warning: fixed time step may be higher than the stable time step.
  Stable time step = 4.01324e-08.
  You may reduce the specified dt or enable subiteration by setting
  simulation.fixed_dt_subiteration = true (default:false).
  --
  ----
  dt: 0.0025
    Vlasov    : 5.14174e-08 (time scale), 48621.7 (CFL)
    Collisions: 1.79769e+308 (time scale), 0 (CFL)
  ----
  Distribution Function Extrema:
    Species 0:	1.01715e+10 [max]	-1.12457e+10 [min]

Step 32 completed, simulation time is 0.08
----

Step 33
  --
  Warning: fixed time step may be higher than the stable time step.
  Stable time step = 4.01324e-08.
  You may reduce the specified dt or enable subiteration by setting
  simulation.fixed_dt_subiteration = true (default:false).
  --
  ----
  dt: 0.0025
    Vlasov    : 5.14174e-08 (time scale), 48621.7 (CFL)
    Collisions: 1.79769e+308 (time scale), 0 (CFL)
  ----
  Distribution Function Extrema:
    Species 0:	4.16488e+10 [max]	-4.40773e+10 [min]

Step 33 completed, simulation time is 0.0825
----

Step 34
  --
  Warning: fixed time step may be higher than the stable time step.
  Stable time step = 4.01324e-08.
  You may reduce the specified dt or enable subiteration by setting
  simulation.fixed_dt_subiteration = true (default:false).
  --
  ----
  dt: 0.0025
    Vlasov    : 5.14174e-08 (time scale), 48621.7 (CFL)
    Collisions: 1.79769e+308 (time scale), 0 (CFL)
  ----
  Distribution Function Extrema:
    Species 0:	1.82891e+11 [max]	-1.80497e+11 [min]

Step 34 completed, simulation time is 0.085
----

Step 35
  --
  Warning: fixed time step may be higher than the stable time step.
  Stable time step = 4.01324e-08.
  You may reduce the specified dt or enable subiteration by setting
  simulation.fixed_dt_subiteration = true (default:false).
  --
  ----
  dt: 0.0025
    Vlasov    : 5.14174e-08 (time scale), 48621.7 (CFL)
    Collisions: 1.79769e+308 (time scale), 0 (CFL)
  ----
  Distribution Function Extrema:
    Species 0:	7.27359e+11 [max]	-6.65798e+11 [min]

Step 35 completed, simulation time is 0.0875
----

Step 36
  --
  Warning: fixed time step may be higher than the stable time step.
  Stable time step = 4.01324e-08.
  You may reduce the specified dt or enable subiteration by setting
  simulation.fixed_dt_subiteration = true (default:false).
  --
  ----
  dt: 0.0025
    Vlasov    : 5.14174e-08 (time scale), 48621.7 (CFL)
    Collisions: 1.79769e+308 (time scale), 0 (CFL)
  ----
  Distribution Function Extrema:
    Species 0:	2.8763e+12 [max]	-2.70916e+12 [min]

Step 36 completed, simulation time is 0.09
----

Step 37
  --
  Warning: fixed time step may be higher than the stable time step.
  Stable time step = 4.01324e-08.
  You may reduce the specified dt or enable subiteration by setting
  simulation.fixed_dt_subiteration = true (default:false).
  --
  ----
  dt: 0.0025
    Vlasov    : 5.14174e-08 (time scale), 48621.7 (CFL)
    Collisions: 1.79769e+308 (time scale), 0 (CFL)
  ----
  Distribution Function Extrema:
    Species 0:	1.14217e+13 [max]	-1.16091e+13 [min]

Step 37 completed, simulation time is 0.0925
----

Step 38
  --
  Warning: fixed time step may be higher than the stable time step.
  Stable time step = 4.01324e-08.
  You may reduce the specified dt or enable subiteration by setting
  simulation.fixed_dt_subiteration = true (default:false).
  --
  ----
  dt: 0.0025
    Vlasov    : 5.14174e-08 (time scale), 48621.7 (CFL)
    Collisions: 1.79769e+308 (time scale), 0 (CFL)
  ----
  Distribution Function Extrema:
    Species 0:	4.10226e+13 [max]	-4.54461e+13 [min]

Step 38 completed, simulation time is 0.095
----

Step 39
  --
  Warning: fixed time step may be higher than the stable time step.
  Stable time step = 4.01324e-08.
  You may reduce the specified dt or enable subiteration by setting
  simulation.fixed_dt_subiteration = true (default:false).
  --
  ----
  dt: 0.0025
    Vlasov    : 5.14174e-08 (time scale), 48621.7 (CFL)
    Collisions: 1.79769e+308 (time scale), 0 (CFL)
  ----
  Distribution Function Extrema:
    Species 0:	1.69954e+14 [max]	-1.75985e+14 [min]

Step 39 completed, simulation time is 0.0975
----

Step 40
  --
  Warning: fixed time step may be higher than the stable time step.
  Stable time step = 4.01324e-08.
  You may reduce the specified dt or enable subiteration by setting
  simulation.fixed_dt_subiteration = true (default:false).
  --
  ----
  dt: 0.0025
    Vlasov    : 5.14174e-08 (time scale), 48621.7 (CFL)
    Collisions: 1.79769e+308 (time scale), 0 (CFL)
  ----
  Distribution Function Extrema:
    Species 0:	6.95654e+14 [max]	-6.76917e+14 [min]

Step 40 completed, simulation time is 0.1
----
Writing checkpoint file
Writing history file

Step 41
  --
  Warning: fixed time step may be higher than the stable time step.
  Stable time step = 4.01324e-08.
  You may reduce the specified dt or enable subiteration by setting
  simulation.fixed_dt_subiteration = true (default:false).
  --
  ----
  dt: 0.0025
    Vlasov    : 5.14174e-08 (time scale), 48621.7 (CFL)
    Collisions: 1.79769e+308 (time scale), 0 (CFL)
  ----
  Distribution Function Extrema:
    Species 0:	2.67809e+15 [max]	-2.50526e+15 [min]

Step 41 completed, simulation time is 0.1025
----

Step 42
  --
  Warning: fixed time step may be higher than the stable time step.
  Stable time step = 4.01324e-08.
  You may reduce the specified dt or enable subiteration by setting
  simulation.fixed_dt_subiteration = true (default:false).
  --
  ----
  dt: 0.0025
    Vlasov    : 5.14174e-08 (time scale), 48621.7 (CFL)
    Collisions: 1.79769e+308 (time scale), 0 (CFL)
  ----
  Distribution Function Extrema:
    Species 0:	1.01443e+16 [max]	-1.01267e+16 [min]

Step 42 completed, simulation time is 0.105
----

Step 43
  --
  Warning: fixed time step may be higher than the stable time step.
  Stable time step = 4.01324e-08.
  You may reduce the specified dt or enable subiteration by setting
  simulation.fixed_dt_subiteration = true (default:false).
  --
  ----
  dt: 0.0025
    Vlasov    : 5.14174e-08 (time scale), 48621.7 (CFL)
    Collisions: 1.79769e+308 (time scale), 0 (CFL)
  ----
  Distribution Function Extrema:
    Species 0:	3.81334e+16 [max]	-4.02965e+16 [min]

Step 43 completed, simulation time is 0.1075
----

Step 44
  --
  Warning: fixed time step may be higher than the stable time step.
  Stable time step = 4.01324e-08.
  You may reduce the specified dt or enable subiteration by setting
  simulation.fixed_dt_subiteration = true (default:false).
  --
  ----
  dt: 0.0025
    Vlasov    : 5.14174e-08 (time scale), 48621.7 (CFL)
    Collisions: 1.79769e+308 (time scale), 0 (CFL)
  ----
  Distribution Function Extrema:
    Species 0:	1.45841e+17 [max]	-1.49528e+17 [min]

Step 44 completed, simulation time is 0.11
----

Step 45
  --
  Warning: fixed time step may be higher than the stable time step.
  Stable time step = 4.01324e-08.
  You may reduce the specified dt or enable subiteration by setting
  simulation.fixed_dt_subiteration = true (default:false).
  --
  ----
  dt: 0.0025
    Vlasov    : 5.14174e-08 (time scale), 48621.7 (CFL)
    Collisions: 1.79769e+308 (time scale), 0 (CFL)
  ----
  Distribution Function Extrema:
    Species 0:	5.70565e+17 [max]	-5.61645e+17 [min]

Step 45 completed, simulation time is 0.1125
----

Step 46
  --
  Warning: fixed time step may be higher than the stable time step.
  Stable time step = 4.01324e-08.
  You may reduce the specified dt or enable subiteration by setting
  simulation.fixed_dt_subiteration = true (default:false).
  --
  ----
  dt: 0.0025
    Vlasov    : 5.14174e-08 (time scale), 48621.7 (CFL)
    Collisions: 1.79769e+308 (time scale), 0 (CFL)
  ----
  Distribution Function Extrema:
    Species 0:	2.22606e+18 [max]	-2.20384e+18 [min]

Step 46 completed, simulation time is 0.115
----

Step 47
  --
  Warning: fixed time step may be higher than the stable time step.
  Stable time step = 4.01324e-08.
  You may reduce the specified dt or enable subiteration by setting
  simulation.fixed_dt_subiteration = true (default:false).
  --
  ----
  dt: 0.0025
    Vlasov    : 5.14174e-08 (time scale), 48621.7 (CFL)
    Collisions: 1.79769e+308 (time scale), 0 (CFL)
  ----
  Distribution Function Extrema:
    Species 0:	8.62112e+18 [max]	-8.77943e+18 [min]

Step 47 completed, simulation time is 0.1175
----

Step 48
  --
  Warning: fixed time step may be higher than the stable time step.
  Stable time step = 4.01324e-08.
  You may reduce the specified dt or enable subiteration by setting
  simulation.fixed_dt_subiteration = true (default:false).
  --
  ----
  dt: 0.0025
    Vlasov    : 5.14174e-08 (time scale), 48621.7 (CFL)
    Collisions: 1.79769e+308 (time scale), 0 (CFL)
  ----
  Distribution Function Extrema:
    Species 0:	3.50732e+19 [max]	-3.27475e+19 [min]

Step 48 completed, simulation time is 0.12
----
slurmstepd: *** JOB 2419929 ON nid00826 CANCELLED AT 2016-06-02T15:00:59 ***
srun: got SIGCONT
srun: forcing job termination
slurmstepd: *** STEP 2419929.0 ON nid00826 CANCELLED AT 2016-06-02T15:00:59 ***
srun: Job step aborted: Waiting up to 32 seconds for job step to finish.
srun: forcing job termination
srun: got SIGCONT
