** GKUnits ***********************************************************

==== Fundamental Units ===============================================
  NUMBER DENSITY    [1/m^3]: 1e+20
  TEMPERATURE           [eV]: 1000
  LENGTH                [m]: 1
  MASS                 [AMU]: 1
  MAGNETIC FIELD        [T]: 1
  CHARGE                [C]: 1.60218e-19
  BOLTZMANN CONSTANT  [J/K]: 1.38065e-23
  ELECTRIC CONSTANT   [F/m]: 8.85419e-12
  MAGNETIC CONSTANT   [H/m]: 1.25664e-06

==== Derived Units ===================================================

  THERMAL SPEED       [m/s]: 309497
  TRANSIT TIME          [s]: 3.23105e-06
  MAGNETIC MOMENT     [J/T]: 8.01088e-17
  DIST. FUNCTION [s/(Am^6)]: 1073.7
  POTENTIAL             [V]: 1000
  GYROFREQUENCY       [1/s]: 9.57883e+07
  GYRORADIUS            [m]: 0.00323105
  DEBYE LENGTH          [m]: 2.35082e-05

==== Dimensionless Parameters =========================================

  LARMOR NUMBER            : 0.00323105
  DEBYE NUMBER             : 2.35082e-05

***********************************************************************
**** cellSp[0] = 0.0981748,  cellSp[1] = 0.0981748
**** dimensions = 64, 64
**** cellSp[0] = 0.0981748,  cellSp[1] = 0.0981748
**** dimensions = 64, 64
**** cellSp[0] = 0.0981748,  cellSp[1] = 0.0981748
**** dimensions = 64, 64
**** cellSp[0] = 0.0981748,  cellSp[1] = 0.0981748
**** dimensions = 64, 64
**** cellSp[0] = 0.0981748,  cellSp[1] = 0.0981748
**** dimensions = 64, 64
**** cellSp[0] = 0.0981748,  cellSp[1] = 0.0981748
**** dimensions = 64, 64
**** cellSp[0] = 0.0981748,  cellSp[1] = 0.0981748
**** dimensions = 64, 64
**** cellSp[0] = 0.0981748,  cellSp[1] = 0.0981748
**** dimensions = 64, 64
Constructing slab geometry...
xmax = 0.02, ymax = 0.02
Bz_inner = 3, Bz_outer = 3
By_inner  = 0
**** cellSp[0] = 0.0981748,  cellSp[1] = 0.0981748
**** dimensions = 64, 64
Done constructing slab geometry
**** cellSp[0] = 0.0981748,  cellSp[1] = 0.0981748
**** dimensions = 64, 64
**** cellSp[0] = 0.0981748,  cellSp[1] = 0.0981748
**** dimensions = 64, 64
**** cellSp[0] = 0.0981748,  cellSp[1] = 0.0981748
**** dimensions = 64, 64
**** cellSp[0] = 0.0981748,  cellSp[1] = 0.0981748
**** dimensions = 64, 64
**** cellSp[0] = 0.0981748,  cellSp[1] = 0.0981748
**** dimensions = 64, 64
**** cellSp[0] = 0.0981748,  cellSp[1] = 0.0981748
**** dimensions = 64, 64
**** cellSp[0] = 0.0981748,  cellSp[1] = 0.0981748
**** dimensions = 64, 64
**** cellSp[0] = 0.0981748,  cellSp[1] = 0.0981748
**** dimensions = 64, 64
**** cellSp[0] = 0.0981748,  cellSp[1] = 0.0981748
**** dimensions = 64, 64
**** cellSp[0] = 0.0981748,  cellSp[1] = 0.0981748
**** dimensions = 64, 64
**** cellSp[0] = 0.0981748,  cellSp[1] = 0.0981748
**** dimensions = 64, 64
**** cellSp[0] = 0.0981748,  cellSp[1] = 0.0981748
**** dimensions = 64, 64
**** cellSp[0] = 0.0981748,  cellSp[1] = 0.0981748
**** dimensions = 64, 64
**** cellSp[0] = 0.0981748,  cellSp[1] = 0.0981748
**** dimensions = 64, 64
**** cellSp[0] = 0.0981748,  cellSp[1] = 0.0981748
**** dimensions = 64, 64
**** cellSp[0] = 0.0981748,  cellSp[1] = 0.0981748
**** dimensions = 64, 64
**** cellSp[0] = 0.0981748,  cellSp[1] = 0.0981748
**** dimensions = 64, 64
**** cellSp[0] = 0.0981748,  cellSp[1] = 0.0981748
**** dimensions = 64, 64
**** cellSp[0] = 0.0981748,  cellSp[1] = 0.0981748
**** dimensions = 64, 64
**** cellSp[0] = 0.0981748,  cellSp[1] = 0.0981748
**** dimensions = 64, 64
**** cellSp[0] = 0.0981748,  cellSp[1] = 0.0981748
**** dimensions = 64, 64
**** cellSp[0] = 0.0981748,  cellSp[1] = 0.0981748
**** dimensions = 64, 64
**** cellSp[0] = 0.0981748,  cellSp[1] = 0.0981748
**** dimensions = 64, 64
**** cellSp[0] = 0.0981748,  cellSp[1] = 0.0981748
**** dimensions = 64, 64
**** cellSp[0] = 0.0981748,  cellSp[1] = 0.0981748
**** dimensions = 64, 64
**** cellSp[0] = 0.0981748,  cellSp[1] = 0.0981748
**** dimensions = 64, 64
**** cellSp[0] = 0.0981748,  cellSp[1] = 0.0981748
**** dimensions = 64, 64
**** cellSp[0] = 0.0981748,  cellSp[1] = 0.0981748
**** dimensions = 64, 64
**** cellSp[0] = 0.0981748,  cellSp[1] = 0.0981748
**** dimensions = 64, 64
**** cellSp[0] = 0.0981748,  cellSp[1] = 0.0981748
**** dimensions = 64, 64
**** cellSp[0] = 0.0981748,  cellSp[1] = 0.0981748
**** dimensions = 64, 64
**** cellSp[0] = 0.0981748,  cellSp[1] = 0.0981748
**** dimensions = 64, 64
**** cellSp[0] = 0.0981748,  cellSp[1] = 0.0981748
**** dimensions = 64, 64
**** cellSp[0] = 0.0981748,  cellSp[1] = 0.0981748
**** dimensions = 64, 64
**** cellSp[0] = 0.0981748,  cellSp[1] = 0.0981748
**** dimensions = 64, 64
**** cellSp[0] = 0.0981748,  cellSp[1] = 0.0981748
**** dimensions = 64, 64
**** cellSp[0] = 0.0981748,  cellSp[1] = 0.0981748
**** dimensions = 64, 64
**** cellSp[0] = 0.0981748,  cellSp[1] = 0.0981748
**** dimensions = 64, 64
**** cellSp[0] = 0.0981748,  cellSp[1] = 0.0981748
**** dimensions = 64, 64
**** cellSp[0] = 0.0981748,  cellSp[1] = 0.0981748
**** dimensions = 64, 64
**** cellSp[0] = 0.0981748,  cellSp[1] = 0.0981748
**** dimensions = 64, 64
**** cellSp[0] = 0.0981748,  cellSp[1] = 0.0981748
**** dimensions = 64, 64
**** cellSp[0] = 0.0981748,  cellSp[1] = 0.0981748
**** dimensions = 64, 64
**** cellSp[0] = 0.0981748,  cellSp[1] = 0.0981748
**** dimensions = 64, 64
**** cellSp[0] = 0.0981748,  cellSp[1] = 0.0981748
**** dimensions = 64, 64
**** cellSp[0] = 0.0981748,  cellSp[1] = 0.0981748
**** dimensions = 64, 64
**** cellSp[0] = 0.0981748,  cellSp[1] = 0.0981748
**** dimensions = 64, 64
**** cellSp[0] = 0.0981748,  cellSp[1] = 0.0981748
**** dimensions = 64, 64
**** cellSp[0] = 0.0981748,  cellSp[1] = 0.0981748
**** dimensions = 64, 64
**** cellSp[0] = 0.0981748,  cellSp[1] = 0.0981748
**** dimensions = 64, 64
**** cellSp[0] = 0.0981748,  cellSp[1] = 0.0981748
**** dimensions = 64, 64
**** cellSp[0] = 0.0981748,  cellSp[1] = 0.0981748
**** dimensions = 64, 64
**** cellSp[0] = 0.0981748,  cellSp[1] = 0.0981748
**** dimensions = 64, 64
**** cellSp[0] = 0.0981748,  cellSp[1] = 0.0981748
**** dimensions = 64, 64
**** cellSp[0] = 0.0981748,  cellSp[1] = 0.0981748
**** dimensions = 64, 64
   Configuration space box ((0,0) (7,7) (0,0)) is assigned to process 0
   Configuration space box ((8,0) (15,7) (0,0)) is assigned to process 1
   Configuration space box ((16,0) (23,7) (0,0)) is assigned to process 2
   Configuration space box ((24,0) (31,7) (0,0)) is assigned to process 3
   Configuration space box ((32,0) (39,7) (0,0)) is assigned to process 4
   Configuration space box ((40,0) (47,7) (0,0)) is assigned to process 5
   Configuration space box ((48,0) (55,7) (0,0)) is assigned to process 6
   Configuration space box ((56,0) (63,7) (0,0)) is assigned to process 7
   Configuration space box ((0,8) (7,15) (0,0)) is assigned to process 8
   Configuration space box ((8,8) (15,15) (0,0)) is assigned to process 9
   Configuration space box ((16,8) (23,15) (0,0)) is assigned to process 10
   Configuration space box ((24,8) (31,15) (0,0)) is assigned to process 11
   Configuration space box ((32,8) (39,15) (0,0)) is assigned to process 12
   Configuration space box ((40,8) (47,15) (0,0)) is assigned to process 13
   Configuration space box ((48,8) (55,15) (0,0)) is assigned to process 14
   Configuration space box ((56,8) (63,15) (0,0)) is assigned to process 15
   Configuration space box ((0,16) (7,23) (0,0)) is assigned to process 16
   Configuration space box ((8,16) (15,23) (0,0)) is assigned to process 17
   Configuration space box ((16,16) (23,23) (0,0)) is assigned to process 18
   Configuration space box ((24,16) (31,23) (0,0)) is assigned to process 19
   Configuration space box ((32,16) (39,23) (0,0)) is assigned to process 20
   Configuration space box ((40,16) (47,23) (0,0)) is assigned to process 21
   Configuration space box ((48,16) (55,23) (0,0)) is assigned to process 22
   Configuration space box ((56,   Phase space box ((48,32,-32,0) (55,39,31,31) (0,0,0,0)) is assigned to process 38, has 131072 valid cells and 606208 ghost cells
   Phase space box ((24,48,-32,0) (31,55,31,31) (0,0,0,0)) is assigned to process 51, has 131072 valid cells and 606208 ghost cells
   Phase space box ((32,32,-32,0) (39,39,31,31) (0,0,0,0)) is assigned to process 36, has 131072 valid cells and 606208 ghost cells
   Phase space box ((40,32,-32,0) (47,39,31,31) (0,0,0,0)) is assigned to process 37, has 131072 valid cells and 606208 ghost cells
   Phase space box ((16,40,-32,0) (23,47,31,31) (0,0,0,0)) is assigned to process 42, has 131072 valid cells and 606208 ghost cells
   Phase space box ((32,40,-32,0) (39,47,31,31) (0,0,0,0)) is assigned to process 44, has 131072 valid cells and 606208 ghost cells
   Phase space box ((40,40,-32,0) (47,47,31,31) (0,0,0,0)) is assigned to process 45, has 131072 valid cells and 606208 ghost cells
   Phase space box ((48,40,-32,0) (55,47,31,31) (0,0,0,0)) is assigned to process 46, has 131072 valid cells and 606208 ghost cells
   Phase space box ((8,48,-32,0) (15,55,31,31) (0,0,0,0)) is assigned to process 49, has 131072 valid cells and 606208 ghost cells
   Phase space box ((40,48,-32,0) (47,55,31,31) (0,0,0,0)) is assigned to process 53, has 131072 valid cells and 606208 ghost cells
   Phase space box ((48,48,-32,0) (55,55,31,31) (0,0,0,0)) is assigned to process 54, has 131072 valid cells and 606208 ghost cells
   Phase space box ((40,56,-32,0) (47,63,31,31) (0,0,0,0)) is assigned to process 61, has 131072 valid cells and 606208 ghost cells
   Phase space box ((56,56,-32,0) (63,63,31,31) (0,0,0,0)) is assigned to process 63, has 131072 valid cells and 606208 ghost cells
   Phase space box ((0,32,-32,0) (7,39,31,31) (0,0,0,0)) is assigned to process 32, has 131072 valid cells and 606208 ghost cells
   Phase space box ((8,32,-32,0) (15,39,31,31) (0,0,0,0)) is assigned to process 33, has 131072 valid cells and 606208 ghost cells
   Phase space box ((16,32,-32,0) (23,39,31,31) (0,0,0,0)) is assigned to process 34, has 131072 valid cells and 606208 ghost cells
   Phase space box ((24,32,-32,0) (31,39,31,31) (0,0,0,0)) is assigned to process 35, has 131072 valid cells and 606208 ghost cells
   Phase space box ((0,40,-32,0) (7,47,31,31) (0,0,0,0)) is assigned to process 40, has 131072 valid cells and 606208 ghost cells
   Phase space box ((8,40,-32,0) (15,47,31,31) (0,0,0,0)) is assigned to process 41, has 131072 valid cells and 606208 ghost cells
   Phase space box ((24,40,-32,0) (31,47,31,31) (0,0,0,0)) is assigned to process 43, has 131072 valid cells and 606208 ghost cells
   Phase space box ((56,40,-32,0) (63,47,31,31) (0,0,0,0)) is assigned to process 47, has 131072 valid cells and 606208 ghost cells
   Phase space box ((0,48,-32,0) (7,55,31,31) (0,0,0,0)) is assigned to process 48, has 131072 valid cells and 606208 ghost cells
   Phase space box ((32,48,-32,0) (39,55,31,31) (0,0,0,0)) is assigned to process 52, has 131072 valid cells and 606208 ghost cells
   Phase space box ((56,48,-32,0) (63,55,31,31) (0,0,0,0)) is assigned to process 55, has 131072 valid cells and 606208 ghost cells
   Phase space box ((0,56,-32,0) (7,63,31,31) (0,0,0,0)) is assigned to process 56, has 131072 valid cells and 606208 ghost cells
   Phase space box ((8,56,-32,0) (15,63,31,31) (0,0,0,0)) is assigned to process 57, has 131072 valid cells and 606208 ghost cells
   Phase space box ((16,56,-32,0) (23,63,31,31) (0,0,0,0)) is assigned to process 58, has 131072 valid cells and 606208 ghost cells
   Phase space box ((24,56,-32,0) (31,63,31,31) (0,0,0,0)) is assigned to process 59, has 131072 valid cells and 606208 ghost cells
   Phase space box ((48,56,-32,0) (55,63,31,31) (0,0,0,0)) is assigned to process 62, has 131072 valid cells and 606208 ghost cells
   Phase space box ((56,32,-32,0) (63,39,31,31) (0,0,0,0)) is assigned to process 39, has 131072 valid cells and 606208 ghost cells
   Phase space box ((16,48,-32,0) (23,55,31,31) (0,0,0,0)) is assigned to process 50, has 131072 valid cells and 606208 ghost cells
   Phase space box ((32,56,-32,0) (39,63,31,31) (0,0,0,0)) is assigned to process 60, has 131072 valid cells and 606208 ghost cells
16) (63,23) (0,0)) is assigned to process 23
   Configuration space box ((0,24) (7,31) (0,0)) is assigned to process 24
   Configuration space box ((8,24) (15,31) (0,0)) is assigned to process 25
   Configuration space box ((16,24) (23,31) (0,0)) is assigned to process 26
   Configuration space box ((24,24) (31,31) (0,0)) is assigned to process 27
   Configuration space box ((32,24) (39,31) (0,0)) is assigned to process 28
   Configuration space box ((40,24) (47,31) (0,0)) is assigned to process 29
   Configuration space box ((48,24) (55,31) (0,0)) is assigned to process 30
   Configuration space box ((56,24) (63,31) (0,0)) is assigned to process 31
   Configuration space box ((0,32) (7,39) (0,0)) is assigned to process 32
   Configuration space box ((8,32) (15,39) (0,0)) is assigned to process 33
   Configuration space box ((16,32) (23,39) (0,0)) is assigned to process 34
   Configuration space box ((24,32) (31,39) (0,0)) is assigned to process 35
   Configuration space box ((32,32) (39,39) (0,0)) is assigned to process 36
   Configuration space box ((40,32) (47,39) (0,0)) is assigned to process 37
   Configuration space box ((48,32) (55,39) (0,0)) is assigned to process 38
   Configuration space box ((56,32) (63,39) (0,0)) is assigned to process 39
   Configuration space box ((0,40) (7,47) (0,0)) is assigned to process 40
   Configuration space box ((8,40) (15,47) (0,0)) is assigned to process 41
   Configuration space box ((16,40) (23,47) (0,0)) is assigned to process 42
   Configuration space box ((24,40) (31,47) (0,0)) is assigned to process 43
   Configuration space box ((32,40) (39,47) (0,0)) is assigned to process 44
   Configuration space box ((40,40) (47,47) (0,0)) is assigned to process 45
   Configuration space box ((48,40) (55,47) (0,0)) is assigned to process 46
   Configuration space box ((56,40) (63,47) (0,0)) is assigned to process 47
   Configuration space box ((0,48) (7,55) (0,0)) is assigned to process 48
   Configuration space box ((8,48) (15,55) (0,0)) is assigned to process 49
   Configuration space box ((16,48) (23,55) (0,0)) is assigned to process 50
   Configuration space box ((24,48) (31,55) (0,0)) is assigned to process 51
   Configuration space box ((32,48) (39,55) (0,0)) is assigned to process 52
   Configuration space box ((40,48) (47,55) (0,0)) is assigned to process 53
   Configuration space box ((48,48) (55,55) (0,0)) is assigned to process 54
   Configuration space box ((56,48) (63,55) (0,0)) is assigned to process 55
   Configuration space box ((0,56) (7,63) (0,0)) is assigned to process 56
   Configuration space box ((8,56) (15,63) (0,0)) is assigned to process 57
   Configuration space box ((16,56) (23,63) (0,0)) is assigned to process 58
   Configuration space box ((24,56) (31,63) (0,0)) is assigned to process 59
   Configuration space box ((32,56) (39,63) (0,0)) is assigned to process 60
   Configuration space box ((40,56) (47,63) (0,0)) is assigned to process 61
   Configuration space box ((48,56) (55,63) (0,0)) is assigned to process 62
   Configuration space box ((56,56) (63,63) (0,0)) is assigned to process 63
Constructing magnetic geometry
Done constructing magnetic geometry
   Velocity space box ((-32,0) (-25,7) (0,0)) is assigned to process 0
   Velocity space box ((-24,0) (-17,7) (0,0)) is assigned to process 1
   Velocity space box ((-16,0) (-9,7) (0,0)) is assigned to process 2
   Velocity space box ((-8,0) (-1,7) (0,0)) is assigned to process 3
   Velocity space box ((0,0) (7,7) (0,0)) is assigned to process 4
   Velocity space box ((8,0) (15,7) (0,0)) is assigned to process 5
   Velocity space box ((16,0) (23,7) (0,0)) is assigned to process 6
   Velocity space box ((24,0) (31,7) (0,0)) is assigned to process 7
   Velocity space box ((-32,8) (-25,15) (0,0)) is assigned to process 8
   Velocity space box ((-24,8) (-17,15) (0,0)) is assigned to process 9
   Velocity space box ((-16,8) (-9,15) (0,0)) is assigned to process 10
   Velocity space box ((-8,8) (-1,15) (0,0)) is assigned to process 11
   Velocity space box ((0,8) (7,15) (0,0)) is assigned to process 12
   Velocity space box ((8,8) (15,15) (0,0)) is assigned to process 13
   Velocity space box ((16,8) (23,15) (0,0)) is assigned to process 14
   Velocity space box ((24,8) (31,15) (0,0)) is assigned to process 15
   Velocity space box ((-32,16) (-25,23) (0,0)) is assigned to process 16
   Velocity space box ((-24,16) (-17,23) (0,0)) is assigned to process 17
   Velocity space box ((-16,16) (-9,23) (0,0)) is assigned to process 18
   Velocity space box ((-8,16) (-1,23) (0,0)) is assigned to process 19
   Velocity space box ((0,16) (7,23) (0,0)) is assigned to process 20
   Velocity space box ((8,16) (15,23) (0,0)) is assigned to process 21
   Velocity space box ((16,16) (23,23) (0,0)) is assigned to process 22
   Velocity space box ((24,16) (31,23) (0,0)) is assigned to process 23
   Velocity space box ((-32,24) (-25,31) (0,0)) is assigned to process 24
   Velocity space box ((-24,24) (-17,31) (0,0)) is assigned to process 25
   Velocity space box ((-16,24) (-9,31) (0,0)) is assigned to process 26
   Velocity space box ((-8,24) (-1,31) (0,0)) is assigned to process 27
   Velocity space box ((0,24) (7,31) (0,0)) is assigned to process 28
   Velocity space box ((8,24) (15,31) (0,0)) is assigned to process 29
   Velocity space box ((16,24) (23,31) (0,0)) is assigned to process 30
   Velocity space box ((24,24) (31,31) (0,0)) is assigned to process 31
   Phase space box ((40,16,-32,0) (47,23,31,31) (0,0,0,0)) is assigned to process 21, has 131072 valid cells and 606208 ghost cells
   Phase space box ((16,0,-32,0) (23,7,31,31) (0,0,0,0)) is assigned to process 2, has 131072 valid cells and 606208 ghost cells
   Phase space box ((24,0,-32,0) (31,7,31,31) (0,0,0,0)) is assigned to process 3, has 131072 valid cells and 606208 ghost cells
   Phase space box ((32,0,-32,0) (39,7,31,31) (0,0,0,0)) is assigned to process 4, has 131072 valid cells and 606208 ghost cells
   Phase space box ((40,0,-32,0) (47,7,31,31) (0,0,0,0)) is assigned to process 5, has 131072 valid cells and 606208 ghost cells
   Phase space box ((48,0,-32,0) (55,7,31,31) (0,0,0,0)) is assigned to process 6, has 131072 valid cells and 606208 ghost cells
   Phase space box ((56,0,-32,0) (63,7,31,31) (0,0,0,0)) is assigned to process 7, has 131072 valid cells and 606208 ghost cells
   Phase space box ((0,8,-32,0) (7,15,31,31) (0,0,0,0)) is assigned to process 8, has 131072 valid cells and 606208 ghost cells
   Phase space box ((8,8,-32,0) (15,15,31,31) (0,0,0,0)) is assigned to process 9, has 131072 valid cells and 606208 ghost cells
   Phase space box ((32,8,-32,0) (39,15,31,31) (0,0,0,0)) is assigned to process 12, has 131072 valid cells and 606208 ghost cells
   Phase space box ((40,8,-32,0) (47,15,31,31) (0,0,0,0)) is assigned to process 13, has 131072 valid cells and 606208 ghost cells
   Phase space box ((56,8,-32,0) (63,15,31,31) (0,0,0,0)) is assigned to process 15, has 131072 valid cells and 606208 ghost cells
   Phase space box ((8,16,-32,0) (15,23,31,31) (0,0,0,0)) is assigned to process 17, has 131072 valid cells and 606208 ghost cells
   Phase space box ((16,16,-32,0) (23,23,31,31) (0,0,0,0)) is assigned to process 18, has 131072 valid cells and 606208 ghost cells
   Phase space box ((32,16,-32,0) (39,23,31,31) (0,0,0,0)) is assigned to process 20, has 131072 valid cells and 606208 ghost cells
   Phase space box ((0,24,-32,0) (7,31,31,31) (0,0,0,0)) is assigned to process 24, has 131072 valid cells and 606208 ghost cells
   Phase space box ((16,24,-32,0) (23,31,31,31) (0,0,0,0)) is assigned to process 26, has 131072 valid cells and 606208 ghost cells
   Phase space box ((40,24,-32,0) (47,31,31,31) (0,0,0,0)) is assigned to process 29, has 131072 valid cells and 606208 ghost cells
   Phase space box ((48,24,-32,0) (55,31,31,31) (0,0,0,0)) is assigned to process 30, has 131072 valid cells and 606208 ghost cells
   Phase space box ((0,0,-32,0) (7,7,31,31) (0,0,0,0)) is assigned to process 0, has 131072 valid cells and 606208 ghost cells
   Phase space box ((8,0,-32,0) (15,7,31,31) (0,0,0,0)) is assigned to process 1, has 131072 valid cells and 606208 ghost cells
   Phase space box ((16,8,-32,0) (23,15,31,31) (0,0,0,0)) is assigned to process 10, has 131072 valid cells and 606208 ghost cells
   Phase space box ((24,8,-32,0) (31,15,31,31) (0,0,0,0)) is assigned to process 11, has 131072 valid cells and 606208 ghost cells
   Phase space box ((48,8,-32,0) (55,15,31,31) (0,0,0,0)) is assigned to process 14, has 131072 valid cells and 606208 ghost cells
   Phase space box ((0,16,-32,0) (7,23,31,31) (0,0,0,0)) is assigned to process 16, has 131072 valid cells and 606208 ghost cells
   Phase space box ((24,16,-32,0) (31,23,31,31) (0,0,0,0)) is assigned to process 19, has 131072 valid cells and 606208 ghost cells
   Phase space box ((48,16,-32,0) (55,23,31,31) (0,0,0,0)) is assigned to process 22, has 131072 valid cells and 606208 ghost cells
   Phase space box ((8,24,-32,0) (15,31,31,31) (0,0,0,0)) is assigned to process 25, has 131072 valid cells and 606208 ghost cells
   Phase space box ((24,24,-32,0) (31,31,31,31) (0,0,0,0)) is assigned to process 27, has 131072 valid cells and 606208 ghost cells
   Phase space box ((32,24,-32,0) (39,31,31,31) (0,0,0,0)) is assigned to process 28, has 131072 valid cells and 606208 ghost cells
   Phase space box ((56,24,-32,0) (63,31,31,31) (0,0,0,0)) is assigned to process 31, has 131072 valid cells and 606208 ghost cells
   Phase space box ((56,16,-32,0) (63,23,31,31) (0,0,0,0)) is assigned to process 23, has 131072 valid cells and 606208 ghost cells
Adding species and constructing gyrocenter coordinates...
   hydrogen: kinetic species with mass = 2, charge = 1
Done adding species and constructing coordinates

Grid Function Library =========================

"Ion_vpar_grid_func":
Constant grid function parameters:
  value: 0

"N0_grid_func":
Arbitrary grid function parameters:
  function: 1.0*exp(-(x-pi)/(2*pi*0.01/0.02))+0.001*cos(2*y)*exp(-(x-pi)/(2*pi*0.01/0.02))

"T0_grid_func":
Cosine grid function parameters:
  constant: 0.2
  amplitude: 0
  mode: (1,0)
  phase: (0,0)

"eN0_grid_func":
Arbitrary grid function parameters:
  function: 1.0*exp(-(x-pi)/(2*pi*0.01/0.02))

"eT0_grid_func":
Cosine grid function parameters:
  constant: 0.2
  amplitude: 0
  mode: (1,0)
  phase: (0,0)

"ele_vpar_grid_func":
Constant grid function parameters:
  value: 0

"zero_grid_func":
Constant grid function parameters:
  value: 0

===============================================

Kinetic Function Library =========================

"maxwellian_electron_phase_func":
Maxwellian kinetic function parameters:
-- Density --
Arbitrary grid function parameters:
  function: 1.0*exp(-(x-pi)/(2*pi*0.01/0.02))

-- Temperature --
Cosine grid function parameters:
  constant: 0.2
  amplitude: 0
  mode: (1,0)
  phase: (0,0)

-- Vparallel --
Constant grid function parameters:
  value: 0


"maxwellian_phase_func":
Maxwellian kinetic function parameters:
-- Density --
Arbitrary grid function parameters:
  function: 1.0*exp(-(x-pi)/(2*pi*0.01/0.02))+0.001*cos(2*y)*exp(-(x-pi)/(2*pi*0.01/0.02))

-- Temperature --
Cosine grid function parameters:
  constant: 0.2
  amplitude: 0
  mode: (1,0)
  phase: (0,0)

-- Vparallel --
Constant grid function parameters:
  value: 0


==================================================

SlabPotentialBC ================================
- variable: potential-------------
  radial_lower: 
     bc_type  = 1
     bc_value = 0
  radial_upper: 
     bc_type  = 1
     bc_value = 0
  poloidal_lower: 
     bc_type  = 1
     bc_value = 0
  poloidal_upper: 
     bc_type  = 1
     bc_value = 0
-----------------------------------------------
===============================================

SlabPhaseBC ================================
- variable: hydrogen-------------
  radial_lower: 
Maxwellian kinetic function parameters:
-- Density --
Arbitrary grid function parameters:
  function: 1.0*exp(-(x-pi)/(2*pi*0.01/0.02))+0.001*cos(2*y)*exp(-(x-pi)/(2*pi*0.01/0.02))

-- Temperature --
Cosine grid function parameters:
  constant: 0.2
  amplitude: 0
  mode: (1,0)
  phase: (0,0)

-- Vparallel --
Constant grid function parameters:
  value: 0


  radial_upper: 
Maxwellian kinetic function parameters:
-- Density --
Arbitrary grid function parameters:
  function: 1.0*exp(-(x-pi)/(2*pi*0.01/0.02))+0.001*cos(2*y)*exp(-(x-pi)/(2*pi*0.01/0.02))

-- Temperature --
Cosine grid function parameters:
  constant: 0.2
  amplitude: 0
  mode: (1,0)
  phase: (0,0)

-- Vparallel --
Constant grid function parameters:
  value: 0


  poloidal_lower: 
Maxwellian kinetic function parameters:
-- Density --
Arbitrary grid function parameters:
  function: 1.0*exp(-(x-pi)/(2*pi*0.01/0.02))+0.001*cos(2*y)*exp(-(x-pi)/(2*pi*0.01/0.02))

-- Temperature --
Cosine grid function parameters:
  constant: 0.2
  amplitude: 0
  mode: (1,0)
  phase: (0,0)

-- Vparallel --
Constant grid function parameters:
  value: 0


  poloidal_upper: 
Maxwellian kinetic function parameters:
-- Density --
Arbitrary grid function parameters:
  function: 1.0*exp(-(x-pi)/(2*pi*0.01/0.02))+0.001*cos(2*y)*exp(-(x-pi)/(2*pi*0.01/0.02))

-- Temperature --
Cosine grid function parameters:
  constant: 0.2
  amplitude: 0
  mode: (1,0)
  phase: (0,0)

-- Vparallel --
Constant grid function parameters:
  value: 0


  vpar_lower: 
Maxwellian kinetic function parameters:
-- Density --
Arbitrary grid function parameters:
  function: 1.0*exp(-(x-pi)/(2*pi*0.01/0.02))+0.001*cos(2*y)*exp(-(x-pi)/(2*pi*0.01/0.02))

-- Temperature --
Cosine grid function parameters:
  constant: 0.2
  amplitude: 0
  mode: (1,0)
  phase: (0,0)

-- Vparallel --
Constant grid function parameters:
  value: 0


  vpar_upper: 
Maxwellian kinetic function parameters:
-- Density --
Arbitrary grid function parameters:
  function: 1.0*exp(-(x-pi)/(2*pi*0.01/0.02))+0.001*cos(2*y)*exp(-(x-pi)/(2*pi*0.01/0.02))

-- Temperature --
Cosine grid function parameters:
  constant: 0.2
  amplitude: 0
  mode: (1,0)
  phase: (0,0)

-- Vparallel --
Constant grid function parameters:
  value: 0


  mu_lower: 
Maxwellian kinetic function parameters:
-- Density --
Arbitrary grid function parameters:
  function: 1.0*exp(-(x-pi)/(2*pi*0.01/0.02))+0.001*cos(2*y)*exp(-(x-pi)/(2*pi*0.01/0.02))

-- Temperature --
Cosine grid function parameters:
  constant: 0.2
  amplitude: 0
  mode: (1,0)
  phase: (0,0)

-- Vparallel --
Constant grid function parameters:
  value: 0


  mu_upper: 
Maxwellian kinetic function parameters:
-- Density --
Arbitrary grid function parameters:
  function: 1.0*exp(-(x-pi)/(2*pi*0.01/0.02))+0.001*cos(2*y)*exp(-(x-pi)/(2*pi*0.01/0.02))

-- Temperature --
Cosine grid function parameters:
  constant: 0.2
  amplitude: 0
  mode: (1,0)
  phase: (0,0)

-- Vparallel --
Constant grid function parameters:
  value: 0


-----------------------------------------------
===============================================
No collision model specified for hydrogen.
Collision model for 0	hydrogen:	None
Time integration method: rk (4)
      AMG solver residual = 0.00091127 after 2 iterations
      AMG solver residual = 0.00333865 after 2 iterations
      AMG solver residual = 0.00344316 after 2 iterations
      AMG solver residual = 0.00326536 after 2 iterations
      AMG solver residual = 0.000600797 after 2 iterations
      AMG solver residual = 0.000527529 after 2 iterations
      AMG solver residual = 0.000529297 after 2 iterations
      AMG solver residual = 0.000486827 after 2 iterations
  Distribution Function Extrema:
    Species 0:	0.000428247 [max]	-1.8262e-36 [min]


Step 1
      AMG solver residual = 0.000462054 after 2 iterations
  --
  Subiteration:1 of 1
      AMG solver residual = 0.00166091 after 2 iterations
      AMG solver residual = 0.00163048 after 2 iterations
      AMG solver residual = 0.00161705 after 2 iterations
      AMG solver residual = 0.00165249 after 2 iterations
      AMG solver residual = 0.00161391 after 2 iterations
      AMG solver residual = 0.00160095 after 2 iterations
      AMG solver residual = 0.00346089 after 2 iterations
      AMG solver residual = 0.00151666 after 2 iterations
      AMG solver residual = 0.00410675 after 1 iterations
      AMG solver residual = 0.00283838 after 1 iterations
      AMG solver residual = 0.00142235 after 2 iterations
      AMG solver residual = 0.00311362 after 2 iterations
      AMG solver residual = 0.00336672 after 2 iterations
      AMG solver residual = 0.00303439 after 2 iterations
      AMG solver residual = 0.00319103 after 2 iterations
      AMG solver residual = 0.00318347 after 2 iterations
      AMG solver residual = 0.00457734 after 2 iterations
      AMG solver residual = 0.0011971 after 2 iterations
      AMG solver residual = 0.00462528 after 2 iterations
      AMG solver residual = 0.00486464 after 2 iterations
      AMG solver residual = 0.00486899 after 2 iterations
      AMG solver residual = 0.00477402 after 2 iterations
      AMG solver residual = 0.00476857 after 2 iterations
      AMG solver residual = 0.00514313 after 2 iterations
      AMG solver residual = 0.00339368 after 2 iterations
      AMG solver residual = 0.00365381 after 1 iterations
      AMG solver residual = 0.00381102 after 1 iterations
      AMG solver residual = 0.00136599 after 2 iterations
      AMG solver residual = 0.00382474 after 2 iterations
      AMG solver residual = 0.00455636 after 2 iterations
      AMG solver residual = 0.00429898 after 2 iterations
      AMG solver residual = 0.00476042 after 2 iterations
      AMG solver residual = 0.00325586 after 2 iterations
      AMG solver residual = 0.00475494 after 2 iterations
      AMG solver residual = 0.00202328 after 2 iterations
      AMG solver residual = 0.00110212 after 2 iterations
      AMG solver residual = 0.00296163 after 2 iterations
      AMG solver residual = 0.00443362 after 2 iterations
      AMG solver residual = 0.00440396 after 2 iterations
      AMG solver residual = 0.00452792 after 2 iterations
      AMG solver residual = 0.00439463 after 2 iterations
      AMG solver residual = 0.00349373 after 2 iterations
      AMG solver residual = 0.00464227 after 1 iterations
      AMG solver residual = 0.00330655 after 1 iterations
  ----
  dt: -1
    dt scales:  2.73867 (Vlasov)  1.79769e+308 (Collisions)  
    CFL:  -0.36514 (Vlasov)  -0 (Collisions)
  ----
  Distribution Function Extrema:
    Species 0:	0.000456543 [max]	-2.02707e-36 [min]

Step 1 completed, simulation time is 0.05
----

Step 2
      AMG solver residual = 0.00146358 after 2 iterations
      AMG solver residual = 0.00246491 after 2 iterations
      AMG solver residual = 0.00358573 after 2 iterations
      AMG solver residual = 0.00372492 after 2 iterations
      AMG solver residual = 0.00385063 after 2 iterations
      AMG solver residual = 0.00460825 after 2 iterations
      AMG solver residual = 0.00401093 after 2 iterations
      AMG solver residual = 0.00174877 after 2 iterations
      AMG solver residual = 0.000930743 after 2 iterations
      AMG solver residual = 0.00227336 after 2 iterations
      AMG solver residual = 0.00379545 after 2 iterations
      AMG solver residual = 0.00370977 after 2 iterations
      AMG solver residual = 0.00382411 after 2 iterations
      AMG solver residual = 0.00378073 after 2 iterations
      AMG solver residual = 0.00308437 after 2 iterations
      AMG solver residual = 0.00238429 after 2 iterations
      AMG solver residual = 0.00305322 after 2 iterations
      AMG solver residual = 0.00305103 after 2 iterations
      AMG solver residual = 0.00291384 after 2 iterations
      AMG solver residual = 0.00291403 after 2 iterations
      AMG solver residual = 0.00168433 after 2 iterations
      AMG solver residual = 0.00176595 after 2 iterations
      AMG solver residual = 0.00151605 after 2 iterations
      AMG solver residual = 0.00156083 after 2 iterations
      AMG solver residual = 0.00144746 after 2 iterations
      AMG solver residual = 0.00112318 after 2 iterations
      AMG solver residual = 0.00190905 after 2 iterations
      AMG solver residual = 0.00167464 after 2 iterations
      AMG solver residual = 0.00325804 after 2 iterations
      AMG solver residual = 0.00325755 after 2 iterations
      AMG solver residual = 0.0033958 after 2 iterations
      AMG solver residual = 0.00339635 after 2 iterations
      AMG solver residual = 0.00511431 after 2 iterations
      AMG solver residual = 0.005109 after 2 iterations
      AMG solver residual = 0.00288594 after 2 iterations
      AMG solver residual = 0.00208008 after 2 iterations
      AMG solver residual = 0.00329963 after 2 iterations
      AMG solver residual = 0.00334645 after 2 iterations
      AMG solver residual = 0.00449172 after 1 iterations
      AMG solver residual = 0.00387485 after 1 iterations
  --
  Specified time step is higher than stable time step. Using subiterations.
  5 subiterations will be made with sub_dt = 0.01
  You may disable this by setting simulation.fixed_dt_subiteration = false.
  --
  --
  Subiteration:1 of 5
      AMG solver residual = 0.00210775 after 2 iterations
      AMG solver residual = 0.00339725 after 2 iterations
      AMG solver residual = 0.00397863 after 2 iterations
      AMG solver residual = 0.00362897 after 2 iterations
      AMG solver residual = 0.00459576 after 2 iterations
      AMG solver residual = 0.00538149 after 2 iterations
      AMG solver residual = 0.00366841 after 2 iterations
      AMG solver residual = 0.00236791 after 2 iterations
      AMG solver residual = 0.00140888 after 2 iterations
      AMG solver residual = 0.00234942 after 2 iterations
      AMG solver residual = 0.00352004 after 2 iterations
      AMG solver residual = 0.00348289 after 2 iterations
      AMG solver residual = 0.00296226 after 2 iterations
      AMG solver residual = 0.00270341 after 2 iterations
      AMG solver residual = 0.00134301 after 2 iterations
      AMG solver residual = 0.00209611 after 2 iterations
      AMG solver residual = 0.00199508 after 2 iterations
      AMG solver residual = 0.00199139 after 2 iterations
      AMG solver residual = 0.00195095 after 2 iterations
      AMG solver residual = 0.00194959 after 2 iterations
      AMG solver residual = 0.00308152 after 2 iterations
      AMG solver residual = 0.00254468 after 2 iterations
      AMG solver residual = 0.00343462 after 2 iterations
      AMG solver residual = 0.00351562 after 2 iterations
      AMG solver residual = 0.00245754 after 2 iterations
      AMG solver residual = 0.00359447 after 2 iterations
      AMG solver residual = 0.00171008 after 2 iterations
      AMG solver residual = 0.00143326 after 2 iterations
      AMG solver residual = 0.00360993 after 2 iterations
      AMG solver residual = 0.0036086 after 2 iterations
      AMG solver residual = 0.00325046 after 2 iterations
      AMG solver residual = 0.00324679 after 2 iterations
      AMG solver residual = 0.00364423 after 2 iterations
      AMG solver residual = 0.00389578 after 2 iterations
      AMG solver residual = 0.0032513 after 2 iterations
      AMG solver residual = 0.00244716 after 2 iterations
      AMG solver residual = 0.00388581 after 2 iterations
      AMG solver residual = 0.00389518 after 2 iterations
      AMG solver residual = 0.00356757 after 2 iterations
      AMG solver residual = 0.00356577 after 2 iterations
      AMG solver residual = 0.0045441 after 2 iterations
      AMG solver residual = 0.00452294 after 2 iterations
      AMG solver residual = 0.00554587 after 2 iterations
      AMG solver residual = 0.00553493 after 2 iterations
      AMG solver residual = 0.00169049 after 2 iterations
      AMG solver residual = 0.00207287 after 2 iterations
      AMG solver residual = 0.00170326 after 2 iterations
      AMG solver residual = 0.0032453 after 2 iterations
      AMG solver residual = 0.000716938 after 2 iterations
      AMG solver residual = 0.0028012 after 2 iterations
      AMG solver residual = 0.00355214 after 2 iterations
      AMG solver residual = 0.00350527 after 2 iterations
      AMG solver residual = 0.00331632 after 2 iterations
      AMG solver residual = 0.00374244 after 2 iterations
      AMG solver residual = 0.00535285 after 2 iterations
      AMG solver residual = 0.00489856 after 2 iterations
      AMG solver residual = 0.00323605 after 2 iterations
      AMG solver residual = 0.00399919 after 2 iterations
      AMG solver residual = 0.00461551 after 2 iterations
      AMG solver residual = 0.00463865 after 2 iterations
      AMG solver residual = 0.00463583 after 2 iterations
      AMG solver residual = 0.00461186 after 2 iterations
      AMG solver residual = 0.00261391 after 2 iterations
      AMG solver residual = 0.0026138 after 2 iterations
      AMG solver residual = 0.00269632 after 2 iterations
      AMG solver residual = 0.00270339 after 2 iterations
      AMG solver residual = 0.000558351 after 2 iterations
      AMG solver residual = 0.00053939 after 2 iterations
      AMG solver residual = 0.00140543 after 2 iterations
      AMG solver residual = 0.00203779 after 2 iterations
      AMG solver residual = 0.00258376 after 2 iterations
      AMG solver residual = 0.000818919 after 2 iterations
      AMG solver residual = 0.00144369 after 2 iterations
      AMG solver residual = 0.0014188 after 2 iterations
      AMG solver residual = 0.000724319 after 2 iterations
      AMG solver residual = 0.00155789 after 2 iterations
      AMG solver residual = 0.00233707 after 2 iterations
      AMG solver residual = 0.00249083 after 2 iterations
      AMG solver residual = 0.00443896 after 2 iterations
      AMG solver residual = 0.00445158 after 2 iterations
      AMG solver residual = 0.00341184 after 2 iterations
      AMG solver residual = 0.00364977 after 2 iterations
      AMG solver residual = 0.0047747 after 2 iterations
      AMG solver residual = 0.0048324 after 2 iterations
      AMG solver residual = 0.00280373 after 2 iterations
      AMG solver residual = 0.00443652 after 2 iterations
      AMG solver residual = 0.00471923 after 2 iterations
      AMG solver residual = 0.0047132 after 2 iterations
      AMG solver residual = 0.00130635 after 2 iterations
      AMG solver residual = 0.00137102 after 2 iterations
      AMG solver residual = 0.00223785 after 2 iterations
      AMG solver residual = 0.0099497 after 1 iterations
      AMG solver residual = 0.0016709 after 2 iterations
      AMG solver residual = 0.00257353 after 2 iterations
      AMG solver residual = 0.00321542 after 2 iterations
      AMG solver residual = 0.00383352 after 2 iterations
      AMG solver residual = 0.00391784 after 2 iterations
      AMG solver residual = 0.00384595 after 2 iterations
      AMG solver residual = 0.0026348 after 2 iterations
      AMG solver residual = 0.00054694 after 2 iterations
      AMG solver residual = 0.0032819 after 2 iterations
      AMG solver residual = 0.00423673 after 2 iterations
      AMG solver residual = 0.00448737 after 2 iterations
      AMG solver residual = 0.0037711 after 2 iterations
      AMG solver residual = 0.00400409 after 2 iterations
      AMG solver residual = 0.00210752 after 2 iterations
      AMG solver residual = 0.00215399 after 2 iterations
      AMG solver residual = 0.00609119 after 2 iterations
      AMG solver residual = 0.00609459 after 2 iterations
      AMG solver residual = 0.00317178 after 2 iterations
      AMG solver residual = 0.00353973 after 2 iterations
      AMG solver residual = 0.00250955 after 2 iterations
      AMG solver residual = 0.0024899 after 2 iterations
      AMG solver residual = 0.0038977 after 2 iterations
      AMG solver residual = 0.0037312 after 2 iterations
      AMG solver residual = 0.0021534 after 2 iterations
      AMG solver residual = 0.00187187 after 2 iterations
      AMG solver residual = 0.00814518 after 1 iterations
      AMG solver residual = 0.00817763 after 1 iterations
      AMG solver residual = 0.00244957 after 2 iterations
      AMG solver residual = 0.00220329 after 2 iterations
      AMG solver residual = 0.00156447 after 2 iterations
      AMG solver residual = 0.001491 after 2 iterations
      AMG solver residual = 0.00167159 after 2 iterations
      AMG solver residual = 0.00159982 after 2 iterations
      AMG solver residual = 0.00437037 after 2 iterations
      AMG solver residual = 0.00434914 after 2 iterations
      AMG solver residual = 0.00476018 after 2 iterations
      AMG solver residual = 0.00506977 after 2 iterations
      AMG solver residual = 0.00422848 after 2 iterations
      AMG solver residual = 0.00414135 after 2 iterations
      AMG solver residual = 0.00267733 after 2 iterations
      AMG solver residual = 0.00266121 after 2 iterations
      AMG solver residual = 0.0057705 after 2 iterations
      AMG solver residual = 0.0057635 after 2 iterations
      AMG solver residual = 0.00415962 after 2 iterations
      AMG solver residual = 0.00415491 after 2 iterations
      AMG solver residual = 0.00401854 after 2 iterations
      AMG solver residual = 0.00981491 after 1 iterations
      AMG solver residual = 0.00232992 after 1 iterations
      AMG solver residual = 0.00337024 after 2 iterations
      AMG solver residual = 0.00305245 after 2 iterations
      AMG solver residual = 0.00242072 after 2 iterations
      AMG solver residual = 0.00385242 after 2 iterations
      AMG solver residual = 0.00356369 after 2 iterations
      AMG solver residual = 0.00110079 after 2 iterations
      AMG solver residual = 0.00112248 after 2 iterations
      AMG solver residual = 0.00256198 after 2 iterations
      AMG solver residual = 0.00259901 after 2 iterations
      AMG solver residual = 0.00251586 after 2 iterations
      AMG solver residual = 0.00251036 after 2 iterations
      AMG solver residual = 0.00346455 after 2 iterations
      AMG solver residual = 0.00345411 after 2 iterations
      AMG solver residual = 0.00336868 after 2 iterations
      AMG solver residual = 0.00336776 after 2 iterations
      AMG solver residual = 0.00324861 after 2 iterations
      AMG solver residual = 0.00311184 after 2 iterations
      AMG solver residual = 0.00398232 after 2 iterations
      AMG solver residual = 0.00452189 after 2 iterations
      AMG solver residual = 0.00327842 after 2 iterations
      AMG solver residual = 0.00341585 after 2 iterations
      AMG solver residual = 0.00291447 after 2 iterations
      AMG solver residual = 0.00287555 after 2 iterations
      AMG solver residual = 0.00376342 after 2 iterations
      AMG solver residual = 0.00375728 after 2 iterations
      AMG solver residual = 0.00359745 after 2 iterations
      AMG solver residual = 0.00367426 after 2 iterations
      AMG solver residual = 0.000844143 after 2 iterations
      AMG solver residual = 0.00108024 after 2 iterations
      AMG solver residual = 0.00347723 after 2 iterations
      AMG solver residual = 0.00379011 after 2 iterations
      AMG solver residual = 0.00365739 after 2 iterations
      AMG solver residual = 0.00104981 after 2 iterations
      AMG solver residual = 0.00885207 after 1 iterations
      AMG solver residual = 0.00796518 after 1 iterations
      AMG solver residual = 0.00237812 after 2 iterations
      AMG solver residual = 0.00150812 after 2 iterations
      AMG solver residual = 0.0013131 after 2 iterations
      AMG solver residual = 0.00173595 after 2 iterations
      AMG solver residual = 0.00132781 after 1 iterations
      AMG solver residual = 0.00136984 after 1 iterations
      AMG solver residual = 0.000874928 after 2 iterations
      AMG solver residual = 0.00284044 after 2 iterations
      AMG solver residual = 0.00354576 after 2 iterations
      AMG solver residual = 0.00364545 after 2 iterations
      AMG solver residual = 0.0037105 after 2 iterations
      AMG solver residual = 0.0036543 after 2 iterations
      AMG solver residual = 0.00270128 after 2 iterations
      AMG solver residual = 0.00532314 after 1 iterations
      AMG solver residual = 0.00244434 after 2 iterations
      AMG solver residual = 0.00322188 after 2 iterations
      AMG solver residual = 0.00315344 after 2 iterations
      AMG solver residual = 0.00345708 after 2 iterations
      AMG solver residual = 0.00365764 after 2 iterations
      AMG solver residual = 0.000749 after 2 iterations
      AMG solver residual = 0.00558709 after 2 iterations
      AMG solver residual = 0.0025518 after 2 iterations
      AMG solver residual = 0.00115367 after 2 iterations
      AMG solver residual = 0.00199561 after 2 iterations
      AMG solver residual = 0.00212688 after 2 iterations
      AMG solver residual = 0.00185453 after 2 iterations
      AMG solver residual = 0.00788385 after 1 iterations
      AMG solver residual = 0.00181966 after 2 iterations
      AMG solver residual = 0.0017434 after 2 iterations
      AMG solver residual = 0.00181887 after 2 iterations
      AMG solver residual = 0.0018194 after 2 iterations
      AMG solver residual = 0.00174458 after 2 iterations
      AMG solver residual = 0.00173478 after 2 iterations
      AMG solver residual = 0.00313214 after 2 iterations
      AMG solver residual = 0.00311637 after 2 iterations
      AMG solver residual = 0.00442651 after 2 iterations
      AMG solver residual = 0.00442447 after 2 iterations
      AMG solver residual = 0.00381594 after 2 iterations
      AMG solver residual = 0.00381529 after 2 iterations
      AMG solver residual = 0.000744777 after 2 iterations
      AMG solver residual = 0.00116803 after 2 iterations
      AMG solver residual = 0.00121733 after 2 iterations
      AMG solver residual = 0.00102345 after 2 iterations
      AMG solver residual = 0.000867852 after 2 iterations
      AMG solver residual = 0.000919398 after 2 iterations
      AMG solver residual = 0.00335956 after 2 iterations
      AMG solver residual = 0.00147909 after 2 iterations
      AMG solver residual = 0.00102537 after 2 iterations
      AMG solver residual = 0.00071776 after 2 iterations
      AMG solver residual = 0.00199329 after 2 iterations
      AMG solver residual = 0.000896363 after 2 iterations
      AMG solver residual = 0.00169997 after 2 iterations
      AMG solver residual = 0.00263812 after 2 iterations
      AMG solver residual = 0.00366357 after 1 iterations
      AMG solver residual = 0.00178414 after 2 iterations
      AMG solver residual = 0.00231124 after 2 iterations
      AMG solver residual = 0.00231766 after 2 iterations
      AMG solver residual = 0.00241966 after 2 iterations
      AMG solver residual = 0.00201735 after 2 iterations
      AMG solver residual = 0.00246436 after 2 iterations
      AMG solver residual = 0.00271439 after 2 iterations
      AMG solver residual = 0.00284793 after 2 iterations
      AMG solver residual = 0.00217625 after 2 iterations
      AMG solver residual = 0.00230359 after 2 iterations
      AMG solver residual = 0.002355 after 2 iterations
      AMG solver residual = 0.00248296 after 2 iterations
      AMG solver residual = 0.00249893 after 2 iterations
      AMG solver residual = 0.0030997 after 2 iterations
      AMG solver residual = 0.0030878 after 2 iterations
      AMG solver residual = 0.00515932 after 2 iterations
      AMG solver residual = 0.00553049 after 2 iterations
      AMG solver residual = 0.00601622 after 2 iterations
      AMG solver residual = 0.00604338 after 2 iterations
      AMG solver residual = 0.00247521 after 2 iterations
      AMG solver residual = 0.00231416 after 2 iterations
      AMG solver residual = 0.00223025 after 2 iterations
      AMG solver residual = 0.00221439 after 2 iterations
      AMG solver residual = 0.00251291 after 2 iterations
      AMG solver residual = 0.00169655 after 2 iterations
      AMG solver residual = 0.00171316 after 2 iterations
      AMG solver residual = 0.00112968 after 2 iterations
      AMG solver residual = 0.0062958 after 2 iterations
      AMG solver residual = 0.0062907 after 2 iterations
      AMG solver residual = 0.00494185 after 2 iterations
      AMG solver residual = 0.00494206 after 2 iterations
      AMG solver residual = 0.0025934 after 2 iterations
      AMG solver residual = 0.00367692 after 2 iterations
      AMG solver residual = 0.00307438 after 2 iterations
      AMG solver residual = 0.00307246 after 2 iterations
      AMG solver residual = 0.003979 after 2 iterations
      AMG solver residual = 0.00376724 after 2 iterations
      AMG solver residual = 0.00218244 after 2 iterations
      AMG solver residual = 0.00227599 after 2 iterations
      AMG solver residual = 0.00357637 after 1 iterations
      AMG solver residual = 0.00395158 after 1 iterations
  --
  Subiteration:2 of 5
      AMG solver residual = 0.00059629 after 2 iterations
      AMG solver residual = 0.00376492 after 2 iterations
      AMG solver residual = 0.00314476 after 2 iterations
      AMG solver residual = 0.00363233 after 2 iterations
      AMG solver residual = 0.00398265 after 2 iterations
      AMG solver residual = 0.00400378 after 2 iterations
      AMG solver residual = 0.00320246 after 2 iterations
      AMG solver residual = 0.0010383 after 2 iterations
      AMG solver residual = 0.00582616 after 1 iterations
      AMG solver residual = 0.00199249 after 2 iterations
      AMG solver residual = 0.0031217 after 2 iterations
      AMG solver residual = 0.00297408 after 2 iterations
      AMG solver residual = 0.00284099 after 2 iterations
      AMG solver residual = 0.00362219 after 2 iterations
      AMG solver residual = 0.00282875 after 2 iterations
      AMG solver residual = 0.00402268 after 2 iterations
      AMG solver residual = 0.00267858 after 2 iterations
      AMG solver residual = 0.00271453 after 2 iterations
      AMG solver residual = 0.00214502 after 2 iterations
      AMG solver residual = 0.00215171 after 2 iterations
      AMG solver residual = 0.00452975 after 2 iterations
      AMG solver residual = 0.00452998 after 2 iterations
      AMG solver residual = 0.00282033 after 2 iterations
      AMG solver residual = 0.00282028 after 2 iterations
      AMG solver residual = 0.0038164 after 2 iterations
      AMG solver residual = 0.00425146 after 2 iterations
      AMG solver residual = 0.00348759 after 2 iterations
      AMG solver residual = 0.00367615 after 2 iterations
      AMG solver residual = 0.00329331 after 2 iterations
      AMG solver residual = 0.000905777 after 2 iterations
      AMG solver residual = 0.00816034 after 1 iterations
      AMG solver residual = 0.00895816 after 1 iterations
      AMG solver residual = 0.00323357 after 2 iterations
      AMG solver residual = 0.00297148 after 2 iterations
      AMG solver residual = 0.00411929 after 2 iterations
      AMG solver residual = 0.00177361 after 2 iterations
      AMG solver residual = 0.00433895 after 2 iterations
      AMG solver residual = 0.00433743 after 2 iterations
      AMG solver residual = 0.00374385 after 2 iterations
      AMG solver residual = 0.00374468 after 2 iterations
      AMG solver residual = 0.00132967 after 2 iterations
      AMG solver residual = 0.00133018 after 2 iterations
      AMG solver residual = 0.00207097 after 2 iterations
      AMG solver residual = 0.00206337 after 2 iterations
      AMG solver residual = 0.00233139 after 2 iterations
      AMG solver residual = 0.00277258 after 2 iterations
      AMG solver residual = 0.00187168 after 2 iterations
      AMG solver residual = 0.00225575 after 2 iterations
      AMG solver residual = 0.00340197 after 1 iterations
      AMG solver residual = 0.00152946 after 2 iterations
      AMG solver residual = 0.00245095 after 2 iterations
      AMG solver residual = 0.00251031 after 2 iterations
      AMG solver residual = 0.00256276 after 2 iterations
      AMG solver residual = 0.00227587 after 2 iterations
      AMG solver residual = 0.00262829 after 2 iterations
      AMG solver residual = 0.00261057 after 2 iterations
      AMG solver residual = 0.00100681 after 2 iterations
      AMG solver residual = 0.0024733 after 2 iterations
      AMG solver residual = 0.00271375 after 2 iterations
      AMG solver residual = 0.00271444 after 2 iterations
      AMG solver residual = 0.0045717 after 2 iterations
      AMG solver residual = 0.0045703 after 2 iterations
      AMG solver residual = 0.00281944 after 2 iterations
      AMG solver residual = 0.00280842 after 2 iterations
      AMG solver residual = 0.00315048 after 2 iterations
      AMG solver residual = 0.00329212 after 2 iterations
      AMG solver residual = 0.00295433 after 2 iterations
      AMG solver residual = 0.00317355 after 2 iterations
      AMG solver residual = 0.00219926 after 2 iterations
      AMG solver residual = 0.00287172 after 2 iterations
      AMG solver residual = 0.0026029 after 2 iterations
      AMG solver residual = 0.00300217 after 2 iterations
      AMG solver residual = 0.00264803 after 2 iterations
      AMG solver residual = 0.00268037 after 2 iterations
      AMG solver residual = 0.00380141 after 2 iterations
      AMG solver residual = 0.00379547 after 2 iterations
      AMG solver residual = 0.00234119 after 2 iterations
      AMG solver residual = 0.00234264 after 2 iterations
      AMG solver residual = 0.0012586 after 2 iterations
      AMG solver residual = 0.000860981 after 2 iterations
      AMG solver residual = 0.001962 after 2 iterations
      AMG solver residual = 0.00178017 after 2 iterations
      AMG solver residual = 0.00313017 after 2 iterations
      AMG solver residual = 0.00323917 after 2 iterations
      AMG solver residual = 0.0029006 after 2 iterations
      AMG solver residual = 0.00364685 after 2 iterations
      AMG solver residual = 0.00385548 after 2 iterations
      AMG solver residual = 0.00378648 after 2 iterations
      AMG solver residual = 0.0070519 after 1 iterations
      AMG solver residual = 0.00500784 after 1 iterations
      AMG solver residual = 0.00225188 after 2 iterations
      AMG solver residual = 0.00379689 after 2 iterations
      AMG solver residual = 0.00560707 after 2 iterations
      AMG solver residual = 0.00491652 after 1 iterations
      AMG solver residual = 0.00208419 after 2 iterations
      AMG solver residual = 0.00205838 after 2 iterations
      AMG solver residual = 0.000567511 after 2 iterations
      AMG solver residual = 0.00416385 after 1 iterations
      AMG solver residual = 0.00170893 after 2 iterations
      AMG solver residual = 0.00204853 after 2 iterations
      AMG solver residual = 0.000917294 after 2 iterations
      AMG solver residual = 0.00883206 after 1 iterations
      AMG solver residual = 0.000667257 after 2 iterations
      AMG solver residual = 0.000843007 after 2 iterations
      AMG solver residual = 0.00365505 after 2 iterations
      AMG solver residual = 0.00324619 after 2 iterations
      AMG solver residual = 0.00179752 after 2 iterations
      AMG solver residual = 0.00178136 after 2 iterations
      AMG solver residual = 0.00211062 after 2 iterations
      AMG solver residual = 0.00210995 after 2 iterations
      AMG solver residual = 0.00153278 after 2 iterations
      AMG solver residual = 0.00152857 after 2 iterations
      AMG solver residual = 0.000981833 after 2 iterations
      AMG solver residual = 0.000984811 after 2 iterations
      AMG solver residual = 0.000717719 after 2 iterations
      AMG solver residual = 0.000913337 after 2 iterations
      AMG solver residual = 0.00239808 after 2 iterations
      AMG solver residual = 0.00124691 after 2 iterations
      AMG solver residual = 0.0036811 after 2 iterations
      AMG solver residual = 0.00376757 after 2 iterations
      AMG solver residual = 0.00369876 after 2 iterations
      AMG solver residual = 0.00370171 after 2 iterations
      AMG solver residual = 0.00257184 after 2 iterations
      AMG solver residual = 0.00256663 after 2 iterations
      AMG solver residual = 0.00268651 after 2 iterations
      AMG solver residual = 0.00268495 after 2 iterations
      AMG solver residual = 0.00309612 after 2 iterations
      AMG solver residual = 0.00303437 after 2 iterations
      AMG solver residual = 0.00762737 after 1 iterations
      AMG solver residual = 0.000883279 after 2 iterations
      AMG solver residual = 0.00227771 after 2 iterations
      AMG solver residual = 0.00339442 after 2 iterations
      AMG solver residual = 0.00345859 after 2 iterations
      AMG solver residual = 0.00356606 after 2 iterations
      AMG solver residual = 0.0034687 after 2 iterations
      AMG solver residual = 0.00207417 after 2 iterations
      AMG solver residual = 0.00637689 after 1 iterations
      AMG solver residual = 0.00152003 after 2 iterations
      AMG solver residual = 0.00194471 after 2 iterations
      AMG solver residual = 0.00184851 after 2 iterations
      AMG solver residual = 0.00169206 after 2 iterations
      AMG solver residual = 0.00146309 after 2 iterations
      AMG solver residual = 0.00193214 after 2 iterations
      AMG solver residual = 0.000923402 after 2 iterations
      AMG solver residual = 0.00214403 after 2 iterations
      AMG solver residual = 0.00214083 after 2 iterations
      AMG solver residual = 0.000782308 after 2 iterations
      AMG solver residual = 0.000780607 after 2 iterations
      AMG solver residual = 0.0025741 after 2 iterations
      AMG solver residual = 0.00258001 after 2 iterations
      AMG solver residual = 0.0017172 after 2 iterations
      AMG solver residual = 0.00124649 after 2 iterations
      AMG solver residual = 0.00285325 after 2 iterations
      AMG solver residual = 0.00283172 after 2 iterations
      AMG solver residual = 0.0023236 after 2 iterations
      AMG solver residual = 0.00232233 after 2 iterations
      AMG solver residual = 0.00300303 after 2 iterations
      AMG solver residual = 0.00300024 after 2 iterations
      AMG solver residual = 0.00365313 after 2 iterations
      AMG solver residual = 0.00364088 after 2 iterations
      AMG solver residual = 0.00395083 after 2 iterations
      AMG solver residual = 0.00363273 after 2 iterations
      AMG solver residual = 0.00291383 after 2 iterations
      AMG solver residual = 0.00318744 after 2 iterations
      AMG solver residual = 0.00266091 after 2 iterations
      AMG solver residual = 0.0029402 after 2 iterations
      AMG solver residual = 0.00298607 after 2 iterations
      AMG solver residual = 0.00294608 after 2 iterations
      AMG solver residual = 0.0023588 after 2 iterations
      AMG solver residual = 0.0012242 after 2 iterations
      AMG solver residual = 0.00221862 after 2 iterations
      AMG solver residual = 0.00171936 after 2 iterations
      AMG solver residual = 0.00190525 after 2 iterations
      AMG solver residual = 0.00189012 after 2 iterations
      AMG solver residual = 0.00281796 after 2 iterations
      AMG solver residual = 0.00281085 after 2 iterations
      AMG solver residual = 0.00437915 after 1 iterations
      AMG solver residual = 0.00114018 after 2 iterations
      AMG solver residual = 0.00164703 after 2 iterations
      AMG solver residual = 0.00159082 after 2 iterations
      AMG solver residual = 0.00105544 after 2 iterations
      AMG solver residual = 0.00143829 after 2 iterations
      AMG solver residual = 0.00227193 after 2 iterations
      AMG solver residual = 0.0022614 after 2 iterations
      AMG solver residual = 0.00114245 after 2 iterations
      AMG solver residual = 0.000950754 after 2 iterations
      AMG solver residual = 0.00120819 after 2 iterations
      AMG solver residual = 0.00120893 after 2 iterations
      AMG solver residual = 0.000988419 after 2 iterations
      AMG solver residual = 0.000987456 after 2 iterations
      AMG solver residual = 0.00205458 after 2 iterations
      AMG solver residual = 0.00155964 after 2 iterations
      AMG solver residual = 0.00253328 after 2 iterations
      AMG solver residual = 0.00252674 after 2 iterations
      AMG solver residual = 0.0023169 after 2 iterations
      AMG solver residual = 0.00245132 after 2 iterations
      AMG solver residual = 0.00292594 after 2 iterations
      AMG solver residual = 0.00382177 after 2 iterations
      AMG solver residual = 0.00514973 after 2 iterations
      AMG solver residual = 0.00514943 after 2 iterations
      AMG solver residual = 0.00261115 after 2 iterations
      AMG solver residual = 0.00845463 after 1 iterations
      AMG solver residual = 0.00269551 after 2 iterations
      AMG solver residual = 0.0024373 after 2 iterations
      AMG solver residual = 0.00123985 after 2 iterations
      AMG solver residual = 0.00125125 after 2 iterations
      AMG solver residual = 0.000798021 after 2 iterations
      AMG solver residual = 0.000902807 after 2 iterations
      AMG solver residual = 0.00166789 after 2 iterations
      AMG solver residual = 0.00169946 after 2 iterations
      AMG solver residual = 0.00254317 after 2 iterations
      AMG solver residual = 0.00254021 after 2 iterations
      AMG solver residual = 0.00181522 after 2 iterations
      AMG solver residual = 0.0015286 after 2 iterations
      AMG solver residual = 0.00157935 after 2 iterations
      AMG solver residual = 0.00158145 after 2 iterations
      AMG solver residual = 0.00518985 after 1 iterations
      AMG solver residual = 0.00532326 after 1 iterations
      AMG solver residual = 0.000893479 after 2 iterations
      AMG solver residual = 0.000852189 after 2 iterations
      AMG solver residual = 0.00437933 after 1 iterations
      AMG solver residual = 0.000524966 after 2 iterations
      AMG solver residual = 0.00132551 after 2 iterations
      AMG solver residual = 0.0018668 after 2 iterations
      AMG solver residual = 0.00176346 after 2 iterations
      AMG solver residual = 0.00189415 after 2 iterations
      AMG solver residual = 0.00160556 after 2 iterations
      AMG solver residual = 0.00169893 after 2 iterations
      AMG solver residual = 0.00122297 after 2 iterations
      AMG solver residual = 0.00059311 after 2 iterations
      AMG solver residual = 0.00118585 after 2 iterations
      AMG solver residual = 0.00189095 after 2 iterations
      AMG solver residual = 0.00187292 after 2 iterations
      AMG solver residual = 0.00193927 after 2 iterations
      AMG solver residual = 0.0018717 after 2 iterations
      AMG solver residual = 0.000964449 after 2 iterations
      AMG solver residual = 0.00116078 after 2 iterations
      AMG solver residual = 0.00120953 after 2 iterations
      AMG solver residual = 0.00120859 after 2 iterations
      AMG solver residual = 0.000921984 after 2 iterations
      AMG solver residual = 0.000921983 after 2 iterations
      AMG solver residual = 0.0021653 after 2 iterations
      AMG solver residual = 0.00208698 after 2 iterations
      AMG solver residual = 0.00206954 after 2 iterations
      AMG solver residual = 0.00206731 after 2 iterations
      AMG solver residual = 0.00197484 after 2 iterations
      AMG solver residual = 0.00145318 after 2 iterations
      AMG solver residual = 0.00131722 after 2 iterations
      AMG solver residual = 0.00140248 after 2 iterations
      AMG solver residual = 0.00109493 after 2 iterations
      AMG solver residual = 0.000934282 after 2 iterations
      AMG solver residual = 0.00147625 after 2 iterations
      AMG solver residual = 0.0010746 after 2 iterations
      AMG solver residual = 0.00218556 after 2 iterations
      AMG solver residual = 0.00127607 after 2 iterations
      AMG solver residual = 0.000785191 after 2 iterations
      AMG solver residual = 0.000820623 after 2 iterations
      AMG solver residual = 0.00174637 after 2 iterations
      AMG solver residual = 0.00183788 after 2 iterations
      AMG solver residual = 0.00185872 after 2 iterations
      AMG solver residual = 0.00185826 after 2 iterations
      AMG solver residual = 0.00177968 after 2 iterations
      AMG solver residual = 0.0017793 after 2 iterations
      AMG solver residual = 0.000823063 after 2 iterations
      AMG solver residual = 0.000821485 after 2 iterations
      AMG solver residual = 0.00137432 after 2 iterations
      AMG solver residual = 0.00137088 after 2 iterations
      AMG solver residual = 0.0011295 after 2 iterations
      AMG solver residual = 0.00101432 after 2 iterations
      AMG solver residual = 0.000881602 after 2 iterations
      AMG solver residual = 0.00124693 after 2 iterations
      AMG solver residual = 0.00187795 after 2 iterations
      AMG solver residual = 0.0018432 after 2 iterations
      AMG solver residual = 0.00191132 after 2 iterations
      AMG solver residual = 0.00185476 after 2 iterations
      AMG solver residual = 0.00119773 after 2 iterations
      AMG solver residual = 0.00116637 after 2 iterations
      AMG solver residual = 0.00130835 after 2 iterations
      AMG solver residual = 0.00130727 after 2 iterations
      AMG solver residual = 0.000926519 after 2 iterations
      AMG solver residual = 0.000926623 after 2 iterations
      AMG solver residual = 0.00142147 after 2 iterations
      AMG solver residual = 0.0013372 after 2 iterations
      AMG solver residual = 0.00159731 after 2 iterations
      AMG solver residual = 0.00159431 after 2 iterations
      AMG solver residual = 0.000825929 after 2 iterations
      AMG solver residual = 0.000611189 after 2 iterations
      AMG solver residual = 0.000664213 after 2 iterations
      AMG solver residual = 0.000415162 after 2 iterations
      AMG solver residual = 0.0011569 after 2 iterations
      AMG solver residual = 0.00128276 after 2 iterations
      AMG solver residual = 0.00169438 after 2 iterations
      AMG solver residual = 0.00181541 after 2 iterations
      AMG solver residual = 0.00159936 after 2 iterations
      AMG solver residual = 0.00173127 after 2 iterations
      AMG solver residual = 0.00164757 after 2 iterations
      AMG solver residual = 0.00157866 after 2 iterations
      AMG solver residual = 0.00270478 after 2 iterations
      AMG solver residual = 0.0027027 after 2 iterations
      AMG solver residual = 0.00124761 after 2 iterations
      AMG solver residual = 0.00124442 after 2 iterations
      AMG solver residual = 0.000436906 after 2 iterations
      AMG solver residual = 0.00043663 after 2 iterations
      AMG solver residual = 0.00172831 after 2 iterations
      AMG solver residual = 0.00173207 after 2 iterations
      AMG solver residual = 0.000625415 after 2 iterations
      AMG solver residual = 0.00125846 after 2 iterations
      AMG solver residual = 0.00211705 after 2 iterations
      AMG solver residual = 0.00156758 after 2 iterations
      AMG solver residual = 0.000930402 after 2 iterations
      AMG solver residual = 0.00131628 after 2 iterations
      AMG solver residual = 0.00188688 after 2 iterations
      AMG solver residual = 0.00186609 after 2 iterations
      AMG solver residual = 0.0019472 after 2 iterations
      AMG solver residual = 0.00189686 after 2 iterations
      AMG solver residual = 0.00128111 after 2 iterations
      AMG solver residual = 0.00127765 after 2 iterations
      AMG solver residual = 0.00155498 after 2 iterations
      AMG solver residual = 0.00155389 after 2 iterations
      AMG solver residual = 0.000922798 after 2 iterations
      AMG solver residual = 0.00092336 after 2 iterations
      AMG solver residual = 0.00120595 after 2 iterations
      AMG solver residual = 0.0012335 after 2 iterations
      AMG solver residual = 0.00117132 after 2 iterations
      AMG solver residual = 0.0011682 after 2 iterations
      AMG solver residual = 0.00219391 after 2 iterations
      AMG solver residual = 0.00137403 after 2 iterations
      AMG solver residual = 0.00201099 after 2 iterations
      AMG solver residual = 0.00278187 after 2 iterations
      AMG solver residual = 0.00205002 after 2 iterations
      AMG solver residual = 0.00206793 after 2 iterations
      AMG solver residual = 0.00126463 after 2 iterations
      AMG solver residual = 0.00126132 after 2 iterations
      AMG solver residual = 0.00187194 after 2 iterations
      AMG solver residual = 0.00187251 after 2 iterations
      AMG solver residual = 0.00243117 after 2 iterations
      AMG solver residual = 0.0024215 after 2 iterations
      AMG solver residual = 0.00241093 after 2 iterations
      AMG solver residual = 0.00240593 after 2 iterations
      AMG solver residual = 0.00177512 after 2 iterations
      AMG solver residual = 0.00169316 after 2 iterations
      AMG solver residual = 0.00111252 after 2 iterations
      AMG solver residual = 0.000751031 after 2 iterations
      AMG solver residual = 0.0013918 after 2 iterations
      AMG solver residual = 0.0013292 after 2 iterations
      AMG solver residual = 0.00141069 after 2 iterations
      AMG solver residual = 0.00147366 after 2 iterations
      AMG solver residual = 0.00150346 after 2 iterations
      AMG solver residual = 0.00149589 after 2 iterations
      AMG solver residual = 0.000900666 after 2 iterations
      AMG solver residual = 0.00144982 after 2 iterations
      AMG solver residual = 0.00180646 after 2 iterations
      AMG solver residual = 0.00173887 after 2 iterations
      AMG solver residual = 0.00185374 after 2 iterations
      AMG solver residual = 0.0019183 after 2 iterations
      AMG solver residual = 0.00141915 after 2 iterations
      AMG solver residual = 0.00165646 after 2 iterations
      AMG solver residual = 0.00239117 after 2 iterations
      AMG solver residual = 0.000454607 after 2 iterations
      AMG solver residual = 0.000424346 after 2 iterations
      AMG solver residual = 0.000404355 after 2 iterations
      AMG solver residual = 0.000453392 after 2 iterations
      AMG solver residual = 0.000453408 after 2 iterations
      AMG solver residual = 0.000449837 after 2 iterations
      AMG solver residual = 0.000449825 after 2 iterations
      AMG solver residual = 0.000508156 after 2 iterations
      AMG solver residual = 0.000479919 after 2 iterations
      AMG solver residual = 0.00129092 after 2 iterations
      AMG solver residual = 0.00128625 after 2 iterations
      AMG solver residual = 0.00191515 after 2 iterations
      AMG solver residual = 0.00191338 after 2 iterations
      AMG solver residual = 0.00192211 after 2 iterations
      AMG solver residual = 0.00196538 after 2 iterations
      AMG solver residual = 0.000473947 after 2 iterations
      AMG solver residual = 0.000487113 after 2 iterations
      AMG solver residual = 0.00143086 after 2 iterations
      AMG solver residual = 0.00154512 after 2 iterations
      AMG solver residual = 0.00155103 after 2 iterations
      AMG solver residual = 0.00151016 after 2 iterations
      AMG solver residual = 0.00165765 after 2 iterations
      AMG solver residual = 0.000438929 after 2 iterations
      AMG solver residual = 0.00170568 after 2 iterations
      AMG solver residual = 0.00146594 after 2 iterations
      AMG solver residual = 0.00247471 after 2 iterations
      AMG solver residual = 0.00248341 after 2 iterations
      AMG solver residual = 0.00206076 after 2 iterations
      AMG solver residual = 0.00227216 after 2 iterations
      AMG solver residual = 0.00101929 after 2 iterations
      AMG solver residual = 0.00186418 after 2 iterations
  --
  Subiteration:3 of 5
      AMG solver residual = 0.000720556 after 2 iterations
      AMG solver residual = 0.000713417 after 2 iterations
      AMG solver residual = 0.00112768 after 2 iterations
      AMG solver residual = 0.00123796 after 2 iterations
      AMG solver residual = 0.00119367 after 2 iterations
      AMG solver residual = 0.00112942 after 2 iterations
      AMG solver residual = 0.00112737 after 2 iterations
      AMG solver residual = 0.000891833 after 2 iterations
      AMG solver residual = 0.000371049 after 2 iterations
      AMG solver residual = 0.000982773 after 2 iterations
      AMG solver residual = 0.00141373 after 2 iterations
      AMG solver residual = 0.00134608 after 2 iterations
      AMG solver residual = 0.0014683 after 2 iterations
      AMG solver residual = 0.00141066 after 2 iterations
      AMG solver residual = 0.00122143 after 2 iterations
      AMG solver residual = 0.000902586 after 2 iterations
      AMG solver residual = 0.000890353 after 2 iterations
      AMG solver residual = 0.000889674 after 2 iterations
      AMG solver residual = 0.000963698 after 2 iterations
      AMG solver residual = 0.00096343 after 2 iterations
      AMG solver residual = 0.00155683 after 2 iterations
      AMG solver residual = 0.00144615 after 2 iterations
      AMG solver residual = 0.00167388 after 2 iterations
      AMG solver residual = 0.00168099 after 2 iterations
      AMG solver residual = 0.000733733 after 2 iterations
      AMG solver residual = 0.000425129 after 2 iterations
      AMG solver residual = 0.00183618 after 2 iterations
      AMG solver residual = 0.0015553 after 2 iterations
      AMG solver residual = 0.00123463 after 2 iterations
      AMG solver residual = 0.00123441 after 2 iterations
      AMG solver residual = 0.00205967 after 2 iterations
      AMG solver residual = 0.00206909 after 2 iterations
      AMG solver residual = 0.00110492 after 2 iterations
      AMG solver residual = 0.00109308 after 2 iterations
      AMG solver residual = 0.00119299 after 2 iterations
      AMG solver residual = 0.000888692 after 2 iterations
      AMG solver residual = 0.000972542 after 2 iterations
      AMG solver residual = 0.0016828 after 2 iterations
      AMG solver residual = 0.00172261 after 2 iterations
      AMG solver residual = 0.00171352 after 2 iterations
      AMG solver residual = 0.00124968 after 2 iterations
      AMG solver residual = 0.00124775 after 2 iterations
      AMG solver residual = 0.0014331 after 2 iterations
      AMG solver residual = 0.00143305 after 2 iterations
      AMG solver residual = 0.00121141 after 2 iterations
      AMG solver residual = 0.00120922 after 2 iterations
      AMG solver residual = 0.00180836 after 2 iterations
      AMG solver residual = 0.0015595 after 2 iterations
      AMG solver residual = 0.000469855 after 2 iterations
      AMG solver residual = 0.000984894 after 2 iterations
      AMG solver residual = 0.00142834 after 2 iterations
      AMG solver residual = 0.00135061 after 2 iterations
      AMG solver residual = 0.0014676 after 2 iterations
      AMG solver residual = 0.00140722 after 2 iterations
      AMG solver residual = 0.00119543 after 2 iterations
      AMG solver residual = 0.00102342 after 2 iterations
      AMG solver residual = 0.00104232 after 2 iterations
      AMG solver residual = 0.00104179 after 2 iterations
      AMG solver residual = 0.0010592 after 2 iterations
      AMG solver residual = 0.00105846 after 2 iterations
      AMG solver residual = 0.000956312 after 2 iterations
      AMG solver residual = 0.00150863 after 2 iterations
      AMG solver residual = 0.00130325 after 2 iterations
      AMG solver residual = 0.00110238 after 2 iterations
      AMG solver residual = 0.00136587 after 2 iterations
      AMG solver residual = 0.00136037 after 2 iterations
      AMG solver residual = 0.00139141 after 2 iterations
      AMG solver residual = 0.00139129 after 2 iterations
      AMG solver residual = 0.00109604 after 2 iterations
      AMG solver residual = 0.00109483 after 2 iterations
      AMG solver residual = 0.00157346 after 2 iterations
      AMG solver residual = 0.00156886 after 2 iterations
      AMG solver residual = 0.00160461 after 2 iterations
      AMG solver residual = 0.00080631 after 2 iterations
      AMG solver residual = 0.00148804 after 2 iterations
      AMG solver residual = 0.00132089 after 2 iterations
      AMG solver residual = 0.00115005 after 2 iterations
      AMG solver residual = 0.00118503 after 2 iterations
      AMG solver residual = 0.00288307 after 2 iterations
      AMG solver residual = 0.00287943 after 2 iterations
      AMG solver residual = 0.00358891 after 2 iterations
      AMG solver residual = 0.00358263 after 2 iterations
      AMG solver residual = 0.00132335 after 2 iterations
      AMG solver residual = 0.00120821 after 2 iterations
      AMG solver residual = 0.00175696 after 2 iterations
      AMG solver residual = 0.00167569 after 2 iterations
      AMG solver residual = 0.00144686 after 2 iterations
      AMG solver residual = 0.00144461 after 2 iterations
      AMG solver residual = 0.0005166 after 2 iterations
      AMG solver residual = 0.000966752 after 2 iterations
      AMG solver residual = 0.00144288 after 2 iterations
      AMG solver residual = 0.00136277 after 2 iterations
      AMG solver residual = 0.00147863 after 2 iterations
      AMG solver residual = 0.00142294 after 2 iterations
      AMG solver residual = 0.00120735 after 2 iterations
      AMG solver residual = 0.0010912 after 2 iterations
      AMG solver residual = 0.00113398 after 2 iterations
      AMG solver residual = 0.00113353 after 2 iterations
      AMG solver residual = 0.00146083 after 2 iterations
      AMG solver residual = 0.00145959 after 2 iterations
      AMG solver residual = 0.000791866 after 2 iterations
      AMG solver residual = 0.000622726 after 2 iterations
      AMG solver residual = 0.00131689 after 2 iterations
      AMG solver residual = 0.00131544 after 2 iterations
      AMG solver residual = 0.00177592 after 2 iterations
      AMG solver residual = 0.00137772 after 2 iterations
      AMG solver residual = 0.000995191 after 2 iterations
      AMG solver residual = 0.00108473 after 2 iterations
      AMG solver residual = 0.00108604 after 2 iterations
      AMG solver residual = 0.0011161 after 2 iterations
      AMG solver residual = 0.00119499 after 2 iterations
      AMG solver residual = 0.00120872 after 2 iterations
      AMG solver residual = 0.00132329 after 2 iterations
      AMG solver residual = 0.00131941 after 2 iterations
      AMG solver residual = 0.00237343 after 2 iterations
      AMG solver residual = 0.00214419 after 2 iterations
      AMG solver residual = 0.0012406 after 2 iterations
      AMG solver residual = 0.00103989 after 2 iterations
      AMG solver residual = 0.00112234 after 2 iterations
      AMG solver residual = 0.00149947 after 2 iterations
      AMG solver residual = 0.00128637 after 2 iterations
      AMG solver residual = 0.00128517 after 2 iterations
      AMG solver residual = 0.00127206 after 2 iterations
      AMG solver residual = 0.00127207 after 2 iterations
      AMG solver residual = 0.00106701 after 2 iterations
      AMG solver residual = 0.00106532 after 2 iterations
      AMG solver residual = 0.00133321 after 2 iterations
      AMG solver residual = 0.00131257 after 2 iterations
      AMG solver residual = 0.000544164 after 2 iterations
      AMG solver residual = 0.000958436 after 2 iterations
      AMG solver residual = 0.00145207 after 2 iterations
      AMG solver residual = 0.00137006 after 2 iterations
      AMG solver residual = 0.0014859 after 2 iterations
      AMG solver residual = 0.00143358 after 2 iterations
      AMG solver residual = 0.00121664 after 2 iterations
      AMG solver residual = 0.00112939 after 2 iterations
      AMG solver residual = 0.00118569 after 2 iterations
      AMG solver residual = 0.00118527 after 2 iterations
      AMG solver residual = 0.00143407 after 2 iterations
      AMG solver residual = 0.00143287 after 2 iterations
      AMG solver residual = 0.00131008 after 2 iterations
      AMG solver residual = 0.00134587 after 2 iterations
      AMG solver residual = 0.000896085 after 2 iterations
      AMG solver residual = 0.000675933 after 2 iterations
      AMG solver residual = 0.00123194 after 2 iterations
      AMG solver residual = 0.00121863 after 2 iterations
      AMG solver residual = 0.000643966 after 2 iterations
      AMG solver residual = 0.00481233 after 1 iterations
      AMG solver residual = 0.00116121 after 2 iterations
      AMG solver residual = 0.00131703 after 2 iterations
      AMG solver residual = 0.00135242 after 2 iterations
      AMG solver residual = 0.00137445 after 2 iterations
      AMG solver residual = 0.00122287 after 2 iterations
      AMG solver residual = 0.00120131 after 2 iterations
      AMG solver residual = 0.00145439 after 2 iterations
      AMG solver residual = 0.00144926 after 2 iterations
      AMG solver residual = 0.00134311 after 2 iterations
      AMG solver residual = 0.00134275 after 2 iterations
      AMG solver residual = 0.0015465 after 2 iterations
      AMG solver residual = 0.0015422 after 2 iterations
      AMG solver residual = 0.00141327 after 2 iterations
      AMG solver residual = 0.000863148 after 2 iterations
      AMG solver residual = 0.00137856 after 2 iterations
      AMG solver residual = 0.00122066 after 2 iterations
      AMG solver residual = 0.00209164 after 2 iterations
      AMG solver residual = 0.00141549 after 2 iterations
      AMG solver residual = 0.00188027 after 2 iterations
      AMG solver residual = 0.0019177 after 2 iterations
      AMG solver residual = 0.0052394 after 1 iterations
      AMG solver residual = 0.00935089 after 1 iterations
      AMG solver residual = 0.000623956 after 2 iterations
      AMG solver residual = 0.000489339 after 2 iterations
      AMG solver residual = 0.000479523 after 2 iterations
      AMG solver residual = 0.000530861 after 2 iterations
      AMG solver residual = 0.000411265 after 2 iterations
      AMG solver residual = 0.000154598 after 2 iterations
      AMG solver residual = 0.000377224 after 2 iterations
      AMG solver residual = 0.000582399 after 2 iterations
      AMG solver residual = 0.000786829 after 2 iterations
      AMG solver residual = 0.000561175 after 2 iterations
      AMG solver residual = 0.0005927 after 2 iterations
      AMG solver residual = 0.000769167 after 2 iterations
      AMG solver residual = 0.000562264 after 2 iterations
      AMG solver residual = 0.000487246 after 2 iterations
      AMG solver residual = 0.00052829 after 2 iterations
      AMG solver residual = 0.000480766 after 2 iterations
      AMG solver residual = 0.000917021 after 2 iterations
      AMG solver residual = 0.000803226 after 2 iterations
      AMG solver residual = 0.000522014 after 2 iterations
      AMG solver residual = 0.000541433 after 2 iterations
      AMG solver residual = 0.000653143 after 2 iterations
      AMG solver residual = 0.000709328 after 2 iterations
      AMG solver residual = 0.000494267 after 2 iterations
      AMG solver residual = 0.00068506 after 2 iterations
      AMG solver residual = 0.000476522 after 2 iterations
      AMG solver residual = 0.000994472 after 2 iterations
      AMG solver residual = 0.000699799 after 2 iterations
      AMG solver residual = 0.000515369 after 2 iterations
      AMG solver residual = 0.000520165 after 2 iterations
      AMG solver residual = 0.000552079 after 2 iterations
      AMG solver residual = 0.000453564 after 2 iterations
      AMG solver residual = 0.000288281 after 2 iterations
      AMG solver residual = 0.000802342 after 2 iterations
      AMG solver residual = 0.00103554 after 2 iterations
      AMG solver residual = 0.000715064 after 2 iterations
      AMG solver residual = 0.000523331 after 2 iterations
      AMG solver residual = 0.000528063 after 2 iterations
      AMG solver residual = 0.000615869 after 2 iterations
      AMG solver residual = 0.000599557 after 2 iterations
      AMG solver residual = 0.000364354 after 2 iterations
      AMG solver residual = 0.000861943 after 2 iterations
      AMG solver residual = 5.32467e+25 after 10 iterations
      AMG solver residual = 7.00785e+25 after 10 iterations
      AMG solver residual = 6.35453e+16 after 10 iterations
      AMG solver residual = 2.07582e+19 after 10 iterations
      AMG solver residual = 1.53143e+22 after 10 iterations
      AMG solver residual = 1.13347e+22 after 10 iterations
      AMG solver residual = 2.06626e+16 after 10 iterations
      AMG solver residual = 9.64244e+16 after 10 iterations
      AMG solver residual = 2.5028e+20 after 10 iterations
      AMG solver residual = 3.50225e+21 after 10 iterations
      AMG solver residual = 2.35694e+13 after 10 iterations
      AMG solver residual = 2.16015e+19 after 10 iterations
      AMG solver residual = 1.34712e+14 after 10 iterations
      AMG solver residual = 3.64957e+21 after 10 iterations
      AMG solver residual = 4.71843e+09 after 10 iterations
      AMG solver residual = 3.71016e+21 after 10 iterations
      AMG solver residual = 4.07777e+09 after 10 iterations
      AMG solver residual = 3.75966e+21 after 10 iterations
      AMG solver residual = 2.27716e+10 after 10 iterations
      AMG solver residual = 3.74769e+21 after 10 iterations
      AMG solver residual = 1.37062e+10 after 10 iterations
      AMG solver residual = 3.74676e+21 after 10 iterations
      AMG solver residual = 1.2355e+25 after 10 iterations
      AMG solver residual = 3.09981e+25 after 10 iterations
      AMG solver residual = 9.8861e+16 after 10 iterations
      AMG solver residual = 6.13418e+17 after 10 iterations
      AMG solver residual = 1.2737e+25 after 10 iterations
      AMG solver residual = 3.05364e+25 after 10 iterations
      AMG solver residual = 1.41248e+17 after 10 iterations
      AMG solver residual = 1.22089e+19 after 10 iterations
      AMG solver residual = 3.30363e+23 after 10 iterations
      AMG solver residual = 2.03105e+23 after 10 iterations
      AMG solver residual = 4.27242e+16 after 10 iterations
      AMG solver residual = 1.68659e+18 after 10 iterations
      AMG solver residual = 4.04629e+21 after 10 iterations
      AMG solver residual = 3.39204e+21 after 10 iterations
      AMG solver residual = 1.27277e+13 after 10 iterations
      AMG solver residual = 5.81045e+19 after 10 iterations
      AMG solver residual = 1.32176e+14 after 10 iterations
      AMG solver residual = 2.79782e+21 after 10 iterations
      AMG solver residual = 5.73278e+76 after 10 iterations
      AMG solver residual = 5.42542e+76 after 10 iterations
      AMG solver residual = 2.78402e+63 after 10 iterations
      AMG solver residual = 5.42542e+76 after 10 iterations
      AMG solver residual = 3.73316e+62 after 10 iterations
      AMG solver residual = 5.42542e+76 after 10 iterations
      AMG solver residual = 5.66713e+76 after 10 iterations
      AMG solver residual = 3.46163e+76 after 10 iterations
      AMG solver residual = 5.40694e+62 after 10 iterations
      AMG solver residual = 3.46163e+76 after 10 iterations
      AMG solver residual = 5.55881e+76 after 10 iterations
      AMG solver residual = 4.66339e+76 after 10 iterations
      AMG solver residual = 1.07219e+62 after 10 iterations
      AMG solver residual = 4.66339e+76 after 10 iterations
      AMG solver residual = 6.08549e+62 after 10 iterations
      AMG solver residual = 4.66339e+76 after 10 iterations
      AMG solver residual = 5.59871e+76 after 10 iterations
      AMG solver residual = 3.46163e+76 after 10 iterations
      AMG solver residual = 6.36335e+62 after 10 iterations
      AMG solver residual = 3.46163e+76 after 10 iterations
      AMG solver residual = 5.5844e+76 after 10 iterations
      AMG solver residual = 2.74561e+76 after 10 iterations
      AMG solver residual = 1.69384e+62 after 10 iterations
      AMG solver residual = 2.74561e+76 after 10 iterations
      AMG solver residual = 3.98104e+61 after 10 iterations
      AMG solver residual = 2.74561e+76 after 10 iterations
      AMG solver residual = 5.58074e+76 after 10 iterations
      AMG solver residual = 3.46163e+76 after 10 iterations
      AMG solver residual = 1.60751e+63 after 10 iterations
      AMG solver residual = 3.46163e+76 after 10 iterations
      AMG solver residual = 1.98639e+62 after 10 iterations
      AMG solver residual = 3.46163e+76 after 10 iterations
      AMG solver residual = inf after 10 iterations
      AMG solver residual = inf after 10 iterations
      AMG solver residual = 0 after 0 iterations
  --
  Subiteration:4 of 5
  --
  Subiteration:5 of 5
  ----
  dt: -1
    dt scales:  0.0126471 (Vlasov)  1.79769e+308 (Collisions)  
    CFL:  -79.0695 (Vlasov)  -0 (Collisions)
  ----
  Distribution Function Extrema:
    Species 0:	4.73453e+50 [max]	-3.79277e+50 [min]

Step 2 completed, simulation time is 0.1
----

Step 3
  --
  Specified time step is higher than stable time step. Using subiterations.
  16720156 subiterations will be made with sub_dt = 2.9904e-09
  You may disable this by setting simulation.fixed_dt_subiteration = false.
  --
  --
  Subiteration:1 of 16720156
  --
  Subiteration:2 of 16720156
  --
  Subiteration:3 of 16720156
  --
  Subiteration:4 of 16720156
  --
  Subiteration:5 of 16720156
  --
  Subiteration:6 of 16720156
  --
  Subiteration:7 of 16720156
  --
  Subiteration:8 of 16720156
  --
  Subiteration:9 of 16720156
  --
  Subiteration:10 of 16720156
  --
  Subiteration:11 of 16720156
  --
  Subiteration:12 of 16720156
  --
  Subiteration:13 of 16720156
  --
  Subiteration:14 of 16720156
  --
  Subiteration:15 of 16720156
  --
  Subiteration:16 of 16720156
  --
  Subiteration:17 of 16720156
  --
  Subiteration:18 of 16720156
  --
  Subiteration:19 of 16720156
  --
  Subiteration:20 of 16720156
  --
  Subiteration:21 of 16720156
  --
  Subiteration:22 of 16720156
  --
  Subiteration:23 of 16720156
  --
  Subiteration:24 of 16720156
  --
  Subiteration:25 of 16720156
  --
  Subiteration:26 of 16720156
  --
  Subiteration:27 of 16720156
  --
  Subiteration:28 of 16720156
  --
  Subiteration:29 of 16720156
  --
  Subiteration:30 of 16720156
  --
  Subiteration:31 of 16720156
  --
  Subiteration:32 of 16720156
  --
  Subiteration:33 of 16720156
  --
  Subiteration:34 of 16720156
  --
  Subiteration:35 of 16720156
  --
  Subiteration:36 of 16720156
  --
  Subiteration:37 of 16720156
  --
  Subiteration:38 of 16720156
  --
  Subiteration:39 of 16720156
  --
  Subiteration:40 of 16720156
  --
  Subiteration:41 of 16720156
  --
  Subiteration:42 of 16720156
  --
  Subiteration:43 of 16720156
  --
  Subiteration:44 of 16720156
  --
  Subiteration:45 of 16720156
  --
  Subiteration:46 of 16720156
  --
  Subiteration:47 of 16720156
  --
  Subiteration:48 of 16720156
  --
  Subiteration:49 of 16720156
  --
  Subiteration:50 of 16720156
  --
  Subiteration:51 of 16720156
  --
  Subiteration:52 of 16720156
  --
  Subiteration:53 of 16720156
  --
  Subiteration:54 of 16720156
  --
  Subiteration:55 of 16720156
  --
  Subiteration:56 of 16720156
  --
  Subiteration:57 of 16720156
  --
  Subiteration:58 of 16720156
  --
  Subiteration:59 of 16720156
  --
  Subiteration:60 of 16720156
  --
  Subiteration:61 of 16720156
  --
  Subiteration:62 of 16720156
  --
  Subiteration:63 of 16720156
  --
  Subiteration:64 of 16720156
  --
  Subiteration:65 of 16720156
  --
  Subiteration:66 of 16720156
  --
  Subiteration:67 of 16720156
  --
  Subiteration:68 of 16720156
  --
  Subiteration:69 of 16720156
  --
  Subiteration:70 of 16720156
  --
  Subiteration:71 of 16720156
  --
  Subiteration:72 of 16720156
  --
  Subiteration:73 of 16720156
  --
  Subiteration:74 of 16720156
  --
  Subiteration:75 of 16720156
  --
  Subiteration:76 of 16720156
  --
  Subiteration:77 of 16720156
  --
  Subiteration:78 of 16720156
  --
  Subiteration:79 of 16720156
  --
  Subiteration:80 of 16720156
  --
  Subiteration:81 of 16720156
  --
  Subiteration:82 of 16720156
  --
  Subiteration:83 of 16720156
  --
  Subiteration:84 of 16720156
  --
  Subiteration:85 of 16720156
  --
  Subiteration:86 of 16720156
  --
  Subiteration:87 of 16720156
  --
  Subiteration:88 of 16720156
  --
  Subiteration:89 of 16720156
  --
  Subiteration:90 of 16720156
  --
  Subiteration:91 of 16720156
  --
  Subiteration:92 of 16720156
  --
  Subiteration:93 of 16720156
  --
  Subiteration:94 of 16720156
  --
  Subiteration:95 of 16720156
  --
  Subiteration:96 of 16720156
  --
  Subiteration:97 of 16720156
  --
  Subiteration:98 of 16720156
  --
  Subiteration:99 of 16720156
  --
  Subiteration:100 of 16720156
  --
  Subiteration:101 of 16720156
  --
  Subiteration:102 of 16720156
  --
  Subiteration:103 of 16720156
  --
  Subiteration:104 of 16720156
  --
  Subiteration:105 of 16720156
  --
  Subiteration:106 of 16720156
  --
  Subiteration:107 of 16720156
  --
  Subiteration:108 of 16720156
  --
  Subiteration:109 of 16720156
  --
  Subiteration:110 of 16720156
  --
  Subiteration:111 of 16720156
  --
  Subiteration:112 of 16720156
  --
  Subiteration:113 of 16720156
  --
  Subiteration:114 of 16720156
  --
  Subiteration:115 of 16720156
  --
  Subiteration:116 of 16720156
  --
  Subiteration:117 of 16720156
  --
  Subiteration:118 of 16720156
  --
  Subiteration:119 of 16720156
  --
  Subiteration:120 of 16720156
  --
  Subiteration:121 of 16720156
  --
  Subiteration:122 of 16720156
  --
  Subiteration:123 of 16720156
  --
  Subiteration:124 of 16720156
  --
  Subiteration:125 of 16720156
  --
  Subiteration:126 of 16720156
  --
  Subiteration:127 of 16720156
  --
  Subiteration:128 of 16720156
  --
  Subiteration:129 of 16720156
  --
  Subiteration:130 of 16720156
  --
  Subiteration:131 of 16720156
  --
  Subiteration:132 of 16720156
  --
  Subiteration:133 of 16720156
  --
  Subiteration:134 of 16720156
  --
  Subiteration:135 of 16720156
  --
  Subiteration:136 of 16720156
  --
  Subiteration:137 of 16720156
  --
  Subiteration:138 of 16720156
  --
  Subiteration:139 of 16720156
  --
  Subiteration:140 of 16720156
  --
  Subiteration:141 of 16720156
  --
  Subiteration:142 of 16720156
  --
  Subiteration:143 of 16720156
  --
  Subiteration:144 of 16720156
  --
  Subiteration:145 of 16720156
  --
  Subiteration:146 of 16720156
  --
  Subiteration:147 of 16720156
  --
  Subiteration:148 of 16720156
  --
  Subiteration:149 of 16720156
  --
  Subiteration:150 of 16720156
  --
  Subiteration:151 of 16720156
  --
  Subiteration:152 of 16720156
  --
  Subiteration:153 of 16720156
  --
  Subiteration:154 of 16720156
  --
  Subiteration:155 of 16720156
  --
  Subiteration:156 of 16720156
  --
  Subiteration:157 of 16720156
  --
  Subiteration:158 of 16720156
  --
  Subiteration:159 of 16720156
  --
  Subiteration:160 of 16720156
  --
  Subiteration:161 of 16720156
  --
  Subiteration:162 of 16720156
  --
  Subiteration:163 of 16720156
  --
  Subiteration:164 of 16720156
  --
  Subiteration:165 of 16720156
  --
  Subiteration:166 of 16720156
  --
  Subiteration:167 of 16720156
  --
  Subiteration:168 of 16720156
  --
  Subiteration:169 of 16720156
  --
  Subiteration:170 of 16720156
  --
  Subiteration:171 of 16720156
  --
  Subiteration:172 of 16720156
  --
  Subiteration:173 of 16720156
  --
  Subiteration:174 of 16720156
  --
  Subiteration:175 of 16720156
  --
  Subiteration:176 of 16720156
  --
  Subiteration:177 of 16720156
  --
  Subiteration:178 of 16720156
  --
  Subiteration:179 of 16720156
  --
  Subiteration:180 of 16720156
  --
  Subiteration:181 of 16720156
  --
  Subiteration:182 of 16720156
  --
  Subiteration:183 of 16720156
  --
  Subiteration:184 of 16720156
  --
  Subiteration:185 of 16720156
  --
  Subiteration:186 of 16720156
  --
  Subiteration:187 of 16720156
  --
  Subiteration:188 of 16720156
  --
  Subiteration:189 of 16720156
  --
  Subiteration:190 of 16720156
  --
  Subiteration:191 of 16720156
  --
  Subiteration:192 of 16720156
  --
  Subiteration:193 of 16720156
  --
  Subiteration:194 of 16720156
  --
  Subiteration:195 of 16720156
  --
  Subiteration:196 of 16720156
  --
  Subiteration:197 of 16720156
  --
  Subiteration:198 of 16720156
  --
  Subiteration:199 of 16720156
  --
  Subiteration:200 of 16720156
  --
  Subiteration:201 of 16720156
  --
  Subiteration:202 of 16720156
  --
  Subiteration:203 of 16720156
  --
  Subiteration:204 of 16720156
  --
  Subiteration:205 of 16720156
  --
  Subiteration:206 of 16720156
  --
  Subiteration:207 of 16720156
  --
  Subiteration:208 of 16720156
  --
  Subiteration:209 of 16720156
  --
  Subiteration:210 of 16720156
  --
  Subiteration:211 of 16720156
  --
  Subiteration:212 of 16720156
  --
  Subiteration:213 of 16720156
  --
  Subiteration:214 of 16720156
  --
  Subiteration:215 of 16720156
  --
  Subiteration:216 of 16720156
  --
  Subiteration:217 of 16720156
  --
  Subiteration:218 of 16720156
  --
  Subiteration:219 of 16720156
  --
  Subiteration:220 of 16720156
  --
  Subiteration:221 of 16720156
  --
  Subiteration:222 of 16720156
  --
  Subiteration:223 of 16720156
  --
  Subiteration:224 of 16720156
  --
  Subiteration:225 of 16720156
  --
  Subiteration:226 of 16720156
  --
  Subiteration:227 of 16720156
  --
  Subiteration:228 of 16720156
  --
  Subiteration:229 of 16720156
  --
  Subiteration:230 of 16720156
  --
  Subiteration:231 of 16720156
  --
  Subiteration:232 of 16720156
  --
  Subiteration:233 of 16720156
  --
  Subiteration:234 of 16720156
  --
  Subiteration:235 of 16720156
  --
  Subiteration:236 of 16720156
slurmstepd: *** STEP 946541.0 ON nid00054 CANCELLED AT 2016-01-14T16:49:18 DUE TO TIME LIMIT ***
slurmstepd: *** JOB 946541 ON nid00054 CANCELLED AT 2016-01-14T16:49:18 DUE TO TIME LIMIT ***
srun: got SIGCONT
srun: got SIGCONT
srun: forcing job termination
