ModuleCmd_Switch.c(172):ERROR:152: Module 'PrgEnv-intel' is currently not loaded
** GKUnits ***********************************************************

==== Fundamental Units ===============================================
  NUMBER DENSITY    [1/m^3]: 1e+20
  TEMPERATURE           [eV]: 1000
  LENGTH                [m]: 1
  MASS                 [AMU]: 1
  MAGNETIC FIELD        [T]: 1
  CHARGE                [C]: 1.60218e-19
  BOLTZMANN CONSTANT  [J/K]: 1.38065e-23
  ELECTRIC CONSTANT   [F/m]: 8.85419e-12
  MAGNETIC CONSTANT   [H/m]: 1.25664e-06

==== Derived Units ===================================================

  THERMAL SPEED       [m/s]: 309497
  TRANSIT TIME          [s]: 3.23105e-06
  MAGNETIC MOMENT     [J/T]: 8.01088e-17
  DIST. FUNCTION [s/(Am^6)]: 1073.7
  POTENTIAL             [V]: 1000
  GYROFREQUENCY       [1/s]: 9.57883e+07
  GYRORADIUS            [m]: 0.00323105
  DEBYE LENGTH          [m]: 2.35082e-05

==== Dimensionless Parameters =========================================

  LARMOR NUMBER            : 0.00323105
  DEBYE NUMBER             : 2.35082e-05

***********************************************************************
**** cellSp[0] = 0.19635,  cellSp[1] = 0.19635, cellSp[2] = 0.19635
**** dimensions = 32, 32, 32
**** cellSp[0] = 0.19635,  cellSp[1] = 0.19635, cellSp[2] = 0.19635
**** dimensions = 32, 32, 32
**** cellSp[0] = 0.19635,  cellSp[1] = 0.19635, cellSp[2] = 0.19635
**** dimensions = 32, 32, 32
**** cellSp[0] = 0.19635,  cellSp[1] = 0.19635, cellSp[2] = 0.19635
**** dimensions = 32, 32, 32
**** cellSp[0] = 0.19635,  cellSp[1] = 0.19635, cellSp[2] = 0.19635
**** dimensions = 32, 32, 32
**** cellSp[0] = 0.19635,  cellSp[1] = 0.19635, cellSp[2] = 0.19635
**** dimensions = 32, 32, 32
**** cellSp[0] = 0.19635,  cellSp[1] = 0.19635, cellSp[2] = 0.19635
**** dimensions = 32, 32, 32
**** cellSp[0] = 0.19635,  cellSp[1] = 0.19635, cellSp[2] = 0.19635
**** dimensions = 32, 32, 32
**** cellSp[0] = 0.19635,  cellSp[1] = 0.19635, cellSp[2] = 0.19635
**** dimensions = 32, 32, 32
**** cellSp[0] = 0.19635,  cellSp[1] = 0.19635, cellSp[2] = 0.19635
**** dimensions = 32, 32, 32
**** cellSp[0] = 0.19635,  cellSp[1] = 0.19635, cellSp[2] = 0.19635
**** dimensions = 32, 32, 32
**** cellSp[0] = 0.19635,  cellSp[1] = 0.19635, cellSp[2] = 0.19635
**** dimensions = 32, 32, 32
**** cellSp[0] = 0.19635,  cellSp[1] = 0.19635, cellSp[2] = 0.19635
**** dimensions = 32, 32, 32
**** cellSp[0] = 0.19635,  cellSp[1] = 0.19635, cellSp[2] = 0.19635
**** dimensions = 32, 32, 32
**** cellSp[0] = 0.19635,  cellSp[1] = 0.19635, cellSp[2] = 0.19635
**** dimensions = 32, 32, 32
**** cellSp[0] = 0.19635,  cellSp[1] = 0.19635, cellSp[2] = 0.19635
**** dimensions = 32, 32, 32
**** cellSp[0] = 0.19635,  cellSp[1] = 0.19635, cellSp[2] = 0.19635
**** dimensions = 32, 32, 32
**** cellSp[0] = 0.19635,  cellSp[1] = 0.19635, cellSp[2] = 0.19635
**** dimensions = 32, 32, 32
**** cellSp[0] = 0.19635,  cellSp[1] = 0.19635, cellSp[2] = 0.19635
**** dimensions = 32, 32, 32
**** cellSp[0] = 0.19635,  cellSp[1] = 0.19635, cellSp[2] = 0.19635
**** dimensions = 32, 32, 32
**** cellSp[0] = 0.19635,  cellSp[1] = 0.19635, cellSp[2] = 0.19635
**** dimensions = 32, 32, 32
**** cellSp[0] = 0.19635,  cellSp[1] = 0.19635, cellSp[2] = 0.19635
**** dimensions = 32, 32, 32
**** cellSp[0] = 0.19635,  cellSp[1] = 0.19635, cellSp[2] = 0.19635
**** dimensions = 32, 32, 32
**** cellSp[0] = 0.19635,  cellSp[1] = 0.19635, cellSp[2] = 0.19635
**** dimensions = 32, 32, 32
**** cellSp[0] = 0.19635,  cellSp[1] = 0.19635, cellSp[2] = 0.19635
**** dimensions = 32, 32, 32
**** cellSp[0] = 0.19635,  cellSp[1] = 0.19635, cellSp[2] = 0.19635
**** dimensions = 32, 32, 32
**** cellSp[0] = 0.19635,  cellSp[1] = 0.19635, cellSp[2] = 0.19635
**** dimensions = 32, 32, 32
**** cellSp[0] = 0.19635,  cellSp[1] = 0.19635, cellSp[2] = 0.19635
**** dimensions = 32, 32, 32
**** cellSp[0] = 0.19635,  cellSp[1] = 0.19635, cellSp[2] = 0.19635
**** dimensions = 32, 32, 32
**** cellSp[0] = 0.19635,  cellSp[1] = 0.19635, cellSp[2] = 0.19635
**** dimensions = 32, 32, 32
**** cellSp[0] = 0.19635,  cellSp[1] = 0.19635, cellSp[2] = 0.19635
**** dimensions = 32, 32, 32
**** cellSp[0] = 0.19635,  cellSp[1] = 0.19635, cellSp[2] = 0.19635
**** dimensions = 32, 32, 32
**** cellSp[0] = 0.19635,  cellSp[1] = 0.19635, cellSp[2] = 0.19635
**** dimensions = 32, 32, 32
**** cellSp[0] = 0.19635,  cellSp[1] = 0.19635, cellSp[2] = 0.19635
**** dimensions = 32, 32, 32
**** cellSp[0] = 0.19635,  cellSp[1] = 0.19635, cellSp[2] = 0.19635
**** dimensions = 32, 32, 32
**** cellSp[0] = 0.19635,  cellSp[1] = 0.19635, cellSp[2] = 0.19635
**** dimensions = 32, 32, 32
**** cellSp[0] = 0.19635,  cellSp[1] = 0.19635, cellSp[2] = 0.19635
**** dimensions = 32, 32, 32
**** cellSp[0] = 0.19635,  cellSp[1] = 0.19635, cellSp[2] = 0.19635
**** dimensions = 32, 32, 32
**** cellSp[0] = 0.19635,  cellSp[1] = 0.19635, cellSp[2] = 0.19635
**** dimensions = 32, 32, 32
**** cellSp[0] = 0.19635,  cellSp[1] = 0.19635, cellSp[2] = 0.19635
**** dimensions = 32, 32, 32
**** cellSp[0] = 0.19635,  cellSp[1] = 0.19635, cellSp[2] = 0.19635
**** dimensions = 32, 32, 32
**** cellSp[0] = 0.19635,  cellSp[1] = 0.19635, cellSp[2] = 0.19635
**** dimensions = 32, 32, 32
**** cellSp[0] = 0.19635,  cellSp[1] = 0.19635, cellSp[2] = 0.19635
**** dimensions = 32, 32, 32
**** cellSp[0] = 0.19635,  cellSp[1] = 0.19635, cellSp[2] = 0.19635
**** dimensions = 32, 32, 32
**** cellSp[0] = 0.19635,  cellSp[1] = 0.19635, cellSp[2] = 0.19635
**** dimensions = 32, 32, 32
**** cellSp[0] = 0.19635,  cellSp[1] = 0.19635, cellSp[2] = 0.19635
**** dimensions = 32, 32, 32
**** cellSp[0] = 0.19635,  cellSp[1] = 0.19635, cellSp[2] = 0.19635
**** dimensions = 32, 32, 32
**** cellSp[0] = 0.19635,  cellSp[1] = 0.19635, cellSp[2] = 0.19635
**** dimensions = 32, 32, 32
**** cellSp[0] = 0.19635,  cellSp[1] = 0.19635, cellSp[2] = 0.19635
**** dimensions = 32, 32, 32
**** cellSp[0] = 0.19635,  cellSp[1] = 0.19635, cellSp[2] = 0.19635
**** dimensions = 32, 32, 32
**** cellSp[0] = 0.19635,  cellSp[1] = 0.19635, cellSp[2] = 0.19635
**** dimensions = 32, 32, 32
**** cellSp[0] = 0.19635,  cellSp[1] = 0.19635, cellSp[2] = 0.19635
**** dimensions = 32, 32, 32
**** cellSp[0] = 0.19635,  cellSp[1] = 0.19635, cellSp[2] = 0.19635
**** dimensions = 32, 32, 32
**** cellSp[0] = 0.19635,  cellSp[1] = 0.19635, cellSp[2] = 0.19635
**** dimensions = 32, 32, 32
**** cellSp[0] = 0.19635,  cellSp[1] = 0.19635, cellSp[2] = 0.19635
**** dimensions = 32, 32, 32
**** cellSp[0] = 0.19635,  cellSp[1] = 0.19635, cellSp[2] = 0.19635
**** dimensions = 32, 32, 32
**** cellSp[0] = 0.19635,  cellSp[1] = 0.19635, cellSp[2] = 0.19635
**** dimensions = 32, 32, 32
**** cellSp[0] = 0.19635,  cellSp[1] = 0.19635, cellSp[2] = 0.19635
**** dimensions = 32, 32, 32
**** cellSp[0] = 0.19635,  cellSp[1] = 0.19635, cellSp[2] = 0.19635
**** dimensions = 32, 32, 32
**** cellSp[0] = 0.19635,  cellSp[1] = 0.19635, cellSp[2] = 0.19635
**** dimensions = 32, 32, 32
**** cellSp[0] = 0.19635,  cellSp[1] = 0.19635, cellSp[2] = 0.19635
**** dimensions = 32, 32, 32
**** cellSp[0] = 0.19635,  cellSp[1] = 0.19635, cellSp[2] = 0.19635
**** dimensions = 32, 32, 32
**** cellSp[0] = 0.19635,  cellSp[1] = 0.19635, cellSp[2] = 0.19635
**** dimensions = 32, 32, 32
Constructing slab geometry...
xmax = 0.02, ymax = 0.02, zmax = 0.2
Bz_inner = 3, Bz_outer = 3
By_inner  = 0
**** cellSp[0] = 0.19635,  cellSp[1] = 0.19635, cellSp[2] = 0.19635
**** dimensions = 32, 32, 32
Done constructing slab geometry
**** cellSp[0] = 0.19635,  cellSp[1] = 0.19635, cellSp[2] = 0.19635
**** dimensions = 32, 32, 32
**** cellSp[0] = 0.19635,  cellSp[1] = 0.19635, cellSp[2] = 0.19635
**** dimensions = 32, 32, 32
   Configuration space box ((0,0,0) (7,7,7) (0,0,0)) is assigned to process 0
   Configuration space box ((8,0,0) (15,7,7) (0,0,0)) is assigned to process 1
   Configuration space box ((16,0,0) (23,7,7) (0,0,0)) is assigned to process 2
   Configuration space box ((24,0,0) (31,7,7) (0,0,0)) is assigned to process 3
   Configuration space box ((0,8,0) (7,15,7) (0,0,0)) is assigned to process 4
   Configuration space box ((8,8,0) (15,15,7) (0,0,0)) is assigned to process 5
   Configuration space box ((16,8,0) (23,15,7) (0,0,0)) is assigned to process 6
   Configuration space box ((24,8,0) (31,15,7) (0,0,0)) is assigned to process 7
   Configuration space box ((0,16,0) (7,23,7) (0,0,0)) is assigned to process 8
   Configuration space box ((8,16,0) (15,23,7) (0,0,0)) is assigned to process 9
   Configuration space box ((16,16,0) (23,23,7) (0,0,0)) is assigned to process 10
   Configuration space box ((24,16,0) (31,23,7) (0,0,0)) is assigned to process 11
   Configuration space box ((0,24,0) (7,31,7) (0,0,0)) is assigned to process 12
   Configuration space box ((8,24,0) (15,31,7) (0,0,0)) is assigned to process 13
   Configuration space box ((16,24,0) (23,31,7) (0,0,0)) is assigned to process 14
   Configuration space box ((24,24,0) (31,31,7) (0,0,0)) is assigned to process 15
   Configuration space box ((0,0,8) (7,7,15) (0,0,0)) is assigned to process 16
   Configuration space box ((8,0,8) (15,7,15) (0,0,0)) is assigned to process 17
   Configuration space box ((16,0,8) (23,7,15) (0,0,0)) is assigned to process 18
   Configuration space box ((24,0,8) (31,7,15) (0,0,0)) is assigned to process 19
   Configuration space box ((0,8,8) (7,15,15) (0,0,0)) is assigned to process 20
   Configuration space box ((8,8,8) (15,15,15) (0,0,0)) is assigned to process 21
   Configuration space box ((16,8,8) (23,   Phase space box ((16,0,8,-8,0) (23,7,15,-1,15) (0,0,0,0,0)) is assigned to process 36, has 65536 valid cells and 1507328 ghost cells
   Phase space box ((0,8,8,0,0) (7,15,15,7,15) (0,0,0,0,0)) is assigned to process 41, has 65536 valid cells and 1507328 ghost cells
   Phase space box ((16,8,8,0,0) (23,15,15,7,15) (0,0,0,0,0)) is assigned to process 45, has 65536 valid cells and 1507328 ghost cells
   Phase space box ((8,16,8,0,0) (15,23,15,7,15) (0,0,0,0,0)) is assigned to process 51, has 65536 valid cells and 1507328 ghost cells
   Phase space box ((0,24,8,-8,0) (7,31,15,-1,15) (0,0,0,0,0)) is assigned to process 56, has 65536 valid cells and 1507328 ghost cells
   Phase space box ((0,24,8,0,0) (7,31,15,7,15) (0,0,0,0,0)) is assigned to process 57, has 65536 valid cells and 1507328 ghost cells
   Phase space box ((0,0,8,-8,0) (7,7,15,-1,15) (0,0,0,0,0)) is assigned to process 32, has 65536 valid cells and 1507328 ghost cells
   Phase space box ((0,0,8,0,0) (7,7,15,7,15) (0,0,0,0,0)) is assigned to process 33, has 65536 valid cells and 1507328 ghost cells
   Phase space box ((8,0,8,-8,0) (15,7,15,-1,15) (0,0,0,0,0)) is assigned to process 34, has 65536 valid cells and 1507328 ghost cells
   Phase space box ((8,0,8,0,0) (15,7,15,7,15) (0,0,0,0,0)) is assigned to process 35, has 65536 valid cells and 1507328 ghost cells
   Phase space box ((16,0,8,0,0) (23,7,15,7,15) (0,0,0,0,0)) is assigned to process 37, has 65536 valid cells and 1507328 ghost cells
   Phase space box ((24,0,8,-8,0) (31,7,15,-1,15) (0,0,0,0,0)) is assigned to process 38, has 65536 valid cells and 1507328 ghost cells
   Phase space box ((24,0,8,0,0) (31,7,15,7,15) (0,0,0,0,0)) is assigned to process 39, has 65536 valid cells and 1507328 ghost cells
   Phase space box ((0,8,8,-8,0) (7,15,15,-1,15) (0,0,0,0,0)) is assigned to process 40, has 65536 valid cells and 1507328 ghost cells
   Phase space box ((8,8,8,-8,0) (15,15,15,-1,15) (0,0,0,0,0)) is assigned to process 42, has 65536 valid cells and 1507328 ghost cells
   Phase space box ((8,8,8,0,0) (15,15,15,7,15) (0,0,0,0,0)) is assigned to process 43, has 65536 valid cells and 1507328 ghost cells
   Phase space box ((16,8,8,-8,0) (23,15,15,-1,15) (0,0,0,0,0)) is assigned to process 44, has 65536 valid cells and 1507328 ghost cells
   Phase space box ((24,8,8,-8,0) (31,15,15,-1,15) (0,0,0,0,0)) is assigned to process 46, has 65536 valid cells and 1507328 ghost cells
   Phase space box ((24,8,8,0,0) (31,15,15,7,15) (0,0,0,0,0)) is assigned to process 47, has 65536 valid cells and 1507328 ghost cells
   Phase space box ((0,16,8,-8,0) (7,23,15,-1,15) (0,0,0,0,0)) is assigned to process 48, has 65536 valid cells and 1507328 ghost cells
   Phase space box ((0,16,8,0,0) (7,23,15,7,15) (0,0,0,0,0)) is assigned to process 49, has 65536 valid cells and 1507328 ghost cells
   Phase space box ((8,16,8,-8,0) (15,23,15,-1,15) (0,0,0,0,0)) is assigned to process 50, has 65536 valid cells and 1507328 ghost cells
   Phase space box ((16,16,8,-8,0) (23,23,15,-1,15) (0,0,0,0,0)) is assigned to process 52, has 65536 valid cells and 1507328 ghost cells
   Phase space box ((16,16,8,0,0) (23,23,15,7,15) (0,0,0,0,0)) is assigned to process 53, has 65536 valid cells and 1507328 ghost cells
   Phase space box ((24,16,8,-8,0) (31,23,15,-1,15) (0,0,0,0,0)) is assigned to process 54, has 65536 valid cells and 1507328 ghost cells
   Phase space box ((24,16,8,0,0) (31,23,15,7,15) (0,0,0,0,0)) is assigned to process 55, has 65536 valid cells and 1507328 ghost cells
   Phase space box ((8,24,8,-8,0) (15,31,15,-1,15) (0,0,0,0,0)) is assigned to process 58, has 65536 valid cells and 1507328 ghost cells
   Phase space box ((8,24,8,0,0) (15,31,15,7,15) (0,0,0,0,0)) is assigned to process 59, has 65536 valid cells and 1507328 ghost cells
   Phase space box ((16,24,8,-8,0) (23,31,15,-1,15) (0,0,0,0,0)) is assigned to process 60, has 65536 valid cells and 1507328 ghost cells
   Phase space box ((16,24,8,0,0) (23,31,15,7,15) (0,0,0,0,0)) is assigned to process 61, has 65536 valid cells and 1507328 ghost cells
   Phase space box ((24,24,8,-8,0) (31,31,15,-1,15) (0,0,0,0,0)) is assigned to process 62, has 65536 valid cells and 1507328 ghost cells
   Phase space box ((24,24,8,0,0) (31,31,15,7,15) (0,0,0,0,0)) is assigned to process 63, has 65536 valid cells and 1507328 ghost cells
**** cellSp[0] = 0.19635,  cellSp[1] = 0.19635, cellSp[2] = 0.19635
**** dimensions = 32, 32, 32
**** cellSp[0] = 0.19635,  cellSp[1] = 0.19635, cellSp[2] = 0.19635
**** dimensions = 32, 32, 32
**** cellSp[0] = 0.19635,  cellSp[1] = 0.19635, cellSp[2] = 0.19635
**** dimensions = 32, 32, 32
**** cellSp[0] = 0.19635,  cellSp[1] = 0.19635, cellSp[2] = 0.19635
**** dimensions = 32, 32, 32
**** cellSp[0] = 0.19635,  cellSp[1] = 0.19635, cellSp[2] = 0.19635
**** dimensions = 32, 32, 32
**** cellSp[0] = 0.19635,  cellSp[1] = 0.19635, cellSp[2] = 0.19635
**** dimensions = 32, 32, 32
**** cellSp[0] = 0.19635,  cellSp[1] = 0.19635, cellSp[2] = 0.19635
**** dimensions = 32, 32, 32
**** cellSp[0] = 0.19635,  cellSp[1] = 0.19635, cellSp[2] = 0.19635
**** dimensions = 32, 32, 32
**** cellSp[0] = 0.19635,  cellSp[1] = 0.19635, cellSp[2] = 0.19635
**** dimensions = 32, 32, 32
**** cellSp[0] = 0.19635,  cellSp[1] = 0.19635, cellSp[2] = 0.19635
**** dimensions = 32, 32, 32
**** cellSp[0] = 0.19635,  cellSp[1] = 0.19635, cellSp[2] = 0.19635
**** dimensions = 32, 32, 32
**** cellSp[0] = 0.19635,  cellSp[1] = 0.19635, cellSp[2] = 0.19635
**** dimensions = 32, 32, 32
**** cellSp[0] = 0.19635,  cellSp[1] = 0.19635, cellSp[2] = 0.19635
**** dimensions = 32, 32, 32
**** cellSp[0] = 0.19635,  cellSp[1] = 0.19635, cellSp[2] = 0.19635
**** dimensions = 32, 32, 32
**** cellSp[0] = 0.19635,  cellSp[1] = 0.19635, cellSp[2] = 0.19635
**** dimensions = 32, 32, 32
**** cellSp[0] = 0.19635,  cellSp[1] = 0.19635, cellSp[2] = 0.19635
**** dimensions = 32, 32, 32
**** cellSp[0] = 0.19635,  cellSp[1] = 0.19635, cellSp[2] = 0.19635
**** dimensions = 32, 32, 32
**** cellSp[0] = 0.19635,  cellSp[1] = 0.19635, cellSp[2] = 0.19635
**** dimensions = 32, 32, 32
**** cellSp[0] = 0.19635,  cellSp[1] = 0.19635, cellSp[2] = 0.19635
**** dimensions = 32, 32, 32
**** cellSp[0] = 0.19635,  cellSp[1] = 0.19635, cellSp[2] = 0.19635
**** dimensions = 32, 32, 32
**** cellSp[0] = 0.19635,  cellSp[1] = 0.19635, cellSp[2] = 0.19635
**** dimensions = 32, 32, 32
**** cellSp[0] = 0.19635,  cellSp[1] = 0.19635, cellSp[2] = 0.19635
**** dimensions = 32, 32, 32
**** cellSp[0] = 0.19635,  cellSp[1] = 0.19635, cellSp[2] = 0.19635
**** dimensions = 32, 32, 32
**** cellSp[0] = 0.19635,  cellSp[1] = 0.19635, cellSp[2] = 0.19635
**** dimensions = 32, 32, 32
**** cellSp[0] = 0.19635,  cellSp[1] = 0.19635, cellSp[2] = 0.19635
**** dimensions = 32, 32, 32
**** cellSp[0] = 0.19635,  cellSp[1] = 0.19635, cellSp[2] = 0.19635
**** dimensions = 32, 32, 32
**** cellSp[0] = 0.19635,  cellSp[1] = 0.19635, cellSp[2] = 0.19635
**** dimensions = 32, 32, 32
**** cellSp[0] = 0.19635,  cellSp[1] = 0.19635, cellSp[2] = 0.19635
**** dimensions = 32, 32, 32
**** cellSp[0] = 0.19635,  cellSp[1] = 0.19635, cellSp[2] = 0.19635
**** dimensions = 32, 32, 32
**** cellSp[0] = 0.19635,  cellSp[1] = 0.19635, cellSp[2] = 0.19635
**** dimensions = 32, 32, 32
**** cellSp[0] = 0.19635,  cellSp[1] = 0.19635, cellSp[2] = 0.19635
**** dimensions = 32, 32, 32
   Phase space box ((24,0,16,-8,0) (31,7,23,-1,15) (0,0,0,0,0)) is assigned to process 70, has 65536 valid cells and 1507328 ghost cells
   Phase space box ((0,16,16,-8,0) (7,23,23,-1,15) (0,0,0,0,0)) is assigned to process 80, has 65536 valid cells and 1507328 ghost cells
   Phase space box ((0,16,16,0,0) (7,23,23,7,15) (0,0,0,0,0)) is assigned to process 81, has 65536 valid cells and 1507328 ghost cells
   Phase space box ((24,16,16,0,0) (31,23,23,7,15) (0,0,0,0,0)) is assigned to process 87, has 65536 valid cells and 1507328 ghost cells
   Phase space box ((8,24,16,0,0) (15,31,23,7,15) (0,0,0,0,0)) is assigned to process 91, has 65536 valid cells and 1507328 ghost cells
   Phase space box ((16,24,16,-8,0) (23,31,23,-1,15) (0,0,0,0,0)) is assigned to process 92, has 65536 valid cells and 1507328 ghost cells
   Phase space box ((16,24,16,0,0) (23,31,23,7,15) (0,0,0,0,0)) is assigned to process 93, has 65536 valid cells and 1507328 ghost cells
   Phase space box ((24,24,16,0,0) (31,31,23,7,15) (0,0,0,0,0)) is assigned to process 95, has 65536 valid cells and 1507328 ghost cells
   Phase space box ((0,0,16,-8,0) (7,7,23,-1,15) (0,0,0,0,0)) is assigned to process 64, has 65536 valid cells and 1507328 ghost cells
   Phase space box ((0,0,16,0,0) (7,7,23,7,15) (0,0,0,0,0)) is assigned to process 65, has 65536 valid cells and 1507328 ghost cells
   Phase space box ((8,0,16,-8,0) (15,7,23,-1,15) (0,0,0,0,0)) is assigned to process 66, has 65536 valid cells and 1507328 ghost cells
   Phase space box ((8,0,16,0,0) (15,7,23,7,15) (0,0,0,0,0)) is assigned to process 67, has 65536 valid cells and 1507328 ghost cells
   Phase space box ((16,0,16,-8,0) (23,7,23,-1,15) (0,0,0,0,0)) is assigned to process 68, has 65536 valid cells and 1507328 ghost cells
   Phase space box ((16,0,16,0,0) (23,7,23,7,15) (0,0,0,0,0)) is assigned to process 69, has 65536 valid cells and 1507328 ghost cells
   Phase space box ((24,0,16,0,0) (31,7,23,7,15) (0,0,0,0,0)) is assigned to process 71, has 65536 valid cells and 1507328 ghost cells
   Phase space box ((0,8,16,-8,0) (7,15,23,-1,15) (0,0,0,0,0)) is assigned to process 72, has 65536 valid cells and 1507328 ghost cells
   Phase space box ((0,8,16,0,0) (7,15,23,7,15) (0,0,0,0,0)) is assigned to process 73, has 65536 valid cells and 1507328 ghost cells
   Phase space box ((8,8,16,-8,0) (15,15,23,-1,15) (0,0,0,0,0)) is assigned to process 74, has 65536 valid cells and 1507328 ghost cells
   Phase space box ((8,8,16,0,0) (15,15,23,7,15) (0,0,0,0,0)) is assigned to process 75, has 65536 valid cells and 1507328 ghost cells
   Phase space box ((16,8,16,-8,0) (23,15,23,-1,15) (0,0,0,0,0)) is assigned to process 76, has 65536 valid cells and 1507328 ghost cells
   Phase space box ((16,8,16,0,0) (23,15,23,7,15) (0,0,0,0,0)) is assigned to process 77, has 65536 valid cells and 1507328 ghost cells
   Phase space box ((24,8,16,-8,0) (31,15,23,-1,15) (0,0,0,0,0)) is assigned to process 78, has 65536 valid cells and 1507328 ghost cells
   Phase space box ((24,8,16,0,0) (31,15,23,7,15) (0,0,0,0,0)) is assigned to process 79, has 65536 valid cells and 1507328 ghost cells
   Phase space box ((8,16,16,-8,0) (15,23,23,-1,15) (0,0,0,0,0)) is assigned to process 82, has 65536 valid cells and 1507328 ghost cells
   Phase space box ((8,16,16,0,0) (15,23,23,7,15) (0,0,0,0,0)) is assigned to process 83, has 65536 valid cells and 1507328 ghost cells
   Phase space box ((16,16,16,-8,0) (23,23,23,-1,15) (0,0,0,0,0)) is assigned to process 84, has 65536 valid cells and 1507328 ghost cells
   Phase space box ((16,16,16,0,0) (23,23,23,7,15) (0,0,0,0,0)) is assigned to process 85, has 65536 valid cells and 1507328 ghost cells
   Phase space box ((24,16,16,-8,0) (31,23,23,-1,15) (0,0,0,0,0)) is assigned to process 86, has 65536 valid cells and 1507328 ghost cells
   Phase space box ((0,24,16,-8,0) (7,31,23,-1,15) (0,0,0,0,0)) is assigned to process 88, has 65536 valid cells and 1507328 ghost cells
   Phase space box ((0,24,16,0,0) (7,31,23,7,15) (0,0,0,0,0)) is assigned to process 89, has 65536 valid cells and 1507328 ghost cells
   Phase space box ((8,24,16,-8,0) (15,31,23,-1,15) (0,0,0,0,0)) is assigned to process 90, has 65536 valid cells and 1507328 ghost cells
   Phase space box ((24,24,16,-8,0) (31,31,23,-1,15) (0,0,0,0,0)) is assigned to process 94, has 65536 valid cells and 1507328 ghost cells
15,15) (0,0,0)) is assigned to process 22
   Configuration space box ((24,8,8) (31,15,15) (0,0,0)) is assigned to process 23
   Configuration space box ((0,16,8) (7,23,15) (0,0,0)) is assigned to process 24
   Configuration space box ((8,16,8) (15,23,15) (0,0,0)) is assigned to process 25
   Configuration space box ((16,16,8) (23,23,15) (0,0,0)) is assigned to process 26
   Configuration space box ((24,16,8) (31,23,15) (0,0,0)) is assigned to process 27
   Configuration space box ((0,24,8) (7,31,15) (0,0,0)) is assigned to process 28
   Configuration space box ((8,24,8) (15,31,15) (0,0,0)) is assigned to process 29
   Configuration space box ((16,24,8) (23,31,15) (0,0,0)) is assigned to process 30
   Configuration space box ((24,24,8) (31,31,15) (0,0,0)) is assigned to process 31
   Configuration space box ((0,0,16) (7,7,23) (0,0,0)) is assigned to process 32
   Configuration space box ((8,0,16) (15,7,23) (0,0,0)) is assigned to process 33
   Configuration space box ((16,0,16) (23,7,23) (0,0,0)) is assigned to process 34
   Configuration space box ((24,0,16) (31,7,23) (0,0,0)) is assigned to process 35
   Configuration space box ((0,8,16) (7,15,23) (0,0,0)) is assigned to process 36
   Configuration space box ((8,8,16) (15,15,23) (0,0,0)) is assigned to process 37
   Configuration space box ((16,8,16) (23,15,23) (0,0,0)) is assigned to process 38
   Configuration space box ((24,8,16) (31,15,23) (0,0,0)) is assigned to process 39
   Configuration space box ((0,16,16) (7,23,23) (0,0,0)) is assigned to process 40
   Configuration space box ((8,16,16) (15,23,23) (0,0,0)) is assigned to process 41
   Configuration space box ((16,16,16) (23,23,23) (0,0,0)) is assigned to process 42
   Configuration space box ((24,16,16) (31,23,23) (0,0,0)) is assigned to process 43
   Configuration space box ((0,24,16) (7,31,23) (0,0,0)) is assigned to process 44
   Configuration space box ((8,24,16) (15,31,23) (0,0,0)) is assigned to process 45
**** cellSp[0] = 0.19635,  cellSp[1] = 0.19635, cellSp[2] = 0.19635
**** dimensions = 32, 32, 32
   Configuration space box ((16,24,16) (23,31,23) (0,0,0)) is assigned to process 46
   Configuration space box ((24,24,16) (31,31,23) (0,0,0)) is assigned to process 47
   Configuration space box ((0,0,24) (7,7,31) (0,0,0)) is assigned to process 48
   Configuration space box ((8,0,24) (15,7,31) (0,0,0)) is assigned to process 49
   Configuration space box ((16,0,24) (23,7,31) (0,0,0)) is assigned to process 50
   Configuration space box ((24,0,24) (31,7,31) (0,0,0)) is assigned to process 51
   Configuration space box ((0,8,24) (7,15,31) (0,0,0)) is assigned to process 52
   Configuration space box ((8,8,24) (15,15,31) (0,0,0)) is assigned to process 53
   Configuration space box ((16,8,24) (23,15,31) (0,0,0)) is assigned to process 54
   Configuration space box ((24,8,24) (31,15,31) (0,0,0)) is assigned to process 55
   Configuration space box ((0,16,24) (7,23,31) (0,0,0)) is assigned to process 56
   Configuration space box ((8,16,24) (15,23,31) (0,0,0)) is assigned to process 57
   Configuration space bo**** cellSp[0] = 0.19635,  cellSp[1] = 0.19635, cellSp[2] = 0.19635
**** dimensions = 32, 32, 32
x ((16,16,24) (23,23,31) (0,0,0)) is assigned to process 58
**** cellSp[0] = 0.19635,  cellSp[1] = 0.19635, cellSp[2] = 0.19635
**** dimensions = 32, 32, 32
   Configuration space box ((24,16,24) (31,23,31) (0,0,0)) is assigned to process 59
   Configuration space box ((0,24,24) (7,31,31) (0,0,0)) is assigned to process 60
   Configuration space box ((8,24,24) (15,31,31) (0,0,0)) is assigned to process 61
   Configuration space box ((16,24,24) (23,31,31) (0,0,0)) is assigned to process 62
   Configuration space box ((24,24,24) (31,31,31) (0,0,0)) is assigned to process 63
Constructing magnetic geometry
**** cellSp[0] = 0.19635,  cellSp[1] = 0.19635, cellSp[2] = 0.19635
**** dimensions = 32, 32, 32
Done constructing magnetic geometry
**** cellSp[0] = 0.19635,  cellSp[1] = 0.19635, cellSp[2] = 0.19635
**** dimensions = 32, 32, 32
   Velocity space box ((-8,0) (-5,3) (0,0)) is assigned to process 0
   Velocity space box ((-4,0) (-1,3) (0,0)) is assigned to process 1
   Velocity space box ((0,0) (3,3) (0,0)) is assigned to process 2
   Velocity space box ((4,0) (7,3) (0,0)) is assigned to process 3
   Velocity space box ((-8,4) (-5,7) (0,0)) is assigned to process 4
   Velocity space box ((-4,4) (-1,7) (0,0)) is assigned to process 5
   Velocity space box ((0,4) (3,7) (0,0)) is assigned to process 6
   Velocity space box ((4,4) (7,7) (0,0)) is assigned to process 7
   Velocity space box ((-8,8) (-5,11) (0,0)) is assigned to process 8
   Velocity space box ((-4,8) (-1,11) (0,0)) is assigned to process 9
   Velocity space box ((0,8) (3,11) (0,0)) is assigned to process 10
   Velocity space box ((4,8) (7,11) (0,0)) is assigned to process 11
   Velocity space box ((-8,12) (-5,15) (0,0)) is assigned to process 12
   Velocity space box ((-4,12) (-1,15) (0,0)) is assigned to process 13
   Velocity space box ((0,12) (3,15) (0,0)) is assigned to**** cellSp[0] = 0.19635,  cellSp[1] = 0.19635, cellSp[2] = 0.19635
**** dimensions = 32, 32, 32
 process 14
   Velocity space box ((4,12) (7,15) (0,0)) is assigned to process 15
**** cellSp[0] = 0.19635,  cellSp[1] = 0.19635, cellSp[2] = 0.19635
**** dimensions = 32, 32, 32
   Phase space box ((0,16,0,0,0) (7,23,7,7,15) (0,0,0,0,0)) is assigned to process 17, has 65536 valid cells and 1507328 ghost cells
**** cellSp[0] = 0.19635,  cellSp[1] = 0.19635, cellSp[2] = 0.19635
**** dimensions = 32, 32, 32
   Phase space box ((24,16,0,-8,0) (31,23,7,-1,15) (0,0,0,0,0)) is assigned to process 22, has 65536 valid cells and 1507328 ghost cells
**** cellSp[0] = 0.19635,  cellSp[1] = 0.19635, cellSp[2] = 0.19635
**** dimensions = 32, 32, 32
   Phase space box ((24,0,0,-8,0) (31,7,7,-1,15) (0,0,0,0,0)) is assigned to process 6, has 65536 valid cells and 1507328 ghost cells
**** cellSp[0] = 0.19635,  cellSp[1] = 0.19635, cellSp[2] = 0.19635
**** dimensions = 32, 32, 32
   Phase space box ((0,8,0,-8,0) (7,15,7,-1,15) (0,0,0,0,0)) is assigned to process 8, has 65536 valid cells and 1507328 ghost cells
**** cellSp[0] = 0.19635,  cellSp[1] = 0.19635, cellSp[2] = 0.19635
**** dimensions = 32, 32, 32
   Phase space box ((8,8,0,0,0) (15,15,7,7,15) (0,0,0,0,0)) is assigned to process 11, has 65536 valid cells and 1507328 ghost cells
**** cellSp[0] = 0.19635,  cellSp[1] = 0.19635, cellSp[2] = 0.19635
**** dimensions = 32, 32, 32
   Phase space box ((0,16,0,-8,0) (7,23,7,-1,15) (0,0,0,0,0)) is assigned to process 16, has 65536 valid cells and 1507328 ghost cells
**** cellSp[0] = 0.19635,  cellSp[1] = 0.19635, cellSp[2] = 0.19635
**** dimensions = 32, 32, 32
   Phase space box ((8,16,0,-8,0) (15,23,7,-1,15) (0,0,0,0,0)) is assigned to process 18, has 65536 valid cells and 1507328 ghost cells
**** cellSp[0] = 0.19635,  cellSp[1] = 0.19635, cellSp[2] = 0.19635
**** dimensions = 32, 32, 32
   Phase space box ((16,16,0,-8,0) (23,23,7,-1,15) (0,0,0,0,0)) is assigned to process 20, has 65536 valid cells and 1507328 ghost cells
**** cellSp[0] = 0.19635,  cellSp[1] = 0.19635, cellSp[2] = 0.19635
**** dimensions = 32, 32, 32
   Phase space box ((16,16,0,0,0) (23,23,7,7,15) (0,0,0,0,0)) is assigned to process 21, has 65536 valid cells and 1507328 ghost cells
**** cellSp[0] = 0.19635,  cellSp[1] = 0.19635, cellSp[2] = 0.19635
**** dimensions = 32, 32, 32
   Phase space box ((24,16,0,0,0) (31,23,7,7,15) (0,0,0,0,0)) is assigned to process 23, has 65536 valid cells and 1507328 ghost cells
**** cellSp[0] = 0.19635,  cellSp[1] = 0.19635, cellSp[2] = 0.19635
**** dimensions = 32, 32, 32
   Phase space box ((0,24,0,-8,0) (7,31,7,-1,15) (0,0,0,0,0)) is assigned to process 24, has 65536 valid cells and 1507328 ghost cells
**** cellSp[0] = 0.19635,  cellSp[1] = 0.19635, cellSp[2] = 0.19635
**** dimensions = 32, 32, 32
   Phase space box ((0,24,0,0,0) (7,31,7,7,15) (0,0,0,0,0)) is assigned to process 25, has 65536 valid cells and 1507328 ghost cells
**** cellSp[0] = 0.19635,  cellSp[1] = 0.19635, cellSp[2] = 0.19635
**** dimensions = 32, 32, 32
   Phase space box ((8,24,0,0,0) (15,31,7,7,15) (0,0,0,0,0)) is assigned to process 27, has 65536 valid cells and 1507328 ghost cells
**** cellSp[0] = 0.19635,  cellSp[1] = 0.19635, cellSp[2] = 0.19635
**** dimensions = 32, 32, 32
   Phase space box ((16,24,0,0,0) (23,31,7,7,15) (0,0,0,0,0)) is assigned to process 29, has 65536 valid cells and 1507328 ghost cells
**** cellSp[0] = 0.19635,  cellSp[1] = 0.19635, cellSp[2] = 0.19635
**** dimensions = 32, 32, 32
   Phase space box ((0,0,0,-8,0) (7,7,7,-1,15) (0,0,0,0,0)) is assigned to process 0, has 65536 valid cells and 1507328 ghost cells
**** cellSp[0] = 0.19635,  cellSp[1] = 0.19635, cellSp[2] = 0.19635
**** dimensions = 32, 32, 32
   Phase space box ((0,0,0,0,0) (7,7,7,7,15) (0,0,0,0,0)) is assigned to process 1, has 65536 valid cells and 1507328 ghost cells
**** cellSp[0] = 0.19635,  cellSp[1] = 0.19635, cellSp[2] = 0.19635
**** dimensions = 32, 32, 32
   Phase space box ((8,0,0,-8,0) (15,7,7,-1,15) (0,0,0,0,0)) is assigned to process 2, has 65536 valid cells and 1507328 ghost cells
**** cellSp[0] = 0.19635,  cellSp[1] = 0.19635, cellSp[2] = 0.19635
**** dimensions = 32, 32, 32
   Phase space box ((8,0,0,0,0) (15,7,7,7,15) (0,0,0,0,0)) is assigned to process 3, has 65536 valid cells and 1507328 ghost cells
**** cellSp[0] = 0.19635,  cellSp[1] = 0.19635, cellSp[2] = 0.19635
**** dimensions = 32, 32, 32
   Phase space box ((16,0,0,-8,0) (23,7,7,-1,15) (0,0,0,0,0)) is assigned to process 4, has 65536 valid cells and 1507328 ghost cells
**** cellSp[0] = 0.19635,  cellSp[1] = 0.19635, cellSp[2] = 0.19635
**** dimensions = 32, 32, 32
   Phase space box ((16,0,0,0,0) (23,7,7,7,15) (0,0,0,0,0)) is assigned to process 5, has 65536 valid cells and 1507328 ghost cells
**** cellSp[0] = 0.19635,  cellSp[1] = 0.19635, cellSp[2] = 0.19635
**** dimensions = 32, 32, 32
   Phase space box ((24,0,0,0,0) (31,7,7,7,15) (0,0,0,0,0)) is assigned to process 7, has 65536 valid cells and 1507328 ghost cells
**** cellSp[0] = 0.19635,  cellSp[1] = 0.19635, cellSp[2] = 0.19635
**** dimensions = 32, 32, 32
   Phase space box ((0,8,0,0,0) (7,15,7,7,15) (0,0,0,0,0)) is assigned to process 9, has 65536 valid cells and 1507328 ghost cells
**** cellSp[0] = 0.19635,  cellSp[1] = 0.19635, cellSp[2] = 0.19635
**** dimensions = 32, 32, 32
   Phase space box ((8,8,0,-8,0) (15,15,7,-1,15) (0,0,0,0,0)) is assigned to process 10, has 65536 valid cells and 1507328 ghost cells
**** cellSp[0] = 0.19635,  cellSp[1] = 0.19635, cellSp[2] = 0.19635
**** dimensions = 32, 32, 32
   Phase space box ((16,8,0,-8,0) (23,15,7,-1,15) (0,0,0,0,0)) is assigned to process 12, has 65536 valid cells and 1507328 ghost cells
**** cellSp[0] = 0.19635,  cellSp[1] = 0.19635, cellSp[2] = 0.19635
**** dimensions = 32, 32, 32
   Phase space box ((16,8,0,0,0) (23,15,7,7,15) (0,0,0,0,0)) is assigned to process 13, has 65536 valid cells and 1507328 ghost cells
   Phase space box ((16,0,24,0,0) (23,7,31,7,15) (0,0,0,0,0)) is assigned to process 101, has 65536 valid cells and 1507328 ghost cells
   Phase space box ((24,8,0,-8,0) (31,15,7,-1,15) (0,0,0,0,0)) is assigned to process 14, has 65536 valid cells and 1507328 ghost cells
   Phase space box ((24,0,24,-8,0) (31,7,31,-1,15) (0,0,0,0,0)) is assigned to process 102, has 65536 valid cells and 1507328 ghost cells
   Phase space box ((24,8,0,0,0) (31,15,7,7,15) (0,0,0,0,0)) is assigned to process 15, has 65536 valid cells and 1507328 ghost cells
   Phase space box ((24,0,24,0,0) (31,7,31,7,15) (0,0,0,0,0)) is assigned to process 103, has 65536 valid cells and 1507328 ghost cells
   Phase space box ((8,16,0,0,0) (15,23,7,7,15) (0,0,0,0,0)) is assigned to process 19, has 65536 valid cells and 1507328 ghost cells
   Phase space box ((0,8,24,-8,0) (7,15,31,-1,15) (0,0,0,0,0)) is assigned to process 104, has 65536 valid cells and 1507328 ghost cells
   Phase space box ((8,24,0,-8,0) (15,31,7,-1,15) (0,0,0,0,0)) is assigned to process 26, has 65536 valid cells and 1507328 ghost cells
   Phase space box ((8,8,24,-8,0) (15,15,31,-1,15) (0,0,0,0,0)) is assigned to process 106, has 65536 valid cells and 1507328 ghost cells
   Phase space box ((16,24,0,-8,0) (23,31,7,-1,15) (0,0,0,0,0)) is assigned to process 28, has 65536 valid cells and 1507328 ghost cells
   Phase space box ((16,8,24,0,0) (23,15,31,7,15) (0,0,0,0,0)) is assigned to process 109, has 65536 valid cells and 1507328 ghost cells
   Phase space box ((24,24,0,-8,0) (31,31,7,-1,15) (0,0,0,0,0)) is assigned to process 30, has 65536 valid cells and 1507328 ghost cells
   Phase space box ((24,8,24,-8,0) (31,15,31,-1,15) (0,0,0,0,0)) is assigned to process 110, has 65536 valid cells and 1507328 ghost cells
   Phase space box ((24,24,0,0,0) (31,31,7,7,15) (0,0,0,0,0)) is assigned to process 31, has 65536 valid cells and 1507328 ghost cells
   Phase space box ((24,8,24,0,0) (31,15,31,7,15) (0,0,0,0,0)) is assigned to process 111, has 65536 valid cells and 1507328 ghost cells
   Phase space box ((0,16,24,-8,0) (7,23,31,-1,15) (0,0,0,0,0)) is assigned to process 112, has 65536 valid cells and 1507328 ghost cells
   Phase space box ((8,16,24,-8,0) (15,23,31,-1,15) (0,0,0,0,0)) is assigned to process 114, has 65536 valid cells and 1507328 ghost cells
   Phase space box ((16,16,24,0,0) (23,23,31,7,15) (0,0,0,0,0)) is assigned to process 117, has 65536 valid cells and 1507328 ghost cells
   Phase space box ((24,16,24,-8,0) (31,23,31,-1,15) (0,0,0,0,0)) is assigned to process 118, has 65536 valid cells and 1507328 ghost cells
   Phase space box ((0,24,24,-8,0) (7,31,31,-1,15) (0,0,0,0,0)) is assigned to process 120, has 65536 valid cells and 1507328 ghost cells
   Phase space box ((16,24,24,-8,0) (23,31,31,-1,15) (0,0,0,0,0)) is assigned to process 124, has 65536 valid cells and 1507328 ghost cells
   Phase space box ((16,24,24,0,0) (23,31,31,7,15) (0,0,0,0,0)) is assigned to process 125, has 65536 valid cells and 1507328 ghost cells
   Phase space box ((24,24,24,-8,0) (31,31,31,-1,15) (0,0,0,0,0)) is assigned to process 126, has 65536 valid cells and 1507328 ghost cells
   Phase space box ((24,24,24,0,0) (31,31,31,7,15) (0,0,0,0,0)) is assigned to process 127, has 65536 valid cells and 1507328 ghost cells
   Phase space box ((0,0,24,-8,0) (7,7,31,-1,15) (0,0,0,0,0)) is assigned to process 96, has 65536 valid cells and 1507328 ghost cells
   Phase space box ((0,0,24,0,0) (7,7,31,7,15) (0,0,0,0,0)) is assigned to process 97, has 65536 valid cells and 1507328 ghost cells
   Phase space box ((8,0,24,-8,0) (15,7,31,-1,15) (0,0,0,0,0)) is assigned to process 98, has 65536 valid cells and 1507328 ghost cells
   Phase space box ((8,0,24,0,0) (15,7,31,7,15) (0,0,0,0,0)) is assigned to process 99, has 65536 valid cells and 1507328 ghost cells
   Phase space box ((16,0,24,-8,0) (23,7,31,-1,15) (0,0,0,0,0)) is assigned to process 100, has 65536 valid cells and 1507328 ghost cells
   Phase space box ((0,8,24,0,0) (7,15,31,7,15) (0,0,0,0,0)) is assigned to process 105, has 65536 valid cells and 1507328 ghost cells
   Phase space box ((8,8,24,0,0) (15,15,31,7,15) (0,0,0,0,0)) is assigned to process 107, has 65536 valid cells and 1507328 ghost cells
   Phase space box ((16,8,24,-8,0) (23,15,31,-1,15) (0,0,0,0,0)) is assigned to process 108, has 65536 valid cells and 1507328 ghost cells
   Phase space box ((0,16,24,0,0) (7,23,31,7,15) (0,0,0,0,0)) is assigned to process 113, has 65536 valid cells and 1507328 ghost cells
   Phase space box ((8,16,24,0,0) (15,23,31,7,15) (0,0,0,0,0)) is assigned to process 115, has 65536 valid cells and 1507328 ghost cells
   Phase space box ((16,16,24,-8,0) (23,23,31,-1,15) (0,0,0,0,0)) is assigned to process 116, has 65536 valid cells and 1507328 ghost cells
   Phase space box ((24,16,24,0,0) (31,23,31,7,15) (0,0,0,0,0)) is assigned to process 119, has 65536 valid cells and 1507328 ghost cells
   Phase space box ((0,24,24,0,0) (7,31,31,7,15) (0,0,0,0,0)) is assigned to process 121, has 65536 valid cells and 1507328 ghost cells
   Phase space box ((8,24,24,-8,0) (15,31,31,-1,15) (0,0,0,0,0)) is assigned to process 122, has 65536 valid cells and 1507328 ghost cells
   Phase space box ((8,24,24,0,0) (15,31,31,7,15) (0,0,0,0,0)) is assigned to process 123, has 65536 valid cells and 1507328 ghost cells
Adding species and constructing gyrocenter coordinates...
   hydrogen: kinetic species with mass = 2, charge = 1
Done adding species and constructing coordinates

Grid Function Library =========================

"Ion_vpar_grid_func":
Constant grid function parameters:
  value: 1

"N0_grid_func":
Arbitrary grid function parameters:
  function: (1.00+exp(-(x-pi)^2/(2*pi*0.001/0.02)-(y-pi)^2/(2*pi*0.001/0.02))*exp(-(z-pi/2)^2/(2*pi*0.0001/0.02))    )

"T0_grid_func":
Cosine grid function parameters:
  constant: 1
  amplitude: 0
  mode: (1,0,0)
  phase: (0,0,0)

"zero_grid_func":
Constant grid function parameters:
  value: 0

===============================================

Kinetic Function Library =========================

"maxwellian_phase_func":
Maxwellian kinetic function parameters:
-- Density --
Arbitrary grid function parameters:
  function: (1.00+exp(-(x-pi)^2/(2*pi*0.001/0.02)-(y-pi)^2/(2*pi*0.001/0.02))*exp(-(z-pi/2)^2/(2*pi*0.0001/0.02))    )

-- Temperature --
Cosine grid function parameters:
  constant: 1
  amplitude: 0
  mode: (1,0,0)
  phase: (0,0,0)

-- Vparallel --
Constant grid function parameters:
  value: 1


==================================================

SlabPotentialBC ================================
- variable: potential-------------
  radial_lower: 
     bc_type  = 1
     bc_value = 0
  radial_upper: 
     bc_type  = 1
     bc_value = 0
  poloidal_lower: 
     bc_type  = 1
     bc_value = 0
  poloidal_upper: 
     bc_type  = 1
     bc_value = 0
  toroidal_lower: 
     bc_type  = 1
     bc_value = 0
  toroidal_upper: 
     bc_type  = 1
     bc_value = 0
-----------------------------------------------
===============================================
Using electrons with fixed E field !!!
Using electrons with fixed E field !!!
Using electrons with fixed E field !!!
Using electrons with fixed E field !!!
Using electrons with fixed E field !!!
Using electrons with fixed E field !!!
Using electrons with fixed E field !!!
Using electrons with fixed E field !!!
Using electrons with fixed E field !!!
Using electrons with fixed E field !!!
Using electrons with fixed E field !!!
Using electrons with fixed E field !!!
Using electrons with fixed E field !!!
Using electrons with fixed E field !!!
Using electrons with fixed E field !!!
Using electrons with fixed E field !!!
Using electrons with fixed E field !!!
Using electrons with fixed E field !!!
Using electrons with fixed E field !!!
Using electrons with fixed E field !!!
Using electrons with fixed E field !!!
Using electrons with fixed E field !!!
Using electrons with fixed E field !!!
Using electrons with fixed E field !!!
Using electrons with fixed E field !!!
Using electrons with fixed E field !!!
Using electrons with fixed E field !!!
Using electrons with fixed E field !!!
Using electrons with fixed E field !!!
Using electrons with fixed E field !!!
Using electrons with fixed E field !!!
Using electrons with fixed E field !!!
Using electrons with fixed E field !!!
Using electrons with fixed E field !!!
Using electrons with fixed E field !!!
Using electrons with fixed E field !!!
Using electrons with fixed E field !!!
Using electrons with fixed E field !!!
Using electrons with fixed E field !!!
Using electrons with fixed E field !!!
Using electrons with fixed E field !!!
Using electrons with fixed E field !!!
Using electrons with fixed E field !!!
Using electrons with fixed E field !!!
Using electrons with fixed E field !!!
Using electrons with fixed E field !!!
Using electrons with fixed E field !!!
Using electrons with fixed E field !!!
Using electrons with fixed E field !!!
Using electrons with fixed E field !!!
Using electrons with fixed E field !!!
Using electrons with fixed E field !!!
Using electrons with fixed E field !!!
Using electrons with fixed E field !!!
Using electrons with fixed E field !!!
Using electrons with fixed E field !!!
Using electrons with fixed E field !!!

SlabPhaseBC ================================
- variable: hydrogen-------------
  radial_lower: 
Maxwellian kinetic function parameters:
-- Density --
Arbitrary grid function parameters:
  function: (1.00+exp(-(x-pi)^2/(2*pi*0.001/0.02)-(y-pi)^2/(2*pi*0.001/0.02))*exp(-(z-pi/2)^2/(2*pi*0.0001/0.02))    )

-- Temperature --
Cosine grid function parameters:
  constant: 1
  amplitude: 0
  mode: (1,0,0)
  phase: (0,0,0)

-- Vparallel --
Constant grid function parameters:
  value: 1


  radial_upper: 
Maxwellian kinetic function parameters:
-- Density --
Arbitrary grid function parameters:
  function: (1.00+exp(-(x-pi)^2/(2*pi*0.001/0.02)-(y-pi)^2/(2*pi*0.001/0.02))*exp(-(z-pi/2)^2/(2*pi*0.0001/0.02))    )

-- Temperature --
Cosine grid function parameters:
  constant: 1
  amplitude: 0
  mode: (1,0,0)
  phase: (0,0,0)

-- Vparallel --
Constant grid function parameters:
  value: 1


  poloidal_lower: 
Maxwellian kinetic function parameters:
-- Density --
Arbitrary grid function parameters:
  function: (1.00+exp(-(x-pi)^2/(2*pi*0.001/0.02)-(y-pi)^2/(2*pi*0.001/0.02))*exp(-(z-pi/2)^2/(2*pi*0.0001/0.02))    )
Using electrons with fixed E field !!!

-- Temperature --
Cosine grid function parameters:
  constant: 1
  amplitude: 0
  mode: (1,0,0)
  phase: (0,0,0)

-- Vparallel --
Constant grid function parameters:
  value: 1


  poloidal_upper: 
Maxwellian kinetic function parameters:
-- Density --
Arbitrary grid function parameters:
  function: (1.00+exp(-(x-pi)^2/(2*pi*0.001/0.02)-(y-pi)^2/(2*pi*0.001/0.02))*exp(-(z-pi/2)^2/(2*pi*0.0001/0.02))    )

-- Temperature --
Cosine grid function parameters:
  constant: 1
  amplitude: 0
  mode: (1,0,0)
  phase: (0,0,0)

-- Vparallel --
Constant grid function parameters:
Using electrons with fixed E field !!!
  value: 1


  toroidal_lower: 
Maxwellian kinetic function parameters:
-- Density --
Arbitrary grid function parameters:
  function: (1.00+exp(-(x-pi)^2/(2*pi*0.001/0.02)-(y-pi)^2/(2*pi*0.001/0.02))*exp(-(z-pi/2)^2/(2*pi*0.0001/0.02))    )

-- Temperature --
Cosine grid function parameters:
  constant: 1
  amplitude: 0
  mode: (1,0,0)
  phase: (0,0,0)

-- Vparallel --
Constant grid function parameters:
  value: 1


  toroidal_upper: 
Maxwellian kinetic function parameters:
-- Density --
Arbitrary grid function parameters:
  function: (1.00+exp(-(x-pi)^2/(2*pi*0.001/0.02)-(y-pi)^2/(2*pi*0.001/0.02))*exp(-(z-pi/2)^2/(2*pi*0.0001/0.02))    )

-- Temperature --
Cosine grid function parameters:
  constant: 1
  amplitude: 0
Using electrons with fixed E field !!!
  mode: (1,0,0)
  phase: (0,0,0)

-- Vparallel --
Constant grid function parameters:
  value: 1


  vpar_lower: 
Maxwellian kinetic function parameters:
-- Density --
Arbitrary grid function parameters:
  function: (1.00+exp(-(x-pi)^2/(2*pi*0.001/0.02)-(y-pi)^2/(2*pi*0.001/0.02))*exp(-(z-pi/2)^2/(2*pi*0.0001/0.02))    )

-- Temperature --
Cosine grid function parameters:
  constant: 1
  amplitude: 0
  mode: (1,0,0)
  phase: (0,0,0)

-- Vparallel --
Constant grid function parameters:
  value: 1


  vpar_upper: 
Maxwellian kinetic function parameters:
-- Density --
Using electrons with fixed E field !!!
Arbitrary grid function parameters:
  function: (1.00+exp(-(x-pi)^2/(2*pi*0.001/0.02)-(y-pi)^2/(2*pi*0.001/0.02))*exp(-(z-pi/2)^2/(2*pi*0.0001/0.02))    )

-- Temperature --
Cosine grid function parameters:
  constant: 1
  amplitude: 0
  mode: (1,0,0)
  phase: (0,0,0)

-- Vparallel --
Constant grid function parameters:
  value: 1


  mu_lower: 
Maxwellian kinetic function parameters:
-- Density --
Arbitrary grid function parameters:
  function: (1.00+exp(-(x-pi)^2/(2*pi*0.001/0.02)-(y-pi)^2/(2*pi*0.001/0.02))*exp(-(z-pi/2)^2/(2*pi*0.0001/0.02))    )

-- Temperature --
Cosine grid function parameters:
  constant: 1
  amplitude: 0
  mode: (1,0,0)
  phase: (0,0,0)

Using electrons with fixed E field !!!
-- Vparallel --
Constant grid function parameters:
  value: 1


  mu_upper: 
Maxwellian kinetic function parameters:
-- Density --
Arbitrary grid function parameters:
  function: (1.00+exp(-(x-pi)^2/(2*pi*0.001/0.02)-(y-pi)^2/(2*pi*0.001/0.02))*exp(-(z-pi/2)^2/(2*pi*0.0001/0.02))    )

-- Temperature --
Cosine grid function parameters:
  constant: 1
  amplitude: 0
  mode: (1,0,0)
  phase: (0,0,0)

-- Vparallel --
Constant grid function parameters:
  value: 1


-----------------------------------------------
===============================================
Using electrons with fixed E field !!!
Using electrons with fixed E field !!!
Using electrons with fixed E field !!!
Using electrons with fixed E field !!!
Using electrons with fixed E field !!!
Using electrons with fixed E field !!!
Using electrons with fixed E field !!!
Using electrons with fixed E field !!!
Using electrons with fixed E field !!!
Using electrons with fixed E field !!!
Using electrons with fixed E field !!!
Using electrons with fixed E field !!!
Using electrons with fixed E field !!!
Using electrons with fixed E field !!!
Using electrons with fixed E field !!!
Using electrons with fixed E field !!!
Using electrons with fixed E field !!!
Using electrons with fixed E field !!!
Using electrons with fixed E field !!!
Using electrons with fixed E field !!!
Using electrons with fixed E field !!!
Using electrons with fixed E field !!!
Using electrons with fixed E field !!!
Using electrons with fixed E field !!!
Using electrons with fixed E field !!!
Using electrons with fixed E field !!!
Using electrons with fixed E field !!!
Using electrons with fixed E field !!!
Using electrons with fixed E field !!!
Using electrons with fixed E field !!!
Using electrons with fixed E field !!!
Using electrons with fixed E field !!!
Using electrons with fixed E field !!!
Using electrons with fixed E field !!!
Using electrons with fixed E field !!!
Using electrons with fixed E field !!!
Using electrons with fixed E field !!!
Using electrons with fixed E field !!!
Using electrons with fixed E field !!!
Using electrons with fixed E field !!!
Using electrons with fixed E field !!!
Using electrons with fixed E field !!!
Using electrons with fixed E field !!!
Using electrons with fixed E field !!!
Using electrons with fixed E field !!!
Using electrons with fixed E field !!!
Using electrons with fixed E field !!!
Using electrons with fixed E field !!!
Using electrons with fixed E field !!!
Using electrons with fixed E field !!!
Using electrons with fixed E field !!!
Using electrons with fixed E field !!!
Using electrons with fixed E field !!!
Using electrons with fixed E field !!!
Using electrons with fixed E field !!!
Using electrons with fixed E field !!!
Using electrons with fixed E field !!!
Using electrons with fixed E field !!!
Using electrons with fixed E field !!!
Using electrons with fixed E field !!!
Using electrons with fixed E field !!!
Using electrons with fixed E field !!!
Using electrons with fixed E field !!!
Using electrons with fixed E field !!!
No collision model specified for hydrogen.
Collision model for 0	hydrogen:	None
Time integration method: rk (4)
Using electrons with fixed E field !!!
Using electrons with fixed E field !!!
GKPoissonAdiabaticElectron parameters:
   Debye number squared = 5.52635e-10
   Larmor number squared = 1.04397e-05
   prefactor_strategy = 3
   nonlinear_relative_tolerance = 1e-05
   nonlinear_maximum_iterations = 20
  Distribution Function Extrema:
    Species 0:	9.18318e-07 [max]	-7.58978e-11 [min]


Step 1
  --
  Subiteration:1 of 1
  ----
  dt: 0.0001
    Vlasov    : 0.000235702 (time scale), 0.424264 (CFL)
  ----
  Distribution Function Extrema:
    Species 0:	9.17879e-07 [max]	-7.50126e-11 [min]

Step 1 completed, simulation time is 0.0001
----

Step 2
  --
  Subiteration:1 of 1
  ----
  dt: 0.0001
    Vlasov    : 0.000235702 (time scale), 0.424264 (CFL)
  ----
  Distribution Function Extrema:
    Species 0:	9.16686e-07 [max]	-7.63658e-11 [min]

Step 2 completed, simulation time is 0.0002
----

Step 3
  --
  Subiteration:1 of 1
  ----
  dt: 0.0001
    Vlasov    : 0.000235702 (time scale), 0.424264 (CFL)
  ----
  Distribution Function Extrema:
    Species 0:	9.14748e-07 [max]	-7.57781e-11 [min]

Step 3 completed, simulation time is 0.0003
----

Step 4
  --
  Subiteration:1 of 1
  ----
  dt: 0.0001
    Vlasov    : 0.000235702 (time scale), 0.424264 (CFL)
  ----
  Distribution Function Extrema:
    Species 0:	9.12076e-07 [max]	-7.73034e-11 [min]

Step 4 completed, simulation time is 0.0004
----

Step 5
  --
  Subiteration:1 of 1
  ----
  dt: 0.0001
    Vlasov    : 0.000235702 (time scale), 0.424264 (CFL)
  ----
  Distribution Function Extrema:
    Species 0:	9.12462e-07 [max]	-7.71928e-11 [min]

Step 5 completed, simulation time is 0.0005
----

Step 6
  --
  Subiteration:1 of 1
  ----
  dt: 0.0001
    Vlasov    : 0.000235702 (time scale), 0.424264 (CFL)
  ----
  Distribution Function Extrema:
    Species 0:	9.15686e-07 [max]	-7.85509e-11 [min]

Step 6 completed, simulation time is 0.0006
----

Step 7
  --
  Subiteration:1 of 1
  ----
  dt: 0.0001
    Vlasov    : 0.000235702 (time scale), 0.424264 (CFL)
  ----
  Distribution Function Extrema:
    Species 0:	9.16924e-07 [max]	-7.90726e-11 [min]

Step 7 completed, simulation time is 0.0007
----

Step 8
  --
  Subiteration:1 of 1
  ----
  dt: 0.0001
    Vlasov    : 0.000235702 (time scale), 0.424264 (CFL)
  ----
  Distribution Function Extrema:
    Species 0:	9.16165e-07 [max]	-7.97142e-11 [min]

Step 8 completed, simulation time is 0.0008
----

Step 9
  --
  Subiteration:1 of 1
  ----
  dt: 0.0001
    Vlasov    : 0.000235702 (time scale), 0.424264 (CFL)
  ----
  Distribution Function Extrema:
    Species 0:	9.13582e-07 [max]	-8.09683e-11 [min]

Step 9 completed, simulation time is 0.0009
----

Step 10
  --
  Subiteration:1 of 1
  ----
  dt: 0.0001
    Vlasov    : 0.000235702 (time scale), 0.424264 (CFL)
  ----
  Distribution Function Extrema:
    Species 0:	9.15092e-07 [max]	-8.04721e-11 [min]

Step 10 completed, simulation time is 0.001
----
Writing checkpoint file
Writing history file

Step 11
  --
  Subiteration:1 of 1
  ----
  dt: 0.0001
    Vlasov    : 0.000235702 (time scale), 0.424264 (CFL)
  ----
  Distribution Function Extrema:
    Species 0:	9.15861e-07 [max]	-8.2506e-11 [min]

Step 11 completed, simulation time is 0.0011
----

Step 12
  --
  Subiteration:1 of 1
  ----
  dt: 0.0001
    Vlasov    : 0.000235702 (time scale), 0.424264 (CFL)
  ----
  Distribution Function Extrema:
    Species 0:	9.15889e-07 [max]	-8.24683e-11 [min]

Step 12 completed, simulation time is 0.0012
----

Step 13
  --
  Subiteration:1 of 1
  ----
  dt: 0.0001
    Vlasov    : 0.000235702 (time scale), 0.424264 (CFL)
  ----
  Distribution Function Extrema:
    Species 0:	9.1518e-07 [max]	-8.34166e-11 [min]

Step 13 completed, simulation time is 0.0013
----

Step 14
  --
  Subiteration:1 of 1
  ----
  dt: 0.0001
    Vlasov    : 0.000235702 (time scale), 0.424264 (CFL)
  ----
  Distribution Function Extrema:
    Species 0:	9.14597e-07 [max]	-8.4255e-11 [min]

Step 14 completed, simulation time is 0.0014
----

Step 15
  --
  Subiteration:1 of 1
  ----
  dt: 0.0001
    Vlasov    : 0.000235702 (time scale), 0.424264 (CFL)
  ----
  Distribution Function Extrema:
    Species 0:	9.14143e-07 [max]	-8.36945e-11 [min]

Step 15 completed, simulation time is 0.0015
----

Step 16
  --
  Subiteration:1 of 1
  ----
  dt: 0.0001
    Vlasov    : 0.000235702 (time scale), 0.424264 (CFL)
  ----
  Distribution Function Extrema:
    Species 0:	9.11746e-07 [max]	-8.53792e-11 [min]

Step 16 completed, simulation time is 0.0016
----

Step 17
  --
  Subiteration:1 of 1
  ----
  dt: 0.0001
    Vlasov    : 0.000235702 (time scale), 0.424264 (CFL)
  ----
  Distribution Function Extrema:
    Species 0:	9.07439e-07 [max]	-8.49821e-11 [min]

Step 17 completed, simulation time is 0.0017
----

Step 18
  --
  Subiteration:1 of 1
  ----
  dt: 0.0001
    Vlasov    : 0.000235702 (time scale), 0.424264 (CFL)
  ----
  Distribution Function Extrema:
    Species 0:	9.01594e-07 [max]	-8.57471e-11 [min]

Step 18 completed, simulation time is 0.0018
----

Step 19
  --
  Subiteration:1 of 1
  ----
  dt: 0.0001
    Vlasov    : 0.000235702 (time scale), 0.424264 (CFL)
  ----
  Distribution Function Extrema:
    Species 0:	9.05924e-07 [max]	-8.62229e-11 [min]

Step 19 completed, simulation time is 0.0019
----

Step 20
  --
  Subiteration:1 of 1
  ----
  dt: 0.0001
    Vlasov    : 0.000235702 (time scale), 0.424264 (CFL)
  ----
  Distribution Function Extrema:
    Species 0:	9.09577e-07 [max]	-8.56462e-11 [min]

Step 20 completed, simulation time is 0.002
----
Writing checkpoint file
Writing history file

Step 21
  --
  Subiteration:1 of 1
  ----
  dt: 0.0001
    Vlasov    : 0.000235702 (time scale), 0.424264 (CFL)
  ----
  Distribution Function Extrema:
    Species 0:	9.11332e-07 [max]	-8.69292e-11 [min]

Step 21 completed, simulation time is 0.0021
----

Step 22
  --
  Subiteration:1 of 1
  ----
  dt: 0.0001
    Vlasov    : 0.000235702 (time scale), 0.424264 (CFL)
  ----
  Distribution Function Extrema:
    Species 0:	9.11175e-07 [max]	-8.61815e-11 [min]

Step 22 completed, simulation time is 0.0022
----

Step 23
  --
  Subiteration:1 of 1
  ----
  dt: 0.0001
    Vlasov    : 0.000235702 (time scale), 0.424264 (CFL)
  ----
  Distribution Function Extrema:
    Species 0:	9.11158e-07 [max]	-8.69285e-11 [min]

Step 23 completed, simulation time is 0.0023
----

Step 24
  --
  Subiteration:1 of 1
  ----
  dt: 0.0001
    Vlasov    : 0.000235702 (time scale), 0.424264 (CFL)
  ----
  Distribution Function Extrema:
    Species 0:	9.10949e-07 [max]	-8.6984e-11 [min]

Step 24 completed, simulation time is 0.0024
----

Step 25
  --
  Subiteration:1 of 1
  ----
  dt: 0.0001
    Vlasov    : 0.000235702 (time scale), 0.424264 (CFL)
  ----
  Distribution Function Extrema:
    Species 0:	9.10038e-07 [max]	-8.63724e-11 [min]

Step 25 completed, simulation time is 0.0025
----

Step 26
  --
  Subiteration:1 of 1
  ----
  dt: 0.0001
    Vlasov    : 0.000235702 (time scale), 0.424264 (CFL)
  ----
  Distribution Function Extrema:
    Species 0:	9.08433e-07 [max]	-8.7114e-11 [min]

Step 26 completed, simulation time is 0.0026
----

Step 27
  --
  Subiteration:1 of 1
  ----
  dt: 0.0001
    Vlasov    : 0.000235702 (time scale), 0.424264 (CFL)
  ----
  Distribution Function Extrema:
    Species 0:	9.06144e-07 [max]	-8.5894e-11 [min]

Step 27 completed, simulation time is 0.0027
----

Step 28
  --
  Subiteration:1 of 1
  ----
  dt: 0.0001
    Vlasov    : 0.000235702 (time scale), 0.424264 (CFL)
  ----
  Distribution Function Extrema:
    Species 0:	9.07435e-07 [max]	-8.68722e-11 [min]

Step 28 completed, simulation time is 0.0028
----

Step 29
  --
  Subiteration:1 of 1
  ----
  dt: 0.0001
    Vlasov    : 0.000235702 (time scale), 0.424264 (CFL)
  ----
  Distribution Function Extrema:
    Species 0:	9.07571e-07 [max]	-8.63258e-11 [min]

Step 29 completed, simulation time is 0.0029
----

Step 30
  --
  Subiteration:1 of 1
  ----
  dt: 0.0001
    Vlasov    : 0.000235702 (time scale), 0.424264 (CFL)
  ----
  Distribution Function Extrema:
    Species 0:	9.05851e-07 [max]	-8.62055e-11 [min]

Step 30 completed, simulation time is 0.003
----
Writing checkpoint file
Writing history file
