**** cellSp[0] = 0.0981748,  cellSp[1] = 0.0981748
**** dimensions = 64, 64
**** cellSp[0] = 0.0981748,  cellSp[1] = 0.0981748
**** dimensions = 64, 64
**** cellSp[0] = 0.0981748,  cellSp[1] = 0.0981748
**** dimensions = 64, 64
**** cellSp[0] = 0.0981748,  cellSp[1] = 0.0981748
**** dimensions = 64, 64
**** cellSp[0] = 0.0981748,  cellSp[1] = 0.0981748
**** dimensions = 64, 64
**** cellSp[0] = 0.0981748,  cellSp[1] = 0.0981748
**** dimensions = 64, 64
**** cellSp[0] = 0.0981748,  cellSp[1] = 0.0981748
**** dimensions = 64, 64
**** cellSp[0] = 0.0981748,  cellSp[1] = 0.0981748
**** dimensions = 64, 64
**** cellSp[0] = 0.0981748,  cellSp[1] = 0.0981748
**** dimensions = 64, 64
**** cellSp[0] = 0.0981748,  cellSp[1] = 0.0981748
**** dimensions = 64, 64
**** cellSp[0] = 0.0981748,  cellSp[1] = 0.0981748
**** dimensions = 64, 64
**** cellSp[0] = 0.0981748,  cellSp[1] = 0.0981748
**** dimensions = 64, 64
**** cellSp[0] = 0.0981748,  cellSp[1] = 0.0981748
**** dimensions = 64, 64
**** cellSp[0] = 0.0981748,  cellSp[1] = 0.0981748
**** dimensions = 64, 64
**** cellSp[0] = 0.0981748,  cellSp[1] = 0.0981748
**** dimensions = 64, 64
**** cellSp[0] = 0.0981748,  cellSp[1] = 0.0981748
**** dimensions = 64, 64
**** cellSp[0] = 0.0981748,  cellSp[1] = 0.0981748
**** dimensions = 64, 64
**** cellSp[0] = 0.0981748,  cellSp[1] = 0.0981748
**** dimensions = 64, 64
**** cellSp[0] = 0.0981748,  cellSp[1] = 0.0981748
**** dimensions = 64, 64
**** cellSp[0] = 0.0981748,  cellSp[1] = 0.0981748
**** dimensions = 64, 64
**** cellSp[0] = 0.0981748,  cellSp[1] = 0.0981748
**** dimensions = 64, 64
**** cellSp[0] = 0.0981748,  cellSp[1] = 0.0981748
**** dimensions = 64, 64
**** cellSp[0] = 0.0981748,  cellSp[1] = 0.0981748
**** dimensions = 64, 64
**** cellSp[0] = 0.0981748,  cellSp[1] = 0.0981748
**** dimensions = 64, 64
**** cellSp[0] = 0.0981748,  cellSp[1] = 0.0981748
**** dimensions = 64, 64
**** cellSp[0] = 0.0981748,  cellSp[1] = 0.0981748
**** dimensions = 64, 64
**** cellSp[0] = 0.0981748,  cellSp[1] = 0.0981748
**** dimensions = 64, 64
**** cellSp[0] = 0.0981748,  cellSp[1] = 0.0981748
**** dimensions = 64, 64
**** cellSp[0] = 0.0981748,  cellSp[1] = 0.0981748
**** dimensions = 64, 64
** GKUnits ***********************************************************

==== Fundamental Units ===============================================
  NUMBER DENSITY    [1/m^3]: 1e+20
  TEMPERATURE           [eV]: 1000
  LENGTH                [m]: 1
  MASS                 [AMU]: 1
  MAGNETIC FIELD        [T]: 1
  CHARGE                [C]: 1.60218e-19
  BOLTZMANN CONSTANT  [J/K]: 1.38065e-23
  ELECTRIC CONSTANT   [F/m]: 8.85419e-12
  MAGNETIC CONSTANT   [H/m]: 1.25664e-06

==== Derived Units ===================================================

  THERMAL SPEED       [m/s]: 309497
  TRANSIT TIME          [s]: 3.23105e-06
  MAGNETIC MOMENT     [J/T]: 8.01088e-17
  DIST. FUNCTION [s/(Am^6)]: 1073.7
  POTENTIAL             [V]: 1000
  GYROFREQUENCY       [1/s]: 9.57883e+07
  GYRORADIUS            [m]: 0.00323105
  DEBYE LENGTH          [m]: 2.35082e-05

==== Dimensionless Parameters =========================================

  LARMOR NUMBER            : 0.00323105
  DEBYE NUMBER             : 2.35082e-05

***********************************************************************
**** cellSp[0] = 0.0981748,  cellSp[1] = 0.0981748
**** dimensions = 64, 64
**** cellSp[0] = 0.0981748,  cellSp[1] = 0.0981748
**** dimensions = 64, 64
**** cellSp[0] = 0.0981748,  cellSp[1] = 0.0981748
**** dimensions = 64, 64
Constructing slab geometry...
xmax = 0.02, ymax = 0.02
Bz_inner = 3, Bz_outer = 3
By_inner  = 0
**** cellSp[0] = 0.0981748,  cellSp[1] = 0.0981748
**** dimensions = 64, 64
Done constructing slab geometry
   Configuration space box ((0,0) (7,7) (0,0)) is assigned to process 0
   Configuration space box ((8,0) (15,7) (0,0)) is assigned to process 1
   Configuration space box ((16,0) (23,7) (0,0)) is assigned to process 2
   Configuration space box ((24,0) (31,7) (0,0)) is assigned to process 3
   Configuration space box ((32,0) (39,7) (0,0)) is assigned to process 4
   Configuration space box ((40,0) (47,7) (0,0)) is assigned to process 5
   Configuration space box ((48,0) (55,7) (0,0)) is assigned to process 6
   Configuration space box ((56,0) (63,7) (0,0)) is assigned to process 7
   Configuration space box ((0,8) (7,15) (0,0)) is assigned to process 8
   Configuration space box ((8,8) (15,15) (0,0)) is assigned to process 9
   Configuration space box ((16,8) (23,15) (0,0)) is assigned to process 10
   Configuration space box ((24,8) (31,15) (0,0)) is assigned to process 11
   Configuration space box ((32,8) (39,15) (0,0)) is assigned to process 12
   Configuration space box ((40,8) (47,15) (0,0)) is assigned to process 13
   Configuration space box ((48,8) (55,15) (0,0)) is assigned to process 14
   Configuration space box ((56,8) (63,15) (0,0)) is assigned to process 15
   Configuration space box ((0,16) (7,23) (0,0)) is assigned to process 16
   Configuration space box ((8,16) (15,23) (0,0)) is assigned to process 17
   Configuration space box ((16,16) (23,23) (0,0)) is assigned to process 18
   Configuration space box ((24,16) (31,23) (0,0)) is assigned to process 19
   Configuration space box ((32,16) (39,23) (0,0)) is assigned to process 20
   Configuration space box ((40,16) (47,23) (0,0)) is assigned to process 21
   Configuration space box ((48,16)**** cellSp[0] = 0.0981748,  cellSp[1] = 0.0981748
**** dimensions = 64, 64
**** cellSp[0] = 0.0981748,  cellSp[1] = 0.0981748
**** dimensions = 64, 64
**** cellSp[0] = 0.0981748,  cellSp[1] = 0.0981748
**** dimensions = 64, 64
**** cellSp[0] = 0.0981748,  cellSp[1] = 0.0981748
**** dimensions = 64, 64
**** cellSp[0] = 0.0981748,  cellSp[1] = 0.0981748
**** dimensions = 64, 64
**** cellSp[0] = 0.0981748,  cellSp[1] = 0.0981748
**** dimensions = 64, 64
**** cellSp[0] = 0.0981748,  cellSp[1] = 0.0981748
**** dimensions = 64, 64
**** cellSp[0] = 0.0981748,  cellSp[1] = 0.0981748
**** dimensions = 64, 64
**** cellSp[0] = 0.0981748,  cellSp[1] = 0.0981748
**** dimensions = 64, 64
**** cellSp[0] = 0.0981748,  cellSp[1] = 0.0981748
**** dimensions = 64, 64
**** cellSp[0] = 0.0981748,  cellSp[1] = 0.0981748
**** dimensions = 64, 64
**** cellSp[0] = 0.0981748,  cellSp[1] = 0.0981748
**** dimensions = 64, 64
**** cellSp[0] = 0.0981748,  cellSp[1] = 0.0981748
**** dimensions = 64, 64
**** cellSp[0] = 0.0981748,  cellSp[1] = 0.0981748
**** dimensions = 64, 64
**** cellSp[0] = 0.0981748,  cellSp[1] = 0.0981748
**** dimensions = 64, 64
**** cellSp[0] = 0.0981748,  cellSp[1] = 0.0981748
**** dimensions = 64, 64
**** cellSp[0] = 0.0981748,  cellSp[1] = 0.0981748
**** dimensions = 64, 64
**** cellSp[0] = 0.0981748,  cellSp[1] = 0.0981748
**** dimensions = 64, 64
**** cellSp[0] = 0.0981748,  cellSp[1] = 0.0981748
**** dimensions = 64, 64
**** cellSp[0] = 0.0981748,  cellSp[1] = 0.0981748
**** dimensions = 64, 64
**** cellSp[0] = 0.0981748,  cellSp[1] = 0.0981748
**** dimensions = 64, 64
**** cellSp[0] = 0.0981748,  cellSp[1] = 0.0981748
**** dimensions = 64, 64
**** cellSp[0] = 0.0981748,  cellSp[1] = 0.0981748
**** dimensions = 64, 64
**** cellSp[0] = 0.0981748,  cellSp[1] = 0.0981748
**** dimensions = 64, 64
**** cellSp[0] = 0.0981748,  cellSp[1] = 0.0981748
**** dimensions = 64, 64
**** cellSp[0] = 0.0981748,  cellSp[1] = 0.0981748
**** dimensions = 64, 64
**** cellSp[0] = 0.0981748,  cellSp[1] = 0.0981748
**** dimensions = 64, 64
**** cellSp[0] = 0.0981748,  cellSp[1] = 0.0981748
**** dimensions = 64, 64
**** cellSp[0] = 0.0981748,  cellSp[1] = 0.0981748
**** dimensions = 64, 64
**** cellSp[0] = 0.0981748,  cellSp[1] = 0.0981748
**** dimensions = 64, 64
**** cellSp[0] = 0.0981748,  cellSp[1] = 0.0981748
**** dimensions = 64, 64
   Phase space box ((8,48,-32,0) (15,55,31,31) (0,0,0,0)) is assigned to process 49, has 131072 valid cells and 606208 ghost cells
   Phase space box ((48,48,-32,0) (55,55,31,31) (0,0,0,0)) is assigned to process 54, has 131072 valid cells and 606208 ghost cells
   Phase space box ((48,32,-32,0) (55,39,31,31) (0,0,0,0)) is assigned to process 38, has 131072 valid cells and 606208 ghost cells
   Phase space box ((0,48,-32,0) (7,55,31,31) (0,0,0,0)) is assigned to process 48, has 131072 valid cells and 606208 ghost cells
   Phase space box ((0,56,-32,0) (7,63,31,31) (0,0,0,0)) is assigned to process 56, has 131072 valid cells and 606208 ghost cells
   Phase space box ((8,56,-32,0) (15,63,31,31) (0,0,0,0)) is assigned to process 57, has 131072 valid cells and 606208 ghost cells
   Phase space box ((32,56,-32,0) (39,63,31,31) (0,0,0,0)) is assigned to process 60, has 131072 valid cells and 606208 ghost cells
   Phase space box ((56,56,-32,0) (63,63,31,31) (0,0,0,0)) is assigned to process 63, has 131072 valid cells and 606208 ghost cells
   Phase space box ((0,32,-32,0) (7,39,31,31) (0,0,0,0)) is assigned to process 32, has 131072 valid cells and 606208 ghost cells
   Phase space box ((8,32,-32,0) (15,39,31,31) (0,0,0,0)) is assigned to process 33, has 131072 valid cells and 606208 ghost cells
   Phase space box ((16,32,-32,0) (23,39,31,31) (0,0,0,0)) is assigned to process 34, has 131072 valid cells and 606208 ghost cells
   Phase space box ((24,32,-32,0) (31,39,31,31) (0,0,0,0)) is assigned to process 35, has 131072 valid cells and 606208 ghost cells
   Phase space box ((32,32,-32,0) (39,39,31,31) (0,0,0,0)) is assigned to process 36, has 131072 valid cells and 606208 ghost cells
   Phase space box ((40,32,-32,0) (47,39,31,31) (0,0,0,0)) is assigned to process 37, has 131072 valid cells and 606208 ghost cells
   Phase space box ((56,32,-32,0) (63,39,31,31) (0,0,0,0)) is assigned to process 39, has 131072 valid cells and 606208 ghost cells
   Phase space box ((0,40,-32,0) (7,47,31,31) (0,0,0,0)) is assigned to process 40, has 131072 valid cells and 606208 ghost cells
   Phase space box ((8,40,-32,0) (15,47,31,31) (0,0,0,0)) is assigned to process 41, has 131072 valid cells and 606208 ghost cells
   Phase space box ((16,40,-32,0) (23,47,31,31) (0,0,0,0)) is assigned to process 42, has 131072 valid cells and 606208 ghost cells
   Phase space box ((24,40,-32,0) (31,47,31,31) (0,0,0,0)) is assigned to process 43, has 131072 valid cells and 606208 ghost cells
   Phase space box ((32,40,-32,0) (39,47,31,31) (0,0,0,0)) is assigned to process 44, has 131072 valid cells and 606208 ghost cells
   Phase space box ((40,40,-32,0) (47,47,31,31) (0,0,0,0)) is assigned to process 45, has 131072 valid cells and 606208 ghost cells
   Phase space box ((48,40,-32,0) (55,47,31,31) (0,0,0,0)) is assigned to process 46, has 131072 valid cells and 606208 ghost cells
   Phase space box ((56,40,-32,0) (63,47,31,31) (0,0,0,0)) is assigned to process 47, has 131072 valid cells and 606208 ghost cells
   Phase space box ((16,48,-32,0) (23,55,31,31) (0,0,0,0)) is assigned to process 50, has 131072 valid cells and 606208 ghost cells
   Phase space box ((24,48,-32,0) (31,55,31,31) (0,0,0,0)) is assigned to process 51, has 131072 valid cells and 606208 ghost cells
   Phase space box ((32,48,-32,0) (39,55,31,31) (0,0,0,0)) is assigned to process 52, has 131072 valid cells and 606208 ghost cells
   Phase space box ((40,48,-32,0) (47,55,31,31) (0,0,0,0)) is assigned to process 53, has 131072 valid cells and 606208 ghost cells
   Phase space box ((56,48,-32,0) (63,55,31,31) (0,0,0,0)) is assigned to process 55, has 131072 valid cells and 606208 ghost cells
   Phase space box ((16,56,-32,0) (23,63,31,31) (0,0,0,0)) is assigned to process 58, has 131072 valid cells and 606208 ghost cells
   Phase space box ((24,56,-32,0) (31,63,31,31) (0,0,0,0)) is assigned to process 59, has 131072 valid cells and 606208 ghost cells
   Phase space box ((40,56,-32,0) (47,63,31,31) (0,0,0,0)) is assigned to process 61, has 131072 valid cells and 606208 ghost cells
   Phase space box ((48,56,-32,0) (55,63,31,31) (0,0,0,0)) is assigned to process 62, has 131072 valid cells and 606208 ghost cells
 (55,23) (0,0)) is assigned to process 22
   Configuration space box ((56,16) (63,23) (0,0)) is assigned to process 23
   Configuration space box ((0,24) (7,31) (0,0)) is assigned to process 24
   Configuration space box ((8,24) (15,31) (0,0)) is assigned to process 25
   Configuration space box ((16,24) (23,31) (0,0)) is assigned to process 26
   Configuration space box ((24,24) (31,31) (0,0)) is assigned to process 27
   Configuration space box ((32,24) (39,31) (0,0)) is assigned to process 28
   Configuration space box ((40,24) (47,31) (0,0)) is assigned to process 29
   Configuration space box ((48,24) (55,31) (0,0)) is assigned to process 30
   Configuration space box ((56,24) (63,31) (0,0)) is assigned to process 31
   Configuration space box ((0,32) (7,39) (0,0)) is assigned to process 32
   Configuration space box ((8,32) (15,39) (0,0)) is assigned to process 33
   Configuration space box ((16,32) (23,39) (0,0)) is assigned to process 34
   Configuration space box ((24,32) (31,39) (0,0)) is assigned to process 35
   Configuration space box ((32,32) (39,39) (0,0)) is assigned to process 36
   Configuration space box ((40,32) (47,39) (0,0)) is assigned to process 37
   Configuration space box ((48,32) (55,39) (0,0)) is assigned to process 38
   Configuration space box ((56,32) (63,39) (0,0)) is assigned to process 39
   Configuration space box ((0,40) (7,47) (0,0)) is assigned to process 40
   Configuration space box ((8,40) (15,47) (0,0)) is assigned to process 41
   Configuration space box ((16,40) (23,47) (0,0)) is assigned to process 42
   Configuration space box ((24,40) (31,47) (0,0)) is assigned to process 43
   Configuration space box ((32,40) (39,47) (0,0)) is assigned to process 44
   Configuration space box ((40,40) (47,47) (0,0)) is assigned to process 45
   Configuration space box ((48,40) (55,47) (0,0)) is assigned to process 46
   Configuration space box ((56,40) (63,47) (0,0)) is assigned to process 47
   Configuration space box ((0,48) (7,55) (0,0)) is assigned to process 48
   Configuration space box ((8,48) (15,55) (0,0)) is assigned to process 49
   Configuration space box ((16,48) (23,55) (0,0)) is assigned to process 50
   Configuration space box ((24,48) (31,55) (0,0)) is assigned to process 51
   Configuration space box ((32,48) (39,55) (0,0)) is assigned to process 52
   Configuration space box ((40,48) (47,55) (0,0)) is assigned to process 53
   Configuration space box ((48,48) (55,55) (0,0)) is assigned to process 54
   Configuration space box ((56,48) (63,55) (0,0)) is assigned to process 55
   Configuration space box ((0,56) (7,63) (0,0)) is assigned to process 56
   Configuration space box ((8,56) (15,63) (0,0)) is assigned to process 57
   Configuration space box ((16,56) (23,63) (0,0)) is assigned to process 58
   Configuration space box ((24,56) (31,63) (0,0)) is assigned to process 59
   Configuration space box ((32,56) (39,63) (0,0)) is assigned to process 60
   Configuration space box ((40,56) (47,63) (0,0)) is assigned to process 61
   Configuration space box ((48,56) (55,63) (0,0)) is assigned to process 62
   Configuration space box ((56,56) (63,63) (0,0)) is assigned to process 63
Constructing magnetic geometry
Done constructing magnetic geometry
   Velocity space box ((-32,0) (-25,7) (0,0)) is assigned to process 0
   Velocity space box ((-24,0) (-17,7) (0,0)) is assigned to process 1
   Velocity space box ((-16,0) (-9,7) (0,0)) is assigned to process 2
   Velocity space box ((-8,0) (-1,7) (0,0)) is assigned to process 3
   Velocity space box ((0,0) (7,7) (0,0)) is assigned to process 4
   Velocity space box ((8,0) (15,7) (0,0)) is assigned to process 5
   Velocity space box ((16,0) (23,7) (0,0)) is assigned to process 6
   Velocity space box ((24,0) (31,7) (0,0)) is assigned to process 7
   Velocity space box ((-32,8) (-25,15) (0,0)) is assigned to process 8
   Velocity space box ((-24,8) (-17,15) (0,0)) is assigned to process 9
   Velocity space box ((-16,8) (-9,15) (0,0)) is assigned to process 10
   Velocity space box ((-8,8) (-1,15) (0,0)) is assigned to process 11
   Velocity space box ((0,8) (7,15) (0,0)) is assigned to process 12
   Velocity space box ((8,8) (15,15) (0,0)) is assigned to process 13
   Velocity space box ((16,8) (23,15) (0,0)) is assigned to process 14
   Velocity space box ((24,8) (31,15) (0,0)) is assigned to process 15
   Velocity space box ((-32,16) (-25,23) (0,0)) is assigned to process 16
   Velocity space box ((-24,16) (-17,23) (0,0)) is assigned to process 17
   Velocity space box ((-16,16) (-9,23) (0,0)) is assigned to process 18
   Velocity space box ((-8,16) (-1,23) (0,0)) is assigned to process 19
   Velocity space box ((0,16) (7,23) (0,0)) is assigned to process 20
   Velocity space box ((8,16) (15,23) (0,0)) is assigned to process 21
   Velocity space box ((16,16) (23,23) (0,0)) is assigned to process 22
   Velocity space box ((24,16) (31,23) (0,0)) is assigned to process 23
   Velocity space box ((-32,24) (-25,31) (0,0)) is assigned to process 24
   Velocity space box ((-24,24) (-17,31) (0,0)) is assigned to process 25
   Velocity space box ((-16,24) (-9,31) (0,0)) is assigned to process 26
   Velocity space box ((-8,24) (-1,31) (0,0)) is assigned to process 27
   Velocity space box ((0,24) (7,31) (0,0)) is assigned to process 28
   Velocity space box ((8,24) (15,31) (0,0)) is assigned to process 29
   Velocity space box ((16,24) (23,31) (0,0)) is assigned to process 30
   Velocity space box ((24,24) (31,31) (0,0)) is assigned to process 31
   Phase space box ((40,0,-32,0) (47,7,31,31) (0,0,0,0)) is assigned to process 5, has 131072 valid cells and 606208 ghost cells
   Phase space box ((8,16,-32,0) (15,23,31,31) (0,0,0,0)) is assigned to process 17, has 131072 valid cells and 606208 ghost cells
   Phase space box ((24,16,-32,0) (31,23,31,31) (0,0,0,0)) is assigned to process 19, has 131072 valid cells and 606208 ghost cells
   Phase space box ((0,24,-32,0) (7,31,31,31) (0,0,0,0)) is assigned to process 24, has 131072 valid cells and 606208 ghost cells
   Phase space box ((16,24,-32,0) (23,31,31,31) (0,0,0,0)) is assigned to process 26, has 131072 valid cells and 606208 ghost cells
   Phase space box ((0,0,-32,0) (7,7,31,31) (0,0,0,0)) is assigned to process 0, has 131072 valid cells and 606208 ghost cells
   Phase space box ((8,0,-32,0) (15,7,31,31) (0,0,0,0)) is assigned to process 1, has 131072 valid cells and 606208 ghost cells
   Phase space box ((16,0,-32,0) (23,7,31,31) (0,0,0,0)) is assigned to process 2, has 131072 valid cells and 606208 ghost cells
   Phase space box ((24,0,-32,0) (31,7,31,31) (0,0,0,0)) is assigned to process 3, has 131072 valid cells and 606208 ghost cells
   Phase space box ((32,0,-32,0) (39,7,31,31) (0,0,0,0)) is assigned to process 4, has 131072 valid cells and 606208 ghost cells
   Phase space box ((48,0,-32,0) (55,7,31,31) (0,0,0,0)) is assigned to process 6, has 131072 valid cells and 606208 ghost cells
   Phase space box ((56,0,-32,0) (63,7,31,31) (0,0,0,0)) is assigned to process 7, has 131072 valid cells and 606208 ghost cells
   Phase space box ((0,8,-32,0) (7,15,31,31) (0,0,0,0)) is assigned to process 8, has 131072 valid cells and 606208 ghost cells
   Phase space box ((8,8,-32,0) (15,15,31,31) (0,0,0,0)) is assigned to process 9, has 131072 valid cells and 606208 ghost cells
   Phase space box ((16,8,-32,0) (23,15,31,31) (0,0,0,0)) is assigned to process 10, has 131072 valid cells and 606208 ghost cells
   Phase space box ((24,8,-32,0) (31,15,31,31) (0,0,0,0)) is assigned to process 11, has 131072 valid cells and 606208 ghost cells
   Phase space box ((32,8,-32,0) (39,15,31,31) (0,0,0,0)) is assigned to process 12, has 131072 valid cells and 606208 ghost cells
   Phase space box ((40,8,-32,0) (47,15,31,31) (0,0,0,0)) is assigned to process 13, has 131072 valid cells and 606208 ghost cells
   Phase space box ((48,8,-32,0) (55,15,31,31) (0,0,0,0)) is assigned to process 14, has 131072 valid cells and 606208 ghost cells
   Phase space box ((56,8,-32,0) (63,15,31,31) (0,0,0,0)) is assigned to process 15, has 131072 valid cells and 606208 ghost cells
   Phase space box ((0,16,-32,0) (7,23,31,31) (0,0,0,0)) is assigned to process 16, has 131072 valid cells and 606208 ghost cells
   Phase space box ((16,16,-32,0) (23,23,31,31) (0,0,0,0)) is assigned to process 18, has 131072 valid cells and 606208 ghost cells
   Phase space box ((32,16,-32,0) (39,23,31,31) (0,0,0,0)) is assigned to process 20, has 131072 valid cells and 606208 ghost cells
   Phase space box ((40,16,-32,0) (47,23,31,31) (0,0,0,0)) is assigned to process 21, has 131072 valid cells and 606208 ghost cells
   Phase space box ((48,16,-32,0) (55,23,31,31) (0,0,0,0)) is assigned to process 22, has 131072 valid cells and 606208 ghost cells
   Phase space box ((56,16,-32,0) (63,23,31,31) (0,0,0,0)) is assigned to process 23, has 131072 valid cells and 606208 ghost cells
   Phase space box ((8,24,-32,0) (15,31,31,31) (0,0,0,0)) is assigned to process 25, has 131072 valid cells and 606208 ghost cells
   Phase space box ((24,24,-32,0) (31,31,31,31) (0,0,0,0)) is assigned to process 27, has 131072 valid cells and 606208 ghost cells
   Phase space box ((32,24,-32,0) (39,31,31,31) (0,0,0,0)) is assigned to process 28, has 131072 valid cells and 606208 ghost cells
   Phase space box ((40,24,-32,0) (47,31,31,31) (0,0,0,0)) is assigned to process 29, has 131072 valid cells and 606208 ghost cells
   Phase space box ((48,24,-32,0) (55,31,31,31) (0,0,0,0)) is assigned to process 30, has 131072 valid cells and 606208 ghost cells
   Phase space box ((56,24,-32,0) (63,31,31,31) (0,0,0,0)) is assigned to process 31, has 131072 valid cells and 606208 ghost cells
Adding species and constructing gyrocenter coordinates...
   hydrogen: kinetic species with mass = 2, charge = 1
Done adding species and constructing coordinates

Grid Function Library =========================

"Ion_vpar_grid_func":
Constant grid function parameters:
  value: 1

"N0_grid_func":
Arbitrary grid function parameters:
  function: 1.0+0.5*exp(-(x-pi)/(2*pi*0.01/0.02))+0.001*cos(2*y)

"T0_grid_func":
Cosine grid function parameters:
  constant: 0.2
  amplitude: 0
  mode: (1,0)
  phase: (0,0)

"eN0_grid_func":
Arbitrary grid function parameters:
  function: 1.0+0.5*exp(-(x-pi)/(2*pi*0.01/0.02))

"eT0_grid_func":
Cosine grid function parameters:
  constant: 0.2
  amplitude: 0
  mode: (1,0)
  phase: (0,0)

"ele_vpar_grid_func":
Constant grid function parameters:
  value: 1

"zero_grid_func":
Constant grid function parameters:
  value: 0

===============================================

Kinetic Function Library =========================

"maxwellian_electron_phase_func":
Maxwellian kinetic function parameters:
-- Density --
Arbitrary grid function parameters:
  function: 1.0+0.5*exp(-(x-pi)/(2*pi*0.01/0.02))

-- Temperature --
Cosine grid function parameters:
  constant: 0.2
  amplitude: 0
  mode: (1,0)
  phase: (0,0)

-- Vparallel --
Constant grid function parameters:
  value: 1


"maxwellian_phase_func":
Maxwellian kinetic function parameters:
-- Density --
Arbitrary grid function parameters:
  function: 1.0+0.5*exp(-(x-pi)/(2*pi*0.01/0.02))+0.001*cos(2*y)

-- Temperature --
Cosine grid function parameters:
  constant: 0.2
  amplitude: 0
  mode: (1,0)
  phase: (0,0)

-- Vparallel --
Constant grid function parameters:
  value: 1


==================================================

SlabPotentialBC ================================
- variable: potential-------------
  radial_lower: 
     bc_type  = 0
     bc_value = 0
  radial_upper: 
     bc_type  = 0
     bc_value = 0
  poloidal_lower: 
     bc_type  = 1
     bc_value = 0
  poloidal_upper: 
     bc_type  = 1
     bc_value = 0
-----------------------------------------------
===============================================

SlabPhaseBC ================================
- variable: hydrogen-------------
  radial_lower: 
Maxwellian kinetic function parameters:
-- Density --
Arbitrary grid function parameters:
  function: 1.0+0.5*exp(-(x-pi)/(2*pi*0.01/0.02))+0.001*cos(2*y)

-- Temperature --
Cosine grid function parameters:
  constant: 0.2
  amplitude: 0
  mode: (1,0)
  phase: (0,0)

-- Vparallel --
Constant grid function parameters:
  value: 1


  radial_upper: 
Maxwellian kinetic function parameters:
-- Density --
Arbitrary grid function parameters:
  function: 1.0+0.5*exp(-(x-pi)/(2*pi*0.01/0.02))+0.001*cos(2*y)

-- Temperature --
Cosine grid function parameters:
  constant: 0.2
  amplitude: 0
  mode: (1,0)
  phase: (0,0)

-- Vparallel --
Constant grid function parameters:
  value: 1


  poloidal_lower: 
Maxwellian kinetic function parameters:
-- Density --
Arbitrary grid function parameters:
  function: 1.0+0.5*exp(-(x-pi)/(2*pi*0.01/0.02))+0.001*cos(2*y)

-- Temperature --
Cosine grid function parameters:
  constant: 0.2
  amplitude: 0
  mode: (1,0)
  phase: (0,0)

-- Vparallel --
Constant grid function parameters:
  value: 1


  poloidal_upper: 
Maxwellian kinetic function parameters:
-- Density --
Arbitrary grid function parameters:
  function: 1.0+0.5*exp(-(x-pi)/(2*pi*0.01/0.02))+0.001*cos(2*y)

-- Temperature --
Cosine grid function parameters:
  constant: 0.2
  amplitude: 0
  mode: (1,0)
  phase: (0,0)

-- Vparallel --
Constant grid function parameters:
  value: 1


  vpar_lower: 
Maxwellian kinetic function parameters:
-- Density --
Arbitrary grid function parameters:
  function: 1.0+0.5*exp(-(x-pi)/(2*pi*0.01/0.02))+0.001*cos(2*y)

-- Temperature --
Cosine grid function parameters:
  constant: 0.2
  amplitude: 0
  mode: (1,0)
  phase: (0,0)

-- Vparallel --
Constant grid function parameters:
  value: 1


  vpar_upper: 
Maxwellian kinetic function parameters:
-- Density --
Arbitrary grid function parameters:
  function: 1.0+0.5*exp(-(x-pi)/(2*pi*0.01/0.02))+0.001*cos(2*y)

-- Temperature --
Cosine grid function parameters:
  constant: 0.2
  amplitude: 0
  mode: (1,0)
  phase: (0,0)

-- Vparallel --
Constant grid function parameters:
  value: 1


  mu_lower: 
Maxwellian kinetic function parameters:
-- Density --
Arbitrary grid function parameters:
  function: 1.0+0.5*exp(-(x-pi)/(2*pi*0.01/0.02))+0.001*cos(2*y)

-- Temperature --
Cosine grid function parameters:
  constant: 0.2
  amplitude: 0
  mode: (1,0)
  phase: (0,0)

-- Vparallel --
Constant grid function parameters:
  value: 1


  mu_upper: 
Maxwellian kinetic function parameters:
-- Density --
Arbitrary grid function parameters:
  function: 1.0+0.5*exp(-(x-pi)/(2*pi*0.01/0.02))+0.001*cos(2*y)

-- Temperature --
Cosine grid function parameters:
  constant: 0.2
  amplitude: 0
  mode: (1,0)
  phase: (0,0)

-- Vparallel --
Constant grid function parameters:
  value: 1


-----------------------------------------------
===============================================
Unrecognized collision model; setting model to NULL
      AMG solver residual = 0.000428665 after 2 iterations
      AMG solver residual = 0.000347651 after 2 iterations
      AMG solver residual = 0.000197171 after 2 iterations
      AMG solver residual = 0.000136523 after 2 iterations
  Distribution Function Extrema:
    Species 0:	0.000390694 [max]	-5.02297e-26 [min]

      AMG solver residual = 0.00454175 after 1 iterations
dtStable = 1.49997
      AMG solver residual = 0.000393794 after 2 iterations
      AMG solver residual = 0.000386566 after 2 iterations
      AMG solver residual = 0.000228814 after 2 iterations
      AMG solver residual = 0.000142692 after 2 iterations
      AMG solver residual = 0.000441257 after 2 iterations
      AMG solver residual = 0.000349029 after 2 iterations
      AMG solver residual = 0.000305765 after 2 iterations
      AMG solver residual = 0.00040266 after 2 iterations
      AMG solver residual = 0.000397836 after 2 iterations
      AMG solver residual = 0.000235039 after 2 iterations
      AMG solver residual = 0.000147587 after 2 iterations
 subiteration:1/1
 subiteration:1/1
 subiteration:1/1
 subiteration:1/1
 subiteration:1/1
  Distribution Function Extrema:
 subiteration:1/1
 subiteration:1/1
 subiteration:1/1
 subiteration:1/1
 subiteration:1/1
 subiteration:1/1
 subiteration:1/1
 subiteration:1/1
 subiteration:1/1
 subiteration:1/1
 subiteration:1/1
 subiteration:1/1
 subiteration:1/1
 subiteration:1/1
 subiteration:1/1
 subiteration:1/1
 subiteration:1/1
 subiteration:1/1
 subiteration:1/1
 subiteration:1/1
 subiteration:1/1
 subiteration:1/1
 subiteration:1/1
 subiteration:1/1
 subiteration:1/1
 subiteration:1/1
 subiteration:1/1
 subiteration:1/1
 subiteration:1/1
 subiteration:1/1
 subiteration:1/1
 subiteration:1/1
 subiteration:1/1
 subiteration:1/1
 subiteration:1/1
 subiteration:1/1
 subiteration:1/1
 subiteration:1/1
 subiteration:1/1
 subiteration:1/1
 subiteration:1/1
 subiteration:1/1
 subiteration:1/1
 subiteration:1/1
 subiteration:1/1
 subiteration:1/1
 subiteration:1/1
 subiteration:1/1
 subiteration:1/1
 subiteration:1/1
 subiteration:1/1
 subiteration:1/1
 subiteration:1/1
 subiteration:1/1
 subiteration:1/1
 subiteration:1/1
 subiteration:1/1
 subiteration:1/1
 subiteration:1/1
    Species 0:	0.00039069 [max]	-5.02336e-26 [min]

Step 1 completed, simulation time is 0.1
      AMG solver residual = 0.000374565 after 2 iterations
      AMG solver residual = 0.000375829 after 2 iterations
      AMG solver residual = 0.000411001 after 2 iterations
      AMG solver residual = 0.000397197 after 2 iterations
      AMG solver residual = 0.000253492 after 2 iterations
      AMG solver residual = 0.000156453 after 2 iterations
      AMG solver residual = 0.000424498 after 2 iterations
      AMG solver residual = 0.000332312 after 2 iterations
      AMG solver residual = 0.000285244 after 2 iterations
      AMG solver residual = 0.000425567 after 2 iterations
      AMG solver residual = 0.000397585 after 2 iterations
      AMG solver residual = 0.000252733 after 2 iterations
      AMG solver residual = 0.000160426 after 2 iterations
 subiteration:1/1
 subiteration:1/1
 subiteration:1/1
 subiteration:1/1
 subiteration:1/1
 subiteration:1/1
 subiteration:1/1
 subiteration:1/1
 subiteration:1/1
 subiteration:1/1
 subiteration:1/1
 subiteration:1/1
 subiteration:1/1
  Distribution Function Extrema:
 subiteration:1/1
 subiteration:1/1
 subiteration:1/1
 subiteration:1/1
 subiteration:1/1
 subiteration:1/1
 subiteration:1/1
 subiteration:1/1
 subiteration:1/1
 subiteration:1/1
 subiteration:1/1
 subiteration:1/1
 subiteration:1/1
 subiteration:1/1
 subiteration:1/1
 subiteration:1/1
 subiteration:1/1
 subiteration:1/1
 subiteration:1/1
 subiteration:1/1
 subiteration:1/1
 subiteration:1/1
 subiteration:1/1
 subiteration:1/1
 subiteration:1/1
 subiteration:1/1
 subiteration:1/1
 subiteration:1/1
 subiteration:1/1
 subiteration:1/1
 subiteration:1/1
 subiteration:1/1
 subiteration:1/1
 subiteration:1/1
 subiteration:1/1
 subiteration:1/1
 subiteration:1/1
 subiteration:1/1
 subiteration:1/1
 subiteration:1/1
 subiteration:1/1
 subiteration:1/1
 subiteration:1/1
 subiteration:1/1
 subiteration:1/1
 subiteration:1/1
 subiteration:1/1
 subiteration:1/1
 subiteration:1/1
 subiteration:1/1
 subiteration:1/1
    Species 0:	0.000390679 [max]	-5.02448e-26 [min]

Step 2 completed, simulation time is 0.2
      AMG solver residual = 0.000372783 after 2 iterations
      AMG solver residual = 0.00038381 after 2 iterations
      AMG solver residual = 0.000434749 after 2 iterations
      AMG solver residual = 0.000389744 after 2 iterations
      AMG solver residual = 0.000263391 after 2 iterations
      AMG solver residual = 0.000166573 after 2 iterations
      AMG solver residual = 0.00038949 after 2 iterations
      AMG solver residual = 0.000318293 after 2 iterations
      AMG solver residual = 0.000283402 after 2 iterations
      AMG solver residual = 0.0004413 after 2 iterations
      AMG solver residual = 0.000381516 after 2 iterations
      AMG solver residual = 0.000255017 after 2 iterations
      AMG solver residual = 0.000169093 after 2 iterations
 subiteration:1/1
 subiteration:1/1
 subiteration:1/1
 subiteration:1/1
 subiteration:1/1
 subiteration:1/1
  Distribution Function Extrema:
 subiteration:1/1
 subiteration:1/1
 subiteration:1/1
 subiteration:1/1
 subiteration:1/1
 subiteration:1/1
 subiteration:1/1
 subiteration:1/1
 subiteration:1/1
 subiteration:1/1
 subiteration:1/1
 subiteration:1/1
 subiteration:1/1
 subiteration:1/1
 subiteration:1/1
 subiteration:1/1
 subiteration:1/1
 subiteration:1/1
 subiteration:1/1
 subiteration:1/1
 subiteration:1/1
 subiteration:1/1
 subiteration:1/1
 subiteration:1/1
 subiteration:1/1
 subiteration:1/1
 subiteration:1/1
 subiteration:1/1
 subiteration:1/1
 subiteration:1/1
 subiteration:1/1
 subiteration:1/1
 subiteration:1/1
 subiteration:1/1
 subiteration:1/1
 subiteration:1/1
 subiteration:1/1
 subiteration:1/1
 subiteration:1/1
 subiteration:1/1
 subiteration:1/1
 subiteration:1/1
 subiteration:1/1
 subiteration:1/1
 subiteration:1/1
 subiteration:1/1
 subiteration:1/1
 subiteration:1/1
 subiteration:1/1
 subiteration:1/1
 subiteration:1/1
 subiteration:1/1
 subiteration:1/1
 subiteration:1/1
 subiteration:1/1
 subiteration:1/1
 subiteration:1/1
 subiteration:1/1
    Species 0:	0.000390662 [max]	-5.02602e-26 [min]

Step 3 completed, simulation time is 0.3
      AMG solver residual = 0.000408332 after 2 iterations
      AMG solver residual = 0.000405163 after 2 iterations
      AMG solver residual = 0.000441759 after 2 iterations
      AMG solver residual = 0.000370566 after 2 iterations
      AMG solver residual = 0.000260789 after 2 iterations
      AMG solver residual = 0.00017292 after 2 iterations
      AMG solver residual = 0.000373151 after 2 iterations
      AMG solver residual = 0.000330832 after 2 iterations
      AMG solver residual = 0.000303347 after 2 iterations
      AMG solver residual = 0.000433878 after 2 iterations
      AMG solver residual = 0.000357829 after 2 iterations
      AMG solver residual = 0.00025455 after 2 iterations
      AMG solver residual = 0.000176635 after 2 iterations
 subiteration:1/1
 subiteration:1/1
 subiteration:1/1
  Distribution Function Extrema:
 subiteration:1/1
 subiteration:1/1
 subiteration:1/1
 subiteration:1/1
 subiteration:1/1
 subiteration:1/1
 subiteration:1/1
 subiteration:1/1
 subiteration:1/1
 subiteration:1/1
 subiteration:1/1
 subiteration:1/1
 subiteration:1/1
 subiteration:1/1
 subiteration:1/1
 subiteration:1/1
 subiteration:1/1
 subiteration:1/1
 subiteration:1/1
 subiteration:1/1
 subiteration:1/1
 subiteration:1/1
 subiteration:1/1
 subiteration:1/1
 subiteration:1/1
 subiteration:1/1
 subiteration:1/1
 subiteration:1/1
 subiteration:1/1
 subiteration:1/1
 subiteration:1/1
 subiteration:1/1
 subiteration:1/1
 subiteration:1/1
 subiteration:1/1
 subiteration:1/1
 subiteration:1/1
 subiteration:1/1
 subiteration:1/1
 subiteration:1/1
 subiteration:1/1
 subiteration:1/1
 subiteration:1/1
 subiteration:1/1
 subiteration:1/1
 subiteration:1/1
 subiteration:1/1
 subiteration:1/1
 subiteration:1/1
 subiteration:1/1
 subiteration:1/1
 subiteration:1/1
 subiteration:1/1
 subiteration:1/1
 subiteration:1/1
 subiteration:1/1
 subiteration:1/1
 subiteration:1/1
 subiteration:1/1
 subiteration:1/1
 subiteration:1/1
    Species 0:	0.000390641 [max]	-5.0276e-26 [min]

Step 4 completed, simulation time is 0.4
      AMG solver residual = 0.000444153 after 2 iterations
      AMG solver residual = 0.000413053 after 2 iterations
      AMG solver residual = 0.000424385 after 2 iterations
      AMG solver residual = 0.000344313 after 2 iterations
      AMG solver residual = 0.000262013 after 2 iterations
      AMG solver residual = 0.000180134 after 2 iterations
      AMG solver residual = 0.00039621 after 2 iterations
      AMG solver residual = 0.000366341 after 2 iterations
      AMG solver residual = 0.000331995 after 2 iterations
      AMG solver residual = 0.000407705 after 2 iterations
      AMG solver residual = 0.000329538 after 2 iterations
      AMG solver residual = 0.000262259 after 2 iterations
      AMG solver residual = 0.000184213 after 2 iterations
 subiteration:1/1
 subiteration:1/1
 subiteration:1/1
 subiteration:1/1
 subiteration:1/1
 subiteration:1/1
  Distribution Function Extrema:
 subiteration:1/1
 subiteration:1/1
 subiteration:1/1
 subiteration:1/1
 subiteration:1/1
 subiteration:1/1
 subiteration:1/1
 subiteration:1/1
 subiteration:1/1
 subiteration:1/1
 subiteration:1/1
 subiteration:1/1
 subiteration:1/1
 subiteration:1/1
 subiteration:1/1
 subiteration:1/1
 subiteration:1/1
 subiteration:1/1
 subiteration:1/1
 subiteration:1/1
 subiteration:1/1
 subiteration:1/1
 subiteration:1/1
 subiteration:1/1
 subiteration:1/1
 subiteration:1/1
 subiteration:1/1
 subiteration:1/1
 subiteration:1/1
 subiteration:1/1
 subiteration:1/1
 subiteration:1/1
 subiteration:1/1
 subiteration:1/1
 subiteration:1/1
 subiteration:1/1
 subiteration:1/1
 subiteration:1/1
 subiteration:1/1
 subiteration:1/1
 subiteration:1/1
 subiteration:1/1
 subiteration:1/1
 subiteration:1/1
 subiteration:1/1
 subiteration:1/1
 subiteration:1/1
 subiteration:1/1
 subiteration:1/1
 subiteration:1/1
 subiteration:1/1
 subiteration:1/1
 subiteration:1/1
 subiteration:1/1
 subiteration:1/1
 subiteration:1/1
 subiteration:1/1
 subiteration:1/1
    Species 0:	0.000390618 [max]	-5.02885e-26 [min]

Step 5 completed, simulation time is 0.5
      AMG solver residual = 0.000446061 after 2 iterations
      AMG solver residual = 0.000407887 after 2 iterations
      AMG solver residual = 0.000394734 after 2 iterations
      AMG solver residual = 0.000317543 after 2 iterations
      AMG solver residual = 0.000274365 after 2 iterations
      AMG solver residual = 0.000187536 after 2 iterations
      AMG solver residual = 0.000437275 after 2 iterations
      AMG solver residual = 0.000381539 after 2 iterations
      AMG solver residual = 0.000354696 after 2 iterations
      AMG solver residual = 0.000385458 after 2 iterations
      AMG solver residual = 0.000314011 after 2 iterations
      AMG solver residual = 0.000279713 after 2 iterations
      AMG solver residual = 0.000188451 after 2 iterations
 subiteration:1/1
 subiteration:1/1
 subiteration:1/1
  Distribution Function Extrema:
 subiteration:1/1
 subiteration:1/1
 subiteration:1/1
 subiteration:1/1
 subiteration:1/1
 subiteration:1/1
 subiteration:1/1
 subiteration:1/1
 subiteration:1/1
 subiteration:1/1
 subiteration:1/1
 subiteration:1/1
 subiteration:1/1
 subiteration:1/1
 subiteration:1/1
 subiteration:1/1
 subiteration:1/1
 subiteration:1/1
 subiteration:1/1
 subiteration:1/1
 subiteration:1/1
 subiteration:1/1
 subiteration:1/1
 subiteration:1/1
 subiteration:1/1
 subiteration:1/1
 subiteration:1/1
 subiteration:1/1
 subiteration:1/1
 subiteration:1/1
 subiteration:1/1
 subiteration:1/1
 subiteration:1/1
 subiteration:1/1
 subiteration:1/1
 subiteration:1/1
 subiteration:1/1
 subiteration:1/1
 subiteration:1/1
 subiteration:1/1
 subiteration:1/1
 subiteration:1/1
 subiteration:1/1
 subiteration:1/1
 subiteration:1/1
 subiteration:1/1
 subiteration:1/1
 subiteration:1/1
 subiteration:1/1
 subiteration:1/1
 subiteration:1/1
 subiteration:1/1
 subiteration:1/1
 subiteration:1/1
 subiteration:1/1
 subiteration:1/1
 subiteration:1/1
 subiteration:1/1
 subiteration:1/1
 subiteration:1/1
 subiteration:1/1
    Species 0:	0.000390598 [max]	-5.0295e-26 [min]

Step 6 completed, simulation time is 0.6
      AMG solver residual = 0.000409261 after 2 iterations
      AMG solver residual = 0.000390203 after 2 iterations
      AMG solver residual = 0.000382072 after 2 iterations
      AMG solver residual = 0.000318228 after 2 iterations
      AMG solver residual = 0.000294533 after 2 iterations
      AMG solver residual = 0.000190117 after 2 iterations
      AMG solver residual = 0.000457695 after 2 iterations
      AMG solver residual = 0.000374682 after 2 iterations
      AMG solver residual = 0.000358372 after 2 iterations
      AMG solver residual = 0.000392652 after 2 iterations
      AMG solver residual = 0.000338203 after 2 iterations
      AMG solver residual = 0.000303157 after 2 iterations
      AMG solver residual = 0.000183787 after 2 iterations
 subiteration:1/1
 subiteration:1/1
 subiteration:1/1
 subiteration:1/1
 subiteration:1/1
 subiteration:1/1
 subiteration:1/1
  Distribution Function Extrema:
 subiteration:1/1
 subiteration:1/1
 subiteration:1/1
 subiteration:1/1
 subiteration:1/1
 subiteration:1/1
 subiteration:1/1
 subiteration:1/1
 subiteration:1/1
 subiteration:1/1
 subiteration:1/1
 subiteration:1/1
 subiteration:1/1
 subiteration:1/1
 subiteration:1/1
 subiteration:1/1
 subiteration:1/1
 subiteration:1/1
 subiteration:1/1
 subiteration:1/1
 subiteration:1/1
 subiteration:1/1
 subiteration:1/1
 subiteration:1/1
 subiteration:1/1
 subiteration:1/1
 subiteration:1/1
 subiteration:1/1
 subiteration:1/1
 subiteration:1/1
 subiteration:1/1
 subiteration:1/1
 subiteration:1/1
 subiteration:1/1
 subiteration:1/1
 subiteration:1/1
 subiteration:1/1
 subiteration:1/1
 subiteration:1/1
 subiteration:1/1
 subiteration:1/1
 subiteration:1/1
 subiteration:1/1
 subiteration:1/1
 subiteration:1/1
 subiteration:1/1
 subiteration:1/1
 subiteration:1/1
 subiteration:1/1
 subiteration:1/1
 subiteration:1/1
 subiteration:1/1
 subiteration:1/1
 subiteration:1/1
 subiteration:1/1
 subiteration:1/1
 subiteration:1/1
    Species 0:	0.000390583 [max]	-5.02945e-26 [min]

Step 7 completed, simulation time is 0.7
      AMG solver residual = 0.000363367 after 2 iterations
      AMG solver residual = 0.000362866 after 2 iterations
      AMG solver residual = 0.000403656 after 2 iterations
      AMG solver residual = 0.000353756 after 2 iterations
      AMG solver residual = 0.000319819 after 2 iterations
      AMG solver residual = 0.000182297 after 2 iterations
      AMG solver residual = 0.00043857 after 2 iterations
      AMG solver residual = 0.000356468 after 2 iterations
      AMG solver residual = 0.000345874 after 2 iterations
      AMG solver residual = 0.000426031 after 2 iterations
      AMG solver residual = 0.000371645 after 2 iterations
      AMG solver residual = 0.000329111 after 2 iterations
      AMG solver residual = 0.000164917 after 2 iterations
 subiteration:1/1
 subiteration:1/1
 subiteration:1/1
  Distribution Function Extrema:
 subiteration:1/1
 subiteration:1/1
 subiteration:1/1
 subiteration:1/1
 subiteration:1/1
 subiteration:1/1
 subiteration:1/1
 subiteration:1/1
 subiteration:1/1
 subiteration:1/1
 subiteration:1/1
 subiteration:1/1
 subiteration:1/1
 subiteration:1/1
 subiteration:1/1
 subiteration:1/1
 subiteration:1/1
 subiteration:1/1
 subiteration:1/1
 subiteration:1/1
 subiteration:1/1
 subiteration:1/1
 subiteration:1/1
 subiteration:1/1
 subiteration:1/1
 subiteration:1/1
 subiteration:1/1
 subiteration:1/1
 subiteration:1/1
 subiteration:1/1
 subiteration:1/1
 subiteration:1/1
 subiteration:1/1
 subiteration:1/1
 subiteration:1/1
 subiteration:1/1
 subiteration:1/1
 subiteration:1/1
 subiteration:1/1
 subiteration:1/1
 subiteration:1/1
 subiteration:1/1
 subiteration:1/1
 subiteration:1/1
 subiteration:1/1
 subiteration:1/1
 subiteration:1/1
 subiteration:1/1
 subiteration:1/1
 subiteration:1/1
 subiteration:1/1
 subiteration:1/1
 subiteration:1/1
 subiteration:1/1
 subiteration:1/1
 subiteration:1/1
 subiteration:1/1
 subiteration:1/1
 subiteration:1/1
 subiteration:1/1
 subiteration:1/1
    Species 0:	0.000390576 [max]	-5.02877e-26 [min]

Step 8 completed, simulation time is 0.8
      AMG solver residual = 0.000357415 after 2 iterations
      AMG solver residual = 0.000374188 after 2 iterations
      AMG solver residual = 0.000440924 after 2 iterations
      AMG solver residual = 0.000379308 after 2 iterations
      AMG solver residual = 0.000344951 after 2 iterations
      AMG solver residual = 0.000158512 after 2 iterations
      AMG solver residual = 0.000391826 after 2 iterations
      AMG solver residual = 0.000321124 after 2 iterations
      AMG solver residual = 0.000342972 after 2 iterations
      AMG solver residual = 0.000456332 after 2 iterations
      AMG solver residual = 0.000385633 after 2 iterations
      AMG solver residual = 0.000346177 after 2 iterations
      AMG solver residual = 0.00864537 after 1 iterations
 subiteration:1/1
 subiteration:1/1
 subiteration:1/1
  Distribution Function Extrema:
 subiteration:1/1
 subiteration:1/1
 subiteration:1/1
 subiteration:1/1
 subiteration:1/1
 subiteration:1/1
 subiteration:1/1
 subiteration:1/1
 subiteration:1/1
 subiteration:1/1
 subiteration:1/1
 subiteration:1/1
 subiteration:1/1
 subiteration:1/1
 subiteration:1/1
 subiteration:1/1
 subiteration:1/1
 subiteration:1/1
 subiteration:1/1
 subiteration:1/1
 subiteration:1/1
 subiteration:1/1
 subiteration:1/1
 subiteration:1/1
 subiteration:1/1
 subiteration:1/1
 subiteration:1/1
 subiteration:1/1
 subiteration:1/1
 subiteration:1/1
 subiteration:1/1
 subiteration:1/1
 subiteration:1/1
 subiteration:1/1
 subiteration:1/1
 subiteration:1/1
 subiteration:1/1
 subiteration:1/1
 subiteration:1/1
 subiteration:1/1
 subiteration:1/1
 subiteration:1/1
 subiteration:1/1
 subiteration:1/1
 subiteration:1/1
 subiteration:1/1
 subiteration:1/1
 subiteration:1/1
 subiteration:1/1
 subiteration:1/1
 subiteration:1/1
 subiteration:1/1
 subiteration:1/1
 subiteration:1/1
 subiteration:1/1
 subiteration:1/1
 subiteration:1/1
 subiteration:1/1
 subiteration:1/1
 subiteration:1/1
 subiteration:1/1
    Species 0:	0.000390575 [max]	-5.02772e-26 [min]

Step 9 completed, simulation time is 0.9
      AMG solver residual = 0.000400793 after 2 iterations
      AMG solver residual = 0.000418987 after 2 iterations
      AMG solver residual = 0.000461842 after 2 iterations
      AMG solver residual = 0.000385722 after 2 iterations
      AMG solver residual = 0.000354204 after 2 iterations
      AMG solver residual = 0.00789957 after 1 iterations
      AMG solver residual = 0.000358272 after 2 iterations
      AMG solver residual = 0.000283855 after 2 iterations
      AMG solver residual = 0.000368962 after 2 iterations
      AMG solver residual = 0.000459159 after 2 iterations
      AMG solver residual = 0.000387021 after 2 iterations
      AMG solver residual = 0.000343797 after 2 iterations
      AMG solver residual = 0.00617016 after 1 iterations
 subiteration:1/1
 subiteration:1/1
 subiteration:1/1
  Distribution Function Extrema:
 subiteration:1/1
 subiteration:1/1
 subiteration:1/1
 subiteration:1/1
 subiteration:1/1
 subiteration:1/1
 subiteration:1/1
 subiteration:1/1
 subiteration:1/1
 subiteration:1/1
 subiteration:1/1
 subiteration:1/1
 subiteration:1/1
 subiteration:1/1
 subiteration:1/1
 subiteration:1/1
 subiteration:1/1
 subiteration:1/1
 subiteration:1/1
 subiteration:1/1
 subiteration:1/1
 subiteration:1/1
 subiteration:1/1
 subiteration:1/1
 subiteration:1/1
 subiteration:1/1
 subiteration:1/1
 subiteration:1/1
 subiteration:1/1
 subiteration:1/1
 subiteration:1/1
 subiteration:1/1
 subiteration:1/1
 subiteration:1/1
 subiteration:1/1
 subiteration:1/1
 subiteration:1/1
 subiteration:1/1
 subiteration:1/1
 subiteration:1/1
 subiteration:1/1
 subiteration:1/1
 subiteration:1/1
 subiteration:1/1
 subiteration:1/1
 subiteration:1/1
 subiteration:1/1
 subiteration:1/1
 subiteration:1/1
 subiteration:1/1
 subiteration:1/1
 subiteration:1/1
 subiteration:1/1
 subiteration:1/1
 subiteration:1/1
 subiteration:1/1
 subiteration:1/1
 subiteration:1/1
 subiteration:1/1
 subiteration:1/1
 subiteration:1/1
    Species 0:	0.000390573 [max]	-5.02667e-26 [min]

Step 10 completed, simulation time is 1
Writing checkpoint file
Writing history file
      AMG solver residual = 0.000447541 after 2 iterations
      AMG solver residual = 0.000442225 after 2 iterations
      AMG solver residual = 0.00044973 after 2 iterations
      AMG solver residual = 0.00038281 after 2 iterations
      AMG solver residual = 0.000343581 after 2 iterations
      AMG solver residual = 0.00564589 after 1 iterations
      AMG solver residual = 0.000374873 after 2 iterations
      AMG solver residual = 0.000308104 after 2 iterations
      AMG solver residual = 0.000404453 after 2 iterations
      AMG solver residual = 0.000431456 after 2 iterations
      AMG solver residual = 0.000379691 after 2 iterations
      AMG solver residual = 0.00033402 after 2 iterations
      AMG solver residual = 0.0043399 after 1 iterations
 subiteration:1/1
 subiteration:1/1
 subiteration:1/1
 subiteration:1/1
 subiteration:1/1
 subiteration:1/1
 subiteration:1/1
 subiteration:1/1
 subiteration:1/1
 subiteration:1/1
 subiteration:1/1
 subiteration:1/1
 subiteration:1/1
 subiteration:1/1
  Distribution Function Extrema:
 subiteration:1/1
 subiteration:1/1
 subiteration:1/1
 subiteration:1/1
 subiteration:1/1
 subiteration:1/1
 subiteration:1/1
 subiteration:1/1
 subiteration:1/1
 subiteration:1/1
 subiteration:1/1
 subiteration:1/1
 subiteration:1/1
 subiteration:1/1
 subiteration:1/1
 subiteration:1/1
 subiteration:1/1
 subiteration:1/1
 subiteration:1/1
 subiteration:1/1
 subiteration:1/1
 subiteration:1/1
 subiteration:1/1
 subiteration:1/1
 subiteration:1/1
 subiteration:1/1
 subiteration:1/1
 subiteration:1/1
 subiteration:1/1
 subiteration:1/1
 subiteration:1/1
 subiteration:1/1
 subiteration:1/1
 subiteration:1/1
 subiteration:1/1
 subiteration:1/1
 subiteration:1/1
 subiteration:1/1
 subiteration:1/1
 subiteration:1/1
 subiteration:1/1
 subiteration:1/1
 subiteration:1/1
 subiteration:1/1
 subiteration:1/1
 subiteration:1/1
 subiteration:1/1
 subiteration:1/1
 subiteration:1/1
 subiteration:1/1
    Species 0:	0.000390569 [max]	-5.02594e-26 [min]

Step 11 completed, simulation time is 1.1
      AMG solver residual = 0.000456931 after 2 iterations
      AMG solver residual = 0.000445489 after 2 iterations
      AMG solver residual = 0.000411883 after 2 iterations
      AMG solver residual = 0.000367917 after 2 iterations
      AMG solver residual = 0.000337096 after 2 iterations
      AMG solver residual = 0.00395779 after 1 iterations
      AMG solver residual = 0.000424845 after 2 iterations
      AMG solver residual = 0.000343532 after 2 iterations
      AMG solver residual = 0.000422352 after 2 iterations
      AMG solver residual = 0.000393196 after 2 iterations
      AMG solver residual = 0.000356842 after 2 iterations
      AMG solver residual = 0.000342175 after 2 iterations
      AMG solver residual = 0.00307792 after 1 iterations
 subiteration:1/1
 subiteration:1/1
 subiteration:1/1
  Distribution Function Extrema:
 subiteration:1/1
 subiteration:1/1
 subiteration:1/1
 subiteration:1/1
 subiteration:1/1
 subiteration:1/1
 subiteration:1/1
 subiteration:1/1
 subiteration:1/1
 subiteration:1/1
 subiteration:1/1
 subiteration:1/1
 subiteration:1/1
 subiteration:1/1
 subiteration:1/1
 subiteration:1/1
 subiteration:1/1
 subiteration:1/1
 subiteration:1/1
 subiteration:1/1
 subiteration:1/1
 subiteration:1/1
 subiteration:1/1
 subiteration:1/1
 subiteration:1/1
 subiteration:1/1
 subiteration:1/1
 subiteration:1/1
 subiteration:1/1
 subiteration:1/1
 subiteration:1/1
 subiteration:1/1
 subiteration:1/1
 subiteration:1/1
 subiteration:1/1
 subiteration:1/1
 subiteration:1/1
 subiteration:1/1
 subiteration:1/1
 subiteration:1/1
 subiteration:1/1
 subiteration:1/1
 subiteration:1/1
 subiteration:1/1
 subiteration:1/1
 subiteration:1/1
 subiteration:1/1
 subiteration:1/1
 subiteration:1/1
 subiteration:1/1
 subiteration:1/1
 subiteration:1/1
 subiteration:1/1
 subiteration:1/1
 subiteration:1/1
 subiteration:1/1
 subiteration:1/1
 subiteration:1/1
 subiteration:1/1
 subiteration:1/1
 subiteration:1/1
    Species 0:	0.00039056 [max]	-5.02573e-26 [min]

Step 12 completed, simulation time is 1.2
      AMG solver residual = 0.000420452 after 2 iterations
      AMG solver residual = 0.000433013 after 2 iterations
      AMG solver residual = 0.000379498 after 2 iterations
      AMG solver residual = 0.000338964 after 2 iterations
      AMG solver residual = 0.000356275 after 2 iterations
      AMG solver residual = 0.00285565 after 1 iterations
      AMG solver residual = 0.00045828 after 2 iterations
      AMG solver residual = 0.000356822 after 2 iterations
      AMG solver residual = 0.0004071 after 2 iterations
      AMG solver residual = 0.000378356 after 2 iterations
      AMG solver residual = 0.00033162 after 2 iterations
      AMG solver residual = 0.000365159 after 2 iterations
      AMG solver residual = 0.00222933 after 1 iterations
 subiteration:1/1
 subiteration:1/1
 subiteration:1/1
  Distribution Function Extrema:
 subiteration:1/1
 subiteration:1/1
 subiteration:1/1
 subiteration:1/1
 subiteration:1/1
 subiteration:1/1
 subiteration:1/1
 subiteration:1/1
 subiteration:1/1
 subiteration:1/1
 subiteration:1/1
 subiteration:1/1
 subiteration:1/1
 subiteration:1/1
 subiteration:1/1
 subiteration:1/1
 subiteration:1/1
 subiteration:1/1
 subiteration:1/1
 subiteration:1/1
 subiteration:1/1
 subiteration:1/1
 subiteration:1/1
 subiteration:1/1
 subiteration:1/1
 subiteration:1/1
 subiteration:1/1
 subiteration:1/1
 subiteration:1/1
 subiteration:1/1
 subiteration:1/1
 subiteration:1/1
 subiteration:1/1
 subiteration:1/1
 subiteration:1/1
 subiteration:1/1
 subiteration:1/1
 subiteration:1/1
 subiteration:1/1
 subiteration:1/1
 subiteration:1/1
 subiteration:1/1
 subiteration:1/1
 subiteration:1/1
 subiteration:1/1
 subiteration:1/1
 subiteration:1/1
 subiteration:1/1
 subiteration:1/1
 subiteration:1/1
 subiteration:1/1
 subiteration:1/1
 subiteration:1/1
 subiteration:1/1
 subiteration:1/1
 subiteration:1/1
 subiteration:1/1
 subiteration:1/1
 subiteration:1/1
 subiteration:1/1
 subiteration:1/1
    Species 0:	0.000390548 [max]	-5.02553e-26 [min]

Step 13 completed, simulation time is 1.3
      AMG solver residual = 0.000367149 after 2 iterations
      AMG solver residual = 0.000406497 after 2 iterations
      AMG solver residual = 0.000381998 after 2 iterations
      AMG solver residual = 0.000324869 after 2 iterations
      AMG solver residual = 0.000379029 after 2 iterations
      AMG solver residual = 0.00207182 after 1 iterations
      AMG solver residual = 0.000451096 after 2 iterations
      AMG solver residual = 0.000358683 after 2 iterations
      AMG solver residual = 0.000381113 after 2 iterations
      AMG solver residual = 0.000398676 after 2 iterations
      AMG solver residual = 0.000330659 after 2 iterations
      AMG solver residual = 0.000374815 after 2 iterations
      AMG solver residual = 0.00164142 after 1 iterations
 subiteration:1/1
 subiteration:1/1
 subiteration:1/1
  Distribution Function Extrema:
 subiteration:1/1
 subiteration:1/1
 subiteration:1/1
 subiteration:1/1
 subiteration:1/1
 subiteration:1/1
 subiteration:1/1
 subiteration:1/1
 subiteration:1/1
 subiteration:1/1
 subiteration:1/1
 subiteration:1/1
 subiteration:1/1
 subiteration:1/1
 subiteration:1/1
 subiteration:1/1
 subiteration:1/1
 subiteration:1/1
 subiteration:1/1
 subiteration:1/1
 subiteration:1/1
 subiteration:1/1
 subiteration:1/1
 subiteration:1/1
 subiteration:1/1
 subiteration:1/1
 subiteration:1/1
 subiteration:1/1
 subiteration:1/1
 subiteration:1/1
 subiteration:1/1
 subiteration:1/1
 subiteration:1/1
 subiteration:1/1
 subiteration:1/1
 subiteration:1/1
 subiteration:1/1
 subiteration:1/1
 subiteration:1/1
 subiteration:1/1
 subiteration:1/1
 subiteration:1/1
 subiteration:1/1
 subiteration:1/1
 subiteration:1/1
 subiteration:1/1
 subiteration:1/1
 subiteration:1/1
 subiteration:1/1
 subiteration:1/1
 subiteration:1/1
 subiteration:1/1
 subiteration:1/1
 subiteration:1/1
 subiteration:1/1
 subiteration:1/1
 subiteration:1/1
 subiteration:1/1
 subiteration:1/1
 subiteration:1/1
 subiteration:1/1
    Species 0:	0.000390542 [max]	-5.02528e-26 [min]

Step 14 completed, simulation time is 1.4
      AMG solver residual = 0.000348996 after 2 iterations
      AMG solver residual = 0.000398811 after 2 iterations
      AMG solver residual = 0.000413558 after 2 iterations
      AMG solver residual = 0.00033416 after 2 iterations
      AMG solver residual = 0.000378101 after 2 iterations
      AMG solver residual = 0.00152995 after 1 iterations
      AMG solver residual = 0.000409729 after 2 iterations
      AMG solver residual = 0.000348402 after 2 iterations
      AMG solver residual = 0.000360746 after 2 iterations
      AMG solver residual = 0.000430517 after 2 iterations
      AMG solver residual = 0.000340585 after 2 iterations
      AMG solver residual = 0.000355044 after 2 iterations
      AMG solver residual = 0.00126595 after 1 iterations
 subiteration:1/1
 subiteration:1/1
  Distribution Function Extrema:
 subiteration:1/1
 subiteration:1/1
 subiteration:1/1
 subiteration:1/1
 subiteration:1/1
 subiteration:1/1
 subiteration:1/1
 subiteration:1/1
 subiteration:1/1
 subiteration:1/1
 subiteration:1/1
 subiteration:1/1
 subiteration:1/1
 subiteration:1/1
 subiteration:1/1
 subiteration:1/1
 subiteration:1/1
 subiteration:1/1
 subiteration:1/1
 subiteration:1/1
 subiteration:1/1
 subiteration:1/1
 subiteration:1/1
 subiteration:1/1
 subiteration:1/1
 subiteration:1/1
 subiteration:1/1
 subiteration:1/1
 subiteration:1/1
 subiteration:1/1
 subiteration:1/1
 subiteration:1/1
 subiteration:1/1
 subiteration:1/1
 subiteration:1/1
 subiteration:1/1
 subiteration:1/1
 subiteration:1/1
 subiteration:1/1
 subiteration:1/1
 subiteration:1/1
 subiteration:1/1
 subiteration:1/1
 subiteration:1/1
 subiteration:1/1
 subiteration:1/1
 subiteration:1/1
 subiteration:1/1
 subiteration:1/1
 subiteration:1/1
 subiteration:1/1
 subiteration:1/1
 subiteration:1/1
 subiteration:1/1
 subiteration:1/1
 subiteration:1/1
 subiteration:1/1
 subiteration:1/1
 subiteration:1/1
 subiteration:1/1
 subiteration:1/1
 subiteration:1/1
    Species 0:	0.000390554 [max]	-5.02505e-26 [min]

Step 15 completed, simulation time is 1.5
      AMG solver residual = 0.000385177 after 2 iterations
      AMG solver residual = 0.000422062 after 2 iterations
      AMG solver residual = 0.000441504 after 2 iterations
      AMG solver residual = 0.000344419 after 2 iterations
      AMG solver residual = 0.000347045 after 2 iterations
      AMG solver residual = 0.00119422 after 1 iterations
      AMG solver residual = 0.000368681 after 2 iterations
      AMG solver residual = 0.000322829 after 2 iterations
      AMG solver residual = 0.000338156 after 2 iterations
      AMG solver residual = 0.000444618 after 2 iterations
      AMG solver residual = 0.00034947 after 2 iterations
      AMG solver residual = 0.000310532 after 2 iterations
      AMG solver residual = 0.00104469 after 1 iterations
 subiteration:1/1
 subiteration:1/1
 subiteration:1/1
  Distribution Function Extrema:
 subiteration:1/1
 subiteration:1/1
 subiteration:1/1
 subiteration:1/1
 subiteration:1/1
 subiteration:1/1
 subiteration:1/1
 subiteration:1/1
 subiteration:1/1
 subiteration:1/1
 subiteration:1/1
 subiteration:1/1
 subiteration:1/1
 subiteration:1/1
 subiteration:1/1
 subiteration:1/1
 subiteration:1/1
 subiteration:1/1
 subiteration:1/1
 subiteration:1/1
 subiteration:1/1
 subiteration:1/1
 subiteration:1/1
 subiteration:1/1
 subiteration:1/1
 subiteration:1/1
 subiteration:1/1
 subiteration:1/1
 subiteration:1/1
 subiteration:1/1
 subiteration:1/1
 subiteration:1/1
 subiteration:1/1
 subiteration:1/1
 subiteration:1/1
 subiteration:1/1
 subiteration:1/1
 subiteration:1/1
 subiteration:1/1
 subiteration:1/1
 subiteration:1/1
 subiteration:1/1
 subiteration:1/1
 subiteration:1/1
 subiteration:1/1
 subiteration:1/1
 subiteration:1/1
 subiteration:1/1
 subiteration:1/1
 subiteration:1/1
 subiteration:1/1
 subiteration:1/1
 subiteration:1/1
 subiteration:1/1
 subiteration:1/1
 subiteration:1/1
 subiteration:1/1
 subiteration:1/1
 subiteration:1/1
 subiteration:1/1
 subiteration:1/1
    Species 0:	0.000390567 [max]	-5.02487e-26 [min]

Step 16 completed, simulation time is 1.6
      AMG solver residual = 0.000432104 after 2 iterations
      AMG solver residual = 0.000435477 after 2 iterations
      AMG solver residual = 0.000443 after 2 iterations
      AMG solver residual = 0.000352184 after 2 iterations
      AMG solver residual = 0.000298298 after 2 iterations
      AMG solver residual = 0.000999088 after 1 iterations
      AMG solver residual = 0.000366253 after 2 iterations
      AMG solver residual = 0.000315099 after 2 iterations
      AMG solver residual = 0.000295107 after 2 iterations
      AMG solver residual = 0.000430982 after 2 iterations
      AMG solver residual = 0.000356265 after 2 iterations
      AMG solver residual = 0.000254162 after 2 iterations
      AMG solver residual = 0.000897842 after 1 iterations
 subiteration:1/1
 subiteration:1/1
 subiteration:1/1
  Distribution Function Extrema:
 subiteration:1/1
 subiteration:1/1
 subiteration:1/1
 subiteration:1/1
 subiteration:1/1
 subiteration:1/1
 subiteration:1/1
 subiteration:1/1
 subiteration:1/1
 subiteration:1/1
 subiteration:1/1
 subiteration:1/1
 subiteration:1/1
 subiteration:1/1
 subiteration:1/1
 subiteration:1/1
 subiteration:1/1
 subiteration:1/1
 subiteration:1/1
 subiteration:1/1
 subiteration:1/1
 subiteration:1/1
 subiteration:1/1
 subiteration:1/1
 subiteration:1/1
 subiteration:1/1
 subiteration:1/1
 subiteration:1/1
 subiteration:1/1
 subiteration:1/1
 subiteration:1/1
 subiteration:1/1
 subiteration:1/1
 subiteration:1/1
 subiteration:1/1
 subiteration:1/1
 subiteration:1/1
 subiteration:1/1
 subiteration:1/1
 subiteration:1/1
 subiteration:1/1
 subiteration:1/1
 subiteration:1/1
 subiteration:1/1
 subiteration:1/1
 subiteration:1/1
 subiteration:1/1
 subiteration:1/1
 subiteration:1/1
 subiteration:1/1
 subiteration:1/1
 subiteration:1/1
 subiteration:1/1
 subiteration:1/1
 subiteration:1/1
 subiteration:1/1
 subiteration:1/1
 subiteration:1/1
 subiteration:1/1
 subiteration:1/1
 subiteration:1/1
    Species 0:	0.000390579 [max]	-5.02477e-26 [min]

Step 17 completed, simulation time is 1.7
      AMG solver residual = 0.000450832 after 2 iterations
      AMG solver residual = 0.000428088 after 2 iterations
      AMG solver residual = 0.00041784 after 2 iterations
      AMG solver residual = 0.000356593 after 2 iterations
      AMG solver residual = 0.000242339 after 2 iterations
      AMG solver residual = 0.000866618 after 1 iterations
      AMG solver residual = 0.000402239 after 2 iterations
      AMG solver residual = 0.000327568 after 2 iterations
      AMG solver residual = 0.000236927 after 2 iterations
      AMG solver residual = 0.000400604 after 2 iterations
      AMG solver residual = 0.000358974 after 2 iterations
      AMG solver residual = 0.000195818 after 2 iterations
      AMG solver residual = 0.000794808 after 1 iterations
 subiteration:1/1
 subiteration:1/1
 subiteration:1/1
 subiteration:1/1
 subiteration:1/1
 subiteration:1/1
 subiteration:1/1
 subiteration:1/1
 subiteration:1/1
  Distribution Function Extrema:
 subiteration:1/1
 subiteration:1/1
 subiteration:1/1
 subiteration:1/1
 subiteration:1/1
 subiteration:1/1
 subiteration:1/1
 subiteration:1/1
 subiteration:1/1
 subiteration:1/1
 subiteration:1/1
 subiteration:1/1
 subiteration:1/1
 subiteration:1/1
 subiteration:1/1
 subiteration:1/1
 subiteration:1/1
 subiteration:1/1
 subiteration:1/1
 subiteration:1/1
 subiteration:1/1
 subiteration:1/1
 subiteration:1/1
 subiteration:1/1
 subiteration:1/1
 subiteration:1/1
 subiteration:1/1
 subiteration:1/1
 subiteration:1/1
 subiteration:1/1
 subiteration:1/1
 subiteration:1/1
 subiteration:1/1
 subiteration:1/1
 subiteration:1/1
 subiteration:1/1
 subiteration:1/1
 subiteration:1/1
 subiteration:1/1
 subiteration:1/1
 subiteration:1/1
 subiteration:1/1
 subiteration:1/1
 subiteration:1/1
 subiteration:1/1
 subiteration:1/1
 subiteration:1/1
 subiteration:1/1
 subiteration:1/1
 subiteration:1/1
 subiteration:1/1
 subiteration:1/1
 subiteration:1/1
 subiteration:1/1
 subiteration:1/1
    Species 0:	0.000390584 [max]	-5.02478e-26 [min]

Step 18 completed, simulation time is 1.8
      AMG solver residual = 0.000426906 after 2 iterations
      AMG solver residual = 0.000390716 after 2 iterations
      AMG solver residual = 0.000386723 after 2 iterations
      AMG solver residual = 0.000355148 after 2 iterations
      AMG solver residual = 0.000184963 after 2 iterations
      AMG solver residual = 0.000775151 after 1 iterations
      AMG solver residual = 0.000437468 after 2 iterations
      AMG solver residual = 0.000334134 after 2 iterations
      AMG solver residual = 0.00980815 after 1 iterations
      AMG solver residual = 0.00328698 after 1 iterations
      AMG solver residual = 0.00037965 after 2 iterations
      AMG solver residual = 0.000356624 after 2 iterations
      AMG solver residual = 0.00836402 after 1 iterations
      AMG solver residual = 0.00274074 after 1 iterations
 subiteration:1/1
 subiteration:1/1
 subiteration:1/1
  Distribution Function Extrema:
 subiteration:1/1
 subiteration:1/1
 subiteration:1/1
 subiteration:1/1
 subiteration:1/1
 subiteration:1/1
 subiteration:1/1
 subiteration:1/1
 subiteration:1/1
 subiteration:1/1
 subiteration:1/1
 subiteration:1/1
 subiteration:1/1
 subiteration:1/1
 subiteration:1/1
 subiteration:1/1
 subiteration:1/1
 subiteration:1/1
 subiteration:1/1
 subiteration:1/1
 subiteration:1/1
 subiteration:1/1
 subiteration:1/1
 subiteration:1/1
 subiteration:1/1
 subiteration:1/1
 subiteration:1/1
 subiteration:1/1
 subiteration:1/1
 subiteration:1/1
 subiteration:1/1
 subiteration:1/1
 subiteration:1/1
 subiteration:1/1
 subiteration:1/1
 subiteration:1/1
 subiteration:1/1
 subiteration:1/1
 subiteration:1/1
 subiteration:1/1
 subiteration:1/1
 subiteration:1/1
 subiteration:1/1
 subiteration:1/1
 subiteration:1/1
 subiteration:1/1
 subiteration:1/1
 subiteration:1/1
 subiteration:1/1
 subiteration:1/1
 subiteration:1/1
 subiteration:1/1
 subiteration:1/1
 subiteration:1/1
 subiteration:1/1
 subiteration:1/1
 subiteration:1/1
 subiteration:1/1
 subiteration:1/1
 subiteration:1/1
 subiteration:1/1
    Species 0:	0.000390586 [max]	-5.02486e-26 [min]

Step 19 completed, simulation time is 1.9
      AMG solver residual = 0.000380447 after 2 iterations
      AMG solver residual = 0.000313893 after 2 iterations
      AMG solver residual = 0.000377342 after 2 iterations
      AMG solver residual = 0.000351586 after 2 iterations
      AMG solver residual = 0.0077738 after 1 iterations
      AMG solver residual = 0.00256571 after 1 iterations
      AMG solver residual = 0.000442706 after 2 iterations
      AMG solver residual = 0.00033419 after 2 iterations
      AMG solver residual = 0.00703647 after 1 iterations
      AMG solver residual = 0.00242706 after 1 iterations
      AMG solver residual = 0.000386337 after 2 iterations
      AMG solver residual = 0.000353898 after 2 iterations
      AMG solver residual = 0.00584975 after 1 iterations
      AMG solver residual = 0.00201637 after 1 iterations
 subiteration:1/1
 subiteration:1/1
  Distribution Function Extrema:
 subiteration:1/1
 subiteration:1/1
 subiteration:1/1
 subiteration:1/1
 subiteration:1/1
 subiteration:1/1
 subiteration:1/1
 subiteration:1/1
 subiteration:1/1
 subiteration:1/1
 subiteration:1/1
 subiteration:1/1
 subiteration:1/1
 subiteration:1/1
 subiteration:1/1
 subiteration:1/1
 subiteration:1/1
 subiteration:1/1
 subiteration:1/1
 subiteration:1/1
 subiteration:1/1
 subiteration:1/1
 subiteration:1/1
 subiteration:1/1
 subiteration:1/1
 subiteration:1/1
 subiteration:1/1
 subiteration:1/1
 subiteration:1/1
 subiteration:1/1
 subiteration:1/1
 subiteration:1/1
 subiteration:1/1
 subiteration:1/1
 subiteration:1/1
 subiteration:1/1
 subiteration:1/1
 subiteration:1/1
 subiteration:1/1
 subiteration:1/1
 subiteration:1/1
 subiteration:1/1
 subiteration:1/1
 subiteration:1/1
 subiteration:1/1
 subiteration:1/1
 subiteration:1/1
 subiteration:1/1
 subiteration:1/1
 subiteration:1/1
 subiteration:1/1
 subiteration:1/1
 subiteration:1/1
 subiteration:1/1
 subiteration:1/1
 subiteration:1/1
 subiteration:1/1
 subiteration:1/1
 subiteration:1/1
 subiteration:1/1
 subiteration:1/1
 subiteration:1/1
    Species 0:	0.000390586 [max]	-5.02497e-26 [min]

Step 20 completed, simulation time is 2
Writing checkpoint file
Writing history file
      AMG solver residual = 0.000354151 after 2 iterations
      AMG solver residual = 0.000227711 after 2 iterations
      AMG solver residual = 0.000396108 after 2 iterations
      AMG solver residual = 0.000349819 after 2 iterations
      AMG solver residual = 0.00541073 after 1 iterations
      AMG solver residual = 0.00191151 after 1 iterations
      AMG solver residual = 0.000416716 after 2 iterations
      AMG solver residual = 0.000329632 after 2 iterations
      AMG solver residual = 0.00496674 after 1 iterations
      AMG solver residual = 0.00189148 after 1 iterations
      AMG solver residual = 0.000410921 after 2 iterations
      AMG solver residual = 0.000351201 after 2 iterations
      AMG solver residual = 0.00405728 after 1 iterations
      AMG solver residual = 0.00159026 after 1 iterations
 subiteration:1/1
 subiteration:1/1
 subiteration:1/1
 subiteration:1/1
 subiteration:1/1
 subiteration:1/1
 subiteration:1/1
 subiteration:1/1
 subiteration:1/1
 subiteration:1/1
 subiteration:1/1
 subiteration:1/1
 subiteration:1/1
  Distribution Function Extrema:
 subiteration:1/1
 subiteration:1/1
 subiteration:1/1
 subiteration:1/1
 subiteration:1/1
 subiteration:1/1
 subiteration:1/1
 subiteration:1/1
 subiteration:1/1
 subiteration:1/1
 subiteration:1/1
 subiteration:1/1
 subiteration:1/1
 subiteration:1/1
 subiteration:1/1
 subiteration:1/1
 subiteration:1/1
 subiteration:1/1
 subiteration:1/1
 subiteration:1/1
 subiteration:1/1
 subiteration:1/1
 subiteration:1/1
 subiteration:1/1
 subiteration:1/1
 subiteration:1/1
 subiteration:1/1
 subiteration:1/1
 subiteration:1/1
 subiteration:1/1
 subiteration:1/1
 subiteration:1/1
 subiteration:1/1
 subiteration:1/1
 subiteration:1/1
 subiteration:1/1
 subiteration:1/1
 subiteration:1/1
 subiteration:1/1
 subiteration:1/1
 subiteration:1/1
 subiteration:1/1
 subiteration:1/1
 subiteration:1/1
 subiteration:1/1
 subiteration:1/1
 subiteration:1/1
 subiteration:1/1
 subiteration:1/1
 subiteration:1/1
 subiteration:1/1
    Species 0:	0.00039059 [max]	-5.02506e-26 [min]

Step 21 completed, simulation time is 2.1
      AMG solver residual = 0.000373637 after 2 iterations
      AMG solver residual = 0.00863217 after 1 iterations
      AMG solver residual = 0.000421998 after 2 iterations
      AMG solver residual = 0.000347426 after 2 iterations
      AMG solver residual = 0.00376705 after 1 iterations
      AMG solver residual = 0.00153948 after 1 iterations
      AMG solver residual = 0.000383061 after 2 iterations
      AMG solver residual = 0.000322431 after 2 iterations
      AMG solver residual = 0.00345569 after 1 iterations
      AMG solver residual = 0.00160269 after 1 iterations
      AMG solver residual = 0.000429962 after 2 iterations
      AMG solver residual = 0.000348735 after 2 iterations
      AMG solver residual = 0.00286302 after 1 iterations
      AMG solver residual = 0.00139021 after 1 iterations
 subiteration:1/1
 subiteration:1/1
 subiteration:1/1
 subiteration:1/1
 subiteration:1/1
 subiteration:1/1
 subiteration:1/1
 subiteration:1/1
  Distribution Function Extrema:
 subiteration:1/1
 subiteration:1/1
 subiteration:1/1
 subiteration:1/1
 subiteration:1/1
 subiteration:1/1
 subiteration:1/1
 subiteration:1/1
 subiteration:1/1
 subiteration:1/1
 subiteration:1/1
 subiteration:1/1
 subiteration:1/1
 subiteration:1/1
 subiteration:1/1
 subiteration:1/1
 subiteration:1/1
 subiteration:1/1
 subiteration:1/1
 subiteration:1/1
 subiteration:1/1
 subiteration:1/1
 subiteration:1/1
 subiteration:1/1
 subiteration:1/1
 subiteration:1/1
 subiteration:1/1
 subiteration:1/1
 subiteration:1/1
 subiteration:1/1
 subiteration:1/1
 subiteration:1/1
 subiteration:1/1
 subiteration:1/1
 subiteration:1/1
 subiteration:1/1
 subiteration:1/1
 subiteration:1/1
 subiteration:1/1
 subiteration:1/1
 subiteration:1/1
 subiteration:1/1
 subiteration:1/1
 subiteration:1/1
 subiteration:1/1
 subiteration:1/1
 subiteration:1/1
 subiteration:1/1
 subiteration:1/1
 subiteration:1/1
 subiteration:1/1
 subiteration:1/1
 subiteration:1/1
 subiteration:1/1
 subiteration:1/1
 subiteration:1/1
    Species 0:	0.000390608 [max]	-5.02508e-26 [min]

Step 22 completed, simulation time is 2.2
      AMG solver residual = 0.000412864 after 2 iterations
      AMG solver residual = 0.00624687 after 1 iterations
      AMG solver residual = 0.000433109 after 2 iterations
      AMG solver residual = 0.000345713 after 2 iterations
      AMG solver residual = 0.00267755 after 1 iterations
      AMG solver residual = 0.00137471 after 1 iterations
      AMG solver residual = 0.00037287 after 2 iterations
      AMG solver residual = 0.000323811 after 2 iterations
      AMG solver residual = 0.00239634 after 1 iterations
      AMG solver residual = 0.0014428 after 1 iterations
      AMG solver residual = 0.000430577 after 2 iterations
      AMG solver residual = 0.000348875 after 2 iterations
      AMG solver residual = 0.00207317 after 1 iterations
      AMG solver residual = 0.00132328 after 1 iterations
 subiteration:1/1
 subiteration:1/1
 subiteration:1/1
 subiteration:1/1
 subiteration:1/1
 subiteration:1/1
 subiteration:1/1
 subiteration:1/1
 subiteration:1/1
 subiteration:1/1
 subiteration:1/1
 subiteration:1/1
 subiteration:1/1
 subiteration:1/1
  Distribution Function Extrema:
 subiteration:1/1
 subiteration:1/1
 subiteration:1/1
 subiteration:1/1
 subiteration:1/1
 subiteration:1/1
 subiteration:1/1
 subiteration:1/1
 subiteration:1/1
 subiteration:1/1
 subiteration:1/1
 subiteration:1/1
 subiteration:1/1
 subiteration:1/1
 subiteration:1/1
 subiteration:1/1
 subiteration:1/1
 subiteration:1/1
 subiteration:1/1
 subiteration:1/1
 subiteration:1/1
 subiteration:1/1
 subiteration:1/1
 subiteration:1/1
 subiteration:1/1
 subiteration:1/1
 subiteration:1/1
 subiteration:1/1
 subiteration:1/1
 subiteration:1/1
 subiteration:1/1
 subiteration:1/1
 subiteration:1/1
 subiteration:1/1
 subiteration:1/1
 subiteration:1/1
 subiteration:1/1
 subiteration:1/1
 subiteration:1/1
 subiteration:1/1
 subiteration:1/1
 subiteration:1/1
 subiteration:1/1
 subiteration:1/1
 subiteration:1/1
 subiteration:1/1
 subiteration:1/1
 subiteration:1/1
 subiteration:1/1
 subiteration:1/1
    Species 0:	0.000390642 [max]	-5.02498e-26 [min]

Step 23 completed, simulation time is 2.3
      AMG solver residual = 0.000432661 after 2 iterations
      AMG solver residual = 0.00437403 after 1 iterations
      AMG solver residual = 0.000424586 after 2 iterations
      AMG solver residual = 0.000346801 after 2 iterations
      AMG solver residual = 0.00194853 after 1 iterations
      AMG solver residual = 0.00132335 after 1 iterations
      AMG solver residual = 0.000391638 after 2 iterations
      AMG solver residual = 0.000328974 after 2 iterations
      AMG solver residual = 0.00170861 after 1 iterations
      AMG solver residual = 0.00136186 after 1 iterations
      AMG solver residual = 0.000417042 after 2 iterations
      AMG solver residual = 0.00035281 after 2 iterations
      AMG solver residual = 0.00154793 after 1 iterations
      AMG solver residual = 0.00130945 after 1 iterations
 subiteration:1/1
 subiteration:1/1
 subiteration:1/1
 subiteration:1/1
 subiteration:1/1
 subiteration:1/1
  Distribution Function Extrema:
 subiteration:1/1
 subiteration:1/1
 subiteration:1/1
 subiteration:1/1
 subiteration:1/1
 subiteration:1/1
 subiteration:1/1
 subiteration:1/1
 subiteration:1/1
 subiteration:1/1
 subiteration:1/1
 subiteration:1/1
 subiteration:1/1
 subiteration:1/1
 subiteration:1/1
 subiteration:1/1
 subiteration:1/1
 subiteration:1/1
 subiteration:1/1
 subiteration:1/1
 subiteration:1/1
 subiteration:1/1
 subiteration:1/1
 subiteration:1/1
 subiteration:1/1
 subiteration:1/1
 subiteration:1/1
 subiteration:1/1
 subiteration:1/1
 subiteration:1/1
 subiteration:1/1
 subiteration:1/1
 subiteration:1/1
 subiteration:1/1
 subiteration:1/1
 subiteration:1/1
 subiteration:1/1
 subiteration:1/1
 subiteration:1/1
 subiteration:1/1
 subiteration:1/1
 subiteration:1/1
 subiteration:1/1
 subiteration:1/1
 subiteration:1/1
 subiteration:1/1
 subiteration:1/1
 subiteration:1/1
 subiteration:1/1
 subiteration:1/1
 subiteration:1/1
 subiteration:1/1
 subiteration:1/1
 subiteration:1/1
 subiteration:1/1
 subiteration:1/1
 subiteration:1/1
 subiteration:1/1
    Species 0:	0.000390687 [max]	-5.02478e-26 [min]

Step 24 completed, simulation time is 2.4
      AMG solver residual = 0.000418101 after 2 iterations
      AMG solver residual = 0.00294986 after 1 iterations
      AMG solver residual = 0.000408066 after 2 iterations
      AMG solver residual = 0.000350847 after 2 iterations
      AMG solver residual = 0.00146251 after 1 iterations
      AMG solver residual = 0.00130964 after 1 iterations
      AMG solver residual = 0.000413377 after 2 iterations
      AMG solver residual = 0.000325511 after 2 iterations
      AMG solver residual = 0.00128715 after 1 iterations
      AMG solver residual = 0.00126207 after 1 iterations
      AMG solver residual = 0.000403821 after 2 iterations
      AMG solver residual = 0.000358924 after 2 iterations
      AMG solver residual = 0.00121043 after 1 iterations
      AMG solver residual = 0.001289 after 1 iterations
 subiteration:1/1
 subiteration:1/1
 subiteration:1/1
 subiteration:1/1
  Distribution Function Extrema:
 subiteration:1/1
 subiteration:1/1
 subiteration:1/1
 subiteration:1/1
 subiteration:1/1
 subiteration:1/1
 subiteration:1/1
 subiteration:1/1
 subiteration:1/1
 subiteration:1/1
 subiteration:1/1
 subiteration:1/1
 subiteration:1/1
 subiteration:1/1
 subiteration:1/1
 subiteration:1/1
 subiteration:1/1
 subiteration:1/1
 subiteration:1/1
 subiteration:1/1
 subiteration:1/1
 subiteration:1/1
 subiteration:1/1
 subiteration:1/1
 subiteration:1/1
 subiteration:1/1
 subiteration:1/1
 subiteration:1/1
 subiteration:1/1
 subiteration:1/1
 subiteration:1/1
 subiteration:1/1
 subiteration:1/1
 subiteration:1/1
 subiteration:1/1
 subiteration:1/1
 subiteration:1/1
 subiteration:1/1
 subiteration:1/1
 subiteration:1/1
 subiteration:1/1
 subiteration:1/1
 subiteration:1/1
 subiteration:1/1
 subiteration:1/1
 subiteration:1/1
 subiteration:1/1
 subiteration:1/1
 subiteration:1/1
 subiteration:1/1
 subiteration:1/1
 subiteration:1/1
 subiteration:1/1
 subiteration:1/1
 subiteration:1/1
 subiteration:1/1
 subiteration:1/1
 subiteration:1/1
 subiteration:1/1
 subiteration:1/1
    Species 0:	0.000390763 [max]	-5.02479e-26 [min]

Step 25 completed, simulation time is 2.5
      AMG solver residual = 0.000382316 after 2 iterations
      AMG solver residual = 0.0019593 after 1 iterations
      AMG solver residual = 0.000398703 after 2 iterations
      AMG solver residual = 0.000357724 after 2 iterations
      AMG solver residual = 0.0011532 after 1 iterations
      AMG solver residual = 0.00127675 after 1 iterations
      AMG solver residual = 0.000409306 after 2 iterations
      AMG solver residual = 0.00031648 after 2 iterations
      AMG solver residual = 0.00101186 after 1 iterations
      AMG solver residual = 0.00110298 after 1 iterations
      AMG solver residual = 0.00039553 after 2 iterations
      AMG solver residual = 0.000365452 after 2 iterations
      AMG solver residual = 0.000996591 after 1 iterations
      AMG solver residual = 0.00122076 after 1 iterations
 subiteration:1/1
 subiteration:1/1
 subiteration:1/1
 subiteration:1/1
 subiteration:1/1
 subiteration:1/1
 subiteration:1/1
 subiteration:1/1
  Distribution Function Extrema:
 subiteration:1/1
 subiteration:1/1
 subiteration:1/1
 subiteration:1/1
 subiteration:1/1
 subiteration:1/1
 subiteration:1/1
 subiteration:1/1
 subiteration:1/1
 subiteration:1/1
 subiteration:1/1
 subiteration:1/1
 subiteration:1/1
 subiteration:1/1
 subiteration:1/1
 subiteration:1/1
 subiteration:1/1
 subiteration:1/1
 subiteration:1/1
 subiteration:1/1
 subiteration:1/1
 subiteration:1/1
 subiteration:1/1
 subiteration:1/1
 subiteration:1/1
 subiteration:1/1
 subiteration:1/1
 subiteration:1/1
 subiteration:1/1
 subiteration:1/1
 subiteration:1/1
 subiteration:1/1
 subiteration:1/1
 subiteration:1/1
 subiteration:1/1
 subiteration:1/1
 subiteration:1/1
 subiteration:1/1
 subiteration:1/1
 subiteration:1/1
 subiteration:1/1
 subiteration:1/1
 subiteration:1/1
 subiteration:1/1
 subiteration:1/1
 subiteration:1/1
 subiteration:1/1
 subiteration:1/1
 subiteration:1/1
 subiteration:1/1
 subiteration:1/1
 subiteration:1/1
 subiteration:1/1
 subiteration:1/1
 subiteration:1/1
 subiteration:1/1
    Species 0:	0.000390868 [max]	-5.02572e-26 [min]

Step 26 completed, simulation time is 2.6
      AMG solver residual = 0.00035841 after 2 iterations
      AMG solver residual = 0.00133723 after 1 iterations
      AMG solver residual = 0.000393414 after 2 iterations
      AMG solver residual = 0.000361924 after 2 iterations
      AMG solver residual = 0.000957332 after 1 iterations
      AMG solver residual = 0.00119228 after 1 iterations
      AMG solver residual = 0.000376383 after 2 iterations
      AMG solver residual = 0.000305559 after 2 iterations
      AMG solver residual = 0.000796512 after 1 iterations
      AMG solver residual = 0.00089476 after 1 iterations
      AMG solver residual = 0.000381542 after 2 iterations
      AMG solver residual = 0.000366122 after 2 iterations
      AMG solver residual = 0.000842775 after 1 iterations
      AMG solver residual = 0.00109184 after 1 iterations
      AMG solver residual = 0.00145138 after 1 iterations
 subiteration:1/1
 subiteration:1/1
 subiteration:1/1
 subiteration:1/1
 subiteration:1/1
 subiteration:1/1
 subiteration:1/1
  Distribution Function Extrema:
 subiteration:1/1
 subiteration:1/1
 subiteration:1/1
 subiteration:1/1
 subiteration:1/1
 subiteration:1/1
 subiteration:1/1
 subiteration:1/1
 subiteration:1/1
 subiteration:1/1
 subiteration:1/1
 subiteration:1/1
 subiteration:1/1
 subiteration:1/1
 subiteration:1/1
 subiteration:1/1
 subiteration:1/1
 subiteration:1/1
 subiteration:1/1
 subiteration:1/1
 subiteration:1/1
 subiteration:1/1
 subiteration:1/1
 subiteration:1/1
 subiteration:1/1
 subiteration:1/1
 subiteration:1/1
 subiteration:1/1
 subiteration:1/1
 subiteration:1/1
 subiteration:1/1
 subiteration:1/1
 subiteration:1/1
 subiteration:1/1
 subiteration:1/1
 subiteration:1/1
 subiteration:1/1
 subiteration:1/1
 subiteration:1/1
 subiteration:1/1
 subiteration:1/1
 subiteration:1/1
 subiteration:1/1
 subiteration:1/1
 subiteration:1/1
 subiteration:1/1
 subiteration:1/1
 subiteration:1/1
 subiteration:1/1
 subiteration:1/1
 subiteration:1/1
 subiteration:1/1
 subiteration:1/1
 subiteration:1/1
 subiteration:1/1
 subiteration:1/1
 subiteration:1/1
    Species 0:	0.000391014 [max]	-5.02522e-26 [min]

Step 27 completed, simulation time is 2.7
      AMG solver residual = 0.000360414 after 2 iterations
      AMG solver residual = 0.000927782 after 1 iterations
      AMG solver residual = 0.000375223 after 2 iterations
      AMG solver residual = 0.000360536 after 2 iterations
      AMG solver residual = 0.00080927 after 1 iterations
      AMG solver residual = 0.00104932 after 1 iterations
      AMG solver residual = 0.00138859 after 1 iterations
      AMG solver residual = 0.000325222 after 2 iterations
      AMG solver residual = 0.000303952 after 2 iterations
      AMG solver residual = 0.00061232 after 1 iterations
      AMG solver residual = 0.00068854 after 1 iterations
      AMG solver residual = 0.000340516 after 2 iterations
      AMG solver residual = 0.00036568 after 2 iterations
      AMG solver residual = 0.000706831 after 1 iterations
      AMG solver residual = 0.000919578 after 1 iterations
      AMG solver residual = 0.00121322 after 1 iterations
 subiteration:1/1
 subiteration:1/1
 subiteration:1/1
 subiteration:1/1
  Distribution Function Extrema:
 subiteration:1/1
 subiteration:1/1
 subiteration:1/1
 subiteration:1/1
 subiteration:1/1
 subiteration:1/1
 subiteration:1/1
 subiteration:1/1
 subiteration:1/1
 subiteration:1/1
 subiteration:1/1
 subiteration:1/1
 subiteration:1/1
 subiteration:1/1
 subiteration:1/1
 subiteration:1/1
 subiteration:1/1
 subiteration:1/1
 subiteration:1/1
 subiteration:1/1
 subiteration:1/1
 subiteration:1/1
 subiteration:1/1
 subiteration:1/1
 subiteration:1/1
 subiteration:1/1
 subiteration:1/1
 subiteration:1/1
 subiteration:1/1
 subiteration:1/1
 subiteration:1/1
 subiteration:1/1
 subiteration:1/1
 subiteration:1/1
 subiteration:1/1
 subiteration:1/1
 subiteration:1/1
 subiteration:1/1
 subiteration:1/1
 subiteration:1/1
 subiteration:1/1
 subiteration:1/1
 subiteration:1/1
 subiteration:1/1
 subiteration:1/1
 subiteration:1/1
 subiteration:1/1
 subiteration:1/1
 subiteration:1/1
 subiteration:1/1
 subiteration:1/1
 subiteration:1/1
 subiteration:1/1
 subiteration:1/1
 subiteration:1/1
 subiteration:1/1
 subiteration:1/1
 subiteration:1/1
 subiteration:1/1
 subiteration:1/1
    Species 0:	0.000391222 [max]	-5.02481e-26 [min]

Step 28 completed, simulation time is 2.8
      AMG solver residual = 0.000364978 after 2 iterations
      AMG solver residual = 0.000720276 after 1 iterations
      AMG solver residual = 0.000324732 after 2 iterations
      AMG solver residual = 0.000358925 after 2 iterations
      AMG solver residual = 0.000671002 after 1 iterations
      AMG solver residual = 0.000864773 after 1 iterations
      AMG solver residual = 0.00114177 after 1 iterations
      AMG solver residual = 0.000272493 after 2 iterations
      AMG solver residual = 0.000325955 after 2 iterations
      AMG solver residual = 0.000494488 after 1 iterations
      AMG solver residual = 0.0005649 after 1 iterations
      AMG solver residual = 0.000269578 after 2 iterations
      AMG solver residual = 0.000364781 after 2 iterations
      AMG solver residual = 0.000582051 after 1 iterations
      AMG solver residual = 0.000732197 after 1 iterations
      AMG solver residual = 0.000973944 after 1 iterations
 subiteration:1/1
 subiteration:1/1
 subiteration:1/1
 subiteration:1/1
 subiteration:1/1
 subiteration:1/1
 subiteration:1/1
 subiteration:1/1
 subiteration:1/1
 subiteration:1/1
  Distribution Function Extrema:
 subiteration:1/1
 subiteration:1/1
 subiteration:1/1
 subiteration:1/1
 subiteration:1/1
 subiteration:1/1
 subiteration:1/1
 subiteration:1/1
 subiteration:1/1
 subiteration:1/1
 subiteration:1/1
 subiteration:1/1
 subiteration:1/1
 subiteration:1/1
 subiteration:1/1
 subiteration:1/1
 subiteration:1/1
 subiteration:1/1
 subiteration:1/1
 subiteration:1/1
 subiteration:1/1
 subiteration:1/1
 subiteration:1/1
 subiteration:1/1
 subiteration:1/1
 subiteration:1/1
 subiteration:1/1
 subiteration:1/1
 subiteration:1/1
 subiteration:1/1
 subiteration:1/1
 subiteration:1/1
 subiteration:1/1
 subiteration:1/1
 subiteration:1/1
 subiteration:1/1
 subiteration:1/1
 subiteration:1/1
 subiteration:1/1
 subiteration:1/1
 subiteration:1/1
 subiteration:1/1
 subiteration:1/1
 subiteration:1/1
 subiteration:1/1
 subiteration:1/1
 subiteration:1/1
 subiteration:1/1
 subiteration:1/1
 subiteration:1/1
 subiteration:1/1
 subiteration:1/1
 subiteration:1/1
 subiteration:1/1
    Species 0:	0.000391524 [max]	-5.02681e-26 [min]

Step 29 completed, simulation time is 2.9
      AMG solver residual = 0.000334268 after 2 iterations
      AMG solver residual = 0.000576145 after 1 iterations
      AMG solver residual = 0.000663377 after 1 iterations
      AMG solver residual = 0.000248401 after 2 iterations
      AMG solver residual = 0.000355851 after 2 iterations
      AMG solver residual = 0.000551811 after 1 iterations
      AMG solver residual = 0.000686406 after 1 iterations
      AMG solver residual = 0.000922593 after 1 iterations
      AMG solver residual = 0.000219976 after 2 iterations
      AMG solver residual = 0.000351895 after 2 iterations
      AMG solver residual = 0.000431223 after 1 iterations
      AMG solver residual = 0.000573238 after 1 iterations
      AMG solver residual = 0.000191283 after 2 iterations
      AMG solver residual = 0.000356633 after 2 iterations
      AMG solver residual = 0.000482286 after 1 iterations
      AMG solver residual = 0.000592177 after 1 iterations
      AMG solver residual = 0.000826245 after 1 iterations
 subiteration:1/1
 subiteration:1/1
 subiteration:1/1
 subiteration:1/1
 subiteration:1/1
 subiteration:1/1
 subiteration:1/1
 subiteration:1/1
 subiteration:1/1
 subiteration:1/1
  Distribution Function Extrema:
 subiteration:1/1
 subiteration:1/1
 subiteration:1/1
 subiteration:1/1
 subiteration:1/1
 subiteration:1/1
 subiteration:1/1
 subiteration:1/1
 subiteration:1/1
 subiteration:1/1
 subiteration:1/1
 subiteration:1/1
 subiteration:1/1
 subiteration:1/1
 subiteration:1/1
 subiteration:1/1
 subiteration:1/1
 subiteration:1/1
 subiteration:1/1
 subiteration:1/1
 subiteration:1/1
 subiteration:1/1
 subiteration:1/1
 subiteration:1/1
 subiteration:1/1
 subiteration:1/1
 subiteration:1/1
 subiteration:1/1
 subiteration:1/1
 subiteration:1/1
 subiteration:1/1
 subiteration:1/1
 subiteration:1/1
 subiteration:1/1
 subiteration:1/1
 subiteration:1/1
 subiteration:1/1
 subiteration:1/1
 subiteration:1/1
 subiteration:1/1
 subiteration:1/1
 subiteration:1/1
 subiteration:1/1
 subiteration:1/1
 subiteration:1/1
 subiteration:1/1
 subiteration:1/1
 subiteration:1/1
 subiteration:1/1
 subiteration:1/1
 subiteration:1/1
 subiteration:1/1
 subiteration:1/1
 subiteration:1/1
    Species 0:	0.000391967 [max]	-5.02874e-26 [min]

Step 30 completed, simulation time is 3
Writing checkpoint file
Writing history file
