** GKUnits ***********************************************************

==== Fundamental Units ===============================================
  NUMBER DENSITY    [1/m^3]: 1e+20
  TEMPERATURE           [eV]: 400
  LENGTH                [m]: 1
  MASS                 [AMU]: 1
  MAGNETIC FIELD        [T]: 1
  CHARGE                [C]: 1.60218e-19
  BOLTZMANN CONSTANT  [J/K]: 1.38065e-23
  ELECTRIC CONSTANT   [F/m]: 8.85419e-12
  MAGNETIC CONSTANT   [H/m]: 1.25664e-06

==== Derived Units ===================================================

  THERMAL SPEED       [m/s]: 195743
  TRANSIT TIME          [s]: 5.10874e-06
  MAGNETIC MOMENT     [J/T]: 3.20435e-17
  DIST. FUNCTION [s/(Am^6)]: 4244.15
  POTENTIAL             [V]: 400
  GYROFREQUENCY       [1/s]: 9.57883e+07
  GYRORADIUS            [m]: 0.0020435
  DEBYE LENGTH          [m]: 1.48679e-05

==== Dimensionless Parameters =========================================

  LARMOR NUMBER            : 0.0020435
  LARMOR NUMBER **2        : 4.17587e-06
  DEBYE NUMBER             : 1.48679e-05
  DEBYE NUMBER **2         : 2.21054e-10
  DEBYE NUMBER/MULT_FAC    : 1.48679e-05
  DEBYE NUMBER/MULT_FAC **2: 2.21054e-10

***********************************************************************
Constructing slab geometry...
xmax = 0.08, ymax = 0.008, zmax = 10
Bz_inner = 3, Bz_outer = 3
By_inner  = 0
Done constructing slab geometry

dx*nx= 0.523599 * 12 = 6.28319, dx(m)*nx= 0.00666667 * 12 = 0.08, ( 1 : 0.0127324 )
dy*ny= 0.19635 * 32 = 6.28319, dy(m)*ny= 0.00025 * 32 = 0.008, ( 1 : 0.00127324 )
dz*nz= 0.392699 * 16 = 6.28319, dz(m)*nz= 0.625 * 16 = 10, ( 1 : 1.59155 )

   Configuration space box ((0,0,0) (11,7,7) (0,0,0)) is assigned to process 0
   Configuration space box ((0,8,0) (11,15,7) (0,0,0)) is assigned to process 1
   Configuration space box ((0,16,0) (11,23,7) (0,0,0)) is assigned to process 2
   Configuration space box ((0,24,0) (11,31,7) (0,0,0)) is assigned to process 3
   Configuration space box ((0,0,8) (11,7,15) (0,0,0)) is assigned to process 4
   Configuration space box ((0,8,8) (11,15,15) (0,0,0)) is assigned to process 5
   Configuration space box ((0,16,8) (11,23,15) (0,0,0)) is assigned to process 6
   Configuration space box ((0,24,8) (11,31,15) (0,0,0)) is assigned to process 7
Constructing magnetic geometry
Done constructing magnetic geometry
   Velocity space box ((-24,0) (-19,11) (0,0)) is assigned to process 0
   Velocity space box ((-18,0) (-13,11) (0,0)) is assigned to process 1
   Velocity space box ((-12,0) (-7,11) (0,0)) is assigned to process 2
   Velocity space box ((-6,0) (-1,11) (0,0)) is assigned to process 3
   Velocity space box ((0,0) (5,11) (0,0)) is assigned to process 4
   Velocity space box ((6,0) (11,11) (0,0)) is assigned to process 5
   Velocity space box ((12,0) (17,11) (0,0)) is assigned to process 6
   Velocity space box ((18,0) (23,11) (0,0)) is assigned to process 7
   Velocity space box ((-24,12) (-19,23) (0,0)) is assigned to process 8
   Velocity space box ((-18,12) (-13,23) (0,0)) is assigned to process 9
   Velocity space box ((-12,12) (-7,23) (0,0)) is assigned to process 10
   Velocity space box ((-6,12) (-1,23) (0,0)) is assigned to process 11
   Velocity space box ((0,12) (5,23) (0,0)) is assigned to process 12
   Velocity space box ((6,12) (11,23) (0,0)) is assigned to process 13
   Velocity space box ((12,12) (17,23) (0,0)) is assigned to process 14
   Velocity space box ((18,12) (23,23) (0,0)) is assigned to process 15

Done creating velocity coordinate
dvpar*nvpar= 0.166667 * 24 = 4, dv_parallel(m/s)*nvpar= 32623.8 * 24 = 782972, ( 1 : 195743 )
dmu*nmu= 0.166667 * 24 = 4, dmu(J/T)*nmu= 5.34059e-18 * 24 = 1.28174e-16, ( 1 : 3.20435e-17 )

   Phase space box ((0,0,0,0,12) (11,7,7,5,23) (0,0,0,0,0)) is assigned to process 12, has 55296 valid cells and 1378304 ghost cells
   Phase space box ((0,8,8,-6,12) (11,15,15,-1,23) (0,0,0,0,0)) is assigned to process 91, has 55296 valid cells and 1378304 ghost cells
   Phase space box ((0,16,0,-6,0) (11,23,7,-1,11) (0,0,0,0,0)) is assigned to process 35, has 55296 valid cells and 1378304 ghost cells
   Phase space box ((0,16,8,18,0) (11,23,15,23,11) (0,0,0,0,0)) is assigned to process 103, has 55296 valid cells and 1378304 ghost cells
   Phase space box ((0,0,8,-12,0) (11,7,15,-7,11) (0,0,0,0,0)) is assigned to process 66, has 55296 valid cells and 1378304 ghost cells
   Phase space box ((0,24,0,18,12) (11,31,7,23,23) (0,0,0,0,0)) is assigned to process 63, has 55296 valid cells and 1378304 ghost cells
   Phase space box ((0,0,8,-6,0) (11,7,15,-1,11) (0,0,0,0,0)) is assigned to process 67, has 55296 valid cells and 1378304 ghost cells
   Phase space box ((0,16,0,18,0) (11,23,7,23,11) (0,0,0,0,0)) is assigned to process 39, has 55296 valid cells and 1378304 ghost cells
   Phase space box ((0,16,8,-6,12) (11,23,15,-1,23) (0,0,0,0,0)) is assigned to process 107, has 55296 valid cells and 1378304 ghost cells
   Phase space box ((0,16,0,-24,12) (11,23,7,-19,23) (0,0,0,0,0)) is assigned to process 40, has 55296 valid cells and 1378304 ghost cells
   Phase space box ((0,24,8,-6,0) (11,31,15,-1,11) (0,0,0,0,0)) is assigned to process 115, has 55296 valid cells and 1378304 ghost cells
   Phase space box ((0,0,8,18,0) (11,7,15,23,11) (0,0,0,0,0)) is assigned to process 71, has 55296 valid cells and 1378304 ghost cells
   Phase space box ((0,16,0,-12,12) (11,23,7,-7,23) (0,0,0,0,0)) is assigned to process 42, has 55296 valid cells and 1378304 ghost cells
   Phase space box ((0,24,8,18,0) (11,31,15,23,11) (0,0,0,0,0)) is assigned to process 119, has 55296 valid cells and 1378304 ghost cells
   Phase space box ((0,0,8,-24,12) (11,7,15,-19,23) (0,0,0,0,0)) is assigned to process 72, has 55296 valid cells and 1378304 ghost cells
   Phase space box ((0,16,0,-6,12) (11,23,7,-1,23) (0,0,0,0,0)) is assigned to process 43, has 55296 valid cells and 1378304 ghost cells
   Phase space box ((0,24,8,-6,12) (11,31,15,-1,23) (0,0,0,0,0)) is assigned to process 123, has 55296 valid cells and 1378304 ghost cells
   Phase space box ((0,0,8,-12,12) (11,7,15,-7,23) (0,0,0,0,0)) is assigned to process 74, has 55296 valid cells and 1378304 ghost cells
   Phase space box ((0,16,0,0,12) (11,23,7,5,23) (0,0,0,0,0)) is assigned to process 44, has 55296 valid cells and 1378304 ghost cells
   Phase space box ((0,16,8,-24,0) (11,23,15,-19,11) (0,0,0,0,0)) is assigned to process 96, has 55296 valid cells and 1378304 ghost cells
   Phase space box ((0,0,8,-6,12) (11,7,15,-1,23) (0,0,0,0,0)) is assigned to process 75, has 55296 valid cells and 1378304 ghost cells
   Phase space box ((0,16,0,12,12) (11,23,7,17,23) (0,0,0,0,0)) is assigned to process 46, has 55296 valid cells and 1378304 ghost cells
   Phase space box ((0,16,8,-12,0) (11,23,15,-7,11) (0,0,0,0,0)) is assigned to process 98, has 55296 valid cells and 1378304 ghost cells
   Phase space box ((0,0,8,12,12) (11,7,15,17,23) (0,0,0,0,0)) is assigned to process 78, has 55296 valid cells and 1378304 ghost cells
   Phase space box ((0,16,8,-6,0) (11,23,15,-1,11) (0,0,0,0,0)) is assigned to process 99, has 55296 valid cells and 1378304 ghost cells
   Phase space box ((0,0,8,18,12) (11,7,15,23,23) (0,0,0,0,0)) is assigned to process 79, has 55296 valid cells and 1378304 ghost cells
   Phase space box ((0,16,0,18,12) (11,23,7,23,23) (0,0,0,0,0)) is assigned to process 47, has 55296 valid cells and 1378304 ghost cells
   Phase space box ((0,16,8,0,0) (11,23,15,5,11) (0,0,0,0,0)) is assigned to process 100, has 55296 valid cells and 1378304 ghost cells
   Phase space box ((0,8,8,-12,0) (11,15,15,-7,11) (0,0,0,0,0)) is assigned to process 82, has 55296 valid cells and 1378304 ghost cells
   Phase space box ((0,24,0,-24,0) (11,31,7,-19,11) (0,0,0,0,0)) is assigned to process 48, has 55296 valid cells and 1378304 ghost cells
   Phase space box ((0,16,8,12,0) (11,23,15,17,11) (0,0,0,0,0)) is assigned to process 102, has 55296 valid cells and 1378304 ghost cells
   Phase space box ((0,8,8,-6,0) (11,15,15,-1,11) (0,0,0,0,0)) is assigned to process 83, has 55296 valid cells and 1378304 ghost cells
   Phase space box ((0,24,0,-12,0) (11,31,7,-7,11) (0,0,0,0,0)) is assigned to process 50, has 55296 valid cells and 1378304 ghost cells
   Phase space box ((0,16,8,-12,12) (11,23,15,-7,23) (0,0,0,0,0)) is assigned to process 106, has 55296 valid cells and 1378304 ghost cells
   Phase space box ((0,8,8,0,0) (11,15,15,5,11) (0,0,0,0,0)) is assigned to process 84, has 55296 valid cells and 1378304 ghost cells
   Phase space box ((0,24,0,-6,0) (11,31,7,-1,11) (0,0,0,0,0)) is assigned to process 51, has 55296 valid cells and 1378304 ghost cells
   Phase space box ((0,16,8,0,12) (11,23,15,5,23) (0,0,0,0,0)) is assigned to process 108, has 55296 valid cells and 1378304 ghost cells
   Phase space box ((0,8,8,12,0) (11,15,15,17,11) (0,0,0,0,0)) is assigned to process 86, has 55296 valid cells and 1378304 ghost cells
   Phase space box ((0,24,0,0,0) (11,31,7,5,11) (0,0,0,0,0)) is assigned to process 52, has 55296 valid cells and 1378304 ghost cells
   Phase space box ((0,16,8,12,12) (11,23,15,17,23) (0,0,0,0,0)) is assigned to process 110, has 55296 valid cells and 1378304 ghost cells
   Phase space box ((0,8,8,18,0) (11,15,15,23,11) (0,0,0,0,0)) is assigned to process 87, has 55296 valid cells and 1378304 ghost cells
   Phase space box ((0,24,0,18,0) (11,31,7,23,11) (0,0,0,0,0)) is assigned to process 55, has 55296 valid cells and 1378304 ghost cells
   Phase space box ((0,16,8,18,12) (11,23,15,23,23) (0,0,0,0,0)) is assigned to process 111, has 55296 valid cells and 1378304 ghost cells
   Phase space box ((0,8,8,-24,12) (11,15,15,-19,23) (0,0,0,0,0)) is assigned to process 88, has 55296 valid cells and 1378304 ghost cells
   Phase space box ((0,24,0,-24,12) (11,31,7,-19,23) (0,0,0,0,0)) is assigned to process 56, has 55296 valid cells and 1378304 ghost cells
   Phase space box ((0,24,8,-24,0) (11,31,15,-19,11) (0,0,0,0,0)) is assigned to process 112, has 55296 valid cells and 1378304 ghost cells
   Phase space box ((0,8,8,-12,12) (11,15,15,-7,23) (0,0,0,0,0)) is assigned to process 90, has 55296 valid cells and 1378304 ghost cells
   Phase space box ((0,24,8,-12,0) (11,31,15,-7,11) (0,0,0,0,0)) is assigned to process 114, has 55296 valid cells and 1378304 ghost cells
   Phase space box ((0,8,8,0,12) (11,15,15,5,23) (0,0,0,0,0)) is assigned to process 92, has 55296 valid cells and 1378304 ghost cells
   Phase space box ((0,24,0,-12,12) (11,31,7,-7,23) (0,0,0,0,0)) is assigned to process 58, has 55296 valid cells and 1378304 ghost cells
   Phase space box ((0,24,0,-6,12) (11,31,7,-1,23) (0,0,0,0,0)) is assigned to process 59, has 55296 valid cells and 1378304 ghost cells
   Phase space box ((0,24,8,0,0) (11,31,15,5,11) (0,0,0,0,0)) is assigned to process 116, has 55296 valid cells and 1378304 ghost cells
   Phase space box ((0,8,8,12,12) (11,15,15,17,23) (0,0,0,0,0)) is assigned to process 94, has 55296 valid cells and 1378304 ghost cells
   Phase space box ((0,24,0,0,12) (11,31,7,5,23) (0,0,0,0,0)) is assigned to process 60, has 55296 valid cells and 1378304 ghost cells
   Phase space box ((0,24,8,12,0) (11,31,15,17,11) (0,0,0,0,0)) is assigned to process 118, has 55296 valid cells and 1378304 ghost cells
   Phase space box ((0,8,8,18,12) (11,15,15,23,23) (0,0,0,0,0)) is assigned to process 95, has 55296 valid cells and 1378304 ghost cells
   Phase space box ((0,24,0,12,12) (11,31,7,17,23) (0,0,0,0,0)) is assigned to process 62, has 55296 valid cells and 1378304 ghost cells
   Phase space box ((0,24,8,-24,12) (11,31,15,-19,23) (0,0,0,0,0)) is assigned to process 120, has 55296 valid cells and 1378304 ghost cells
   Phase space box ((0,0,8,-24,0) (11,7,15,-19,11) (0,0,0,0,0)) is assigned to process 64, has 55296 valid cells and 1378304 ghost cells
   Phase space box ((0,24,8,-12,12) (11,31,15,-7,23) (0,0,0,0,0)) is assigned to process 122, has 55296 valid cells and 1378304 ghost cells
   Phase space box ((0,8,8,-24,0) (11,15,15,-19,11) (0,0,0,0,0)) is assigned to process 80, has 55296 valid cells and 1378304 ghost cells
   Phase space box ((0,16,0,-24,0) (11,23,7,-19,11) (0,0,0,0,0)) is assigned to process 32, has 55296 valid cells and 1378304 ghost cells
   Phase space box ((0,16,0,-12,0) (11,23,7,-7,11) (0,0,0,0,0)) is assigned to process 34, has 55296 valid cells and 1378304 ghost cells
   Phase space box ((0,24,8,0,12) (11,31,15,5,23) (0,0,0,0,0)) is assigned to process 124, has 55296 valid cells and 1378304 ghost cells
   Phase space box ((0,16,0,12,0) (11,23,7,17,11) (0,0,0,0,0)) is assigned to process 38, has 55296 valid cells and 1378304 ghost cells
   Phase space box ((0,24,8,12,12) (11,31,15,17,23) (0,0,0,0,0)) is assigned to process 126, has 55296 valid cells and 1378304 ghost cells
   Phase space box ((0,0,8,0,0) (11,7,15,5,11) (0,0,0,0,0)) is assigned to process 68, has 55296 valid cells and 1378304 ghost cells
   Phase space box ((0,16,0,0,0) (11,23,7,5,11) (0,0,0,0,0)) is assigned to process 36, has 55296 valid cells and 1378304 ghost cells
   Phase space box ((0,24,8,18,12) (11,31,15,23,23) (0,0,0,0,0)) is assigned to process 127, has 55296 valid cells and 1378304 ghost cells
   Phase space box ((0,0,8,0,12) (11,7,15,5,23) (0,0,0,0,0)) is assigned to process 76, has 55296 valid cells and 1378304 ghost cells
   Phase space box ((0,24,0,12,0) (11,31,7,17,11) (0,0,0,0,0)) is assigned to process 54, has 55296 valid cells and 1378304 ghost cells
   Phase space box ((0,16,8,-24,12) (11,23,15,-19,23) (0,0,0,0,0)) is assigned to process 104, has 55296 valid cells and 1378304 ghost cells
   Phase space box ((0,0,8,12,0) (11,7,15,17,11) (0,0,0,0,0)) is assigned to process 70, has 55296 valid cells and 1378304 ghost cells
   Phase space box ((0,8,0,-12,0) (11,15,7,-7,11) (0,0,0,0,0)) is assigned to process 18, has 55296 valid cells and 1378304 ghost cells
   Phase space box ((0,8,0,-24,12) (11,15,7,-19,23) (0,0,0,0,0)) is assigned to process 24, has 55296 valid cells and 1378304 ghost cells
   Phase space box ((0,8,0,12,12) (11,15,7,17,23) (0,0,0,0,0)) is assigned to process 30, has 55296 valid cells and 1378304 ghost cells
   Phase space box ((0,8,0,18,12) (11,15,7,23,23) (0,0,0,0,0)) is assigned to process 31, has 55296 valid cells and 1378304 ghost cells
   Phase space box ((0,0,0,-12,0) (11,7,7,-7,11) (0,0,0,0,0)) is assigned to process 2, has 55296 valid cells and 1378304 ghost cells
   Phase space box ((0,0,0,-6,0) (11,7,7,-1,11) (0,0,0,0,0)) is assigned to process 3, has 55296 valid cells and 1378304 ghost cells
   Phase space box ((0,0,0,0,0) (11,7,7,5,11) (0,0,0,0,0)) is assigned to process 4, has 55296 valid cells and 1378304 ghost cells
   Phase space box ((0,0,0,12,0) (11,7,7,17,11) (0,0,0,0,0)) is assigned to process 6, has 55296 valid cells and 1378304 ghost cells
   Phase space box ((0,0,0,18,0) (11,7,7,23,11) (0,0,0,0,0)) is assigned to process 7, has 55296 valid cells and 1378304 ghost cells
   Phase space box ((0,0,0,-24,12) (11,7,7,-19,23) (0,0,0,0,0)) is assigned to process 8, has 55296 valid cells and 1378304 ghost cells
   Phase space box ((0,0,0,-12,12) (11,7,7,-7,23) (0,0,0,0,0)) is assigned to process 10, has 55296 valid cells and 1378304 ghost cells
   Phase space box ((0,0,0,-6,12) (11,7,7,-1,23) (0,0,0,0,0)) is assigned to process 11, has 55296 valid cells and 1378304 ghost cells
   Phase space box ((0,0,0,12,12) (11,7,7,17,23) (0,0,0,0,0)) is assigned to process 14, has 55296 valid cells and 1378304 ghost cells
   Phase space box ((0,8,0,-24,0) (11,15,7,-19,11) (0,0,0,0,0)) is assigned to process 16, has 55296 valid cells and 1378304 ghost cells
   Phase space box ((0,8,0,-6,0) (11,15,7,-1,11) (0,0,0,0,0)) is assigned to process 19, has 55296 valid cells and 1378304 ghost cells
   Phase space box ((0,8,0,0,0) (11,15,7,5,11) (0,0,0,0,0)) is assigned to process 20, has 55296 valid cells and 1378304 ghost cells
   Phase space box ((0,8,0,12,0) (11,15,7,17,11) (0,0,0,0,0)) is assigned to process 22, has 55296 valid cells and 1378304 ghost cells
   Phase space box ((0,8,0,18,0) (11,15,7,23,11) (0,0,0,0,0)) is assigned to process 23, has 55296 valid cells and 1378304 ghost cells
   Phase space box ((0,8,0,-12,12) (11,15,7,-7,23) (0,0,0,0,0)) is assigned to process 26, has 55296 valid cells and 1378304 ghost cells
   Phase space box ((0,8,0,-6,12) (11,15,7,-1,23) (0,0,0,0,0)) is assigned to process 27, has 55296 valid cells and 1378304 ghost cells
   Phase space box ((0,8,0,0,12) (11,15,7,5,23) (0,0,0,0,0)) is assigned to process 28, has 55296 valid cells and 1378304 ghost cells
   Phase space box ((0,0,0,18,12) (11,7,7,23,23) (0,0,0,0,0)) is assigned to process 15, has 55296 valid cells and 1378304 ghost cells
   Phase space box ((0,0,0,-24,0) (11,7,7,-19,11) (0,0,0,0,0)) is assigned to process 0, has 55296 valid cells and 1378304 ghost cells
   Phase space box ((0,16,8,-18,0) (11,23,15,-13,11) (0,0,0,0,0)) is assigned to process 97, has 55296 valid cells and 1378304 ghost cells
   Phase space box ((0,0,8,6,12) (11,7,15,11,23) (0,0,0,0,0)) is assigned to process 77, has 55296 valid cells and 1378304 ghost cells
   Phase space box ((0,24,0,-18,0) (11,31,7,-13,11) (0,0,0,0,0)) is assigned to process 49, has 55296 valid cells and 1378304 ghost cells
   Phase space box ((0,16,8,6,0) (11,23,15,11,11) (0,0,0,0,0)) is assigned to process 101, has 55296 valid cells and 1378304 ghost cells
   Phase space box ((0,8,8,-18,0) (11,15,15,-13,11) (0,0,0,0,0)) is assigned to process 81, has 55296 valid cells and 1378304 ghost cells
   Phase space box ((0,24,0,6,0) (11,31,7,11,11) (0,0,0,0,0)) is assigned to process 53, has 55296 valid cells and 1378304 ghost cells
   Phase space box ((0,24,8,6,12) (11,31,15,11,23) (0,0,0,0,0)) is assigned to process 125, has 55296 valid cells and 1378304 ghost cells
   Phase space box ((0,24,0,6,12) (11,31,7,11,23) (0,0,0,0,0)) is assigned to process 61, has 55296 valid cells and 1378304 ghost cells
   Phase space box ((0,24,8,6,0) (11,31,15,11,11) (0,0,0,0,0)) is assigned to process 117, has 55296 valid cells and 1378304 ghost cells
   Phase space box ((0,8,8,6,0) (11,15,15,11,11) (0,0,0,0,0)) is assigned to process 85, has 55296 valid cells and 1378304 ghost cells
   Phase space box ((0,8,8,6,12) (11,15,15,11,23) (0,0,0,0,0)) is assigned to process 93, has 55296 valid cells and 1378304 ghost cells
   Phase space box ((0,24,0,-18,12) (11,31,7,-13,23) (0,0,0,0,0)) is assigned to process 57, has 55296 valid cells and 1378304 ghost cells
   Phase space box ((0,24,8,-18,12) (11,31,15,-13,23) (0,0,0,0,0)) is assigned to process 121, has 55296 valid cells and 1378304 ghost cells
   Phase space box ((0,0,8,-18,0) (11,7,15,-13,11) (0,0,0,0,0)) is assigned to process 65, has 55296 valid cells and 1378304 ghost cells
   Phase space box ((0,16,0,6,0) (11,23,7,11,11) (0,0,0,0,0)) is assigned to process 37, has 55296 valid cells and 1378304 ghost cells
   Phase space box ((0,16,8,-18,12) (11,23,15,-13,23) (0,0,0,0,0)) is assigned to process 105, has 55296 valid cells and 1378304 ghost cells
   Phase space box ((0,16,8,6,12) (11,23,15,11,23) (0,0,0,0,0)) is assigned to process 109, has 55296 valid cells and 1378304 ghost cells
   Phase space box ((0,8,8,-18,12) (11,15,15,-13,23) (0,0,0,0,0)) is assigned to process 89, has 55296 valid cells and 1378304 ghost cells
   Phase space box ((0,16,0,-18,12) (11,23,7,-13,23) (0,0,0,0,0)) is assigned to process 41, has 55296 valid cells and 1378304 ghost cells
   Phase space box ((0,16,0,6,12) (11,23,7,11,23) (0,0,0,0,0)) is assigned to process 45, has 55296 valid cells and 1378304 ghost cells
   Phase space box ((0,24,8,-18,0) (11,31,15,-13,11) (0,0,0,0,0)) is assigned to process 113, has 55296 valid cells and 1378304 ghost cells
   Phase space box ((0,0,8,6,0) (11,7,15,11,11) (0,0,0,0,0)) is assigned to process 69, has 55296 valid cells and 1378304 ghost cells
   Phase space box ((0,0,8,-18,12) (11,7,15,-13,23) (0,0,0,0,0)) is assigned to process 73, has 55296 valid cells and 1378304 ghost cells
   Phase space box ((0,16,0,-18,0) (11,23,7,-13,11) (0,0,0,0,0)) is assigned to process 33, has 55296 valid cells and 1378304 ghost cells
   Phase space box ((0,0,0,-18,0) (11,7,7,-13,11) (0,0,0,0,0)) is assigned to process 1, has 55296 valid cells and 1378304 ghost cells
   Phase space box ((0,0,0,6,0) (11,7,7,11,11) (0,0,0,0,0)) is assigned to process 5, has 55296 valid cells and 1378304 ghost cells
   Phase space box ((0,0,0,-18,12) (11,7,7,-13,23) (0,0,0,0,0)) is assigned to process 9, has 55296 valid cells and 1378304 ghost cells
   Phase space box ((0,0,0,6,12) (11,7,7,11,23) (0,0,0,0,0)) is assigned to process 13, has 55296 valid cells and 1378304 ghost cells
   Phase space box ((0,8,0,-18,0) (11,15,7,-13,11) (0,0,0,0,0)) is assigned to process 17, has 55296 valid cells and 1378304 ghost cells
   Phase space box ((0,8,0,6,0) (11,15,7,11,11) (0,0,0,0,0)) is assigned to process 21, has 55296 valid cells and 1378304 ghost cells
   Phase space box ((0,8,0,-18,12) (11,15,7,-13,23) (0,0,0,0,0)) is assigned to process 25, has 55296 valid cells and 1378304 ghost cells
   Phase space box ((0,8,0,6,12) (11,15,7,11,23) (0,0,0,0,0)) is assigned to process 29, has 55296 valid cells and 1378304 ghost cells
Adding species and constructing gyrocenter coordinates...
   hydrogen: kinetic species with mass = 2, charge = 1
   electron: kinetic species with mass = 0.01, charge = -1
Done adding species and constructing coordinates
Adding fluid species...
Done adding confiration space variables
Adding configuration space field variables...
Done adding configuration space variables

SlabPotentialBC ================================
- variable: potential-------------
  radial_lower: 
     bc_type  = 0
     bc_value = 0
  radial_upper: 
     bc_type  = 0
     bc_value = 0
  poloidal_lower: 
     bc_type  = 1
     bc_value = 0
  poloidal_upper: 
     bc_type  = 1
     bc_value = 0
  toroidal_lower: 
     bc_type  = 1
     bc_value = 0
  toroidal_upper: 
     bc_type  = 1
     bc_value = 0
-----------------------------------------------
===============================================

Grid Function Library =========================

"Ion_vpar_grid_func":
Constant grid function parameters:
  value: 0

"N0_grid_func":
Arbitrary grid function parameters:
  function: exp(-x/(0.4*2.0*pi))*(1.0+0.00000001*sin(1*y+1*z)*sin(x/2.0))
  translated form: exp(-x'/(0.4*2.0*pi'))*(1.0+0.00000001*sin(1*y'+1*z')*sin(x'/2.0))
  postfix form: {x'[0.000000000000000e+00]}{-:}{0.4}{2.0}{*}{PI'}{*}{/}{exp}{1.0}{0.00000001}{1}{y'[0.000000000000000e+00]}{*}{1}{z'[0.000000000000000e+00]}{*}{+}{sin}{*}{x'[0.000000000000000e+00]}{2.0}{/}{sin}{*}{+}{*}
  coordinate type: mapped

"T0_grid_func":
Constant grid function parameters:
  value: 1

"eN0_grid_func":
Arbitrary grid function parameters:
  function: (1.0+sin(x/2.0)*sin(x/2.0))*(1+0.001*cos(2*y))
  translated form: (1.0+sin(x'/2.0)*sin(x'/2.0))*(1+0.001*cos(2*y'))
  postfix form: {1.0}{x'[0.000000000000000e+00]}{2.0}{/}{sin}{x'[0.000000000000000e+00]}{2.0}{/}{sin}{*}{+}{1}{0.001}{2}{y'[0.000000000000000e+00]}{*}{cos}{*}{+}{*}
  coordinate type: mapped

"eT0_grid_func":
Constant grid function parameters:
  value: 1

"ele_vpar_grid_func":
Constant grid function parameters:
  value: 0

"zero_grid_func":
Constant grid function parameters:
  value: 0

===============================================

Kinetic Function Library =========================

"maxwellian_electron_phase_func":
Maxwellian kinetic function parameters:
-- Density --
Arbitrary grid function parameters:
  function: exp(-x/(0.4*2.0*pi))*(1.0+0.00000001*sin(1*y+1*z)*sin(x/2.0))
  translated form: exp(-x'/(0.4*2.0*pi'))*(1.0+0.00000001*sin(1*y'+1*z')*sin(x'/2.0))
  postfix form: {x'[0.000000000000000e+00]}{-:}{0.4}{2.0}{*}{PI'}{*}{/}{exp}{1.0}{0.00000001}{1}{y'[0.000000000000000e+00]}{*}{1}{z'[0.000000000000000e+00]}{*}{+}{sin}{*}{x'[0.000000000000000e+00]}{2.0}{/}{sin}{*}{+}{*}
  coordinate type: mapped

-- Temperature --
Constant grid function parameters:
  value: 1

-- Vparallel --
Constant grid function parameters:
  value: 0


"maxwellian_phase_func":
Maxwellian kinetic function parameters:
-- Density --
Arbitrary grid function parameters:
  function: exp(-x/(0.4*2.0*pi))*(1.0+0.00000001*sin(1*y+1*z)*sin(x/2.0))
  translated form: exp(-x'/(0.4*2.0*pi'))*(1.0+0.00000001*sin(1*y'+1*z')*sin(x'/2.0))
  postfix form: {x'[0.000000000000000e+00]}{-:}{0.4}{2.0}{*}{PI'}{*}{/}{exp}{1.0}{0.00000001}{1}{y'[0.000000000000000e+00]}{*}{1}{z'[0.000000000000000e+00]}{*}{+}{sin}{*}{x'[0.000000000000000e+00]}{2.0}{/}{sin}{*}{+}{*}
  coordinate type: mapped

-- Temperature --
Constant grid function parameters:
  value: 1

-- Vparallel --
Constant grid function parameters:
  value: 0


==================================================

SlabPhaseBC ================================
- variable: hydrogen-------------
  radial_lower: 
Maxwellian kinetic function parameters:
-- Density --
Arbitrary grid function parameters:
  function: exp(-x/(0.4*2.0*pi))*(1.0+0.00000001*sin(1*y+1*z)*sin(x/2.0))
  translated form: exp(-x'/(0.4*2.0*pi'))*(1.0+0.00000001*sin(1*y'+1*z')*sin(x'/2.0))
  postfix form: {x'[0.000000000000000e+00]}{-:}{0.4}{2.0}{*}{PI'}{*}{/}{exp}{1.0}{0.00000001}{1}{y'[0.000000000000000e+00]}{*}{1}{z'[0.000000000000000e+00]}{*}{+}{sin}{*}{x'[0.000000000000000e+00]}{2.0}{/}{sin}{*}{+}{*}
  coordinate type: mapped

-- Temperature --
Constant grid function parameters:
  value: 1

-- Vparallel --
Constant grid function parameters:
  value: 0


  radial_upper: 
Maxwellian kinetic function parameters:
-- Density --
Arbitrary grid function parameters:
  function: exp(-x/(0.4*2.0*pi))*(1.0+0.00000001*sin(1*y+1*z)*sin(x/2.0))
  translated form: exp(-x'/(0.4*2.0*pi'))*(1.0+0.00000001*sin(1*y'+1*z')*sin(x'/2.0))
  postfix form: {x'[0.000000000000000e+00]}{-:}{0.4}{2.0}{*}{PI'}{*}{/}{exp}{1.0}{0.00000001}{1}{y'[0.000000000000000e+00]}{*}{1}{z'[0.000000000000000e+00]}{*}{+}{sin}{*}{x'[0.000000000000000e+00]}{2.0}{/}{sin}{*}{+}{*}
  coordinate type: mapped

-- Temperature --
Constant grid function parameters:
  value: 1

-- Vparallel --
Constant grid function parameters:
  value: 0


  poloidal_lower: 
Maxwellian kinetic function parameters:
-- Density --
Arbitrary grid function parameters:
  function: exp(-x/(0.4*2.0*pi))*(1.0+0.00000001*sin(1*y+1*z)*sin(x/2.0))
  translated form: exp(-x'/(0.4*2.0*pi'))*(1.0+0.00000001*sin(1*y'+1*z')*sin(x'/2.0))
  postfix form: {x'[0.000000000000000e+00]}{-:}{0.4}{2.0}{*}{PI'}{*}{/}{exp}{1.0}{0.00000001}{1}{y'[0.000000000000000e+00]}{*}{1}{z'[0.000000000000000e+00]}{*}{+}{sin}{*}{x'[0.000000000000000e+00]}{2.0}{/}{sin}{*}{+}{*}
  coordinate type: mapped

-- Temperature --
Constant grid function parameters:
  value: 1

-- Vparallel --
Constant grid function parameters:
  value: 0


  poloidal_upper: 
Maxwellian kinetic function parameters:
-- Density --
Arbitrary grid function parameters:
  function: exp(-x/(0.4*2.0*pi))*(1.0+0.00000001*sin(1*y+1*z)*sin(x/2.0))
  translated form: exp(-x'/(0.4*2.0*pi'))*(1.0+0.00000001*sin(1*y'+1*z')*sin(x'/2.0))
  postfix form: {x'[0.000000000000000e+00]}{-:}{0.4}{2.0}{*}{PI'}{*}{/}{exp}{1.0}{0.00000001}{1}{y'[0.000000000000000e+00]}{*}{1}{z'[0.000000000000000e+00]}{*}{+}{sin}{*}{x'[0.000000000000000e+00]}{2.0}{/}{sin}{*}{+}{*}
  coordinate type: mapped

-- Temperature --
Constant grid function parameters:
  value: 1

-- Vparallel --
Constant grid function parameters:
  value: 0


  toroidal_lower: 
Maxwellian kinetic function parameters:
-- Density --
Arbitrary grid function parameters:
  function: exp(-x/(0.4*2.0*pi))*(1.0+0.00000001*sin(1*y+1*z)*sin(x/2.0))
  translated form: exp(-x'/(0.4*2.0*pi'))*(1.0+0.00000001*sin(1*y'+1*z')*sin(x'/2.0))
  postfix form: {x'[0.000000000000000e+00]}{-:}{0.4}{2.0}{*}{PI'}{*}{/}{exp}{1.0}{0.00000001}{1}{y'[0.000000000000000e+00]}{*}{1}{z'[0.000000000000000e+00]}{*}{+}{sin}{*}{x'[0.000000000000000e+00]}{2.0}{/}{sin}{*}{+}{*}
  coordinate type: mapped

-- Temperature --
Constant grid function parameters:
  value: 1

-- Vparallel --
Constant grid function parameters:
  value: 0


  toroidal_upper: 
Maxwellian kinetic function parameters:
-- Density --
Arbitrary grid function parameters:
  function: exp(-x/(0.4*2.0*pi))*(1.0+0.00000001*sin(1*y+1*z)*sin(x/2.0))
  translated form: exp(-x'/(0.4*2.0*pi'))*(1.0+0.00000001*sin(1*y'+1*z')*sin(x'/2.0))
  postfix form: {x'[0.000000000000000e+00]}{-:}{0.4}{2.0}{*}{PI'}{*}{/}{exp}{1.0}{0.00000001}{1}{y'[0.000000000000000e+00]}{*}{1}{z'[0.000000000000000e+00]}{*}{+}{sin}{*}{x'[0.000000000000000e+00]}{2.0}{/}{sin}{*}{+}{*}
  coordinate type: mapped

-- Temperature --
Constant grid function parameters:
  value: 1

-- Vparallel --
Constant grid function parameters:
  value: 0


  vpar_lower: 
Maxwellian kinetic function parameters:
-- Density --
Arbitrary grid function parameters:
  function: exp(-x/(0.4*2.0*pi))*(1.0+0.00000001*sin(1*y+1*z)*sin(x/2.0))
  translated form: exp(-x'/(0.4*2.0*pi'))*(1.0+0.00000001*sin(1*y'+1*z')*sin(x'/2.0))
  postfix form: {x'[0.000000000000000e+00]}{-:}{0.4}{2.0}{*}{PI'}{*}{/}{exp}{1.0}{0.00000001}{1}{y'[0.000000000000000e+00]}{*}{1}{z'[0.000000000000000e+00]}{*}{+}{sin}{*}{x'[0.000000000000000e+00]}{2.0}{/}{sin}{*}{+}{*}
  coordinate type: mapped

-- Temperature --
Constant grid function parameters:
  value: 1

-- Vparallel --
Constant grid function parameters:
  value: 0


  vpar_upper: 
Maxwellian kinetic function parameters:
-- Density --
Arbitrary grid function parameters:
  function: exp(-x/(0.4*2.0*pi))*(1.0+0.00000001*sin(1*y+1*z)*sin(x/2.0))
  translated form: exp(-x'/(0.4*2.0*pi'))*(1.0+0.00000001*sin(1*y'+1*z')*sin(x'/2.0))
  postfix form: {x'[0.000000000000000e+00]}{-:}{0.4}{2.0}{*}{PI'}{*}{/}{exp}{1.0}{0.00000001}{1}{y'[0.000000000000000e+00]}{*}{1}{z'[0.000000000000000e+00]}{*}{+}{sin}{*}{x'[0.000000000000000e+00]}{2.0}{/}{sin}{*}{+}{*}
  coordinate type: mapped

-- Temperature --
Constant grid function parameters:
  value: 1

-- Vparallel --
Constant grid function parameters:
  value: 0


  mu_lower: 
Maxwellian kinetic function parameters:
-- Density --
Arbitrary grid function parameters:
  function: exp(-x/(0.4*2.0*pi))*(1.0+0.00000001*sin(1*y+1*z)*sin(x/2.0))
  translated form: exp(-x'/(0.4*2.0*pi'))*(1.0+0.00000001*sin(1*y'+1*z')*sin(x'/2.0))
  postfix form: {x'[0.000000000000000e+00]}{-:}{0.4}{2.0}{*}{PI'}{*}{/}{exp}{1.0}{0.00000001}{1}{y'[0.000000000000000e+00]}{*}{1}{z'[0.000000000000000e+00]}{*}{+}{sin}{*}{x'[0.000000000000000e+00]}{2.0}{/}{sin}{*}{+}{*}
  coordinate type: mapped

-- Temperature --
Constant grid function parameters:
  value: 1

-- Vparallel --
Constant grid function parameters:
  value: 0


  mu_upper: 
Maxwellian kinetic function parameters:
-- Density --
Arbitrary grid function parameters:
  function: exp(-x/(0.4*2.0*pi))*(1.0+0.00000001*sin(1*y+1*z)*sin(x/2.0))
  translated form: exp(-x'/(0.4*2.0*pi'))*(1.0+0.00000001*sin(1*y'+1*z')*sin(x'/2.0))
  postfix form: {x'[0.000000000000000e+00]}{-:}{0.4}{2.0}{*}{PI'}{*}{/}{exp}{1.0}{0.00000001}{1}{y'[0.000000000000000e+00]}{*}{1}{z'[0.000000000000000e+00]}{*}{+}{sin}{*}{x'[0.000000000000000e+00]}{2.0}{/}{sin}{*}{+}{*}
  coordinate type: mapped

-- Temperature --
Constant grid function parameters:
  value: 1

-- Vparallel --
Constant grid function parameters:
  value: 0


  logical_sheath  =  0
-----------------------------------------------
===============================================

SlabPhaseBC ================================
- variable: electron-------------
  radial_lower: 
Maxwellian kinetic function parameters:
-- Density --
Arbitrary grid function parameters:
  function: exp(-x/(0.4*2.0*pi))*(1.0+0.00000001*sin(1*y+1*z)*sin(x/2.0))
  translated form: exp(-x'/(0.4*2.0*pi'))*(1.0+0.00000001*sin(1*y'+1*z')*sin(x'/2.0))
  postfix form: {x'[0.000000000000000e+00]}{-:}{0.4}{2.0}{*}{PI'}{*}{/}{exp}{1.0}{0.00000001}{1}{y'[0.000000000000000e+00]}{*}{1}{z'[0.000000000000000e+00]}{*}{+}{sin}{*}{x'[0.000000000000000e+00]}{2.0}{/}{sin}{*}{+}{*}
  coordinate type: mapped

-- Temperature --
Constant grid function parameters:
  value: 1

-- Vparallel --
Constant grid function parameters:
  value: 0


  radial_upper: 
Maxwellian kinetic function parameters:
-- Density --
Arbitrary grid function parameters:
  function: exp(-x/(0.4*2.0*pi))*(1.0+0.00000001*sin(1*y+1*z)*sin(x/2.0))
  translated form: exp(-x'/(0.4*2.0*pi'))*(1.0+0.00000001*sin(1*y'+1*z')*sin(x'/2.0))
  postfix form: {x'[0.000000000000000e+00]}{-:}{0.4}{2.0}{*}{PI'}{*}{/}{exp}{1.0}{0.00000001}{1}{y'[0.000000000000000e+00]}{*}{1}{z'[0.000000000000000e+00]}{*}{+}{sin}{*}{x'[0.000000000000000e+00]}{2.0}{/}{sin}{*}{+}{*}
  coordinate type: mapped

-- Temperature --
Constant grid function parameters:
  value: 1

-- Vparallel --
Constant grid function parameters:
  value: 0


  poloidal_lower: 
Maxwellian kinetic function parameters:
-- Density --
Arbitrary grid function parameters:
  function: exp(-x/(0.4*2.0*pi))*(1.0+0.00000001*sin(1*y+1*z)*sin(x/2.0))
  translated form: exp(-x'/(0.4*2.0*pi'))*(1.0+0.00000001*sin(1*y'+1*z')*sin(x'/2.0))
  postfix form: {x'[0.000000000000000e+00]}{-:}{0.4}{2.0}{*}{PI'}{*}{/}{exp}{1.0}{0.00000001}{1}{y'[0.000000000000000e+00]}{*}{1}{z'[0.000000000000000e+00]}{*}{+}{sin}{*}{x'[0.000000000000000e+00]}{2.0}{/}{sin}{*}{+}{*}
  coordinate type: mapped

-- Temperature --
Constant grid function parameters:
  value: 1

-- Vparallel --
Constant grid function parameters:
  value: 0


  poloidal_upper: 
Maxwellian kinetic function parameters:
-- Density --
Arbitrary grid function parameters:
  function: exp(-x/(0.4*2.0*pi))*(1.0+0.00000001*sin(1*y+1*z)*sin(x/2.0))
  translated form: exp(-x'/(0.4*2.0*pi'))*(1.0+0.00000001*sin(1*y'+1*z')*sin(x'/2.0))
  postfix form: {x'[0.000000000000000e+00]}{-:}{0.4}{2.0}{*}{PI'}{*}{/}{exp}{1.0}{0.00000001}{1}{y'[0.000000000000000e+00]}{*}{1}{z'[0.000000000000000e+00]}{*}{+}{sin}{*}{x'[0.000000000000000e+00]}{2.0}{/}{sin}{*}{+}{*}
  coordinate type: mapped

-- Temperature --
Constant grid function parameters:
  value: 1

-- Vparallel --
Constant grid function parameters:
  value: 0


  toroidal_lower: 
Maxwellian kinetic function parameters:
-- Density --
Arbitrary grid function parameters:
  function: exp(-x/(0.4*2.0*pi))*(1.0+0.00000001*sin(1*y+1*z)*sin(x/2.0))
  translated form: exp(-x'/(0.4*2.0*pi'))*(1.0+0.00000001*sin(1*y'+1*z')*sin(x'/2.0))
  postfix form: {x'[0.000000000000000e+00]}{-:}{0.4}{2.0}{*}{PI'}{*}{/}{exp}{1.0}{0.00000001}{1}{y'[0.000000000000000e+00]}{*}{1}{z'[0.000000000000000e+00]}{*}{+}{sin}{*}{x'[0.000000000000000e+00]}{2.0}{/}{sin}{*}{+}{*}
  coordinate type: mapped

-- Temperature --
Constant grid function parameters:
  value: 1

-- Vparallel --
Constant grid function parameters:
  value: 0


  toroidal_upper: 
Maxwellian kinetic function parameters:
-- Density --
Arbitrary grid function parameters:
  function: exp(-x/(0.4*2.0*pi))*(1.0+0.00000001*sin(1*y+1*z)*sin(x/2.0))
  translated form: exp(-x'/(0.4*2.0*pi'))*(1.0+0.00000001*sin(1*y'+1*z')*sin(x'/2.0))
  postfix form: {x'[0.000000000000000e+00]}{-:}{0.4}{2.0}{*}{PI'}{*}{/}{exp}{1.0}{0.00000001}{1}{y'[0.000000000000000e+00]}{*}{1}{z'[0.000000000000000e+00]}{*}{+}{sin}{*}{x'[0.000000000000000e+00]}{2.0}{/}{sin}{*}{+}{*}
  coordinate type: mapped

-- Temperature --
Constant grid function parameters:
  value: 1

-- Vparallel --
Constant grid function parameters:
  value: 0


  vpar_lower: 
Maxwellian kinetic function parameters:
-- Density --
Arbitrary grid function parameters:
  function: exp(-x/(0.4*2.0*pi))*(1.0+0.00000001*sin(1*y+1*z)*sin(x/2.0))
  translated form: exp(-x'/(0.4*2.0*pi'))*(1.0+0.00000001*sin(1*y'+1*z')*sin(x'/2.0))
  postfix form: {x'[0.000000000000000e+00]}{-:}{0.4}{2.0}{*}{PI'}{*}{/}{exp}{1.0}{0.00000001}{1}{y'[0.000000000000000e+00]}{*}{1}{z'[0.000000000000000e+00]}{*}{+}{sin}{*}{x'[0.000000000000000e+00]}{2.0}{/}{sin}{*}{+}{*}
  coordinate type: mapped

-- Temperature --
Constant grid function parameters:
  value: 1

-- Vparallel --
Constant grid function parameters:
  value: 0


  vpar_upper: 
Maxwellian kinetic function parameters:
-- Density --
Arbitrary grid function parameters:
  function: exp(-x/(0.4*2.0*pi))*(1.0+0.00000001*sin(1*y+1*z)*sin(x/2.0))
  translated form: exp(-x'/(0.4*2.0*pi'))*(1.0+0.00000001*sin(1*y'+1*z')*sin(x'/2.0))
  postfix form: {x'[0.000000000000000e+00]}{-:}{0.4}{2.0}{*}{PI'}{*}{/}{exp}{1.0}{0.00000001}{1}{y'[0.000000000000000e+00]}{*}{1}{z'[0.000000000000000e+00]}{*}{+}{sin}{*}{x'[0.000000000000000e+00]}{2.0}{/}{sin}{*}{+}{*}
  coordinate type: mapped

-- Temperature --
Constant grid function parameters:
  value: 1

-- Vparallel --
Constant grid function parameters:
  value: 0


  mu_lower: 
Maxwellian kinetic function parameters:
-- Density --
Arbitrary grid function parameters:
  function: exp(-x/(0.4*2.0*pi))*(1.0+0.00000001*sin(1*y+1*z)*sin(x/2.0))
  translated form: exp(-x'/(0.4*2.0*pi'))*(1.0+0.00000001*sin(1*y'+1*z')*sin(x'/2.0))
  postfix form: {x'[0.000000000000000e+00]}{-:}{0.4}{2.0}{*}{PI'}{*}{/}{exp}{1.0}{0.00000001}{1}{y'[0.000000000000000e+00]}{*}{1}{z'[0.000000000000000e+00]}{*}{+}{sin}{*}{x'[0.000000000000000e+00]}{2.0}{/}{sin}{*}{+}{*}
  coordinate type: mapped

-- Temperature --
Constant grid function parameters:
  value: 1

-- Vparallel --
Constant grid function parameters:
  value: 0


  mu_upper: 
Maxwellian kinetic function parameters:
-- Density --
Arbitrary grid function parameters:
  function: exp(-x/(0.4*2.0*pi))*(1.0+0.00000001*sin(1*y+1*z)*sin(x/2.0))
  translated form: exp(-x'/(0.4*2.0*pi'))*(1.0+0.00000001*sin(1*y'+1*z')*sin(x'/2.0))
  postfix form: {x'[0.000000000000000e+00]}{-:}{0.4}{2.0}{*}{PI'}{*}{/}{exp}{1.0}{0.00000001}{1}{y'[0.000000000000000e+00]}{*}{1}{z'[0.000000000000000e+00]}{*}{+}{sin}{*}{x'[0.000000000000000e+00]}{2.0}{/}{sin}{*}{+}{*}
  coordinate type: mapped

-- Temperature --
Constant grid function parameters:
  value: 1

-- Vparallel --
Constant grid function parameters:
  value: 0


  logical_sheath  =  0
-----------------------------------------------
===============================================
No collision model specified for hydrogen.
Collision model for 0	hydrogen:	None
No collision model specified for electron.
Collision model for 1	electron:	None
Time integration method: rk (4)
      BiCGStab converged successfully
  Distribution Function Extrema:
    Species 0:	3.46061e-05 [max]	5.21327e-12 [min]
    Species 1:	1.22351e-08 [max]	1.84317e-15 [min]


Step 1
      BiCGStab converged successfully
Vlasov operator time step (0.1748) was limited by the velocity at (X,Y,Z,vparallel,mu) = (0.0766667,0.006625,5.3125,-3.91667,3.08333) and mapped coordinate = (11,26,8,-24,18)
The (toroidal) direction makes the largest contribution to the stable dt reciprocal at that point
Vlasov operator time step (0.0123602) was limited by the velocity at (X,Y,Z,vparallel,mu) = (0.0766667,0.006625,5.3125,-3.91667,3.08333) and mapped coordinate = (11,26,8,-24,18)
The (toroidal) direction makes the largest contribution to the stable dt reciprocal at that point

m_num_cells[i]=12
m_num_cells[i]=32
m_num_cells[i]=16
m_num_cells[i]=48
m_num_cells[i]=24
dx*nx= 0.523599 * 12 = 6.28319, dx(m)*nx= 0.00666667 * 12 = 0.08, ( 1 : 0.0127324 )
dy*ny= 0.19635 * 32 = 6.28319, dy(m)*ny= 0.00025 * 32 = 0.008, ( 1 : 0.00127324 )
dz*nz= 0.392699 * 16 = 6.28319, dz(m)*nz= 0.625 * 16 = 10, ( 1 : 1.59155 )
dvpar*nvpar= 0.166667 * 24 = 4, dv_parallel(m/s)*nvpar= 32623.8 * 24 = 782972, ( 1 : 2038.99 )
 [hydrogen] mass = 2
  dvpar*nvpar= 0.166667 * 24 = 4, dv_parallel(m/s)*nvpar= 23068.5 * 24 = 553645, ( 1 : 138411 )
 [electron] mass = 0.01
  dvpar*nvpar= 0.166667 * 24 = 4, dv_parallel(m/s)*nvpar= 326238 * 24 = 7.82972e+06, ( 1 : 1.95743e+06 )
dmu*nmu= 0.166667 * 24 = 2, dmu(J/T)*nmu= 5.34059e-18 * 24 = 1.28174e-16, ( 1 : 1.33515e-18 )

Estimated dt
unit_dimension_length [hydrogen]=1
unit_dimension_speed  [hydrogen]=195743
unit_dimension_time   [hydrogen]=5.10874e-06
[hydrogen] maxvel:phy_maxvel[0]=2.95029e-16:5.77499e-11(1:195743)
[hydrogen] maxvel:phy_maxvel[1]=1.38323e-15:2.70757e-10(1:195743)
[hydrogen] maxvel:phy_maxvel[2]=2.7695:542111(1:195743)
[hydrogen] maxvel:phy_maxvel[3]=5.06999e-15:0.000194259(1:3.83153e+10)
[hydrogen] maxvel:phy_maxvel[4]=0:0(1:-nan)

dt_zpar(s)[hydrogen]=dz(m)/vparmax_z(m/s)[hydrogen]=0.625/553645=1.12888e-06
dt_zpar(-)[hydrogen]=0.220971
dt_ypar(s)[hydrogen]=dy(m)/vparmax_y(m/s)[hydrogen]=0.00025/0=inf
dt_ypar(-)[hydrogen]=inf
dt_z(s)[hydrogen]=dz(m)/vmax_z(m/s)[hydrogen]=0.625/542111=1.1529e-06
dt_z(-)[hydrogen]=0.225672
dt_y(s)[hydrogen]=dy(m)/vmax_y(m/s)[hydrogen]=0.00025/2.70757e-10=923338
dt_y(-)[hydrogen]=1.80737e+11
dt_x(s)[hydrogen]=dx(m)/vmax_x(m/s)[hydrogen]=0.00666667/5.77499e-11=1.1544e+08
dt_x(-)[hydrogen]=2.25966e+13
dt_vpar(s)[hydrogen]=dvpar(m/s)/vmax_vpar(m/s/s)[hydrogen]=32623.8/0.000194259=1.6794e+08
dt_vpar(-)[hydrogen]=3.28731e+13

unit_dimension_length [electron]=1
unit_dimension_speed  [electron]=195743
unit_dimension_time   [electron]=5.10874e-06
[electron] maxvel:phy_maxvel[0]=2.95029e-16:5.77499e-11(1:195743)
[electron] maxvel:phy_maxvel[1]=1.38323e-15:2.70757e-10(1:195743)
[electron] maxvel:phy_maxvel[2]=39.1667:7.6666e+06(1:195743)
[electron] maxvel:phy_maxvel[3]=7.17005e-14:0.00274723(1:3.83153e+10)
[electron] maxvel:phy_maxvel[4]=0:0(1:-nan)

dt_zpar(s)[electron]=dz(m)/vparmax_z(m/s)[electron]=0.625/7.82972e+06=7.9824e-08
dt_zpar(-)[electron]=0.015625
dt_ypar(s)[electron]=dy(m)/vparmax_y(m/s)[electron]=0.00025/0=inf
dt_ypar(-)[electron]=inf
dt_z(s)[electron]=dz(m)/vmax_z(m/s)[electron]=0.625/7.6666e+06=8.15224e-08
dt_z(-)[electron]=0.0159574
dt_y(s)[electron]=dy(m)/vmax_y(m/s)[electron]=0.00025/2.70757e-10=923338
dt_y(-)[electron]=1.80737e+11
dt_x(s)[electron]=dx(m)/vmax_x(m/s)[electron]=0.00666667/5.77499e-11=1.1544e+08
dt_x(-)[electron]=2.25966e+13
dt_vpar(s)[electron]=dvpar(m/s)/vmax_vpar(m/s/s)[electron]=32623.8/0.00274723=1.18752e+07
dt_vpar(-)[electron]=2.32448e+12

kz = 0.15708 ~ 2.51327
ky = 196.35 ~ 6283.19
kx = 19.635 ~ 235.619
kpar  = 0.15708 ~ 2.51327
kperp = 197.329 ~ 6287.6
rhos = 0.00963313
rhos * ky    = 1.89146 ~ 60.5267
rhos * kx    = 0.189146 ~ 2.26975
rhos * kperp = 1.90089 ~ 60.5693
omega_ea(1/s) = 50763.8 ~ 2.58802e+07
omega_ea(-)   = 0.259339 ~ 132.215
delta_t_omega_ea (s) = 2.42779e-07 ~ 0.000123773
delta_t_omega_ea (-) = 0.0475224 ~ 24.2277

      BiCGStab converged successfully
      BiCGStab converged successfully
      BiCGStab converged successfully
num_cells = 12 32 16 48 24 
is_periodic = 0 1 1 0 0 
configuration_decomposition = 1 4 2 
velocity_decomposition = 8 2 
phase_decomposition = 1 4 2 8 2 
enforce_positivity = 0
enforce_positivity_type = stage
  ----
  dt: 0.0111242
    Vlasov    : 0.0159574 (time scale), 0.697117 (CFL)
    Collisions: 1.79769e+308 (time scale), 6.18804e-311 (CFL)
    ES_Alfven : 0.0475224 (time scale), 0.234083 (CFL)
  ----
  Distribution Function Extrema:
    Species 0:	3.46061e-05 [max]	5.21327e-12 [min]
    Species 1:	1.22351e-08 [max]	1.84317e-15 [min]

Step 1 completed, simulation time is 0.0111242, solver wall time is 62.9475 seconds
----

Step 2
      BiCGStab converged successfully
Vlasov operator time step (0.1748) was limited by the velocity at (X,Y,Z,vparallel,mu) = (0.0766667,0.001375,0.9375,-3.91667,3.08333) and mapped coordinate = (11,5,1,-24,18)
The (toroidal) direction makes the largest contribution to the stable dt reciprocal at that point
Vlasov operator time step (0.0123602) was limited by the velocity at (X,Y,Z,vparallel,mu) = (0.0366667,0.004625,9.0625,-3.91667,3.08333) and mapped coordinate = (5,18,14,-24,18)
The (toroidal) direction makes the largest contribution to the stable dt reciprocal at that point
      BiCGStab converged successfully
      BiCGStab converged successfully
      BiCGStab converged successfully
num_cells = 12 32 16 48 24 
is_periodic = 0 1 1 0 0 
configuration_decomposition = 1 4 2 
velocity_decomposition = 8 2 
phase_decomposition = 1 4 2 8 2 
enforce_positivity = 0
enforce_positivity_type = stage
  ----
  dt: 0.0111242
    Vlasov    : 0.0159574 (time scale), 0.697117 (CFL)
    Collisions: 1.79769e+308 (time scale), 6.18804e-311 (CFL)
    ES_Alfven : 0.0475224 (time scale), 0.234083 (CFL)
  ----
  Distribution Function Extrema:
    Species 0:	3.46061e-05 [max]	5.21327e-12 [min]
    Species 1:	1.22351e-08 [max]	1.84317e-15 [min]

Step 2 completed, simulation time is 0.0222484, solver wall time is 129.34 seconds
----

Step 3
      BiCGStab converged successfully
Vlasov operator time step (0.1748) was limited by the velocity at (X,Y,Z,vparallel,mu) = (0.0766667,0.007625,2.8125,-3.91667,3.08333) and mapped coordinate = (11,30,4,-24,18)
The (toroidal) direction makes the largest contribution to the stable dt reciprocal at that point
Vlasov operator time step (0.0123602) was limited by the velocity at (X,Y,Z,vparallel,mu) = (0.0433333,0.001375,3.4375,-3.91667,3.08333) and mapped coordinate = (6,5,5,-24,18)
The (toroidal) direction makes the largest contribution to the stable dt reciprocal at that point
